#
# There is insufficient memory for the Java Runtime Environment to continue.
# Native memory allocation (malloc) failed to allocate 1156336 bytes for Chunk::new
# Possible reasons:
#   The system is out of physical RAM or swap space
#   The process is running with CompressedOops enabled, and the Java Heap may be blocking the growth of the native heap
# Possible solutions:
#   Reduce memory load on the system
#   Increase physical memory or swap space
#   Check if swap backing store is full
#   Decrease Java heap size (-Xmx/-Xms)
#   Decrease number of Java threads
#   Decrease Java thread stack sizes (-Xss)
#   Set larger code cache with -XX:ReservedCodeCacheSize=
#   JVM is running with Unscaled Compressed Oops mode in which the Java heap is
#     placed in the first 4GB address space. The Java Heap base address is the
#     maximum limit for the native heap growth. Please use -XX:HeapBaseMinAddress
#     to set the Java Heap base and to place the Java Heap above 4GB virtual address.
# This output file may be truncated or incomplete.
#
#  Out of Memory Error (arena.cpp:189), pid=18556, tid=15604
#
# JRE version: OpenJDK Runtime Environment (17.0.6) (build 17.0.6+0-b2043.56-9586694)
# Java VM: OpenJDK 64-Bit Server VM (17.0.6+0-b2043.56-9586694, mixed mode, tiered, compressed oops, compressed class ptrs, g1 gc, windows-amd64)
# No core dump will be written. Minidumps are not enabled by default on client versions of Windows
#

---------------  S U M M A R Y ------------

Command Line: --add-opens=java.base/java.util=ALL-UNNAMED --add-opens=java.base/java.lang=ALL-UNNAMED --add-opens=java.base/java.lang.invoke=ALL-UNNAMED --add-opens=java.prefs/java.util.prefs=ALL-UNNAMED --add-opens=java.base/java.nio.charset=ALL-UNNAMED --add-opens=java.base/java.net=ALL-UNNAMED --add-opens=java.base/java.util.concurrent.atomic=ALL-UNNAMED -Xmx2048m -Dfile.encoding=UTF-8 -Duser.country=US -Duser.language=en -Duser.variant org.gradle.launcher.daemon.bootstrap.GradleDaemon 8.0

Host: Intel(R) Core(TM) i5-1035G1 CPU @ 1.00GHz, 8 cores, 7G,  Windows 10 , 64 bit Build 19041 (10.0.19041.3570)
Time: Sun Nov 12 14:52:14 2023 SE Asia Standard Time elapsed time: 3.765413 seconds (0d 0h 0m 3s)

---------------  T H R E A D  ---------------

Current thread (0x000002b07dbd2aa0):  JavaThread "C2 CompilerThread1" daemon [_thread_in_native, id=15604, stack(0x000000c168300000,0x000000c168400000)]


Current CompileTask:
C2:   3765 3066  s!   4       jdk.internal.loader.URLClassPath::getLoader (194 bytes)

Stack: [0x000000c168300000,0x000000c168400000]
Native frames: (J=compiled Java code, j=interpreted, Vv=VM code, C=native code)
V  [jvm.dll+0x683b4a]
V  [jvm.dll+0x842654]
V  [jvm.dll+0x843dfe]
V  [jvm.dll+0x844463]
V  [jvm.dll+0x249b75]
V  [jvm.dll+0xabcac]
V  [jvm.dll+0xac27c]
V  [jvm.dll+0x368857]
V  [jvm.dll+0x1bd0b8]
V  [jvm.dll+0x21c359]
V  [jvm.dll+0x21b621]
V  [jvm.dll+0x1a4fdd]
V  [jvm.dll+0x22b098]
V  [jvm.dll+0x229159]
V  [jvm.dll+0x7f809c]
V  [jvm.dll+0x7f25fa]
V  [jvm.dll+0x682985]
C  [ucrtbase.dll+0x21bb2]
C  [KERNEL32.DLL+0x17344]
C  [ntdll.dll+0x526b1]


---------------  P R O C E S S  ---------------

Threads class SMR info:
_java_thread_list=0x000002b010998d50, length=42, elements={
0x000002b06fecd800, 0x000002b07ce7bc30, 0x000002b07ce7d700, 0x000002b07ce6e4d0,
0x000002b07d854400, 0x000002b07d858ce0, 0x000002b07d8595a0, 0x000002b07d862ee0,
0x000002b07d8637e0, 0x000002b07d88ff90, 0x000002b07da03580, 0x000002b07da06820,
0x000002b07dbd2aa0, 0x000002b00f595750, 0x000002b00f0f3f20, 0x000002b07f187030,
0x000002b07f2cdcf0, 0x000002b07ebb8030, 0x000002b00f0a7970, 0x000002b0100d3c60,
0x000002b00f186020, 0x000002b00f1851b0, 0x000002b00f185b50, 0x000002b00f1839a0,
0x000002b00f184ce0, 0x000002b00f186e90, 0x000002b00f187360, 0x000002b00f183e70,
0x000002b00f1864f0, 0x000002b00f185680, 0x000002b00f1869c0, 0x000002b00f184340,
0x000002b00f184810, 0x000002b0101c8380, 0x000002b0101c8850, 0x000002b0101ccbb0,
0x000002b0101cd550, 0x000002b0101c8d20, 0x000002b0101ce3c0, 0x000002b0101c79e0,
0x000002b0101c91f0, 0x000002b0101caed0
}

Java Threads: ( => current thread )
  0x000002b06fecd800 JavaThread "main" [_thread_blocked, id=10784, stack(0x000000c167000000,0x000000c167100000)]
  0x000002b07ce7bc30 JavaThread "Reference Handler" daemon [_thread_blocked, id=6868, stack(0x000000c167700000,0x000000c167800000)]
  0x000002b07ce7d700 JavaThread "Finalizer" daemon [_thread_blocked, id=11920, stack(0x000000c167800000,0x000000c167900000)]
  0x000002b07ce6e4d0 JavaThread "Signal Dispatcher" daemon [_thread_blocked, id=14240, stack(0x000000c167900000,0x000000c167a00000)]
  0x000002b07d854400 JavaThread "Attach Listener" daemon [_thread_blocked, id=13416, stack(0x000000c167a00000,0x000000c167b00000)]
  0x000002b07d858ce0 JavaThread "Service Thread" daemon [_thread_blocked, id=14776, stack(0x000000c167b00000,0x000000c167c00000)]
  0x000002b07d8595a0 JavaThread "Monitor Deflation Thread" daemon [_thread_blocked, id=3256, stack(0x000000c167c00000,0x000000c167d00000)]
  0x000002b07d862ee0 JavaThread "C2 CompilerThread0" daemon [_thread_in_native, id=19988, stack(0x000000c167d00000,0x000000c167e00000)]
  0x000002b07d8637e0 JavaThread "C1 CompilerThread0" daemon [_thread_blocked, id=11124, stack(0x000000c167e00000,0x000000c167f00000)]
  0x000002b07d88ff90 JavaThread "Sweeper thread" daemon [_thread_blocked, id=1396, stack(0x000000c167f00000,0x000000c168000000)]
  0x000002b07da03580 JavaThread "Common-Cleaner" daemon [_thread_blocked, id=12316, stack(0x000000c168000000,0x000000c168100000)]
  0x000002b07da06820 JavaThread "Notification Thread" daemon [_thread_blocked, id=1368, stack(0x000000c168100000,0x000000c168200000)]
=>0x000002b07dbd2aa0 JavaThread "C2 CompilerThread1" daemon [_thread_in_native, id=15604, stack(0x000000c168300000,0x000000c168400000)]
  0x000002b00f595750 JavaThread "Daemon health stats" [_thread_blocked, id=18732, stack(0x000000c168800000,0x000000c168900000)]
  0x000002b00f0f3f20 JavaThread "Incoming local TCP Connector on port 62968" [_thread_in_native, id=10992, stack(0x000000c168900000,0x000000c168a00000)]
  0x000002b07f187030 JavaThread "Daemon periodic checks" [_thread_blocked, id=5160, stack(0x000000c168a00000,0x000000c168b00000)]
  0x000002b07f2cdcf0 JavaThread "Daemon" [_thread_blocked, id=8800, stack(0x000000c168b00000,0x000000c168c00000)]
  0x000002b07ebb8030 JavaThread "Handler for socket connection from /127.0.0.1:62968 to /127.0.0.1:62969" [_thread_in_native, id=14900, stack(0x000000c168c00000,0x000000c168d00000)]
  0x000002b00f0a7970 JavaThread "Cancel handler" [_thread_blocked, id=1900, stack(0x000000c168d00000,0x000000c168e00000)]
  0x000002b0100d3c60 JavaThread "Daemon worker" [_thread_in_Java, id=16068, stack(0x000000c168e00000,0x000000c168f00000)]
  0x000002b00f186020 JavaThread "Asynchronous log dispatcher for DefaultDaemonConnection: socket connection from /127.0.0.1:62968 to /127.0.0.1:62969" [_thread_blocked, id=16432, stack(0x000000c168f00000,0x000000c169000000)]
  0x000002b00f1851b0 JavaThread "Stdin handler" [_thread_blocked, id=2132, stack(0x000000c169000000,0x000000c169100000)]
  0x000002b00f185b50 JavaThread "Daemon client event forwarder" [_thread_blocked, id=13748, stack(0x000000c169100000,0x000000c169200000)]
  0x000002b00f1839a0 JavaThread "Cache worker for journal cache (C:\Users\vkhan\.gradle\caches\journal-1)" [_thread_blocked, id=8920, stack(0x000000c169600000,0x000000c169700000)]
  0x000002b00f184ce0 JavaThread "File lock request listener" [_thread_in_native, id=10908, stack(0x000000c169700000,0x000000c169800000)]
  0x000002b00f186e90 JavaThread "Cache worker for file hash cache (C:\Users\vkhan\.gradle\caches\8.0\fileHashes)" [_thread_blocked, id=4992, stack(0x000000c169800000,0x000000c169900000)]
  0x000002b00f187360 JavaThread "File watcher server" daemon [_thread_in_native, id=17012, stack(0x000000c169900000,0x000000c169a00000)]
  0x000002b00f183e70 JavaThread "File watcher consumer" daemon [_thread_blocked, id=3320, stack(0x000000c169a00000,0x000000c169b00000)]
  0x000002b00f1864f0 JavaThread "jar transforms" [_thread_blocked, id=7452, stack(0x000000c169b00000,0x000000c169c00000)]
  0x000002b00f185680 JavaThread "jar transforms Thread 2" [_thread_blocked, id=18888, stack(0x000000c169c00000,0x000000c169d00000)]
  0x000002b00f1869c0 JavaThread "jar transforms Thread 3" [_thread_blocked, id=22448, stack(0x000000c169d00000,0x000000c169e00000)]
  0x000002b00f184340 JavaThread "jar transforms Thread 4" [_thread_blocked, id=9848, stack(0x000000c169e00000,0x000000c169f00000)]
  0x000002b00f184810 JavaThread "jar transforms Thread 5" [_thread_blocked, id=19984, stack(0x000000c169f00000,0x000000c16a000000)]
  0x000002b0101c8380 JavaThread "jar transforms Thread 6" [_thread_blocked, id=5480, stack(0x000000c16a000000,0x000000c16a100000)]
  0x000002b0101c8850 JavaThread "jar transforms Thread 7" [_thread_blocked, id=14244, stack(0x000000c16a100000,0x000000c16a200000)]
  0x000002b0101ccbb0 JavaThread "jar transforms Thread 8" [_thread_blocked, id=2676, stack(0x000000c16a200000,0x000000c16a300000)]
  0x000002b0101cd550 JavaThread "Cache worker for checksums cache (D:\LUANVAN\LV_QuanLiQuanAn\QuanLyQuanAn0609\.gradle\8.0\checksums)" [_thread_blocked, id=5168, stack(0x000000c16a300000,0x000000c16a400000)]
  0x000002b0101c8d20 JavaThread "Cache worker for cache directory md-rule (C:\Users\vkhan\.gradle\caches\8.0\md-rule)" [_thread_blocked, id=8124, stack(0x000000c16a400000,0x000000c16a500000)]
  0x000002b0101ce3c0 JavaThread "Cache worker for file content cache (C:\Users\vkhan\.gradle\caches\8.0\fileContent)" [_thread_blocked, id=18220, stack(0x000000c16a500000,0x000000c16a600000)]
  0x000002b0101c79e0 JavaThread "Cache worker for file hash cache (D:\LUANVAN\LV_QuanLiQuanAn\QuanLyQuanAn0609\.gradle\8.0\fileHashes)" [_thread_blocked, id=2756, stack(0x000000c16a600000,0x000000c16a700000)]
  0x000002b0101c91f0 JavaThread "Cache worker for cache directory md-supplier (C:\Users\vkhan\.gradle\caches\8.0\md-supplier)" [_thread_blocked, id=16356, stack(0x000000c16a700000,0x000000c16a800000)]
  0x000002b0101caed0 JavaThread "Cache worker for execution history cache (C:\Users\vkhan\.gradle\caches\8.0\executionHistory)" [_thread_blocked, id=18604, stack(0x000000c16a800000,0x000000c16a900000)]

Other Threads:
  0x000002b07d820420 VMThread "VM Thread" [stack: 0x000000c167600000,0x000000c167700000] [id=14352]
  0x000002b07da07910 WatcherThread [stack: 0x000000c168200000,0x000000c168300000] [id=5320]
  0x000002b070088400 GCTaskThread "GC Thread#0" [stack: 0x000000c167100000,0x000000c167200000] [id=17356]
  0x000002b07e2d9d10 GCTaskThread "GC Thread#1" [stack: 0x000000c168400000,0x000000c168500000] [id=17840]
  0x000002b07e07d930 GCTaskThread "GC Thread#2" [stack: 0x000000c168500000,0x000000c168600000] [id=15964]
  0x000002b07e829b00 GCTaskThread "GC Thread#3" [stack: 0x000000c168600000,0x000000c168700000] [id=9824]
  0x000002b07f1da940 GCTaskThread "GC Thread#4" [stack: 0x000000c168700000,0x000000c168800000] [id=16020]
  0x000002b07f32ecf0 GCTaskThread "GC Thread#5" [stack: 0x000000c169200000,0x000000c169300000] [id=20792]
  0x000002b00f89f9a0 GCTaskThread "GC Thread#6" [stack: 0x000000c169300000,0x000000c169400000] [id=22028]
  0x000002b00f7b7fa0 GCTaskThread "GC Thread#7" [stack: 0x000000c169400000,0x000000c169500000] [id=1388]
  0x000002b070099250 ConcurrentGCThread "G1 Main Marker" [stack: 0x000000c167200000,0x000000c167300000] [id=21300]
  0x000002b070099b70 ConcurrentGCThread "G1 Conc#0" [stack: 0x000000c167300000,0x000000c167400000] [id=20380]
  0x000002b00fe8f4e0 ConcurrentGCThread "G1 Conc#1" [stack: 0x000000c169500000,0x000000c169600000] [id=2448]
  0x000002b0700fe4e0 ConcurrentGCThread "G1 Refine#0" [stack: 0x000000c167400000,0x000000c167500000] [id=19220]
  0x000002b07ccdb170 ConcurrentGCThread "G1 Service" [stack: 0x000000c167500000,0x000000c167600000] [id=1860]

Threads with active compile tasks:
C2 CompilerThread0     3782 3090 %     4       jdk.internal.loader.URLClassPath::getResource @ 39 (74 bytes)
C2 CompilerThread1     3782 3066  s!   4       jdk.internal.loader.URLClassPath::getLoader (194 bytes)

VM state: not at safepoint (normal execution)

VM Mutex/Monitor currently owned by a thread: None

Heap address: 0x0000000080000000, size: 2048 MB, Compressed Oops mode: 32-bit

CDS archive(s) not mapped
Compressed class space mapped at: 0x0000000100000000-0x0000000140000000, reserved size: 1073741824
Narrow klass base: 0x0000000000000000, Narrow klass shift: 3, Narrow klass range: 0x140000000

GC Precious Log:
 CPUs: 8 total, 8 available
 Memory: 7959M
 Large Page Support: Disabled
 NUMA Support: Disabled
 Compressed Oops: Enabled (32-bit)
 Heap Region Size: 1M
 Heap Min Capacity: 8M
 Heap Initial Capacity: 126M
 Heap Max Capacity: 2G
 Pre-touch: Disabled
 Parallel Workers: 8
 Concurrent Workers: 2
 Concurrent Refinement Workers: 8
 Periodic GC: Disabled

Heap:
 garbage-first heap   total 115712K, used 81207K [0x0000000080000000, 0x0000000100000000)
  region size 1024K, 25 young (25600K), 1 survivors (1024K)
 Metaspace       used 39439K, committed 39872K, reserved 1089536K
  class space    used 5330K, committed 5504K, reserved 1048576K

Heap Regions: E=young(eden), S=young(survivor), O=old, HS=humongous(starts), HC=humongous(continues), CS=collection set, F=free, OA=open archive, CA=closed archive, TAMS=top-at-mark-start (previous, next)
|   0|0x0000000080000000, 0x0000000080100000, 0x0000000080100000|100%|HS|  |TAMS 0x0000000080100000, 0x0000000080000000| Complete 
|   1|0x0000000080100000, 0x0000000080200000, 0x0000000080200000|100%|HC|  |TAMS 0x0000000080200000, 0x0000000080100000| Complete 
|   2|0x0000000080200000, 0x0000000080300000, 0x0000000080300000|100%|HC|  |TAMS 0x0000000080300000, 0x0000000080200000| Complete 
|   3|0x0000000080300000, 0x0000000080400000, 0x0000000080400000|100%|HC|  |TAMS 0x0000000080400000, 0x0000000080300000| Complete 
|   4|0x0000000080400000, 0x0000000080500000, 0x0000000080500000|100%| O|  |TAMS 0x0000000080500000, 0x0000000080400000| Untracked 
|   5|0x0000000080500000, 0x0000000080600000, 0x0000000080600000|100%| O|  |TAMS 0x0000000080600000, 0x0000000080500000| Untracked 
|   6|0x0000000080600000, 0x0000000080700000, 0x0000000080700000|100%| O|  |TAMS 0x0000000080700000, 0x0000000080600000| Untracked 
|   7|0x0000000080700000, 0x0000000080800000, 0x0000000080800000|100%| O|  |TAMS 0x0000000080800000, 0x0000000080700000| Untracked 
|   8|0x0000000080800000, 0x0000000080900000, 0x0000000080900000|100%| O|  |TAMS 0x0000000080900000, 0x0000000080800000| Untracked 
|   9|0x0000000080900000, 0x0000000080a00000, 0x0000000080a00000|100%| O|  |TAMS 0x0000000080a00000, 0x0000000080900000| Untracked 
|  10|0x0000000080a00000, 0x0000000080b00000, 0x0000000080b00000|100%| O|  |TAMS 0x0000000080b00000, 0x0000000080a00000| Untracked 
|  11|0x0000000080b00000, 0x0000000080b87600, 0x0000000080c00000| 52%| O|  |TAMS 0x0000000080b87600, 0x0000000080b00000| Untracked 
|  12|0x0000000080c00000, 0x0000000080d00000, 0x0000000080d00000|100%| O|  |TAMS 0x0000000080d00000, 0x0000000080c00000| Untracked 
|  13|0x0000000080d00000, 0x0000000080e00000, 0x0000000080e00000|100%| O|  |TAMS 0x0000000080e00000, 0x0000000080d00000| Untracked 
|  14|0x0000000080e00000, 0x0000000080f00000, 0x0000000080f00000|100%| O|  |TAMS 0x0000000080f00000, 0x0000000080e00000| Untracked 
|  15|0x0000000080f00000, 0x0000000081000000, 0x0000000081000000|100%| O|  |TAMS 0x0000000081000000, 0x0000000080f00000| Untracked 
|  16|0x0000000081000000, 0x0000000081100000, 0x0000000081100000|100%| O|  |TAMS 0x0000000081100000, 0x0000000081000000| Untracked 
|  17|0x0000000081100000, 0x0000000081200000, 0x0000000081200000|100%| O|  |TAMS 0x0000000081200000, 0x0000000081100000| Untracked 
|  18|0x0000000081200000, 0x0000000081300000, 0x0000000081300000|100%| O|  |TAMS 0x0000000081300000, 0x0000000081200000| Untracked 
|  19|0x0000000081300000, 0x0000000081400000, 0x0000000081400000|100%|HS|  |TAMS 0x0000000081400000, 0x0000000081300000| Complete 
|  20|0x0000000081400000, 0x0000000081500000, 0x0000000081500000|100%|HC|  |TAMS 0x0000000081500000, 0x0000000081400000| Complete 
|  21|0x0000000081500000, 0x0000000081600000, 0x0000000081600000|100%|HS|  |TAMS 0x0000000081600000, 0x0000000081500000| Complete 
|  22|0x0000000081600000, 0x0000000081700000, 0x0000000081700000|100%|HC|  |TAMS 0x0000000081700000, 0x0000000081600000| Complete 
|  23|0x0000000081700000, 0x0000000081800000, 0x0000000081800000|100%|HC|  |TAMS 0x0000000081800000, 0x0000000081700000| Complete 
|  24|0x0000000081800000, 0x0000000081900000, 0x0000000081900000|100%| O|  |TAMS 0x0000000081900000, 0x0000000081800000| Untracked 
|  25|0x0000000081900000, 0x0000000081a00000, 0x0000000081a00000|100%| O|  |TAMS 0x0000000081a00000, 0x0000000081900000| Untracked 
|  26|0x0000000081a00000, 0x0000000081b00000, 0x0000000081b00000|100%| O|  |TAMS 0x0000000081b00000, 0x0000000081a00000| Untracked 
|  27|0x0000000081b00000, 0x0000000081c00000, 0x0000000081c00000|100%| O|  |TAMS 0x0000000081c00000, 0x0000000081b00000| Untracked 
|  28|0x0000000081c00000, 0x0000000081d00000, 0x0000000081d00000|100%|HS|  |TAMS 0x0000000081d00000, 0x0000000081c00000| Complete 
|  29|0x0000000081d00000, 0x0000000081e00000, 0x0000000081e00000|100%|HC|  |TAMS 0x0000000081e00000, 0x0000000081d00000| Complete 
|  30|0x0000000081e00000, 0x0000000081f00000, 0x0000000081f00000|100%|HC|  |TAMS 0x0000000081f00000, 0x0000000081e00000| Complete 
|  31|0x0000000081f00000, 0x0000000082000000, 0x0000000082000000|100%|HS|  |TAMS 0x0000000082000000, 0x0000000081f00000| Complete 
|  32|0x0000000082000000, 0x0000000082100000, 0x0000000082100000|100%|HC|  |TAMS 0x0000000082100000, 0x0000000082000000| Complete 
|  33|0x0000000082100000, 0x0000000082200000, 0x0000000082200000|100%| O|  |TAMS 0x0000000082200000, 0x0000000082100000| Untracked 
|  34|0x0000000082200000, 0x0000000082300000, 0x0000000082300000|100%|HS|  |TAMS 0x0000000082300000, 0x0000000082200000| Complete 
|  35|0x0000000082300000, 0x0000000082400000, 0x0000000082400000|100%|HC|  |TAMS 0x0000000082400000, 0x0000000082300000| Complete 
|  36|0x0000000082400000, 0x0000000082500000, 0x0000000082500000|100%|HC|  |TAMS 0x0000000082500000, 0x0000000082400000| Complete 
|  37|0x0000000082500000, 0x0000000082600000, 0x0000000082600000|100%|HC|  |TAMS 0x0000000082600000, 0x0000000082500000| Complete 
|  38|0x0000000082600000, 0x0000000082700000, 0x0000000082700000|100%|HC|  |TAMS 0x0000000082700000, 0x0000000082600000| Complete 
|  39|0x0000000082700000, 0x0000000082800000, 0x0000000082800000|100%|HC|  |TAMS 0x0000000082800000, 0x0000000082700000| Complete 
|  40|0x0000000082800000, 0x0000000082900000, 0x0000000082900000|100%|HC|  |TAMS 0x0000000082900000, 0x0000000082800000| Complete 
|  41|0x0000000082900000, 0x0000000082a00000, 0x0000000082a00000|100%|HC|  |TAMS 0x0000000082a00000, 0x0000000082900000| Complete 
|  42|0x0000000082a00000, 0x0000000082b00000, 0x0000000082b00000|100%|HC|  |TAMS 0x0000000082b00000, 0x0000000082a00000| Complete 
|  43|0x0000000082b00000, 0x0000000082c00000, 0x0000000082c00000|100%|HC|  |TAMS 0x0000000082c00000, 0x0000000082b00000| Complete 
|  44|0x0000000082c00000, 0x0000000082d00000, 0x0000000082d00000|100%| O|  |TAMS 0x0000000082ccfa00, 0x0000000082c00000| Untracked 
|  45|0x0000000082d00000, 0x0000000082e00000, 0x0000000082e00000|100%|HS|  |TAMS 0x0000000082e00000, 0x0000000082d00000| Complete 
|  46|0x0000000082e00000, 0x0000000082f00000, 0x0000000082f00000|100%|HC|  |TAMS 0x0000000082f00000, 0x0000000082e00000| Complete 
|  47|0x0000000082f00000, 0x0000000083000000, 0x0000000083000000|100%|HS|  |TAMS 0x0000000083000000, 0x0000000082f00000| Complete 
|  48|0x0000000083000000, 0x0000000083100000, 0x0000000083100000|100%|HC|  |TAMS 0x0000000083100000, 0x0000000083000000| Complete 
|  49|0x0000000083100000, 0x0000000083200000, 0x0000000083200000|100%|HC|  |TAMS 0x0000000083200000, 0x0000000083100000| Complete 
|  50|0x0000000083200000, 0x0000000083300000, 0x0000000083300000|100%|HC|  |TAMS 0x0000000083300000, 0x0000000083200000| Complete 
|  51|0x0000000083300000, 0x0000000083400000, 0x0000000083400000|100%|HC|  |TAMS 0x0000000083400000, 0x0000000083300000| Complete 
|  52|0x0000000083400000, 0x0000000083500000, 0x0000000083500000|100%|HC|  |TAMS 0x0000000083500000, 0x0000000083400000| Complete 
|  53|0x0000000083500000, 0x0000000083600000, 0x0000000083600000|100%|HS|  |TAMS 0x0000000083600000, 0x0000000083500000| Complete 
|  54|0x0000000083600000, 0x0000000083700000, 0x0000000083700000|100%| O|  |TAMS 0x0000000083600000, 0x0000000083600000| Untracked 
|  55|0x0000000083700000, 0x00000000837e0e00, 0x0000000083800000| 87%| O|  |TAMS 0x0000000083700000, 0x0000000083700000| Untracked 
|  56|0x0000000083800000, 0x0000000083800000, 0x0000000083900000|  0%| F|  |TAMS 0x0000000083800000, 0x0000000083800000| Untracked 
|  57|0x0000000083900000, 0x0000000083900000, 0x0000000083a00000|  0%| F|  |TAMS 0x0000000083900000, 0x0000000083900000| Untracked 
|  58|0x0000000083a00000, 0x0000000083a00000, 0x0000000083b00000|  0%| F|  |TAMS 0x0000000083a00000, 0x0000000083a00000| Untracked 
|  59|0x0000000083b00000, 0x0000000083b00000, 0x0000000083c00000|  0%| F|  |TAMS 0x0000000083b00000, 0x0000000083b00000| Untracked 
|  60|0x0000000083c00000, 0x0000000083c00000, 0x0000000083d00000|  0%| F|  |TAMS 0x0000000083c00000, 0x0000000083c00000| Untracked 
|  61|0x0000000083d00000, 0x0000000083d00000, 0x0000000083e00000|  0%| F|  |TAMS 0x0000000083d00000, 0x0000000083d00000| Untracked 
|  62|0x0000000083e00000, 0x0000000083e00000, 0x0000000083f00000|  0%| F|  |TAMS 0x0000000083e00000, 0x0000000083e00000| Untracked 
|  63|0x0000000083f00000, 0x0000000083f00000, 0x0000000084000000|  0%| F|  |TAMS 0x0000000083f00000, 0x0000000083f00000| Untracked 
|  64|0x0000000084000000, 0x0000000084000000, 0x0000000084100000|  0%| F|  |TAMS 0x0000000084000000, 0x0000000084000000| Untracked 
|  65|0x0000000084100000, 0x0000000084100000, 0x0000000084200000|  0%| F|  |TAMS 0x0000000084100000, 0x0000000084100000| Untracked 
|  66|0x0000000084200000, 0x0000000084200000, 0x0000000084300000|  0%| F|  |TAMS 0x0000000084200000, 0x0000000084200000| Untracked 
|  67|0x0000000084300000, 0x0000000084300000, 0x0000000084400000|  0%| F|  |TAMS 0x0000000084300000, 0x0000000084300000| Untracked 
|  68|0x0000000084400000, 0x0000000084400000, 0x0000000084500000|  0%| F|  |TAMS 0x0000000084400000, 0x0000000084400000| Untracked 
|  69|0x0000000084500000, 0x0000000084500000, 0x0000000084600000|  0%| F|  |TAMS 0x0000000084500000, 0x0000000084500000| Untracked 
|  70|0x0000000084600000, 0x0000000084600000, 0x0000000084700000|  0%| F|  |TAMS 0x0000000084600000, 0x0000000084600000| Untracked 
|  71|0x0000000084700000, 0x0000000084700000, 0x0000000084800000|  0%| F|  |TAMS 0x0000000084700000, 0x0000000084700000| Untracked 
|  72|0x0000000084800000, 0x0000000084800000, 0x0000000084900000|  0%| F|  |TAMS 0x0000000084800000, 0x0000000084800000| Untracked 
|  73|0x0000000084900000, 0x00000000849e5b28, 0x0000000084a00000| 89%| S|CS|TAMS 0x0000000084900000, 0x0000000084900000| Complete 
|  74|0x0000000084a00000, 0x0000000084a00000, 0x0000000084b00000|  0%| F|  |TAMS 0x0000000084a00000, 0x0000000084a00000| Untracked 
|  75|0x0000000084b00000, 0x0000000084b00000, 0x0000000084c00000|  0%| F|  |TAMS 0x0000000084b00000, 0x0000000084b00000| Untracked 
|  76|0x0000000084c00000, 0x0000000084c00000, 0x0000000084d00000|  0%| F|  |TAMS 0x0000000084c00000, 0x0000000084c00000| Untracked 
|  77|0x0000000084d00000, 0x0000000084d00000, 0x0000000084e00000|  0%| F|  |TAMS 0x0000000084d00000, 0x0000000084d00000| Untracked 
|  78|0x0000000084e00000, 0x0000000084e00000, 0x0000000084f00000|  0%| F|  |TAMS 0x0000000084e00000, 0x0000000084e00000| Untracked 
|  79|0x0000000084f00000, 0x0000000084f00000, 0x0000000085000000|  0%| F|  |TAMS 0x0000000084f00000, 0x0000000084f00000| Untracked 
|  80|0x0000000085000000, 0x0000000085000000, 0x0000000085100000|  0%| F|  |TAMS 0x0000000085000000, 0x0000000085000000| Untracked 
|  81|0x0000000085100000, 0x0000000085100000, 0x0000000085200000|  0%| F|  |TAMS 0x0000000085100000, 0x0000000085100000| Untracked 
|  82|0x0000000085200000, 0x0000000085200000, 0x0000000085300000|  0%| F|  |TAMS 0x0000000085200000, 0x0000000085200000| Untracked 
|  83|0x0000000085300000, 0x0000000085300000, 0x0000000085400000|  0%| F|  |TAMS 0x0000000085300000, 0x0000000085300000| Untracked 
|  84|0x0000000085400000, 0x0000000085400000, 0x0000000085500000|  0%| F|  |TAMS 0x0000000085400000, 0x0000000085400000| Untracked 
|  85|0x0000000085500000, 0x0000000085500000, 0x0000000085600000|  0%| F|  |TAMS 0x0000000085500000, 0x0000000085500000| Untracked 
|  86|0x0000000085600000, 0x0000000085600000, 0x0000000085700000|  0%| F|  |TAMS 0x0000000085600000, 0x0000000085600000| Untracked 
|  87|0x0000000085700000, 0x0000000085700000, 0x0000000085800000|  0%| F|  |TAMS 0x0000000085700000, 0x0000000085700000| Untracked 
|  88|0x0000000085800000, 0x0000000085800000, 0x0000000085900000|  0%| F|  |TAMS 0x0000000085800000, 0x0000000085800000| Untracked 
|  89|0x0000000085900000, 0x0000000085980800, 0x0000000085a00000| 50%| E|  |TAMS 0x0000000085900000, 0x0000000085900000| Complete 
|  90|0x0000000085a00000, 0x0000000085b00000, 0x0000000085b00000|100%| E|CS|TAMS 0x0000000085a00000, 0x0000000085a00000| Complete 
|  91|0x0000000085b00000, 0x0000000085c00000, 0x0000000085c00000|100%| E|CS|TAMS 0x0000000085b00000, 0x0000000085b00000| Complete 
|  92|0x0000000085c00000, 0x0000000085d00000, 0x0000000085d00000|100%| E|CS|TAMS 0x0000000085c00000, 0x0000000085c00000| Complete 
|  93|0x0000000085d00000, 0x0000000085e00000, 0x0000000085e00000|100%| E|CS|TAMS 0x0000000085d00000, 0x0000000085d00000| Complete 
|  94|0x0000000085e00000, 0x0000000085f00000, 0x0000000085f00000|100%| E|CS|TAMS 0x0000000085e00000, 0x0000000085e00000| Complete 
|  95|0x0000000085f00000, 0x0000000086000000, 0x0000000086000000|100%| E|CS|TAMS 0x0000000085f00000, 0x0000000085f00000| Complete 
|  96|0x0000000086000000, 0x0000000086100000, 0x0000000086100000|100%| E|CS|TAMS 0x0000000086000000, 0x0000000086000000| Complete 
|  97|0x0000000086100000, 0x0000000086200000, 0x0000000086200000|100%| E|CS|TAMS 0x0000000086100000, 0x0000000086100000| Complete 
|  98|0x0000000086200000, 0x0000000086300000, 0x0000000086300000|100%| E|CS|TAMS 0x0000000086200000, 0x0000000086200000| Complete 
|  99|0x0000000086300000, 0x0000000086400000, 0x0000000086400000|100%| E|CS|TAMS 0x0000000086300000, 0x0000000086300000| Complete 
| 100|0x0000000086400000, 0x0000000086500000, 0x0000000086500000|100%| E|CS|TAMS 0x0000000086400000, 0x0000000086400000| Complete 
| 101|0x0000000086500000, 0x0000000086600000, 0x0000000086600000|100%| E|CS|TAMS 0x0000000086500000, 0x0000000086500000| Complete 
| 102|0x0000000086600000, 0x0000000086700000, 0x0000000086700000|100%| E|CS|TAMS 0x0000000086600000, 0x0000000086600000| Complete 
| 103|0x0000000086700000, 0x0000000086800000, 0x0000000086800000|100%| E|CS|TAMS 0x0000000086700000, 0x0000000086700000| Complete 
| 104|0x0000000086800000, 0x0000000086900000, 0x0000000086900000|100%| E|CS|TAMS 0x0000000086800000, 0x0000000086800000| Complete 
| 105|0x0000000086900000, 0x0000000086a00000, 0x0000000086a00000|100%| E|CS|TAMS 0x0000000086900000, 0x0000000086900000| Complete 
| 106|0x0000000086a00000, 0x0000000086b00000, 0x0000000086b00000|100%| E|CS|TAMS 0x0000000086a00000, 0x0000000086a00000| Complete 
| 107|0x0000000086b00000, 0x0000000086c00000, 0x0000000086c00000|100%| E|CS|TAMS 0x0000000086b00000, 0x0000000086b00000| Complete 
| 108|0x0000000086c00000, 0x0000000086d00000, 0x0000000086d00000|100%| E|CS|TAMS 0x0000000086c00000, 0x0000000086c00000| Complete 
| 109|0x0000000086d00000, 0x0000000086e00000, 0x0000000086e00000|100%| E|CS|TAMS 0x0000000086d00000, 0x0000000086d00000| Complete 
| 110|0x0000000086e00000, 0x0000000086f00000, 0x0000000086f00000|100%| E|CS|TAMS 0x0000000086e00000, 0x0000000086e00000| Complete 
| 111|0x0000000086f00000, 0x0000000087000000, 0x0000000087000000|100%| E|CS|TAMS 0x0000000086f00000, 0x0000000086f00000| Complete 
| 125|0x0000000087d00000, 0x0000000087e00000, 0x0000000087e00000|100%| E|CS|TAMS 0x0000000087d00000, 0x0000000087d00000| Complete 

Card table byte_map: [0x000002b075b70000,0x000002b075f70000] _byte_map_base: 0x000002b075770000

Marking Bits (Prev, Next): (CMBitMap*) 0x000002b070088920, (CMBitMap*) 0x000002b070088960
 Prev Bits: [0x000002b076370000, 0x000002b078370000)
 Next Bits: [0x000002b078370000, 0x000002b07a370000)

Polling page: 0x000002b070100000

Metaspace:

Usage:
  Non-class:     33.34 MB used.
      Class:      5.21 MB used.
       Both:     38.55 MB used.

Virtual space:
  Non-class space:       40.00 MB reserved,      33.56 MB ( 84%) committed,  5 nodes.
      Class space:        1.00 GB reserved,       5.38 MB ( <1%) committed,  1 nodes.
             Both:        1.04 GB reserved,      38.94 MB (  4%) committed. 

Chunk freelists:
   Non-Class:  2.17 MB
       Class:  2.59 MB
        Both:  4.76 MB

MaxMetaspaceSize: unlimited
CompressedClassSpaceSize: 1.00 GB
Initial GC threshold: 21.00 MB
Current GC threshold: 54.94 MB
CDS: off
MetaspaceReclaimPolicy: balanced
 - commit_granule_bytes: 65536.
 - commit_granule_words: 8192.
 - virtual_space_node_default_size: 1048576.
 - enlarge_chunks_in_place: 1.
 - new_chunks_are_fully_committed: 0.
 - uncommit_free_chunks: 1.
 - use_allocation_guard: 0.
 - handle_deallocations: 1.


Internal statistics:

num_allocs_failed_limit: 3.
num_arena_births: 394.
num_arena_deaths: 0.
num_vsnodes_births: 6.
num_vsnodes_deaths: 0.
num_space_committed: 623.
num_space_uncommitted: 0.
num_chunks_returned_to_freelist: 3.
num_chunks_taken_from_freelist: 1540.
num_chunk_merges: 3.
num_chunk_splits: 988.
num_chunks_enlarged: 662.
num_purges: 0.
num_inconsistent_stats: 0.

CodeHeap 'non-profiled nmethods': size=120000Kb used=1877Kb max_used=1877Kb free=118122Kb
 bounds [0x000002b007ad0000, 0x000002b007d40000, 0x000002b00f000000]
CodeHeap 'profiled nmethods': size=120000Kb used=6688Kb max_used=6688Kb free=113311Kb
 bounds [0x000002b000000000, 0x000002b000690000, 0x000002b007530000]
CodeHeap 'non-nmethods': size=5760Kb used=1251Kb max_used=1301Kb free=4508Kb
 bounds [0x000002b007530000, 0x000002b0077a0000, 0x000002b007ad0000]
 total_blobs=3789 nmethods=3239 adapters=462
 compilation: enabled
              stopped_count=0, restarted_count=0
 full_count=0

Compilation events (20 events):
Event: 3.748 Thread 0x000002b07d8637e0 3238       3       org.codehaus.groovy.reflection.CachedMethod::isStatic (8 bytes)
Event: 3.748 Thread 0x000002b07d8637e0 nmethod 3238 0x000002b00067c890 code [0x000002b00067ca40, 0x000002b00067cc38]
Event: 3.748 Thread 0x000002b07d8637e0 3239       3       org.codehaus.groovy.runtime.metaclass.MethodHelper::isStatic (19 bytes)
Event: 3.748 Thread 0x000002b07d8637e0 nmethod 3239 0x000002b00067cd10 code [0x000002b00067cea0, 0x000002b00067d018]
Event: 3.748 Thread 0x000002b07d8637e0 3240       3       org.codehaus.groovy.runtime.metaclass.NewMetaMethod::getDeclaringClass (7 bytes)
Event: 3.748 Thread 0x000002b07d8637e0 nmethod 3240 0x000002b00067d110 code [0x000002b00067d2a0, 0x000002b00067d478]
Event: 3.748 Thread 0x000002b07d8637e0 3242       3       java.util.regex.Pattern$BitClass::is (22 bytes)
Event: 3.748 Thread 0x000002b07d8637e0 nmethod 3242 0x000002b00067d590 code [0x000002b00067d720, 0x000002b00067d8f8]
Event: 3.748 Thread 0x000002b07d8637e0 3241   !   3       java.util.zip.Inflater::end (37 bytes)
Event: 3.749 Thread 0x000002b07d8637e0 nmethod 3241 0x000002b00067da10 code [0x000002b00067dc00, 0x000002b00067e1e8]
Event: 3.755 Thread 0x000002b07d8637e0 3243       3       java.lang.PublicMethods::toArray (76 bytes)
Event: 3.755 Thread 0x000002b07d8637e0 nmethod 3243 0x000002b00067e490 code [0x000002b00067e6a0, 0x000002b00067ef38]
Event: 3.755 Thread 0x000002b07d8637e0 3244       3       java.util.Spliterators$ArraySpliterator::<init> (33 bytes)
Event: 3.755 Thread 0x000002b07d8637e0 nmethod 3244 0x000002b00067f190 code [0x000002b00067f320, 0x000002b00067f4f8]
Event: 3.755 Thread 0x000002b07d8637e0 3245       3       java.lang.reflect.Proxy::getProxyConstructor (92 bytes)
Event: 3.756 Thread 0x000002b07d8637e0 nmethod 3245 0x000002b00067f590 code [0x000002b00067f8a0, 0x000002b000680ea8]
Event: 3.756 Thread 0x000002b07d8637e0 3246   !   3       java.lang.reflect.Proxy::newProxyInstance (75 bytes)
Event: 3.757 Thread 0x000002b07d8637e0 nmethod 3246 0x000002b000681410 code [0x000002b000681680, 0x000002b000682238]
Event: 3.757 Thread 0x000002b07d8637e0 3247       3       java.lang.reflect.Proxy::<init> (15 bytes)
Event: 3.757 Thread 0x000002b07d8637e0 nmethod 3247 0x000002b000682710 code [0x000002b0006828c0, 0x000002b000682be8]

GC Heap History (18 events):
Event: 0.806 GC heap before
{Heap before GC invocations=0 (full 0):
 garbage-first heap   total 129024K, used 26624K [0x0000000080000000, 0x0000000100000000)
  region size 1024K, 23 young (23552K), 0 survivors (0K)
 Metaspace       used 10249K, committed 10432K, reserved 1064960K
  class space    used 1058K, committed 1152K, reserved 1048576K
}
Event: 0.810 GC heap after
{Heap after GC invocations=1 (full 0):
 garbage-first heap   total 129024K, used 10414K [0x0000000080000000, 0x0000000100000000)
  region size 1024K, 3 young (3072K), 3 survivors (3072K)
 Metaspace       used 10249K, committed 10432K, reserved 1064960K
  class space    used 1058K, committed 1152K, reserved 1048576K
}
Event: 1.094 GC heap before
{Heap before GC invocations=1 (full 0):
 garbage-first heap   total 129024K, used 40110K [0x0000000080000000, 0x0000000100000000)
  region size 1024K, 32 young (32768K), 3 survivors (3072K)
 Metaspace       used 11196K, committed 11456K, reserved 1064960K
  class space    used 1161K, committed 1280K, reserved 1048576K
}
Event: 1.099 GC heap after
{Heap after GC invocations=2 (full 0):
 garbage-first heap   total 129024K, used 14877K [0x0000000080000000, 0x0000000100000000)
  region size 1024K, 4 young (4096K), 4 survivors (4096K)
 Metaspace       used 11196K, committed 11456K, reserved 1064960K
  class space    used 1161K, committed 1280K, reserved 1048576K
}
Event: 1.957 GC heap before
{Heap before GC invocations=2 (full 0):
 garbage-first heap   total 129024K, used 50717K [0x0000000080000000, 0x0000000100000000)
  region size 1024K, 40 young (40960K), 4 survivors (4096K)
 Metaspace       used 21284K, committed 21504K, reserved 1073152K
  class space    used 2571K, committed 2688K, reserved 1048576K
}
Event: 1.961 GC heap after
{Heap after GC invocations=3 (full 0):
 garbage-first heap   total 129024K, used 19070K [0x0000000080000000, 0x0000000100000000)
  region size 1024K, 9 young (9216K), 9 survivors (9216K)
 Metaspace       used 21284K, committed 21504K, reserved 1073152K
  class space    used 2571K, committed 2688K, reserved 1048576K
}
Event: 2.477 GC heap before
{Heap before GC invocations=4 (full 0):
 garbage-first heap   total 71680K, used 52862K [0x0000000080000000, 0x0000000100000000)
  region size 1024K, 42 young (43008K), 9 survivors (9216K)
 Metaspace       used 26427K, committed 26752K, reserved 1073152K
  class space    used 3484K, committed 3648K, reserved 1048576K
}
Event: 2.482 GC heap after
{Heap after GC invocations=5 (full 0):
 garbage-first heap   total 71680K, used 20874K [0x0000000080000000, 0x0000000100000000)
  region size 1024K, 3 young (3072K), 3 survivors (3072K)
 Metaspace       used 26427K, committed 26752K, reserved 1073152K
  class space    used 3484K, committed 3648K, reserved 1048576K
}
Event: 2.812 GC heap before
{Heap before GC invocations=5 (full 0):
 garbage-first heap   total 71680K, used 50570K [0x0000000080000000, 0x0000000100000000)
  region size 1024K, 24 young (24576K), 3 survivors (3072K)
 Metaspace       used 29322K, committed 29696K, reserved 1081344K
  class space    used 3983K, committed 4160K, reserved 1048576K
}
Event: 2.816 GC heap after
{Heap after GC invocations=6 (full 0):
 garbage-first heap   total 71680K, used 35072K [0x0000000080000000, 0x0000000100000000)
  region size 1024K, 4 young (4096K), 4 survivors (4096K)
 Metaspace       used 29322K, committed 29696K, reserved 1081344K
  class space    used 3983K, committed 4160K, reserved 1048576K
}
Event: 2.828 GC heap before
{Heap before GC invocations=6 (full 0):
 garbage-first heap   total 71680K, used 45312K [0x0000000080000000, 0x0000000100000000)
  region size 1024K, 5 young (5120K), 4 survivors (4096K)
 Metaspace       used 29323K, committed 29696K, reserved 1081344K
  class space    used 3983K, committed 4160K, reserved 1048576K
}
Event: 2.830 GC heap after
{Heap after GC invocations=7 (full 0):
 garbage-first heap   total 71680K, used 45503K [0x0000000080000000, 0x0000000100000000)
  region size 1024K, 1 young (1024K), 1 survivors (1024K)
 Metaspace       used 29323K, committed 29696K, reserved 1081344K
  class space    used 3983K, committed 4160K, reserved 1048576K
}
Event: 2.852 GC heap before
{Heap before GC invocations=8 (full 0):
 garbage-first heap   total 83968K, used 53695K [0x0000000080000000, 0x0000000100000000)
  region size 1024K, 2 young (2048K), 1 survivors (1024K)
 Metaspace       used 29324K, committed 29696K, reserved 1081344K
  class space    used 3983K, committed 4160K, reserved 1048576K
}
Event: 2.853 GC heap after
{Heap after GC invocations=9 (full 0):
 garbage-first heap   total 83968K, used 53848K [0x0000000080000000, 0x0000000100000000)
  region size 1024K, 1 young (1024K), 1 survivors (1024K)
 Metaspace       used 29324K, committed 29696K, reserved 1081344K
  class space    used 3983K, committed 4160K, reserved 1048576K
}
Event: 3.033 GC heap before
{Heap before GC invocations=10 (full 0):
 garbage-first heap   total 96256K, used 66136K [0x0000000080000000, 0x0000000100000000)
  region size 1024K, 13 young (13312K), 1 survivors (1024K)
 Metaspace       used 30847K, committed 31232K, reserved 1081344K
  class space    used 4219K, committed 4416K, reserved 1048576K
}
Event: 3.035 GC heap after
{Heap after GC invocations=11 (full 0):
 garbage-first heap   total 96256K, used 56569K [0x0000000080000000, 0x0000000100000000)
  region size 1024K, 2 young (2048K), 2 survivors (2048K)
 Metaspace       used 30847K, committed 31232K, reserved 1081344K
  class space    used 4219K, committed 4416K, reserved 1048576K
}
Event: 3.353 GC heap before
{Heap before GC invocations=11 (full 0):
 garbage-first heap   total 96256K, used 75001K [0x0000000080000000, 0x0000000100000000)
  region size 1024K, 20 young (20480K), 2 survivors (2048K)
 Metaspace       used 33288K, committed 33664K, reserved 1081344K
  class space    used 4619K, committed 4800K, reserved 1048576K
}
Event: 3.355 GC heap after
{Heap after GC invocations=12 (full 0):
 garbage-first heap   total 115712K, used 57655K [0x0000000080000000, 0x0000000100000000)
  region size 1024K, 1 young (1024K), 1 survivors (1024K)
 Metaspace       used 33288K, committed 33664K, reserved 1081344K
  class space    used 4619K, committed 4800K, reserved 1048576K
}

Dll operation events (2 events):
Event: 0.006 Loaded shared library C:\Program Files\Android\Android Studio\jbr\bin\java.dll
Event: 0.512 Loaded shared library C:\Program Files\Android\Android Studio\jbr\bin\verify.dll

Deoptimization events (20 events):
Event: 3.581 Thread 0x000002b0100d3c60 DEOPT PACKING pc=0x000002b007c2f3bc sp=0x000000c168ef7380
Event: 3.581 Thread 0x000002b0100d3c60 DEOPT UNPACKING pc=0x000002b00758a1a3 sp=0x000000c168ef7338 mode 2
Event: 3.581 Thread 0x000002b0100d3c60 Uncommon trap: trap_request=0xffffffc6 fr.pc=0x000002b007c2f3bc relative=0x000000000000091c
Event: 3.581 Thread 0x000002b0100d3c60 Uncommon trap: reason=bimorphic_or_optimized_type_check action=maybe_recompile pc=0x000002b007c2f3bc method=java.io.BufferedInputStream.read([BII)I @ 101 c2
Event: 3.581 Thread 0x000002b0100d3c60 DEOPT PACKING pc=0x000002b007c2f3bc sp=0x000000c168ef7380
Event: 3.581 Thread 0x000002b0100d3c60 DEOPT UNPACKING pc=0x000002b00758a1a3 sp=0x000000c168ef7338 mode 2
Event: 3.581 Thread 0x000002b0100d3c60 Uncommon trap: trap_request=0xffffffc6 fr.pc=0x000002b007c2f3bc relative=0x000000000000091c
Event: 3.581 Thread 0x000002b0100d3c60 Uncommon trap: reason=bimorphic_or_optimized_type_check action=maybe_recompile pc=0x000002b007c2f3bc method=java.io.BufferedInputStream.read([BII)I @ 101 c2
Event: 3.581 Thread 0x000002b0100d3c60 DEOPT PACKING pc=0x000002b007c2f3bc sp=0x000000c168ef7380
Event: 3.581 Thread 0x000002b0100d3c60 DEOPT UNPACKING pc=0x000002b00758a1a3 sp=0x000000c168ef7338 mode 2
Event: 3.582 Thread 0x000002b0100d3c60 Uncommon trap: trap_request=0xffffffc6 fr.pc=0x000002b007c2f3bc relative=0x000000000000091c
Event: 3.582 Thread 0x000002b0100d3c60 Uncommon trap: reason=bimorphic_or_optimized_type_check action=maybe_recompile pc=0x000002b007c2f3bc method=java.io.BufferedInputStream.read([BII)I @ 101 c2
Event: 3.582 Thread 0x000002b0100d3c60 DEOPT PACKING pc=0x000002b007c2f3bc sp=0x000000c168ef7380
Event: 3.582 Thread 0x000002b0100d3c60 DEOPT UNPACKING pc=0x000002b00758a1a3 sp=0x000000c168ef7338 mode 2
Event: 3.601 Thread 0x000002b0100d3c60 Uncommon trap: trap_request=0xffffff45 fr.pc=0x000002b007c84720 relative=0x00000000000005c0
Event: 3.601 Thread 0x000002b0100d3c60 Uncommon trap: reason=unstable_if action=reinterpret pc=0x000002b007c84720 method=jdk.internal.org.objectweb.asm.MethodWriter.visitVarInsn(II)V @ 108 c2
Event: 3.601 Thread 0x000002b0100d3c60 DEOPT PACKING pc=0x000002b007c84720 sp=0x000000c168ef0450
Event: 3.601 Thread 0x000002b0100d3c60 DEOPT UNPACKING pc=0x000002b00758a1a3 sp=0x000000c168ef0418 mode 2
Event: 3.756 Thread 0x000002b0100d3c60 DEOPT PACKING pc=0x000002b0003ca954 sp=0x000000c168ef6ab0
Event: 3.756 Thread 0x000002b0100d3c60 DEOPT UNPACKING pc=0x000002b00758ace3 sp=0x000000c168ef6008 mode 0

Classes unloaded (0 events):
No events

Classes redefined (0 events):
No events

Internal exceptions (20 events):
Event: 2.905 Thread 0x000002b0100d3c60 Exception <a 'java/lang/NoSuchMethodError'{0x0000000085a9c0b8}: static Lorg/gradle/tooling/internal/consumer/versioning/VersionDetails$R51VersionDetails;.<clinit>()V> (0x0000000085a9c0b8) 
thrown [s\src\hotspot\share\prims\jni.cpp, line 1108]
Event: 2.922 Thread 0x000002b0100d3c60 Exception <a 'java/lang/NoSuchMethodError'{0x0000000085989bd8}: 'java.lang.Object java.lang.invoke.DirectMethodHandle$Holder.newInvokeSpecial(java.lang.Object, java.lang.Object, int)'> (0x0000000085989bd8) 
thrown [s\src\hotspot\share\interpreter\linkResolver.cpp, line 771]
Event: 3.087 Thread 0x000002b0100d3c60 Exception <a 'java/lang/NoSuchMethodError'{0x0000000085a0f5f0}: 'java.lang.Object java.lang.invoke.DirectMethodHandle$Holder.invokeSpecialIFC(java.lang.Object, java.lang.Object, java.lang.Object, java.lang.Object)'> (0x0000000085a0f5f0) 
thrown [s\src\hotspot\share\interpreter\linkResolver.cpp, line 771]
Event: 3.188 Thread 0x000002b0100d3c60 Implicit null exception at 0x000002b007b1bb93 to 0x000002b007b1bfd8
Event: 3.231 Thread 0x000002b0100d3c60 Exception <a 'java/lang/NoSuchMethodError'{0x00000000853a0288}: 'java.lang.Object java.lang.invoke.DirectMethodHandle$Holder.invokeSpecial(java.lang.Object, java.lang.Object, java.lang.Object, java.lang.Object, java.lang.Object, java.lang.Object, java.lang.Object, java.lang.Object, java.lang.Object, java.lang.Object, java.lang.Object, java.lang.Object, java.lang.Object)'> (0x00000000853a0288) 
thrown [s\src\hotspot\share\interpreter\linkResolver.cpp, line 771]
Event: 3.232 Thread 0x000002b0100d3c60 Exception <a 'java/lang/NoSuchMethodError'{0x00000000853b18b0}: 'java.lang.Object java.lang.invoke.DirectMethodHandle$Holder.newInvokeSpecial(java.lang.Object, java.lang.Object, java.lang.Object, java.lang.Object, java.lang.Object, java.lang.Object, java.lang.Object, java.lang.Object, java.lang.Object, java.lang.Object, java.lang.Object)'> (0x00000000853b18b0) 
thrown [s\src\hotspot\share\interpreter\linkResolver.cpp, line 771]
Event: 3.232 Thread 0x000002b0100d3c60 Exception <a 'java/lang/NoSuchMethodError'{0x00000000853b6948}: 'java.lang.Object java.lang.invoke.Invokers$Holder.linkToTargetMethod(java.lang.Object, java.lang.Object, java.lang.Object, java.lang.Object, java.lang.Object, java.lang.Object, java.lang.Object, java.lang.Object, java.lang.Object, java.lang.Object, java.lang.Object)'> (0x00000000853b6948) 
thrown [s\src\hotspot\share\interpreter\linkResolver.cpp, line 771]
Event: 3.239 Thread 0x000002b0100d3c60 Exception <a 'java/lang/NoSuchMethodError'{0x0000000085205810}: 'java.lang.Object java.lang.invoke.DirectMethodHandle$Holder.invokeSpecial(java.lang.Object, java.lang.Object, java.lang.Object, java.lang.Object, java.lang.Object, java.lang.Object, java.lang.Object, java.lang.Object, java.lang.Object, java.lang.Object, java.lang.Object, java.lang.Object, java.lang.Object, java.lang.Object)'> (0x0000000085205810) 
thrown [s\src\hotspot\share\interpreter\linkResolver.cpp, line 771]
Event: 3.240 Thread 0x000002b0100d3c60 Exception <a 'java/lang/NoSuchMethodError'{0x0000000085217e38}: 'java.lang.Object java.lang.invoke.DirectMethodHandle$Holder.newInvokeSpecial(java.lang.Object, java.lang.Object, java.lang.Object, java.lang.Object, java.lang.Object, java.lang.Object, java.lang.Object, java.lang.Object, java.lang.Object, java.lang.Object, java.lang.Object, java.lang.Object)'> (0x0000000085217e38) 
thrown [s\src\hotspot\share\interpreter\linkResolver.cpp, line 771]
Event: 3.240 Thread 0x000002b0100d3c60 Exception <a 'java/lang/NoSuchMethodError'{0x000000008521d7d0}: 'java.lang.Object java.lang.invoke.Invokers$Holder.linkToTargetMethod(java.lang.Object, java.lang.Object, java.lang.Object, java.lang.Object, java.lang.Object, java.lang.Object, java.lang.Object, java.lang.Object, java.lang.Object, java.lang.Object, java.lang.Object, java.lang.Object)'> (0x000000008521d7d0) 
thrown [s\src\hotspot\share\interpreter\linkResolver.cpp, line 771]
Event: 3.252 Thread 0x000002b0100d3c60 Exception <a 'java/lang/NoSuchMethodError'{0x00000000852c9d90}: 'java.lang.Object java.lang.invoke.DirectMethodHandle$Holder.invokeStaticInit(java.lang.Object, java.lang.Object, java.lang.Object, java.lang.Object)'> (0x00000000852c9d90) 
thrown [s\src\hotspot\share\interpreter\linkResolver.cpp, line 771]
Event: 3.417 Thread 0x000002b0100d3c60 Exception <a 'java/lang/NoSuchMethodError'{0x0000000086d82f40}: 'java.lang.Object java.lang.invoke.DirectMethodHandle$Holder.newInvokeSpecial(java.lang.Object, java.lang.Object, java.lang.Object, java.lang.Object, java.lang.Object, java.lang.Object, java.lang.Object, java.lang.Object)'> (0x0000000086d82f40) 
thrown [s\src\hotspot\share\interpreter\linkResolver.cpp, line 771]
Event: 3.418 Thread 0x000002b0100d3c60 Exception <a 'java/lang/NoSuchMethodError'{0x0000000086d88d20}: 'java.lang.Object java.lang.invoke.Invokers$Holder.linkToTargetMethod(java.lang.Object, java.lang.Object, java.lang.Object, java.lang.Object, java.lang.Object, java.lang.Object, java.lang.Object, java.lang.Object)'> (0x0000000086d88d20) 
thrown [s\src\hotspot\share\interpreter\linkResolver.cpp, line 771]
Event: 3.425 Thread 0x000002b0100d3c60 Exception <a 'java/lang/IncompatibleClassChangeError'{0x0000000086deba98}: Found class java.lang.Object, but interface was expected> (0x0000000086deba98) 
thrown [s\src\hotspot\share\interpreter\linkResolver.cpp, line 838]
Event: 3.563 Thread 0x000002b0100d3c60 Exception <a 'java/lang/NoSuchMethodError'{0x000000008643af18}: 'java.lang.Object java.lang.invoke.DirectMethodHandle$Holder.invokeSpecial(java.lang.Object, java.lang.Object, java.lang.Object, int, java.lang.Object, java.lang.Object)'> (0x000000008643af18) 
thrown [s\src\hotspot\share\interpreter\linkResolver.cpp, line 771]
Event: 3.601 Thread 0x000002b0100d3c60 Implicit null exception at 0x000002b007c84219 to 0x000002b007c84714
Event: 3.628 Thread 0x000002b0100d3c60 Exception <a 'java/lang/NoSuchMethodError'{0x000000008607f4e8}: 'void java.lang.invoke.DirectMethodHandle$Holder.invokeStaticInit(java.lang.Object, java.lang.Object, java.lang.Object)'> (0x000000008607f4e8) 
thrown [s\src\hotspot\share\interpreter\linkResolver.cpp, line 771]
Event: 3.629 Thread 0x000002b0100d3c60 Exception <a 'java/lang/NoSuchMethodError'{0x0000000086086eb8}: 'void java.lang.invoke.DirectMethodHandle$Holder.invokeStaticInit(java.lang.Object, java.lang.Object, java.lang.Object, java.lang.Object)'> (0x0000000086086eb8) 
thrown [s\src\hotspot\share\interpreter\linkResolver.cpp, line 771]
Event: 3.631 Thread 0x000002b0100d3c60 Exception <a 'java/lang/NoSuchMethodError'{0x00000000860a9080}: 'void java.lang.invoke.DirectMethodHandle$Holder.invokeStaticInit(java.lang.Object, java.lang.Object, java.lang.Object, java.lang.Object, java.lang.Object)'> (0x00000000860a9080) 
thrown [s\src\hotspot\share\interpreter\linkResolver.cpp, line 771]
Event: 3.642 Thread 0x000002b0100d3c60 Exception <a 'java/lang/NoSuchMethodError'{0x0000000085f038c8}: 'int java.lang.invoke.DirectMethodHandle$Holder.invokeStaticInit(java.lang.Object, java.lang.Object, java.lang.Object, java.lang.Object)'> (0x0000000085f038c8) 
thrown [s\src\hotspot\share\interpreter\linkResolver.cpp, line 771]

VM Operations (20 events):
Event: 2.920 Executing VM operation: HandshakeAllThreads
Event: 2.920 Executing VM operation: HandshakeAllThreads done
Event: 3.033 Executing VM operation: G1CollectForAllocation
Event: 3.035 Executing VM operation: G1CollectForAllocation done
Event: 3.048 Executing VM operation: HandshakeAllThreads
Event: 3.048 Executing VM operation: HandshakeAllThreads done
Event: 3.192 Executing VM operation: HandshakeAllThreads
Event: 3.192 Executing VM operation: HandshakeAllThreads done
Event: 3.352 Executing VM operation: G1CollectForAllocation
Event: 3.355 Executing VM operation: G1CollectForAllocation done
Event: 3.368 Executing VM operation: G1Concurrent
Event: 3.369 Executing VM operation: G1Concurrent done
Event: 3.375 Executing VM operation: G1Concurrent
Event: 3.376 Executing VM operation: G1Concurrent done
Event: 3.411 Executing VM operation: HandshakeAllThreads
Event: 3.411 Executing VM operation: HandshakeAllThreads done
Event: 3.595 Executing VM operation: HandshakeAllThreads
Event: 3.595 Executing VM operation: HandshakeAllThreads done
Event: 3.741 Executing VM operation: HandshakeAllThreads
Event: 3.741 Executing VM operation: HandshakeAllThreads done

Events (20 events):
Event: 3.758 loading class javax/swing/ButtonGroup done
Event: 3.758 loading class javax/swing/AbstractButton
Event: 3.758 loading class java/awt/ItemSelectable
Event: 3.758 loading class java/awt/ItemSelectable done
Event: 3.758 loading class javax/swing/SwingConstants
Event: 3.758 loading class javax/swing/SwingConstants done
Event: 3.759 loading class javax/swing/JComponent
Event: 3.760 loading class javax/swing/TransferHandler$HasGetTransferHandler
Event: 3.760 loading class javax/swing/TransferHandler$HasGetTransferHandler done
Event: 3.760 loading class java/awt/Container
Event: 3.761 loading class java/awt/Component
Event: 3.763 loading class java/awt/image/ImageObserver
Event: 3.763 loading class java/awt/image/ImageObserver done
Event: 3.763 loading class java/awt/MenuContainer
Event: 3.763 loading class java/awt/MenuContainer done
Event: 3.764 loading class java/awt/Component done
Event: 3.764 loading class java/awt/Container done
Event: 3.764 loading class javax/swing/JComponent done
Event: 3.764 loading class javax/swing/AbstractButton done
Event: 3.764 loading class javax/swing/JComboBox


Dynamic libraries:
0x00007ff606730000 - 0x00007ff60673a000 	C:\Program Files\Android\Android Studio\jbr\bin\java.exe
0x00007ffd405d0000 - 0x00007ffd407c7000 	C:\WINDOWS\SYSTEM32\ntdll.dll
0x00007ffd3e8f0000 - 0x00007ffd3e9ad000 	C:\WINDOWS\System32\KERNEL32.DLL
0x00007ffd3dfd0000 - 0x00007ffd3e2c6000 	C:\WINDOWS\System32\KERNELBASE.dll
0x00007ffd3dde0000 - 0x00007ffd3dee0000 	C:\WINDOWS\System32\ucrtbase.dll
0x00007ffd365d0000 - 0x00007ffd365e7000 	C:\Program Files\Android\Android Studio\jbr\bin\jli.dll
0x00007ffd36560000 - 0x00007ffd3657b000 	C:\Program Files\Android\Android Studio\jbr\bin\VCRUNTIME140.dll
0x00007ffd3f0e0000 - 0x00007ffd3f27e000 	C:\WINDOWS\System32\USER32.dll
0x00007ffd3dfa0000 - 0x00007ffd3dfc2000 	C:\WINDOWS\System32\win32u.dll
0x00007ffd140d0000 - 0x00007ffd1436a000 	C:\WINDOWS\WinSxS\amd64_microsoft.windows.common-controls_6595b64144ccf1df_6.0.19041.3570_none_60bb2a3971f3e41a\COMCTL32.dll
0x00007ffd40560000 - 0x00007ffd4058c000 	C:\WINDOWS\System32\GDI32.dll
0x00007ffd3e7a0000 - 0x00007ffd3e83e000 	C:\WINDOWS\System32\msvcrt.dll
0x00007ffd3e430000 - 0x00007ffd3e54a000 	C:\WINDOWS\System32\gdi32full.dll
0x00007ffd3dcb0000 - 0x00007ffd3dd4d000 	C:\WINDOWS\System32\msvcp_win.dll
0x00007ffd3f3e0000 - 0x00007ffd3f410000 	C:\WINDOWS\System32\IMM32.DLL
0x00007ffd39430000 - 0x00007ffd3943c000 	C:\Program Files\Android\Android Studio\jbr\bin\vcruntime140_1.dll
0x00007ffd0b6c0000 - 0x00007ffd0b74d000 	C:\Program Files\Android\Android Studio\jbr\bin\msvcp140.dll
0x00007ffcc58e0000 - 0x00007ffcc654d000 	C:\Program Files\Android\Android Studio\jbr\bin\server\jvm.dll
0x00007ffd3e840000 - 0x00007ffd3e8ee000 	C:\WINDOWS\System32\ADVAPI32.dll
0x00007ffd3e690000 - 0x00007ffd3e72c000 	C:\WINDOWS\System32\sechost.dll
0x00007ffd3f8c0000 - 0x00007ffd3f9e6000 	C:\WINDOWS\System32\RPCRT4.dll
0x00007ffd1a570000 - 0x00007ffd1a579000 	C:\WINDOWS\SYSTEM32\WSOCK32.dll
0x00007ffd1ad00000 - 0x00007ffd1ad27000 	C:\WINDOWS\SYSTEM32\WINMM.dll
0x00007ffd3f770000 - 0x00007ffd3f7db000 	C:\WINDOWS\System32\WS2_32.dll
0x00007ffd344a0000 - 0x00007ffd344aa000 	C:\WINDOWS\SYSTEM32\VERSION.dll
0x00007ffd3c4e0000 - 0x00007ffd3c4f2000 	C:\WINDOWS\SYSTEM32\kernel.appcore.dll
0x00007ffd1f4e0000 - 0x00007ffd1f4ea000 	C:\Program Files\Android\Android Studio\jbr\bin\jimage.dll
0x00007ffd3ba50000 - 0x00007ffd3bc34000 	C:\WINDOWS\SYSTEM32\DBGHELP.DLL
0x00007ffd333a0000 - 0x00007ffd333d4000 	C:\WINDOWS\SYSTEM32\dbgcore.DLL
0x00007ffd3dd50000 - 0x00007ffd3ddd2000 	C:\WINDOWS\System32\bcryptPrimitives.dll
0x00007ffd1f4b0000 - 0x00007ffd1f4d5000 	C:\Program Files\Android\Android Studio\jbr\bin\java.dll
0x00007ffd1f490000 - 0x00007ffd1f4a8000 	C:\Program Files\Android\Android Studio\jbr\bin\zip.dll
0x00007ffd3f9f0000 - 0x00007ffd40134000 	C:\WINDOWS\System32\SHELL32.dll
0x00007ffd3bd30000 - 0x00007ffd3c4cb000 	C:\WINDOWS\SYSTEM32\windows.storage.dll
0x00007ffd3f410000 - 0x00007ffd3f764000 	C:\WINDOWS\System32\combase.dll
0x00007ffd3d6f0000 - 0x00007ffd3d71d000 	C:\WINDOWS\SYSTEM32\Wldp.dll
0x00007ffd3ebb0000 - 0x00007ffd3ec5d000 	C:\WINDOWS\System32\SHCORE.dll
0x00007ffd3f860000 - 0x00007ffd3f8b5000 	C:\WINDOWS\System32\shlwapi.dll
0x00007ffd3dbe0000 - 0x00007ffd3dc05000 	C:\WINDOWS\SYSTEM32\profapi.dll
0x00007ffd0f930000 - 0x00007ffd0f949000 	C:\Program Files\Android\Android Studio\jbr\bin\net.dll
0x00007ffd2e290000 - 0x00007ffd2e39a000 	C:\WINDOWS\SYSTEM32\WINHTTP.dll
0x00007ffd3d450000 - 0x00007ffd3d4ba000 	C:\WINDOWS\system32\mswsock.dll
0x00007ffd0f910000 - 0x00007ffd0f926000 	C:\Program Files\Android\Android Studio\jbr\bin\nio.dll
0x00007ffd10660000 - 0x00007ffd10670000 	C:\Program Files\Android\Android Studio\jbr\bin\verify.dll
0x00007ffd11490000 - 0x00007ffd114b7000 	C:\Users\vkhan\.gradle\native\68d5fa5c4cc2d200863cafc0d521ce42e7d3e7ee720ec0a83991735586a16f82\windows-amd64\native-platform.dll
0x00007ffd0b4f0000 - 0x00007ffd0b634000 	C:\Users\vkhan\.gradle\native\e376f236ea51e6404a007f0833ffe2c6e607c4080706a723a18a27aeea778392\windows-amd64\native-platform-file-events.dll
0x00007ffd1f480000 - 0x00007ffd1f489000 	C:\Program Files\Android\Android Studio\jbr\bin\management.dll
0x00007ffd106b0000 - 0x00007ffd106bb000 	C:\Program Files\Android\Android Studio\jbr\bin\management_ext.dll
0x00007ffd3e790000 - 0x00007ffd3e798000 	C:\WINDOWS\System32\PSAPI.DLL
0x00007ffd3d650000 - 0x00007ffd3d668000 	C:\WINDOWS\SYSTEM32\CRYPTSP.dll
0x00007ffd3ccf0000 - 0x00007ffd3cd24000 	C:\WINDOWS\system32\rsaenh.dll
0x00007ffd3e550000 - 0x00007ffd3e577000 	C:\WINDOWS\System32\bcrypt.dll
0x00007ffd3dba0000 - 0x00007ffd3dbce000 	C:\WINDOWS\SYSTEM32\USERENV.dll
0x00007ffd3d640000 - 0x00007ffd3d64c000 	C:\WINDOWS\SYSTEM32\CRYPTBASE.dll
0x00007ffd3d0f0000 - 0x00007ffd3d12b000 	C:\WINDOWS\SYSTEM32\IPHLPAPI.DLL
0x00007ffd403c0000 - 0x00007ffd403c8000 	C:\WINDOWS\System32\NSI.dll
0x00007ffd335a0000 - 0x00007ffd335b7000 	C:\WINDOWS\SYSTEM32\dhcpcsvc6.DLL
0x00007ffd33380000 - 0x00007ffd3339d000 	C:\WINDOWS\SYSTEM32\dhcpcsvc.DLL
0x00007ffd3d140000 - 0x00007ffd3d20a000 	C:\WINDOWS\SYSTEM32\DNSAPI.dll
0x00007ffd103a0000 - 0x00007ffd103a7000 	C:\WINDOWS\system32\wshunix.dll

dbghelp: loaded successfully - version: 4.0.5 - missing functions: none
symbol engine: initialized successfully - sym options: 0x614 - pdb path: .;C:\Program Files\Android\Android Studio\jbr\bin;C:\WINDOWS\SYSTEM32;C:\WINDOWS\WinSxS\amd64_microsoft.windows.common-controls_6595b64144ccf1df_6.0.19041.3570_none_60bb2a3971f3e41a;C:\Program Files\Android\Android Studio\jbr\bin\server;C:\Users\vkhan\.gradle\native\68d5fa5c4cc2d200863cafc0d521ce42e7d3e7ee720ec0a83991735586a16f82\windows-amd64;C:\Users\vkhan\.gradle\native\e376f236ea51e6404a007f0833ffe2c6e607c4080706a723a18a27aeea778392\windows-amd64

VM Arguments:
jvm_args: --add-opens=java.base/java.util=ALL-UNNAMED --add-opens=java.base/java.lang=ALL-UNNAMED --add-opens=java.base/java.lang.invoke=ALL-UNNAMED --add-opens=java.prefs/java.util.prefs=ALL-UNNAMED --add-opens=java.base/java.nio.charset=ALL-UNNAMED --add-opens=java.base/java.net=ALL-UNNAMED --add-opens=java.base/java.util.concurrent.atomic=ALL-UNNAMED -Xmx2048m -Dfile.encoding=UTF-8 -Duser.country=US -Duser.language=en -Duser.variant 
java_command: org.gradle.launcher.daemon.bootstrap.GradleDaemon 8.0
java_class_path (initial): C:\Users\vkhan\.gradle\wrapper\dists\gradle-8.0-bin\ca5e32bp14vu59qr306oxotwh\gradle-8.0\lib\gradle-launcher-8.0.jar
Launcher Type: SUN_STANDARD

[Global flags]
     intx CICompilerCount                          = 4                                         {product} {ergonomic}
     uint ConcGCThreads                            = 2                                         {product} {ergonomic}
     uint G1ConcRefinementThreads                  = 8                                         {product} {ergonomic}
   size_t G1HeapRegionSize                         = 1048576                                   {product} {ergonomic}
    uintx GCDrainStackTargetSize                   = 64                                        {product} {ergonomic}
   size_t InitialHeapSize                          = 132120576                                 {product} {ergonomic}
   size_t MarkStackSize                            = 4194304                                   {product} {ergonomic}
   size_t MaxHeapSize                              = 2147483648                                {product} {command line}
   size_t MaxNewSize                               = 1287651328                                {product} {ergonomic}
   size_t MinHeapDeltaBytes                        = 1048576                                   {product} {ergonomic}
   size_t MinHeapSize                              = 8388608                                   {product} {ergonomic}
    uintx NonNMethodCodeHeapSize                   = 5839372                                {pd product} {ergonomic}
    uintx NonProfiledCodeHeapSize                  = 122909434                              {pd product} {ergonomic}
    uintx ProfiledCodeHeapSize                     = 122909434                              {pd product} {ergonomic}
    uintx ReservedCodeCacheSize                    = 251658240                              {pd product} {ergonomic}
     bool SegmentedCodeCache                       = true                                      {product} {ergonomic}
   size_t SoftMaxHeapSize                          = 2147483648                             {manageable} {ergonomic}
     bool UseCompressedClassPointers               = true                           {product lp64_product} {ergonomic}
     bool UseCompressedOops                        = true                           {product lp64_product} {ergonomic}
     bool UseG1GC                                  = true                                      {product} {ergonomic}
     bool UseLargePagesIndividualAllocation        = false                                  {pd product} {ergonomic}

Logging:
Log output configuration:
 #0: stdout all=warning uptime,level,tags
 #1: stderr all=off uptime,level,tags

Environment Variables:
PATH=C:\Program Files\Common Files\Oracle\Java\javapath;C:\Program Files (x86)\Common Files\Oracle\Java\javapath;C:\WINDOWS\system32;C:\WINDOWS;C:\WINDOWS\System32\Wbem;C:\WINDOWS\System32\WindowsPowerShell\v1.0\;C:\WINDOWS\System32\OpenSSH\;C:\Program Files\Microsoft SQL Server\Client SDK\ODBC\170\Tools\Binn\;C:\Program Files (x86)\Microsoft SQL Server\150\Tools\Binn\;C:\Program Files\Microsoft SQL Server\150\Tools\Binn\;C:\Program Files\Microsoft SQL Server\150\DTS\Binn\;C:\Program Files (x86)\Microsoft SQL Server\160\DTS\Binn\;C:\Program Files\Azure Data Studio\bin;C:\Program Files\Git\cmd;C:\Program Files\nodejs\;C:\Users\vkhan\AppData\Local\Programs\Python\Python311\Scripts\;C:\Users\vkhan\AppData\Local\Programs\Python\Python311\;C:\Users\vkhan\AppData\Local\Microsoft\WindowsApps;C:\Users\vkhan\AppData\Local\Programs\Microsoft VS Code\bin;C:\Program Files\Azure Data Studio\bin;C:\Users\vkhan\AppData\Roaming\npm;C:\Program Files\nodejs;
USERNAME=Admin
OS=Windows_NT
PROCESSOR_IDENTIFIER=Intel64 Family 6 Model 126 Stepping 5, GenuineIntel
TMP=C:\Users\vkhan\AppData\Local\Temp
TEMP=C:\Users\vkhan\AppData\Local\Temp



---------------  S Y S T E M  ---------------

OS:
 Windows 10 , 64 bit Build 19041 (10.0.19041.3570)
OS uptime: 5 days 20:00 hours

CPU: total 8 (initial active 8) (4 cores per cpu, 2 threads per core) family 6 model 126 stepping 5 microcode 0xbc, cx8, cmov, fxsr, ht, mmx, 3dnowpref, sse, sse2, sse3, ssse3, sse4.1, sse4.2, popcnt, lzcnt, tsc, tscinvbit, avx, avx2, aes, erms, clmul, bmi1, bmi2, adx, avx512f, avx512dq, avx512cd, avx512bw, avx512vl, sha, fma, vzeroupper, avx512_vpopcntdq, avx512_vpclmulqdq, avx512_vaes, avx512_vnni, clflush, clflushopt, avx512_vbmi2, avx512_vbmi

Memory: 4k page, system-wide physical 7959M (514M free)
TotalPageFile size 20759M (AvailPageFile size 5M)
current process WorkingSet (physical memory assigned to process): 249M, peak: 249M
current process commit charge ("private bytes"): 302M, peak: 302M

vm_info: OpenJDK 64-Bit Server VM (17.0.6+0-b2043.56-9586694) for windows-amd64 JRE (17.0.6+0-b2043.56-9586694), built on Feb  9 2023 20:06:20 by "androidbuild" with MS VC++ 16.10 / 16.11 (VS2019)

END.
