#
# There is insufficient memory for the Java Runtime Environment to continue.
# Native memory allocation (malloc) failed to allocate 795136 bytes for Chunk::new
# Possible reasons:
#   The system is out of physical RAM or swap space
#   The process is running with CompressedOops enabled, and the Java Heap may be blocking the growth of the native heap
# Possible solutions:
#   Reduce memory load on the system
#   Increase physical memory or swap space
#   Check if swap backing store is full
#   Decrease Java heap size (-Xmx/-Xms)
#   Decrease number of Java threads
#   Decrease Java thread stack sizes (-Xss)
#   Set larger code cache with -XX:ReservedCodeCacheSize=
#   JVM is running with Unscaled Compressed Oops mode in which the Java heap is
#     placed in the first 4GB address space. The Java Heap base address is the
#     maximum limit for the native heap growth. Please use -XX:HeapBaseMinAddress
#     to set the Java Heap base and to place the Java Heap above 4GB virtual address.
# This output file may be truncated or incomplete.
#
#  Out of Memory Error (arena.cpp:189), pid=15964, tid=14244
#
# JRE version: OpenJDK Runtime Environment (17.0.6) (build 17.0.6+0-b2043.56-9586694)
# Java VM: OpenJDK 64-Bit Server VM (17.0.6+0-b2043.56-9586694, mixed mode, tiered, compressed oops, compressed class ptrs, g1 gc, windows-amd64)
# No core dump will be written. Minidumps are not enabled by default on client versions of Windows
#

---------------  S U M M A R Y ------------

Command Line: --add-opens=java.base/java.util=ALL-UNNAMED --add-opens=java.base/java.lang=ALL-UNNAMED --add-opens=java.base/java.lang.invoke=ALL-UNNAMED --add-opens=java.prefs/java.util.prefs=ALL-UNNAMED --add-opens=java.base/java.nio.charset=ALL-UNNAMED --add-opens=java.base/java.net=ALL-UNNAMED --add-opens=java.base/java.util.concurrent.atomic=ALL-UNNAMED -Xmx2048m -Dfile.encoding=UTF-8 -Duser.country=US -Duser.language=en -Duser.variant org.gradle.launcher.daemon.bootstrap.GradleDaemon 8.0

Host: Intel(R) Core(TM) i5-1035G1 CPU @ 1.00GHz, 8 cores, 7G,  Windows 10 , 64 bit Build 19041 (10.0.19041.3570)
Time: Sun Nov 12 14:55:31 2023 SE Asia Standard Time elapsed time: 6.833596 seconds (0d 0h 0m 6s)

---------------  T H R E A D  ---------------

Current thread (0x0000015d9b4246c0):  JavaThread "C2 CompilerThread0" daemon [_thread_in_native, id=14244, stack(0x000000184bb00000,0x000000184bc00000)]


Current CompileTask:
C2:   6833 5647       4       java.lang.invoke.MethodType::makeImpl (109 bytes)

Stack: [0x000000184bb00000,0x000000184bc00000]
Native frames: (J=compiled Java code, j=interpreted, Vv=VM code, C=native code)
V  [jvm.dll+0x683b4a]
V  [jvm.dll+0x842654]
V  [jvm.dll+0x843dfe]
V  [jvm.dll+0x844463]
V  [jvm.dll+0x249b75]
V  [jvm.dll+0xabcac]
V  [jvm.dll+0xac27c]
V  [jvm.dll+0x2b0eef]
V  [jvm.dll+0x58a207]
V  [jvm.dll+0x2243b2]
V  [jvm.dll+0x21d8bf]
V  [jvm.dll+0x21b51b]
V  [jvm.dll+0x1a4fdd]
V  [jvm.dll+0x22b098]
V  [jvm.dll+0x229159]
V  [jvm.dll+0x7f809c]
V  [jvm.dll+0x7f25fa]
V  [jvm.dll+0x682985]
C  [ucrtbase.dll+0x21bb2]
C  [KERNEL32.DLL+0x17344]
C  [ntdll.dll+0x526b1]


---------------  P R O C E S S  ---------------

Threads class SMR info:
_java_thread_list=0x0000015d9df9db80, length=124, elements={
0x0000015dfe71dff0, 0x0000015d9a862250, 0x0000015d9a863d20, 0x0000015d9b412700,
0x0000015d9b420d30, 0x0000015d9b423210, 0x0000015d9b423ad0, 0x0000015d9b4246c0,
0x0000015d9b425070, 0x0000015d9b425970, 0x0000015d9b5ba350, 0x0000015d9b5c0c50,
0x0000015d9b82ab70, 0x0000015d9b82b040, 0x0000015d9b829d00, 0x0000015d9b82a1d0,
0x0000015d9b82a6a0, 0x0000015d9cbd49b0, 0x0000015d9cbd6690, 0x0000015d9cbd61c0,
0x0000015d9cbd7500, 0x0000015d9cbd5350, 0x0000015d9da1cc40, 0x0000015d9cbd8370,
0x0000015d9cbd3b40, 0x0000015d9cbd79d0, 0x0000015d9cbd6b60, 0x0000015d9cbda050,
0x0000015d9cbd44e0, 0x0000015d9cbd91e0, 0x0000015d9cbd9b80, 0x0000015d9cbd3670,
0x0000015d9cbd5cf0, 0x0000015d9cbd4010, 0x0000015d9cbd4e80, 0x0000015d9cbd7030,
0x0000015d9e0a8f10, 0x0000015d9e0a6890, 0x0000015d9e0a5a20, 0x0000015d9e0a7700,
0x0000015d9e0a80a0, 0x0000015d9e0a5ef0, 0x0000015d9e0a8a40, 0x0000015d9e425f00,
0x0000015d9e4246f0, 0x0000015d9e427710, 0x0000015d9e423880, 0x0000015d9e420860,
0x0000015d9e421200, 0x0000015d9e423d50, 0x0000015d9e420390, 0x0000015d9e422a10,
0x0000015d9e424bc0, 0x0000015d9e422540, 0x0000015d9e425090, 0x0000015d9e425560,
0x0000015d9e422ee0, 0x0000015d9e427240, 0x0000015d9e425a30, 0x0000015d9e4233b0,
0x0000015d9e4263d0, 0x0000015d9e424220, 0x0000015d9e4268a0, 0x0000015d9e426d70,
0x0000015d9e427be0, 0x0000015d9e420d30, 0x0000015d9e4216d0, 0x0000015d9e421ba0,
0x0000015d9e422070, 0x0000015d9da69820, 0x0000015d9da68e80, 0x0000015d9da6b030,
0x0000015d9da68010, 0x0000015d9da69350, 0x0000015d9da6a690, 0x0000015d9da684e0,
0x0000015d9da69cf0, 0x0000015d9da6cd10, 0x0000015d9da6a1c0, 0x0000015d9da6d1e0,
0x0000015d9da6f390, 0x0000015d9da6c370, 0x0000015d9da6e050, 0x0000015d9da6d6b0,
0x0000015d9da689b0, 0x0000015d9da6ab60, 0x0000015d9da6eec0, 0x0000015d9da6e520,
0x0000015d9da6f860, 0x0000015d9da6b500, 0x0000015d9da6db80, 0x0000015d9da6b9d0,
0x0000015d9da6e9f0, 0x0000015d9da6bea0, 0x0000015d9da6c840, 0x0000015d9f8a0ac0,
0x0000015d9f8a1e00, 0x0000015d9f89b8f0, 0x0000015d9f8a0f90, 0x0000015d9f8a22d0,
0x0000015d9f89f780, 0x0000015d9f8a27a0, 0x0000015d9f89d5d0, 0x0000015d9f8a1460,
0x0000015d9f89e440, 0x0000015d9f8a1930, 0x0000015d9f8a2c70, 0x0000015d9f89c290,
0x0000015d9f8a05f0, 0x0000015d9f89b420, 0x0000015d9f8a0120, 0x0000015d9f89c760,
0x0000015d9f89bdc0, 0x0000015d9f89ede0, 0x0000015d9f89fc50, 0x0000015d9f89cc30,
0x0000015d9f89d100, 0x0000015d9f89daa0, 0x0000015d9f89e910, 0x0000015d9f89df70,
0x0000015d9f89f2b0, 0x0000015d9dea1c90, 0x0000015d9de9f140, 0x0000015d9de9d930
}

Java Threads: ( => current thread )
  0x0000015dfe71dff0 JavaThread "main" [_thread_blocked, id=2448, stack(0x000000184ae00000,0x000000184af00000)]
  0x0000015d9a862250 JavaThread "Reference Handler" daemon [_thread_blocked, id=7452, stack(0x000000184b500000,0x000000184b600000)]
  0x0000015d9a863d20 JavaThread "Finalizer" daemon [_thread_blocked, id=18888, stack(0x000000184b600000,0x000000184b700000)]
  0x0000015d9b412700 JavaThread "Signal Dispatcher" daemon [_thread_blocked, id=22448, stack(0x000000184b700000,0x000000184b800000)]
  0x0000015d9b420d30 JavaThread "Attach Listener" daemon [_thread_blocked, id=9848, stack(0x000000184b800000,0x000000184b900000)]
  0x0000015d9b423210 JavaThread "Service Thread" daemon [_thread_blocked, id=19984, stack(0x000000184b900000,0x000000184ba00000)]
  0x0000015d9b423ad0 JavaThread "Monitor Deflation Thread" daemon [_thread_blocked, id=5480, stack(0x000000184ba00000,0x000000184bb00000)]
=>0x0000015d9b4246c0 JavaThread "C2 CompilerThread0" daemon [_thread_in_native, id=14244, stack(0x000000184bb00000,0x000000184bc00000)]
  0x0000015d9b425070 JavaThread "C1 CompilerThread0" daemon [_thread_blocked, id=2676, stack(0x000000184bc00000,0x000000184bd00000)]
  0x0000015d9b425970 JavaThread "Sweeper thread" daemon [_thread_blocked, id=9692, stack(0x000000184bd00000,0x000000184be00000)]
  0x0000015d9b5ba350 JavaThread "Common-Cleaner" daemon [_thread_blocked, id=2348, stack(0x000000184be00000,0x000000184bf00000)]
  0x0000015d9b5c0c50 JavaThread "Notification Thread" daemon [_thread_blocked, id=8124, stack(0x000000184bf00000,0x000000184c000000)]
  0x0000015d9b82ab70 JavaThread "Daemon health stats" [_thread_blocked, id=6060, stack(0x000000184c500000,0x000000184c600000)]
  0x0000015d9b82b040 JavaThread "Incoming local TCP Connector on port 63777" [_thread_in_native, id=16840, stack(0x000000184c600000,0x000000184c700000)]
  0x0000015d9b829d00 JavaThread "Daemon periodic checks" [_thread_blocked, id=2864, stack(0x000000184c700000,0x000000184c800000)]
  0x0000015d9b82a1d0 JavaThread "Daemon" [_thread_blocked, id=2692, stack(0x000000184c800000,0x000000184c900000)]
  0x0000015d9b82a6a0 JavaThread "Handler for socket connection from /127.0.0.1:63777 to /127.0.0.1:63778" [_thread_in_native, id=19088, stack(0x000000184c900000,0x000000184ca00000)]
  0x0000015d9cbd49b0 JavaThread "Cancel handler" [_thread_blocked, id=16336, stack(0x000000184ca00000,0x000000184cb00000)]
  0x0000015d9cbd6690 JavaThread "Daemon worker" [_thread_in_Java, id=14624, stack(0x000000184cb00000,0x000000184cc00000)]
  0x0000015d9cbd61c0 JavaThread "Asynchronous log dispatcher for DefaultDaemonConnection: socket connection from /127.0.0.1:63777 to /127.0.0.1:63778" [_thread_blocked, id=10328, stack(0x000000184cc00000,0x000000184cd00000)]
  0x0000015d9cbd7500 JavaThread "Stdin handler" [_thread_blocked, id=11816, stack(0x000000184cd00000,0x000000184ce00000)]
  0x0000015d9cbd5350 JavaThread "Daemon client event forwarder" [_thread_blocked, id=11632, stack(0x000000184ce00000,0x000000184cf00000)]
  0x0000015d9da1cc40 JavaThread "C2 CompilerThread1" daemon [_thread_in_native, id=13784, stack(0x000000184d300000,0x000000184d400000)]
  0x0000015d9cbd8370 JavaThread "Cache worker for journal cache (C:\Users\vkhan\.gradle\caches\journal-1)" [_thread_blocked, id=16192, stack(0x000000184d400000,0x000000184d500000)]
  0x0000015d9cbd3b40 JavaThread "File lock request listener" [_thread_in_native, id=16756, stack(0x000000184d500000,0x000000184d600000)]
  0x0000015d9cbd79d0 JavaThread "Cache worker for file hash cache (C:\Users\vkhan\.gradle\caches\8.0\fileHashes)" [_thread_blocked, id=3136, stack(0x000000184d600000,0x000000184d700000)]
  0x0000015d9cbd6b60 JavaThread "File watcher server" daemon [_thread_in_native, id=9116, stack(0x000000184d700000,0x000000184d800000)]
  0x0000015d9cbda050 JavaThread "File watcher consumer" daemon [_thread_blocked, id=15776, stack(0x000000184d800000,0x000000184d900000)]
  0x0000015d9cbd44e0 JavaThread "Cache worker for checksums cache (D:\LUANVAN\LV_QuanLiQuanAn\QuanLyQuanAn0609\.gradle\8.0\checksums)" [_thread_blocked, id=1940, stack(0x000000184d900000,0x000000184da00000)]
  0x0000015d9cbd91e0 JavaThread "Cache worker for cache directory md-rule (C:\Users\vkhan\.gradle\caches\8.0\md-rule)" [_thread_blocked, id=20392, stack(0x000000184da00000,0x000000184db00000)]
  0x0000015d9cbd9b80 JavaThread "Cache worker for file content cache (C:\Users\vkhan\.gradle\caches\8.0\fileContent)" [_thread_blocked, id=20376, stack(0x000000184db00000,0x000000184dc00000)]
  0x0000015d9cbd3670 JavaThread "Cache worker for file hash cache (D:\LUANVAN\LV_QuanLiQuanAn\QuanLyQuanAn0609\.gradle\8.0\fileHashes)" [_thread_blocked, id=20448, stack(0x000000184dc00000,0x000000184dd00000)]
  0x0000015d9cbd5cf0 JavaThread "Cache worker for cache directory md-supplier (C:\Users\vkhan\.gradle\caches\8.0\md-supplier)" [_thread_blocked, id=15648, stack(0x000000184dd00000,0x000000184de00000)]
  0x0000015d9cbd4010 JavaThread "Cache worker for execution history cache (C:\Users\vkhan\.gradle\caches\8.0\executionHistory)" [_thread_blocked, id=6492, stack(0x000000184de00000,0x000000184df00000)]
  0x0000015d9cbd4e80 JavaThread "jar transforms" [_thread_blocked, id=7600, stack(0x000000184df00000,0x000000184e000000)]
  0x0000015d9cbd7030 JavaThread "jar transforms Thread 2" [_thread_blocked, id=14852, stack(0x000000184e000000,0x000000184e100000)]
  0x0000015d9e0a8f10 JavaThread "jar transforms Thread 3" [_thread_blocked, id=22100, stack(0x000000184e200000,0x000000184e300000)]
  0x0000015d9e0a6890 JavaThread "jar transforms Thread 4" [_thread_blocked, id=12324, stack(0x000000184e300000,0x000000184e400000)]
  0x0000015d9e0a5a20 JavaThread "Cache worker for dependencies-accessors (D:\LUANVAN\LV_QuanLiQuanAn\QuanLyQuanAn0609\.gradle\8.0\dependencies-accessors)" [_thread_blocked, id=5220, stack(0x000000184e400000,0x000000184e500000)]
  0x0000015d9e0a7700 JavaThread "jar transforms Thread 5" [_thread_blocked, id=2668, stack(0x000000184e500000,0x000000184e600000)]
  0x0000015d9e0a80a0 JavaThread "Cache worker for Build Output Cleanup Cache (D:\LUANVAN\LV_QuanLiQuanAn\QuanLyQuanAn0609\.gradle\buildOutputCleanup)" [_thread_blocked, id=18208, stack(0x000000184e600000,0x000000184e700000)]
  0x0000015d9e0a5ef0 JavaThread "Unconstrained build operations" [_thread_blocked, id=3208, stack(0x000000184e700000,0x000000184e800000)]
  0x0000015d9e0a8a40 JavaThread "Unconstrained build operations Thread 2" [_thread_blocked, id=20440, stack(0x000000184e800000,0x000000184e900000)]
  0x0000015d9e425f00 JavaThread "Unconstrained build operations Thread 3" [_thread_blocked, id=8836, stack(0x000000184e900000,0x000000184ea00000)]
  0x0000015d9e4246f0 JavaThread "Unconstrained build operations Thread 4" [_thread_blocked, id=12264, stack(0x000000184ea00000,0x000000184eb00000)]
  0x0000015d9e427710 JavaThread "Unconstrained build operations Thread 5" [_thread_blocked, id=14656, stack(0x000000184eb00000,0x000000184ec00000)]
  0x0000015d9e423880 JavaThread "Unconstrained build operations Thread 6" [_thread_blocked, id=19420, stack(0x000000184ec00000,0x000000184ed00000)]
  0x0000015d9e420860 JavaThread "Unconstrained build operations Thread 7" [_thread_blocked, id=13024, stack(0x000000184ed00000,0x000000184ee00000)]
  0x0000015d9e421200 JavaThread "Unconstrained build operations Thread 8" [_thread_blocked, id=8576, stack(0x000000184ee00000,0x000000184ef00000)]
  0x0000015d9e423d50 JavaThread "Unconstrained build operations Thread 9" [_thread_blocked, id=4968, stack(0x000000184ef00000,0x000000184f000000)]
  0x0000015d9e420390 JavaThread "Unconstrained build operations Thread 10" [_thread_blocked, id=6908, stack(0x000000184f000000,0x000000184f100000)]
  0x0000015d9e422a10 JavaThread "Unconstrained build operations Thread 11" [_thread_blocked, id=13864, stack(0x000000184f100000,0x000000184f200000)]
  0x0000015d9e424bc0 JavaThread "Unconstrained build operations Thread 12" [_thread_blocked, id=7904, stack(0x000000184f200000,0x000000184f300000)]
  0x0000015d9e422540 JavaThread "Unconstrained build operations Thread 13" [_thread_blocked, id=17976, stack(0x000000184f300000,0x000000184f400000)]
  0x0000015d9e425090 JavaThread "Unconstrained build operations Thread 14" [_thread_blocked, id=7652, stack(0x000000184f400000,0x000000184f500000)]
  0x0000015d9e425560 JavaThread "Unconstrained build operations Thread 15" [_thread_blocked, id=2424, stack(0x000000184f500000,0x000000184f600000)]
  0x0000015d9e422ee0 JavaThread "Unconstrained build operations Thread 16" [_thread_blocked, id=4172, stack(0x000000184f600000,0x000000184f700000)]
  0x0000015d9e427240 JavaThread "Unconstrained build operations Thread 17" [_thread_blocked, id=13608, stack(0x000000184f700000,0x000000184f800000)]
  0x0000015d9e425a30 JavaThread "Unconstrained build operations Thread 18" [_thread_blocked, id=14804, stack(0x000000184f800000,0x000000184f900000)]
  0x0000015d9e4233b0 JavaThread "Unconstrained build operations Thread 19" [_thread_blocked, id=6616, stack(0x000000184f900000,0x000000184fa00000)]
  0x0000015d9e4263d0 JavaThread "Unconstrained build operations Thread 20" [_thread_blocked, id=19696, stack(0x000000184fa00000,0x000000184fb00000)]
  0x0000015d9e424220 JavaThread "Unconstrained build operations Thread 21" [_thread_blocked, id=9100, stack(0x000000184fb00000,0x000000184fc00000)]
  0x0000015d9e4268a0 JavaThread "Unconstrained build operations Thread 22" [_thread_blocked, id=5892, stack(0x000000184fc00000,0x000000184fd00000)]
  0x0000015d9e426d70 JavaThread "Unconstrained build operations Thread 23" [_thread_blocked, id=2360, stack(0x000000184fd00000,0x000000184fe00000)]
  0x0000015d9e427be0 JavaThread "Unconstrained build operations Thread 24" [_thread_blocked, id=3248, stack(0x000000184fe00000,0x000000184ff00000)]
  0x0000015d9e420d30 JavaThread "Unconstrained build operations Thread 25" [_thread_blocked, id=22360, stack(0x000000184ff00000,0x0000001850000000)]
  0x0000015d9e4216d0 JavaThread "Unconstrained build operations Thread 26" [_thread_blocked, id=8372, stack(0x0000001850000000,0x0000001850100000)]
  0x0000015d9e421ba0 JavaThread "Unconstrained build operations Thread 27" [_thread_blocked, id=2160, stack(0x0000001850100000,0x0000001850200000)]
  0x0000015d9e422070 JavaThread "Unconstrained build operations Thread 28" [_thread_blocked, id=4328, stack(0x0000001850200000,0x0000001850300000)]
  0x0000015d9da69820 JavaThread "Unconstrained build operations Thread 29" [_thread_blocked, id=15032, stack(0x0000001850300000,0x0000001850400000)]
  0x0000015d9da68e80 JavaThread "Unconstrained build operations Thread 30" [_thread_blocked, id=17808, stack(0x0000001850400000,0x0000001850500000)]
  0x0000015d9da6b030 JavaThread "Unconstrained build operations Thread 31" [_thread_blocked, id=18424, stack(0x0000001850500000,0x0000001850600000)]
  0x0000015d9da68010 JavaThread "Unconstrained build operations Thread 32" [_thread_blocked, id=17492, stack(0x0000001850600000,0x0000001850700000)]
  0x0000015d9da69350 JavaThread "Unconstrained build operations Thread 33" [_thread_blocked, id=16584, stack(0x0000001850700000,0x0000001850800000)]
  0x0000015d9da6a690 JavaThread "Unconstrained build operations Thread 34" [_thread_blocked, id=16748, stack(0x0000001850800000,0x0000001850900000)]
  0x0000015d9da684e0 JavaThread "Unconstrained build operations Thread 35" [_thread_blocked, id=8628, stack(0x0000001850900000,0x0000001850a00000)]
  0x0000015d9da69cf0 JavaThread "Unconstrained build operations Thread 36" [_thread_blocked, id=4392, stack(0x0000001850a00000,0x0000001850b00000)]
  0x0000015d9da6cd10 JavaThread "Unconstrained build operations Thread 37" [_thread_blocked, id=1192, stack(0x0000001850b00000,0x0000001850c00000)]
  0x0000015d9da6a1c0 JavaThread "Unconstrained build operations Thread 38" [_thread_blocked, id=19424, stack(0x0000001850c00000,0x0000001850d00000)]
  0x0000015d9da6d1e0 JavaThread "Unconstrained build operations Thread 39" [_thread_blocked, id=17260, stack(0x0000001850d00000,0x0000001850e00000)]
  0x0000015d9da6f390 JavaThread "Unconstrained build operations Thread 40" [_thread_blocked, id=15836, stack(0x0000001850e00000,0x0000001850f00000)]
  0x0000015d9da6c370 JavaThread "Unconstrained build operations Thread 41" [_thread_blocked, id=18296, stack(0x0000001850f00000,0x0000001851000000)]
  0x0000015d9da6e050 JavaThread "Unconstrained build operations Thread 42" [_thread_blocked, id=8144, stack(0x0000001851000000,0x0000001851100000)]
  0x0000015d9da6d6b0 JavaThread "Unconstrained build operations Thread 43" [_thread_blocked, id=14060, stack(0x0000001851100000,0x0000001851200000)]
  0x0000015d9da689b0 JavaThread "Unconstrained build operations Thread 44" [_thread_blocked, id=16732, stack(0x0000001851200000,0x0000001851300000)]
  0x0000015d9da6ab60 JavaThread "Unconstrained build operations Thread 45" [_thread_blocked, id=10092, stack(0x0000001851300000,0x0000001851400000)]
  0x0000015d9da6eec0 JavaThread "Unconstrained build operations Thread 46" [_thread_blocked, id=18256, stack(0x0000001851400000,0x0000001851500000)]
  0x0000015d9da6e520 JavaThread "Unconstrained build operations Thread 47" [_thread_blocked, id=12060, stack(0x0000001851500000,0x0000001851600000)]
  0x0000015d9da6f860 JavaThread "Unconstrained build operations Thread 48" [_thread_blocked, id=5484, stack(0x0000001851600000,0x0000001851700000)]
  0x0000015d9da6b500 JavaThread "Unconstrained build operations Thread 49" [_thread_blocked, id=13048, stack(0x0000001851700000,0x0000001851800000)]
  0x0000015d9da6db80 JavaThread "Unconstrained build operations Thread 50" [_thread_blocked, id=18144, stack(0x0000001851800000,0x0000001851900000)]
  0x0000015d9da6b9d0 JavaThread "Unconstrained build operations Thread 51" [_thread_blocked, id=6084, stack(0x0000001851900000,0x0000001851a00000)]
  0x0000015d9da6e9f0 JavaThread "Unconstrained build operations Thread 52" [_thread_blocked, id=10876, stack(0x0000001851a00000,0x0000001851b00000)]
  0x0000015d9da6bea0 JavaThread "Unconstrained build operations Thread 53" [_thread_blocked, id=19272, stack(0x0000001851b00000,0x0000001851c00000)]
  0x0000015d9da6c840 JavaThread "Unconstrained build operations Thread 54" [_thread_blocked, id=21660, stack(0x0000001851c00000,0x0000001851d00000)]
  0x0000015d9f8a0ac0 JavaThread "Unconstrained build operations Thread 55" [_thread_blocked, id=1484, stack(0x0000001851d00000,0x0000001851e00000)]
  0x0000015d9f8a1e00 JavaThread "Unconstrained build operations Thread 56" [_thread_blocked, id=20428, stack(0x0000001851e00000,0x0000001851f00000)]
  0x0000015d9f89b8f0 JavaThread "Unconstrained build operations Thread 57" [_thread_blocked, id=1528, stack(0x0000001851f00000,0x0000001852000000)]
  0x0000015d9f8a0f90 JavaThread "Unconstrained build operations Thread 58" [_thread_blocked, id=18128, stack(0x0000001852000000,0x0000001852100000)]
  0x0000015d9f8a22d0 JavaThread "Unconstrained build operations Thread 59" [_thread_blocked, id=10496, stack(0x0000001852100000,0x0000001852200000)]
  0x0000015d9f89f780 JavaThread "Unconstrained build operations Thread 60" [_thread_blocked, id=19600, stack(0x0000001852200000,0x0000001852300000)]
  0x0000015d9f8a27a0 JavaThread "Unconstrained build operations Thread 61" [_thread_blocked, id=22436, stack(0x0000001852300000,0x0000001852400000)]
  0x0000015d9f89d5d0 JavaThread "Unconstrained build operations Thread 62" [_thread_blocked, id=21604, stack(0x0000001852400000,0x0000001852500000)]
  0x0000015d9f8a1460 JavaThread "Unconstrained build operations Thread 63" [_thread_blocked, id=14132, stack(0x0000001852500000,0x0000001852600000)]
  0x0000015d9f89e440 JavaThread "Unconstrained build operations Thread 64" [_thread_blocked, id=11192, stack(0x0000001852600000,0x0000001852700000)]
  0x0000015d9f8a1930 JavaThread "Unconstrained build operations Thread 65" [_thread_blocked, id=6160, stack(0x0000001852700000,0x0000001852800000)]
  0x0000015d9f8a2c70 JavaThread "Unconstrained build operations Thread 66" [_thread_blocked, id=18692, stack(0x0000001852800000,0x0000001852900000)]
  0x0000015d9f89c290 JavaThread "Unconstrained build operations Thread 67" [_thread_blocked, id=5756, stack(0x0000001852900000,0x0000001852a00000)]
  0x0000015d9f8a05f0 JavaThread "Unconstrained build operations Thread 68" [_thread_blocked, id=14508, stack(0x0000001852a00000,0x0000001852b00000)]
  0x0000015d9f89b420 JavaThread "Unconstrained build operations Thread 69" [_thread_blocked, id=15320, stack(0x0000001852b00000,0x0000001852c00000)]
  0x0000015d9f8a0120 JavaThread "Unconstrained build operations Thread 70" [_thread_blocked, id=13228, stack(0x0000001852c00000,0x0000001852d00000)]
  0x0000015d9f89c760 JavaThread "Unconstrained build operations Thread 71" [_thread_blocked, id=2680, stack(0x0000001852d00000,0x0000001852e00000)]
  0x0000015d9f89bdc0 JavaThread "Unconstrained build operations Thread 72" [_thread_blocked, id=20136, stack(0x0000001852e00000,0x0000001852f00000)]
  0x0000015d9f89ede0 JavaThread "Unconstrained build operations Thread 73" [_thread_blocked, id=6540, stack(0x0000001852f00000,0x0000001853000000)]
  0x0000015d9f89fc50 JavaThread "Unconstrained build operations Thread 74" [_thread_blocked, id=6248, stack(0x0000001853000000,0x0000001853100000)]
  0x0000015d9f89cc30 JavaThread "Unconstrained build operations Thread 75" [_thread_blocked, id=14772, stack(0x0000001853100000,0x0000001853200000)]
  0x0000015d9f89d100 JavaThread "Unconstrained build operations Thread 76" [_thread_blocked, id=2300, stack(0x0000001853200000,0x0000001853300000)]
  0x0000015d9f89daa0 JavaThread "Unconstrained build operations Thread 77" [_thread_blocked, id=17792, stack(0x0000001853300000,0x0000001853400000)]
  0x0000015d9f89e910 JavaThread "Unconstrained build operations Thread 78" [_thread_blocked, id=8196, stack(0x0000001853400000,0x0000001853500000)]
  0x0000015d9f89df70 JavaThread "Unconstrained build operations Thread 79" [_thread_blocked, id=3784, stack(0x0000001853500000,0x0000001853600000)]
  0x0000015d9f89f2b0 JavaThread "Unconstrained build operations Thread 80" [_thread_blocked, id=13636, stack(0x0000001853600000,0x0000001853700000)]
  0x0000015d9dea1c90 JavaThread "jar transforms Thread 6" [_thread_blocked, id=18056, stack(0x0000001853700000,0x0000001853800000)]
  0x0000015d9de9f140 JavaThread "jar transforms Thread 7" [_thread_blocked, id=14384, stack(0x0000001853800000,0x0000001853900000)]
  0x0000015d9de9d930 JavaThread "jar transforms Thread 8" [_thread_blocked, id=6424, stack(0x0000001853900000,0x0000001853a00000)]

Other Threads:
  0x0000015d9a83fa20 VMThread "VM Thread" [stack: 0x000000184b400000,0x000000184b500000] [id=3320]
  0x0000015d9b5b8020 WatcherThread [stack: 0x000000184c000000,0x000000184c100000] [id=18220]
  0x0000015dff588e30 GCTaskThread "GC Thread#0" [stack: 0x000000184af00000,0x000000184b000000] [id=8920]
  0x0000015d9c04aef0 GCTaskThread "GC Thread#1" [stack: 0x000000184c100000,0x000000184c200000] [id=2756]
  0x0000015d9c04b1a0 GCTaskThread "GC Thread#2" [stack: 0x000000184c200000,0x000000184c300000] [id=16356]
  0x0000015d9c0c5190 GCTaskThread "GC Thread#3" [stack: 0x000000184c300000,0x000000184c400000] [id=18604]
  0x0000015d9c4e5810 GCTaskThread "GC Thread#4" [stack: 0x000000184c400000,0x000000184c500000] [id=15604]
  0x0000015d9d8eb060 GCTaskThread "GC Thread#5" [stack: 0x000000184cf00000,0x000000184d000000] [id=11000]
  0x0000015d9cf13b20 GCTaskThread "GC Thread#6" [stack: 0x000000184d000000,0x000000184d100000] [id=20516]
  0x0000015d9da24960 GCTaskThread "GC Thread#7" [stack: 0x000000184d100000,0x000000184d200000] [id=3056]
  0x0000015dff599c80 ConcurrentGCThread "G1 Main Marker" [stack: 0x000000184b000000,0x000000184b100000] [id=10908]
  0x0000015dff59a5a0 ConcurrentGCThread "G1 Conc#0" [stack: 0x000000184b100000,0x000000184b200000] [id=16432]
  0x0000015d9d934d80 ConcurrentGCThread "G1 Conc#1" [stack: 0x000000184d200000,0x000000184d300000] [id=14364]
  0x0000015dff5fd600 ConcurrentGCThread "G1 Refine#0" [stack: 0x000000184b200000,0x000000184b300000] [id=4992]
  0x0000015d9e150c50 ConcurrentGCThread "G1 Refine#1" [stack: 0x000000184e100000,0x000000184e200000] [id=20544]
  0x0000015d9a6940c0 ConcurrentGCThread "G1 Service" [stack: 0x000000184b300000,0x000000184b400000] [id=17012]

Threads with active compile tasks:
C2 CompilerThread0     6898 5647       4       java.lang.invoke.MethodType::makeImpl (109 bytes)
C2 CompilerThread1     6899 5688 %     4       java.util.zip.ZipFile$Source::initCEN @ 240 (591 bytes)

VM state: not at safepoint (normal execution)

VM Mutex/Monitor currently owned by a thread: None

Heap address: 0x0000000080000000, size: 2048 MB, Compressed Oops mode: 32-bit

CDS archive(s) not mapped
Compressed class space mapped at: 0x0000000100000000-0x0000000140000000, reserved size: 1073741824
Narrow klass base: 0x0000000000000000, Narrow klass shift: 3, Narrow klass range: 0x140000000

GC Precious Log:
 CPUs: 8 total, 8 available
 Memory: 7959M
 Large Page Support: Disabled
 NUMA Support: Disabled
 Compressed Oops: Enabled (32-bit)
 Heap Region Size: 1M
 Heap Min Capacity: 8M
 Heap Initial Capacity: 126M
 Heap Max Capacity: 2G
 Pre-touch: Disabled
 Parallel Workers: 8
 Concurrent Workers: 2
 Concurrent Refinement Workers: 8
 Periodic GC: Disabled

Heap:
 garbage-first heap   total 82944K, used 61171K [0x0000000080000000, 0x0000000100000000)
  region size 1024K, 28 young (28672K), 4 survivors (4096K)
 Metaspace       used 51889K, committed 52352K, reserved 1097728K
  class space    used 6843K, committed 7040K, reserved 1048576K

Heap Regions: E=young(eden), S=young(survivor), O=old, HS=humongous(starts), HC=humongous(continues), CS=collection set, F=free, OA=open archive, CA=closed archive, TAMS=top-at-mark-start (previous, next)
|   0|0x0000000080000000, 0x0000000080100000, 0x0000000080100000|100%|HS|  |TAMS 0x0000000080100000, 0x0000000080000000| Complete 
|   1|0x0000000080100000, 0x0000000080200000, 0x0000000080200000|100%|HC|  |TAMS 0x0000000080200000, 0x0000000080100000| Complete 
|   2|0x0000000080200000, 0x0000000080300000, 0x0000000080300000|100%|HC|  |TAMS 0x0000000080300000, 0x0000000080200000| Complete 
|   3|0x0000000080300000, 0x0000000080400000, 0x0000000080400000|100%|HC|  |TAMS 0x0000000080400000, 0x0000000080300000| Complete 
|   4|0x0000000080400000, 0x0000000080500000, 0x0000000080500000|100%| O|  |TAMS 0x0000000080500000, 0x0000000080400000| Untracked 
|   5|0x0000000080500000, 0x0000000080600000, 0x0000000080600000|100%| O|  |TAMS 0x0000000080600000, 0x0000000080500000| Untracked 
|   6|0x0000000080600000, 0x0000000080700000, 0x0000000080700000|100%| O|  |TAMS 0x0000000080700000, 0x0000000080600000| Untracked 
|   7|0x0000000080700000, 0x0000000080800000, 0x0000000080800000|100%| O|  |TAMS 0x0000000080800000, 0x0000000080700000| Untracked 
|   8|0x0000000080800000, 0x0000000080900000, 0x0000000080900000|100%| O|  |TAMS 0x0000000080900000, 0x0000000080800000| Untracked 
|   9|0x0000000080900000, 0x0000000080a00000, 0x0000000080a00000|100%| O|  |TAMS 0x0000000080a00000, 0x0000000080900000| Untracked 
|  10|0x0000000080a00000, 0x0000000080b00000, 0x0000000080b00000|100%| O|  |TAMS 0x0000000080b00000, 0x0000000080a00000| Untracked 
|  11|0x0000000080b00000, 0x0000000080b90800, 0x0000000080c00000| 56%| O|  |TAMS 0x0000000080b90800, 0x0000000080b00000| Untracked 
|  12|0x0000000080c00000, 0x0000000080d00000, 0x0000000080d00000|100%| O|  |TAMS 0x0000000080d00000, 0x0000000080c00000| Untracked 
|  13|0x0000000080d00000, 0x0000000080e00000, 0x0000000080e00000|100%| O|  |TAMS 0x0000000080e00000, 0x0000000080d00000| Untracked 
|  14|0x0000000080e00000, 0x0000000080f00000, 0x0000000080f00000|100%| O|  |TAMS 0x0000000080f00000, 0x0000000080e00000| Untracked 
|  15|0x0000000080f00000, 0x0000000081000000, 0x0000000081000000|100%| O|  |TAMS 0x0000000081000000, 0x0000000080f00000| Untracked 
|  16|0x0000000081000000, 0x0000000081100000, 0x0000000081100000|100%| O|  |TAMS 0x0000000081100000, 0x0000000081000000| Untracked 
|  17|0x0000000081100000, 0x0000000081200000, 0x0000000081200000|100%| O|  |TAMS 0x0000000081200000, 0x0000000081100000| Untracked 
|  18|0x0000000081200000, 0x0000000081300000, 0x0000000081300000|100%| O|  |TAMS 0x0000000081300000, 0x0000000081200000| Untracked 
|  19|0x0000000081300000, 0x0000000081400000, 0x0000000081400000|100%| O|  |TAMS 0x0000000081400000, 0x0000000081300000| Untracked 
|  20|0x0000000081400000, 0x0000000081500000, 0x0000000081500000|100%| O|  |TAMS 0x0000000081466600, 0x0000000081400000| Untracked 
|  21|0x0000000081500000, 0x0000000081600000, 0x0000000081600000|100%| O|  |TAMS 0x0000000081500000, 0x0000000081500000| Untracked 
|  22|0x0000000081600000, 0x0000000081700000, 0x0000000081700000|100%| O|  |TAMS 0x0000000081600000, 0x0000000081600000| Untracked 
|  23|0x0000000081700000, 0x000000008172c600, 0x0000000081800000| 17%| O|  |TAMS 0x0000000081700000, 0x0000000081700000| Untracked 
|  24|0x0000000081800000, 0x0000000081900000, 0x0000000081900000|100%| O|  |TAMS 0x0000000081800000, 0x0000000081800000| Untracked 
|  25|0x0000000081900000, 0x0000000081a00000, 0x0000000081a00000|100%| O|  |TAMS 0x0000000081900000, 0x0000000081900000| Untracked 
|  26|0x0000000081a00000, 0x0000000081b00000, 0x0000000081b00000|100%| O|  |TAMS 0x0000000081a00000, 0x0000000081a00000| Untracked 
|  27|0x0000000081b00000, 0x0000000081c00000, 0x0000000081c00000|100%| O|  |TAMS 0x0000000081b00000, 0x0000000081b00000| Untracked 
|  28|0x0000000081c00000, 0x0000000081d00000, 0x0000000081d00000|100%| O|  |TAMS 0x0000000081c00000, 0x0000000081c00000| Untracked 
|  29|0x0000000081d00000, 0x0000000081e00000, 0x0000000081e00000|100%| O|  |TAMS 0x0000000081d00000, 0x0000000081d00000| Untracked 
|  30|0x0000000081e00000, 0x0000000081f00000, 0x0000000081f00000|100%| O|  |TAMS 0x0000000081e00000, 0x0000000081e00000| Untracked 
|  31|0x0000000081f00000, 0x0000000082000000, 0x0000000082000000|100%| O|  |TAMS 0x0000000081f00000, 0x0000000081f00000| Untracked 
|  32|0x0000000082000000, 0x0000000082100000, 0x0000000082100000|100%| O|  |TAMS 0x0000000082000000, 0x0000000082000000| Untracked 
|  33|0x0000000082100000, 0x0000000082200000, 0x0000000082200000|100%|HS|  |TAMS 0x0000000082100000, 0x0000000082100000| Complete 
|  34|0x0000000082200000, 0x0000000082300000, 0x0000000082300000|100%|HS|  |TAMS 0x0000000082200000, 0x0000000082200000| Complete 
|  35|0x0000000082300000, 0x0000000082300000, 0x0000000082400000|  0%| F|  |TAMS 0x0000000082300000, 0x0000000082300000| Untracked 
|  36|0x0000000082400000, 0x0000000082400000, 0x0000000082500000|  0%| F|  |TAMS 0x0000000082400000, 0x0000000082400000| Untracked 
|  37|0x0000000082500000, 0x0000000082500000, 0x0000000082600000|  0%| F|  |TAMS 0x0000000082500000, 0x0000000082500000| Untracked 
|  38|0x0000000082600000, 0x0000000082600000, 0x0000000082700000|  0%| F|  |TAMS 0x0000000082600000, 0x0000000082600000| Untracked 
|  39|0x0000000082700000, 0x0000000082700000, 0x0000000082800000|  0%| F|  |TAMS 0x0000000082700000, 0x0000000082700000| Untracked 
|  40|0x0000000082800000, 0x0000000082800000, 0x0000000082900000|  0%| F|  |TAMS 0x0000000082800000, 0x0000000082800000| Untracked 
|  41|0x0000000082900000, 0x0000000082900000, 0x0000000082a00000|  0%| F|  |TAMS 0x0000000082900000, 0x0000000082900000| Untracked 
|  42|0x0000000082a00000, 0x0000000082a00000, 0x0000000082b00000|  0%| F|  |TAMS 0x0000000082a00000, 0x0000000082a00000| Untracked 
|  43|0x0000000082b00000, 0x0000000082b00000, 0x0000000082c00000|  0%| F|  |TAMS 0x0000000082b00000, 0x0000000082b00000| Untracked 
|  44|0x0000000082c00000, 0x0000000082c00000, 0x0000000082d00000|  0%| F|  |TAMS 0x0000000082c00000, 0x0000000082c00000| Untracked 
|  45|0x0000000082d00000, 0x0000000082d00000, 0x0000000082e00000|  0%| F|  |TAMS 0x0000000082d00000, 0x0000000082d00000| Untracked 
|  46|0x0000000082e00000, 0x0000000082f00000, 0x0000000082f00000|100%| S|CS|TAMS 0x0000000082e00000, 0x0000000082e00000| Complete 
|  47|0x0000000082f00000, 0x0000000083000000, 0x0000000083000000|100%| S|CS|TAMS 0x0000000082f00000, 0x0000000082f00000| Complete 
|  48|0x0000000083000000, 0x0000000083100000, 0x0000000083100000|100%| S|CS|TAMS 0x0000000083000000, 0x0000000083000000| Complete 
|  49|0x0000000083100000, 0x0000000083100000, 0x0000000083200000|  0%| F|  |TAMS 0x0000000083100000, 0x0000000083100000| Untracked 
|  50|0x0000000083200000, 0x0000000083200000, 0x0000000083300000|  0%| F|  |TAMS 0x0000000083200000, 0x0000000083200000| Untracked 
|  51|0x0000000083300000, 0x0000000083300000, 0x0000000083400000|  0%| F|  |TAMS 0x0000000083300000, 0x0000000083300000| Untracked 
|  52|0x0000000083400000, 0x0000000083500000, 0x0000000083500000|100%| S|CS|TAMS 0x0000000083400000, 0x0000000083400000| Complete 
|  53|0x0000000083500000, 0x0000000083500000, 0x0000000083600000|  0%| F|  |TAMS 0x0000000083500000, 0x0000000083500000| Untracked 
|  54|0x0000000083600000, 0x0000000083600000, 0x0000000083700000|  0%| F|  |TAMS 0x0000000083600000, 0x0000000083600000| Untracked 
|  55|0x0000000083700000, 0x0000000083700000, 0x0000000083800000|  0%| F|  |TAMS 0x0000000083700000, 0x0000000083700000| Untracked 
|  56|0x0000000083800000, 0x0000000083800000, 0x0000000083900000|  0%| F|  |TAMS 0x0000000083800000, 0x0000000083800000| Untracked 
|  57|0x0000000083900000, 0x0000000083982c68, 0x0000000083a00000| 51%| E|  |TAMS 0x0000000083900000, 0x0000000083900000| Complete 
|  58|0x0000000083a00000, 0x0000000083b00000, 0x0000000083b00000|100%| E|CS|TAMS 0x0000000083a00000, 0x0000000083a00000| Complete 
|  59|0x0000000083b00000, 0x0000000083c00000, 0x0000000083c00000|100%| E|  |TAMS 0x0000000083b00000, 0x0000000083b00000| Complete 
|  60|0x0000000083c00000, 0x0000000083d00000, 0x0000000083d00000|100%| E|CS|TAMS 0x0000000083c00000, 0x0000000083c00000| Complete 
|  61|0x0000000083d00000, 0x0000000083e00000, 0x0000000083e00000|100%| E|CS|TAMS 0x0000000083d00000, 0x0000000083d00000| Complete 
|  62|0x0000000083e00000, 0x0000000083f00000, 0x0000000083f00000|100%| E|CS|TAMS 0x0000000083e00000, 0x0000000083e00000| Complete 
|  63|0x0000000083f00000, 0x0000000084000000, 0x0000000084000000|100%| E|CS|TAMS 0x0000000083f00000, 0x0000000083f00000| Complete 
|  64|0x0000000084000000, 0x0000000084100000, 0x0000000084100000|100%| E|CS|TAMS 0x0000000084000000, 0x0000000084000000| Complete 
|  65|0x0000000084100000, 0x0000000084200000, 0x0000000084200000|100%| E|CS|TAMS 0x0000000084100000, 0x0000000084100000| Complete 
|  66|0x0000000084200000, 0x0000000084300000, 0x0000000084300000|100%| E|CS|TAMS 0x0000000084200000, 0x0000000084200000| Complete 
|  67|0x0000000084300000, 0x0000000084400000, 0x0000000084400000|100%| E|CS|TAMS 0x0000000084300000, 0x0000000084300000| Complete 
|  68|0x0000000084400000, 0x0000000084500000, 0x0000000084500000|100%| E|CS|TAMS 0x0000000084400000, 0x0000000084400000| Complete 
|  69|0x0000000084500000, 0x0000000084600000, 0x0000000084600000|100%| E|CS|TAMS 0x0000000084500000, 0x0000000084500000| Complete 
|  70|0x0000000084600000, 0x0000000084700000, 0x0000000084700000|100%| E|CS|TAMS 0x0000000084600000, 0x0000000084600000| Complete 
|  71|0x0000000084700000, 0x0000000084800000, 0x0000000084800000|100%| E|CS|TAMS 0x0000000084700000, 0x0000000084700000| Complete 
|  77|0x0000000084d00000, 0x0000000084e00000, 0x0000000084e00000|100%| E|CS|TAMS 0x0000000084d00000, 0x0000000084d00000| Complete 
|  78|0x0000000084e00000, 0x0000000084f00000, 0x0000000084f00000|100%| E|CS|TAMS 0x0000000084e00000, 0x0000000084e00000| Complete 
|  79|0x0000000084f00000, 0x0000000085000000, 0x0000000085000000|100%| E|CS|TAMS 0x0000000084f00000, 0x0000000084f00000| Complete 
|  80|0x0000000085000000, 0x0000000085100000, 0x0000000085100000|100%| E|CS|TAMS 0x0000000085000000, 0x0000000085000000| Complete 
|  81|0x0000000085100000, 0x0000000085200000, 0x0000000085200000|100%| E|CS|TAMS 0x0000000085100000, 0x0000000085100000| Complete 
|  82|0x0000000085200000, 0x0000000085300000, 0x0000000085300000|100%| E|CS|TAMS 0x0000000085200000, 0x0000000085200000| Complete 
|  83|0x0000000085300000, 0x0000000085400000, 0x0000000085400000|100%| E|CS|TAMS 0x0000000085300000, 0x0000000085300000| Complete 
|  84|0x0000000085400000, 0x0000000085500000, 0x0000000085500000|100%| E|CS|TAMS 0x0000000085400000, 0x0000000085400000| Complete 
| 125|0x0000000087d00000, 0x0000000087e00000, 0x0000000087e00000|100%| E|CS|TAMS 0x0000000087d00000, 0x0000000087d00000| Complete 

Card table byte_map: [0x0000015d93810000,0x0000015d93c10000] _byte_map_base: 0x0000015d93410000

Marking Bits (Prev, Next): (CMBitMap*) 0x0000015dff589350, (CMBitMap*) 0x0000015dff589390
 Prev Bits: [0x0000015d94010000, 0x0000015d96010000)
 Next Bits: [0x0000015d96010000, 0x0000015d98010000)

Polling page: 0x0000015dfe8b0000

Metaspace:

Usage:
  Non-class:     43.99 MB used.
      Class:      6.68 MB used.
       Both:     50.68 MB used.

Virtual space:
  Non-class space:       48.00 MB reserved,      44.25 MB ( 92%) committed,  6 nodes.
      Class space:        1.00 GB reserved,       6.88 MB ( <1%) committed,  1 nodes.
             Both:        1.05 GB reserved,      51.12 MB (  5%) committed. 

Chunk freelists:
   Non-Class:  3.66 MB
       Class:  1.09 MB
        Both:  4.75 MB

MaxMetaspaceSize: unlimited
CompressedClassSpaceSize: 1.00 GB
Initial GC threshold: 21.00 MB
Current GC threshold: 59.00 MB
CDS: off
MetaspaceReclaimPolicy: balanced
 - commit_granule_bytes: 65536.
 - commit_granule_words: 8192.
 - virtual_space_node_default_size: 1048576.
 - enlarge_chunks_in_place: 1.
 - new_chunks_are_fully_committed: 0.
 - uncommit_free_chunks: 1.
 - use_allocation_guard: 0.
 - handle_deallocations: 1.


Internal statistics:

num_allocs_failed_limit: 6.
num_arena_births: 484.
num_arena_deaths: 0.
num_vsnodes_births: 7.
num_vsnodes_deaths: 0.
num_space_committed: 818.
num_space_uncommitted: 0.
num_chunks_returned_to_freelist: 6.
num_chunks_taken_from_freelist: 2098.
num_chunk_merges: 6.
num_chunk_splits: 1408.
num_chunks_enlarged: 980.
num_purges: 0.
num_inconsistent_stats: 0.

CodeHeap 'non-profiled nmethods': size=120000Kb used=2974Kb max_used=2974Kb free=117025Kb
 bounds [0x0000015d8c2e0000, 0x0000015d8c5d0000, 0x0000015d93810000]
CodeHeap 'profiled nmethods': size=120000Kb used=11111Kb max_used=11111Kb free=108888Kb
 bounds [0x0000015d84810000, 0x0000015d852f0000, 0x0000015d8bd40000]
CodeHeap 'non-nmethods': size=5760Kb used=2322Kb max_used=2375Kb free=3438Kb
 bounds [0x0000015d8bd40000, 0x0000015d8bfb0000, 0x0000015d8c2e0000]
 total_blobs=6502 nmethods=5678 adapters=736
 compilation: enabled
              stopped_count=0, restarted_count=0
 full_count=0

Compilation events (20 events):
Event: 6.799 Thread 0x0000015d9b425070 5681       3       java.util.Hashtable$EntrySet::iterator (9 bytes)
Event: 6.799 Thread 0x0000015d9b425070 nmethod 5681 0x0000015d852df190 code [0x0000015d852df340, 0x0000015d852df488]
Event: 6.799 Thread 0x0000015d9b425070 5682       3       java.util.Hashtable::getIterator (22 bytes)
Event: 6.799 Thread 0x0000015d9b425070 nmethod 5682 0x0000015d852df590 code [0x0000015d852df740, 0x0000015d852df9c8]
Event: 6.800 Thread 0x0000015d9da1cc40 nmethod 5649 0x0000015d8c5c5590 code [0x0000015d8c5c5780, 0x0000015d8c5c66e8]
Event: 6.800 Thread 0x0000015d9da1cc40 5651   !   4       jdk.internal.reflect.UTF8::encode (191 bytes)
Event: 6.800 Thread 0x0000015d9b425070 5683       3       org.gradle.internal.service.DefaultServiceRegistry::get (44 bytes)
Event: 6.801 Thread 0x0000015d9b425070 nmethod 5683 0x0000015d852dfa90 code [0x0000015d852dfda0, 0x0000015d852e0f28]
Event: 6.803 Thread 0x0000015d9b425070 5684       3       com.google.common.base.CharMatcher$Or::matches (28 bytes)
Event: 6.803 Thread 0x0000015d9b425070 nmethod 5684 0x0000015d852e1510 code [0x0000015d852e16c0, 0x0000015d852e19f8]
Event: 6.804 Thread 0x0000015d9b425070 5685       3       org.gradle.internal.instantiation.generator.ParamsMatchingConstructorSelector::forParams (481 bytes)
Event: 6.806 Thread 0x0000015d9b425070 nmethod 5685 0x0000015d852e1b10 code [0x0000015d852e2080, 0x0000015d852e5158]
Event: 6.806 Thread 0x0000015d9b425070 5687       3       org.gradle.internal.instantiation.generator.DependencyInjectingInstantiator::verifyParameters (175 bytes)
Event: 6.808 Thread 0x0000015d9b425070 nmethod 5687 0x0000015d852e6110 code [0x0000015d852e6440, 0x0000015d852e7688]
Event: 6.808 Thread 0x0000015d9b425070 5686       3       org.gradle.internal.instantiation.generator.ParamsMatchingConstructorSelector::vetoParameters (1 bytes)
Event: 6.808 Thread 0x0000015d9b425070 nmethod 5686 0x0000015d852e7d10 code [0x0000015d852e7ea0, 0x0000015d852e7fb8]
Event: 6.811 Thread 0x0000015d9da1cc40 nmethod 5651 0x0000015d8c5c6d10 code [0x0000015d8c5c6ec0, 0x0000015d8c5c72d8]
Event: 6.811 Thread 0x0000015d9da1cc40 5688 %     4       java.util.zip.ZipFile$Source::initCEN @ 240 (591 bytes)
Event: 6.824 Thread 0x0000015d9b425070 5689       3       java.util.zip.ZipFile$Source$Key::hashCode (46 bytes)
Event: 6.824 Thread 0x0000015d9b425070 nmethod 5689 0x0000015d852e8090 code [0x0000015d852e8280, 0x0000015d852e8698]

GC Heap History (20 events):
Event: 0.815 GC heap before
{Heap before GC invocations=1 (full 0):
 garbage-first heap   total 129024K, used 40196K [0x0000000080000000, 0x0000000100000000)
  region size 1024K, 32 young (32768K), 3 survivors (3072K)
 Metaspace       used 11200K, committed 11456K, reserved 1064960K
  class space    used 1161K, committed 1280K, reserved 1048576K
}
Event: 0.818 GC heap after
{Heap after GC invocations=2 (full 0):
 garbage-first heap   total 129024K, used 14914K [0x0000000080000000, 0x0000000100000000)
  region size 1024K, 4 young (4096K), 4 survivors (4096K)
 Metaspace       used 11200K, committed 11456K, reserved 1064960K
  class space    used 1161K, committed 1280K, reserved 1048576K
}
Event: 1.672 GC heap before
{Heap before GC invocations=2 (full 0):
 garbage-first heap   total 129024K, used 51778K [0x0000000080000000, 0x0000000100000000)
  region size 1024K, 41 young (41984K), 4 survivors (4096K)
 Metaspace       used 21289K, committed 21504K, reserved 1073152K
  class space    used 2601K, committed 2688K, reserved 1048576K
}
Event: 1.678 GC heap after
{Heap after GC invocations=3 (full 0):
 garbage-first heap   total 129024K, used 18826K [0x0000000080000000, 0x0000000100000000)
  region size 1024K, 8 young (8192K), 8 survivors (8192K)
 Metaspace       used 21289K, committed 21504K, reserved 1073152K
  class space    used 2601K, committed 2688K, reserved 1048576K
}
Event: 2.284 GC heap before
{Heap before GC invocations=4 (full 0):
 garbage-first heap   total 68608K, used 51594K [0x0000000080000000, 0x0000000100000000)
  region size 1024K, 40 young (40960K), 8 survivors (8192K)
 Metaspace       used 26390K, committed 26752K, reserved 1073152K
  class space    used 3481K, committed 3648K, reserved 1048576K
}
Event: 2.292 GC heap after
{Heap after GC invocations=5 (full 0):
 garbage-first heap   total 68608K, used 20633K [0x0000000080000000, 0x0000000100000000)
  region size 1024K, 3 young (3072K), 3 survivors (3072K)
 Metaspace       used 26390K, committed 26752K, reserved 1073152K
  class space    used 3481K, committed 3648K, reserved 1048576K
}
Event: 2.722 GC heap before
{Heap before GC invocations=5 (full 0):
 garbage-first heap   total 68608K, used 46233K [0x0000000080000000, 0x0000000100000000)
  region size 1024K, 28 young (28672K), 3 survivors (3072K)
 Metaspace       used 30298K, committed 30592K, reserved 1081344K
  class space    used 4116K, committed 4224K, reserved 1048576K
}
Event: 2.725 GC heap after
{Heap after GC invocations=6 (full 0):
 garbage-first heap   total 68608K, used 22083K [0x0000000080000000, 0x0000000100000000)
  region size 1024K, 4 young (4096K), 4 survivors (4096K)
 Metaspace       used 30298K, committed 30592K, reserved 1081344K
  class space    used 4116K, committed 4224K, reserved 1048576K
}
Event: 3.111 GC heap before
{Heap before GC invocations=6 (full 0):
 garbage-first heap   total 68608K, used 48707K [0x0000000080000000, 0x0000000100000000)
  region size 1024K, 30 young (30720K), 4 survivors (4096K)
 Metaspace       used 34672K, committed 35008K, reserved 1081344K
  class space    used 4802K, committed 4992K, reserved 1048576K
}
Event: 3.115 GC heap after
{Heap after GC invocations=7 (full 0):
 garbage-first heap   total 68608K, used 23594K [0x0000000080000000, 0x0000000100000000)
  region size 1024K, 4 young (4096K), 4 survivors (4096K)
 Metaspace       used 34672K, committed 35008K, reserved 1081344K
  class space    used 4802K, committed 4992K, reserved 1048576K
}
Event: 3.198 GC heap before
{Heap before GC invocations=7 (full 0):
 garbage-first heap   total 68608K, used 26666K [0x0000000080000000, 0x0000000100000000)
  region size 1024K, 9 young (9216K), 4 survivors (4096K)
 Metaspace       used 35630K, committed 35968K, reserved 1081344K
  class space    used 4876K, committed 5056K, reserved 1048576K
}
Event: 3.201 GC heap after
{Heap after GC invocations=8 (full 0):
 garbage-first heap   total 82944K, used 24311K [0x0000000080000000, 0x0000000100000000)
  region size 1024K, 3 young (3072K), 3 survivors (3072K)
 Metaspace       used 35630K, committed 35968K, reserved 1081344K
  class space    used 4876K, committed 5056K, reserved 1048576K
}
Event: 3.706 GC heap before
{Heap before GC invocations=9 (full 0):
 garbage-first heap   total 82944K, used 58103K [0x0000000080000000, 0x0000000100000000)
  region size 1024K, 37 young (37888K), 3 survivors (3072K)
 Metaspace       used 40713K, committed 41088K, reserved 1089536K
  class space    used 5405K, committed 5568K, reserved 1048576K
}
Event: 3.710 GC heap after
{Heap after GC invocations=10 (full 0):
 garbage-first heap   total 82944K, used 28059K [0x0000000080000000, 0x0000000100000000)
  region size 1024K, 5 young (5120K), 5 survivors (5120K)
 Metaspace       used 40713K, committed 41088K, reserved 1089536K
  class space    used 5405K, committed 5568K, reserved 1048576K
}
Event: 4.509 GC heap before
{Heap before GC invocations=10 (full 0):
 garbage-first heap   total 82944K, used 63899K [0x0000000080000000, 0x0000000100000000)
  region size 1024K, 37 young (37888K), 5 survivors (5120K)
 Metaspace       used 43729K, committed 44096K, reserved 1089536K
  class space    used 5746K, committed 5888K, reserved 1048576K
}
Event: 4.516 GC heap after
{Heap after GC invocations=11 (full 0):
 garbage-first heap   total 82944K, used 31940K [0x0000000080000000, 0x0000000100000000)
  region size 1024K, 4 young (4096K), 4 survivors (4096K)
 Metaspace       used 43729K, committed 44096K, reserved 1089536K
  class space    used 5746K, committed 5888K, reserved 1048576K
}
Event: 5.446 GC heap before
{Heap before GC invocations=11 (full 0):
 garbage-first heap   total 82944K, used 61636K [0x0000000080000000, 0x0000000100000000)
  region size 1024K, 33 young (33792K), 4 survivors (4096K)
 Metaspace       used 48135K, committed 48576K, reserved 1097728K
  class space    used 6336K, committed 6528K, reserved 1048576K
}
Event: 5.452 GC heap after
{Heap after GC invocations=12 (full 0):
 garbage-first heap   total 82944K, used 34387K [0x0000000080000000, 0x0000000100000000)
  region size 1024K, 3 young (3072K), 3 survivors (3072K)
 Metaspace       used 48135K, committed 48576K, reserved 1097728K
  class space    used 6336K, committed 6528K, reserved 1048576K
}
Event: 6.327 GC heap before
{Heap before GC invocations=12 (full 0):
 garbage-first heap   total 82944K, used 63059K [0x0000000080000000, 0x0000000100000000)
  region size 1024K, 31 young (31744K), 3 survivors (3072K)
 Metaspace       used 51182K, committed 51584K, reserved 1097728K
  class space    used 6756K, committed 6912K, reserved 1048576K
}
Event: 6.332 GC heap after
{Heap after GC invocations=13 (full 0):
 garbage-first heap   total 82944K, used 36595K [0x0000000080000000, 0x0000000100000000)
  region size 1024K, 4 young (4096K), 4 survivors (4096K)
 Metaspace       used 51182K, committed 51584K, reserved 1097728K
  class space    used 6756K, committed 6912K, reserved 1048576K
}

Dll operation events (2 events):
Event: 0.005 Loaded shared library C:\Program Files\Android\Android Studio\jbr\bin\java.dll
Event: 0.320 Loaded shared library C:\Program Files\Android\Android Studio\jbr\bin\verify.dll

Deoptimization events (20 events):
Event: 6.456 Thread 0x0000015d9e421200 Uncommon trap: trap_request=0xffffffcc fr.pc=0x0000015d8c5a2efc relative=0x00000000000013dc
Event: 6.456 Thread 0x0000015d9e421200 Uncommon trap: reason=intrinsic_or_type_checked_inlining action=make_not_entrant pc=0x0000015d8c5a2efc method=java.util.ArrayList.toArray([Ljava/lang/Object;)[Ljava/lang/Object; @ 36 c2
Event: 6.456 Thread 0x0000015d9e421200 DEOPT PACKING pc=0x0000015d8c5a2efc sp=0x000000184eefdc20
Event: 6.456 Thread 0x0000015d9e421200 DEOPT UNPACKING pc=0x0000015d8bd9a1a3 sp=0x000000184eefdb70 mode 2
Event: 6.618 Thread 0x0000015d9cbd8370 DEOPT PACKING pc=0x0000015d850b2243 sp=0x000000184d4fe810
Event: 6.618 Thread 0x0000015d9cbd8370 DEOPT UNPACKING pc=0x0000015d8bd9ace3 sp=0x000000184d4fdc98 mode 0
Event: 6.742 Thread 0x0000015d9cbd6690 DEOPT PACKING pc=0x0000015d850ae451 sp=0x000000184cbf9060
Event: 6.742 Thread 0x0000015d9cbd6690 DEOPT UNPACKING pc=0x0000015d8bd9ace3 sp=0x000000184cbf8558 mode 0
Event: 6.748 Thread 0x0000015d9cbd6690 DEOPT PACKING pc=0x0000015d84897a93 sp=0x000000184cbf90e0
Event: 6.748 Thread 0x0000015d9cbd6690 DEOPT UNPACKING pc=0x0000015d8bd9ace3 sp=0x000000184cbf8618 mode 0
Event: 6.750 Thread 0x0000015d9cbd6690 DEOPT PACKING pc=0x0000015d850ae451 sp=0x000000184cbf9060
Event: 6.750 Thread 0x0000015d9cbd6690 DEOPT UNPACKING pc=0x0000015d8bd9ace3 sp=0x000000184cbf8558 mode 0
Event: 6.769 Thread 0x0000015d9cbd6690 Uncommon trap: trap_request=0xffffff45 fr.pc=0x0000015d8c496c9c relative=0x000000000000007c
Event: 6.769 Thread 0x0000015d9cbd6690 Uncommon trap: reason=unstable_if action=reinterpret pc=0x0000015d8c496c9c method=java.util.Spliterator.getExactSizeIfKnown()J @ 9 c2
Event: 6.769 Thread 0x0000015d9cbd6690 DEOPT PACKING pc=0x0000015d8c496c9c sp=0x000000184cbfa750
Event: 6.769 Thread 0x0000015d9cbd6690 DEOPT UNPACKING pc=0x0000015d8bd9a1a3 sp=0x000000184cbfa6e8 mode 2
Event: 6.803 Thread 0x0000015d9cbd6690 Uncommon trap: trap_request=0xffffffc6 fr.pc=0x0000015d8c414480 relative=0x0000000000000240
Event: 6.803 Thread 0x0000015d9cbd6690 Uncommon trap: reason=bimorphic_or_optimized_type_check action=maybe_recompile pc=0x0000015d8c414480 method=com.google.common.base.CharMatcher.indexIn(Ljava/lang/CharSequence;I)I @ 31 c2
Event: 6.803 Thread 0x0000015d9cbd6690 DEOPT PACKING pc=0x0000015d8c414480 sp=0x000000184cbf7920
Event: 6.803 Thread 0x0000015d9cbd6690 DEOPT UNPACKING pc=0x0000015d8bd9a1a3 sp=0x000000184cbf78c8 mode 2

Classes unloaded (0 events):
No events

Classes redefined (0 events):
No events

Internal exceptions (20 events):
Event: 5.874 Thread 0x0000015d9cbd6690 Exception <a 'java/lang/NoSuchMethodError'{0x0000000084057b48}: 'java.lang.Object java.lang.invoke.DelegatingMethodHandle$Holder.delegate(java.lang.Object, java.lang.Object, java.lang.Object, java.lang.Object, java.lang.Object, java.lang.Object, java.lang.Object, java.lang.Object, java.lang.Object, java.lang.Object, java.lang.Object, java.lang.Object, java.lang.Object, java.lang.Object, java.lang.Object, java.lang.Object, java.lang.Object, java.lang.Object, java.lang.Object, java.lang.Object, java.lang.Obj
Event: 5.884 Thread 0x0000015d9cbd6690 Exception <a 'java/lang/NoSuchMethodError'{0x00000000840d9e28}: 'java.lang.Object java.lang.invoke.DirectMethodHandle$Holder.invokeStatic(java.lang.Object, java.lang.Object, java.lang.Object, java.lang.Object, java.lang.Object, java.lang.Object, java.lang.Object, java.lang.Object, java.lang.Object, java.lang.Object, java.lang.Object, java.lang.Object, java.lang.Object, java.lang.Object, java.lang.Object, java.lang.Object, java.lang.Object)'> (0x00000000840d9e28) 
thrown [s\src\hotspot\share\interpreter\lin
Event: 5.887 Thread 0x0000015d9cbd6690 Exception <a 'java/lang/NoSuchMethodError'{0x0000000083f02988}: 'java.lang.Object java.lang.invoke.DirectMethodHandle$Holder.invokeStatic(java.lang.Object, java.lang.Object, java.lang.Object, java.lang.Object, java.lang.Object, java.lang.Object, java.lang.Object, java.lang.Object, java.lang.Object, java.lang.Object, java.lang.Object, java.lang.Object, java.lang.Object, java.lang.Object, java.lang.Object, java.lang.Object, java.lang.Object, java.lang.Object)'> (0x0000000083f02988) 
thrown [s\src\hotspot\sha
Event: 5.890 Thread 0x0000015d9cbd6690 Exception <a 'java/lang/NoSuchMethodError'{0x0000000083f2b580}: 'java.lang.Object java.lang.invoke.DirectMethodHandle$Holder.invokeStatic(java.lang.Object, java.lang.Object, java.lang.Object, java.lang.Object, java.lang.Object, java.lang.Object, java.lang.Object, java.lang.Object, java.lang.Object, java.lang.Object, java.lang.Object, java.lang.Object, java.lang.Object, java.lang.Object, java.lang.Object, java.lang.Object, java.lang.Object, java.lang.Object, java.lang.Object)'> (0x0000000083f2b580) 
thrown 
Event: 5.893 Thread 0x0000015d9cbd6690 Exception <a 'java/lang/NoSuchMethodError'{0x0000000083f55410}: 'java.lang.Object java.lang.invoke.DirectMethodHandle$Holder.invokeStatic(java.lang.Object, java.lang.Object, java.lang.Object, java.lang.Object, java.lang.Object, java.lang.Object, java.lang.Object, java.lang.Object, java.lang.Object, java.lang.Object, java.lang.Object, java.lang.Object, java.lang.Object, java.lang.Object, java.lang.Object, java.lang.Object, java.lang.Object, java.lang.Object, java.lang.Object, java.lang.Object)'> (0x00000000
Event: 5.895 Thread 0x0000015d9cbd6690 Exception <a 'java/lang/NoSuchMethodError'{0x0000000083f802c8}: 'java.lang.Object java.lang.invoke.DirectMethodHandle$Holder.invokeStatic(java.lang.Object, java.lang.Object, java.lang.Object, java.lang.Object, java.lang.Object, java.lang.Object, java.lang.Object, java.lang.Object, java.lang.Object, java.lang.Object, java.lang.Object, java.lang.Object, java.lang.Object, java.lang.Object, java.lang.Object, java.lang.Object, java.lang.Object, java.lang.Object, java.lang.Object, java.lang.Object, java.lang.Obj
Event: 5.898 Thread 0x0000015d9cbd6690 Exception <a 'java/lang/NoSuchMethodError'{0x0000000083fabd60}: 'java.lang.Object java.lang.invoke.DirectMethodHandle$Holder.invokeStatic(java.lang.Object, java.lang.Object, java.lang.Object, java.lang.Object, java.lang.Object, java.lang.Object, java.lang.Object, java.lang.Object, java.lang.Object, java.lang.Object, java.lang.Object, java.lang.Object, java.lang.Object, java.lang.Object, java.lang.Object, java.lang.Object, java.lang.Object, java.lang.Object, java.lang.Object, java.lang.Object, java.lang.Obj
Event: 5.900 Thread 0x0000015d9cbd6690 Exception <a 'java/lang/NoSuchMethodError'{0x0000000083fd9050}: 'java.lang.Object java.lang.invoke.DirectMethodHandle$Holder.invokeStatic(java.lang.Object, java.lang.Object, java.lang.Object, java.lang.Object, java.lang.Object, java.lang.Object, java.lang.Object, java.lang.Object, java.lang.Object, java.lang.Object, java.lang.Object, java.lang.Object, java.lang.Object, java.lang.Object, java.lang.Object, java.lang.Object, java.lang.Object, java.lang.Object, java.lang.Object, java.lang.Object, java.lang.Obj
Event: 5.903 Thread 0x0000015d9cbd6690 Exception <a 'java/lang/NoSuchMethodError'{0x0000000083e08310}: 'java.lang.Object java.lang.invoke.DirectMethodHandle$Holder.invokeStatic(java.lang.Object, java.lang.Object, java.lang.Object, java.lang.Object, java.lang.Object, java.lang.Object, java.lang.Object, java.lang.Object, java.lang.Object, java.lang.Object, java.lang.Object, java.lang.Object, java.lang.Object, java.lang.Object, java.lang.Object, java.lang.Object, java.lang.Object, java.lang.Object, java.lang.Object, java.lang.Object, java.lang.Obj
Event: 6.764 Thread 0x0000015d9cbd6690 Exception <a 'java/lang/NoSuchMethodError'{0x0000000083dc8cf0}: 'long java.lang.invoke.DirectMethodHandle$Holder.invokeVirtual(java.lang.Object, java.lang.Object)'> (0x0000000083dc8cf0) 
thrown [s\src\hotspot\share\interpreter\linkResolver.cpp, line 771]
Event: 6.772 Thread 0x0000015d9cbd5350 Exception <a 'java/lang/NoSuchMethodError'{0x0000000083c07048}: static Lorg/gradle/internal/build/event/types/DefaultOperationFinishedProgressEvent;.<clinit>()V> (0x0000000083c07048) 
thrown [s\src\hotspot\share\prims\jni.cpp, line 1108]
Event: 6.777 Thread 0x0000015d9cbd5350 Exception <a 'java/lang/NoSuchMethodError'{0x0000000083c2b0d0}: static Lorg/gradle/internal/build/event/types/DefaultProjectConfigurationSuccessResult;.<clinit>()V> (0x0000000083c2b0d0) 
thrown [s\src\hotspot\share\prims\jni.cpp, line 1108]
Event: 6.777 Thread 0x0000015d9cbd5350 Exception <a 'java/lang/NoSuchMethodError'{0x0000000083c2c3d8}: static Lorg/gradle/internal/build/event/types/AbstractProjectConfigurationResult;.<clinit>()V> (0x0000000083c2c3d8) 
thrown [s\src\hotspot\share\prims\jni.cpp, line 1108]
Event: 6.777 Thread 0x0000015d9cbd5350 Exception <a 'java/lang/NoSuchMethodError'{0x0000000083c2d948}: static Lorg/gradle/internal/build/event/types/AbstractOperationResult;.<clinit>()V> (0x0000000083c2d948) 
thrown [s\src\hotspot\share\prims\jni.cpp, line 1108]
Event: 6.777 Thread 0x0000015d9cbd5350 Exception <a 'java/lang/NoSuchMethodError'{0x0000000083c2e908}: static Lorg/gradle/internal/build/event/types/AbstractResult;.<clinit>()V> (0x0000000083c2e908) 
thrown [s\src\hotspot\share\prims\jni.cpp, line 1108]
Event: 6.779 Thread 0x0000015d9cbd5350 Exception <a 'java/lang/NoSuchMethodError'{0x0000000083c43b00}: static Lorg/gradle/internal/build/event/types/DefaultPluginApplicationResult;.<clinit>()V> (0x0000000083c43b00) 
thrown [s\src\hotspot\share\prims\jni.cpp, line 1108]
Event: 6.781 Thread 0x0000015d9cbd5350 Exception <a 'java/lang/NoSuchMethodError'{0x0000000083c4e968}: static Lorg/gradle/internal/build/event/types/DefaultBinaryPluginIdentifier;.<clinit>()V> (0x0000000083c4e968) 
thrown [s\src\hotspot\share\prims\jni.cpp, line 1108]
Event: 6.785 Thread 0x0000015d9cbd5350 Exception <a 'java/lang/NoSuchMethodError'{0x0000000083ce3a98}: static Lorg/gradle/internal/build/event/types/DefaultScriptPluginIdentifier;.<clinit>()V> (0x0000000083ce3a98) 
thrown [s\src\hotspot\share\prims\jni.cpp, line 1108]
Event: 6.797 Thread 0x0000015d9cbd6690 Exception <a 'java/lang/ClassNotFoundException'{0x0000000083cb7af8}: build_5x2onvm486jzc837r9jo5qk3mBeanInfo> (0x0000000083cb7af8) 
thrown [s\src\hotspot\share\classfile\systemDictionary.cpp, line 256]
Event: 6.797 Thread 0x0000015d9cbd6690 Exception <a 'java/lang/ClassNotFoundException'{0x0000000083cbe378}: build_5x2onvm486jzc837r9jo5qk3mCustomizer> (0x0000000083cbe378) 
thrown [s\src\hotspot\share\classfile\systemDictionary.cpp, line 256]

VM Operations (20 events):
Event: 5.298 Executing VM operation: HandshakeAllThreads
Event: 5.298 Executing VM operation: HandshakeAllThreads done
Event: 5.299 Executing VM operation: HandshakeAllThreads
Event: 5.299 Executing VM operation: HandshakeAllThreads done
Event: 5.342 Executing VM operation: ICBufferFull
Event: 5.342 Executing VM operation: ICBufferFull done
Event: 5.446 Executing VM operation: G1CollectForAllocation
Event: 5.452 Executing VM operation: G1CollectForAllocation done
Event: 6.207 Executing VM operation: ICBufferFull
Event: 6.207 Executing VM operation: ICBufferFull done
Event: 6.274 Executing VM operation: HandshakeAllThreads
Event: 6.275 Executing VM operation: HandshakeAllThreads done
Event: 6.327 Executing VM operation: G1CollectForAllocation
Event: 6.332 Executing VM operation: G1CollectForAllocation done
Event: 6.655 Executing VM operation: ICBufferFull
Event: 6.655 Executing VM operation: ICBufferFull done
Event: 6.766 Executing VM operation: HandshakeAllThreads
Event: 6.766 Executing VM operation: HandshakeAllThreads done
Event: 6.768 Executing VM operation: HandshakeAllThreads
Event: 6.769 Executing VM operation: HandshakeAllThreads done

Events (20 events):
Event: 6.448 Thread 0x0000015d9f89d100 Thread added: 0x0000015d9f89d100
Event: 6.448 Thread 0x0000015d9f89daa0 Thread added: 0x0000015d9f89daa0
Event: 6.448 Thread 0x0000015d9f89e910 Thread added: 0x0000015d9f89e910
Event: 6.449 Thread 0x0000015d9f89df70 Thread added: 0x0000015d9f89df70
Event: 6.449 Thread 0x0000015d9f89f2b0 Thread added: 0x0000015d9f89f2b0
Event: 6.607 Thread 0x0000015d9dea1c90 Thread added: 0x0000015d9dea1c90
Event: 6.608 Thread 0x0000015d9de9f140 Thread added: 0x0000015d9de9f140
Event: 6.608 Thread 0x0000015d9de9d930 Thread added: 0x0000015d9de9d930
Event: 6.764 loading class java/util/stream/SortedOps
Event: 6.765 loading class java/util/stream/SortedOps done
Event: 6.765 loading class java/util/stream/SortedOps$OfRef
Event: 6.765 loading class java/util/stream/ReferencePipeline$StatefulOp
Event: 6.765 loading class java/util/stream/ReferencePipeline$StatefulOp done
Event: 6.765 loading class java/util/stream/SortedOps$OfRef done
Event: 6.767 loading class java/util/stream/SortedOps$RefSortingSink
Event: 6.767 loading class java/util/stream/SortedOps$AbstractRefSortingSink
Event: 6.768 loading class java/util/stream/SortedOps$AbstractRefSortingSink done
Event: 6.768 loading class java/util/stream/SortedOps$RefSortingSink done
Event: 6.782 loading class java/time/Ser
Event: 6.783 loading class java/time/Ser done


Dynamic libraries:
0x00007ff6174a0000 - 0x00007ff6174aa000 	C:\Program Files\Android\Android Studio\jbr\bin\java.exe
0x00007ffd405d0000 - 0x00007ffd407c7000 	C:\WINDOWS\SYSTEM32\ntdll.dll
0x00007ffd3e8f0000 - 0x00007ffd3e9ad000 	C:\WINDOWS\System32\KERNEL32.DLL
0x00007ffd3dfd0000 - 0x00007ffd3e2c6000 	C:\WINDOWS\System32\KERNELBASE.dll
0x00007ffd3dde0000 - 0x00007ffd3dee0000 	C:\WINDOWS\System32\ucrtbase.dll
0x00007ffd38ea0000 - 0x00007ffd38eb7000 	C:\Program Files\Android\Android Studio\jbr\bin\jli.dll
0x00007ffd38570000 - 0x00007ffd3858b000 	C:\Program Files\Android\Android Studio\jbr\bin\VCRUNTIME140.dll
0x00007ffd3f0e0000 - 0x00007ffd3f27e000 	C:\WINDOWS\System32\USER32.dll
0x00007ffd3dfa0000 - 0x00007ffd3dfc2000 	C:\WINDOWS\System32\win32u.dll
0x00007ffd140d0000 - 0x00007ffd1436a000 	C:\WINDOWS\WinSxS\amd64_microsoft.windows.common-controls_6595b64144ccf1df_6.0.19041.3570_none_60bb2a3971f3e41a\COMCTL32.dll
0x00007ffd40560000 - 0x00007ffd4058c000 	C:\WINDOWS\System32\GDI32.dll
0x00007ffd3e7a0000 - 0x00007ffd3e83e000 	C:\WINDOWS\System32\msvcrt.dll
0x00007ffd3e430000 - 0x00007ffd3e54a000 	C:\WINDOWS\System32\gdi32full.dll
0x00007ffd3dcb0000 - 0x00007ffd3dd4d000 	C:\WINDOWS\System32\msvcp_win.dll
0x00007ffd3f3e0000 - 0x00007ffd3f410000 	C:\WINDOWS\System32\IMM32.DLL
0x00007ffd3a7e0000 - 0x00007ffd3a7ec000 	C:\Program Files\Android\Android Studio\jbr\bin\vcruntime140_1.dll
0x00007ffd2e170000 - 0x00007ffd2e1fd000 	C:\Program Files\Android\Android Studio\jbr\bin\msvcp140.dll
0x00007ffcc58e0000 - 0x00007ffcc654d000 	C:\Program Files\Android\Android Studio\jbr\bin\server\jvm.dll
0x00007ffd3e840000 - 0x00007ffd3e8ee000 	C:\WINDOWS\System32\ADVAPI32.dll
0x00007ffd3e690000 - 0x00007ffd3e72c000 	C:\WINDOWS\System32\sechost.dll
0x00007ffd3f8c0000 - 0x00007ffd3f9e6000 	C:\WINDOWS\System32\RPCRT4.dll
0x00007ffd1a570000 - 0x00007ffd1a579000 	C:\WINDOWS\SYSTEM32\WSOCK32.dll
0x00007ffd1ad00000 - 0x00007ffd1ad27000 	C:\WINDOWS\SYSTEM32\WINMM.dll
0x00007ffd344a0000 - 0x00007ffd344aa000 	C:\WINDOWS\SYSTEM32\VERSION.dll
0x00007ffd3f770000 - 0x00007ffd3f7db000 	C:\WINDOWS\System32\WS2_32.dll
0x00007ffd3c4e0000 - 0x00007ffd3c4f2000 	C:\WINDOWS\SYSTEM32\kernel.appcore.dll
0x00007ffd1f4e0000 - 0x00007ffd1f4ea000 	C:\Program Files\Android\Android Studio\jbr\bin\jimage.dll
0x00007ffd3ba50000 - 0x00007ffd3bc34000 	C:\WINDOWS\SYSTEM32\DBGHELP.DLL
0x00007ffd333a0000 - 0x00007ffd333d4000 	C:\WINDOWS\SYSTEM32\dbgcore.DLL
0x00007ffd3dd50000 - 0x00007ffd3ddd2000 	C:\WINDOWS\System32\bcryptPrimitives.dll
0x00007ffd1f4b0000 - 0x00007ffd1f4d5000 	C:\Program Files\Android\Android Studio\jbr\bin\java.dll
0x00007ffd1f490000 - 0x00007ffd1f4a8000 	C:\Program Files\Android\Android Studio\jbr\bin\zip.dll
0x00007ffd3f9f0000 - 0x00007ffd40134000 	C:\WINDOWS\System32\SHELL32.dll
0x00007ffd3bd30000 - 0x00007ffd3c4cb000 	C:\WINDOWS\SYSTEM32\windows.storage.dll
0x00007ffd3f410000 - 0x00007ffd3f764000 	C:\WINDOWS\System32\combase.dll
0x00007ffd3d6f0000 - 0x00007ffd3d71d000 	C:\WINDOWS\SYSTEM32\Wldp.dll
0x00007ffd3ebb0000 - 0x00007ffd3ec5d000 	C:\WINDOWS\System32\SHCORE.dll
0x00007ffd3f860000 - 0x00007ffd3f8b5000 	C:\WINDOWS\System32\shlwapi.dll
0x00007ffd3dbe0000 - 0x00007ffd3dc05000 	C:\WINDOWS\SYSTEM32\profapi.dll
0x00007ffd0f930000 - 0x00007ffd0f949000 	C:\Program Files\Android\Android Studio\jbr\bin\net.dll
0x00007ffd2e290000 - 0x00007ffd2e39a000 	C:\WINDOWS\SYSTEM32\WINHTTP.dll
0x00007ffd3d450000 - 0x00007ffd3d4ba000 	C:\WINDOWS\system32\mswsock.dll
0x00007ffd0f910000 - 0x00007ffd0f926000 	C:\Program Files\Android\Android Studio\jbr\bin\nio.dll
0x00007ffd10660000 - 0x00007ffd10670000 	C:\Program Files\Android\Android Studio\jbr\bin\verify.dll
0x00007ffd11490000 - 0x00007ffd114b7000 	C:\Users\vkhan\.gradle\native\68d5fa5c4cc2d200863cafc0d521ce42e7d3e7ee720ec0a83991735586a16f82\windows-amd64\native-platform.dll
0x00007ffd093a0000 - 0x00007ffd094e4000 	C:\Users\vkhan\.gradle\native\e376f236ea51e6404a007f0833ffe2c6e607c4080706a723a18a27aeea778392\windows-amd64\native-platform-file-events.dll
0x00007ffd1f480000 - 0x00007ffd1f489000 	C:\Program Files\Android\Android Studio\jbr\bin\management.dll
0x00007ffd106b0000 - 0x00007ffd106bb000 	C:\Program Files\Android\Android Studio\jbr\bin\management_ext.dll
0x00007ffd3e790000 - 0x00007ffd3e798000 	C:\WINDOWS\System32\PSAPI.DLL
0x00007ffd3d650000 - 0x00007ffd3d668000 	C:\WINDOWS\SYSTEM32\CRYPTSP.dll
0x00007ffd3ccf0000 - 0x00007ffd3cd24000 	C:\WINDOWS\system32\rsaenh.dll
0x00007ffd3e550000 - 0x00007ffd3e577000 	C:\WINDOWS\System32\bcrypt.dll
0x00007ffd3dba0000 - 0x00007ffd3dbce000 	C:\WINDOWS\SYSTEM32\USERENV.dll
0x00007ffd3d640000 - 0x00007ffd3d64c000 	C:\WINDOWS\SYSTEM32\CRYPTBASE.dll
0x00007ffd3d0f0000 - 0x00007ffd3d12b000 	C:\WINDOWS\SYSTEM32\IPHLPAPI.DLL
0x00007ffd403c0000 - 0x00007ffd403c8000 	C:\WINDOWS\System32\NSI.dll
0x00007ffd335a0000 - 0x00007ffd335b7000 	C:\WINDOWS\SYSTEM32\dhcpcsvc6.DLL
0x00007ffd33380000 - 0x00007ffd3339d000 	C:\WINDOWS\SYSTEM32\dhcpcsvc.DLL
0x00007ffd3d140000 - 0x00007ffd3d20a000 	C:\WINDOWS\SYSTEM32\DNSAPI.dll
0x00007ffd103a0000 - 0x00007ffd103a7000 	C:\WINDOWS\system32\wshunix.dll

dbghelp: loaded successfully - version: 4.0.5 - missing functions: none
symbol engine: initialized successfully - sym options: 0x614 - pdb path: .;C:\Program Files\Android\Android Studio\jbr\bin;C:\WINDOWS\SYSTEM32;C:\WINDOWS\WinSxS\amd64_microsoft.windows.common-controls_6595b64144ccf1df_6.0.19041.3570_none_60bb2a3971f3e41a;C:\Program Files\Android\Android Studio\jbr\bin\server;C:\Users\vkhan\.gradle\native\68d5fa5c4cc2d200863cafc0d521ce42e7d3e7ee720ec0a83991735586a16f82\windows-amd64;C:\Users\vkhan\.gradle\native\e376f236ea51e6404a007f0833ffe2c6e607c4080706a723a18a27aeea778392\windows-amd64

VM Arguments:
jvm_args: --add-opens=java.base/java.util=ALL-UNNAMED --add-opens=java.base/java.lang=ALL-UNNAMED --add-opens=java.base/java.lang.invoke=ALL-UNNAMED --add-opens=java.prefs/java.util.prefs=ALL-UNNAMED --add-opens=java.base/java.nio.charset=ALL-UNNAMED --add-opens=java.base/java.net=ALL-UNNAMED --add-opens=java.base/java.util.concurrent.atomic=ALL-UNNAMED -Xmx2048m -Dfile.encoding=UTF-8 -Duser.country=US -Duser.language=en -Duser.variant 
java_command: org.gradle.launcher.daemon.bootstrap.GradleDaemon 8.0
java_class_path (initial): C:\Users\vkhan\.gradle\wrapper\dists\gradle-8.0-bin\ca5e32bp14vu59qr306oxotwh\gradle-8.0\lib\gradle-launcher-8.0.jar
Launcher Type: SUN_STANDARD

[Global flags]
     intx CICompilerCount                          = 4                                         {product} {ergonomic}
     uint ConcGCThreads                            = 2                                         {product} {ergonomic}
     uint G1ConcRefinementThreads                  = 8                                         {product} {ergonomic}
   size_t G1HeapRegionSize                         = 1048576                                   {product} {ergonomic}
    uintx GCDrainStackTargetSize                   = 64                                        {product} {ergonomic}
   size_t InitialHeapSize                          = 132120576                                 {product} {ergonomic}
   size_t MarkStackSize                            = 4194304                                   {product} {ergonomic}
   size_t MaxHeapSize                              = 2147483648                                {product} {command line}
   size_t MaxNewSize                               = 1287651328                                {product} {ergonomic}
   size_t MinHeapDeltaBytes                        = 1048576                                   {product} {ergonomic}
   size_t MinHeapSize                              = 8388608                                   {product} {ergonomic}
    uintx NonNMethodCodeHeapSize                   = 5839372                                {pd product} {ergonomic}
    uintx NonProfiledCodeHeapSize                  = 122909434                              {pd product} {ergonomic}
    uintx ProfiledCodeHeapSize                     = 122909434                              {pd product} {ergonomic}
    uintx ReservedCodeCacheSize                    = 251658240                              {pd product} {ergonomic}
     bool SegmentedCodeCache                       = true                                      {product} {ergonomic}
   size_t SoftMaxHeapSize                          = 2147483648                             {manageable} {ergonomic}
     bool UseCompressedClassPointers               = true                           {product lp64_product} {ergonomic}
     bool UseCompressedOops                        = true                           {product lp64_product} {ergonomic}
     bool UseG1GC                                  = true                                      {product} {ergonomic}
     bool UseLargePagesIndividualAllocation        = false                                  {pd product} {ergonomic}

Logging:
Log output configuration:
 #0: stdout all=warning uptime,level,tags
 #1: stderr all=off uptime,level,tags

Environment Variables:
PATH=C:\Program Files\Common Files\Oracle\Java\javapath;C:\Program Files (x86)\Common Files\Oracle\Java\javapath;C:\WINDOWS\system32;C:\WINDOWS;C:\WINDOWS\System32\Wbem;C:\WINDOWS\System32\WindowsPowerShell\v1.0\;C:\WINDOWS\System32\OpenSSH\;C:\Program Files\Microsoft SQL Server\Client SDK\ODBC\170\Tools\Binn\;C:\Program Files (x86)\Microsoft SQL Server\150\Tools\Binn\;C:\Program Files\Microsoft SQL Server\150\Tools\Binn\;C:\Program Files\Microsoft SQL Server\150\DTS\Binn\;C:\Program Files (x86)\Microsoft SQL Server\160\DTS\Binn\;C:\Program Files\Azure Data Studio\bin;C:\Program Files\Git\cmd;C:\Program Files\nodejs\;C:\Users\vkhan\AppData\Local\Programs\Python\Python311\Scripts\;C:\Users\vkhan\AppData\Local\Programs\Python\Python311\;C:\Users\vkhan\AppData\Local\Microsoft\WindowsApps;C:\Users\vkhan\AppData\Local\Programs\Microsoft VS Code\bin;C:\Program Files\Azure Data Studio\bin;C:\Users\vkhan\AppData\Roaming\npm;C:\Program Files\nodejs;
USERNAME=Admin
OS=Windows_NT
PROCESSOR_IDENTIFIER=Intel64 Family 6 Model 126 Stepping 5, GenuineIntel
TMP=C:\Users\vkhan\AppData\Local\Temp
TEMP=C:\Users\vkhan\AppData\Local\Temp



---------------  S Y S T E M  ---------------

OS:
 Windows 10 , 64 bit Build 19041 (10.0.19041.3570)
OS uptime: 5 days 20:04 hours

CPU: total 8 (initial active 8) (4 cores per cpu, 2 threads per core) family 6 model 126 stepping 5 microcode 0xbc, cx8, cmov, fxsr, ht, mmx, 3dnowpref, sse, sse2, sse3, ssse3, sse4.1, sse4.2, popcnt, lzcnt, tsc, tscinvbit, avx, avx2, aes, erms, clmul, bmi1, bmi2, adx, avx512f, avx512dq, avx512cd, avx512bw, avx512vl, sha, fma, vzeroupper, avx512_vpopcntdq, avx512_vpclmulqdq, avx512_vaes, avx512_vnni, clflush, clflushopt, avx512_vbmi2, avx512_vbmi

Memory: 4k page, system-wide physical 7959M (360M free)
TotalPageFile size 20759M (AvailPageFile size 0M)
current process WorkingSet (physical memory assigned to process): 236M, peak: 237M
current process commit charge ("private bytes"): 274M, peak: 275M

vm_info: OpenJDK 64-Bit Server VM (17.0.6+0-b2043.56-9586694) for windows-amd64 JRE (17.0.6+0-b2043.56-9586694), built on Feb  9 2023 20:06:20 by "androidbuild" with MS VC++ 16.10 / 16.11 (VS2019)

END.
