#
# There is insufficient memory for the Java Runtime Environment to continue.
# Native memory allocation (mmap) failed to map 98566144 bytes for G1 virtual space
# Possible reasons:
#   The system is out of physical RAM or swap space
#   The process is running with CompressedOops enabled, and the Java Heap may be blocking the growth of the native heap
# Possible solutions:
#   Reduce memory load on the system
#   Increase physical memory or swap space
#   Check if swap backing store is full
#   Decrease Java heap size (-Xmx/-Xms)
#   Decrease number of Java threads
#   Decrease Java thread stack sizes (-Xss)
#   Set larger code cache with -XX:ReservedCodeCacheSize=
#   JVM is running with Unscaled Compressed Oops mode in which the Java heap is
#     placed in the first 4GB address space. The Java Heap base address is the
#     maximum limit for the native heap growth. Please use -XX:HeapBaseMinAddress
#     to set the Java Heap base and to place the Java Heap above 4GB virtual address.
# This output file may be truncated or incomplete.
#
#  Out of Memory Error (os_windows.cpp:3769), pid=3800, tid=18524
#
# JRE version: OpenJDK Runtime Environment (17.0.6) (build 17.0.6+0-b2043.56-9586694)
# Java VM: OpenJDK 64-Bit Server VM (17.0.6+0-b2043.56-9586694, mixed mode, tiered, compressed oops, compressed class ptrs, g1 gc, windows-amd64)
# No core dump will be written. Minidumps are not enabled by default on client versions of Windows
#

---------------  S U M M A R Y ------------

Command Line: --add-opens=java.base/java.util=ALL-UNNAMED --add-opens=java.base/java.lang=ALL-UNNAMED --add-opens=java.base/java.lang.invoke=ALL-UNNAMED --add-opens=java.prefs/java.util.prefs=ALL-UNNAMED --add-opens=java.base/java.nio.charset=ALL-UNNAMED --add-opens=java.base/java.net=ALL-UNNAMED --add-opens=java.base/java.util.concurrent.atomic=ALL-UNNAMED -Xmx2048m -Dfile.encoding=UTF-8 -Duser.country=US -Duser.language=en -Duser.variant org.gradle.launcher.daemon.bootstrap.GradleDaemon 8.0

Host: Intel(R) Core(TM) i5-1035G1 CPU @ 1.00GHz, 8 cores, 7G,  Windows 10 , 64 bit Build 19041 (10.0.19041.3570)
Time: Sun Nov 12 14:46:29 2023 SE Asia Standard Time elapsed time: 7.920450 seconds (0d 0h 0m 7s)

---------------  T H R E A D  ---------------

Current thread (0x000001ba3a017930):  VMThread "VM Thread" [stack: 0x000000b65a400000,0x000000b65a500000] [id=18524]

Stack: [0x000000b65a400000,0x000000b65a500000]
Native frames: (J=compiled Java code, j=interpreted, Vv=VM code, C=native code)
V  [jvm.dll+0x683b4a]
V  [jvm.dll+0x842654]
V  [jvm.dll+0x843dfe]
V  [jvm.dll+0x844463]
V  [jvm.dll+0x249b75]
V  [jvm.dll+0x680a19]
V  [jvm.dll+0x674f0a]
V  [jvm.dll+0x309acb]
V  [jvm.dll+0x310f86]
V  [jvm.dll+0x3608ee]
V  [jvm.dll+0x360b1f]
V  [jvm.dll+0x2dfbf8]
V  [jvm.dll+0x2ddec4]
V  [jvm.dll+0x2dd4cc]
V  [jvm.dll+0x321f3b]
V  [jvm.dll+0x84893b]
V  [jvm.dll+0x849674]
V  [jvm.dll+0x849b8d]
V  [jvm.dll+0x849f64]
V  [jvm.dll+0x84a030]
V  [jvm.dll+0x7f25fa]
V  [jvm.dll+0x682985]
C  [ucrtbase.dll+0x21bb2]
C  [KERNEL32.DLL+0x17344]
C  [ntdll.dll+0x526b1]

VM_Operation (0x000000b65bdf6c80): G1CollectForAllocation, mode: safepoint, requested by thread 0x000001ba3bcebe50


---------------  P R O C E S S  ---------------

Threads class SMR info:
_java_thread_list=0x000001ba3ea9d2b0, length=127, elements={
0x000001ba1f96a560, 0x000001ba3a03bad0, 0x000001ba3a03c590, 0x000001ba3a02d0b0,
0x000001ba396db030, 0x000001ba396dd900, 0x000001ba396de1c0, 0x000001ba3a05e000,
0x000001ba3a05ef10, 0x000001ba3a06ad20, 0x000001ba3a1ed680, 0x000001ba3a1f0580,
0x000001ba3a22c6b0, 0x000001ba3bced660, 0x000001ba3bceab10, 0x000001ba3bcec320,
0x000001ba3bcec7f0, 0x000001ba3bced190, 0x000001ba3bcea640, 0x000001ba3bcebe50,
0x000001ba3bceccc0, 0x000001ba3bcedb30, 0x000001ba3bcee000, 0x000001ba3bceafe0,
0x000001ba3bceb4b0, 0x000001ba3bceb980, 0x000001ba3efd0320, 0x000001ba3d6290b0,
0x000001ba3d628be0, 0x000001ba3d623540, 0x000001ba3d629f20, 0x000001ba3d628240,
0x000001ba3d629580, 0x000001ba3d6278a0, 0x000001ba3d625bc0, 0x000001ba3d6256f0,
0x000001ba3d623a10, 0x000001ba3d629a50, 0x000001ba3d626560, 0x000001ba3d626f00,
0x000001ba3d623ee0, 0x000001ba3d624880, 0x000001ba3d62a3f0, 0x000001ba3d62a8c0,
0x000001ba3d62ad90, 0x000001ba3d624d50, 0x000001ba3d627d70, 0x000001ba3d626a30,
0x000001ba3d626090, 0x000001ba3fa5e560, 0x000001ba3fa65410, 0x000001ba3fa5f8a0,
0x000001ba3fa658e0, 0x000001ba3fa5fd70, 0x000001ba3fa628c0, 0x000001ba3fa645a0,
0x000001ba3fa60240, 0x000001ba3fa640d0, 0x000001ba3fa64a70, 0x000001ba3fa5f3d0,
0x000001ba3fa5ea30, 0x000001ba3fa64f40, 0x000001ba3fa60710, 0x000001ba3fa61f20,
0x000001ba3fa5e090, 0x000001ba3fa60be0, 0x000001ba3fa5ef00, 0x000001ba3fa61580,
0x000001ba3fa610b0, 0x000001ba3fa62d90, 0x000001ba3fa61a50, 0x000001ba3fa623f0,
0x000001ba3fa63730, 0x000001ba3fa63260, 0x000001ba3fa63c00, 0x000001ba3a550f10,
0x000001ba3a5500a0, 0x000001ba3a54f230, 0x000001ba3a54e3c0, 0x000001ba3a54d080,
0x000001ba3a5513e0, 0x000001ba3a54f700, 0x000001ba3a550a40, 0x000001ba3a54d550,
0x000001ba3a54fbd0, 0x000001ba3a550570, 0x000001ba3a5518b0, 0x000001ba3a54a060,
0x000001ba3a54a530, 0x000001ba3a54bd40, 0x000001ba3a54aa00, 0x000001ba3a54cbb0,
0x000001ba3a54e890, 0x000001ba3a54ed60, 0x000001ba3a54c210, 0x000001ba3a54c6e0,
0x000001ba3a54da20, 0x000001ba3a54aed0, 0x000001ba3a54def0, 0x000001ba3a54b3a0,
0x000001ba3a54b870, 0x000001ba3a63cc20, 0x000001ba3a63b410, 0x000001ba3a639c00,
0x000001ba3a63af40, 0x000001ba3a6388c0, 0x000001ba3a636be0, 0x000001ba3a63d0f0,
0x000001ba3a6370b0, 0x000001ba3a63c750, 0x000001ba3a635d70, 0x000001ba3a6358a0,
0x000001ba3a637a50, 0x000001ba3a636240, 0x000001ba3a63a0d0, 0x000001ba3a636710,
0x000001ba3a639260, 0x000001ba3a637580, 0x000001ba3a637f20, 0x000001ba3a639730,
0x000001ba3a63b8e0, 0x000001ba3a6383f0, 0x000001ba3a63a5a0, 0x000001ba3a63bdb0,
0x000001ba3a638d90, 0x000001ba3a63aa70, 0x000001ba3f32bee0
}

Java Threads: ( => current thread )
  0x000001ba1f96a560 JavaThread "main" [_thread_blocked, id=4920, stack(0x000000b659e00000,0x000000b659f00000)]
  0x000001ba3a03bad0 JavaThread "Reference Handler" daemon [_thread_blocked, id=1436, stack(0x000000b65a500000,0x000000b65a600000)]
  0x000001ba3a03c590 JavaThread "Finalizer" daemon [_thread_blocked, id=16932, stack(0x000000b65a600000,0x000000b65a700000)]
  0x000001ba3a02d0b0 JavaThread "Signal Dispatcher" daemon [_thread_blocked, id=16736, stack(0x000000b65a700000,0x000000b65a800000)]
  0x000001ba396db030 JavaThread "Attach Listener" daemon [_thread_blocked, id=18816, stack(0x000000b65a800000,0x000000b65a900000)]
  0x000001ba396dd900 JavaThread "Service Thread" daemon [_thread_blocked, id=9172, stack(0x000000b65a900000,0x000000b65aa00000)]
  0x000001ba396de1c0 JavaThread "Monitor Deflation Thread" daemon [_thread_blocked, id=1580, stack(0x000000b65aa00000,0x000000b65ab00000)]
  0x000001ba3a05e000 JavaThread "C2 CompilerThread0" daemon [_thread_blocked, id=19508, stack(0x000000b65ab00000,0x000000b65ac00000)]
  0x000001ba3a05ef10 JavaThread "C1 CompilerThread0" daemon [_thread_blocked, id=7232, stack(0x000000b65ac00000,0x000000b65ad00000)]
  0x000001ba3a06ad20 JavaThread "Sweeper thread" daemon [_thread_blocked, id=11284, stack(0x000000b65ad00000,0x000000b65ae00000)]
  0x000001ba3a1ed680 JavaThread "Common-Cleaner" daemon [_thread_blocked, id=18364, stack(0x000000b65ae00000,0x000000b65af00000)]
  0x000001ba3a1f0580 JavaThread "Notification Thread" daemon [_thread_blocked, id=14392, stack(0x000000b65af00000,0x000000b65b000000)]
  0x000001ba3a22c6b0 JavaThread "C2 CompilerThread1" daemon [_thread_in_native, id=16980, stack(0x000000b65b100000,0x000000b65b200000)]
  0x000001ba3bced660 JavaThread "Daemon health stats" [_thread_blocked, id=21956, stack(0x000000b65b700000,0x000000b65b800000)]
  0x000001ba3bceab10 JavaThread "Incoming local TCP Connector on port 62481" [_thread_in_native, id=20816, stack(0x000000b65b800000,0x000000b65b900000)]
  0x000001ba3bcec320 JavaThread "Daemon periodic checks" [_thread_blocked, id=21396, stack(0x000000b65b900000,0x000000b65ba00000)]
  0x000001ba3bcec7f0 JavaThread "Daemon" [_thread_blocked, id=12332, stack(0x000000b65ba00000,0x000000b65bb00000)]
  0x000001ba3bced190 JavaThread "Handler for socket connection from /127.0.0.1:62481 to /127.0.0.1:62482" [_thread_in_native, id=21196, stack(0x000000b65bb00000,0x000000b65bc00000)]
  0x000001ba3bcea640 JavaThread "Cancel handler" [_thread_blocked, id=9304, stack(0x000000b65bc00000,0x000000b65bd00000)]
  0x000001ba3bcebe50 JavaThread "Daemon worker" [_thread_blocked, id=17304, stack(0x000000b65bd00000,0x000000b65be00000)]
  0x000001ba3bceccc0 JavaThread "Asynchronous log dispatcher for DefaultDaemonConnection: socket connection from /127.0.0.1:62481 to /127.0.0.1:62482" [_thread_blocked, id=12516, stack(0x000000b65be00000,0x000000b65bf00000)]
  0x000001ba3bcedb30 JavaThread "Stdin handler" [_thread_blocked, id=17856, stack(0x000000b65bf00000,0x000000b65c000000)]
  0x000001ba3bcee000 JavaThread "Daemon client event forwarder" [_thread_blocked, id=10500, stack(0x000000b65c000000,0x000000b65c100000)]
  0x000001ba3bceafe0 JavaThread "Cache worker for journal cache (C:\Users\vkhan\.gradle\caches\journal-1)" [_thread_blocked, id=18864, stack(0x000000b65c400000,0x000000b65c500000)]
  0x000001ba3bceb4b0 JavaThread "File lock request listener" [_thread_in_native, id=17000, stack(0x000000b65c500000,0x000000b65c600000)]
  0x000001ba3bceb980 JavaThread "Cache worker for file hash cache (C:\Users\vkhan\.gradle\caches\8.0\fileHashes)" [_thread_blocked, id=14584, stack(0x000000b65c600000,0x000000b65c700000)]
  0x000001ba3efd0320 JavaThread "C2 CompilerThread2" daemon [_thread_blocked, id=20356, stack(0x000000b65cc00000,0x000000b65cd00000)]
  0x000001ba3d6290b0 JavaThread "File watcher server" daemon [_thread_in_native, id=14792, stack(0x000000b65cd00000,0x000000b65ce00000)]
  0x000001ba3d628be0 JavaThread "File watcher consumer" daemon [_thread_blocked, id=7392, stack(0x000000b65ce00000,0x000000b65cf00000)]
  0x000001ba3d623540 JavaThread "Cache worker for checksums cache (D:\LUANVAN\LV_QuanLiQuanAn\QuanLyQuanAn0609\.gradle\8.0\checksums)" [_thread_blocked, id=7972, stack(0x000000b65cf00000,0x000000b65d000000)]
  0x000001ba3d629f20 JavaThread "Cache worker for cache directory md-rule (C:\Users\vkhan\.gradle\caches\8.0\md-rule)" [_thread_blocked, id=6036, stack(0x000000b65d000000,0x000000b65d100000)]
  0x000001ba3d628240 JavaThread "Cache worker for file content cache (C:\Users\vkhan\.gradle\caches\8.0\fileContent)" [_thread_blocked, id=16960, stack(0x000000b65d100000,0x000000b65d200000)]
  0x000001ba3d629580 JavaThread "Cache worker for file hash cache (D:\LUANVAN\LV_QuanLiQuanAn\QuanLyQuanAn0609\.gradle\8.0\fileHashes)" [_thread_blocked, id=21064, stack(0x000000b65d200000,0x000000b65d300000)]
  0x000001ba3d6278a0 JavaThread "Cache worker for cache directory md-supplier (C:\Users\vkhan\.gradle\caches\8.0\md-supplier)" [_thread_blocked, id=9072, stack(0x000000b65d300000,0x000000b65d400000)]
  0x000001ba3d625bc0 JavaThread "Cache worker for execution history cache (C:\Users\vkhan\.gradle\caches\8.0\executionHistory)" [_thread_blocked, id=16232, stack(0x000000b65d400000,0x000000b65d500000)]
  0x000001ba3d6256f0 JavaThread "jar transforms" [_thread_blocked, id=5644, stack(0x000000b65d500000,0x000000b65d600000)]
  0x000001ba3d623a10 JavaThread "jar transforms Thread 2" [_thread_blocked, id=17904, stack(0x000000b65d600000,0x000000b65d700000)]
  0x000001ba3d629a50 JavaThread "jar transforms Thread 3" [_thread_blocked, id=6672, stack(0x000000b65d700000,0x000000b65d800000)]
  0x000001ba3d626560 JavaThread "jar transforms Thread 4" [_thread_blocked, id=324, stack(0x000000b65d800000,0x000000b65d900000)]
  0x000001ba3d626f00 JavaThread "Cache worker for dependencies-accessors (D:\LUANVAN\LV_QuanLiQuanAn\QuanLyQuanAn0609\.gradle\8.0\dependencies-accessors)" [_thread_blocked, id=18552, stack(0x000000b65d900000,0x000000b65da00000)]
  0x000001ba3d623ee0 JavaThread "jar transforms Thread 5" [_thread_blocked, id=6644, stack(0x000000b65da00000,0x000000b65db00000)]
  0x000001ba3d624880 JavaThread "Cache worker for Build Output Cleanup Cache (D:\LUANVAN\LV_QuanLiQuanAn\QuanLyQuanAn0609\.gradle\buildOutputCleanup)" [_thread_blocked, id=20744, stack(0x000000b65db00000,0x000000b65dc00000)]
  0x000001ba3d62a3f0 JavaThread "Unconstrained build operations" [_thread_blocked, id=3128, stack(0x000000b65dc00000,0x000000b65dd00000)]
  0x000001ba3d62a8c0 JavaThread "Unconstrained build operations Thread 2" [_thread_blocked, id=9204, stack(0x000000b65dd00000,0x000000b65de00000)]
  0x000001ba3d62ad90 JavaThread "Unconstrained build operations Thread 3" [_thread_blocked, id=4044, stack(0x000000b65de00000,0x000000b65df00000)]
  0x000001ba3d624d50 JavaThread "Unconstrained build operations Thread 4" [_thread_blocked, id=1632, stack(0x000000b65df00000,0x000000b65e000000)]
  0x000001ba3d627d70 JavaThread "Unconstrained build operations Thread 5" [_thread_blocked, id=7744, stack(0x000000b65e000000,0x000000b65e100000)]
  0x000001ba3d626a30 JavaThread "Unconstrained build operations Thread 6" [_thread_blocked, id=5468, stack(0x000000b65e100000,0x000000b65e200000)]
  0x000001ba3d626090 JavaThread "Unconstrained build operations Thread 7" [_thread_blocked, id=9428, stack(0x000000b65e200000,0x000000b65e300000)]
  0x000001ba3fa5e560 JavaThread "Unconstrained build operations Thread 8" [_thread_blocked, id=12648, stack(0x000000b65e300000,0x000000b65e400000)]
  0x000001ba3fa65410 JavaThread "Unconstrained build operations Thread 9" [_thread_blocked, id=18784, stack(0x000000b65e400000,0x000000b65e500000)]
  0x000001ba3fa5f8a0 JavaThread "Unconstrained build operations Thread 10" [_thread_blocked, id=8560, stack(0x000000b65e500000,0x000000b65e600000)]
  0x000001ba3fa658e0 JavaThread "Unconstrained build operations Thread 11" [_thread_blocked, id=11440, stack(0x000000b65e600000,0x000000b65e700000)]
  0x000001ba3fa5fd70 JavaThread "Unconstrained build operations Thread 12" [_thread_blocked, id=2588, stack(0x000000b65e700000,0x000000b65e800000)]
  0x000001ba3fa628c0 JavaThread "Unconstrained build operations Thread 13" [_thread_blocked, id=11992, stack(0x000000b65e800000,0x000000b65e900000)]
  0x000001ba3fa645a0 JavaThread "Unconstrained build operations Thread 14" [_thread_blocked, id=21764, stack(0x000000b65e900000,0x000000b65ea00000)]
  0x000001ba3fa60240 JavaThread "Unconstrained build operations Thread 15" [_thread_blocked, id=8296, stack(0x000000b65ea00000,0x000000b65eb00000)]
  0x000001ba3fa640d0 JavaThread "Unconstrained build operations Thread 16" [_thread_blocked, id=8684, stack(0x000000b65eb00000,0x000000b65ec00000)]
  0x000001ba3fa64a70 JavaThread "Unconstrained build operations Thread 17" [_thread_blocked, id=14280, stack(0x000000b65ec00000,0x000000b65ed00000)]
  0x000001ba3fa5f3d0 JavaThread "Unconstrained build operations Thread 18" [_thread_blocked, id=6316, stack(0x000000b65ed00000,0x000000b65ee00000)]
  0x000001ba3fa5ea30 JavaThread "Unconstrained build operations Thread 19" [_thread_blocked, id=13340, stack(0x000000b65ee00000,0x000000b65ef00000)]
  0x000001ba3fa64f40 JavaThread "Unconstrained build operations Thread 20" [_thread_blocked, id=3876, stack(0x000000b65ef00000,0x000000b65f000000)]
  0x000001ba3fa60710 JavaThread "Unconstrained build operations Thread 21" [_thread_blocked, id=13668, stack(0x000000b65f000000,0x000000b65f100000)]
  0x000001ba3fa61f20 JavaThread "Unconstrained build operations Thread 22" [_thread_blocked, id=20012, stack(0x000000b65f100000,0x000000b65f200000)]
  0x000001ba3fa5e090 JavaThread "Unconstrained build operations Thread 23" [_thread_blocked, id=10140, stack(0x000000b65f200000,0x000000b65f300000)]
  0x000001ba3fa60be0 JavaThread "Unconstrained build operations Thread 24" [_thread_blocked, id=5424, stack(0x000000b65f300000,0x000000b65f400000)]
  0x000001ba3fa5ef00 JavaThread "Unconstrained build operations Thread 25" [_thread_blocked, id=11892, stack(0x000000b65f400000,0x000000b65f500000)]
  0x000001ba3fa61580 JavaThread "Unconstrained build operations Thread 26" [_thread_blocked, id=15160, stack(0x000000b65f500000,0x000000b65f600000)]
  0x000001ba3fa610b0 JavaThread "Unconstrained build operations Thread 27" [_thread_blocked, id=22176, stack(0x000000b65f600000,0x000000b65f700000)]
  0x000001ba3fa62d90 JavaThread "Unconstrained build operations Thread 28" [_thread_blocked, id=2176, stack(0x000000b65f700000,0x000000b65f800000)]
  0x000001ba3fa61a50 JavaThread "Unconstrained build operations Thread 29" [_thread_blocked, id=17784, stack(0x000000b65f800000,0x000000b65f900000)]
  0x000001ba3fa623f0 JavaThread "Unconstrained build operations Thread 30" [_thread_blocked, id=8316, stack(0x000000b65f900000,0x000000b65fa00000)]
  0x000001ba3fa63730 JavaThread "Unconstrained build operations Thread 31" [_thread_blocked, id=20416, stack(0x000000b65fa00000,0x000000b65fb00000)]
  0x000001ba3fa63260 JavaThread "Unconstrained build operations Thread 32" [_thread_blocked, id=19580, stack(0x000000b65fb00000,0x000000b65fc00000)]
  0x000001ba3fa63c00 JavaThread "Unconstrained build operations Thread 33" [_thread_blocked, id=10812, stack(0x000000b65fc00000,0x000000b65fd00000)]
  0x000001ba3a550f10 JavaThread "Unconstrained build operations Thread 34" [_thread_blocked, id=8724, stack(0x000000b65fd00000,0x000000b65fe00000)]
  0x000001ba3a5500a0 JavaThread "Unconstrained build operations Thread 35" [_thread_blocked, id=652, stack(0x000000b65fe00000,0x000000b65ff00000)]
  0x000001ba3a54f230 JavaThread "Unconstrained build operations Thread 36" [_thread_blocked, id=21836, stack(0x000000b65ff00000,0x000000b660000000)]
  0x000001ba3a54e3c0 JavaThread "Unconstrained build operations Thread 37" [_thread_blocked, id=17572, stack(0x000000b660000000,0x000000b660100000)]
  0x000001ba3a54d080 JavaThread "Unconstrained build operations Thread 38" [_thread_blocked, id=4976, stack(0x000000b660100000,0x000000b660200000)]
  0x000001ba3a5513e0 JavaThread "Unconstrained build operations Thread 39" [_thread_blocked, id=21760, stack(0x000000b660200000,0x000000b660300000)]
  0x000001ba3a54f700 JavaThread "Unconstrained build operations Thread 40" [_thread_blocked, id=7236, stack(0x000000b660300000,0x000000b660400000)]
  0x000001ba3a550a40 JavaThread "Unconstrained build operations Thread 41" [_thread_blocked, id=20580, stack(0x000000b660400000,0x000000b660500000)]
  0x000001ba3a54d550 JavaThread "Unconstrained build operations Thread 42" [_thread_blocked, id=13144, stack(0x000000b660500000,0x000000b660600000)]
  0x000001ba3a54fbd0 JavaThread "Unconstrained build operations Thread 43" [_thread_blocked, id=4288, stack(0x000000b660600000,0x000000b660700000)]
  0x000001ba3a550570 JavaThread "Unconstrained build operations Thread 44" [_thread_blocked, id=18460, stack(0x000000b660700000,0x000000b660800000)]
  0x000001ba3a5518b0 JavaThread "Unconstrained build operations Thread 45" [_thread_blocked, id=13060, stack(0x000000b660800000,0x000000b660900000)]
  0x000001ba3a54a060 JavaThread "Unconstrained build operations Thread 46" [_thread_blocked, id=12136, stack(0x000000b660900000,0x000000b660a00000)]
  0x000001ba3a54a530 JavaThread "Unconstrained build operations Thread 47" [_thread_blocked, id=9688, stack(0x000000b660a00000,0x000000b660b00000)]
  0x000001ba3a54bd40 JavaThread "Unconstrained build operations Thread 48" [_thread_blocked, id=16500, stack(0x000000b660b00000,0x000000b660c00000)]
  0x000001ba3a54aa00 JavaThread "Unconstrained build operations Thread 49" [_thread_blocked, id=21420, stack(0x000000b660c00000,0x000000b660d00000)]
  0x000001ba3a54cbb0 JavaThread "Unconstrained build operations Thread 50" [_thread_blocked, id=3572, stack(0x000000b660d00000,0x000000b660e00000)]
  0x000001ba3a54e890 JavaThread "Unconstrained build operations Thread 51" [_thread_blocked, id=7092, stack(0x000000b660e00000,0x000000b660f00000)]
  0x000001ba3a54ed60 JavaThread "Unconstrained build operations Thread 52" [_thread_blocked, id=1448, stack(0x000000b660f00000,0x000000b661000000)]
  0x000001ba3a54c210 JavaThread "Unconstrained build operations Thread 53" [_thread_blocked, id=6660, stack(0x000000b661000000,0x000000b661100000)]
  0x000001ba3a54c6e0 JavaThread "Unconstrained build operations Thread 54" [_thread_blocked, id=15460, stack(0x000000b661100000,0x000000b661200000)]
  0x000001ba3a54da20 JavaThread "Unconstrained build operations Thread 55" [_thread_blocked, id=21332, stack(0x000000b661200000,0x000000b661300000)]
  0x000001ba3a54aed0 JavaThread "Unconstrained build operations Thread 56" [_thread_blocked, id=19344, stack(0x000000b661300000,0x000000b661400000)]
  0x000001ba3a54def0 JavaThread "Unconstrained build operations Thread 57" [_thread_blocked, id=2136, stack(0x000000b661400000,0x000000b661500000)]
  0x000001ba3a54b3a0 JavaThread "Unconstrained build operations Thread 58" [_thread_blocked, id=8512, stack(0x000000b661500000,0x000000b661600000)]
  0x000001ba3a54b870 JavaThread "Unconstrained build operations Thread 59" [_thread_blocked, id=22380, stack(0x000000b661600000,0x000000b661700000)]
  0x000001ba3a63cc20 JavaThread "Unconstrained build operations Thread 60" [_thread_blocked, id=6128, stack(0x000000b661700000,0x000000b661800000)]
  0x000001ba3a63b410 JavaThread "Unconstrained build operations Thread 61" [_thread_blocked, id=9860, stack(0x000000b661800000,0x000000b661900000)]
  0x000001ba3a639c00 JavaThread "Unconstrained build operations Thread 62" [_thread_blocked, id=14464, stack(0x000000b661900000,0x000000b661a00000)]
  0x000001ba3a63af40 JavaThread "Unconstrained build operations Thread 63" [_thread_blocked, id=14640, stack(0x000000b661a00000,0x000000b661b00000)]
  0x000001ba3a6388c0 JavaThread "Unconstrained build operations Thread 64" [_thread_blocked, id=13512, stack(0x000000b661b00000,0x000000b661c00000)]
  0x000001ba3a636be0 JavaThread "Unconstrained build operations Thread 65" [_thread_blocked, id=15212, stack(0x000000b661c00000,0x000000b661d00000)]
  0x000001ba3a63d0f0 JavaThread "Unconstrained build operations Thread 66" [_thread_blocked, id=12120, stack(0x000000b661d00000,0x000000b661e00000)]
  0x000001ba3a6370b0 JavaThread "Unconstrained build operations Thread 67" [_thread_blocked, id=17388, stack(0x000000b661e00000,0x000000b661f00000)]
  0x000001ba3a63c750 JavaThread "Unconstrained build operations Thread 68" [_thread_blocked, id=6436, stack(0x000000b661f00000,0x000000b662000000)]
  0x000001ba3a635d70 JavaThread "Unconstrained build operations Thread 69" [_thread_blocked, id=12508, stack(0x000000b662000000,0x000000b662100000)]
  0x000001ba3a6358a0 JavaThread "Unconstrained build operations Thread 70" [_thread_blocked, id=17468, stack(0x000000b662100000,0x000000b662200000)]
  0x000001ba3a637a50 JavaThread "Unconstrained build operations Thread 71" [_thread_blocked, id=2652, stack(0x000000b662200000,0x000000b662300000)]
  0x000001ba3a636240 JavaThread "Unconstrained build operations Thread 72" [_thread_blocked, id=3448, stack(0x000000b662300000,0x000000b662400000)]
  0x000001ba3a63a0d0 JavaThread "Unconstrained build operations Thread 73" [_thread_blocked, id=10172, stack(0x000000b662400000,0x000000b662500000)]
  0x000001ba3a636710 JavaThread "Unconstrained build operations Thread 74" [_thread_blocked, id=17136, stack(0x000000b662500000,0x000000b662600000)]
  0x000001ba3a639260 JavaThread "Unconstrained build operations Thread 75" [_thread_blocked, id=15772, stack(0x000000b662600000,0x000000b662700000)]
  0x000001ba3a637580 JavaThread "Unconstrained build operations Thread 76" [_thread_blocked, id=7200, stack(0x000000b662700000,0x000000b662800000)]
  0x000001ba3a637f20 JavaThread "Unconstrained build operations Thread 77" [_thread_blocked, id=20324, stack(0x000000b662800000,0x000000b662900000)]
  0x000001ba3a639730 JavaThread "Unconstrained build operations Thread 78" [_thread_blocked, id=10704, stack(0x000000b662900000,0x000000b662a00000)]
  0x000001ba3a63b8e0 JavaThread "Unconstrained build operations Thread 79" [_thread_blocked, id=22016, stack(0x000000b662a00000,0x000000b662b00000)]
  0x000001ba3a6383f0 JavaThread "Unconstrained build operations Thread 80" [_thread_blocked, id=16832, stack(0x000000b662b00000,0x000000b662c00000)]
  0x000001ba3a63a5a0 JavaThread "jar transforms Thread 6" [_thread_blocked, id=4544, stack(0x000000b662c00000,0x000000b662d00000)]
  0x000001ba3a63bdb0 JavaThread "jar transforms Thread 7" [_thread_blocked, id=1916, stack(0x000000b662d00000,0x000000b662e00000)]
  0x000001ba3a638d90 JavaThread "jar transforms Thread 8" [_thread_blocked, id=10356, stack(0x000000b662e00000,0x000000b662f00000)]
  0x000001ba3a63aa70 JavaThread "build event listener" [_thread_blocked, id=424, stack(0x000000b662f00000,0x000000b663000000)]
  0x000001ba3f32bee0 JavaThread "Memory manager" [_thread_blocked, id=10148, stack(0x000000b663000000,0x000000b663100000)]

Other Threads:
=>0x000001ba3a017930 VMThread "VM Thread" [stack: 0x000000b65a400000,0x000000b65a500000] [id=18524]
  0x000001ba1f9e9400 WatcherThread [stack: 0x000000b65b000000,0x000000b65b100000] [id=4584]
  0x000001ba1f9c7240 GCTaskThread "GC Thread#0" [stack: 0x000000b659f00000,0x000000b65a000000] [id=3012]
  0x000001ba3ac39cc0 GCTaskThread "GC Thread#1" [stack: 0x000000b65b300000,0x000000b65b400000] [id=9896]
  0x000001ba3ac39f70 GCTaskThread "GC Thread#2" [stack: 0x000000b65b400000,0x000000b65b500000] [id=10916]
  0x000001ba3ad57e10 GCTaskThread "GC Thread#3" [stack: 0x000000b65b500000,0x000000b65b600000] [id=5400]
  0x000001ba3b6b27a0 GCTaskThread "GC Thread#4" [stack: 0x000000b65b600000,0x000000b65b700000] [id=11468]
  0x000001ba3d25e430 GCTaskThread "GC Thread#5" [stack: 0x000000b65b200000,0x000000b65b300000] [id=920]
  0x000001ba3d366030 GCTaskThread "GC Thread#6" [stack: 0x000000b65c100000,0x000000b65c200000] [id=10188]
  0x000001ba3d3662e0 GCTaskThread "GC Thread#7" [stack: 0x000000b65c200000,0x000000b65c300000] [id=6760]
  0x000001ba1f9d8090 ConcurrentGCThread "G1 Main Marker" [stack: 0x000000b65a000000,0x000000b65a100000] [id=18932]
  0x000001ba1f9d89b0 ConcurrentGCThread "G1 Conc#0" [stack: 0x000000b65a100000,0x000000b65a200000] [id=4784]
  0x000001ba3b75c770 ConcurrentGCThread "G1 Conc#1" [stack: 0x000000b65c300000,0x000000b65c400000] [id=13480]
  0x000001ba39541730 ConcurrentGCThread "G1 Refine#0" [stack: 0x000000b65a200000,0x000000b65a300000] [id=6324]
  0x000001ba3ce57a10 ConcurrentGCThread "G1 Refine#1" [stack: 0x000000b65c700000,0x000000b65c800000] [id=12296]
  0x000001ba3ce582b0 ConcurrentGCThread "G1 Refine#2" [stack: 0x000000b65c800000,0x000000b65c900000] [id=10956]
  0x000001ba3ce58870 ConcurrentGCThread "G1 Refine#3" [stack: 0x000000b65c900000,0x000000b65ca00000] [id=15860]
  0x000001ba3ce57cf0 ConcurrentGCThread "G1 Refine#4" [stack: 0x000000b65ca00000,0x000000b65cb00000] [id=7120]
  0x000001ba3ce58e30 ConcurrentGCThread "G1 Refine#5" [stack: 0x000000b65cb00000,0x000000b65cc00000] [id=19876]
  0x000001ba39543070 ConcurrentGCThread "G1 Service" [stack: 0x000000b65a300000,0x000000b65a400000] [id=2972]

Threads with active compile tasks:
C2 CompilerThread0     7947 7072       4       java.util.HashMap$HashIterator::<init> (79 bytes)
C2 CompilerThread1     7948 6966       4       java.lang.Class::privateGetPublicMethods (224 bytes)
C2 CompilerThread2     7948 7062       4       org.gradle.internal.instantiation.generator.AbstractClassGenerator::inspectType (560 bytes)

VM state: at safepoint (normal execution)

VM Mutex/Monitor currently owned by a thread:  ([mutex/lock_event])
[0x000001ba1f965fd0] Threads_lock - owner thread: 0x000001ba3a017930
[0x000001ba1f966330] Heap_lock - owner thread: 0x000001ba3bcebe50

Heap address: 0x0000000080000000, size: 2048 MB, Compressed Oops mode: 32-bit

CDS archive(s) not mapped
Compressed class space mapped at: 0x0000000100000000-0x0000000140000000, reserved size: 1073741824
Narrow klass base: 0x0000000000000000, Narrow klass shift: 3, Narrow klass range: 0x140000000

GC Precious Log:
 CPUs: 8 total, 8 available
 Memory: 7959M
 Large Page Support: Disabled
 NUMA Support: Disabled
 Compressed Oops: Enabled (32-bit)
 Heap Region Size: 1M
 Heap Min Capacity: 8M
 Heap Initial Capacity: 126M
 Heap Max Capacity: 2G
 Pre-touch: Disabled
 Parallel Workers: 8
 Concurrent Workers: 2
 Concurrent Refinement Workers: 8
 Periodic GC: Disabled

Heap:
 garbage-first heap   total 129024K, used 59542K [0x0000000080000000, 0x0000000100000000)
  region size 1024K, 5 young (5120K), 5 survivors (5120K)
 Metaspace       used 69329K, committed 69952K, reserved 1114112K
  class space    used 9173K, committed 9472K, reserved 1048576K

Heap Regions: E=young(eden), S=young(survivor), O=old, HS=humongous(starts), HC=humongous(continues), CS=collection set, F=free, OA=open archive, CA=closed archive, TAMS=top-at-mark-start (previous, next)
|   0|0x0000000080000000, 0x0000000080100000, 0x0000000080100000|100%|HS|  |TAMS 0x0000000080100000, 0x0000000080100000| Complete 
|   1|0x0000000080100000, 0x0000000080200000, 0x0000000080200000|100%|HC|  |TAMS 0x0000000080200000, 0x0000000080200000| Complete 
|   2|0x0000000080200000, 0x0000000080300000, 0x0000000080300000|100%|HC|  |TAMS 0x0000000080300000, 0x0000000080300000| Complete 
|   3|0x0000000080300000, 0x0000000080400000, 0x0000000080400000|100%|HC|  |TAMS 0x0000000080400000, 0x0000000080400000| Complete 
|   4|0x0000000080400000, 0x0000000080500000, 0x0000000080500000|100%| O|  |TAMS 0x0000000080500000, 0x0000000080500000| Untracked 
|   5|0x0000000080500000, 0x0000000080600000, 0x0000000080600000|100%| O|  |TAMS 0x0000000080600000, 0x0000000080600000| Untracked 
|   6|0x0000000080600000, 0x0000000080700000, 0x0000000080700000|100%| O|  |TAMS 0x0000000080700000, 0x0000000080700000| Untracked 
|   7|0x0000000080700000, 0x0000000080800000, 0x0000000080800000|100%| O|  |TAMS 0x0000000080800000, 0x0000000080800000| Untracked 
|   8|0x0000000080800000, 0x0000000080900000, 0x0000000080900000|100%| O|  |TAMS 0x0000000080900000, 0x0000000080900000| Untracked 
|   9|0x0000000080900000, 0x0000000080a00000, 0x0000000080a00000|100%| O|  |TAMS 0x0000000080a00000, 0x0000000080a00000| Untracked 
|  10|0x0000000080a00000, 0x0000000080b00000, 0x0000000080b00000|100%| O|  |TAMS 0x0000000080b00000, 0x0000000080b00000| Untracked 
|  11|0x0000000080b00000, 0x0000000080c00000, 0x0000000080c00000|100%| O|  |TAMS 0x0000000080c00000, 0x0000000080c00000| Untracked 
|  12|0x0000000080c00000, 0x0000000080d00000, 0x0000000080d00000|100%| O|  |TAMS 0x0000000080d00000, 0x0000000080d00000| Untracked 
|  13|0x0000000080d00000, 0x0000000080e00000, 0x0000000080e00000|100%| O|  |TAMS 0x0000000080e00000, 0x0000000080e00000| Untracked 
|  14|0x0000000080e00000, 0x0000000080f00000, 0x0000000080f00000|100%| O|  |TAMS 0x0000000080f00000, 0x0000000080f00000| Untracked 
|  15|0x0000000080f00000, 0x0000000081000000, 0x0000000081000000|100%| O|  |TAMS 0x0000000081000000, 0x0000000081000000| Untracked 
|  16|0x0000000081000000, 0x0000000081100000, 0x0000000081100000|100%| O|  |TAMS 0x0000000081100000, 0x0000000081100000| Untracked 
|  17|0x0000000081100000, 0x0000000081200000, 0x0000000081200000|100%| O|  |TAMS 0x0000000081200000, 0x0000000081200000| Untracked 
|  18|0x0000000081200000, 0x0000000081300000, 0x0000000081300000|100%| O|  |TAMS 0x0000000081300000, 0x0000000081300000| Untracked 
|  19|0x0000000081300000, 0x0000000081400000, 0x0000000081400000|100%| O|  |TAMS 0x0000000081400000, 0x0000000081400000| Untracked 
|  20|0x0000000081400000, 0x0000000081500000, 0x0000000081500000|100%|HS|  |TAMS 0x0000000081500000, 0x0000000081500000| Complete 
|  21|0x0000000081500000, 0x0000000081600000, 0x0000000081600000|100%| O|  |TAMS 0x0000000081600000, 0x0000000081600000| Untracked 
|  22|0x0000000081600000, 0x0000000081700000, 0x0000000081700000|100%| O|  |TAMS 0x0000000081700000, 0x0000000081700000| Untracked 
|  23|0x0000000081700000, 0x0000000081800000, 0x0000000081800000|100%| O|  |TAMS 0x0000000081800000, 0x0000000081800000| Untracked 
|  24|0x0000000081800000, 0x0000000081900000, 0x0000000081900000|100%| O|  |TAMS 0x0000000081900000, 0x0000000081900000| Untracked 
|  25|0x0000000081900000, 0x0000000081a00000, 0x0000000081a00000|100%| O|  |TAMS 0x0000000081a00000, 0x0000000081a00000| Untracked 
|  26|0x0000000081a00000, 0x0000000081b00000, 0x0000000081b00000|100%| O|  |TAMS 0x0000000081b00000, 0x0000000081b00000| Untracked 
|  27|0x0000000081b00000, 0x0000000081c00000, 0x0000000081c00000|100%| O|  |TAMS 0x0000000081c00000, 0x0000000081c00000| Untracked 
|  28|0x0000000081c00000, 0x0000000081d00000, 0x0000000081d00000|100%| O|  |TAMS 0x0000000081d00000, 0x0000000081d00000| Untracked 
|  29|0x0000000081d00000, 0x0000000081e00000, 0x0000000081e00000|100%| O|  |TAMS 0x0000000081e00000, 0x0000000081e00000| Untracked 
|  30|0x0000000081e00000, 0x0000000081f00000, 0x0000000081f00000|100%| O|  |TAMS 0x0000000081f00000, 0x0000000081f00000| Untracked 
|  31|0x0000000081f00000, 0x0000000082000000, 0x0000000082000000|100%| O|  |TAMS 0x0000000082000000, 0x0000000082000000| Untracked 
|  32|0x0000000082000000, 0x0000000082100000, 0x0000000082100000|100%| O|  |TAMS 0x0000000082100000, 0x0000000082100000| Untracked 
|  33|0x0000000082100000, 0x0000000082200000, 0x0000000082200000|100%| O|  |TAMS 0x0000000082200000, 0x0000000082200000| Untracked 
|  34|0x0000000082200000, 0x0000000082300000, 0x0000000082300000|100%|HS|  |TAMS 0x0000000082300000, 0x0000000082300000| Complete 
|  35|0x0000000082300000, 0x0000000082400000, 0x0000000082400000|100%| O|  |TAMS 0x0000000082400000, 0x0000000082400000| Untracked 
|  36|0x0000000082400000, 0x0000000082500000, 0x0000000082500000|100%| O|  |TAMS 0x0000000082500000, 0x0000000082500000| Untracked 
|  37|0x0000000082500000, 0x0000000082600000, 0x0000000082600000|100%| O|  |TAMS 0x0000000082600000, 0x0000000082600000| Untracked 
|  38|0x0000000082600000, 0x0000000082700000, 0x0000000082700000|100%| O|  |TAMS 0x0000000082700000, 0x0000000082700000| Untracked 
|  39|0x0000000082700000, 0x0000000082800000, 0x0000000082800000|100%| O|  |TAMS 0x0000000082800000, 0x0000000082800000| Untracked 
|  40|0x0000000082800000, 0x0000000082900000, 0x0000000082900000|100%| O|  |TAMS 0x0000000082900000, 0x0000000082900000| Untracked 
|  41|0x0000000082900000, 0x0000000082a00000, 0x0000000082a00000|100%| O|  |TAMS 0x0000000082a00000, 0x0000000082a00000| Untracked 
|  42|0x0000000082a00000, 0x0000000082b00000, 0x0000000082b00000|100%| O|  |TAMS 0x0000000082b00000, 0x0000000082b00000| Untracked 
|  43|0x0000000082b00000, 0x0000000082c00000, 0x0000000082c00000|100%| O|  |TAMS 0x0000000082c00000, 0x0000000082c00000| Untracked 
|  44|0x0000000082c00000, 0x0000000082d00000, 0x0000000082d00000|100%| O|  |TAMS 0x0000000082d00000, 0x0000000082d00000| Untracked 
|  45|0x0000000082d00000, 0x0000000082e00000, 0x0000000082e00000|100%| O|  |TAMS 0x0000000082e00000, 0x0000000082e00000| Untracked 
|  46|0x0000000082e00000, 0x0000000082f00000, 0x0000000082f00000|100%| O|  |TAMS 0x0000000082e00000, 0x0000000082e00000| Untracked 
|  47|0x0000000082f00000, 0x0000000083000000, 0x0000000083000000|100%| O|  |TAMS 0x0000000082f00000, 0x0000000082ff9e00| Untracked 
|  48|0x0000000083000000, 0x0000000083100000, 0x0000000083100000|100%| O|  |TAMS 0x0000000083000000, 0x0000000083000000| Untracked 
|  49|0x0000000083100000, 0x0000000083125800, 0x0000000083200000| 14%| O|  |TAMS 0x0000000083100000, 0x0000000083100000| Untracked 
|  50|0x0000000083200000, 0x0000000083200000, 0x0000000083300000|  0%| F|  |TAMS 0x0000000083200000, 0x0000000083200000| Untracked 
|  51|0x0000000083300000, 0x0000000083300000, 0x0000000083400000|  0%| F|  |TAMS 0x0000000083300000, 0x0000000083300000| Untracked 
|  52|0x0000000083400000, 0x0000000083500000, 0x0000000083500000|100%| O|  |TAMS 0x0000000083500000, 0x0000000083500000| Untracked 
|  53|0x0000000083500000, 0x0000000083600000, 0x0000000083600000|100%| O|  |TAMS 0x0000000083600000, 0x0000000083600000| Untracked 
|  54|0x0000000083600000, 0x0000000083700000, 0x0000000083700000|100%| O|  |TAMS 0x0000000083700000, 0x0000000083700000| Untracked 
|  55|0x0000000083700000, 0x0000000083800000, 0x0000000083800000|100%| O|  |TAMS 0x0000000083731000, 0x0000000083800000| Untracked 
|  56|0x0000000083800000, 0x0000000083800000, 0x0000000083900000|  0%| F|  |TAMS 0x0000000083800000, 0x0000000083800000| Untracked 
|  57|0x0000000083900000, 0x0000000083900000, 0x0000000083a00000|  0%| F|  |TAMS 0x0000000083900000, 0x0000000083900000| Untracked 
|  58|0x0000000083a00000, 0x0000000083a00000, 0x0000000083b00000|  0%| F|  |TAMS 0x0000000083a00000, 0x0000000083a00000| Untracked 
|  59|0x0000000083b00000, 0x0000000083b00000, 0x0000000083c00000|  0%| F|  |TAMS 0x0000000083b00000, 0x0000000083b00000| Untracked 
|  60|0x0000000083c00000, 0x0000000083c00000, 0x0000000083d00000|  0%| F|  |TAMS 0x0000000083c00000, 0x0000000083c00000| Untracked 
|  61|0x0000000083d00000, 0x0000000083d00000, 0x0000000083e00000|  0%| F|  |TAMS 0x0000000083d00000, 0x0000000083d00000| Untracked 
|  62|0x0000000083e00000, 0x0000000083e00000, 0x0000000083f00000|  0%| F|  |TAMS 0x0000000083e00000, 0x0000000083e00000| Untracked 
|  63|0x0000000083f00000, 0x0000000083f00000, 0x0000000084000000|  0%| F|  |TAMS 0x0000000083f00000, 0x0000000083f00000| Untracked 
|  64|0x0000000084000000, 0x0000000084000000, 0x0000000084100000|  0%| F|  |TAMS 0x0000000084000000, 0x0000000084000000| Untracked 
|  65|0x0000000084100000, 0x0000000084100000, 0x0000000084200000|  0%| F|  |TAMS 0x0000000084100000, 0x0000000084100000| Untracked 
|  66|0x0000000084200000, 0x0000000084200000, 0x0000000084300000|  0%| F|  |TAMS 0x0000000084200000, 0x0000000084200000| Untracked 
|  67|0x0000000084300000, 0x0000000084300000, 0x0000000084400000|  0%| F|  |TAMS 0x0000000084300000, 0x0000000084300000| Untracked 
|  68|0x0000000084400000, 0x0000000084400000, 0x0000000084500000|  0%| F|  |TAMS 0x0000000084400000, 0x0000000084400000| Untracked 
|  69|0x0000000084500000, 0x0000000084500000, 0x0000000084600000|  0%| F|  |TAMS 0x0000000084500000, 0x0000000084500000| Untracked 
|  70|0x0000000084600000, 0x0000000084600000, 0x0000000084700000|  0%| F|  |TAMS 0x0000000084600000, 0x0000000084600000| Untracked 
|  71|0x0000000084700000, 0x0000000084700000, 0x0000000084800000|  0%| F|  |TAMS 0x0000000084700000, 0x0000000084700000| Untracked 
|  72|0x0000000084800000, 0x0000000084800000, 0x0000000084900000|  0%| F|  |TAMS 0x0000000084800000, 0x0000000084800000| Untracked 
|  73|0x0000000084900000, 0x0000000084a00000, 0x0000000084a00000|100%| S|CS|TAMS 0x0000000084900000, 0x0000000084900000| Complete 
|  74|0x0000000084a00000, 0x0000000084b00000, 0x0000000084b00000|100%| S|CS|TAMS 0x0000000084a00000, 0x0000000084a00000| Complete 
|  75|0x0000000084b00000, 0x0000000084c00000, 0x0000000084c00000|100%| S|CS|TAMS 0x0000000084b00000, 0x0000000084b00000| Complete 
|  76|0x0000000084c00000, 0x0000000084d00000, 0x0000000084d00000|100%| S|CS|TAMS 0x0000000084c00000, 0x0000000084c00000| Complete 
|  77|0x0000000084d00000, 0x0000000084e00000, 0x0000000084e00000|100%| S|CS|TAMS 0x0000000084d00000, 0x0000000084d00000| Complete 
|  78|0x0000000084e00000, 0x0000000084e00000, 0x0000000084f00000|  0%| F|  |TAMS 0x0000000084e00000, 0x0000000084e00000| Untracked 
|  79|0x0000000084f00000, 0x0000000084f00000, 0x0000000085000000|  0%| F|  |TAMS 0x0000000084f00000, 0x0000000084f00000| Untracked 
|  80|0x0000000085000000, 0x0000000085000000, 0x0000000085100000|  0%| F|  |TAMS 0x0000000085000000, 0x0000000085000000| Untracked 
|  81|0x0000000085100000, 0x0000000085100000, 0x0000000085200000|  0%| F|  |TAMS 0x0000000085100000, 0x0000000085100000| Untracked 
|  82|0x0000000085200000, 0x0000000085200000, 0x0000000085300000|  0%| F|  |TAMS 0x0000000085200000, 0x0000000085200000| Untracked 
|  83|0x0000000085300000, 0x0000000085300000, 0x0000000085400000|  0%| F|  |TAMS 0x0000000085300000, 0x0000000085300000| Untracked 
|  84|0x0000000085400000, 0x0000000085400000, 0x0000000085500000|  0%| F|  |TAMS 0x0000000085400000, 0x0000000085400000| Untracked 
|  85|0x0000000085500000, 0x0000000085500000, 0x0000000085600000|  0%| F|  |TAMS 0x0000000085500000, 0x0000000085500000| Untracked 
|  86|0x0000000085600000, 0x0000000085600000, 0x0000000085700000|  0%| F|  |TAMS 0x0000000085600000, 0x0000000085600000| Untracked 
|  87|0x0000000085700000, 0x0000000085700000, 0x0000000085800000|  0%| F|  |TAMS 0x0000000085700000, 0x0000000085700000| Untracked 
|  88|0x0000000085800000, 0x0000000085800000, 0x0000000085900000|  0%| F|  |TAMS 0x0000000085800000, 0x0000000085800000| Untracked 
|  89|0x0000000085900000, 0x0000000085900000, 0x0000000085a00000|  0%| F|  |TAMS 0x0000000085900000, 0x0000000085900000| Untracked 
|  90|0x0000000085a00000, 0x0000000085a00000, 0x0000000085b00000|  0%| F|  |TAMS 0x0000000085a00000, 0x0000000085a00000| Untracked 
|  91|0x0000000085b00000, 0x0000000085b00000, 0x0000000085c00000|  0%| F|  |TAMS 0x0000000085b00000, 0x0000000085b00000| Untracked 
|  92|0x0000000085c00000, 0x0000000085c00000, 0x0000000085d00000|  0%| F|  |TAMS 0x0000000085c00000, 0x0000000085c00000| Untracked 
|  93|0x0000000085d00000, 0x0000000085d00000, 0x0000000085e00000|  0%| F|  |TAMS 0x0000000085d00000, 0x0000000085d00000| Untracked 
|  94|0x0000000085e00000, 0x0000000085e00000, 0x0000000085f00000|  0%| F|  |TAMS 0x0000000085e00000, 0x0000000085e00000| Untracked 
|  95|0x0000000085f00000, 0x0000000085f00000, 0x0000000086000000|  0%| F|  |TAMS 0x0000000085f00000, 0x0000000085f00000| Untracked 
|  96|0x0000000086000000, 0x0000000086000000, 0x0000000086100000|  0%| F|  |TAMS 0x0000000086000000, 0x0000000086000000| Untracked 
|  97|0x0000000086100000, 0x0000000086100000, 0x0000000086200000|  0%| F|  |TAMS 0x0000000086100000, 0x0000000086100000| Untracked 
|  98|0x0000000086200000, 0x0000000086200000, 0x0000000086300000|  0%| F|  |TAMS 0x0000000086200000, 0x0000000086200000| Untracked 
|  99|0x0000000086300000, 0x0000000086300000, 0x0000000086400000|  0%| F|  |TAMS 0x0000000086300000, 0x0000000086300000| Untracked 
| 100|0x0000000086400000, 0x0000000086400000, 0x0000000086500000|  0%| F|  |TAMS 0x0000000086400000, 0x0000000086400000| Untracked 
| 101|0x0000000086500000, 0x0000000086500000, 0x0000000086600000|  0%| F|  |TAMS 0x0000000086500000, 0x0000000086500000| Untracked 
| 102|0x0000000086600000, 0x0000000086600000, 0x0000000086700000|  0%| F|  |TAMS 0x0000000086600000, 0x0000000086600000| Untracked 
| 103|0x0000000086700000, 0x0000000086700000, 0x0000000086800000|  0%| F|  |TAMS 0x0000000086700000, 0x0000000086700000| Untracked 
| 104|0x0000000086800000, 0x0000000086800000, 0x0000000086900000|  0%| F|  |TAMS 0x0000000086800000, 0x0000000086800000| Untracked 
| 105|0x0000000086900000, 0x0000000086900000, 0x0000000086a00000|  0%| F|  |TAMS 0x0000000086900000, 0x0000000086900000| Untracked 
| 106|0x0000000086a00000, 0x0000000086a00000, 0x0000000086b00000|  0%| F|  |TAMS 0x0000000086a00000, 0x0000000086a00000| Untracked 
| 107|0x0000000086b00000, 0x0000000086b00000, 0x0000000086c00000|  0%| F|  |TAMS 0x0000000086b00000, 0x0000000086b00000| Untracked 
| 108|0x0000000086c00000, 0x0000000086c00000, 0x0000000086d00000|  0%| F|  |TAMS 0x0000000086c00000, 0x0000000086c00000| Untracked 
| 109|0x0000000086d00000, 0x0000000086d00000, 0x0000000086e00000|  0%| F|  |TAMS 0x0000000086d00000, 0x0000000086d00000| Untracked 
| 110|0x0000000086e00000, 0x0000000086e00000, 0x0000000086f00000|  0%| F|  |TAMS 0x0000000086e00000, 0x0000000086e00000| Untracked 
| 111|0x0000000086f00000, 0x0000000086f00000, 0x0000000087000000|  0%| F|  |TAMS 0x0000000086f00000, 0x0000000086f00000| Untracked 
| 112|0x0000000087000000, 0x0000000087000000, 0x0000000087100000|  0%| F|  |TAMS 0x0000000087000000, 0x0000000087000000| Untracked 
| 113|0x0000000087100000, 0x0000000087100000, 0x0000000087200000|  0%| F|  |TAMS 0x0000000087100000, 0x0000000087100000| Untracked 
| 114|0x0000000087200000, 0x0000000087200000, 0x0000000087300000|  0%| F|  |TAMS 0x0000000087200000, 0x0000000087200000| Untracked 
| 115|0x0000000087300000, 0x0000000087300000, 0x0000000087400000|  0%| F|  |TAMS 0x0000000087300000, 0x0000000087300000| Untracked 
| 116|0x0000000087400000, 0x0000000087400000, 0x0000000087500000|  0%| F|  |TAMS 0x0000000087400000, 0x0000000087400000| Untracked 
| 117|0x0000000087500000, 0x0000000087500000, 0x0000000087600000|  0%| F|  |TAMS 0x0000000087500000, 0x0000000087500000| Untracked 
| 118|0x0000000087600000, 0x0000000087600000, 0x0000000087700000|  0%| F|  |TAMS 0x0000000087600000, 0x0000000087600000| Untracked 
| 119|0x0000000087700000, 0x0000000087700000, 0x0000000087800000|  0%| F|  |TAMS 0x0000000087700000, 0x0000000087700000| Untracked 
| 120|0x0000000087800000, 0x0000000087800000, 0x0000000087900000|  0%| F|  |TAMS 0x0000000087800000, 0x0000000087800000| Untracked 
| 121|0x0000000087900000, 0x0000000087900000, 0x0000000087a00000|  0%| F|  |TAMS 0x0000000087900000, 0x0000000087900000| Untracked 
| 122|0x0000000087a00000, 0x0000000087a00000, 0x0000000087b00000|  0%| F|  |TAMS 0x0000000087a00000, 0x0000000087a00000| Untracked 
| 123|0x0000000087b00000, 0x0000000087b00000, 0x0000000087c00000|  0%| F|  |TAMS 0x0000000087b00000, 0x0000000087b00000| Untracked 
| 124|0x0000000087c00000, 0x0000000087c00000, 0x0000000087d00000|  0%| F|  |TAMS 0x0000000087c00000, 0x0000000087c00000| Untracked 
| 125|0x0000000087d00000, 0x0000000087d00000, 0x0000000087e00000|  0%| F|  |TAMS 0x0000000087d00000, 0x0000000087d00000| Untracked 

Card table byte_map: [0x000001ba32570000,0x000001ba32970000] _byte_map_base: 0x000001ba32170000

Marking Bits (Prev, Next): (CMBitMap*) 0x000001ba1f9c77a0, (CMBitMap*) 0x000001ba1f9c7760
 Prev Bits: [0x000001ba34d70000, 0x000001ba36d70000)
 Next Bits: [0x000001ba32d70000, 0x000001ba34d70000)

Polling page: 0x000001ba1f140000

Metaspace:

Usage:
  Non-class:     58.75 MB used.
      Class:      8.96 MB used.
       Both:     67.70 MB used.

Virtual space:
  Non-class space:       64.00 MB reserved,      59.06 MB ( 92%) committed,  8 nodes.
      Class space:        1.00 GB reserved,       9.25 MB ( <1%) committed,  1 nodes.
             Both:        1.06 GB reserved,      68.31 MB (  6%) committed. 

Chunk freelists:
   Non-Class:  896.00 KB
       Class:  2.73 MB
        Both:  3.61 MB

MaxMetaspaceSize: unlimited
CompressedClassSpaceSize: 1.00 GB
Initial GC threshold: 21.00 MB
Current GC threshold: 109.81 MB
CDS: off
MetaspaceReclaimPolicy: balanced
 - commit_granule_bytes: 65536.
 - commit_granule_words: 8192.
 - virtual_space_node_default_size: 1048576.
 - enlarge_chunks_in_place: 1.
 - new_chunks_are_fully_committed: 0.
 - uncommit_free_chunks: 1.
 - use_allocation_guard: 0.
 - handle_deallocations: 1.


Internal statistics:

num_allocs_failed_limit: 12.
num_arena_births: 634.
num_arena_deaths: 0.
num_vsnodes_births: 9.
num_vsnodes_deaths: 0.
num_space_committed: 1093.
num_space_uncommitted: 0.
num_chunks_returned_to_freelist: 12.
num_chunks_taken_from_freelist: 2926.
num_chunk_merges: 6.
num_chunk_splits: 1971.
num_chunks_enlarged: 1341.
num_purges: 0.
num_inconsistent_stats: 0.

CodeHeap 'non-profiled nmethods': size=120000Kb used=3953Kb max_used=3953Kb free=116046Kb
 bounds [0x000001ba2a910000, 0x000001ba2acf0000, 0x000001ba31e40000]
CodeHeap 'profiled nmethods': size=120000Kb used=12020Kb max_used=12020Kb free=107979Kb
 bounds [0x000001ba22e40000, 0x000001ba23a00000, 0x000001ba2a370000]
CodeHeap 'non-nmethods': size=5760Kb used=2367Kb max_used=2426Kb free=3393Kb
 bounds [0x000001ba2a370000, 0x000001ba2a5e0000, 0x000001ba2a910000]
 total_blobs=7123 nmethods=6243 adapters=792
 compilation: enabled
              stopped_count=0, restarted_count=0
 full_count=0

Compilation events (20 events):
Event: 7.896 Thread 0x000001ba3a05ef10 nmethod 7061 0x000001ba239f6d90 code [0x000001ba239f6fc0, 0x000001ba239f7828]
Event: 7.897 Thread 0x000001ba3a05e000 7063       4       org.objectweb.asm.MethodWriter::endCurrentBasicBlockWithNoSuccessor (94 bytes)
Event: 7.898 Thread 0x000001ba3a05ef10 7064       3       org.objectweb.asm.AnnotationWriter::<init> (60 bytes)
Event: 7.898 Thread 0x000001ba3a05ef10 nmethod 7064 0x000001ba239f7c90 code [0x000001ba239f7e60, 0x000001ba239f8268]
Event: 7.898 Thread 0x000001ba3a05ef10 7065       3       org.objectweb.asm.AnnotationVisitor::<init> (7 bytes)
Event: 7.899 Thread 0x000001ba3a05ef10 nmethod 7065 0x000001ba239f8410 code [0x000001ba239f85c0, 0x000001ba239f8708]
Event: 7.900 Thread 0x000001ba3a05ef10 7066       3       org.gradle.api.internal.provider.AbstractProperty::init (14 bytes)
Event: 7.900 Thread 0x000001ba3a05ef10 nmethod 7066 0x000001ba239f8790 code [0x000001ba239f8940, 0x000001ba239f8b68]
Event: 7.902 Thread 0x000001ba3a05ef10 7067       1       com.android.build.gradle.internal.services.ProjectServices::getObjectFactory (5 bytes)
Event: 7.902 Thread 0x000001ba3a05ef10 nmethod 7067 0x000001ba2aceb410 code [0x000001ba2aceb5a0, 0x000001ba2aceb678]
Event: 7.907 Thread 0x000001ba3a05e000 nmethod 7063 0x000001ba2aceb710 code [0x000001ba2aceb8c0, 0x000001ba2acec038]
Event: 7.907 Thread 0x000001ba3a05ef10 7068       3       java.util.AbstractCollection::toArray (70 bytes)
Event: 7.907 Thread 0x000001ba3a05ef10 nmethod 7068 0x000001ba239f8c10 code [0x000001ba239f8e60, 0x000001ba239f97c8]
Event: 7.908 Thread 0x000001ba3a05ef10 7069       3       com.google.common.cache.LocalCache$Segment::getLiveValue (61 bytes)
Event: 7.909 Thread 0x000001ba3a05ef10 nmethod 7069 0x000001ba239f9a10 code [0x000001ba239f9e40, 0x000001ba239fbf18]
Event: 7.909 Thread 0x000001ba3a05ef10 7071       3       org.gradle.internal.operations.DefaultBuildOperationListenerManager$1::finished (48 bytes)
Event: 7.909 Thread 0x000001ba3a05ef10 nmethod 7071 0x000001ba239fc910 code [0x000001ba239fcb00, 0x000001ba239fd028]
Event: 7.909 Thread 0x000001ba3a05ef10 7070       1       org.gradle.api.internal.collections.AbstractIterationOrderRetainingElementSource::getInserted (5 bytes)
Event: 7.909 Thread 0x000001ba3a05ef10 nmethod 7070 0x000001ba2acec390 code [0x000001ba2acec520, 0x000001ba2acec5f8]
Event: 7.911 Thread 0x000001ba3a05e000 7072       4       java.util.HashMap$HashIterator::<init> (79 bytes)

GC Heap History (20 events):
Event: 3.931 GC heap after
{Heap after GC invocations=11 (full 0):
 garbage-first heap   total 65536K, used 27417K [0x0000000080000000, 0x0000000100000000)
  region size 1024K, 4 young (4096K), 4 survivors (4096K)
 Metaspace       used 40338K, committed 40704K, reserved 1089536K
  class space    used 5350K, committed 5504K, reserved 1048576K
}
Event: 3.934 GC heap before
{Heap before GC invocations=11 (full 0):
 garbage-first heap   total 65536K, used 28441K [0x0000000080000000, 0x0000000100000000)
  region size 1024K, 5 young (5120K), 4 survivors (4096K)
 Metaspace       used 40338K, committed 40704K, reserved 1089536K
  class space    used 5350K, committed 5504K, reserved 1048576K
}
Event: 3.937 GC heap after
{Heap after GC invocations=12 (full 0):
 garbage-first heap   total 108544K, used 27990K [0x0000000080000000, 0x0000000100000000)
  region size 1024K, 1 young (1024K), 1 survivors (1024K)
 Metaspace       used 40338K, committed 40704K, reserved 1089536K
  class space    used 5350K, committed 5504K, reserved 1048576K
}
Event: 4.636 GC heap before
{Heap before GC invocations=12 (full 0):
 garbage-first heap   total 108544K, used 84310K [0x0000000080000000, 0x0000000100000000)
  region size 1024K, 53 young (54272K), 1 survivors (1024K)
 Metaspace       used 45547K, committed 45888K, reserved 1089536K
  class space    used 6045K, committed 6208K, reserved 1048576K
}
Event: 4.640 GC heap after
{Heap after GC invocations=13 (full 0):
 garbage-first heap   total 108544K, used 33002K [0x0000000080000000, 0x0000000100000000)
  region size 1024K, 6 young (6144K), 6 survivors (6144K)
 Metaspace       used 45547K, committed 45888K, reserved 1089536K
  class space    used 6045K, committed 6208K, reserved 1048576K
}
Event: 5.383 GC heap before
{Heap before GC invocations=13 (full 0):
 garbage-first heap   total 108544K, used 80106K [0x0000000080000000, 0x0000000100000000)
  region size 1024K, 52 young (53248K), 6 survivors (6144K)
 Metaspace       used 51219K, committed 51712K, reserved 1097728K
  class space    used 6764K, committed 6976K, reserved 1048576K
}
Event: 5.388 GC heap after
{Heap after GC invocations=14 (full 0):
 garbage-first heap   total 108544K, used 36217K [0x0000000080000000, 0x0000000100000000)
  region size 1024K, 4 young (4096K), 4 survivors (4096K)
 Metaspace       used 51219K, committed 51712K, reserved 1097728K
  class space    used 6764K, committed 6976K, reserved 1048576K
}
Event: 5.866 GC heap before
{Heap before GC invocations=14 (full 0):
 garbage-first heap   total 108544K, used 84345K [0x0000000080000000, 0x0000000100000000)
  region size 1024K, 49 young (50176K), 4 survivors (4096K)
 Metaspace       used 53760K, committed 54208K, reserved 1097728K
  class space    used 7096K, committed 7296K, reserved 1048576K
}
Event: 5.871 GC heap after
{Heap after GC invocations=15 (full 0):
 garbage-first heap   total 108544K, used 45991K [0x0000000080000000, 0x0000000100000000)
  region size 1024K, 7 young (7168K), 7 survivors (7168K)
 Metaspace       used 53760K, committed 54208K, reserved 1097728K
  class space    used 7096K, committed 7296K, reserved 1048576K
}
Event: 6.456 GC heap before
{Heap before GC invocations=15 (full 0):
 garbage-first heap   total 108544K, used 81831K [0x0000000080000000, 0x0000000100000000)
  region size 1024K, 43 young (44032K), 7 survivors (7168K)
 Metaspace       used 59772K, committed 60288K, reserved 1105920K
  class space    used 7897K, committed 8128K, reserved 1048576K
}
Event: 6.460 GC heap after
{Heap after GC invocations=16 (full 0):
 garbage-first heap   total 108544K, used 47987K [0x0000000080000000, 0x0000000100000000)
  region size 1024K, 2 young (2048K), 2 survivors (2048K)
 Metaspace       used 59772K, committed 60288K, reserved 1105920K
  class space    used 7897K, committed 8128K, reserved 1048576K
}
Event: 6.676 GC heap before
{Heap before GC invocations=17 (full 0):
 garbage-first heap   total 108544K, used 66419K [0x0000000080000000, 0x0000000100000000)
  region size 1024K, 19 young (19456K), 2 survivors (2048K)
 Metaspace       used 62414K, committed 62848K, reserved 1105920K
  class space    used 8252K, committed 8448K, reserved 1048576K
}
Event: 6.679 GC heap after
{Heap after GC invocations=18 (full 0):
 garbage-first heap   total 108544K, used 52541K [0x0000000080000000, 0x0000000100000000)
  region size 1024K, 5 young (5120K), 5 survivors (5120K)
 Metaspace       used 62414K, committed 62848K, reserved 1105920K
  class space    used 8252K, committed 8448K, reserved 1048576K
}
Event: 7.010 GC heap before
{Heap before GC invocations=19 (full 0):
 garbage-first heap   total 112640K, used 84285K [0x0000000080000000, 0x0000000100000000)
  region size 1024K, 33 young (33792K), 5 survivors (5120K)
 Metaspace       used 64686K, committed 65216K, reserved 1105920K
  class space    used 8543K, committed 8768K, reserved 1048576K
}
Event: 7.013 GC heap after
{Heap after GC invocations=20 (full 0):
 garbage-first heap   total 112640K, used 52508K [0x0000000080000000, 0x0000000100000000)
  region size 1024K, 3 young (3072K), 3 survivors (3072K)
 Metaspace       used 64686K, committed 65216K, reserved 1105920K
  class space    used 8543K, committed 8768K, reserved 1048576K
}
Event: 7.305 GC heap before
{Heap before GC invocations=20 (full 0):
 garbage-first heap   total 112640K, used 75036K [0x0000000080000000, 0x0000000100000000)
  region size 1024K, 26 young (26624K), 3 survivors (3072K)
 Metaspace       used 66621K, committed 67072K, reserved 1114112K
  class space    used 8769K, committed 8960K, reserved 1048576K
}
Event: 7.308 GC heap after
{Heap after GC invocations=21 (full 0):
 garbage-first heap   total 112640K, used 54637K [0x0000000080000000, 0x0000000100000000)
  region size 1024K, 5 young (5120K), 5 survivors (5120K)
 Metaspace       used 66621K, committed 67072K, reserved 1114112K
  class space    used 8769K, committed 8960K, reserved 1048576K
}
Event: 7.616 GC heap before
{Heap before GC invocations=22 (full 0):
 garbage-first heap   total 112640K, used 88429K [0x0000000080000000, 0x0000000100000000)
  region size 1024K, 37 young (37888K), 5 survivors (5120K)
 Metaspace       used 67642K, committed 68224K, reserved 1114112K
  class space    used 8935K, committed 9216K, reserved 1048576K
}
Event: 7.621 GC heap after
{Heap after GC invocations=23 (full 0):
 garbage-first heap   total 112640K, used 56802K [0x0000000080000000, 0x0000000100000000)
  region size 1024K, 5 young (5120K), 5 survivors (5120K)
 Metaspace       used 67642K, committed 68224K, reserved 1114112K
  class space    used 8935K, committed 9216K, reserved 1048576K
}
Event: 7.912 GC heap before
{Heap before GC invocations=23 (full 0):
 garbage-first heap   total 112640K, used 89570K [0x0000000080000000, 0x0000000100000000)
  region size 1024K, 37 young (37888K), 5 survivors (5120K)
 Metaspace       used 69329K, committed 69952K, reserved 1114112K
  class space    used 9173K, committed 9472K, reserved 1048576K
}

Dll operation events (2 events):
Event: 0.005 Loaded shared library C:\Program Files\Android\Android Studio\jbr\bin\java.dll
Event: 0.369 Loaded shared library C:\Program Files\Android\Android Studio\jbr\bin\verify.dll

Deoptimization events (20 events):
Event: 7.473 Thread 0x000001ba3bcebe50 DEOPT PACKING pc=0x000001ba2ac513d4 sp=0x000000b65bdf4610
Event: 7.473 Thread 0x000001ba3bcebe50 DEOPT UNPACKING pc=0x000001ba2a3ca1a3 sp=0x000000b65bdf45d8 mode 2
Event: 7.481 Thread 0x000001ba3bcebe50 Uncommon trap: trap_request=0xffffffde fr.pc=0x000001ba2aaa0378 relative=0x00000000000016f8
Event: 7.481 Thread 0x000001ba3bcebe50 Uncommon trap: reason=class_check action=maybe_recompile pc=0x000001ba2aaa0378 method=java.util.WeakHashMap.matchesKey(Ljava/util/WeakHashMap$Entry;Ljava/lang/Object;)Z @ 21 c2
Event: 7.481 Thread 0x000001ba3bcebe50 DEOPT PACKING pc=0x000001ba2aaa0378 sp=0x000000b65bdf7e60
Event: 7.481 Thread 0x000001ba3bcebe50 DEOPT UNPACKING pc=0x000001ba2a3ca1a3 sp=0x000000b65bdf7de0 mode 2
Event: 7.513 Thread 0x000001ba3bcebe50 Uncommon trap: trap_request=0xffffff45 fr.pc=0x000001ba2ac72610 relative=0x0000000000000450
Event: 7.513 Thread 0x000001ba3bcebe50 Uncommon trap: reason=unstable_if action=reinterpret pc=0x000001ba2ac72610 method=java.util.StringJoiner.add(Ljava/lang/CharSequence;)Ljava/util/StringJoiner; @ 33 c2
Event: 7.513 Thread 0x000001ba3bcebe50 DEOPT PACKING pc=0x000001ba2ac72610 sp=0x000000b65bdf6aa0
Event: 7.513 Thread 0x000001ba3bcebe50 DEOPT UNPACKING pc=0x000001ba2a3ca1a3 sp=0x000000b65bdf6a50 mode 2
Event: 7.688 Thread 0x000001ba3bcebe50 Uncommon trap: trap_request=0xfffffff4 fr.pc=0x000001ba2acc6c14 relative=0x0000000000000994
Event: 7.688 Thread 0x000001ba3bcebe50 Uncommon trap: reason=null_check action=make_not_entrant pc=0x000001ba2acc6c14 method=com.sun.beans.introspect.MethodInfo$MethodOrder.compare(Ljava/lang/reflect/Method;Ljava/lang/reflect/Method;)I @ 133 c2
Event: 7.688 Thread 0x000001ba3bcebe50 DEOPT PACKING pc=0x000001ba2acc6c14 sp=0x000000b65bdf3560
Event: 7.688 Thread 0x000001ba3bcebe50 DEOPT UNPACKING pc=0x000001ba2a3ca1a3 sp=0x000000b65bdf3500 mode 2
Event: 7.882 Thread 0x000001ba3bcebe50 Uncommon trap: trap_request=0xffffff45 fr.pc=0x000001ba2a944958 relative=0x0000000000000418
Event: 7.882 Thread 0x000001ba3bcebe50 Uncommon trap: reason=unstable_if action=reinterpret pc=0x000001ba2a944958 method=java.lang.StringConcatHelper.simpleConcat(Ljava/lang/Object;Ljava/lang/Object;)Ljava/lang/String; @ 30 c2
Event: 7.882 Thread 0x000001ba3bcebe50 DEOPT PACKING pc=0x000001ba2a944958 sp=0x000000b65bdf8490
Event: 7.883 Thread 0x000001ba3bcebe50 DEOPT UNPACKING pc=0x000001ba2a3ca1a3 sp=0x000000b65bdf8448 mode 2
Event: 7.896 Thread 0x000001ba3bcebe50 DEOPT PACKING pc=0x000001ba2328206d sp=0x000000b65bdf8320
Event: 7.896 Thread 0x000001ba3bcebe50 DEOPT UNPACKING pc=0x000001ba2a3cace3 sp=0x000000b65bdf78c0 mode 0

Classes unloaded (0 events):
No events

Classes redefined (0 events):
No events

Internal exceptions (20 events):
Event: 7.709 Thread 0x000001ba3bcebe50 Exception <a 'java/lang/ClassNotFoundException'{0x0000000085e0c298}: com/android/build/gradle/internal/CompileOptions$AgpDecorated_DecoratedBeanInfo> (0x0000000085e0c298) 
thrown [s\src\hotspot\share\classfile\systemDictionary.cpp, line 256]
Event: 7.710 Thread 0x000001ba3bcebe50 Exception <a 'java/lang/ClassNotFoundException'{0x0000000085e18938}: com/android/build/gradle/internal/CompileOptions$AgpDecoratedBeanInfo> (0x0000000085e18938) 
thrown [s\src\hotspot\share\classfile\systemDictionary.cpp, line 256]
Event: 7.710 Thread 0x000001ba3bcebe50 Exception <a 'java/lang/ClassNotFoundException'{0x0000000085e24e70}: com/android/build/gradle/internal/CompileOptionsBeanInfo> (0x0000000085e24e70) 
thrown [s\src\hotspot\share\classfile\systemDictionary.cpp, line 256]
Event: 7.711 Thread 0x000001ba3bcebe50 Exception <a 'java/lang/ClassNotFoundException'{0x0000000085e313b0}: com/android/build/gradle/internal/CompileOptionsCustomizer> (0x0000000085e313b0) 
thrown [s\src\hotspot\share\classfile\systemDictionary.cpp, line 256]
Event: 7.712 Thread 0x000001ba3bcebe50 Exception <a 'java/lang/ClassNotFoundException'{0x0000000085e4a018}: com/android/build/gradle/internal/CompileOptions$AgpDecoratedCustomizer> (0x0000000085e4a018) 
thrown [s\src\hotspot\share\classfile\systemDictionary.cpp, line 256]
Event: 7.713 Thread 0x000001ba3bcebe50 Exception <a 'java/lang/ClassNotFoundException'{0x0000000085e659b0}: com/android/build/gradle/internal/CompileOptions$AgpDecorated_DecoratedCustomizer> (0x0000000085e659b0) 
thrown [s\src\hotspot\share\classfile\systemDictionary.cpp, line 256]
Event: 7.719 Thread 0x000001ba3bcebe50 Exception <a 'java/lang/ClassNotFoundException'{0x0000000085ee9f60}: com/android/build/gradle/internal/dsl/ApplicationBuildFeaturesImpl_DecoratedBeanInfo> (0x0000000085ee9f60) 
thrown [s\src\hotspot\share\classfile\systemDictionary.cpp, line 256]
Event: 7.719 Thread 0x000001ba3bcebe50 Exception <a 'java/lang/ClassNotFoundException'{0x0000000085ef66e8}: com/android/build/gradle/internal/dsl/ApplicationBuildFeaturesImplBeanInfo> (0x0000000085ef66e8) 
thrown [s\src\hotspot\share\classfile\systemDictionary.cpp, line 256]
Event: 7.719 Thread 0x000001ba3bcebe50 Exception <a 'java/lang/ClassNotFoundException'{0x0000000085d032c0}: com/android/build/gradle/internal/dsl/BuildFeaturesImplBeanInfo> (0x0000000085d032c0) 
thrown [s\src\hotspot\share\classfile\systemDictionary.cpp, line 256]
Event: 7.720 Thread 0x000001ba3bcebe50 Exception <a 'java/lang/ClassNotFoundException'{0x0000000085d0f908}: com/android/build/gradle/internal/dsl/BuildFeaturesImplCustomizer> (0x0000000085d0f908) 
thrown [s\src\hotspot\share\classfile\systemDictionary.cpp, line 256]
Event: 7.720 Thread 0x000001ba3bcebe50 Exception <a 'java/lang/ClassNotFoundException'{0x0000000085d27b90}: com/android/build/gradle/internal/dsl/ApplicationBuildFeaturesImplCustomizer> (0x0000000085d27b90) 
thrown [s\src\hotspot\share\classfile\systemDictionary.cpp, line 256]
Event: 7.721 Thread 0x000001ba3bcebe50 Exception <a 'java/lang/ClassNotFoundException'{0x0000000085d3a330}: com/android/build/gradle/internal/dsl/ApplicationBuildFeaturesImpl_DecoratedCustomizer> (0x0000000085d3a330) 
thrown [s\src\hotspot\share\classfile\systemDictionary.cpp, line 256]
Event: 7.735 Thread 0x000001ba3bcebe50 Exception <a 'java/lang/ClassNotFoundException'{0x0000000085ccfca0}: org/gradle/api/internal/file/collections/DefaultConfigurableFileTreeBeanInfo> (0x0000000085ccfca0) 
thrown [s\src\hotspot\share\classfile\systemDictionary.cpp, line 256]
Event: 7.736 Thread 0x000001ba3bcebe50 Exception <a 'java/lang/ClassNotFoundException'{0x0000000085ce3ba8}: org/gradle/api/internal/file/CompositeFileTreeBeanInfo> (0x0000000085ce3ba8) 
thrown [s\src\hotspot\share\classfile\systemDictionary.cpp, line 256]
Event: 7.736 Thread 0x000001ba3bcebe50 Exception <a 'java/lang/ClassNotFoundException'{0x0000000085cf8168}: org/gradle/api/internal/file/CompositeFileCollectionBeanInfo> (0x0000000085cf8168) 
thrown [s\src\hotspot\share\classfile\systemDictionary.cpp, line 256]
Event: 7.737 Thread 0x000001ba3bcebe50 Exception <a 'java/lang/ClassNotFoundException'{0x0000000085b19a00}: org/gradle/api/internal/file/AbstractFileCollectionBeanInfo> (0x0000000085b19a00) 
thrown [s\src\hotspot\share\classfile\systemDictionary.cpp, line 256]
Event: 7.738 Thread 0x000001ba3bcebe50 Exception <a 'java/lang/ClassNotFoundException'{0x0000000085b2e4e0}: org/gradle/api/internal/file/AbstractFileCollectionCustomizer> (0x0000000085b2e4e0) 
thrown [s\src\hotspot\share\classfile\systemDictionary.cpp, line 256]
Event: 7.739 Thread 0x000001ba3bcebe50 Exception <a 'java/lang/ClassNotFoundException'{0x0000000085b54898}: org/gradle/api/internal/file/CompositeFileCollectionCustomizer> (0x0000000085b54898) 
thrown [s\src\hotspot\share\classfile\systemDictionary.cpp, line 256]
Event: 7.740 Thread 0x000001ba3bcebe50 Exception <a 'java/lang/ClassNotFoundException'{0x0000000085b71160}: org/gradle/api/internal/file/CompositeFileTreeCustomizer> (0x0000000085b71160) 
thrown [s\src\hotspot\share\classfile\systemDictionary.cpp, line 256]
Event: 7.741 Thread 0x000001ba3bcebe50 Exception <a 'java/lang/ClassNotFoundException'{0x0000000085b91870}: org/gradle/api/internal/file/collections/DefaultConfigurableFileTreeCustomizer> (0x0000000085b91870) 
thrown [s\src\hotspot\share\classfile\systemDictionary.cpp, line 256]

VM Operations (20 events):
Event: 6.679 Executing VM operation: G1TryInitiateConcMark done
Event: 6.715 Executing VM operation: G1Concurrent
Event: 6.718 Executing VM operation: G1Concurrent done
Event: 6.728 Executing VM operation: G1Concurrent
Event: 6.728 Executing VM operation: G1Concurrent done
Event: 7.010 Executing VM operation: G1CollectForAllocation
Event: 7.013 Executing VM operation: G1CollectForAllocation done
Event: 7.305 Executing VM operation: G1TryInitiateConcMark
Event: 7.308 Executing VM operation: G1TryInitiateConcMark done
Event: 7.347 Executing VM operation: G1Concurrent
Event: 7.350 Executing VM operation: G1Concurrent done
Event: 7.365 Executing VM operation: G1Concurrent
Event: 7.365 Executing VM operation: G1Concurrent done
Event: 7.467 Executing VM operation: HandshakeAllThreads
Event: 7.467 Executing VM operation: HandshakeAllThreads done
Event: 7.616 Executing VM operation: G1CollectForAllocation
Event: 7.621 Executing VM operation: G1CollectForAllocation done
Event: 7.772 Executing VM operation: HandshakeAllThreads
Event: 7.772 Executing VM operation: HandshakeAllThreads done
Event: 7.912 Executing VM operation: G1CollectForAllocation

Events (20 events):
Event: 7.386 loading class java/util/regex/Pattern$Caret
Event: 7.386 loading class java/util/regex/Pattern$Caret done
Event: 7.471 loading class java/util/ArrayListBeanInfo
Event: 7.471 loading class java/util/ArrayListBeanInfo done
Event: 7.471 loading class java/util/ArrayListBeanInfo
Event: 7.471 loading class java/util/ArrayListBeanInfo done
Event: 7.471 loading class java/util/AbstractListBeanInfo
Event: 7.471 loading class java/util/AbstractListBeanInfo done
Event: 7.471 loading class java/util/AbstractListBeanInfo
Event: 7.471 loading class java/util/AbstractListBeanInfo done
Event: 7.471 loading class java/util/AbstractListCustomizer
Event: 7.471 loading class java/util/AbstractListCustomizer done
Event: 7.471 loading class java/util/AbstractListCustomizer
Event: 7.471 loading class java/util/AbstractListCustomizer done
Event: 7.472 loading class java/util/ArrayListCustomizer
Event: 7.472 loading class java/util/ArrayListCustomizer done
Event: 7.472 loading class java/util/ArrayListCustomizer
Event: 7.472 loading class java/util/ArrayListCustomizer done
Event: 7.626 loading class java/beans/IntrospectionException
Event: 7.626 loading class java/beans/IntrospectionException done


Dynamic libraries:
0x00007ff64e370000 - 0x00007ff64e37a000 	C:\Program Files\Android\Android Studio\jbr\bin\java.exe
0x00007ffd405d0000 - 0x00007ffd407c7000 	C:\WINDOWS\SYSTEM32\ntdll.dll
0x00007ffd3e8f0000 - 0x00007ffd3e9ad000 	C:\WINDOWS\System32\KERNEL32.DLL
0x00007ffd3dfd0000 - 0x00007ffd3e2c6000 	C:\WINDOWS\System32\KERNELBASE.dll
0x00007ffd3dde0000 - 0x00007ffd3dee0000 	C:\WINDOWS\System32\ucrtbase.dll
0x00007ffd36560000 - 0x00007ffd36577000 	C:\Program Files\Android\Android Studio\jbr\bin\jli.dll
0x00007ffd364d0000 - 0x00007ffd364eb000 	C:\Program Files\Android\Android Studio\jbr\bin\VCRUNTIME140.dll
0x00007ffd3f0e0000 - 0x00007ffd3f27e000 	C:\WINDOWS\System32\USER32.dll
0x00007ffd140d0000 - 0x00007ffd1436a000 	C:\WINDOWS\WinSxS\amd64_microsoft.windows.common-controls_6595b64144ccf1df_6.0.19041.3570_none_60bb2a3971f3e41a\COMCTL32.dll
0x00007ffd3dfa0000 - 0x00007ffd3dfc2000 	C:\WINDOWS\System32\win32u.dll
0x00007ffd3e7a0000 - 0x00007ffd3e83e000 	C:\WINDOWS\System32\msvcrt.dll
0x00007ffd40560000 - 0x00007ffd4058c000 	C:\WINDOWS\System32\GDI32.dll
0x00007ffd3e430000 - 0x00007ffd3e54a000 	C:\WINDOWS\System32\gdi32full.dll
0x00007ffd3dcb0000 - 0x00007ffd3dd4d000 	C:\WINDOWS\System32\msvcp_win.dll
0x00007ffd3f3e0000 - 0x00007ffd3f410000 	C:\WINDOWS\System32\IMM32.DLL
0x00007ffd39430000 - 0x00007ffd3943c000 	C:\Program Files\Android\Android Studio\jbr\bin\vcruntime140_1.dll
0x00007ffd0b560000 - 0x00007ffd0b5ed000 	C:\Program Files\Android\Android Studio\jbr\bin\msvcp140.dll
0x00007ffcc58e0000 - 0x00007ffcc654d000 	C:\Program Files\Android\Android Studio\jbr\bin\server\jvm.dll
0x00007ffd3e840000 - 0x00007ffd3e8ee000 	C:\WINDOWS\System32\ADVAPI32.dll
0x00007ffd3e690000 - 0x00007ffd3e72c000 	C:\WINDOWS\System32\sechost.dll
0x00007ffd3f8c0000 - 0x00007ffd3f9e6000 	C:\WINDOWS\System32\RPCRT4.dll
0x00007ffd1a570000 - 0x00007ffd1a579000 	C:\WINDOWS\SYSTEM32\WSOCK32.dll
0x00007ffd1ad00000 - 0x00007ffd1ad27000 	C:\WINDOWS\SYSTEM32\WINMM.dll
0x00007ffd344a0000 - 0x00007ffd344aa000 	C:\WINDOWS\SYSTEM32\VERSION.dll
0x00007ffd3f770000 - 0x00007ffd3f7db000 	C:\WINDOWS\System32\WS2_32.dll
0x00007ffd3c4e0000 - 0x00007ffd3c4f2000 	C:\WINDOWS\SYSTEM32\kernel.appcore.dll
0x00007ffd1f4e0000 - 0x00007ffd1f4ea000 	C:\Program Files\Android\Android Studio\jbr\bin\jimage.dll
0x00007ffd3ba50000 - 0x00007ffd3bc34000 	C:\WINDOWS\SYSTEM32\DBGHELP.DLL
0x00007ffd333a0000 - 0x00007ffd333d4000 	C:\WINDOWS\SYSTEM32\dbgcore.DLL
0x00007ffd3dd50000 - 0x00007ffd3ddd2000 	C:\WINDOWS\System32\bcryptPrimitives.dll
0x00007ffd1f4b0000 - 0x00007ffd1f4d5000 	C:\Program Files\Android\Android Studio\jbr\bin\java.dll
0x00007ffd1f490000 - 0x00007ffd1f4a8000 	C:\Program Files\Android\Android Studio\jbr\bin\zip.dll
0x00007ffd3f9f0000 - 0x00007ffd40134000 	C:\WINDOWS\System32\SHELL32.dll
0x00007ffd3bd30000 - 0x00007ffd3c4cb000 	C:\WINDOWS\SYSTEM32\windows.storage.dll
0x00007ffd3f410000 - 0x00007ffd3f764000 	C:\WINDOWS\System32\combase.dll
0x00007ffd3d6f0000 - 0x00007ffd3d71d000 	C:\WINDOWS\SYSTEM32\Wldp.dll
0x00007ffd3ebb0000 - 0x00007ffd3ec5d000 	C:\WINDOWS\System32\SHCORE.dll
0x00007ffd3f860000 - 0x00007ffd3f8b5000 	C:\WINDOWS\System32\shlwapi.dll
0x00007ffd3dbe0000 - 0x00007ffd3dc05000 	C:\WINDOWS\SYSTEM32\profapi.dll
0x00007ffd0f930000 - 0x00007ffd0f949000 	C:\Program Files\Android\Android Studio\jbr\bin\net.dll
0x00007ffd2e290000 - 0x00007ffd2e39a000 	C:\WINDOWS\SYSTEM32\WINHTTP.dll
0x00007ffd3d450000 - 0x00007ffd3d4ba000 	C:\WINDOWS\system32\mswsock.dll
0x00007ffd0f910000 - 0x00007ffd0f926000 	C:\Program Files\Android\Android Studio\jbr\bin\nio.dll
0x00007ffd10660000 - 0x00007ffd10670000 	C:\Program Files\Android\Android Studio\jbr\bin\verify.dll
0x00007ffd11490000 - 0x00007ffd114b7000 	C:\Users\vkhan\.gradle\native\68d5fa5c4cc2d200863cafc0d521ce42e7d3e7ee720ec0a83991735586a16f82\windows-amd64\native-platform.dll
0x00007ffd093a0000 - 0x00007ffd094e4000 	C:\Users\vkhan\.gradle\native\e376f236ea51e6404a007f0833ffe2c6e607c4080706a723a18a27aeea778392\windows-amd64\native-platform-file-events.dll
0x00007ffd1f480000 - 0x00007ffd1f489000 	C:\Program Files\Android\Android Studio\jbr\bin\management.dll
0x00007ffd106b0000 - 0x00007ffd106bb000 	C:\Program Files\Android\Android Studio\jbr\bin\management_ext.dll
0x00007ffd3e790000 - 0x00007ffd3e798000 	C:\WINDOWS\System32\PSAPI.DLL
0x00007ffd3d650000 - 0x00007ffd3d668000 	C:\WINDOWS\SYSTEM32\CRYPTSP.dll
0x00007ffd3ccf0000 - 0x00007ffd3cd24000 	C:\WINDOWS\system32\rsaenh.dll
0x00007ffd3e550000 - 0x00007ffd3e577000 	C:\WINDOWS\System32\bcrypt.dll
0x00007ffd3dba0000 - 0x00007ffd3dbce000 	C:\WINDOWS\SYSTEM32\USERENV.dll
0x00007ffd3d640000 - 0x00007ffd3d64c000 	C:\WINDOWS\SYSTEM32\CRYPTBASE.dll
0x00007ffd3d0f0000 - 0x00007ffd3d12b000 	C:\WINDOWS\SYSTEM32\IPHLPAPI.DLL
0x00007ffd403c0000 - 0x00007ffd403c8000 	C:\WINDOWS\System32\NSI.dll
0x00007ffd335a0000 - 0x00007ffd335b7000 	C:\WINDOWS\SYSTEM32\dhcpcsvc6.DLL
0x00007ffd33380000 - 0x00007ffd3339d000 	C:\WINDOWS\SYSTEM32\dhcpcsvc.DLL
0x00007ffd3d140000 - 0x00007ffd3d20a000 	C:\WINDOWS\SYSTEM32\DNSAPI.dll
0x00007ffd103a0000 - 0x00007ffd103a7000 	C:\WINDOWS\system32\wshunix.dll

dbghelp: loaded successfully - version: 4.0.5 - missing functions: none
symbol engine: initialized successfully - sym options: 0x614 - pdb path: .;C:\Program Files\Android\Android Studio\jbr\bin;C:\WINDOWS\SYSTEM32;C:\WINDOWS\WinSxS\amd64_microsoft.windows.common-controls_6595b64144ccf1df_6.0.19041.3570_none_60bb2a3971f3e41a;C:\Program Files\Android\Android Studio\jbr\bin\server;C:\Users\vkhan\.gradle\native\68d5fa5c4cc2d200863cafc0d521ce42e7d3e7ee720ec0a83991735586a16f82\windows-amd64;C:\Users\vkhan\.gradle\native\e376f236ea51e6404a007f0833ffe2c6e607c4080706a723a18a27aeea778392\windows-amd64

VM Arguments:
jvm_args: --add-opens=java.base/java.util=ALL-UNNAMED --add-opens=java.base/java.lang=ALL-UNNAMED --add-opens=java.base/java.lang.invoke=ALL-UNNAMED --add-opens=java.prefs/java.util.prefs=ALL-UNNAMED --add-opens=java.base/java.nio.charset=ALL-UNNAMED --add-opens=java.base/java.net=ALL-UNNAMED --add-opens=java.base/java.util.concurrent.atomic=ALL-UNNAMED -Xmx2048m -Dfile.encoding=UTF-8 -Duser.country=US -Duser.language=en -Duser.variant 
java_command: org.gradle.launcher.daemon.bootstrap.GradleDaemon 8.0
java_class_path (initial): C:\Users\vkhan\.gradle\wrapper\dists\gradle-8.0-bin\ca5e32bp14vu59qr306oxotwh\gradle-8.0\lib\gradle-launcher-8.0.jar
Launcher Type: SUN_STANDARD

[Global flags]
     intx CICompilerCount                          = 4                                         {product} {ergonomic}
     uint ConcGCThreads                            = 2                                         {product} {ergonomic}
     uint G1ConcRefinementThreads                  = 8                                         {product} {ergonomic}
   size_t G1HeapRegionSize                         = 1048576                                   {product} {ergonomic}
    uintx GCDrainStackTargetSize                   = 64                                        {product} {ergonomic}
   size_t InitialHeapSize                          = 132120576                                 {product} {ergonomic}
   size_t MarkStackSize                            = 4194304                                   {product} {ergonomic}
   size_t MaxHeapSize                              = 2147483648                                {product} {command line}
   size_t MaxNewSize                               = 1287651328                                {product} {ergonomic}
   size_t MinHeapDeltaBytes                        = 1048576                                   {product} {ergonomic}
   size_t MinHeapSize                              = 8388608                                   {product} {ergonomic}
    uintx NonNMethodCodeHeapSize                   = 5839372                                {pd product} {ergonomic}
    uintx NonProfiledCodeHeapSize                  = 122909434                              {pd product} {ergonomic}
    uintx ProfiledCodeHeapSize                     = 122909434                              {pd product} {ergonomic}
    uintx ReservedCodeCacheSize                    = 251658240                              {pd product} {ergonomic}
     bool SegmentedCodeCache                       = true                                      {product} {ergonomic}
   size_t SoftMaxHeapSize                          = 2147483648                             {manageable} {ergonomic}
     bool UseCompressedClassPointers               = true                           {product lp64_product} {ergonomic}
     bool UseCompressedOops                        = true                           {product lp64_product} {ergonomic}
     bool UseG1GC                                  = true                                      {product} {ergonomic}
     bool UseLargePagesIndividualAllocation        = false                                  {pd product} {ergonomic}

Logging:
Log output configuration:
 #0: stdout all=warning uptime,level,tags
 #1: stderr all=off uptime,level,tags

Environment Variables:
PATH=C:\Program Files\Common Files\Oracle\Java\javapath;C:\Program Files (x86)\Common Files\Oracle\Java\javapath;C:\WINDOWS\system32;C:\WINDOWS;C:\WINDOWS\System32\Wbem;C:\WINDOWS\System32\WindowsPowerShell\v1.0\;C:\WINDOWS\System32\OpenSSH\;C:\Program Files\Microsoft SQL Server\Client SDK\ODBC\170\Tools\Binn\;C:\Program Files (x86)\Microsoft SQL Server\150\Tools\Binn\;C:\Program Files\Microsoft SQL Server\150\Tools\Binn\;C:\Program Files\Microsoft SQL Server\150\DTS\Binn\;C:\Program Files (x86)\Microsoft SQL Server\160\DTS\Binn\;C:\Program Files\Azure Data Studio\bin;C:\Program Files\Git\cmd;C:\Program Files\nodejs\;C:\Users\vkhan\AppData\Local\Programs\Python\Python311\Scripts\;C:\Users\vkhan\AppData\Local\Programs\Python\Python311\;C:\Users\vkhan\AppData\Local\Microsoft\WindowsApps;C:\Users\vkhan\AppData\Local\Programs\Microsoft VS Code\bin;C:\Program Files\Azure Data Studio\bin;C:\Users\vkhan\AppData\Roaming\npm;C:\Program Files\nodejs;
USERNAME=Admin
OS=Windows_NT
PROCESSOR_IDENTIFIER=Intel64 Family 6 Model 126 Stepping 5, GenuineIntel
TMP=C:\Users\vkhan\AppData\Local\Temp
TEMP=C:\Users\vkhan\AppData\Local\Temp



---------------  S Y S T E M  ---------------

OS:
 Windows 10 , 64 bit Build 19041 (10.0.19041.3570)
OS uptime: 5 days 19:55 hours

CPU: total 8 (initial active 8) (4 cores per cpu, 2 threads per core) family 6 model 126 stepping 5 microcode 0xbc, cx8, cmov, fxsr, ht, mmx, 3dnowpref, sse, sse2, sse3, ssse3, sse4.1, sse4.2, popcnt, lzcnt, tsc, tscinvbit, avx, avx2, aes, erms, clmul, bmi1, bmi2, adx, avx512f, avx512dq, avx512cd, avx512bw, avx512vl, sha, fma, vzeroupper, avx512_vpopcntdq, avx512_vpclmulqdq, avx512_vaes, avx512_vnni, clflush, clflushopt, avx512_vbmi2, avx512_vbmi

Memory: 4k page, system-wide physical 7959M (950M free)
TotalPageFile size 20759M (AvailPageFile size 37M)
current process WorkingSet (physical memory assigned to process): 324M, peak: 328M
current process commit charge ("private bytes"): 377M, peak: 470M

vm_info: OpenJDK 64-Bit Server VM (17.0.6+0-b2043.56-9586694) for windows-amd64 JRE (17.0.6+0-b2043.56-9586694), built on Feb  9 2023 20:06:20 by "androidbuild" with MS VC++ 16.10 / 16.11 (VS2019)

END.
