#
# There is insufficient memory for the Java Runtime Environment to continue.
# Native memory allocation (mmap) failed to map 112197632 bytes for G1 virtual space
# Possible reasons:
#   The system is out of physical RAM or swap space
#   The process is running with CompressedOops enabled, and the Java Heap may be blocking the growth of the native heap
# Possible solutions:
#   Reduce memory load on the system
#   Increase physical memory or swap space
#   Check if swap backing store is full
#   Decrease Java heap size (-Xmx/-Xms)
#   Decrease number of Java threads
#   Decrease Java thread stack sizes (-Xss)
#   Set larger code cache with -XX:ReservedCodeCacheSize=
#   JVM is running with Unscaled Compressed Oops mode in which the Java heap is
#     placed in the first 4GB address space. The Java Heap base address is the
#     maximum limit for the native heap growth. Please use -XX:HeapBaseMinAddress
#     to set the Java Heap base and to place the Java Heap above 4GB virtual address.
# This output file may be truncated or incomplete.
#
#  Out of Memory Error (os_windows.cpp:3769), pid=18376, tid=3900
#
# JRE version: OpenJDK Runtime Environment (17.0.6) (build 17.0.6+0-b2043.56-9586694)
# Java VM: OpenJDK 64-Bit Server VM (17.0.6+0-b2043.56-9586694, mixed mode, tiered, compressed oops, compressed class ptrs, g1 gc, windows-amd64)
# No core dump will be written. Minidumps are not enabled by default on client versions of Windows
#

---------------  S U M M A R Y ------------

Command Line: --add-opens=java.base/java.util=ALL-UNNAMED --add-opens=java.base/java.lang=ALL-UNNAMED --add-opens=java.base/java.lang.invoke=ALL-UNNAMED --add-opens=java.prefs/java.util.prefs=ALL-UNNAMED --add-opens=java.base/java.nio.charset=ALL-UNNAMED --add-opens=java.base/java.net=ALL-UNNAMED --add-opens=java.base/java.util.concurrent.atomic=ALL-UNNAMED -Xmx2048m -Dfile.encoding=UTF-8 -Duser.country=US -Duser.language=en -Duser.variant org.gradle.launcher.daemon.bootstrap.GradleDaemon 8.0

Host: Intel(R) Core(TM) i5-1035G1 CPU @ 1.00GHz, 8 cores, 7G,  Windows 10 , 64 bit Build 19041 (10.0.19041.3570)
Time: Sun Nov 12 14:48:33 2023 SE Asia Standard Time elapsed time: 7.924064 seconds (0d 0h 0m 7s)

---------------  T H R E A D  ---------------

Current thread (0x000001b2384e3a30):  VMThread "VM Thread" [stack: 0x000000533c400000,0x000000533c500000] [id=3900]

Stack: [0x000000533c400000,0x000000533c500000]
Native frames: (J=compiled Java code, j=interpreted, Vv=VM code, C=native code)
V  [jvm.dll+0x683b4a]
V  [jvm.dll+0x842654]
V  [jvm.dll+0x843dfe]
V  [jvm.dll+0x844463]
V  [jvm.dll+0x249b75]
V  [jvm.dll+0x680a19]
V  [jvm.dll+0x674f0a]
V  [jvm.dll+0x309acb]
V  [jvm.dll+0x310f86]
V  [jvm.dll+0x3608ee]
V  [jvm.dll+0x360b1f]
V  [jvm.dll+0x2dfbf8]
V  [jvm.dll+0x2ddec4]
V  [jvm.dll+0x2dd4cc]
V  [jvm.dll+0x321f3b]
V  [jvm.dll+0x84893b]
V  [jvm.dll+0x849674]
V  [jvm.dll+0x849b8d]
V  [jvm.dll+0x849f64]
V  [jvm.dll+0x84a030]
V  [jvm.dll+0x7f25fa]
V  [jvm.dll+0x682985]
C  [ucrtbase.dll+0x21bb2]
C  [KERNEL32.DLL+0x17344]
C  [ntdll.dll+0x526b1]

VM_Operation (0x000000533dcf6190): G1CollectForAllocation, mode: safepoint, requested by thread 0x000001b23a6556e0


---------------  P R O C E S S  ---------------

Threads class SMR info:
_java_thread_list=0x000001b2419165f0, length=126, elements={
0x000001b21e669b90, 0x000001b238504250, 0x000001b238505d20, 0x000001b23901d4d0,
0x000001b23901fea0, 0x000001b239022770, 0x000001b239023440, 0x000001b239029200,
0x000001b2390317d0, 0x000001b239031ce0, 0x000001b2391a37e0, 0x000001b2391a40c0,
0x000001b23b999140, 0x000001b23a6543a0, 0x000001b2392ae030, 0x000001b23a655210,
0x000001b23a653ed0, 0x000001b23a654870, 0x000001b23a654d40, 0x000001b23a6556e0,
0x000001b23a653a00, 0x000001b23a653530, 0x000001b23a656080, 0x000001b23a656550,
0x000001b23a655bb0, 0x000001b23a656ef0, 0x000001b23b8a2760, 0x000001b23b8a1dc0,
0x000001b23b8a2290, 0x000001b23b8a2c30, 0x000001b23b8a18f0, 0x000001b23b8a1420,
0x000001b23b8a3f70, 0x000001b23b8a3aa0, 0x000001b23b8a0f50, 0x000001b23b8a05b0,
0x000001b23d0ef550, 0x000001b23d0efa20, 0x000001b23d0ec060, 0x000001b23d0ec530,
0x000001b23d0f2f10, 0x000001b23d0f1230, 0x000001b23d0f0890, 0x000001b23d0f0d60,
0x000001b23d0f2570, 0x000001b23d0f1700, 0x000001b23d0f2a40, 0x000001b23d0f33e0,
0x000001b23d0ef080, 0x000001b23d0eced0, 0x000001b23d0ee210, 0x000001b23d0ed3a0,
0x000001b23d0edd40, 0x000001b23ee3b560, 0x000001b23ee3ba30, 0x000001b23ee38a10,
0x000001b23ee38070, 0x000001b23ee39d50, 0x000001b23ee393b0, 0x000001b23ee36390,
0x000001b23ee3c3d0, 0x000001b23ee37ba0, 0x000001b23ee376d0, 0x000001b23ee3a220,
0x000001b23ee3b090, 0x000001b23ee39880, 0x000001b23ee3a6f0, 0x000001b23ee3abc0,
0x000001b23ee3c8a0, 0x000001b23ee3cd70, 0x000001b23ee37200, 0x000001b23ee36860,
0x000001b23ee3d240, 0x000001b23ee3d710, 0x000001b23ee36d30, 0x000001b23ee3bf00,
0x000001b23ee3dbe0, 0x000001b23ee38540, 0x000001b23ee38ee0, 0x000001b23d153080,
0x000001b23d153550, 0x000001b23d150060, 0x000001b23d153a20, 0x000001b23d1543c0,
0x000001b23d155700, 0x000001b23d156570, 0x000001b23d154d60, 0x000001b23d151870,
0x000001b23d150530, 0x000001b23d1578b0, 0x000001b23d1573e0, 0x000001b23d1526e0,
0x000001b23d153ef0, 0x000001b23d156f10, 0x000001b23d156a40, 0x000001b23d154890,
0x000001b23d155230, 0x000001b23d155bd0, 0x000001b23d1513a0, 0x000001b23d150a00,
0x000001b23d1560a0, 0x000001b23d150ed0, 0x000001b23d151d40, 0x000001b23d152210,
0x000001b23d152bb0, 0x000001b23e904660, 0x000001b23e904190, 0x000001b23e8fe620,
0x000001b23e901b10, 0x000001b23e900ca0, 0x000001b23e9024b0, 0x000001b23e901170,
0x000001b23e9037f0, 0x000001b23e8fce10, 0x000001b23e903320, 0x000001b23e901640,
0x000001b23e8fd7b0, 0x000001b23e8fd2e0, 0x000001b23e8feaf0, 0x000001b23e901fe0,
0x000001b23e902e50, 0x000001b23e8fdc80, 0x000001b23e8fe150, 0x000001b23e9007d0,
0x000001b23e8fefc0, 0x000001b23e902980
}

Java Threads: ( => current thread )
  0x000001b21e669b90 JavaThread "main" [_thread_blocked, id=9392, stack(0x000000533be00000,0x000000533bf00000)]
  0x000001b238504250 JavaThread "Reference Handler" daemon [_thread_blocked, id=21624, stack(0x000000533c500000,0x000000533c600000)]
  0x000001b238505d20 JavaThread "Finalizer" daemon [_thread_blocked, id=5036, stack(0x000000533c600000,0x000000533c700000)]
  0x000001b23901d4d0 JavaThread "Signal Dispatcher" daemon [_thread_blocked, id=5004, stack(0x000000533c700000,0x000000533c800000)]
  0x000001b23901fea0 JavaThread "Attach Listener" daemon [_thread_blocked, id=13924, stack(0x000000533c800000,0x000000533c900000)]
  0x000001b239022770 JavaThread "Service Thread" daemon [_thread_blocked, id=6184, stack(0x000000533c900000,0x000000533ca00000)]
  0x000001b239023440 JavaThread "Monitor Deflation Thread" daemon [_thread_blocked, id=12916, stack(0x000000533ca00000,0x000000533cb00000)]
  0x000001b239029200 JavaThread "C2 CompilerThread0" daemon [_thread_in_native, id=6000, stack(0x000000533cb00000,0x000000533cc00000)]
  0x000001b2390317d0 JavaThread "C1 CompilerThread0" daemon [_thread_blocked, id=10604, stack(0x000000533cc00000,0x000000533cd00000)]
  0x000001b239031ce0 JavaThread "Sweeper thread" daemon [_thread_blocked, id=4048, stack(0x000000533cd00000,0x000000533ce00000)]
  0x000001b2391a37e0 JavaThread "Common-Cleaner" daemon [_thread_blocked, id=8568, stack(0x000000533ce00000,0x000000533cf00000)]
  0x000001b2391a40c0 JavaThread "Notification Thread" daemon [_thread_blocked, id=13064, stack(0x000000533cf00000,0x000000533d000000)]
  0x000001b23b999140 JavaThread "Daemon health stats" [_thread_blocked, id=6052, stack(0x000000533d600000,0x000000533d700000)]
  0x000001b23a6543a0 JavaThread "Incoming local TCP Connector on port 62693" [_thread_in_native, id=19764, stack(0x000000533d100000,0x000000533d200000)]
  0x000001b2392ae030 JavaThread "C2 CompilerThread1" daemon [_thread_blocked, id=16332, stack(0x000000533d700000,0x000000533d800000)]
  0x000001b23a655210 JavaThread "Daemon periodic checks" [_thread_blocked, id=11856, stack(0x000000533d800000,0x000000533d900000)]
  0x000001b23a653ed0 JavaThread "Daemon" [_thread_blocked, id=1668, stack(0x000000533d900000,0x000000533da00000)]
  0x000001b23a654870 JavaThread "Handler for socket connection from /127.0.0.1:62693 to /127.0.0.1:62694" [_thread_in_native, id=4368, stack(0x000000533da00000,0x000000533db00000)]
  0x000001b23a654d40 JavaThread "Cancel handler" [_thread_blocked, id=18828, stack(0x000000533db00000,0x000000533dc00000)]
  0x000001b23a6556e0 JavaThread "Daemon worker" [_thread_blocked, id=9108, stack(0x000000533dc00000,0x000000533dd00000)]
  0x000001b23a653a00 JavaThread "Asynchronous log dispatcher for DefaultDaemonConnection: socket connection from /127.0.0.1:62693 to /127.0.0.1:62694" [_thread_blocked, id=7324, stack(0x000000533dd00000,0x000000533de00000)]
  0x000001b23a653530 JavaThread "Stdin handler" [_thread_blocked, id=10712, stack(0x000000533de00000,0x000000533df00000)]
  0x000001b23a656080 JavaThread "Daemon client event forwarder" [_thread_blocked, id=22328, stack(0x000000533df00000,0x000000533e000000)]
  0x000001b23a656550 JavaThread "Cache worker for journal cache (C:\Users\vkhan\.gradle\caches\journal-1)" [_thread_blocked, id=7572, stack(0x000000533e400000,0x000000533e500000)]
  0x000001b23a655bb0 JavaThread "File lock request listener" [_thread_in_native, id=11760, stack(0x000000533e500000,0x000000533e600000)]
  0x000001b23a656ef0 JavaThread "Cache worker for file hash cache (C:\Users\vkhan\.gradle\caches\8.0\fileHashes)" [_thread_blocked, id=13184, stack(0x000000533e600000,0x000000533e700000)]
  0x000001b23b8a2760 JavaThread "File watcher server" daemon [_thread_in_native, id=16548, stack(0x000000533e700000,0x000000533e800000)]
  0x000001b23b8a1dc0 JavaThread "File watcher consumer" daemon [_thread_blocked, id=14964, stack(0x000000533e800000,0x000000533e900000)]
  0x000001b23b8a2290 JavaThread "Cache worker for checksums cache (D:\LUANVAN\LV_QuanLiQuanAn\QuanLyQuanAn0609\.gradle\8.0\checksums)" [_thread_blocked, id=6012, stack(0x000000533e900000,0x000000533ea00000)]
  0x000001b23b8a2c30 JavaThread "Cache worker for cache directory md-rule (C:\Users\vkhan\.gradle\caches\8.0\md-rule)" [_thread_blocked, id=18096, stack(0x000000533ea00000,0x000000533eb00000)]
  0x000001b23b8a18f0 JavaThread "Cache worker for file content cache (C:\Users\vkhan\.gradle\caches\8.0\fileContent)" [_thread_blocked, id=980, stack(0x000000533eb00000,0x000000533ec00000)]
  0x000001b23b8a1420 JavaThread "Cache worker for file hash cache (D:\LUANVAN\LV_QuanLiQuanAn\QuanLyQuanAn0609\.gradle\8.0\fileHashes)" [_thread_blocked, id=18080, stack(0x000000533ec00000,0x000000533ed00000)]
  0x000001b23b8a3f70 JavaThread "Cache worker for cache directory md-supplier (C:\Users\vkhan\.gradle\caches\8.0\md-supplier)" [_thread_blocked, id=16544, stack(0x000000533ed00000,0x000000533ee00000)]
  0x000001b23b8a3aa0 JavaThread "Cache worker for execution history cache (C:\Users\vkhan\.gradle\caches\8.0\executionHistory)" [_thread_blocked, id=15456, stack(0x000000533ee00000,0x000000533ef00000)]
  0x000001b23b8a0f50 JavaThread "jar transforms" [_thread_blocked, id=13112, stack(0x000000533ef00000,0x000000533f000000)]
  0x000001b23b8a05b0 JavaThread "jar transforms Thread 2" [_thread_blocked, id=16328, stack(0x000000533f000000,0x000000533f100000)]
  0x000001b23d0ef550 JavaThread "jar transforms Thread 3" [_thread_blocked, id=17172, stack(0x000000533f200000,0x000000533f300000)]
  0x000001b23d0efa20 JavaThread "jar transforms Thread 4" [_thread_blocked, id=14140, stack(0x000000533f300000,0x000000533f400000)]
  0x000001b23d0ec060 JavaThread "Cache worker for dependencies-accessors (D:\LUANVAN\LV_QuanLiQuanAn\QuanLyQuanAn0609\.gradle\8.0\dependencies-accessors)" [_thread_blocked, id=6588, stack(0x000000533f400000,0x000000533f500000)]
  0x000001b23d0ec530 JavaThread "jar transforms Thread 5" [_thread_blocked, id=20940, stack(0x000000533f500000,0x000000533f600000)]
  0x000001b23d0f2f10 JavaThread "Cache worker for Build Output Cleanup Cache (D:\LUANVAN\LV_QuanLiQuanAn\QuanLyQuanAn0609\.gradle\buildOutputCleanup)" [_thread_blocked, id=10880, stack(0x000000533f600000,0x000000533f700000)]
  0x000001b23d0f1230 JavaThread "Unconstrained build operations" [_thread_blocked, id=3664, stack(0x000000533f700000,0x000000533f800000)]
  0x000001b23d0f0890 JavaThread "Unconstrained build operations Thread 2" [_thread_blocked, id=8816, stack(0x000000533f800000,0x000000533f900000)]
  0x000001b23d0f0d60 JavaThread "Unconstrained build operations Thread 3" [_thread_blocked, id=14944, stack(0x000000533f900000,0x000000533fa00000)]
  0x000001b23d0f2570 JavaThread "Unconstrained build operations Thread 4" [_thread_blocked, id=14560, stack(0x000000533fa00000,0x000000533fb00000)]
  0x000001b23d0f1700 JavaThread "Unconstrained build operations Thread 5" [_thread_blocked, id=13816, stack(0x000000533fb00000,0x000000533fc00000)]
  0x000001b23d0f2a40 JavaThread "Unconstrained build operations Thread 6" [_thread_blocked, id=15472, stack(0x000000533fc00000,0x000000533fd00000)]
  0x000001b23d0f33e0 JavaThread "Unconstrained build operations Thread 7" [_thread_blocked, id=2900, stack(0x000000533fd00000,0x000000533fe00000)]
  0x000001b23d0ef080 JavaThread "Unconstrained build operations Thread 8" [_thread_blocked, id=10136, stack(0x000000533fe00000,0x000000533ff00000)]
  0x000001b23d0eced0 JavaThread "Unconstrained build operations Thread 9" [_thread_blocked, id=12796, stack(0x000000533ff00000,0x0000005340000000)]
  0x000001b23d0ee210 JavaThread "Unconstrained build operations Thread 10" [_thread_blocked, id=7984, stack(0x0000005340000000,0x0000005340100000)]
  0x000001b23d0ed3a0 JavaThread "Unconstrained build operations Thread 11" [_thread_blocked, id=17252, stack(0x0000005340100000,0x0000005340200000)]
  0x000001b23d0edd40 JavaThread "Unconstrained build operations Thread 12" [_thread_blocked, id=7680, stack(0x0000005340200000,0x0000005340300000)]
  0x000001b23ee3b560 JavaThread "Unconstrained build operations Thread 13" [_thread_blocked, id=7380, stack(0x0000005340300000,0x0000005340400000)]
  0x000001b23ee3ba30 JavaThread "Unconstrained build operations Thread 14" [_thread_blocked, id=16096, stack(0x0000005340400000,0x0000005340500000)]
  0x000001b23ee38a10 JavaThread "Unconstrained build operations Thread 15" [_thread_blocked, id=18340, stack(0x0000005340500000,0x0000005340600000)]
  0x000001b23ee38070 JavaThread "Unconstrained build operations Thread 16" [_thread_blocked, id=18356, stack(0x0000005340600000,0x0000005340700000)]
  0x000001b23ee39d50 JavaThread "Unconstrained build operations Thread 17" [_thread_blocked, id=2768, stack(0x0000005340700000,0x0000005340800000)]
  0x000001b23ee393b0 JavaThread "Unconstrained build operations Thread 18" [_thread_blocked, id=13136, stack(0x0000005340800000,0x0000005340900000)]
  0x000001b23ee36390 JavaThread "Unconstrained build operations Thread 19" [_thread_blocked, id=7568, stack(0x0000005340900000,0x0000005340a00000)]
  0x000001b23ee3c3d0 JavaThread "Unconstrained build operations Thread 20" [_thread_blocked, id=2696, stack(0x0000005340a00000,0x0000005340b00000)]
  0x000001b23ee37ba0 JavaThread "Unconstrained build operations Thread 21" [_thread_blocked, id=8084, stack(0x0000005340b00000,0x0000005340c00000)]
  0x000001b23ee376d0 JavaThread "Unconstrained build operations Thread 22" [_thread_blocked, id=7540, stack(0x0000005340c00000,0x0000005340d00000)]
  0x000001b23ee3a220 JavaThread "Unconstrained build operations Thread 23" [_thread_blocked, id=19388, stack(0x0000005340d00000,0x0000005340e00000)]
  0x000001b23ee3b090 JavaThread "Unconstrained build operations Thread 24" [_thread_blocked, id=15036, stack(0x0000005340e00000,0x0000005340f00000)]
  0x000001b23ee39880 JavaThread "Unconstrained build operations Thread 25" [_thread_blocked, id=21824, stack(0x0000005340f00000,0x0000005341000000)]
  0x000001b23ee3a6f0 JavaThread "Unconstrained build operations Thread 26" [_thread_blocked, id=14168, stack(0x0000005341000000,0x0000005341100000)]
  0x000001b23ee3abc0 JavaThread "Unconstrained build operations Thread 27" [_thread_blocked, id=14032, stack(0x0000005341100000,0x0000005341200000)]
  0x000001b23ee3c8a0 JavaThread "Unconstrained build operations Thread 28" [_thread_blocked, id=5236, stack(0x0000005341200000,0x0000005341300000)]
  0x000001b23ee3cd70 JavaThread "Unconstrained build operations Thread 29" [_thread_blocked, id=532, stack(0x0000005341300000,0x0000005341400000)]
  0x000001b23ee37200 JavaThread "Unconstrained build operations Thread 30" [_thread_blocked, id=6892, stack(0x0000005341400000,0x0000005341500000)]
  0x000001b23ee36860 JavaThread "Unconstrained build operations Thread 31" [_thread_blocked, id=19360, stack(0x0000005341500000,0x0000005341600000)]
  0x000001b23ee3d240 JavaThread "Unconstrained build operations Thread 32" [_thread_blocked, id=14876, stack(0x0000005341600000,0x0000005341700000)]
  0x000001b23ee3d710 JavaThread "Unconstrained build operations Thread 33" [_thread_blocked, id=17364, stack(0x0000005341700000,0x0000005341800000)]
  0x000001b23ee36d30 JavaThread "Unconstrained build operations Thread 34" [_thread_blocked, id=11884, stack(0x0000005341800000,0x0000005341900000)]
  0x000001b23ee3bf00 JavaThread "Unconstrained build operations Thread 35" [_thread_blocked, id=9744, stack(0x0000005341900000,0x0000005341a00000)]
  0x000001b23ee3dbe0 JavaThread "Unconstrained build operations Thread 36" [_thread_blocked, id=16216, stack(0x0000005341a00000,0x0000005341b00000)]
  0x000001b23ee38540 JavaThread "Unconstrained build operations Thread 37" [_thread_blocked, id=13648, stack(0x0000005341b00000,0x0000005341c00000)]
  0x000001b23ee38ee0 JavaThread "Unconstrained build operations Thread 38" [_thread_blocked, id=16920, stack(0x0000005341c00000,0x0000005341d00000)]
  0x000001b23d153080 JavaThread "Unconstrained build operations Thread 39" [_thread_blocked, id=14104, stack(0x0000005341d00000,0x0000005341e00000)]
  0x000001b23d153550 JavaThread "Unconstrained build operations Thread 40" [_thread_blocked, id=1600, stack(0x0000005341e00000,0x0000005341f00000)]
  0x000001b23d150060 JavaThread "Unconstrained build operations Thread 41" [_thread_blocked, id=10364, stack(0x0000005341f00000,0x0000005342000000)]
  0x000001b23d153a20 JavaThread "Unconstrained build operations Thread 42" [_thread_blocked, id=4560, stack(0x0000005342000000,0x0000005342100000)]
  0x000001b23d1543c0 JavaThread "Unconstrained build operations Thread 43" [_thread_blocked, id=6412, stack(0x0000005342100000,0x0000005342200000)]
  0x000001b23d155700 JavaThread "Unconstrained build operations Thread 44" [_thread_blocked, id=9544, stack(0x0000005342200000,0x0000005342300000)]
  0x000001b23d156570 JavaThread "Unconstrained build operations Thread 45" [_thread_blocked, id=5112, stack(0x0000005342300000,0x0000005342400000)]
  0x000001b23d154d60 JavaThread "Unconstrained build operations Thread 46" [_thread_blocked, id=17888, stack(0x0000005342400000,0x0000005342500000)]
  0x000001b23d151870 JavaThread "Unconstrained build operations Thread 47" [_thread_blocked, id=12860, stack(0x0000005342500000,0x0000005342600000)]
  0x000001b23d150530 JavaThread "Unconstrained build operations Thread 48" [_thread_blocked, id=15372, stack(0x0000005342600000,0x0000005342700000)]
  0x000001b23d1578b0 JavaThread "Unconstrained build operations Thread 49" [_thread_blocked, id=6560, stack(0x0000005342700000,0x0000005342800000)]
  0x000001b23d1573e0 JavaThread "Unconstrained build operations Thread 50" [_thread_blocked, id=19064, stack(0x0000005342800000,0x0000005342900000)]
  0x000001b23d1526e0 JavaThread "Unconstrained build operations Thread 51" [_thread_blocked, id=20604, stack(0x0000005342900000,0x0000005342a00000)]
  0x000001b23d153ef0 JavaThread "Unconstrained build operations Thread 52" [_thread_blocked, id=20140, stack(0x0000005342a00000,0x0000005342b00000)]
  0x000001b23d156f10 JavaThread "Unconstrained build operations Thread 53" [_thread_blocked, id=15864, stack(0x0000005342b00000,0x0000005342c00000)]
  0x000001b23d156a40 JavaThread "Unconstrained build operations Thread 54" [_thread_blocked, id=16904, stack(0x0000005342c00000,0x0000005342d00000)]
  0x000001b23d154890 JavaThread "Unconstrained build operations Thread 55" [_thread_blocked, id=244, stack(0x0000005342d00000,0x0000005342e00000)]
  0x000001b23d155230 JavaThread "Unconstrained build operations Thread 56" [_thread_blocked, id=6888, stack(0x0000005342e00000,0x0000005342f00000)]
  0x000001b23d155bd0 JavaThread "Unconstrained build operations Thread 57" [_thread_blocked, id=20456, stack(0x0000005342f00000,0x0000005343000000)]
  0x000001b23d1513a0 JavaThread "Unconstrained build operations Thread 58" [_thread_blocked, id=6920, stack(0x0000005343000000,0x0000005343100000)]
  0x000001b23d150a00 JavaThread "Unconstrained build operations Thread 59" [_thread_blocked, id=11100, stack(0x0000005343100000,0x0000005343200000)]
  0x000001b23d1560a0 JavaThread "Unconstrained build operations Thread 60" [_thread_blocked, id=13980, stack(0x0000005343200000,0x0000005343300000)]
  0x000001b23d150ed0 JavaThread "Unconstrained build operations Thread 61" [_thread_blocked, id=18388, stack(0x0000005343300000,0x0000005343400000)]
  0x000001b23d151d40 JavaThread "Unconstrained build operations Thread 62" [_thread_blocked, id=11368, stack(0x0000005343400000,0x0000005343500000)]
  0x000001b23d152210 JavaThread "Unconstrained build operations Thread 63" [_thread_blocked, id=1976, stack(0x0000005343500000,0x0000005343600000)]
  0x000001b23d152bb0 JavaThread "Unconstrained build operations Thread 64" [_thread_blocked, id=2816, stack(0x0000005343600000,0x0000005343700000)]
  0x000001b23e904660 JavaThread "Unconstrained build operations Thread 65" [_thread_blocked, id=2724, stack(0x0000005343700000,0x0000005343800000)]
  0x000001b23e904190 JavaThread "Unconstrained build operations Thread 66" [_thread_blocked, id=14232, stack(0x0000005343800000,0x0000005343900000)]
  0x000001b23e8fe620 JavaThread "Unconstrained build operations Thread 67" [_thread_blocked, id=21404, stack(0x0000005343900000,0x0000005343a00000)]
  0x000001b23e901b10 JavaThread "Unconstrained build operations Thread 68" [_thread_blocked, id=1800, stack(0x0000005343a00000,0x0000005343b00000)]
  0x000001b23e900ca0 JavaThread "Unconstrained build operations Thread 69" [_thread_blocked, id=10400, stack(0x0000005343b00000,0x0000005343c00000)]
  0x000001b23e9024b0 JavaThread "Unconstrained build operations Thread 70" [_thread_blocked, id=9176, stack(0x0000005343c00000,0x0000005343d00000)]
  0x000001b23e901170 JavaThread "Unconstrained build operations Thread 71" [_thread_blocked, id=20084, stack(0x0000005343d00000,0x0000005343e00000)]
  0x000001b23e9037f0 JavaThread "Unconstrained build operations Thread 72" [_thread_blocked, id=18168, stack(0x0000005343e00000,0x0000005343f00000)]
  0x000001b23e8fce10 JavaThread "Unconstrained build operations Thread 73" [_thread_blocked, id=21676, stack(0x0000005343f00000,0x0000005344000000)]
  0x000001b23e903320 JavaThread "Unconstrained build operations Thread 74" [_thread_blocked, id=12896, stack(0x0000005344000000,0x0000005344100000)]
  0x000001b23e901640 JavaThread "Unconstrained build operations Thread 75" [_thread_blocked, id=13224, stack(0x0000005344100000,0x0000005344200000)]
  0x000001b23e8fd7b0 JavaThread "Unconstrained build operations Thread 76" [_thread_blocked, id=20848, stack(0x0000005344200000,0x0000005344300000)]
  0x000001b23e8fd2e0 JavaThread "Unconstrained build operations Thread 77" [_thread_blocked, id=4988, stack(0x0000005344300000,0x0000005344400000)]
  0x000001b23e8feaf0 JavaThread "Unconstrained build operations Thread 78" [_thread_blocked, id=12808, stack(0x0000005344400000,0x0000005344500000)]
  0x000001b23e901fe0 JavaThread "Unconstrained build operations Thread 79" [_thread_blocked, id=18980, stack(0x0000005344500000,0x0000005344600000)]
  0x000001b23e902e50 JavaThread "Unconstrained build operations Thread 80" [_thread_blocked, id=1596, stack(0x0000005344600000,0x0000005344700000)]
  0x000001b23e8fdc80 JavaThread "jar transforms Thread 6" [_thread_blocked, id=12072, stack(0x0000005344700000,0x0000005344800000)]
  0x000001b23e8fe150 JavaThread "jar transforms Thread 7" [_thread_blocked, id=17148, stack(0x0000005344800000,0x0000005344900000)]
  0x000001b23e9007d0 JavaThread "jar transforms Thread 8" [_thread_blocked, id=16956, stack(0x0000005344900000,0x0000005344a00000)]
  0x000001b23e8fefc0 JavaThread "build event listener" [_thread_blocked, id=12472, stack(0x0000005344a00000,0x0000005344b00000)]
  0x000001b23e902980 JavaThread "Memory manager" [_thread_blocked, id=15272, stack(0x0000005344b00000,0x0000005344c00000)]

Other Threads:
=>0x000001b2384e3a30 VMThread "VM Thread" [stack: 0x000000533c400000,0x000000533c500000] [id=3900]
  0x000001b23913d680 WatcherThread [stack: 0x000000533d000000,0x000000533d100000] [id=3392]
  0x000001b21e6c8e70 GCTaskThread "GC Thread#0" [stack: 0x000000533bf00000,0x000000533c000000] [id=7692]
  0x000001b239f442d0 GCTaskThread "GC Thread#1" [stack: 0x000000533d200000,0x000000533d300000] [id=7352]
  0x000001b239f44580 GCTaskThread "GC Thread#2" [stack: 0x000000533d300000,0x000000533d400000] [id=18184]
  0x000001b239f45850 GCTaskThread "GC Thread#3" [stack: 0x000000533d400000,0x000000533d500000] [id=2688]
  0x000001b239f44d90 GCTaskThread "GC Thread#4" [stack: 0x000000533d500000,0x000000533d600000] [id=16452]
  0x000001b239f455a0 GCTaskThread "GC Thread#5" [stack: 0x000000533e000000,0x000000533e100000] [id=19676]
  0x000001b239f44020 GCTaskThread "GC Thread#6" [stack: 0x000000533e100000,0x000000533e200000] [id=19544]
  0x000001b23c0412e0 GCTaskThread "GC Thread#7" [stack: 0x000000533e200000,0x000000533e300000] [id=4596]
  0x000001b21e6d9cc0 ConcurrentGCThread "G1 Main Marker" [stack: 0x000000533c000000,0x000000533c100000] [id=2960]
  0x000001b21e6dad80 ConcurrentGCThread "G1 Conc#0" [stack: 0x000000533c100000,0x000000533c200000] [id=17044]
  0x000001b23c040820 ConcurrentGCThread "G1 Conc#1" [stack: 0x000000533e300000,0x000000533e400000] [id=10320]
  0x000001b21e73d670 ConcurrentGCThread "G1 Refine#0" [stack: 0x000000533c200000,0x000000533c300000] [id=17680]
  0x000001b23c83b130 ConcurrentGCThread "G1 Refine#1" [stack: 0x000000533f100000,0x000000533f200000] [id=8708]
  0x000001b2383340c0 ConcurrentGCThread "G1 Service" [stack: 0x000000533c300000,0x000000533c400000] [id=22280]

Threads with active compile tasks:
C2 CompilerThread0     7952 7249       4       org.gradle.internal.instantiation.generator.AbstractClassGenerator::inspectType (560 bytes)
C2 CompilerThread1     7952 7302       4       groovy.lang.MetaClassImpl::addMetaMethodToIndex (65 bytes)

VM state: at safepoint (normal execution)

VM Mutex/Monitor currently owned by a thread:  ([mutex/lock_event])
[0x000001b21c5eb7d0] Threads_lock - owner thread: 0x000001b2384e3a30
[0x000001b21c5ea0c0] Heap_lock - owner thread: 0x000001b23a6556e0

Heap address: 0x0000000080000000, size: 2048 MB, Compressed Oops mode: 32-bit

CDS archive(s) not mapped
Compressed class space mapped at: 0x0000000100000000-0x0000000140000000, reserved size: 1073741824
Narrow klass base: 0x0000000000000000, Narrow klass shift: 3, Narrow klass range: 0x140000000

GC Precious Log:
 CPUs: 8 total, 8 available
 Memory: 7959M
 Large Page Support: Disabled
 NUMA Support: Disabled
 Compressed Oops: Enabled (32-bit)
 Heap Region Size: 1M
 Heap Min Capacity: 8M
 Heap Initial Capacity: 126M
 Heap Max Capacity: 2G
 Pre-touch: Disabled
 Parallel Workers: 8
 Concurrent Workers: 2
 Concurrent Refinement Workers: 8
 Periodic GC: Disabled

Heap:
 garbage-first heap   total 129024K, used 63311K [0x0000000080000000, 0x0000000100000000)
  region size 1024K, 3 young (3072K), 3 survivors (3072K)
 Metaspace       used 74064K, committed 74688K, reserved 1114112K
  class space    used 10034K, committed 10304K, reserved 1048576K

Heap Regions: E=young(eden), S=young(survivor), O=old, HS=humongous(starts), HC=humongous(continues), CS=collection set, F=free, OA=open archive, CA=closed archive, TAMS=top-at-mark-start (previous, next)
|   0|0x0000000080000000, 0x0000000080100000, 0x0000000080100000|100%|HS|  |TAMS 0x0000000080100000, 0x0000000080000000| Complete 
|   1|0x0000000080100000, 0x0000000080200000, 0x0000000080200000|100%|HC|  |TAMS 0x0000000080200000, 0x0000000080100000| Complete 
|   2|0x0000000080200000, 0x0000000080300000, 0x0000000080300000|100%|HC|  |TAMS 0x0000000080300000, 0x0000000080200000| Complete 
|   3|0x0000000080300000, 0x0000000080400000, 0x0000000080400000|100%|HC|  |TAMS 0x0000000080400000, 0x0000000080300000| Complete 
|   4|0x0000000080400000, 0x0000000080500000, 0x0000000080500000|100%| O|  |TAMS 0x0000000080500000, 0x0000000080400000| Untracked 
|   5|0x0000000080500000, 0x0000000080500000, 0x0000000080600000|  0%| F|  |TAMS 0x0000000080500000, 0x0000000080500000| Untracked 
|   6|0x0000000080600000, 0x0000000080700000, 0x0000000080700000|100%| O|  |TAMS 0x0000000080700000, 0x0000000080600000| Untracked 
|   7|0x0000000080700000, 0x0000000080800000, 0x0000000080800000|100%| O|  |TAMS 0x0000000080800000, 0x0000000080700000| Untracked 
|   8|0x0000000080800000, 0x0000000080900000, 0x0000000080900000|100%| O|  |TAMS 0x0000000080900000, 0x0000000080800000| Untracked 
|   9|0x0000000080900000, 0x0000000080a00000, 0x0000000080a00000|100%| O|  |TAMS 0x0000000080a00000, 0x0000000080900000| Untracked 
|  10|0x0000000080a00000, 0x0000000080b00000, 0x0000000080b00000|100%| O|  |TAMS 0x0000000080b00000, 0x0000000080a00000| Untracked 
|  11|0x0000000080b00000, 0x0000000080c00000, 0x0000000080c00000|100%| O|  |TAMS 0x0000000080c00000, 0x0000000080b00000| Untracked 
|  12|0x0000000080c00000, 0x0000000080d00000, 0x0000000080d00000|100%| O|  |TAMS 0x0000000080d00000, 0x0000000080c00000| Untracked 
|  13|0x0000000080d00000, 0x0000000080e00000, 0x0000000080e00000|100%| O|  |TAMS 0x0000000080e00000, 0x0000000080d00000| Untracked 
|  14|0x0000000080e00000, 0x0000000080f00000, 0x0000000080f00000|100%| O|  |TAMS 0x0000000080f00000, 0x0000000080e00000| Untracked 
|  15|0x0000000080f00000, 0x0000000081000000, 0x0000000081000000|100%| O|  |TAMS 0x0000000081000000, 0x0000000080f00000| Untracked 
|  16|0x0000000081000000, 0x0000000081100000, 0x0000000081100000|100%| O|  |TAMS 0x0000000081100000, 0x0000000081000000| Untracked 
|  17|0x0000000081100000, 0x0000000081200000, 0x0000000081200000|100%| O|  |TAMS 0x0000000081200000, 0x0000000081100000| Untracked 
|  18|0x0000000081200000, 0x0000000081300000, 0x0000000081300000|100%| O|  |TAMS 0x0000000081300000, 0x0000000081200000| Untracked 
|  19|0x0000000081300000, 0x0000000081400000, 0x0000000081400000|100%| O|  |TAMS 0x0000000081400000, 0x0000000081300000| Untracked 
|  20|0x0000000081400000, 0x0000000081500000, 0x0000000081500000|100%| O|  |TAMS 0x0000000081500000, 0x0000000081400000| Untracked 
|  21|0x0000000081500000, 0x0000000081600000, 0x0000000081600000|100%| O|  |TAMS 0x0000000081600000, 0x0000000081500000| Untracked 
|  22|0x0000000081600000, 0x0000000081700000, 0x0000000081700000|100%| O|  |TAMS 0x0000000081700000, 0x0000000081600000| Untracked 
|  23|0x0000000081700000, 0x0000000081800000, 0x0000000081800000|100%| O|  |TAMS 0x0000000081800000, 0x0000000081700000| Untracked 
|  24|0x0000000081800000, 0x0000000081900000, 0x0000000081900000|100%| O|  |TAMS 0x0000000081900000, 0x0000000081800000| Untracked 
|  25|0x0000000081900000, 0x0000000081a00000, 0x0000000081a00000|100%| O|  |TAMS 0x0000000081a00000, 0x0000000081900000| Untracked 
|  26|0x0000000081a00000, 0x0000000081b00000, 0x0000000081b00000|100%| O|  |TAMS 0x0000000081b00000, 0x0000000081a00000| Untracked 
|  27|0x0000000081b00000, 0x0000000081c00000, 0x0000000081c00000|100%| O|  |TAMS 0x0000000081c00000, 0x0000000081b00000| Untracked 
|  28|0x0000000081c00000, 0x0000000081d00000, 0x0000000081d00000|100%| O|  |TAMS 0x0000000081d00000, 0x0000000081c00000| Untracked 
|  29|0x0000000081d00000, 0x0000000081e00000, 0x0000000081e00000|100%| O|  |TAMS 0x0000000081e00000, 0x0000000081d00000| Untracked 
|  30|0x0000000081e00000, 0x0000000081f00000, 0x0000000081f00000|100%| O|  |TAMS 0x0000000081f00000, 0x0000000081e00000| Untracked 
|  31|0x0000000081f00000, 0x0000000082000000, 0x0000000082000000|100%| O|  |TAMS 0x0000000082000000, 0x0000000081f00000| Untracked 
|  32|0x0000000082000000, 0x0000000082100000, 0x0000000082100000|100%| O|  |TAMS 0x0000000082100000, 0x0000000082000000| Untracked 
|  33|0x0000000082100000, 0x0000000082200000, 0x0000000082200000|100%| O|  |TAMS 0x0000000082200000, 0x0000000082100000| Untracked 
|  34|0x0000000082200000, 0x0000000082300000, 0x0000000082300000|100%|HS|  |TAMS 0x0000000082300000, 0x0000000082200000| Complete 
|  35|0x0000000082300000, 0x0000000082400000, 0x0000000082400000|100%|HS|  |TAMS 0x0000000082400000, 0x0000000082300000| Complete 
|  36|0x0000000082400000, 0x0000000082500000, 0x0000000082500000|100%| O|  |TAMS 0x0000000082500000, 0x0000000082400000| Untracked 
|  37|0x0000000082500000, 0x0000000082600000, 0x0000000082600000|100%| O|  |TAMS 0x0000000082500000, 0x0000000082500000| Untracked 
|  38|0x0000000082600000, 0x0000000082700000, 0x0000000082700000|100%| O|  |TAMS 0x0000000082700000, 0x0000000082600000| Untracked 
|  39|0x0000000082700000, 0x0000000082800000, 0x0000000082800000|100%| O|  |TAMS 0x0000000082800000, 0x0000000082700000| Untracked 
|  40|0x0000000082800000, 0x0000000082900000, 0x0000000082900000|100%| O|  |TAMS 0x0000000082900000, 0x0000000082800000| Untracked 
|  41|0x0000000082900000, 0x0000000082a00000, 0x0000000082a00000|100%| O|  |TAMS 0x0000000082a00000, 0x0000000082900000| Untracked 
|  42|0x0000000082a00000, 0x0000000082b00000, 0x0000000082b00000|100%| O|  |TAMS 0x0000000082b00000, 0x0000000082a00000| Untracked 
|  43|0x0000000082b00000, 0x0000000082c00000, 0x0000000082c00000|100%| O|  |TAMS 0x0000000082c00000, 0x0000000082b00000| Untracked 
|  44|0x0000000082c00000, 0x0000000082d00000, 0x0000000082d00000|100%| O|  |TAMS 0x0000000082d00000, 0x0000000082c00000| Untracked 
|  45|0x0000000082d00000, 0x0000000082e00000, 0x0000000082e00000|100%| O|  |TAMS 0x0000000082e00000, 0x0000000082d00000| Untracked 
|  46|0x0000000082e00000, 0x0000000082f00000, 0x0000000082f00000|100%| O|  |TAMS 0x0000000082f00000, 0x0000000082e00000| Untracked 
|  47|0x0000000082f00000, 0x0000000083000000, 0x0000000083000000|100%| O|  |TAMS 0x0000000083000000, 0x0000000082f00000| Untracked 
|  48|0x0000000083000000, 0x0000000083100000, 0x0000000083100000|100%| O|  |TAMS 0x0000000083100000, 0x0000000083000000| Untracked 
|  49|0x0000000083100000, 0x0000000083200000, 0x0000000083200000|100%| O|  |TAMS 0x0000000083200000, 0x0000000083100000| Untracked 
|  50|0x0000000083200000, 0x0000000083300000, 0x0000000083300000|100%| O|  |TAMS 0x0000000083300000, 0x0000000083200000| Untracked 
|  51|0x0000000083300000, 0x0000000083400000, 0x0000000083400000|100%| O|  |TAMS 0x0000000083400000, 0x0000000083300000| Untracked 
|  52|0x0000000083400000, 0x0000000083500000, 0x0000000083500000|100%| O|  |TAMS 0x0000000083500000, 0x0000000083400000| Untracked 
|  53|0x0000000083500000, 0x0000000083600000, 0x0000000083600000|100%| O|  |TAMS 0x0000000083600000, 0x0000000083500000| Untracked 
|  54|0x0000000083600000, 0x0000000083700000, 0x0000000083700000|100%| O|  |TAMS 0x0000000083700000, 0x0000000083600000| Untracked 
|  55|0x0000000083700000, 0x0000000083800000, 0x0000000083800000|100%| O|  |TAMS 0x00000000837f5c00, 0x0000000083700000| Untracked 
|  56|0x0000000083800000, 0x0000000083900000, 0x0000000083900000|100%| O|  |TAMS 0x0000000083800000, 0x0000000083800000| Untracked 
|  57|0x0000000083900000, 0x0000000083a00000, 0x0000000083a00000|100%| O|  |TAMS 0x0000000083900000, 0x0000000083900000| Untracked 
|  58|0x0000000083a00000, 0x0000000083b00000, 0x0000000083b00000|100%| O|  |TAMS 0x0000000083a00000, 0x0000000083a00000| Untracked 
|  59|0x0000000083b00000, 0x0000000083c00000, 0x0000000083c00000|100%| O|  |TAMS 0x0000000083b00000, 0x0000000083b00000| Untracked 
|  60|0x0000000083c00000, 0x0000000083c30a00, 0x0000000083d00000| 18%| O|  |TAMS 0x0000000083c00000, 0x0000000083c00000| Untracked 
|  61|0x0000000083d00000, 0x0000000083d00000, 0x0000000083e00000|  0%| F|  |TAMS 0x0000000083d00000, 0x0000000083d00000| Untracked 
|  62|0x0000000083e00000, 0x0000000083e00000, 0x0000000083f00000|  0%| F|  |TAMS 0x0000000083e00000, 0x0000000083e00000| Untracked 
|  63|0x0000000083f00000, 0x0000000083f00000, 0x0000000084000000|  0%| F|  |TAMS 0x0000000083f00000, 0x0000000083f00000| Untracked 
|  64|0x0000000084000000, 0x0000000084000000, 0x0000000084100000|  0%| F|  |TAMS 0x0000000084000000, 0x0000000084000000| Untracked 
|  65|0x0000000084100000, 0x0000000084100000, 0x0000000084200000|  0%| F|  |TAMS 0x0000000084100000, 0x0000000084100000| Untracked 
|  66|0x0000000084200000, 0x0000000084200000, 0x0000000084300000|  0%| F|  |TAMS 0x0000000084200000, 0x0000000084200000| Untracked 
|  67|0x0000000084300000, 0x0000000084300000, 0x0000000084400000|  0%| F|  |TAMS 0x0000000084300000, 0x0000000084300000| Untracked 
|  68|0x0000000084400000, 0x0000000084400000, 0x0000000084500000|  0%| F|  |TAMS 0x0000000084400000, 0x0000000084400000| Untracked 
|  69|0x0000000084500000, 0x0000000084500000, 0x0000000084600000|  0%| F|  |TAMS 0x0000000084500000, 0x0000000084500000| Untracked 
|  70|0x0000000084600000, 0x0000000084600000, 0x0000000084700000|  0%| F|  |TAMS 0x0000000084600000, 0x0000000084600000| Untracked 
|  71|0x0000000084700000, 0x0000000084700000, 0x0000000084800000|  0%| F|  |TAMS 0x0000000084700000, 0x0000000084700000| Untracked 
|  72|0x0000000084800000, 0x0000000084800000, 0x0000000084900000|  0%| F|  |TAMS 0x0000000084800000, 0x0000000084800000| Untracked 
|  73|0x0000000084900000, 0x0000000084900000, 0x0000000084a00000|  0%| F|  |TAMS 0x0000000084900000, 0x0000000084900000| Untracked 
|  74|0x0000000084a00000, 0x0000000084a00000, 0x0000000084b00000|  0%| F|  |TAMS 0x0000000084a00000, 0x0000000084a00000| Untracked 
|  75|0x0000000084b00000, 0x0000000084ba3330, 0x0000000084c00000| 63%| S|CS|TAMS 0x0000000084b00000, 0x0000000084b00000| Complete 
|  76|0x0000000084c00000, 0x0000000084d00000, 0x0000000084d00000|100%| S|CS|TAMS 0x0000000084c00000, 0x0000000084c00000| Complete 
|  77|0x0000000084d00000, 0x0000000084e00000, 0x0000000084e00000|100%| S|CS|TAMS 0x0000000084d00000, 0x0000000084d00000| Complete 
|  78|0x0000000084e00000, 0x0000000084e00000, 0x0000000084f00000|  0%| F|  |TAMS 0x0000000084e00000, 0x0000000084e00000| Untracked 
|  79|0x0000000084f00000, 0x0000000084f00000, 0x0000000085000000|  0%| F|  |TAMS 0x0000000084f00000, 0x0000000084f00000| Untracked 
|  80|0x0000000085000000, 0x0000000085000000, 0x0000000085100000|  0%| F|  |TAMS 0x0000000085000000, 0x0000000085000000| Untracked 
|  81|0x0000000085100000, 0x0000000085100000, 0x0000000085200000|  0%| F|  |TAMS 0x0000000085100000, 0x0000000085100000| Untracked 
|  82|0x0000000085200000, 0x0000000085200000, 0x0000000085300000|  0%| F|  |TAMS 0x0000000085200000, 0x0000000085200000| Untracked 
|  83|0x0000000085300000, 0x0000000085300000, 0x0000000085400000|  0%| F|  |TAMS 0x0000000085300000, 0x0000000085300000| Untracked 
|  84|0x0000000085400000, 0x0000000085400000, 0x0000000085500000|  0%| F|  |TAMS 0x0000000085400000, 0x0000000085400000| Untracked 
|  85|0x0000000085500000, 0x0000000085500000, 0x0000000085600000|  0%| F|  |TAMS 0x0000000085500000, 0x0000000085500000| Untracked 
|  86|0x0000000085600000, 0x0000000085600000, 0x0000000085700000|  0%| F|  |TAMS 0x0000000085600000, 0x0000000085600000| Untracked 
|  87|0x0000000085700000, 0x0000000085700000, 0x0000000085800000|  0%| F|  |TAMS 0x0000000085700000, 0x0000000085700000| Untracked 
|  88|0x0000000085800000, 0x0000000085800000, 0x0000000085900000|  0%| F|  |TAMS 0x0000000085800000, 0x0000000085800000| Untracked 
|  89|0x0000000085900000, 0x0000000085900000, 0x0000000085a00000|  0%| F|  |TAMS 0x0000000085900000, 0x0000000085900000| Untracked 
|  90|0x0000000085a00000, 0x0000000085a00000, 0x0000000085b00000|  0%| F|  |TAMS 0x0000000085a00000, 0x0000000085a00000| Untracked 
|  91|0x0000000085b00000, 0x0000000085b00000, 0x0000000085c00000|  0%| F|  |TAMS 0x0000000085b00000, 0x0000000085b00000| Untracked 
|  92|0x0000000085c00000, 0x0000000085c00000, 0x0000000085d00000|  0%| F|  |TAMS 0x0000000085c00000, 0x0000000085c00000| Untracked 
|  93|0x0000000085d00000, 0x0000000085d00000, 0x0000000085e00000|  0%| F|  |TAMS 0x0000000085d00000, 0x0000000085d00000| Untracked 
|  94|0x0000000085e00000, 0x0000000085e00000, 0x0000000085f00000|  0%| F|  |TAMS 0x0000000085e00000, 0x0000000085e00000| Untracked 
|  95|0x0000000085f00000, 0x0000000085f00000, 0x0000000086000000|  0%| F|  |TAMS 0x0000000085f00000, 0x0000000085f00000| Untracked 
|  96|0x0000000086000000, 0x0000000086000000, 0x0000000086100000|  0%| F|  |TAMS 0x0000000086000000, 0x0000000086000000| Untracked 
|  97|0x0000000086100000, 0x0000000086100000, 0x0000000086200000|  0%| F|  |TAMS 0x0000000086100000, 0x0000000086100000| Untracked 
|  98|0x0000000086200000, 0x0000000086200000, 0x0000000086300000|  0%| F|  |TAMS 0x0000000086200000, 0x0000000086200000| Untracked 
|  99|0x0000000086300000, 0x0000000086300000, 0x0000000086400000|  0%| F|  |TAMS 0x0000000086300000, 0x0000000086300000| Untracked 
| 100|0x0000000086400000, 0x0000000086400000, 0x0000000086500000|  0%| F|  |TAMS 0x0000000086400000, 0x0000000086400000| Untracked 
| 101|0x0000000086500000, 0x0000000086500000, 0x0000000086600000|  0%| F|  |TAMS 0x0000000086500000, 0x0000000086500000| Untracked 
| 102|0x0000000086600000, 0x0000000086600000, 0x0000000086700000|  0%| F|  |TAMS 0x0000000086600000, 0x0000000086600000| Untracked 
| 103|0x0000000086700000, 0x0000000086700000, 0x0000000086800000|  0%| F|  |TAMS 0x0000000086700000, 0x0000000086700000| Untracked 
| 104|0x0000000086800000, 0x0000000086800000, 0x0000000086900000|  0%| F|  |TAMS 0x0000000086800000, 0x0000000086800000| Untracked 
| 105|0x0000000086900000, 0x0000000086900000, 0x0000000086a00000|  0%| F|  |TAMS 0x0000000086900000, 0x0000000086900000| Untracked 
| 106|0x0000000086a00000, 0x0000000086a00000, 0x0000000086b00000|  0%| F|  |TAMS 0x0000000086a00000, 0x0000000086a00000| Untracked 
| 107|0x0000000086b00000, 0x0000000086b00000, 0x0000000086c00000|  0%| F|  |TAMS 0x0000000086b00000, 0x0000000086b00000| Untracked 
| 108|0x0000000086c00000, 0x0000000086c00000, 0x0000000086d00000|  0%| F|  |TAMS 0x0000000086c00000, 0x0000000086c00000| Untracked 
| 109|0x0000000086d00000, 0x0000000086d00000, 0x0000000086e00000|  0%| F|  |TAMS 0x0000000086d00000, 0x0000000086d00000| Untracked 
| 110|0x0000000086e00000, 0x0000000086e00000, 0x0000000086f00000|  0%| F|  |TAMS 0x0000000086e00000, 0x0000000086e00000| Untracked 
| 111|0x0000000086f00000, 0x0000000086f00000, 0x0000000087000000|  0%| F|  |TAMS 0x0000000086f00000, 0x0000000086f00000| Untracked 
| 112|0x0000000087000000, 0x0000000087000000, 0x0000000087100000|  0%| F|  |TAMS 0x0000000087000000, 0x0000000087000000| Untracked 
| 113|0x0000000087100000, 0x0000000087100000, 0x0000000087200000|  0%| F|  |TAMS 0x0000000087100000, 0x0000000087100000| Untracked 
| 114|0x0000000087200000, 0x0000000087200000, 0x0000000087300000|  0%| F|  |TAMS 0x0000000087200000, 0x0000000087200000| Untracked 
| 115|0x0000000087300000, 0x0000000087300000, 0x0000000087400000|  0%| F|  |TAMS 0x0000000087300000, 0x0000000087300000| Untracked 
| 116|0x0000000087400000, 0x0000000087400000, 0x0000000087500000|  0%| F|  |TAMS 0x0000000087400000, 0x0000000087400000| Untracked 
| 117|0x0000000087500000, 0x0000000087500000, 0x0000000087600000|  0%| F|  |TAMS 0x0000000087500000, 0x0000000087500000| Untracked 
| 118|0x0000000087600000, 0x0000000087600000, 0x0000000087700000|  0%| F|  |TAMS 0x0000000087600000, 0x0000000087600000| Untracked 
| 119|0x0000000087700000, 0x0000000087700000, 0x0000000087800000|  0%| F|  |TAMS 0x0000000087700000, 0x0000000087700000| Untracked 
| 120|0x0000000087800000, 0x0000000087800000, 0x0000000087900000|  0%| F|  |TAMS 0x0000000087800000, 0x0000000087800000| Untracked 
| 121|0x0000000087900000, 0x0000000087900000, 0x0000000087a00000|  0%| F|  |TAMS 0x0000000087900000, 0x0000000087900000| Untracked 
| 122|0x0000000087a00000, 0x0000000087a00000, 0x0000000087b00000|  0%| F|  |TAMS 0x0000000087a00000, 0x0000000087a00000| Untracked 
| 123|0x0000000087b00000, 0x0000000087b00000, 0x0000000087c00000|  0%| F|  |TAMS 0x0000000087b00000, 0x0000000087b00000| Untracked 
| 124|0x0000000087c00000, 0x0000000087c00000, 0x0000000087d00000|  0%| F|  |TAMS 0x0000000087c00000, 0x0000000087c00000| Untracked 
| 125|0x0000000087d00000, 0x0000000087d00000, 0x0000000087e00000|  0%| F|  |TAMS 0x0000000087d00000, 0x0000000087d00000| Untracked 

Card table byte_map: [0x000001b231280000,0x000001b231680000] _byte_map_base: 0x000001b230e80000

Marking Bits (Prev, Next): (CMBitMap*) 0x000001b21e6c9390, (CMBitMap*) 0x000001b21e6c93d0
 Prev Bits: [0x000001b231a80000, 0x000001b233a80000)
 Next Bits: [0x000001b233a80000, 0x000001b235a80000)

Polling page: 0x000001b21de40000

Metaspace:

Usage:
  Non-class:     62.53 MB used.
      Class:      9.80 MB used.
       Both:     72.33 MB used.

Virtual space:
  Non-class space:       64.00 MB reserved,      62.88 MB ( 98%) committed,  8 nodes.
      Class space:        1.00 GB reserved,      10.06 MB ( <1%) committed,  1 nodes.
             Both:        1.06 GB reserved,      72.94 MB (  7%) committed. 

Chunk freelists:
   Non-Class:  1.16 MB
       Class:  1.89 MB
        Both:  3.05 MB

MaxMetaspaceSize: unlimited
CompressedClassSpaceSize: 1.00 GB
Initial GC threshold: 21.00 MB
Current GC threshold: 114.00 MB
CDS: off
MetaspaceReclaimPolicy: balanced
 - commit_granule_bytes: 65536.
 - commit_granule_words: 8192.
 - virtual_space_node_default_size: 1048576.
 - enlarge_chunks_in_place: 1.
 - new_chunks_are_fully_committed: 0.
 - uncommit_free_chunks: 1.
 - use_allocation_guard: 0.
 - handle_deallocations: 1.


Internal statistics:

num_allocs_failed_limit: 6.
num_arena_births: 656.
num_arena_deaths: 0.
num_vsnodes_births: 9.
num_vsnodes_deaths: 0.
num_space_committed: 1167.
num_space_uncommitted: 0.
num_chunks_returned_to_freelist: 6.
num_chunks_taken_from_freelist: 3149.
num_chunk_merges: 6.
num_chunk_splits: 2122.
num_chunks_enlarged: 1471.
num_purges: 0.
num_inconsistent_stats: 0.

CodeHeap 'non-profiled nmethods': size=120000Kb used=3731Kb max_used=3731Kb free=116268Kb
 bounds [0x000001b229610000, 0x000001b2299c0000, 0x000001b230b40000]
CodeHeap 'profiled nmethods': size=120000Kb used=12764Kb max_used=12764Kb free=107235Kb
 bounds [0x000001b221b40000, 0x000001b2227c0000, 0x000001b229070000]
CodeHeap 'non-nmethods': size=5760Kb used=2370Kb max_used=2419Kb free=3389Kb
 bounds [0x000001b229070000, 0x000001b2292e0000, 0x000001b229610000]
 total_blobs=7394 nmethods=6509 adapters=797
 compilation: enabled
              stopped_count=0, restarted_count=0
 full_count=0

Compilation events (20 events):
Event: 7.893 Thread 0x000001b2390317d0 7349       3       org.codehaus.groovy.reflection.ClassInfo::isValidWeakMetaClass (30 bytes)
Event: 7.893 Thread 0x000001b2390317d0 nmethod 7349 0x000001b2227b5e90 code [0x000001b2227b6040, 0x000001b2227b63f8]
Event: 7.901 Thread 0x000001b2390317d0 7352       3       org.gradle.api.internal.artifacts.configurations.DefaultConfiguration::notifyChildren (40 bytes)
Event: 7.901 Thread 0x000001b2390317d0 nmethod 7352 0x000001b2227b6490 code [0x000001b2227b6680, 0x000001b2227b6c38]
Event: 7.901 Thread 0x000001b2390317d0 7351       3       org.gradle.api.internal.artifacts.configurations.DefaultConfiguration::markAsModified (22 bytes)
Event: 7.901 Thread 0x000001b2390317d0 nmethod 7351 0x000001b2227b6e10 code [0x000001b2227b6fc0, 0x000001b2227b71b8]
Event: 7.901 Thread 0x000001b2390317d0 7353       3       org.gradle.api.internal.project.DefaultProjectStateRegistry$CalculatedModelValueImpl::get (41 bytes)
Event: 7.902 Thread 0x000001b2390317d0 nmethod 7353 0x000001b2227b7290 code [0x000001b2227b74e0, 0x000001b2227b7d68]
Event: 7.903 Thread 0x000001b2390317d0 7354       3       org.gradle.util.Path::toString (5 bytes)
Event: 7.903 Thread 0x000001b2390317d0 nmethod 7354 0x000001b2227b8090 code [0x000001b2227b8240, 0x000001b2227b8488]
Event: 7.912 Thread 0x000001b2390317d0 7355       1       com.android.build.gradle.internal.publishing.OutputSpecImpl::getOutputType (5 bytes)
Event: 7.912 Thread 0x000001b2390317d0 nmethod 7355 0x000001b2299b3d90 code [0x000001b2299b3f20, 0x000001b2299b3ff8]
Event: 7.916 Thread 0x000001b2390317d0 7356       1       com.google.common.collect.SingletonImmutableList::size (2 bytes)
Event: 7.916 Thread 0x000001b2390317d0 nmethod 7356 0x000001b2299b4090 code [0x000001b2299b4220, 0x000001b2299b42f8]
Event: 7.917 Thread 0x000001b2390317d0 7357       1       com.android.build.gradle.internal.publishing.OutputSpecImpl::getLibraryElements (5 bytes)
Event: 7.917 Thread 0x000001b2390317d0 nmethod 7357 0x000001b2299b4390 code [0x000001b2299b4520, 0x000001b2299b45f8]
Event: 7.917 Thread 0x000001b2390317d0 7358       1       com.android.build.gradle.internal.publishing.OutputSpecImpl::getArtifactType (5 bytes)
Event: 7.917 Thread 0x000001b2390317d0 nmethod 7358 0x000001b2299b4690 code [0x000001b2299b4820, 0x000001b2299b48f8]
Event: 7.917 Thread 0x000001b2390317d0 7359       1       com.android.build.gradle.internal.publishing.OutputSpecImpl::getPublishedConfigTypes (5 bytes)
Event: 7.917 Thread 0x000001b2390317d0 nmethod 7359 0x000001b2299b4990 code [0x000001b2299b4b20, 0x000001b2299b4bf8]

GC Heap History (20 events):
Event: 6.178 GC heap after
{Heap after GC invocations=18 (full 0):
 garbage-first heap   total 86016K, used 49661K [0x0000000080000000, 0x0000000100000000)
  region size 1024K, 1 young (1024K), 1 survivors (1024K)
 Metaspace       used 61850K, committed 62336K, reserved 1105920K
  class space    used 8184K, committed 8384K, reserved 1048576K
}
Event: 6.258 GC heap before
{Heap before GC invocations=18 (full 0):
 garbage-first heap   total 86016K, used 51709K [0x0000000080000000, 0x0000000100000000)
  region size 1024K, 4 young (4096K), 1 survivors (1024K)
 Metaspace       used 62459K, committed 62976K, reserved 1105920K
  class space    used 8258K, committed 8512K, reserved 1048576K
}
Event: 6.260 GC heap after
{Heap after GC invocations=19 (full 0):
 garbage-first heap   total 107520K, used 50136K [0x0000000080000000, 0x0000000100000000)
  region size 1024K, 2 young (2048K), 2 survivors (2048K)
 Metaspace       used 62459K, committed 62976K, reserved 1105920K
  class space    used 8258K, committed 8512K, reserved 1048576K
}
Event: 6.621 GC heap before
{Heap before GC invocations=20 (full 0):
 garbage-first heap   total 109568K, used 89048K [0x0000000080000000, 0x0000000100000000)
  region size 1024K, 34 young (34816K), 2 survivors (2048K)
 Metaspace       used 64831K, committed 65344K, reserved 1105920K
  class space    used 8558K, committed 8768K, reserved 1048576K
}
Event: 6.624 GC heap after
{Heap after GC invocations=21 (full 0):
 garbage-first heap   total 109568K, used 52819K [0x0000000080000000, 0x0000000100000000)
  region size 1024K, 4 young (4096K), 4 survivors (4096K)
 Metaspace       used 64831K, committed 65344K, reserved 1105920K
  class space    used 8558K, committed 8768K, reserved 1048576K
}
Event: 6.640 GC heap before
{Heap before GC invocations=21 (full 0):
 garbage-first heap   total 109568K, used 53843K [0x0000000080000000, 0x0000000100000000)
  region size 1024K, 5 young (5120K), 4 survivors (4096K)
 Metaspace       used 64903K, committed 65408K, reserved 1105920K
  class space    used 8566K, committed 8768K, reserved 1048576K
}
Event: 6.643 GC heap after
{Heap after GC invocations=22 (full 0):
 garbage-first heap   total 109568K, used 53187K [0x0000000080000000, 0x0000000100000000)
  region size 1024K, 1 young (1024K), 1 survivors (1024K)
 Metaspace       used 64903K, committed 65408K, reserved 1105920K
  class space    used 8566K, committed 8768K, reserved 1048576K
}
Event: 6.824 GC heap before
{Heap before GC invocations=22 (full 0):
 garbage-first heap   total 109568K, used 73667K [0x0000000080000000, 0x0000000100000000)
  region size 1024K, 22 young (22528K), 1 survivors (1024K)
 Metaspace       used 66652K, committed 67136K, reserved 1114112K
  class space    used 8770K, committed 8960K, reserved 1048576K
}
Event: 6.826 GC heap after
{Heap after GC invocations=23 (full 0):
 garbage-first heap   total 109568K, used 54868K [0x0000000080000000, 0x0000000100000000)
  region size 1024K, 3 young (3072K), 3 survivors (3072K)
 Metaspace       used 66652K, committed 67136K, reserved 1114112K
  class space    used 8770K, committed 8960K, reserved 1048576K
}
Event: 7.063 GC heap before
{Heap before GC invocations=24 (full 0):
 garbage-first heap   total 109568K, used 86612K [0x0000000080000000, 0x0000000100000000)
  region size 1024K, 33 young (33792K), 3 survivors (3072K)
 Metaspace       used 67676K, committed 68288K, reserved 1114112K
  class space    used 8938K, committed 9216K, reserved 1048576K
}
Event: 7.067 GC heap after
{Heap after GC invocations=25 (full 0):
 garbage-first heap   total 109568K, used 56786K [0x0000000080000000, 0x0000000100000000)
  region size 1024K, 5 young (5120K), 5 survivors (5120K)
 Metaspace       used 67676K, committed 68288K, reserved 1114112K
  class space    used 8938K, committed 9216K, reserved 1048576K
}
Event: 7.072 GC heap before
{Heap before GC invocations=25 (full 0):
 garbage-first heap   total 109568K, used 57810K [0x0000000080000000, 0x0000000100000000)
  region size 1024K, 6 young (6144K), 5 survivors (5120K)
 Metaspace       used 67677K, committed 68288K, reserved 1114112K
  class space    used 8938K, committed 9216K, reserved 1048576K
}
Event: 7.076 GC heap after
{Heap after GC invocations=26 (full 0):
 garbage-first heap   total 109568K, used 56961K [0x0000000080000000, 0x0000000100000000)
  region size 1024K, 1 young (1024K), 1 survivors (1024K)
 Metaspace       used 67677K, committed 68288K, reserved 1114112K
  class space    used 8938K, committed 9216K, reserved 1048576K
}
Event: 7.321 GC heap before
{Heap before GC invocations=26 (full 0):
 garbage-first heap   total 109568K, used 87681K [0x0000000080000000, 0x0000000100000000)
  region size 1024K, 31 young (31744K), 1 survivors (1024K)
 Metaspace       used 69106K, committed 69696K, reserved 1114112K
  class space    used 9137K, committed 9408K, reserved 1048576K
}
Event: 7.324 GC heap after
{Heap after GC invocations=27 (full 0):
 garbage-first heap   total 109568K, used 59043K [0x0000000080000000, 0x0000000100000000)
  region size 1024K, 3 young (3072K), 3 survivors (3072K)
 Metaspace       used 69106K, committed 69696K, reserved 1114112K
  class space    used 9137K, committed 9408K, reserved 1048576K
}
Event: 7.713 GC heap before
{Heap before GC invocations=28 (full 0):
 garbage-first heap   total 109568K, used 88739K [0x0000000080000000, 0x0000000100000000)
  region size 1024K, 32 young (32768K), 3 survivors (3072K)
 Metaspace       used 72818K, committed 73408K, reserved 1114112K
  class space    used 9849K, committed 10112K, reserved 1048576K
}
Event: 7.716 GC heap after
{Heap after GC invocations=29 (full 0):
 garbage-first heap   total 109568K, used 60991K [0x0000000080000000, 0x0000000100000000)
  region size 1024K, 2 young (2048K), 2 survivors (2048K)
 Metaspace       used 72818K, committed 73408K, reserved 1114112K
  class space    used 9849K, committed 10112K, reserved 1048576K
}
Event: 7.754 GC heap before
{Heap before GC invocations=29 (full 0):
 garbage-first heap   total 109568K, used 64063K [0x0000000080000000, 0x0000000100000000)
  region size 1024K, 5 young (5120K), 2 survivors (2048K)
 Metaspace       used 73125K, committed 73792K, reserved 1114112K
  class space    used 9889K, committed 10176K, reserved 1048576K
}
Event: 7.756 GC heap after
{Heap after GC invocations=30 (full 0):
 garbage-first heap   total 109568K, used 61111K [0x0000000080000000, 0x0000000100000000)
  region size 1024K, 1 young (1024K), 1 survivors (1024K)
 Metaspace       used 73125K, committed 73792K, reserved 1114112K
  class space    used 9889K, committed 10176K, reserved 1048576K
}
Event: 7.918 GC heap before
{Heap before GC invocations=30 (full 0):
 garbage-first heap   total 109568K, used 89783K [0x0000000080000000, 0x0000000100000000)
  region size 1024K, 29 young (29696K), 1 survivors (1024K)
 Metaspace       used 74064K, committed 74688K, reserved 1114112K
  class space    used 10034K, committed 10304K, reserved 1048576K
}

Dll operation events (2 events):
Event: 0.005 Loaded shared library C:\Program Files\Android\Android Studio\jbr\bin\java.dll
Event: 0.509 Loaded shared library C:\Program Files\Android\Android Studio\jbr\bin\verify.dll

Deoptimization events (20 events):
Event: 6.963 Thread 0x000001b23a6556e0 DEOPT PACKING pc=0x000001b229857f54 sp=0x000000533dcf4760
Event: 6.963 Thread 0x000001b23a6556e0 DEOPT UNPACKING pc=0x000001b2290ca1a3 sp=0x000000533dcf4728 mode 2
Event: 6.996 Thread 0x000001b23a6556e0 Uncommon trap: trap_request=0xffffff45 fr.pc=0x000001b2298daa10 relative=0x0000000000000450
Event: 6.996 Thread 0x000001b23a6556e0 Uncommon trap: reason=unstable_if action=reinterpret pc=0x000001b2298daa10 method=java.util.StringJoiner.add(Ljava/lang/CharSequence;)Ljava/util/StringJoiner; @ 33 c2
Event: 6.996 Thread 0x000001b23a6556e0 DEOPT PACKING pc=0x000001b2298daa10 sp=0x000000533dcf6bf0
Event: 6.996 Thread 0x000001b23a6556e0 DEOPT UNPACKING pc=0x000001b2290ca1a3 sp=0x000000533dcf6ba0 mode 2
Event: 7.135 Thread 0x000001b23a6556e0 Uncommon trap: trap_request=0xffffff45 fr.pc=0x000001b2298245f0 relative=0x0000000000005830
Event: 7.135 Thread 0x000001b23a6556e0 Uncommon trap: reason=unstable_if action=reinterpret pc=0x000001b2298245f0 method=org.codehaus.groovy.runtime.metaclass.MetaMethodIndex.isOverridden(Lgroovy/lang/MetaMethod;Lgroovy/lang/MetaMethod;)Z @ 33 c2
Event: 7.135 Thread 0x000001b23a6556e0 DEOPT PACKING pc=0x000001b2298245f0 sp=0x000000533dcf4060
Event: 7.135 Thread 0x000001b23a6556e0 DEOPT UNPACKING pc=0x000001b2290ca1a3 sp=0x000000533dcf4078 mode 2
Event: 7.296 Thread 0x000001b23a6556e0 DEOPT PACKING pc=0x000001b221ee5218 sp=0x000000533dcf7f90
Event: 7.296 Thread 0x000001b23a6556e0 DEOPT UNPACKING pc=0x000001b2290cace3 sp=0x000000533dcf7470 mode 0
Event: 7.756 Thread 0x000001b23a6556e0 DEOPT PACKING pc=0x000001b221ee5218 sp=0x000000533dcf8330
Event: 7.756 Thread 0x000001b23a6556e0 DEOPT UNPACKING pc=0x000001b2290cace3 sp=0x000000533dcf7810 mode 0
Event: 7.761 Thread 0x000001b23a6556e0 DEOPT PACKING pc=0x000001b2226e22fd sp=0x000000533dcf8470
Event: 7.761 Thread 0x000001b23a6556e0 DEOPT UNPACKING pc=0x000001b2290cace3 sp=0x000000533dcf7a10 mode 0
Event: 7.867 Thread 0x000001b23a6556e0 Uncommon trap: trap_request=0xffffff45 fr.pc=0x000001b229806260 relative=0x00000000000024a0
Event: 7.867 Thread 0x000001b23a6556e0 Uncommon trap: reason=unstable_if action=reinterpret pc=0x000001b229806260 method=org.codehaus.groovy.reflection.CachedMethod.compareToMethod(Ljava/lang/reflect/Method;)I @ 71 c2
Event: 7.867 Thread 0x000001b23a6556e0 DEOPT PACKING pc=0x000001b229806260 sp=0x000000533dcf62e0
Event: 7.867 Thread 0x000001b23a6556e0 DEOPT UNPACKING pc=0x000001b2290ca1a3 sp=0x000000533dcf62b0 mode 2

Classes unloaded (0 events):
No events

Classes redefined (0 events):
No events

Internal exceptions (20 events):
Event: 7.862 Thread 0x000001b23a6556e0 Exception <a 'java/lang/NoSuchMethodError'{0x0000000085767140}: 'long java.lang.invoke.DirectMethodHandle$Holder.invokeStatic(java.lang.Object, java.lang.Object)'> (0x0000000085767140) 
thrown [s\src\hotspot\share\interpreter\linkResolver.cpp, line 771]
Event: 7.866 Thread 0x000001b23a6556e0 Exception <a 'java/lang/ClassNotFoundException'{0x0000000085685dd8}: java/lang/StringBeanInfo> (0x0000000085685dd8) 
thrown [s\src\hotspot\share\classfile\systemDictionary.cpp, line 256]
Event: 7.866 Thread 0x000001b23a6556e0 Exception <a 'java/lang/ClassNotFoundException'{0x000000008568cd98}: java/lang/StringCustomizer> (0x000000008568cd98) 
thrown [s\src\hotspot\share\classfile\systemDictionary.cpp, line 256]
Event: 7.873 Thread 0x000001b23a6556e0 Exception <a 'java/lang/ClassNotFoundException'{0x00000000853ef928}: org/gradle/api/internal/tasks/DefaultTaskContainer_DecoratedBeanInfo> (0x00000000853ef928) 
thrown [s\src\hotspot\share\classfile\systemDictionary.cpp, line 256]
Event: 7.873 Thread 0x000001b23a6556e0 Exception <a 'java/lang/ClassNotFoundException'{0x00000000853fc518}: org/gradle/api/internal/tasks/DefaultTaskContainerBeanInfo> (0x00000000853fc518) 
thrown [s\src\hotspot\share\classfile\systemDictionary.cpp, line 256]
Event: 7.874 Thread 0x000001b23a6556e0 Exception <a 'java/lang/ClassNotFoundException'{0x0000000085209688}: org/gradle/api/internal/tasks/DefaultTaskCollectionBeanInfo> (0x0000000085209688) 
thrown [s\src\hotspot\share\classfile\systemDictionary.cpp, line 256]
Event: 7.874 Thread 0x000001b23a6556e0 Exception <a 'java/lang/ClassNotFoundException'{0x0000000085216260}: org/gradle/api/internal/tasks/DefaultTaskCollectionCustomizer> (0x0000000085216260) 
thrown [s\src\hotspot\share\classfile\systemDictionary.cpp, line 256]
Event: 7.875 Thread 0x000001b23a6556e0 Exception <a 'java/lang/ClassNotFoundException'{0x0000000085250750}: org/gradle/api/internal/tasks/DefaultTaskContainerCustomizer> (0x0000000085250750) 
thrown [s\src\hotspot\share\classfile\systemDictionary.cpp, line 256]
Event: 7.876 Thread 0x000001b23a6556e0 Exception <a 'java/lang/ClassNotFoundException'{0x00000000852af060}: org/gradle/api/internal/tasks/DefaultTaskContainer_DecoratedCustomizer> (0x00000000852af060) 
thrown [s\src\hotspot\share\classfile\systemDictionary.cpp, line 256]
Event: 7.881 Thread 0x000001b23a6556e0 Exception <a 'java/lang/ClassNotFoundException'{0x000000008500d9b0}: java/util/Collections$SingletonListBeanInfo> (0x000000008500d9b0) 
thrown [s\src\hotspot\share\classfile\systemDictionary.cpp, line 256]
Event: 7.881 Thread 0x000001b23a6556e0 Exception <a 'java/lang/ClassNotFoundException'{0x0000000085014a58}: java/util/Collections$SingletonListCustomizer> (0x0000000085014a58) 
thrown [s\src\hotspot\share\classfile\systemDictionary.cpp, line 256]
Event: 7.885 Thread 0x000001b23a6556e0 Exception <a 'java/lang/ClassNotFoundException'{0x0000000085094bc8}: org/gradle/api/internal/tasks/DefaultTaskContainer$TaskCreatingProvider_DecoratedBeanInfo> (0x0000000085094bc8) 
thrown [s\src\hotspot\share\classfile\systemDictionary.cpp, line 256]
Event: 7.885 Thread 0x000001b23a6556e0 Exception <a 'java/lang/ClassNotFoundException'{0x00000000850a1990}: org/gradle/api/internal/tasks/DefaultTaskContainer$TaskCreatingProviderBeanInfo> (0x00000000850a1990) 
thrown [s\src\hotspot\share\classfile\systemDictionary.cpp, line 256]
Event: 7.886 Thread 0x000001b23a6556e0 Exception <a 'java/lang/ClassNotFoundException'{0x00000000850ae7f0}: org/gradle/api/internal/DefaultNamedDomainObjectCollection$AbstractDomainObjectCreatingProviderBeanInfo> (0x00000000850ae7f0) 
thrown [s\src\hotspot\share\classfile\systemDictionary.cpp, line 256]
Event: 7.886 Thread 0x000001b23a6556e0 Exception <a 'java/lang/ClassNotFoundException'{0x00000000850bb628}: org/gradle/api/internal/DefaultNamedDomainObjectCollection$AbstractNamedDomainObjectProviderBeanInfo> (0x00000000850bb628) 
thrown [s\src\hotspot\share\classfile\systemDictionary.cpp, line 256]
Event: 7.886 Thread 0x000001b23a6556e0 Exception <a 'java/lang/ClassNotFoundException'{0x00000000850c8430}: org/gradle/api/internal/DefaultNamedDomainObjectCollection$AbstractNamedDomainObjectProviderCustomizer> (0x00000000850c8430) 
thrown [s\src\hotspot\share\classfile\systemDictionary.cpp, line 256]
Event: 7.887 Thread 0x000001b23a6556e0 Exception <a 'java/lang/ClassNotFoundException'{0x00000000850e86a8}: org/gradle/api/internal/DefaultNamedDomainObjectCollection$AbstractDomainObjectCreatingProviderCustomizer> (0x00000000850e86a8) 
thrown [s\src\hotspot\share\classfile\systemDictionary.cpp, line 256]
Event: 7.887 Thread 0x000001b23a6556e0 Exception <a 'java/lang/ClassNotFoundException'{0x0000000084f00800}: org/gradle/api/internal/tasks/DefaultTaskContainer$TaskCreatingProviderCustomizer> (0x0000000084f00800) 
thrown [s\src\hotspot\share\classfile\systemDictionary.cpp, line 256]
Event: 7.887 Thread 0x000001b23a6556e0 Exception <a 'java/lang/ClassNotFoundException'{0x0000000084f14dc8}: org/gradle/api/internal/tasks/DefaultTaskContainer$TaskCreatingProvider_DecoratedCustomizer> (0x0000000084f14dc8) 
thrown [s\src\hotspot\share\classfile\systemDictionary.cpp, line 256]
Event: 7.901 Thread 0x000001b23a6556e0 Exception <a 'java/lang/NoClassDefFoundError'{0x0000000084fbe978}: org/jetbrains/kotlin/gradle/plugin/KotlinBasePluginWrapper> (0x0000000084fbe978) 
thrown [s\src\hotspot\share\classfile\systemDictionary.cpp, line 245]

VM Operations (20 events):
Event: 6.882 Executing VM operation: G1Concurrent done
Event: 6.957 Executing VM operation: HandshakeAllThreads
Event: 6.957 Executing VM operation: HandshakeAllThreads done
Event: 7.063 Executing VM operation: G1CollectForAllocation
Event: 7.067 Executing VM operation: G1CollectForAllocation done
Event: 7.072 Executing VM operation: G1CollectForAllocation
Event: 7.076 Executing VM operation: G1CollectForAllocation done
Event: 7.211 Executing VM operation: HandshakeAllThreads
Event: 7.211 Executing VM operation: HandshakeAllThreads done
Event: 7.321 Executing VM operation: G1CollectForAllocation
Event: 7.324 Executing VM operation: G1CollectForAllocation done
Event: 7.365 Executing VM operation: G1Concurrent
Event: 7.368 Executing VM operation: G1Concurrent done
Event: 7.390 Executing VM operation: G1Concurrent
Event: 7.390 Executing VM operation: G1Concurrent done
Event: 7.713 Executing VM operation: G1CollectForAllocation
Event: 7.716 Executing VM operation: G1CollectForAllocation done
Event: 7.754 Executing VM operation: G1CollectForAllocation
Event: 7.756 Executing VM operation: G1CollectForAllocation done
Event: 7.918 Executing VM operation: G1CollectForAllocation

Events (20 events):
Event: 7.864 loading class java/util/stream/ReduceOps$CountingSink done
Event: 7.864 loading class java/util/stream/ReduceOps$CountingSink$OfInt done
Event: 7.866 loading class java/lang/StringBeanInfo
Event: 7.866 loading class java/lang/StringBeanInfo done
Event: 7.866 loading class java/lang/StringBeanInfo
Event: 7.866 loading class java/lang/StringBeanInfo done
Event: 7.866 loading class java/lang/StringCustomizer
Event: 7.866 loading class java/lang/StringCustomizer done
Event: 7.866 loading class java/lang/StringCustomizer
Event: 7.866 loading class java/lang/StringCustomizer done
Event: 7.881 loading class java/util/Collections$SingletonListBeanInfo
Event: 7.881 loading class java/util/Collections$SingletonListBeanInfo done
Event: 7.881 loading class java/util/Collections$SingletonListBeanInfo
Event: 7.881 loading class java/util/Collections$SingletonListBeanInfo done
Event: 7.881 loading class java/util/Collections$SingletonListCustomizer
Event: 7.881 loading class java/util/Collections$SingletonListCustomizer done
Event: 7.881 loading class java/util/Collections$SingletonListCustomizer
Event: 7.881 loading class java/util/Collections$SingletonListCustomizer done
Event: 7.898 loading class java/io/CharArrayWriter
Event: 7.898 loading class java/io/CharArrayWriter done


Dynamic libraries:
0x00007ff64e370000 - 0x00007ff64e37a000 	C:\Program Files\Android\Android Studio\jbr\bin\java.exe
0x00007ffd405d0000 - 0x00007ffd407c7000 	C:\WINDOWS\SYSTEM32\ntdll.dll
0x00007ffd3e8f0000 - 0x00007ffd3e9ad000 	C:\WINDOWS\System32\KERNEL32.DLL
0x00007ffd3dfd0000 - 0x00007ffd3e2c6000 	C:\WINDOWS\System32\KERNELBASE.dll
0x00007ffd3dde0000 - 0x00007ffd3dee0000 	C:\WINDOWS\System32\ucrtbase.dll
0x00007ffd365d0000 - 0x00007ffd365e7000 	C:\Program Files\Android\Android Studio\jbr\bin\jli.dll
0x00007ffd36560000 - 0x00007ffd3657b000 	C:\Program Files\Android\Android Studio\jbr\bin\VCRUNTIME140.dll
0x00007ffd3f0e0000 - 0x00007ffd3f27e000 	C:\WINDOWS\System32\USER32.dll
0x00007ffd3dfa0000 - 0x00007ffd3dfc2000 	C:\WINDOWS\System32\win32u.dll
0x00007ffd140d0000 - 0x00007ffd1436a000 	C:\WINDOWS\WinSxS\amd64_microsoft.windows.common-controls_6595b64144ccf1df_6.0.19041.3570_none_60bb2a3971f3e41a\COMCTL32.dll
0x00007ffd40560000 - 0x00007ffd4058c000 	C:\WINDOWS\System32\GDI32.dll
0x00007ffd3e7a0000 - 0x00007ffd3e83e000 	C:\WINDOWS\System32\msvcrt.dll
0x00007ffd3e430000 - 0x00007ffd3e54a000 	C:\WINDOWS\System32\gdi32full.dll
0x00007ffd3dcb0000 - 0x00007ffd3dd4d000 	C:\WINDOWS\System32\msvcp_win.dll
0x00007ffd3f3e0000 - 0x00007ffd3f410000 	C:\WINDOWS\System32\IMM32.DLL
0x00007ffd39430000 - 0x00007ffd3943c000 	C:\Program Files\Android\Android Studio\jbr\bin\vcruntime140_1.dll
0x00007ffd0e160000 - 0x00007ffd0e1ed000 	C:\Program Files\Android\Android Studio\jbr\bin\msvcp140.dll
0x00007ffcc58e0000 - 0x00007ffcc654d000 	C:\Program Files\Android\Android Studio\jbr\bin\server\jvm.dll
0x00007ffd3e840000 - 0x00007ffd3e8ee000 	C:\WINDOWS\System32\ADVAPI32.dll
0x00007ffd3e690000 - 0x00007ffd3e72c000 	C:\WINDOWS\System32\sechost.dll
0x00007ffd3f8c0000 - 0x00007ffd3f9e6000 	C:\WINDOWS\System32\RPCRT4.dll
0x00007ffd1a570000 - 0x00007ffd1a579000 	C:\WINDOWS\SYSTEM32\WSOCK32.dll
0x00007ffd1ad00000 - 0x00007ffd1ad27000 	C:\WINDOWS\SYSTEM32\WINMM.dll
0x00007ffd3f770000 - 0x00007ffd3f7db000 	C:\WINDOWS\System32\WS2_32.dll
0x00007ffd344a0000 - 0x00007ffd344aa000 	C:\WINDOWS\SYSTEM32\VERSION.dll
0x00007ffd3c4e0000 - 0x00007ffd3c4f2000 	C:\WINDOWS\SYSTEM32\kernel.appcore.dll
0x00007ffd1f4e0000 - 0x00007ffd1f4ea000 	C:\Program Files\Android\Android Studio\jbr\bin\jimage.dll
0x00007ffd3ba50000 - 0x00007ffd3bc34000 	C:\WINDOWS\SYSTEM32\DBGHELP.DLL
0x00007ffd333a0000 - 0x00007ffd333d4000 	C:\WINDOWS\SYSTEM32\dbgcore.DLL
0x00007ffd3dd50000 - 0x00007ffd3ddd2000 	C:\WINDOWS\System32\bcryptPrimitives.dll
0x00007ffd1f4b0000 - 0x00007ffd1f4d5000 	C:\Program Files\Android\Android Studio\jbr\bin\java.dll
0x00007ffd1f490000 - 0x00007ffd1f4a8000 	C:\Program Files\Android\Android Studio\jbr\bin\zip.dll
0x00007ffd3f9f0000 - 0x00007ffd40134000 	C:\WINDOWS\System32\SHELL32.dll
0x00007ffd3bd30000 - 0x00007ffd3c4cb000 	C:\WINDOWS\SYSTEM32\windows.storage.dll
0x00007ffd3f410000 - 0x00007ffd3f764000 	C:\WINDOWS\System32\combase.dll
0x00007ffd3d6f0000 - 0x00007ffd3d71d000 	C:\WINDOWS\SYSTEM32\Wldp.dll
0x00007ffd3ebb0000 - 0x00007ffd3ec5d000 	C:\WINDOWS\System32\SHCORE.dll
0x00007ffd3f860000 - 0x00007ffd3f8b5000 	C:\WINDOWS\System32\shlwapi.dll
0x00007ffd3dbe0000 - 0x00007ffd3dc05000 	C:\WINDOWS\SYSTEM32\profapi.dll
0x00007ffd0f930000 - 0x00007ffd0f949000 	C:\Program Files\Android\Android Studio\jbr\bin\net.dll
0x00007ffd2e290000 - 0x00007ffd2e39a000 	C:\WINDOWS\SYSTEM32\WINHTTP.dll
0x00007ffd3d450000 - 0x00007ffd3d4ba000 	C:\WINDOWS\system32\mswsock.dll
0x00007ffd0f910000 - 0x00007ffd0f926000 	C:\Program Files\Android\Android Studio\jbr\bin\nio.dll
0x00007ffd10660000 - 0x00007ffd10670000 	C:\Program Files\Android\Android Studio\jbr\bin\verify.dll
0x00007ffd11490000 - 0x00007ffd114b7000 	C:\Users\vkhan\.gradle\native\68d5fa5c4cc2d200863cafc0d521ce42e7d3e7ee720ec0a83991735586a16f82\windows-amd64\native-platform.dll
0x00007ffd0b4f0000 - 0x00007ffd0b634000 	C:\Users\vkhan\.gradle\native\e376f236ea51e6404a007f0833ffe2c6e607c4080706a723a18a27aeea778392\windows-amd64\native-platform-file-events.dll
0x00007ffd1f480000 - 0x00007ffd1f489000 	C:\Program Files\Android\Android Studio\jbr\bin\management.dll
0x00007ffd106b0000 - 0x00007ffd106bb000 	C:\Program Files\Android\Android Studio\jbr\bin\management_ext.dll
0x00007ffd3e790000 - 0x00007ffd3e798000 	C:\WINDOWS\System32\PSAPI.DLL
0x00007ffd3d650000 - 0x00007ffd3d668000 	C:\WINDOWS\SYSTEM32\CRYPTSP.dll
0x00007ffd3ccf0000 - 0x00007ffd3cd24000 	C:\WINDOWS\system32\rsaenh.dll
0x00007ffd3e550000 - 0x00007ffd3e577000 	C:\WINDOWS\System32\bcrypt.dll
0x00007ffd3dba0000 - 0x00007ffd3dbce000 	C:\WINDOWS\SYSTEM32\USERENV.dll
0x00007ffd3d640000 - 0x00007ffd3d64c000 	C:\WINDOWS\SYSTEM32\CRYPTBASE.dll
0x00007ffd3d0f0000 - 0x00007ffd3d12b000 	C:\WINDOWS\SYSTEM32\IPHLPAPI.DLL
0x00007ffd403c0000 - 0x00007ffd403c8000 	C:\WINDOWS\System32\NSI.dll
0x00007ffd335a0000 - 0x00007ffd335b7000 	C:\WINDOWS\SYSTEM32\dhcpcsvc6.DLL
0x00007ffd33380000 - 0x00007ffd3339d000 	C:\WINDOWS\SYSTEM32\dhcpcsvc.DLL
0x00007ffd3d140000 - 0x00007ffd3d20a000 	C:\WINDOWS\SYSTEM32\DNSAPI.dll
0x00007ffd103a0000 - 0x00007ffd103a7000 	C:\WINDOWS\system32\wshunix.dll

dbghelp: loaded successfully - version: 4.0.5 - missing functions: none
symbol engine: initialized successfully - sym options: 0x614 - pdb path: .;C:\Program Files\Android\Android Studio\jbr\bin;C:\WINDOWS\SYSTEM32;C:\WINDOWS\WinSxS\amd64_microsoft.windows.common-controls_6595b64144ccf1df_6.0.19041.3570_none_60bb2a3971f3e41a;C:\Program Files\Android\Android Studio\jbr\bin\server;C:\Users\vkhan\.gradle\native\68d5fa5c4cc2d200863cafc0d521ce42e7d3e7ee720ec0a83991735586a16f82\windows-amd64;C:\Users\vkhan\.gradle\native\e376f236ea51e6404a007f0833ffe2c6e607c4080706a723a18a27aeea778392\windows-amd64

VM Arguments:
jvm_args: --add-opens=java.base/java.util=ALL-UNNAMED --add-opens=java.base/java.lang=ALL-UNNAMED --add-opens=java.base/java.lang.invoke=ALL-UNNAMED --add-opens=java.prefs/java.util.prefs=ALL-UNNAMED --add-opens=java.base/java.nio.charset=ALL-UNNAMED --add-opens=java.base/java.net=ALL-UNNAMED --add-opens=java.base/java.util.concurrent.atomic=ALL-UNNAMED -Xmx2048m -Dfile.encoding=UTF-8 -Duser.country=US -Duser.language=en -Duser.variant 
java_command: org.gradle.launcher.daemon.bootstrap.GradleDaemon 8.0
java_class_path (initial): C:\Users\vkhan\.gradle\wrapper\dists\gradle-8.0-bin\ca5e32bp14vu59qr306oxotwh\gradle-8.0\lib\gradle-launcher-8.0.jar
Launcher Type: SUN_STANDARD

[Global flags]
     intx CICompilerCount                          = 4                                         {product} {ergonomic}
     uint ConcGCThreads                            = 2                                         {product} {ergonomic}
     uint G1ConcRefinementThreads                  = 8                                         {product} {ergonomic}
   size_t G1HeapRegionSize                         = 1048576                                   {product} {ergonomic}
    uintx GCDrainStackTargetSize                   = 64                                        {product} {ergonomic}
   size_t InitialHeapSize                          = 132120576                                 {product} {ergonomic}
   size_t MarkStackSize                            = 4194304                                   {product} {ergonomic}
   size_t MaxHeapSize                              = 2147483648                                {product} {command line}
   size_t MaxNewSize                               = 1287651328                                {product} {ergonomic}
   size_t MinHeapDeltaBytes                        = 1048576                                   {product} {ergonomic}
   size_t MinHeapSize                              = 8388608                                   {product} {ergonomic}
    uintx NonNMethodCodeHeapSize                   = 5839372                                {pd product} {ergonomic}
    uintx NonProfiledCodeHeapSize                  = 122909434                              {pd product} {ergonomic}
    uintx ProfiledCodeHeapSize                     = 122909434                              {pd product} {ergonomic}
    uintx ReservedCodeCacheSize                    = 251658240                              {pd product} {ergonomic}
     bool SegmentedCodeCache                       = true                                      {product} {ergonomic}
   size_t SoftMaxHeapSize                          = 2147483648                             {manageable} {ergonomic}
     bool UseCompressedClassPointers               = true                           {product lp64_product} {ergonomic}
     bool UseCompressedOops                        = true                           {product lp64_product} {ergonomic}
     bool UseG1GC                                  = true                                      {product} {ergonomic}
     bool UseLargePagesIndividualAllocation        = false                                  {pd product} {ergonomic}

Logging:
Log output configuration:
 #0: stdout all=warning uptime,level,tags
 #1: stderr all=off uptime,level,tags

Environment Variables:
PATH=C:\Program Files\Common Files\Oracle\Java\javapath;C:\Program Files (x86)\Common Files\Oracle\Java\javapath;C:\WINDOWS\system32;C:\WINDOWS;C:\WINDOWS\System32\Wbem;C:\WINDOWS\System32\WindowsPowerShell\v1.0\;C:\WINDOWS\System32\OpenSSH\;C:\Program Files\Microsoft SQL Server\Client SDK\ODBC\170\Tools\Binn\;C:\Program Files (x86)\Microsoft SQL Server\150\Tools\Binn\;C:\Program Files\Microsoft SQL Server\150\Tools\Binn\;C:\Program Files\Microsoft SQL Server\150\DTS\Binn\;C:\Program Files (x86)\Microsoft SQL Server\160\DTS\Binn\;C:\Program Files\Azure Data Studio\bin;C:\Program Files\Git\cmd;C:\Program Files\nodejs\;C:\Users\vkhan\AppData\Local\Programs\Python\Python311\Scripts\;C:\Users\vkhan\AppData\Local\Programs\Python\Python311\;C:\Users\vkhan\AppData\Local\Microsoft\WindowsApps;C:\Users\vkhan\AppData\Local\Programs\Microsoft VS Code\bin;C:\Program Files\Azure Data Studio\bin;C:\Users\vkhan\AppData\Roaming\npm;C:\Program Files\nodejs;
USERNAME=Admin
OS=Windows_NT
PROCESSOR_IDENTIFIER=Intel64 Family 6 Model 126 Stepping 5, GenuineIntel
TMP=C:\Users\vkhan\AppData\Local\Temp
TEMP=C:\Users\vkhan\AppData\Local\Temp



---------------  S Y S T E M  ---------------

OS:
 Windows 10 , 64 bit Build 19041 (10.0.19041.3570)
OS uptime: 5 days 19:57 hours

CPU: total 8 (initial active 8) (4 cores per cpu, 2 threads per core) family 6 model 126 stepping 5 microcode 0xbc, cx8, cmov, fxsr, ht, mmx, 3dnowpref, sse, sse2, sse3, ssse3, sse4.1, sse4.2, popcnt, lzcnt, tsc, tscinvbit, avx, avx2, aes, erms, clmul, bmi1, bmi2, adx, avx512f, avx512dq, avx512cd, avx512bw, avx512vl, sha, fma, vzeroupper, avx512_vpopcntdq, avx512_vpclmulqdq, avx512_vaes, avx512_vnni, clflush, clflushopt, avx512_vbmi2, avx512_vbmi

Memory: 4k page, system-wide physical 7959M (392M free)
TotalPageFile size 20759M (AvailPageFile size 32M)
current process WorkingSet (physical memory assigned to process): 325M, peak: 325M
current process commit charge ("private bytes"): 384M, peak: 487M

vm_info: OpenJDK 64-Bit Server VM (17.0.6+0-b2043.56-9586694) for windows-amd64 JRE (17.0.6+0-b2043.56-9586694), built on Feb  9 2023 20:06:20 by "androidbuild" with MS VC++ 16.10 / 16.11 (VS2019)

END.
