#
# There is insufficient memory for the Java Runtime Environment to continue.
# Native memory allocation (mmap) failed to map 13631488 bytes for G1 virtual space
# Possible reasons:
#   The system is out of physical RAM or swap space
#   The process is running with CompressedOops enabled, and the Java Heap may be blocking the growth of the native heap
# Possible solutions:
#   Reduce memory load on the system
#   Increase physical memory or swap space
#   Check if swap backing store is full
#   Decrease Java heap size (-Xmx/-Xms)
#   Decrease number of Java threads
#   Decrease Java thread stack sizes (-Xss)
#   Set larger code cache with -XX:ReservedCodeCacheSize=
#   JVM is running with Unscaled Compressed Oops mode in which the Java heap is
#     placed in the first 4GB address space. The Java Heap base address is the
#     maximum limit for the native heap growth. Please use -XX:HeapBaseMinAddress
#     to set the Java Heap base and to place the Java Heap above 4GB virtual address.
# This output file may be truncated or incomplete.
#
#  Out of Memory Error (os_windows.cpp:3769), pid=21036, tid=11928
#
# JRE version: OpenJDK Runtime Environment (17.0.6) (build 17.0.6+0-b2043.56-9586694)
# Java VM: OpenJDK 64-Bit Server VM (17.0.6+0-b2043.56-9586694, mixed mode, tiered, compressed oops, compressed class ptrs, g1 gc, windows-amd64)
# No core dump will be written. Minidumps are not enabled by default on client versions of Windows
#

---------------  S U M M A R Y ------------

Command Line: --add-opens=java.base/java.util=ALL-UNNAMED --add-opens=java.base/java.lang=ALL-UNNAMED --add-opens=java.base/java.lang.invoke=ALL-UNNAMED --add-opens=java.prefs/java.util.prefs=ALL-UNNAMED --add-opens=java.base/java.nio.charset=ALL-UNNAMED --add-opens=java.base/java.net=ALL-UNNAMED --add-opens=java.base/java.util.concurrent.atomic=ALL-UNNAMED -Xmx2048m -Dfile.encoding=UTF-8 -Duser.country=US -Duser.language=en -Duser.variant org.gradle.launcher.daemon.bootstrap.GradleDaemon 8.0

Host: Intel(R) Core(TM) i5-1035G1 CPU @ 1.00GHz, 8 cores, 7G,  Windows 10 , 64 bit Build 19041 (10.0.19041.3570)
Time: Sun Nov 12 14:55:17 2023 SE Asia Standard Time elapsed time: 5.571458 seconds (0d 0h 0m 5s)

---------------  T H R E A D  ---------------

Current thread (0x000002472a5e3a20):  VMThread "VM Thread" [stack: 0x00000069e8400000,0x00000069e8500000] [id=11928]

Stack: [0x00000069e8400000,0x00000069e8500000]
Native frames: (J=compiled Java code, j=interpreted, Vv=VM code, C=native code)
V  [jvm.dll+0x683b4a]
V  [jvm.dll+0x842654]
V  [jvm.dll+0x843dfe]
V  [jvm.dll+0x844463]
V  [jvm.dll+0x249b75]
V  [jvm.dll+0x680a19]
V  [jvm.dll+0x674f0a]
V  [jvm.dll+0x309acb]
V  [jvm.dll+0x310f86]
V  [jvm.dll+0x3608ee]
V  [jvm.dll+0x360b1f]
V  [jvm.dll+0x2dfbf8]
V  [jvm.dll+0x2ddec4]
V  [jvm.dll+0x2dd4cc]
V  [jvm.dll+0x321f3b]
V  [jvm.dll+0x84893b]
V  [jvm.dll+0x849674]
V  [jvm.dll+0x849b8d]
V  [jvm.dll+0x849f64]
V  [jvm.dll+0x84a030]
V  [jvm.dll+0x7f25fa]
V  [jvm.dll+0x682985]
C  [ucrtbase.dll+0x21bb2]
C  [KERNEL32.DLL+0x17344]
C  [ntdll.dll+0x526b1]

VM_Operation (0x00000069e9bf1760): G1CollectForAllocation, mode: safepoint, requested by thread 0x000002472c37c0e0


---------------  P R O C E S S  ---------------

Threads class SMR info:
_java_thread_list=0x000002472ff761e0, length=124, elements={
0x000002471078a740, 0x000002472a607250, 0x000002472a608d20, 0x000002472a5f4c00,
0x000002472a5f55c0, 0x000002472b020030, 0x000002472b020d00, 0x000002472b0218f0,
0x000002472b022400, 0x000002472b023520, 0x000002472b1d2b70, 0x000002472b1e8da0,
0x000002472c2121c0, 0x000002472ca1c580, 0x000002472c740df0, 0x000002472d5d7c90,
0x000002472d5468b0, 0x000002472c379590, 0x000002472c37c0e0, 0x000002472c37b270,
0x000002472c37c5b0, 0x000002472c37a400, 0x000002472c37bc10, 0x000002472c37a8d0,
0x000002472c379f30, 0x000002472c37ada0, 0x000002472c37b740, 0x000002472c3790c0,
0x000002472e2628a0, 0x000002472e260bc0, 0x000002472e262d70, 0x000002472e261090,
0x000002472e25cd30, 0x000002472e25d200, 0x000002472e25eee0, 0x000002472e2606f0,
0x000002472e2623d0, 0x000002472e263240, 0x000002472e25bec0, 0x000002472e25c390,
0x000002472e25c860, 0x000002472e25ea10, 0x000002472e25f3b0, 0x000002472e260220,
0x000002472e25f880, 0x000002472fddfe50, 0x000002472fddb150, 0x000002472fdddca0,
0x000002472fddc490, 0x000002472fddb620, 0x000002472fddd7d0, 0x000002472fddeb10,
0x000002472fdd9940, 0x000002472fdda7b0, 0x000002472fddac80, 0x000002472fddf4b0,
0x000002472fdde170, 0x000002472fdde640, 0x000002472fddf980, 0x000002472fdd8600,
0x000002472fddd300, 0x000002472fddbaf0, 0x000002472fddefe0, 0x000002472fddc960,
0x000002472fddbfc0, 0x000002472fddce30, 0x000002472fdd8ad0, 0x000002472fdd8fa0,
0x000002472fdd9470, 0x000002472fdd9e10, 0x000002472fdda2e0, 0x000002472fb08e30,
0x000002472fb07620, 0x000002472fb0c320, 0x000002472fb09ca0, 0x000002472fb0be50,
0x000002472fb0a170, 0x000002472fb07af0, 0x000002472fb05e10, 0x000002472fb0c7f0,
0x000002472fb0a640, 0x000002472fb097d0, 0x000002472fb0b980, 0x000002472fb0ccc0,
0x000002472fb062e0, 0x000002472fb07fc0, 0x000002472fb0ab10, 0x000002472fb05470,
0x000002472fb0afe0, 0x000002472fb067b0, 0x000002472fb05940, 0x000002472fb0b4b0,
0x000002472fb06c80, 0x000002472fb07150, 0x000002472fb08490, 0x000002472fb08960,
0x000002472fb09300, 0x000002472fb5c950, 0x000002472fb555d0, 0x000002472fb5ac70,
0x000002472fb5b610, 0x000002472fb5c480, 0x000002472fb58ac0, 0x000002472fb5b140,
0x000002472fb5ce20, 0x000002472fb55aa0, 0x000002472fb5a7a0, 0x000002472fb58f90,
0x000002472fb5bae0, 0x000002472fb59460, 0x000002472fb56910, 0x000002472fb57c50,
0x000002472fb58120, 0x000002472fb59e00, 0x000002472fb585f0, 0x000002472fb5bfb0,
0x000002472fb55f70, 0x000002472fb56440, 0x000002472fb56de0, 0x000002472fb572b0,
0x000002472fb57780, 0x000002472fb5a2d0, 0x000002472fb59930, 0x00000247303b9ff0
}

Java Threads: ( => current thread )
  0x000002471078a740 JavaThread "main" [_thread_blocked, id=6640, stack(0x00000069e7e00000,0x00000069e7f00000)]
  0x000002472a607250 JavaThread "Reference Handler" daemon [_thread_blocked, id=6924, stack(0x00000069e8500000,0x00000069e8600000)]
  0x000002472a608d20 JavaThread "Finalizer" daemon [_thread_blocked, id=12320, stack(0x00000069e8600000,0x00000069e8700000)]
  0x000002472a5f4c00 JavaThread "Signal Dispatcher" daemon [_thread_blocked, id=13984, stack(0x00000069e8700000,0x00000069e8800000)]
  0x000002472a5f55c0 JavaThread "Attach Listener" daemon [_thread_blocked, id=13072, stack(0x00000069e8800000,0x00000069e8900000)]
  0x000002472b020030 JavaThread "Service Thread" daemon [_thread_blocked, id=12404, stack(0x00000069e8900000,0x00000069e8a00000)]
  0x000002472b020d00 JavaThread "Monitor Deflation Thread" daemon [_thread_blocked, id=18972, stack(0x00000069e8a00000,0x00000069e8b00000)]
  0x000002472b0218f0 JavaThread "C2 CompilerThread0" daemon [_thread_blocked, id=18380, stack(0x00000069e8b00000,0x00000069e8c00000)]
  0x000002472b022400 JavaThread "C1 CompilerThread0" daemon [_thread_blocked, id=19364, stack(0x00000069e8c00000,0x00000069e8d00000)]
  0x000002472b023520 JavaThread "Sweeper thread" daemon [_thread_blocked, id=18244, stack(0x00000069e8d00000,0x00000069e8e00000)]
  0x000002472b1d2b70 JavaThread "Common-Cleaner" daemon [_thread_blocked, id=20196, stack(0x00000069e8e00000,0x00000069e8f00000)]
  0x000002472b1e8da0 JavaThread "Notification Thread" daemon [_thread_blocked, id=1316, stack(0x00000069e8f00000,0x00000069e9000000)]
  0x000002472c2121c0 JavaThread "Daemon health stats" [_thread_blocked, id=20232, stack(0x00000069e9500000,0x00000069e9600000)]
  0x000002472ca1c580 JavaThread "Incoming local TCP Connector on port 63748" [_thread_in_native, id=20296, stack(0x00000069e9600000,0x00000069e9700000)]
  0x000002472c740df0 JavaThread "Daemon periodic checks" [_thread_blocked, id=3728, stack(0x00000069e9700000,0x00000069e9800000)]
  0x000002472d5d7c90 JavaThread "Daemon" [_thread_blocked, id=13656, stack(0x00000069e9800000,0x00000069e9900000)]
  0x000002472d5468b0 JavaThread "Handler for socket connection from /127.0.0.1:63748 to /127.0.0.1:63749" [_thread_in_native, id=22156, stack(0x00000069e9900000,0x00000069e9a00000)]
  0x000002472c379590 JavaThread "Cancel handler" [_thread_blocked, id=12632, stack(0x00000069e9a00000,0x00000069e9b00000)]
  0x000002472c37c0e0 JavaThread "Daemon worker" [_thread_blocked, id=17688, stack(0x00000069e9b00000,0x00000069e9c00000)]
  0x000002472c37b270 JavaThread "Asynchronous log dispatcher for DefaultDaemonConnection: socket connection from /127.0.0.1:63748 to /127.0.0.1:63749" [_thread_blocked, id=12696, stack(0x00000069e9c00000,0x00000069e9d00000)]
  0x000002472c37c5b0 JavaThread "Stdin handler" [_thread_blocked, id=13736, stack(0x00000069e9d00000,0x00000069e9e00000)]
  0x000002472c37a400 JavaThread "Daemon client event forwarder" [_thread_blocked, id=4856, stack(0x00000069e9e00000,0x00000069e9f00000)]
  0x000002472c37bc10 JavaThread "Cache worker for journal cache (C:\Users\vkhan\.gradle\caches\journal-1)" [_thread_blocked, id=14928, stack(0x00000069ea300000,0x00000069ea400000)]
  0x000002472c37a8d0 JavaThread "File lock request listener" [_thread_in_native, id=22040, stack(0x00000069ea400000,0x00000069ea500000)]
  0x000002472c379f30 JavaThread "Cache worker for file hash cache (C:\Users\vkhan\.gradle\caches\8.0\fileHashes)" [_thread_blocked, id=7484, stack(0x00000069ea500000,0x00000069ea600000)]
  0x000002472c37ada0 JavaThread "File watcher server" daemon [_thread_in_native, id=19460, stack(0x00000069ea600000,0x00000069ea700000)]
  0x000002472c37b740 JavaThread "File watcher consumer" daemon [_thread_blocked, id=14980, stack(0x00000069ea700000,0x00000069ea800000)]
  0x000002472c3790c0 JavaThread "Cache worker for checksums cache (D:\LUANVAN\LV_QuanLiQuanAn\QuanLyQuanAn0609\.gradle\8.0\checksums)" [_thread_blocked, id=2128, stack(0x00000069ea800000,0x00000069ea900000)]
  0x000002472e2628a0 JavaThread "Cache worker for cache directory md-rule (C:\Users\vkhan\.gradle\caches\8.0\md-rule)" [_thread_blocked, id=6192, stack(0x00000069ea900000,0x00000069eaa00000)]
  0x000002472e260bc0 JavaThread "Cache worker for file content cache (C:\Users\vkhan\.gradle\caches\8.0\fileContent)" [_thread_blocked, id=8876, stack(0x00000069eaa00000,0x00000069eab00000)]
  0x000002472e262d70 JavaThread "Cache worker for file hash cache (D:\LUANVAN\LV_QuanLiQuanAn\QuanLyQuanAn0609\.gradle\8.0\fileHashes)" [_thread_blocked, id=14184, stack(0x00000069eab00000,0x00000069eac00000)]
  0x000002472e261090 JavaThread "Cache worker for cache directory md-supplier (C:\Users\vkhan\.gradle\caches\8.0\md-supplier)" [_thread_blocked, id=5536, stack(0x00000069eac00000,0x00000069ead00000)]
  0x000002472e25cd30 JavaThread "Cache worker for execution history cache (C:\Users\vkhan\.gradle\caches\8.0\executionHistory)" [_thread_blocked, id=11796, stack(0x00000069ead00000,0x00000069eae00000)]
  0x000002472e25d200 JavaThread "jar transforms" [_thread_blocked, id=4156, stack(0x00000069eae00000,0x00000069eaf00000)]
  0x000002472e25eee0 JavaThread "jar transforms Thread 2" [_thread_blocked, id=19288, stack(0x00000069eaf00000,0x00000069eb000000)]
  0x000002472e2606f0 JavaThread "jar transforms Thread 3" [_thread_blocked, id=18900, stack(0x00000069eb100000,0x00000069eb200000)]
  0x000002472e2623d0 JavaThread "jar transforms Thread 4" [_thread_blocked, id=4944, stack(0x00000069eb200000,0x00000069eb300000)]
  0x000002472e263240 JavaThread "Cache worker for dependencies-accessors (D:\LUANVAN\LV_QuanLiQuanAn\QuanLyQuanAn0609\.gradle\8.0\dependencies-accessors)" [_thread_blocked, id=8076, stack(0x00000069eb300000,0x00000069eb400000)]
  0x000002472e25bec0 JavaThread "jar transforms Thread 5" [_thread_blocked, id=5080, stack(0x00000069eb400000,0x00000069eb500000)]
  0x000002472e25c390 JavaThread "Cache worker for Build Output Cleanup Cache (D:\LUANVAN\LV_QuanLiQuanAn\QuanLyQuanAn0609\.gradle\buildOutputCleanup)" [_thread_blocked, id=10856, stack(0x00000069eb500000,0x00000069eb600000)]
  0x000002472e25c860 JavaThread "Unconstrained build operations" [_thread_blocked, id=16560, stack(0x00000069eb600000,0x00000069eb700000)]
  0x000002472e25ea10 JavaThread "Unconstrained build operations Thread 2" [_thread_blocked, id=15636, stack(0x00000069eb700000,0x00000069eb800000)]
  0x000002472e25f3b0 JavaThread "Unconstrained build operations Thread 3" [_thread_blocked, id=10252, stack(0x00000069eb800000,0x00000069eb900000)]
  0x000002472e260220 JavaThread "Unconstrained build operations Thread 4" [_thread_blocked, id=19416, stack(0x00000069eb900000,0x00000069eba00000)]
  0x000002472e25f880 JavaThread "Unconstrained build operations Thread 5" [_thread_blocked, id=16696, stack(0x00000069eba00000,0x00000069ebb00000)]
  0x000002472fddfe50 JavaThread "Unconstrained build operations Thread 6" [_thread_blocked, id=5156, stack(0x00000069ebb00000,0x00000069ebc00000)]
  0x000002472fddb150 JavaThread "Unconstrained build operations Thread 7" [_thread_blocked, id=6400, stack(0x00000069ebc00000,0x00000069ebd00000)]
  0x000002472fdddca0 JavaThread "Unconstrained build operations Thread 8" [_thread_blocked, id=7480, stack(0x00000069ebd00000,0x00000069ebe00000)]
  0x000002472fddc490 JavaThread "Unconstrained build operations Thread 9" [_thread_blocked, id=1648, stack(0x00000069ebe00000,0x00000069ebf00000)]
  0x000002472fddb620 JavaThread "Unconstrained build operations Thread 10" [_thread_blocked, id=7364, stack(0x00000069ebf00000,0x00000069ec000000)]
  0x000002472fddd7d0 JavaThread "Unconstrained build operations Thread 11" [_thread_blocked, id=3384, stack(0x00000069ec000000,0x00000069ec100000)]
  0x000002472fddeb10 JavaThread "Unconstrained build operations Thread 12" [_thread_blocked, id=1956, stack(0x00000069ec100000,0x00000069ec200000)]
  0x000002472fdd9940 JavaThread "Unconstrained build operations Thread 13" [_thread_blocked, id=7212, stack(0x00000069ec200000,0x00000069ec300000)]
  0x000002472fdda7b0 JavaThread "Unconstrained build operations Thread 14" [_thread_blocked, id=20964, stack(0x00000069ec300000,0x00000069ec400000)]
  0x000002472fddac80 JavaThread "Unconstrained build operations Thread 15" [_thread_blocked, id=18536, stack(0x00000069ec400000,0x00000069ec500000)]
  0x000002472fddf4b0 JavaThread "Unconstrained build operations Thread 16" [_thread_blocked, id=12260, stack(0x00000069ec500000,0x00000069ec600000)]
  0x000002472fdde170 JavaThread "Unconstrained build operations Thread 17" [_thread_blocked, id=6496, stack(0x00000069ec600000,0x00000069ec700000)]
  0x000002472fdde640 JavaThread "Unconstrained build operations Thread 18" [_thread_blocked, id=3044, stack(0x00000069ec700000,0x00000069ec800000)]
  0x000002472fddf980 JavaThread "Unconstrained build operations Thread 19" [_thread_blocked, id=12236, stack(0x00000069ec800000,0x00000069ec900000)]
  0x000002472fdd8600 JavaThread "Unconstrained build operations Thread 20" [_thread_blocked, id=2512, stack(0x00000069ec900000,0x00000069eca00000)]
  0x000002472fddd300 JavaThread "Unconstrained build operations Thread 21" [_thread_blocked, id=2892, stack(0x00000069eca00000,0x00000069ecb00000)]
  0x000002472fddbaf0 JavaThread "Unconstrained build operations Thread 22" [_thread_blocked, id=4928, stack(0x00000069ecb00000,0x00000069ecc00000)]
  0x000002472fddefe0 JavaThread "Unconstrained build operations Thread 23" [_thread_blocked, id=14992, stack(0x00000069ecc00000,0x00000069ecd00000)]
  0x000002472fddc960 JavaThread "Unconstrained build operations Thread 24" [_thread_blocked, id=18664, stack(0x00000069ecd00000,0x00000069ece00000)]
  0x000002472fddbfc0 JavaThread "Unconstrained build operations Thread 25" [_thread_blocked, id=18776, stack(0x00000069ece00000,0x00000069ecf00000)]
  0x000002472fddce30 JavaThread "Unconstrained build operations Thread 26" [_thread_blocked, id=22420, stack(0x00000069ecf00000,0x00000069ed000000)]
  0x000002472fdd8ad0 JavaThread "Unconstrained build operations Thread 27" [_thread_blocked, id=8968, stack(0x00000069ed000000,0x00000069ed100000)]
  0x000002472fdd8fa0 JavaThread "Unconstrained build operations Thread 28" [_thread_blocked, id=14012, stack(0x00000069ed100000,0x00000069ed200000)]
  0x000002472fdd9470 JavaThread "Unconstrained build operations Thread 29" [_thread_blocked, id=19720, stack(0x00000069ed200000,0x00000069ed300000)]
  0x000002472fdd9e10 JavaThread "Unconstrained build operations Thread 30" [_thread_blocked, id=17624, stack(0x00000069ed300000,0x00000069ed400000)]
  0x000002472fdda2e0 JavaThread "Unconstrained build operations Thread 31" [_thread_blocked, id=21140, stack(0x00000069ed400000,0x00000069ed500000)]
  0x000002472fb08e30 JavaThread "Unconstrained build operations Thread 32" [_thread_blocked, id=16484, stack(0x00000069ed500000,0x00000069ed600000)]
  0x000002472fb07620 JavaThread "Unconstrained build operations Thread 33" [_thread_blocked, id=8956, stack(0x00000069ed600000,0x00000069ed700000)]
  0x000002472fb0c320 JavaThread "Unconstrained build operations Thread 34" [_thread_blocked, id=7260, stack(0x00000069ed700000,0x00000069ed800000)]
  0x000002472fb09ca0 JavaThread "Unconstrained build operations Thread 35" [_thread_blocked, id=14408, stack(0x00000069ed800000,0x00000069ed900000)]
  0x000002472fb0be50 JavaThread "Unconstrained build operations Thread 36" [_thread_blocked, id=14600, stack(0x00000069ed900000,0x00000069eda00000)]
  0x000002472fb0a170 JavaThread "Unconstrained build operations Thread 37" [_thread_blocked, id=19956, stack(0x00000069eda00000,0x00000069edb00000)]
  0x000002472fb07af0 JavaThread "Unconstrained build operations Thread 38" [_thread_blocked, id=20720, stack(0x00000069edb00000,0x00000069edc00000)]
  0x000002472fb05e10 JavaThread "Unconstrained build operations Thread 39" [_thread_blocked, id=6376, stack(0x00000069edc00000,0x00000069edd00000)]
  0x000002472fb0c7f0 JavaThread "Unconstrained build operations Thread 40" [_thread_blocked, id=8756, stack(0x00000069edd00000,0x00000069ede00000)]
  0x000002472fb0a640 JavaThread "Unconstrained build operations Thread 41" [_thread_blocked, id=20496, stack(0x00000069ede00000,0x00000069edf00000)]
  0x000002472fb097d0 JavaThread "Unconstrained build operations Thread 42" [_thread_blocked, id=21688, stack(0x00000069edf00000,0x00000069ee000000)]
  0x000002472fb0b980 JavaThread "Unconstrained build operations Thread 43" [_thread_blocked, id=15516, stack(0x00000069ee000000,0x00000069ee100000)]
  0x000002472fb0ccc0 JavaThread "Unconstrained build operations Thread 44" [_thread_blocked, id=11516, stack(0x00000069ee100000,0x00000069ee200000)]
  0x000002472fb062e0 JavaThread "Unconstrained build operations Thread 45" [_thread_blocked, id=10276, stack(0x00000069ee200000,0x00000069ee300000)]
  0x000002472fb07fc0 JavaThread "Unconstrained build operations Thread 46" [_thread_blocked, id=21280, stack(0x00000069ee300000,0x00000069ee400000)]
  0x000002472fb0ab10 JavaThread "Unconstrained build operations Thread 47" [_thread_blocked, id=10744, stack(0x00000069ee400000,0x00000069ee500000)]
  0x000002472fb05470 JavaThread "Unconstrained build operations Thread 48" [_thread_blocked, id=15984, stack(0x00000069ee500000,0x00000069ee600000)]
  0x000002472fb0afe0 JavaThread "Unconstrained build operations Thread 49" [_thread_blocked, id=11532, stack(0x00000069ee600000,0x00000069ee700000)]
  0x000002472fb067b0 JavaThread "Unconstrained build operations Thread 50" [_thread_blocked, id=13624, stack(0x00000069ee700000,0x00000069ee800000)]
  0x000002472fb05940 JavaThread "Unconstrained build operations Thread 51" [_thread_blocked, id=19616, stack(0x00000069ee800000,0x00000069ee900000)]
  0x000002472fb0b4b0 JavaThread "Unconstrained build operations Thread 52" [_thread_blocked, id=8488, stack(0x00000069ee900000,0x00000069eea00000)]
  0x000002472fb06c80 JavaThread "Unconstrained build operations Thread 53" [_thread_blocked, id=14444, stack(0x00000069eea00000,0x00000069eeb00000)]
  0x000002472fb07150 JavaThread "Unconstrained build operations Thread 54" [_thread_blocked, id=20904, stack(0x00000069eeb00000,0x00000069eec00000)]
  0x000002472fb08490 JavaThread "Unconstrained build operations Thread 55" [_thread_blocked, id=11732, stack(0x00000069eec00000,0x00000069eed00000)]
  0x000002472fb08960 JavaThread "Unconstrained build operations Thread 56" [_thread_blocked, id=14056, stack(0x00000069eed00000,0x00000069eee00000)]
  0x000002472fb09300 JavaThread "Unconstrained build operations Thread 57" [_thread_blocked, id=5768, stack(0x00000069eee00000,0x00000069eef00000)]
  0x000002472fb5c950 JavaThread "Unconstrained build operations Thread 58" [_thread_blocked, id=15568, stack(0x00000069eef00000,0x00000069ef000000)]
  0x000002472fb555d0 JavaThread "Unconstrained build operations Thread 59" [_thread_blocked, id=18040, stack(0x00000069ef000000,0x00000069ef100000)]
  0x000002472fb5ac70 JavaThread "Unconstrained build operations Thread 60" [_thread_blocked, id=11476, stack(0x00000069ef100000,0x00000069ef200000)]
  0x000002472fb5b610 JavaThread "Unconstrained build operations Thread 61" [_thread_blocked, id=9764, stack(0x00000069ef200000,0x00000069ef300000)]
  0x000002472fb5c480 JavaThread "Unconstrained build operations Thread 62" [_thread_blocked, id=19204, stack(0x00000069ef300000,0x00000069ef400000)]
  0x000002472fb58ac0 JavaThread "Unconstrained build operations Thread 63" [_thread_blocked, id=11776, stack(0x00000069ef400000,0x00000069ef500000)]
  0x000002472fb5b140 JavaThread "Unconstrained build operations Thread 64" [_thread_blocked, id=10180, stack(0x00000069ef500000,0x00000069ef600000)]
  0x000002472fb5ce20 JavaThread "Unconstrained build operations Thread 65" [_thread_blocked, id=7336, stack(0x00000069ef600000,0x00000069ef700000)]
  0x000002472fb55aa0 JavaThread "Unconstrained build operations Thread 66" [_thread_blocked, id=1180, stack(0x00000069ef700000,0x00000069ef800000)]
  0x000002472fb5a7a0 JavaThread "Unconstrained build operations Thread 67" [_thread_blocked, id=1244, stack(0x00000069ef800000,0x00000069ef900000)]
  0x000002472fb58f90 JavaThread "Unconstrained build operations Thread 68" [_thread_blocked, id=21536, stack(0x00000069ef900000,0x00000069efa00000)]
  0x000002472fb5bae0 JavaThread "Unconstrained build operations Thread 69" [_thread_blocked, id=3740, stack(0x00000069efa00000,0x00000069efb00000)]
  0x000002472fb59460 JavaThread "Unconstrained build operations Thread 70" [_thread_blocked, id=3764, stack(0x00000069efb00000,0x00000069efc00000)]
  0x000002472fb56910 JavaThread "Unconstrained build operations Thread 71" [_thread_blocked, id=19284, stack(0x00000069efc00000,0x00000069efd00000)]
  0x000002472fb57c50 JavaThread "Unconstrained build operations Thread 72" [_thread_blocked, id=14712, stack(0x00000069efd00000,0x00000069efe00000)]
  0x000002472fb58120 JavaThread "Unconstrained build operations Thread 73" [_thread_blocked, id=6768, stack(0x00000069efe00000,0x00000069eff00000)]
  0x000002472fb59e00 JavaThread "Unconstrained build operations Thread 74" [_thread_blocked, id=6968, stack(0x00000069eff00000,0x00000069f0000000)]
  0x000002472fb585f0 JavaThread "Unconstrained build operations Thread 75" [_thread_blocked, id=5488, stack(0x00000069f0000000,0x00000069f0100000)]
  0x000002472fb5bfb0 JavaThread "Unconstrained build operations Thread 76" [_thread_blocked, id=11460, stack(0x00000069f0100000,0x00000069f0200000)]
  0x000002472fb55f70 JavaThread "Unconstrained build operations Thread 77" [_thread_blocked, id=11364, stack(0x00000069f0200000,0x00000069f0300000)]
  0x000002472fb56440 JavaThread "Unconstrained build operations Thread 78" [_thread_blocked, id=8324, stack(0x00000069f0300000,0x00000069f0400000)]
  0x000002472fb56de0 JavaThread "Unconstrained build operations Thread 79" [_thread_blocked, id=10048, stack(0x00000069f0400000,0x00000069f0500000)]
  0x000002472fb572b0 JavaThread "Unconstrained build operations Thread 80" [_thread_blocked, id=12640, stack(0x00000069f0500000,0x00000069f0600000)]
  0x000002472fb57780 JavaThread "jar transforms Thread 6" [_thread_blocked, id=12668, stack(0x00000069f0600000,0x00000069f0700000)]
  0x000002472fb5a2d0 JavaThread "jar transforms Thread 7" [_thread_blocked, id=2476, stack(0x00000069f0700000,0x00000069f0800000)]
  0x000002472fb59930 JavaThread "jar transforms Thread 8" [_thread_blocked, id=11092, stack(0x00000069f0800000,0x00000069f0900000)]
  0x00000247303b9ff0 JavaThread "build event listener" [_thread_blocked, id=17876, stack(0x00000069f0900000,0x00000069f0a00000)]

Other Threads:
=>0x000002472a5e3a20 VMThread "VM Thread" [stack: 0x00000069e8400000,0x00000069e8500000] [id=11928]
  0x0000024710810b40 WatcherThread [stack: 0x00000069e9000000,0x00000069e9100000] [id=13856]
  0x00000247107ea230 GCTaskThread "GC Thread#0" [stack: 0x00000069e7f00000,0x00000069e8000000] [id=14752]
  0x000002472bbe8d70 GCTaskThread "GC Thread#1" [stack: 0x00000069e9100000,0x00000069e9200000] [id=10108]
  0x000002472b4fc300 GCTaskThread "GC Thread#2" [stack: 0x00000069e9200000,0x00000069e9300000] [id=10948]
  0x000002472b8d70f0 GCTaskThread "GC Thread#3" [stack: 0x00000069e9300000,0x00000069e9400000] [id=12768]
  0x000002472c279950 GCTaskThread "GC Thread#4" [stack: 0x00000069e9400000,0x00000069e9500000] [id=10900]
  0x000002472d4cac50 GCTaskThread "GC Thread#5" [stack: 0x00000069e9f00000,0x00000069ea000000] [id=15440]
  0x000002472c2adfa0 GCTaskThread "GC Thread#6" [stack: 0x00000069ea000000,0x00000069ea100000] [id=9840]
  0x000002472cb92c50 GCTaskThread "GC Thread#7" [stack: 0x00000069ea100000,0x00000069ea200000] [id=20764]
  0x00000247107fb080 ConcurrentGCThread "G1 Main Marker" [stack: 0x00000069e8000000,0x00000069e8100000] [id=5456]
  0x00000247107fc140 ConcurrentGCThread "G1 Conc#0" [stack: 0x00000069e8100000,0x00000069e8200000] [id=10612]
  0x000002472d591c40 ConcurrentGCThread "G1 Conc#1" [stack: 0x00000069ea200000,0x00000069ea300000] [id=15992]
  0x000002471085d940 ConcurrentGCThread "G1 Refine#0" [stack: 0x00000069e8200000,0x00000069e8300000] [id=1676]
  0x000002472e330ad0 ConcurrentGCThread "G1 Refine#1" [stack: 0x00000069eb000000,0x00000069eb100000] [id=11464]
  0x000002471085e270 ConcurrentGCThread "G1 Service" [stack: 0x00000069e8300000,0x00000069e8400000] [id=20436]

Threads with active compile tasks:
C2 CompilerThread0     5603 5692       4       java.lang.invoke.MethodType::equals (56 bytes)

VM state: at safepoint (normal execution)

VM Mutex/Monitor currently owned by a thread:  ([mutex/lock_event])
[0x0000024710786c50] Threads_lock - owner thread: 0x000002472a5e3a20
[0x0000024710786470] Heap_lock - owner thread: 0x000002472c37c0e0

Heap address: 0x0000000080000000, size: 2048 MB, Compressed Oops mode: 32-bit

CDS archive(s) not mapped
Compressed class space mapped at: 0x0000000100000000-0x0000000140000000, reserved size: 1073741824
Narrow klass base: 0x0000000000000000, Narrow klass shift: 3, Narrow klass range: 0x140000000

GC Precious Log:
 CPUs: 8 total, 8 available
 Memory: 7959M
 Large Page Support: Disabled
 NUMA Support: Disabled
 Compressed Oops: Enabled (32-bit)
 Heap Region Size: 1M
 Heap Min Capacity: 8M
 Heap Initial Capacity: 126M
 Heap Max Capacity: 2G
 Pre-touch: Disabled
 Parallel Workers: 8
 Concurrent Workers: 2
 Concurrent Refinement Workers: 8
 Periodic GC: Disabled

Heap:
 garbage-first heap   total 88064K, used 48652K [0x0000000080000000, 0x0000000100000000)
  region size 1024K, 1 young (1024K), 1 survivors (1024K)
 Metaspace       used 56296K, committed 56768K, reserved 1097728K
  class space    used 7431K, committed 7616K, reserved 1048576K

Heap Regions: E=young(eden), S=young(survivor), O=old, HS=humongous(starts), HC=humongous(continues), CS=collection set, F=free, OA=open archive, CA=closed archive, TAMS=top-at-mark-start (previous, next)
|   0|0x0000000080000000, 0x0000000080100000, 0x0000000080100000|100%|HS|  |TAMS 0x0000000080100000, 0x0000000080100000| Complete 
|   1|0x0000000080100000, 0x0000000080200000, 0x0000000080200000|100%|HC|  |TAMS 0x0000000080200000, 0x0000000080200000| Complete 
|   2|0x0000000080200000, 0x0000000080300000, 0x0000000080300000|100%|HC|  |TAMS 0x0000000080300000, 0x0000000080300000| Complete 
|   3|0x0000000080300000, 0x0000000080400000, 0x0000000080400000|100%|HC|  |TAMS 0x0000000080400000, 0x0000000080400000| Complete 
|   4|0x0000000080400000, 0x0000000080500000, 0x0000000080500000|100%| O|  |TAMS 0x0000000080500000, 0x0000000080500000| Untracked 
|   5|0x0000000080500000, 0x0000000080600000, 0x0000000080600000|100%| O|  |TAMS 0x0000000080600000, 0x0000000080600000| Untracked 
|   6|0x0000000080600000, 0x0000000080700000, 0x0000000080700000|100%| O|  |TAMS 0x0000000080700000, 0x0000000080700000| Untracked 
|   7|0x0000000080700000, 0x0000000080800000, 0x0000000080800000|100%| O|  |TAMS 0x0000000080800000, 0x0000000080800000| Untracked 
|   8|0x0000000080800000, 0x0000000080900000, 0x0000000080900000|100%| O|  |TAMS 0x0000000080900000, 0x0000000080900000| Untracked 
|   9|0x0000000080900000, 0x0000000080a00000, 0x0000000080a00000|100%| O|  |TAMS 0x0000000080a00000, 0x0000000080a00000| Untracked 
|  10|0x0000000080a00000, 0x0000000080b00000, 0x0000000080b00000|100%| O|  |TAMS 0x0000000080b00000, 0x0000000080b00000| Untracked 
|  11|0x0000000080b00000, 0x0000000080b50200, 0x0000000080c00000| 31%| O|  |TAMS 0x0000000080b50200, 0x0000000080b50200| Untracked 
|  12|0x0000000080c00000, 0x0000000080d00000, 0x0000000080d00000|100%| O|  |TAMS 0x0000000080d00000, 0x0000000080d00000| Untracked 
|  13|0x0000000080d00000, 0x0000000080e00000, 0x0000000080e00000|100%| O|  |TAMS 0x0000000080e00000, 0x0000000080e00000| Untracked 
|  14|0x0000000080e00000, 0x0000000080f00000, 0x0000000080f00000|100%| O|  |TAMS 0x0000000080f00000, 0x0000000080f00000| Untracked 
|  15|0x0000000080f00000, 0x0000000081000000, 0x0000000081000000|100%| O|  |TAMS 0x0000000081000000, 0x0000000081000000| Untracked 
|  16|0x0000000081000000, 0x0000000081100000, 0x0000000081100000|100%| O|  |TAMS 0x0000000081100000, 0x0000000081100000| Untracked 
|  17|0x0000000081100000, 0x0000000081200000, 0x0000000081200000|100%| O|  |TAMS 0x0000000081200000, 0x0000000081200000| Untracked 
|  18|0x0000000081200000, 0x0000000081300000, 0x0000000081300000|100%| O|  |TAMS 0x0000000081300000, 0x0000000081300000| Untracked 
|  19|0x0000000081300000, 0x0000000081400000, 0x0000000081400000|100%| O|  |TAMS 0x0000000081400000, 0x0000000081400000| Untracked 
|  20|0x0000000081400000, 0x0000000081500000, 0x0000000081500000|100%| O|  |TAMS 0x0000000081500000, 0x0000000081500000| Untracked 
|  21|0x0000000081500000, 0x0000000081600000, 0x0000000081600000|100%| O|  |TAMS 0x0000000081600000, 0x0000000081600000| Untracked 
|  22|0x0000000081600000, 0x0000000081700000, 0x0000000081700000|100%| O|  |TAMS 0x0000000081700000, 0x0000000081700000| Untracked 
|  23|0x0000000081700000, 0x0000000081800000, 0x0000000081800000|100%| O|  |TAMS 0x0000000081800000, 0x0000000081800000| Untracked 
|  24|0x0000000081800000, 0x0000000081900000, 0x0000000081900000|100%| O|  |TAMS 0x0000000081900000, 0x0000000081900000| Untracked 
|  25|0x0000000081900000, 0x0000000081a00000, 0x0000000081a00000|100%| O|  |TAMS 0x000000008198b200, 0x0000000081a00000| Untracked 
|  26|0x0000000081a00000, 0x0000000081b00000, 0x0000000081b00000|100%| O|  |TAMS 0x0000000081b00000, 0x0000000081b00000| Untracked 
|  27|0x0000000081b00000, 0x0000000081c00000, 0x0000000081c00000|100%| O|  |TAMS 0x0000000081c00000, 0x0000000081c00000| Untracked 
|  28|0x0000000081c00000, 0x0000000081d00000, 0x0000000081d00000|100%| O|  |TAMS 0x0000000081d00000, 0x0000000081d00000| Untracked 
|  29|0x0000000081d00000, 0x0000000081e00000, 0x0000000081e00000|100%| O|  |TAMS 0x0000000081e00000, 0x0000000081e00000| Untracked 
|  30|0x0000000081e00000, 0x0000000081f00000, 0x0000000081f00000|100%| O|  |TAMS 0x0000000081f00000, 0x0000000081f00000| Untracked 
|  31|0x0000000081f00000, 0x0000000082000000, 0x0000000082000000|100%| O|  |TAMS 0x0000000082000000, 0x0000000082000000| Untracked 
|  32|0x0000000082000000, 0x0000000082100000, 0x0000000082100000|100%| O|  |TAMS 0x0000000082100000, 0x0000000082100000| Untracked 
|  33|0x0000000082100000, 0x0000000082200000, 0x0000000082200000|100%| O|  |TAMS 0x0000000082200000, 0x0000000082200000| Untracked 
|  34|0x0000000082200000, 0x0000000082300000, 0x0000000082300000|100%|HS|  |TAMS 0x0000000082300000, 0x0000000082300000| Complete 
|  35|0x0000000082300000, 0x0000000082400000, 0x0000000082400000|100%|HS|  |TAMS 0x0000000082400000, 0x0000000082400000| Complete 
|  36|0x0000000082400000, 0x0000000082500000, 0x0000000082500000|100%| O|  |TAMS 0x0000000082400000, 0x0000000082500000| Untracked 
|  37|0x0000000082500000, 0x0000000082600000, 0x0000000082600000|100%| O|  |TAMS 0x0000000082500000, 0x0000000082600000| Untracked 
|  38|0x0000000082600000, 0x0000000082700000, 0x0000000082700000|100%| O|  |TAMS 0x0000000082600000, 0x0000000082700000| Untracked 
|  39|0x0000000082700000, 0x0000000082800000, 0x0000000082800000|100%| O|  |TAMS 0x0000000082700000, 0x0000000082800000| Untracked 
|  40|0x0000000082800000, 0x0000000082900000, 0x0000000082900000|100%| O|  |TAMS 0x0000000082800000, 0x0000000082900000| Untracked 
|  41|0x0000000082900000, 0x0000000082a00000, 0x0000000082a00000|100%| O|  |TAMS 0x0000000082900000, 0x0000000082a00000| Untracked 
|  42|0x0000000082a00000, 0x0000000082b00000, 0x0000000082b00000|100%| O|  |TAMS 0x0000000082a00000, 0x0000000082a00000| Untracked 
|  43|0x0000000082b00000, 0x0000000082c00000, 0x0000000082c00000|100%| O|  |TAMS 0x0000000082b00000, 0x0000000082c00000| Untracked 
|  44|0x0000000082c00000, 0x0000000082d00000, 0x0000000082d00000|100%| O|  |TAMS 0x0000000082c00000, 0x0000000082d00000| Untracked 
|  45|0x0000000082d00000, 0x0000000082e00000, 0x0000000082e00000|100%| O|  |TAMS 0x0000000082d00000, 0x0000000082e00000| Untracked 
|  46|0x0000000082e00000, 0x0000000082f00000, 0x0000000082f00000|100%| O|  |TAMS 0x0000000082e00000, 0x0000000082ead600| Untracked 
|  47|0x0000000082f00000, 0x0000000082f6e008, 0x0000000083000000| 42%| O|  |TAMS 0x0000000082f00000, 0x0000000082f00000| Untracked 
|  48|0x0000000083000000, 0x0000000083000000, 0x0000000083100000|  0%| F|  |TAMS 0x0000000083000000, 0x0000000083000000| Untracked 
|  49|0x0000000083100000, 0x0000000083100000, 0x0000000083200000|  0%| F|  |TAMS 0x0000000083100000, 0x0000000083100000| Untracked 
|  50|0x0000000083200000, 0x0000000083200000, 0x0000000083300000|  0%| F|  |TAMS 0x0000000083200000, 0x0000000083200000| Untracked 
|  51|0x0000000083300000, 0x0000000083300000, 0x0000000083400000|  0%| F|  |TAMS 0x0000000083300000, 0x0000000083300000| Untracked 
|  52|0x0000000083400000, 0x0000000083400000, 0x0000000083500000|  0%| F|  |TAMS 0x0000000083400000, 0x0000000083400000| Untracked 
|  53|0x0000000083500000, 0x0000000083500000, 0x0000000083600000|  0%| F|  |TAMS 0x0000000083500000, 0x0000000083500000| Untracked 
|  54|0x0000000083600000, 0x0000000083600000, 0x0000000083700000|  0%| F|  |TAMS 0x0000000083600000, 0x0000000083600000| Untracked 
|  55|0x0000000083700000, 0x0000000083700000, 0x0000000083800000|  0%| F|  |TAMS 0x0000000083700000, 0x0000000083700000| Untracked 
|  56|0x0000000083800000, 0x0000000083800000, 0x0000000083900000|  0%| F|  |TAMS 0x0000000083800000, 0x0000000083800000| Untracked 
|  57|0x0000000083900000, 0x0000000083900000, 0x0000000083a00000|  0%| F|  |TAMS 0x0000000083900000, 0x0000000083900000| Untracked 
|  58|0x0000000083a00000, 0x0000000083a00000, 0x0000000083b00000|  0%| F|  |TAMS 0x0000000083a00000, 0x0000000083a00000| Untracked 
|  59|0x0000000083b00000, 0x0000000083b00000, 0x0000000083c00000|  0%| F|  |TAMS 0x0000000083b00000, 0x0000000083b00000| Untracked 
|  60|0x0000000083c00000, 0x0000000083c00000, 0x0000000083d00000|  0%| F|  |TAMS 0x0000000083c00000, 0x0000000083c00000| Untracked 
|  61|0x0000000083d00000, 0x0000000083d00000, 0x0000000083e00000|  0%| F|  |TAMS 0x0000000083d00000, 0x0000000083d00000| Untracked 
|  62|0x0000000083e00000, 0x0000000083e00000, 0x0000000083f00000|  0%| F|  |TAMS 0x0000000083e00000, 0x0000000083e00000| Untracked 
|  63|0x0000000083f00000, 0x0000000083f00000, 0x0000000084000000|  0%| F|  |TAMS 0x0000000083f00000, 0x0000000083f00000| Untracked 
|  64|0x0000000084000000, 0x0000000084000000, 0x0000000084100000|  0%| F|  |TAMS 0x0000000084000000, 0x0000000084000000| Untracked 
|  65|0x0000000084100000, 0x0000000084100000, 0x0000000084200000|  0%| F|  |TAMS 0x0000000084100000, 0x0000000084100000| Untracked 
|  66|0x0000000084200000, 0x00000000842c5028, 0x0000000084300000| 76%| S|CS|TAMS 0x0000000084200000, 0x0000000084200000| Complete 
|  67|0x0000000084300000, 0x0000000084300000, 0x0000000084400000|  0%| F|  |TAMS 0x0000000084300000, 0x0000000084300000| Untracked 
|  68|0x0000000084400000, 0x0000000084400000, 0x0000000084500000|  0%| F|  |TAMS 0x0000000084400000, 0x0000000084400000| Untracked 
|  69|0x0000000084500000, 0x0000000084500000, 0x0000000084600000|  0%| F|  |TAMS 0x0000000084500000, 0x0000000084500000| Untracked 
|  70|0x0000000084600000, 0x0000000084600000, 0x0000000084700000|  0%| F|  |TAMS 0x0000000084600000, 0x0000000084600000| Untracked 
|  71|0x0000000084700000, 0x0000000084700000, 0x0000000084800000|  0%| F|  |TAMS 0x0000000084700000, 0x0000000084700000| Untracked 
|  72|0x0000000084800000, 0x0000000084800000, 0x0000000084900000|  0%| F|  |TAMS 0x0000000084800000, 0x0000000084800000| Untracked 
|  73|0x0000000084900000, 0x0000000084900000, 0x0000000084a00000|  0%| F|  |TAMS 0x0000000084900000, 0x0000000084900000| Untracked 
|  74|0x0000000084a00000, 0x0000000084a00000, 0x0000000084b00000|  0%| F|  |TAMS 0x0000000084a00000, 0x0000000084a00000| Untracked 
|  75|0x0000000084b00000, 0x0000000084b00000, 0x0000000084c00000|  0%| F|  |TAMS 0x0000000084b00000, 0x0000000084b00000| Untracked 
|  76|0x0000000084c00000, 0x0000000084c00000, 0x0000000084d00000|  0%| F|  |TAMS 0x0000000084c00000, 0x0000000084c00000| Untracked 
|  77|0x0000000084d00000, 0x0000000084d00000, 0x0000000084e00000|  0%| F|  |TAMS 0x0000000084d00000, 0x0000000084d00000| Untracked 
|  78|0x0000000084e00000, 0x0000000084e00000, 0x0000000084f00000|  0%| F|  |TAMS 0x0000000084e00000, 0x0000000084e00000| Untracked 
|  79|0x0000000084f00000, 0x0000000084f00000, 0x0000000085000000|  0%| F|  |TAMS 0x0000000084f00000, 0x0000000084f00000| Untracked 
|  80|0x0000000085000000, 0x0000000085000000, 0x0000000085100000|  0%| F|  |TAMS 0x0000000085000000, 0x0000000085000000| Untracked 
|  81|0x0000000085100000, 0x0000000085100000, 0x0000000085200000|  0%| F|  |TAMS 0x0000000085100000, 0x0000000085100000| Untracked 
|  82|0x0000000085200000, 0x0000000085200000, 0x0000000085300000|  0%| F|  |TAMS 0x0000000085200000, 0x0000000085200000| Untracked 
|  83|0x0000000085300000, 0x0000000085300000, 0x0000000085400000|  0%| F|  |TAMS 0x0000000085300000, 0x0000000085300000| Untracked 
|  84|0x0000000085400000, 0x0000000085400000, 0x0000000085500000|  0%| F|  |TAMS 0x0000000085400000, 0x0000000085400000| Untracked 
| 125|0x0000000087d00000, 0x0000000087d00000, 0x0000000087e00000|  0%| F|  |TAMS 0x0000000087d00000, 0x0000000087d00000| Untracked 

Card table byte_map: [0x0000024723390000,0x0000024723790000] _byte_map_base: 0x0000024722f90000

Marking Bits (Prev, Next): (CMBitMap*) 0x00000247107ea790, (CMBitMap*) 0x00000247107ea750
 Prev Bits: [0x0000024725b90000, 0x0000024727b90000)
 Next Bits: [0x0000024723b90000, 0x0000024725b90000)

Polling page: 0x000002470ff60000

Metaspace:

Usage:
  Non-class:     47.72 MB used.
      Class:      7.26 MB used.
       Both:     54.98 MB used.

Virtual space:
  Non-class space:       48.00 MB reserved,      48.00 MB (100%) committed,  6 nodes.
      Class space:        1.00 GB reserved,       7.44 MB ( <1%) committed,  1 nodes.
             Both:        1.05 GB reserved,      55.44 MB (  5%) committed. 

Chunk freelists:
   Non-Class:  48.00 KB
       Class:  528.00 KB
        Both:  576.00 KB

MaxMetaspaceSize: unlimited
CompressedClassSpaceSize: 1.00 GB
Initial GC threshold: 21.00 MB
Current GC threshold: 85.31 MB
CDS: off
MetaspaceReclaimPolicy: balanced
 - commit_granule_bytes: 65536.
 - commit_granule_words: 8192.
 - virtual_space_node_default_size: 1048576.
 - enlarge_chunks_in_place: 1.
 - new_chunks_are_fully_committed: 0.
 - uncommit_free_chunks: 1.
 - use_allocation_guard: 0.
 - handle_deallocations: 1.


Internal statistics:

num_allocs_failed_limit: 6.
num_arena_births: 508.
num_arena_deaths: 0.
num_vsnodes_births: 7.
num_vsnodes_deaths: 0.
num_space_committed: 887.
num_space_uncommitted: 0.
num_chunks_returned_to_freelist: 6.
num_chunks_taken_from_freelist: 2334.
num_chunk_merges: 6.
num_chunk_splits: 1560.
num_chunks_enlarged: 1069.
num_purges: 0.
num_inconsistent_stats: 0.

CodeHeap 'non-profiled nmethods': size=120000Kb used=2526Kb max_used=2526Kb free=117473Kb
 bounds [0x000002471b730000, 0x000002471b9b0000, 0x0000024722c60000]
CodeHeap 'profiled nmethods': size=120000Kb used=10499Kb max_used=10499Kb free=109500Kb
 bounds [0x0000024713c60000, 0x00000247146b0000, 0x000002471b190000]
CodeHeap 'non-nmethods': size=5760Kb used=2333Kb max_used=2361Kb free=3426Kb
 bounds [0x000002471b190000, 0x000002471b400000, 0x000002471b730000]
 total_blobs=6522 nmethods=5686 adapters=748
 compilation: enabled
              stopped_count=0, restarted_count=0
 full_count=0

Compilation events (20 events):
Event: 5.519 Thread 0x000002472b022400 5740       3       org.gradle.model.internal.asm.MethodVisitorScope::_IFNULL (9 bytes)
Event: 5.520 Thread 0x000002472b022400 nmethod 5740 0x0000024714697f10 code [0x00000247146980c0, 0x0000024714698328]
Event: 5.521 Thread 0x000002472b0218f0 nmethod 5735 0x000002471b9a2c10 code [0x000002471b9a2dc0, 0x000002471b9a3638]
Event: 5.521 Thread 0x000002472b0218f0 5736       4       org.objectweb.asm.SymbolTable::addType (81 bytes)
Event: 5.523 Thread 0x000002472b022400 5741       3       org.gradle.internal.instantiation.generator.AsmBackedClassGenerator$ClassBuilderImpl::access$5100 (4 bytes)
Event: 5.523 Thread 0x000002472b022400 nmethod 5741 0x0000024714698410 code [0x00000247146985a0, 0x0000024714698698]
Event: 5.534 Thread 0x000002472b022400 5743   !   3       java.util.concurrent.LinkedBlockingQueue::take (91 bytes)
Event: 5.535 Thread 0x000002472b022400 nmethod 5743 0x0000024714698710 code [0x0000024714698ac0, 0x000002471469a408]
Event: 5.547 Thread 0x000002472b0218f0 nmethod 5736 0x000002471b9a3a10 code [0x000002471b9a3be0, 0x000002471b9a5048]
Event: 5.547 Thread 0x000002472b0218f0 5742       4       org.objectweb.asm.Label::resolve (219 bytes)
Event: 5.549 Thread 0x000002472b022400 5744       3       jdk.internal.reflect.ConstantPool::getIntAt (10 bytes)
Event: 5.549 Thread 0x000002472b022400 nmethod 5744 0x000002471469ae90 code [0x000002471469b020, 0x000002471469b168]
Event: 5.549 Thread 0x000002472b022400 5747       3       org.objectweb.asm.AnnotationWriter::visit (935 bytes)
Event: 5.550 Thread 0x000002472b0218f0 nmethod 5742 0x000002471b9a5b10 code [0x000002471b9a5ca0, 0x000002471b9a5f18]
Event: 5.550 Thread 0x000002472b0218f0 5730       4       jdk.internal.org.objectweb.asm.MethodWriter::visitVarInsn (302 bytes)
Event: 5.551 Thread 0x000002472b022400 nmethod 5747 0x000002471469b210 code [0x000002471469b940, 0x000002471469f818]
Event: 5.559 Thread 0x000002472b0218f0 nmethod 5730 0x000002471b9a6110 code [0x000002471b9a62e0, 0x000002471b9a6ea8]
Event: 5.559 Thread 0x000002472b0218f0 5748       4       sun.net.www.ParseUtil::encodePath (41 bytes)
Event: 5.562 Thread 0x000002472b0218f0 nmethod 5748 0x000002471b9a7410 code [0x000002471b9a75a0, 0x000002471b9a7788]
Event: 5.562 Thread 0x000002472b0218f0 5692       4       java.lang.invoke.MethodType::equals (56 bytes)

GC Heap History (20 events):
Event: 2.642 GC heap after
{Heap after GC invocations=6 (full 0):
 garbage-first heap   total 68608K, used 22163K [0x0000000080000000, 0x0000000100000000)
  region size 1024K, 4 young (4096K), 4 survivors (4096K)
 Metaspace       used 30389K, committed 30720K, reserved 1081344K
  class space    used 4132K, committed 4288K, reserved 1048576K
}
Event: 2.993 GC heap before
{Heap before GC invocations=6 (full 0):
 garbage-first heap   total 68608K, used 48787K [0x0000000080000000, 0x0000000100000000)
  region size 1024K, 30 young (30720K), 4 survivors (4096K)
 Metaspace       used 34804K, committed 35200K, reserved 1081344K
  class space    used 4828K, committed 4992K, reserved 1048576K
}
Event: 2.996 GC heap after
{Heap after GC invocations=7 (full 0):
 garbage-first heap   total 68608K, used 23916K [0x0000000080000000, 0x0000000100000000)
  region size 1024K, 4 young (4096K), 4 survivors (4096K)
 Metaspace       used 34804K, committed 35200K, reserved 1081344K
  class space    used 4828K, committed 4992K, reserved 1048576K
}
Event: 3.045 GC heap before
{Heap before GC invocations=7 (full 0):
 garbage-first heap   total 68608K, used 25964K [0x0000000080000000, 0x0000000100000000)
  region size 1024K, 8 young (8192K), 4 survivors (4096K)
 Metaspace       used 35583K, committed 35968K, reserved 1081344K
  class space    used 4874K, committed 5056K, reserved 1048576K
}
Event: 3.047 GC heap after
{Heap after GC invocations=8 (full 0):
 garbage-first heap   total 68608K, used 24427K [0x0000000080000000, 0x0000000100000000)
  region size 1024K, 3 young (3072K), 3 survivors (3072K)
 Metaspace       used 35583K, committed 35968K, reserved 1081344K
  class space    used 4874K, committed 5056K, reserved 1048576K
}
Event: 3.341 GC heap before
{Heap before GC invocations=9 (full 0):
 garbage-first heap   total 68608K, used 49003K [0x0000000080000000, 0x0000000100000000)
  region size 1024K, 28 young (28672K), 3 survivors (3072K)
 Metaspace       used 40352K, committed 40704K, reserved 1089536K
  class space    used 5353K, committed 5504K, reserved 1048576K
}
Event: 3.346 GC heap after
{Heap after GC invocations=10 (full 0):
 garbage-first heap   total 68608K, used 28440K [0x0000000080000000, 0x0000000100000000)
  region size 1024K, 4 young (4096K), 4 survivors (4096K)
 Metaspace       used 40352K, committed 40704K, reserved 1089536K
  class space    used 5353K, committed 5504K, reserved 1048576K
}
Event: 3.584 GC heap before
{Heap before GC invocations=10 (full 0):
 garbage-first heap   total 68608K, used 54040K [0x0000000080000000, 0x0000000100000000)
  region size 1024K, 26 young (26624K), 4 survivors (4096K)
 Metaspace       used 42526K, committed 42880K, reserved 1089536K
  class space    used 5563K, committed 5696K, reserved 1048576K
}
Event: 3.588 GC heap after
{Heap after GC invocations=11 (full 0):
 garbage-first heap   total 82944K, used 30287K [0x0000000080000000, 0x0000000100000000)
  region size 1024K, 3 young (3072K), 3 survivors (3072K)
 Metaspace       used 42526K, committed 42880K, reserved 1089536K
  class space    used 5563K, committed 5696K, reserved 1048576K
}
Event: 3.966 GC heap before
{Heap before GC invocations=11 (full 0):
 garbage-first heap   total 82944K, used 62031K [0x0000000080000000, 0x0000000100000000)
  region size 1024K, 34 young (34816K), 3 survivors (3072K)
 Metaspace       used 45565K, committed 46016K, reserved 1089536K
  class space    used 6051K, committed 6272K, reserved 1048576K
}
Event: 3.970 GC heap after
{Heap after GC invocations=12 (full 0):
 garbage-first heap   total 82944K, used 33088K [0x0000000080000000, 0x0000000100000000)
  region size 1024K, 5 young (5120K), 5 survivors (5120K)
 Metaspace       used 45565K, committed 46016K, reserved 1089536K
  class space    used 6051K, committed 6272K, reserved 1048576K
}
Event: 4.371 GC heap before
{Heap before GC invocations=12 (full 0):
 garbage-first heap   total 82944K, used 62784K [0x0000000080000000, 0x0000000100000000)
  region size 1024K, 34 young (34816K), 5 survivors (5120K)
 Metaspace       used 49647K, committed 49984K, reserved 1097728K
  class space    used 6561K, committed 6720K, reserved 1048576K
}
Event: 4.377 GC heap after
{Heap after GC invocations=13 (full 0):
 garbage-first heap   total 82944K, used 34697K [0x0000000080000000, 0x0000000100000000)
  region size 1024K, 2 young (2048K), 2 survivors (2048K)
 Metaspace       used 49647K, committed 49984K, reserved 1097728K
  class space    used 6561K, committed 6720K, reserved 1048576K
}
Event: 4.906 GC heap before
{Heap before GC invocations=13 (full 0):
 garbage-first heap   total 82944K, used 63369K [0x0000000080000000, 0x0000000100000000)
  region size 1024K, 31 young (31744K), 2 survivors (2048K)
 Metaspace       used 51485K, committed 51904K, reserved 1097728K
  class space    used 6798K, committed 6976K, reserved 1048576K
}
Event: 4.909 GC heap after
{Heap after GC invocations=14 (full 0):
 garbage-first heap   total 82944K, used 37741K [0x0000000080000000, 0x0000000100000000)
  region size 1024K, 4 young (4096K), 4 survivors (4096K)
 Metaspace       used 51485K, committed 51904K, reserved 1097728K
  class space    used 6798K, committed 6976K, reserved 1048576K
}
Event: 5.147 GC heap before
{Heap before GC invocations=14 (full 0):
 garbage-first heap   total 82944K, used 54125K [0x0000000080000000, 0x0000000100000000)
  region size 1024K, 20 young (20480K), 4 survivors (4096K)
 Metaspace       used 51963K, committed 52416K, reserved 1097728K
  class space    used 6849K, committed 7040K, reserved 1048576K
}
Event: 5.151 GC heap after
{Heap after GC invocations=15 (full 0):
 garbage-first heap   total 82944K, used 45898K [0x0000000080000000, 0x0000000100000000)
  region size 1024K, 4 young (4096K), 4 survivors (4096K)
 Metaspace       used 51963K, committed 52416K, reserved 1097728K
  class space    used 6849K, committed 7040K, reserved 1048576K
}
Event: 5.355 GC heap before
{Heap before GC invocations=16 (full 0):
 garbage-first heap   total 83968K, used 62282K [0x0000000080000000, 0x0000000100000000)
  region size 1024K, 20 young (20480K), 4 survivors (4096K)
 Metaspace       used 53908K, committed 54400K, reserved 1097728K
  class space    used 7129K, committed 7360K, reserved 1048576K
}
Event: 5.357 GC heap after
{Heap after GC invocations=17 (full 0):
 garbage-first heap   total 83968K, used 47885K [0x0000000080000000, 0x0000000100000000)
  region size 1024K, 2 young (2048K), 2 survivors (2048K)
 Metaspace       used 53908K, committed 54400K, reserved 1097728K
  class space    used 7129K, committed 7360K, reserved 1048576K
}
Event: 5.565 GC heap before
{Heap before GC invocations=17 (full 0):
 garbage-first heap   total 83968K, used 63245K [0x0000000080000000, 0x0000000100000000)
  region size 1024K, 17 young (17408K), 2 survivors (2048K)
 Metaspace       used 56296K, committed 56768K, reserved 1097728K
  class space    used 7431K, committed 7616K, reserved 1048576K
}

Dll operation events (2 events):
Event: 0.005 Loaded shared library C:\Program Files\Android\Android Studio\jbr\bin\java.dll
Event: 0.315 Loaded shared library C:\Program Files\Android\Android Studio\jbr\bin\verify.dll

Deoptimization events (20 events):
Event: 5.433 Thread 0x000002472c37c0e0 Uncommon trap: trap_request=0xffffffde fr.pc=0x000002471b8e3f28 relative=0x00000000000008a8
Event: 5.433 Thread 0x000002472c37c0e0 Uncommon trap: reason=class_check action=maybe_recompile pc=0x000002471b8e3f28 method=java.io.BufferedInputStream.read1([BII)I @ 39 c2
Event: 5.433 Thread 0x000002472c37c0e0 DEOPT PACKING pc=0x000002471b8e3f28 sp=0x00000069e9bf6c60
Event: 5.433 Thread 0x000002472c37c0e0 DEOPT UNPACKING pc=0x000002471b1ea1a3 sp=0x00000069e9bf6b78 mode 2
Event: 5.433 Thread 0x000002472c37c0e0 Uncommon trap: trap_request=0xffffffde fr.pc=0x000002471b8e3f28 relative=0x00000000000008a8
Event: 5.433 Thread 0x000002472c37c0e0 Uncommon trap: reason=class_check action=maybe_recompile pc=0x000002471b8e3f28 method=java.io.BufferedInputStream.read1([BII)I @ 39 c2
Event: 5.433 Thread 0x000002472c37c0e0 DEOPT PACKING pc=0x000002471b8e3f28 sp=0x00000069e9bf6c60
Event: 5.433 Thread 0x000002472c37c0e0 DEOPT UNPACKING pc=0x000002471b1ea1a3 sp=0x00000069e9bf6b78 mode 2
Event: 5.433 Thread 0x000002472c37c0e0 Uncommon trap: trap_request=0xffffffde fr.pc=0x000002471b8e3f28 relative=0x00000000000008a8
Event: 5.433 Thread 0x000002472c37c0e0 Uncommon trap: reason=class_check action=maybe_recompile pc=0x000002471b8e3f28 method=java.io.BufferedInputStream.read1([BII)I @ 39 c2
Event: 5.433 Thread 0x000002472c37c0e0 DEOPT PACKING pc=0x000002471b8e3f28 sp=0x00000069e9bf6c60
Event: 5.433 Thread 0x000002472c37c0e0 DEOPT UNPACKING pc=0x000002471b1ea1a3 sp=0x00000069e9bf6b78 mode 2
Event: 5.447 Thread 0x000002472c37c0e0 Uncommon trap: trap_request=0xffffffde fr.pc=0x000002471b8e3f28 relative=0x00000000000008a8
Event: 5.447 Thread 0x000002472c37c0e0 Uncommon trap: reason=class_check action=maybe_recompile pc=0x000002471b8e3f28 method=java.io.BufferedInputStream.read1([BII)I @ 39 c2
Event: 5.447 Thread 0x000002472c37c0e0 DEOPT PACKING pc=0x000002471b8e3f28 sp=0x00000069e9bf76f0
Event: 5.447 Thread 0x000002472c37c0e0 DEOPT UNPACKING pc=0x000002471b1ea1a3 sp=0x00000069e9bf7608 mode 2
Event: 5.447 Thread 0x000002472c37c0e0 Uncommon trap: trap_request=0xffffffde fr.pc=0x000002471b8e7814 relative=0x00000000000001d4
Event: 5.447 Thread 0x000002472c37c0e0 Uncommon trap: reason=class_check action=maybe_recompile pc=0x000002471b8e7814 method=java.io.BufferedInputStream.read1([BII)I @ 39 c2
Event: 5.447 Thread 0x000002472c37c0e0 DEOPT PACKING pc=0x000002471b8e7814 sp=0x00000069e9bf7650
Event: 5.447 Thread 0x000002472c37c0e0 DEOPT UNPACKING pc=0x000002471b1ea1a3 sp=0x00000069e9bf75f8 mode 2

Classes unloaded (0 events):
No events

Classes redefined (0 events):
No events

Internal exceptions (20 events):
Event: 4.473 Thread 0x000002472c37c0e0 Exception <a 'java/lang/NoSuchMethodError'{0x0000000084f89168}: 'java.lang.Object java.lang.invoke.DirectMethodHandle$Holder.invokeStatic(java.lang.Object, java.lang.Object, java.lang.Object, java.lang.Object, java.lang.Object, java.lang.Object, java.lang.Object, java.lang.Object, java.lang.Object, java.lang.Object, java.lang.Object, java.lang.Object, java.lang.Object, java.lang.Object, java.lang.Object, java.lang.Object, java.lang.Object, java.lang.Object, java.lang.Object, java.lang.Object, java.lang.Obj
Event: 4.475 Thread 0x000002472c37c0e0 Exception <a 'java/lang/NoSuchMethodError'{0x0000000084fb6458}: 'java.lang.Object java.lang.invoke.DirectMethodHandle$Holder.invokeStatic(java.lang.Object, java.lang.Object, java.lang.Object, java.lang.Object, java.lang.Object, java.lang.Object, java.lang.Object, java.lang.Object, java.lang.Object, java.lang.Object, java.lang.Object, java.lang.Object, java.lang.Object, java.lang.Object, java.lang.Object, java.lang.Object, java.lang.Object, java.lang.Object, java.lang.Object, java.lang.Object, java.lang.Obj
Event: 4.476 Thread 0x000002472c37c0e0 Exception <a 'java/lang/NoSuchMethodError'{0x0000000084fe5000}: 'java.lang.Object java.lang.invoke.DirectMethodHandle$Holder.invokeStatic(java.lang.Object, java.lang.Object, java.lang.Object, java.lang.Object, java.lang.Object, java.lang.Object, java.lang.Object, java.lang.Object, java.lang.Object, java.lang.Object, java.lang.Object, java.lang.Object, java.lang.Object, java.lang.Object, java.lang.Object, java.lang.Object, java.lang.Object, java.lang.Object, java.lang.Object, java.lang.Object, java.lang.Obj
Event: 5.033 Thread 0x000002472c37c0e0 Exception <a 'java/lang/NoSuchMethodError'{0x0000000084d21c10}: 'long java.lang.invoke.DirectMethodHandle$Holder.invokeVirtual(java.lang.Object, java.lang.Object)'> (0x0000000084d21c10) 
thrown [s\src\hotspot\share\interpreter\linkResolver.cpp, line 771]
Event: 5.037 Thread 0x000002472c37a400 Exception <a 'java/lang/NoSuchMethodError'{0x0000000084d86640}: static Lorg/gradle/internal/build/event/types/DefaultOperationFinishedProgressEvent;.<clinit>()V> (0x0000000084d86640) 
thrown [s\src\hotspot\share\prims\jni.cpp, line 1108]
Event: 5.038 Thread 0x000002472c37a400 Exception <a 'java/lang/NoSuchMethodError'{0x0000000084dacc70}: static Lorg/gradle/internal/build/event/types/DefaultProjectConfigurationSuccessResult;.<clinit>()V> (0x0000000084dacc70) 
thrown [s\src\hotspot\share\prims\jni.cpp, line 1108]
Event: 5.038 Thread 0x000002472c37a400 Exception <a 'java/lang/NoSuchMethodError'{0x0000000084dadf88}: static Lorg/gradle/internal/build/event/types/AbstractProjectConfigurationResult;.<clinit>()V> (0x0000000084dadf88) 
thrown [s\src\hotspot\share\prims\jni.cpp, line 1108]
Event: 5.039 Thread 0x000002472c37a400 Exception <a 'java/lang/NoSuchMethodError'{0x0000000084daf410}: static Lorg/gradle/internal/build/event/types/AbstractOperationResult;.<clinit>()V> (0x0000000084daf410) 
thrown [s\src\hotspot\share\prims\jni.cpp, line 1108]
Event: 5.039 Thread 0x000002472c37a400 Exception <a 'java/lang/NoSuchMethodError'{0x0000000084db08c8}: static Lorg/gradle/internal/build/event/types/AbstractResult;.<clinit>()V> (0x0000000084db08c8) 
thrown [s\src\hotspot\share\prims\jni.cpp, line 1108]
Event: 5.040 Thread 0x000002472c37a400 Exception <a 'java/lang/NoSuchMethodError'{0x0000000084dc6e60}: static Lorg/gradle/internal/build/event/types/DefaultPluginApplicationResult;.<clinit>()V> (0x0000000084dc6e60) 
thrown [s\src\hotspot\share\prims\jni.cpp, line 1108]
Event: 5.040 Thread 0x000002472c37a400 Exception <a 'java/lang/NoSuchMethodError'{0x0000000084dd2908}: static Lorg/gradle/internal/build/event/types/DefaultBinaryPluginIdentifier;.<clinit>()V> (0x0000000084dd2908) 
thrown [s\src\hotspot\share\prims\jni.cpp, line 1108]
Event: 5.043 Thread 0x000002472c37a400 Exception <a 'java/lang/NoSuchMethodError'{0x0000000084de8ef0}: static Lorg/gradle/internal/build/event/types/DefaultScriptPluginIdentifier;.<clinit>()V> (0x0000000084de8ef0) 
thrown [s\src\hotspot\share\prims\jni.cpp, line 1108]
Event: 5.051 Thread 0x000002472c37c0e0 Exception <a 'java/lang/ClassNotFoundException'{0x0000000084746178}: build_5x2onvm486jzc837r9jo5qk3mBeanInfo> (0x0000000084746178) 
thrown [s\src\hotspot\share\classfile\systemDictionary.cpp, line 256]
Event: 5.051 Thread 0x000002472c37c0e0 Exception <a 'java/lang/ClassNotFoundException'{0x000000008474c9f8}: build_5x2onvm486jzc837r9jo5qk3mCustomizer> (0x000000008474c9f8) 
thrown [s\src\hotspot\share\classfile\systemDictionary.cpp, line 256]
Event: 5.197 Thread 0x000002472c37c0e0 Exception <a 'java/lang/ClassNotFoundException'{0x00000000854cd3f8}: org/gradle/api/internal/plugins/DefaultObjectConfigurationActionBeanInfo> (0x00000000854cd3f8) 
thrown [s\src\hotspot\share\classfile\systemDictionary.cpp, line 256]
Event: 5.197 Thread 0x000002472c37c0e0 Exception <a 'java/lang/ClassNotFoundException'{0x00000000854dff58}: org/gradle/api/internal/plugins/DefaultObjectConfigurationActionCustomizer> (0x00000000854dff58) 
thrown [s\src\hotspot\share\classfile\systemDictionary.cpp, line 256]
Event: 5.315 Thread 0x000002472c37c0e0 Exception <a 'java/lang/NoSuchMethodError'{0x0000000084591cb8}: 'java.lang.Object java.lang.invoke.DirectMethodHandle$Holder.newInvokeSpecial(java.lang.Object, java.lang.Object, java.lang.Object, java.lang.Object, int)'> (0x0000000084591cb8) 
thrown [s\src\hotspot\share\interpreter\linkResolver.cpp, line 771]
Event: 5.315 Thread 0x000002472c37c0e0 Exception <a 'java/lang/NoSuchMethodError'{0x0000000084596e58}: 'java.lang.Object java.lang.invoke.DirectMethodHandle$Holder.invokeSpecial(java.lang.Object, java.lang.Object, java.lang.Object, java.lang.Object, java.lang.Object, int)'> (0x0000000084596e58) 
thrown [s\src\hotspot\share\interpreter\linkResolver.cpp, line 771]
Event: 5.315 Thread 0x000002472c37c0e0 Exception <a 'java/lang/NoSuchMethodError'{0x000000008459b930}: 'java.lang.Object java.lang.invoke.Invokers$Holder.linkToTargetMethod(java.lang.Object, java.lang.Object, java.lang.Object, int, java.lang.Object)'> (0x000000008459b930) 
thrown [s\src\hotspot\share\interpreter\linkResolver.cpp, line 771]
Event: 5.487 Thread 0x000002472c37c0e0 Exception <a 'java/lang/NoSuchMethodError'{0x00000000848ac538}: 'int java.lang.invoke.DirectMethodHandle$Holder.invokeInterface(java.lang.Object, java.lang.Object, java.lang.Object, java.lang.Object)'> (0x00000000848ac538) 
thrown [s\src\hotspot\share\interpreter\linkResolver.cpp, line 771]

VM Operations (20 events):
Event: 4.766 Executing VM operation: HandshakeAllThreads done
Event: 4.767 Executing VM operation: ICBufferFull
Event: 4.767 Executing VM operation: ICBufferFull done
Event: 4.906 Executing VM operation: G1CollectForAllocation
Event: 4.909 Executing VM operation: G1CollectForAllocation done
Event: 5.034 Executing VM operation: HandshakeAllThreads
Event: 5.034 Executing VM operation: HandshakeAllThreads done
Event: 5.147 Executing VM operation: G1TryInitiateConcMark
Event: 5.151 Executing VM operation: G1TryInitiateConcMark done
Event: 5.179 Executing VM operation: G1Concurrent
Event: 5.181 Executing VM operation: G1Concurrent done
Event: 5.192 Executing VM operation: G1Concurrent
Event: 5.192 Executing VM operation: G1Concurrent done
Event: 5.355 Executing VM operation: G1CollectForAllocation
Event: 5.358 Executing VM operation: G1CollectForAllocation done
Event: 5.477 Executing VM operation: HandshakeAllThreads
Event: 5.477 Executing VM operation: HandshakeAllThreads done
Event: 5.486 Executing VM operation: HandshakeAllThreads
Event: 5.486 Executing VM operation: HandshakeAllThreads done
Event: 5.565 Executing VM operation: G1CollectForAllocation

Events (20 events):
Event: 5.334 loading class sun/reflect/ReflectionFactory done
Event: 5.334 loading class sun/reflect/ReflectionFactory$1
Event: 5.334 loading class sun/reflect/ReflectionFactory$1 done
Event: 5.380 loading class java/nio/channels/Channels
Event: 5.380 loading class java/nio/channels/Channels done
Event: 5.380 loading class sun/nio/ch/ChannelInputStream
Event: 5.381 loading class sun/nio/ch/ChannelInputStream done
Event: 5.411 loading class java/util/concurrent/atomic/AtomicIntegerArray
Event: 5.412 loading class java/util/concurrent/atomic/AtomicIntegerArray done
Event: 5.413 loading class java/util/Currency
Event: 5.414 loading class java/util/Currency done
Event: 5.424 loading class java/util/concurrent/atomic/AtomicLongArray
Event: 5.424 loading class java/util/concurrent/atomic/AtomicLongArray done
Event: 5.446 loading class java/util/concurrent/atomic/AtomicReferenceFieldUpdater
Event: 5.446 loading class java/util/concurrent/atomic/AtomicReferenceFieldUpdater done
Event: 5.446 loading class java/util/concurrent/atomic/AtomicReferenceFieldUpdater$AtomicReferenceFieldUpdaterImpl
Event: 5.446 loading class java/util/concurrent/atomic/AtomicReferenceFieldUpdater$AtomicReferenceFieldUpdaterImpl done
Event: 5.446 loading class java/util/concurrent/atomic/AtomicReferenceFieldUpdater$AtomicReferenceFieldUpdaterImpl$1
Event: 5.446 loading class java/util/concurrent/atomic/AtomicReferenceFieldUpdater$AtomicReferenceFieldUpdaterImpl$1 done
Event: 5.533 Thread 0x00000247303b9ff0 Thread added: 0x00000247303b9ff0


Dynamic libraries:
0x00007ff6174a0000 - 0x00007ff6174aa000 	C:\Program Files\Android\Android Studio\jbr\bin\java.exe
0x00007ffd405d0000 - 0x00007ffd407c7000 	C:\WINDOWS\SYSTEM32\ntdll.dll
0x00007ffd3e8f0000 - 0x00007ffd3e9ad000 	C:\WINDOWS\System32\KERNEL32.DLL
0x00007ffd3dfd0000 - 0x00007ffd3e2c6000 	C:\WINDOWS\System32\KERNELBASE.dll
0x00007ffd3dde0000 - 0x00007ffd3dee0000 	C:\WINDOWS\System32\ucrtbase.dll
0x00007ffd38570000 - 0x00007ffd3858b000 	C:\Program Files\Android\Android Studio\jbr\bin\VCRUNTIME140.dll
0x00007ffd38ea0000 - 0x00007ffd38eb7000 	C:\Program Files\Android\Android Studio\jbr\bin\jli.dll
0x00007ffd3f0e0000 - 0x00007ffd3f27e000 	C:\WINDOWS\System32\USER32.dll
0x00007ffd3dfa0000 - 0x00007ffd3dfc2000 	C:\WINDOWS\System32\win32u.dll
0x00007ffd40560000 - 0x00007ffd4058c000 	C:\WINDOWS\System32\GDI32.dll
0x00007ffd3e430000 - 0x00007ffd3e54a000 	C:\WINDOWS\System32\gdi32full.dll
0x00007ffd3dcb0000 - 0x00007ffd3dd4d000 	C:\WINDOWS\System32\msvcp_win.dll
0x00007ffd140d0000 - 0x00007ffd1436a000 	C:\WINDOWS\WinSxS\amd64_microsoft.windows.common-controls_6595b64144ccf1df_6.0.19041.3570_none_60bb2a3971f3e41a\COMCTL32.dll
0x00007ffd3e7a0000 - 0x00007ffd3e83e000 	C:\WINDOWS\System32\msvcrt.dll
0x00007ffd3f3e0000 - 0x00007ffd3f410000 	C:\WINDOWS\System32\IMM32.DLL
0x00007ffd3a7e0000 - 0x00007ffd3a7ec000 	C:\Program Files\Android\Android Studio\jbr\bin\vcruntime140_1.dll
0x00007ffd1ff20000 - 0x00007ffd1ffad000 	C:\Program Files\Android\Android Studio\jbr\bin\msvcp140.dll
0x00007ffcc58e0000 - 0x00007ffcc654d000 	C:\Program Files\Android\Android Studio\jbr\bin\server\jvm.dll
0x00007ffd3e840000 - 0x00007ffd3e8ee000 	C:\WINDOWS\System32\ADVAPI32.dll
0x00007ffd3e690000 - 0x00007ffd3e72c000 	C:\WINDOWS\System32\sechost.dll
0x00007ffd3f8c0000 - 0x00007ffd3f9e6000 	C:\WINDOWS\System32\RPCRT4.dll
0x00007ffd1ad00000 - 0x00007ffd1ad27000 	C:\WINDOWS\SYSTEM32\WINMM.dll
0x00007ffd1a570000 - 0x00007ffd1a579000 	C:\WINDOWS\SYSTEM32\WSOCK32.dll
0x00007ffd344a0000 - 0x00007ffd344aa000 	C:\WINDOWS\SYSTEM32\VERSION.dll
0x00007ffd3f770000 - 0x00007ffd3f7db000 	C:\WINDOWS\System32\WS2_32.dll
0x00007ffd3c4e0000 - 0x00007ffd3c4f2000 	C:\WINDOWS\SYSTEM32\kernel.appcore.dll
0x00007ffd1f4e0000 - 0x00007ffd1f4ea000 	C:\Program Files\Android\Android Studio\jbr\bin\jimage.dll
0x00007ffd3ba50000 - 0x00007ffd3bc34000 	C:\WINDOWS\SYSTEM32\DBGHELP.DLL
0x00007ffd333a0000 - 0x00007ffd333d4000 	C:\WINDOWS\SYSTEM32\dbgcore.DLL
0x00007ffd3dd50000 - 0x00007ffd3ddd2000 	C:\WINDOWS\System32\bcryptPrimitives.dll
0x00007ffd1f4b0000 - 0x00007ffd1f4d5000 	C:\Program Files\Android\Android Studio\jbr\bin\java.dll
0x00007ffd1f490000 - 0x00007ffd1f4a8000 	C:\Program Files\Android\Android Studio\jbr\bin\zip.dll
0x00007ffd3f9f0000 - 0x00007ffd40134000 	C:\WINDOWS\System32\SHELL32.dll
0x00007ffd3bd30000 - 0x00007ffd3c4cb000 	C:\WINDOWS\SYSTEM32\windows.storage.dll
0x00007ffd3f410000 - 0x00007ffd3f764000 	C:\WINDOWS\System32\combase.dll
0x00007ffd3d6f0000 - 0x00007ffd3d71d000 	C:\WINDOWS\SYSTEM32\Wldp.dll
0x00007ffd3ebb0000 - 0x00007ffd3ec5d000 	C:\WINDOWS\System32\SHCORE.dll
0x00007ffd3f860000 - 0x00007ffd3f8b5000 	C:\WINDOWS\System32\shlwapi.dll
0x00007ffd3dbe0000 - 0x00007ffd3dc05000 	C:\WINDOWS\SYSTEM32\profapi.dll
0x00007ffd0f930000 - 0x00007ffd0f949000 	C:\Program Files\Android\Android Studio\jbr\bin\net.dll
0x00007ffd2e290000 - 0x00007ffd2e39a000 	C:\WINDOWS\SYSTEM32\WINHTTP.dll
0x00007ffd3d450000 - 0x00007ffd3d4ba000 	C:\WINDOWS\system32\mswsock.dll
0x00007ffd0f910000 - 0x00007ffd0f926000 	C:\Program Files\Android\Android Studio\jbr\bin\nio.dll
0x00007ffd10660000 - 0x00007ffd10670000 	C:\Program Files\Android\Android Studio\jbr\bin\verify.dll
0x00007ffd11490000 - 0x00007ffd114b7000 	C:\Users\vkhan\.gradle\native\68d5fa5c4cc2d200863cafc0d521ce42e7d3e7ee720ec0a83991735586a16f82\windows-amd64\native-platform.dll
0x00007ffd093a0000 - 0x00007ffd094e4000 	C:\Users\vkhan\.gradle\native\e376f236ea51e6404a007f0833ffe2c6e607c4080706a723a18a27aeea778392\windows-amd64\native-platform-file-events.dll
0x00007ffd1f480000 - 0x00007ffd1f489000 	C:\Program Files\Android\Android Studio\jbr\bin\management.dll
0x00007ffd106b0000 - 0x00007ffd106bb000 	C:\Program Files\Android\Android Studio\jbr\bin\management_ext.dll
0x00007ffd3e790000 - 0x00007ffd3e798000 	C:\WINDOWS\System32\PSAPI.DLL
0x00007ffd3d650000 - 0x00007ffd3d668000 	C:\WINDOWS\SYSTEM32\CRYPTSP.dll
0x00007ffd3ccf0000 - 0x00007ffd3cd24000 	C:\WINDOWS\system32\rsaenh.dll
0x00007ffd3e550000 - 0x00007ffd3e577000 	C:\WINDOWS\System32\bcrypt.dll
0x00007ffd3dba0000 - 0x00007ffd3dbce000 	C:\WINDOWS\SYSTEM32\USERENV.dll
0x00007ffd3d640000 - 0x00007ffd3d64c000 	C:\WINDOWS\SYSTEM32\CRYPTBASE.dll
0x00007ffd3d0f0000 - 0x00007ffd3d12b000 	C:\WINDOWS\SYSTEM32\IPHLPAPI.DLL
0x00007ffd403c0000 - 0x00007ffd403c8000 	C:\WINDOWS\System32\NSI.dll
0x00007ffd335a0000 - 0x00007ffd335b7000 	C:\WINDOWS\SYSTEM32\dhcpcsvc6.DLL
0x00007ffd33380000 - 0x00007ffd3339d000 	C:\WINDOWS\SYSTEM32\dhcpcsvc.DLL
0x00007ffd3d140000 - 0x00007ffd3d20a000 	C:\WINDOWS\SYSTEM32\DNSAPI.dll
0x00007ffd103a0000 - 0x00007ffd103a7000 	C:\WINDOWS\system32\wshunix.dll

dbghelp: loaded successfully - version: 4.0.5 - missing functions: none
symbol engine: initialized successfully - sym options: 0x614 - pdb path: .;C:\Program Files\Android\Android Studio\jbr\bin;C:\WINDOWS\SYSTEM32;C:\WINDOWS\WinSxS\amd64_microsoft.windows.common-controls_6595b64144ccf1df_6.0.19041.3570_none_60bb2a3971f3e41a;C:\Program Files\Android\Android Studio\jbr\bin\server;C:\Users\vkhan\.gradle\native\68d5fa5c4cc2d200863cafc0d521ce42e7d3e7ee720ec0a83991735586a16f82\windows-amd64;C:\Users\vkhan\.gradle\native\e376f236ea51e6404a007f0833ffe2c6e607c4080706a723a18a27aeea778392\windows-amd64

VM Arguments:
jvm_args: --add-opens=java.base/java.util=ALL-UNNAMED --add-opens=java.base/java.lang=ALL-UNNAMED --add-opens=java.base/java.lang.invoke=ALL-UNNAMED --add-opens=java.prefs/java.util.prefs=ALL-UNNAMED --add-opens=java.base/java.nio.charset=ALL-UNNAMED --add-opens=java.base/java.net=ALL-UNNAMED --add-opens=java.base/java.util.concurrent.atomic=ALL-UNNAMED -Xmx2048m -Dfile.encoding=UTF-8 -Duser.country=US -Duser.language=en -Duser.variant 
java_command: org.gradle.launcher.daemon.bootstrap.GradleDaemon 8.0
java_class_path (initial): C:\Users\vkhan\.gradle\wrapper\dists\gradle-8.0-bin\ca5e32bp14vu59qr306oxotwh\gradle-8.0\lib\gradle-launcher-8.0.jar
Launcher Type: SUN_STANDARD

[Global flags]
     intx CICompilerCount                          = 4                                         {product} {ergonomic}
     uint ConcGCThreads                            = 2                                         {product} {ergonomic}
     uint G1ConcRefinementThreads                  = 8                                         {product} {ergonomic}
   size_t G1HeapRegionSize                         = 1048576                                   {product} {ergonomic}
    uintx GCDrainStackTargetSize                   = 64                                        {product} {ergonomic}
   size_t InitialHeapSize                          = 132120576                                 {product} {ergonomic}
   size_t MarkStackSize                            = 4194304                                   {product} {ergonomic}
   size_t MaxHeapSize                              = 2147483648                                {product} {command line}
   size_t MaxNewSize                               = 1287651328                                {product} {ergonomic}
   size_t MinHeapDeltaBytes                        = 1048576                                   {product} {ergonomic}
   size_t MinHeapSize                              = 8388608                                   {product} {ergonomic}
    uintx NonNMethodCodeHeapSize                   = 5839372                                {pd product} {ergonomic}
    uintx NonProfiledCodeHeapSize                  = 122909434                              {pd product} {ergonomic}
    uintx ProfiledCodeHeapSize                     = 122909434                              {pd product} {ergonomic}
    uintx ReservedCodeCacheSize                    = 251658240                              {pd product} {ergonomic}
     bool SegmentedCodeCache                       = true                                      {product} {ergonomic}
   size_t SoftMaxHeapSize                          = 2147483648                             {manageable} {ergonomic}
     bool UseCompressedClassPointers               = true                           {product lp64_product} {ergonomic}
     bool UseCompressedOops                        = true                           {product lp64_product} {ergonomic}
     bool UseG1GC                                  = true                                      {product} {ergonomic}
     bool UseLargePagesIndividualAllocation        = false                                  {pd product} {ergonomic}

Logging:
Log output configuration:
 #0: stdout all=warning uptime,level,tags
 #1: stderr all=off uptime,level,tags

Environment Variables:
PATH=C:\Program Files\Common Files\Oracle\Java\javapath;C:\Program Files (x86)\Common Files\Oracle\Java\javapath;C:\WINDOWS\system32;C:\WINDOWS;C:\WINDOWS\System32\Wbem;C:\WINDOWS\System32\WindowsPowerShell\v1.0\;C:\WINDOWS\System32\OpenSSH\;C:\Program Files\Microsoft SQL Server\Client SDK\ODBC\170\Tools\Binn\;C:\Program Files (x86)\Microsoft SQL Server\150\Tools\Binn\;C:\Program Files\Microsoft SQL Server\150\Tools\Binn\;C:\Program Files\Microsoft SQL Server\150\DTS\Binn\;C:\Program Files (x86)\Microsoft SQL Server\160\DTS\Binn\;C:\Program Files\Azure Data Studio\bin;C:\Program Files\Git\cmd;C:\Program Files\nodejs\;C:\Users\vkhan\AppData\Local\Programs\Python\Python311\Scripts\;C:\Users\vkhan\AppData\Local\Programs\Python\Python311\;C:\Users\vkhan\AppData\Local\Microsoft\WindowsApps;C:\Users\vkhan\AppData\Local\Programs\Microsoft VS Code\bin;C:\Program Files\Azure Data Studio\bin;C:\Users\vkhan\AppData\Roaming\npm;C:\Program Files\nodejs;
USERNAME=Admin
OS=Windows_NT
PROCESSOR_IDENTIFIER=Intel64 Family 6 Model 126 Stepping 5, GenuineIntel
TMP=C:\Users\vkhan\AppData\Local\Temp
TEMP=C:\Users\vkhan\AppData\Local\Temp



---------------  S Y S T E M  ---------------

OS:
 Windows 10 , 64 bit Build 19041 (10.0.19041.3570)
OS uptime: 5 days 20:03 hours

CPU: total 8 (initial active 8) (4 cores per cpu, 2 threads per core) family 6 model 126 stepping 5 microcode 0xbc, cx8, cmov, fxsr, ht, mmx, 3dnowpref, sse, sse2, sse3, ssse3, sse4.1, sse4.2, popcnt, lzcnt, tsc, tscinvbit, avx, avx2, aes, erms, clmul, bmi1, bmi2, adx, avx512f, avx512dq, avx512cd, avx512bw, avx512vl, sha, fma, vzeroupper, avx512_vpopcntdq, avx512_vpclmulqdq, avx512_vaes, avx512_vnni, clflush, clflushopt, avx512_vbmi2, avx512_vbmi

Memory: 4k page, system-wide physical 7959M (215M free)
TotalPageFile size 20759M (AvailPageFile size 5M)
current process WorkingSet (physical memory assigned to process): 241M, peak: 241M
current process commit charge ("private bytes"): 284M, peak: 297M

vm_info: OpenJDK 64-Bit Server VM (17.0.6+0-b2043.56-9586694) for windows-amd64 JRE (17.0.6+0-b2043.56-9586694), built on Feb  9 2023 20:06:20 by "androidbuild" with MS VC++ 16.10 / 16.11 (VS2019)

END.
