#
# There is insufficient memory for the Java Runtime Environment to continue.
# Native memory allocation (malloc) failed to allocate 2416656 bytes for Chunk::new
# Possible reasons:
#   The system is out of physical RAM or swap space
#   The process is running with CompressedOops enabled, and the Java Heap may be blocking the growth of the native heap
# Possible solutions:
#   Reduce memory load on the system
#   Increase physical memory or swap space
#   Check if swap backing store is full
#   Decrease Java heap size (-Xmx/-Xms)
#   Decrease number of Java threads
#   Decrease Java thread stack sizes (-Xss)
#   Set larger code cache with -XX:ReservedCodeCacheSize=
#   JVM is running with Unscaled Compressed Oops mode in which the Java heap is
#     placed in the first 4GB address space. The Java Heap base address is the
#     maximum limit for the native heap growth. Please use -XX:HeapBaseMinAddress
#     to set the Java Heap base and to place the Java Heap above 4GB virtual address.
# This output file may be truncated or incomplete.
#
#  Out of Memory Error (arena.cpp:189), pid=19076, tid=21660
#
# JRE version: OpenJDK Runtime Environment (17.0.6) (build 17.0.6+0-b2043.56-9586694)
# Java VM: OpenJDK 64-Bit Server VM (17.0.6+0-b2043.56-9586694, mixed mode, tiered, compressed oops, compressed class ptrs, g1 gc, windows-amd64)
# No core dump will be written. Minidumps are not enabled by default on client versions of Windows
#

---------------  S U M M A R Y ------------

Command Line: --add-opens=java.base/java.util=ALL-UNNAMED --add-opens=java.base/java.lang=ALL-UNNAMED --add-opens=java.base/java.lang.invoke=ALL-UNNAMED --add-opens=java.prefs/java.util.prefs=ALL-UNNAMED --add-opens=java.base/java.nio.charset=ALL-UNNAMED --add-opens=java.base/java.net=ALL-UNNAMED --add-opens=java.base/java.util.concurrent.atomic=ALL-UNNAMED -Xmx2048m -Dfile.encoding=UTF-8 -Duser.country=US -Duser.language=en -Duser.variant org.gradle.launcher.daemon.bootstrap.GradleDaemon 8.0

Host: Intel(R) Core(TM) i5-1035G1 CPU @ 1.00GHz, 8 cores, 7G,  Windows 10 , 64 bit Build 19041 (10.0.19041.3570)
Time: Sun Nov 12 14:45:44 2023 SE Asia Standard Time elapsed time: 11.773461 seconds (0d 0h 0m 11s)

---------------  T H R E A D  ---------------

Current thread (0x00000205b982a5b0):  JavaThread "C2 CompilerThread0" daemon [_thread_in_native, id=21660, stack(0x0000002de3e00000,0x0000002de3f00000)]


Current CompileTask:
C2:  11773 8316       4       org.gradle.internal.instantiation.generator.AbstractClassGenerator::inspectType (560 bytes)

Stack: [0x0000002de3e00000,0x0000002de3f00000]
Native frames: (J=compiled Java code, j=interpreted, Vv=VM code, C=native code)
V  [jvm.dll+0x683b4a]
V  [jvm.dll+0x842654]
V  [jvm.dll+0x843dfe]
V  [jvm.dll+0x844463]
V  [jvm.dll+0x249b75]
V  [jvm.dll+0xabcac]
V  [jvm.dll+0xac27c]
V  [jvm.dll+0x368802]
V  [jvm.dll+0x332f31]
V  [jvm.dll+0x3323da]
V  [jvm.dll+0x21c201]
V  [jvm.dll+0x21b621]
V  [jvm.dll+0x1a4fdd]
V  [jvm.dll+0x22b098]
V  [jvm.dll+0x229159]
V  [jvm.dll+0x7f809c]
V  [jvm.dll+0x7f25fa]
V  [jvm.dll+0x682985]
C  [ucrtbase.dll+0x21bb2]
C  [KERNEL32.DLL+0x17344]
C  [ntdll.dll+0x526b1]


---------------  P R O C E S S  ---------------

Threads class SMR info:
_java_thread_list=0x00000205bf744df0, length=126, elements={
0x000002059edd87e0, 0x00000205b8c66260, 0x00000205b9800370, 0x00000205b9820420,
0x00000205b9820ee0, 0x00000205b9825fd0, 0x00000205b9826980, 0x00000205b982a5b0,
0x00000205b982b050, 0x00000205b982be50, 0x00000205b99c43e0, 0x00000205b99dabf0,
0x00000205ba963860, 0x00000205ba963d30, 0x00000205ba964200, 0x00000205ba9646d0,
0x00000205ba966880, 0x00000205ba964ba0, 0x00000205ba965070, 0x00000205ba9663b0,
0x00000205ba962ec0, 0x00000205ba963390, 0x00000205ba965a10, 0x00000205ba965ee0,
0x00000205ba965540, 0x00000205bb29e0a0, 0x00000205bb2a2400, 0x00000205bb2a1f30,
0x00000205bb29d700, 0x00000205bb29e570, 0x00000205bb29ea40, 0x00000205bb29ef10,
0x00000205bb29c890, 0x00000205bb2a28d0, 0x00000205bb29ba20, 0x00000205bb29f8b0,
0x00000205bb29bef0, 0x00000205bb29fd80, 0x00000205bb2a0720, 0x00000205bb2a0bf0,
0x00000205bb2a10c0, 0x00000205bb2a1590, 0x00000205bb29d230, 0x00000205bb29b550,
0x00000205bb29dbd0, 0x00000205bb2a1a60, 0x00000205bb29cd60, 0x00000205bc204f20,
0x00000205bc204a50, 0x00000205bc204580, 0x00000205bc2053f0, 0x00000205bc2058c0,
0x00000205bc206260, 0x00000205bc208410, 0x00000205bc2088e0, 0x00000205bc20af60,
0x00000205bc207a70, 0x00000205bc2070d0, 0x00000205bc205d90, 0x00000205bc206730,
0x00000205bc209750, 0x00000205bc206c00, 0x00000205bc2040b0, 0x00000205bc20a0f0,
0x00000205bc20b430, 0x00000205bc2075a0, 0x00000205bc207f40, 0x00000205bc208db0,
0x00000205bc209280, 0x00000205bc209c20, 0x00000205bc20a5c0, 0x00000205bc20aa90,
0x00000205bc203be0, 0x00000205ba4e7320, 0x00000205ba4eace0, 0x00000205ba4e77f0,
0x00000205ba4e5fe0, 0x00000205ba4e8660, 0x00000205ba4e8b30, 0x00000205ba4e9000,
0x00000205ba4eb1b0, 0x00000205ba4e64b0, 0x00000205ba4e94d0, 0x00000205ba4e7cc0,
0x00000205ba4eb680, 0x00000205ba4ebb50, 0x00000205ba4e4ca0, 0x00000205ba4e5170,
0x00000205ba4e99a0, 0x00000205ba4e6980, 0x00000205ba4ec020, 0x00000205ba4e5640,
0x00000205ba4ea340, 0x00000205ba4e47d0, 0x00000205ba4e5b10, 0x00000205ba4e8190,
0x00000205ba4e9e70, 0x00000205ba4e6e50, 0x00000205ba4ea810, 0x00000205ba9692d0,
0x00000205ba96d160, 0x00000205ba96b480, 0x00000205ba96d630, 0x00000205ba96c7c0,
0x00000205ba9697a0, 0x00000205ba96f310, 0x00000205ba96e4a0, 0x00000205ba96b950,
0x00000205ba96db00, 0x00000205ba96aae0, 0x00000205ba970b20, 0x00000205ba969c70,
0x00000205ba96dfd0, 0x00000205ba96a140, 0x00000205ba96a610, 0x00000205ba96e970,
0x00000205ba96be20, 0x00000205ba96ee40, 0x00000205ba96f7e0, 0x00000205ba96fcb0,
0x00000205ba96cc90, 0x00000205ba96afb0, 0x00000205ba970180, 0x00000205ba970650,
0x00000205bce47500, 0x00000205bf63da30
}

Java Threads: ( => current thread )
  0x000002059edd87e0 JavaThread "main" [_thread_blocked, id=10232, stack(0x0000002de3100000,0x0000002de3200000)]
  0x00000205b8c66260 JavaThread "Reference Handler" daemon [_thread_blocked, id=14244, stack(0x0000002de3800000,0x0000002de3900000)]
  0x00000205b9800370 JavaThread "Finalizer" daemon [_thread_blocked, id=2676, stack(0x0000002de3900000,0x0000002de3a00000)]
  0x00000205b9820420 JavaThread "Signal Dispatcher" daemon [_thread_blocked, id=8124, stack(0x0000002de3a00000,0x0000002de3b00000)]
  0x00000205b9820ee0 JavaThread "Attach Listener" daemon [_thread_blocked, id=18220, stack(0x0000002de3b00000,0x0000002de3c00000)]
  0x00000205b9825fd0 JavaThread "Service Thread" daemon [_thread_blocked, id=2756, stack(0x0000002de3c00000,0x0000002de3d00000)]
  0x00000205b9826980 JavaThread "Monitor Deflation Thread" daemon [_thread_blocked, id=16356, stack(0x0000002de3d00000,0x0000002de3e00000)]
=>0x00000205b982a5b0 JavaThread "C2 CompilerThread0" daemon [_thread_in_native, id=21660, stack(0x0000002de3e00000,0x0000002de3f00000)]
  0x00000205b982b050 JavaThread "C1 CompilerThread0" daemon [_thread_in_native, id=18604, stack(0x0000002de3f00000,0x0000002de4000000)]
  0x00000205b982be50 JavaThread "Sweeper thread" daemon [_thread_blocked, id=18060, stack(0x0000002de4000000,0x0000002de4100000)]
  0x00000205b99c43e0 JavaThread "Common-Cleaner" daemon [_thread_blocked, id=5168, stack(0x0000002de4100000,0x0000002de4200000)]
  0x00000205b99dabf0 JavaThread "Notification Thread" daemon [_thread_blocked, id=6084, stack(0x0000002de4200000,0x0000002de4300000)]
  0x00000205ba963860 JavaThread "Daemon health stats" [_thread_blocked, id=22464, stack(0x0000002de4900000,0x0000002de4a00000)]
  0x00000205ba963d30 JavaThread "Incoming local TCP Connector on port 62423" [_thread_in_native, id=18116, stack(0x0000002de4a00000,0x0000002de4b00000)]
  0x00000205ba964200 JavaThread "Daemon periodic checks" [_thread_blocked, id=12724, stack(0x0000002de4b00000,0x0000002de4c00000)]
  0x00000205ba9646d0 JavaThread "Daemon" [_thread_blocked, id=2852, stack(0x0000002de4c00000,0x0000002de4d00000)]
  0x00000205ba966880 JavaThread "Handler for socket connection from /127.0.0.1:62423 to /127.0.0.1:62424" [_thread_in_native, id=11936, stack(0x0000002de4d00000,0x0000002de4e00000)]
  0x00000205ba964ba0 JavaThread "Cancel handler" [_thread_blocked, id=17936, stack(0x0000002de4e00000,0x0000002de4f00000)]
  0x00000205ba965070 JavaThread "Daemon worker" [_thread_in_Java, id=11000, stack(0x0000002de4f00000,0x0000002de5000000)]
  0x00000205ba9663b0 JavaThread "Asynchronous log dispatcher for DefaultDaemonConnection: socket connection from /127.0.0.1:62423 to /127.0.0.1:62424" [_thread_blocked, id=9500, stack(0x0000002de5000000,0x0000002de5100000)]
  0x00000205ba962ec0 JavaThread "Stdin handler" [_thread_blocked, id=11632, stack(0x0000002de5100000,0x0000002de5200000)]
  0x00000205ba963390 JavaThread "Daemon client event forwarder" [_thread_blocked, id=1940, stack(0x0000002de5200000,0x0000002de5300000)]
  0x00000205ba965a10 JavaThread "Cache worker for journal cache (C:\Users\vkhan\.gradle\caches\journal-1)" [_thread_blocked, id=10328, stack(0x0000002de5700000,0x0000002de5800000)]
  0x00000205ba965ee0 JavaThread "File lock request listener" [_thread_in_native, id=16576, stack(0x0000002de5800000,0x0000002de5900000)]
  0x00000205ba965540 JavaThread "Cache worker for file hash cache (C:\Users\vkhan\.gradle\caches\8.0\fileHashes)" [_thread_blocked, id=18400, stack(0x0000002de5900000,0x0000002de5a00000)]
  0x00000205bb29e0a0 JavaThread "File watcher server" daemon [_thread_in_native, id=11816, stack(0x0000002de5a00000,0x0000002de5b00000)]
  0x00000205bb2a2400 JavaThread "File watcher consumer" daemon [_thread_blocked, id=4436, stack(0x0000002de5b00000,0x0000002de5c00000)]
  0x00000205bb2a1f30 JavaThread "Cache worker for checksums cache (D:\LUANVAN\LV_QuanLiQuanAn\QuanLyQuanAn0609\.gradle\8.0\checksums)" [_thread_blocked, id=21932, stack(0x0000002de5c00000,0x0000002de5d00000)]
  0x00000205bb29d700 JavaThread "Cache worker for cache directory md-rule (C:\Users\vkhan\.gradle\caches\8.0\md-rule)" [_thread_blocked, id=16104, stack(0x0000002de5d00000,0x0000002de5e00000)]
  0x00000205bb29e570 JavaThread "Cache worker for file content cache (C:\Users\vkhan\.gradle\caches\8.0\fileContent)" [_thread_blocked, id=11064, stack(0x0000002de5e00000,0x0000002de5f00000)]
  0x00000205bb29ea40 JavaThread "Cache worker for file hash cache (D:\LUANVAN\LV_QuanLiQuanAn\QuanLyQuanAn0609\.gradle\8.0\fileHashes)" [_thread_blocked, id=14192, stack(0x0000002de5f00000,0x0000002de6000000)]
  0x00000205bb29ef10 JavaThread "Cache worker for cache directory md-supplier (C:\Users\vkhan\.gradle\caches\8.0\md-supplier)" [_thread_blocked, id=22404, stack(0x0000002de6000000,0x0000002de6100000)]
  0x00000205bb29c890 JavaThread "Cache worker for execution history cache (C:\Users\vkhan\.gradle\caches\8.0\executionHistory)" [_thread_blocked, id=20376, stack(0x0000002de6100000,0x0000002de6200000)]
  0x00000205bb2a28d0 JavaThread "jar transforms" [_thread_blocked, id=7004, stack(0x0000002de6200000,0x0000002de6300000)]
  0x00000205bb29ba20 JavaThread "jar transforms Thread 2" [_thread_blocked, id=20448, stack(0x0000002de6300000,0x0000002de6400000)]
  0x00000205bb29f8b0 JavaThread "jar transforms Thread 3" [_thread_blocked, id=18976, stack(0x0000002de6400000,0x0000002de6500000)]
  0x00000205bb29bef0 JavaThread "jar transforms Thread 4" [_thread_blocked, id=20392, stack(0x0000002de6500000,0x0000002de6600000)]
  0x00000205bb29fd80 JavaThread "Cache worker for dependencies-accessors (D:\LUANVAN\LV_QuanLiQuanAn\QuanLyQuanAn0609\.gradle\8.0\dependencies-accessors)" [_thread_blocked, id=16472, stack(0x0000002de6600000,0x0000002de6700000)]
  0x00000205bb2a0720 JavaThread "jar transforms Thread 5" [_thread_blocked, id=10008, stack(0x0000002de6700000,0x0000002de6800000)]
  0x00000205bb2a0bf0 JavaThread "Cache worker for Build Output Cleanup Cache (D:\LUANVAN\LV_QuanLiQuanAn\QuanLyQuanAn0609\.gradle\buildOutputCleanup)" [_thread_blocked, id=3136, stack(0x0000002de6800000,0x0000002de6900000)]
  0x00000205bb2a10c0 JavaThread "Unconstrained build operations" [_thread_blocked, id=14456, stack(0x0000002de6900000,0x0000002de6a00000)]
  0x00000205bb2a1590 JavaThread "Unconstrained build operations Thread 2" [_thread_blocked, id=14996, stack(0x0000002de6a00000,0x0000002de6b00000)]
  0x00000205bb29d230 JavaThread "Unconstrained build operations Thread 3" [_thread_blocked, id=8844, stack(0x0000002de6b00000,0x0000002de6c00000)]
  0x00000205bb29b550 JavaThread "Unconstrained build operations Thread 4" [_thread_blocked, id=22184, stack(0x0000002de6c00000,0x0000002de6d00000)]
  0x00000205bb29dbd0 JavaThread "Unconstrained build operations Thread 5" [_thread_blocked, id=14852, stack(0x0000002de6d00000,0x0000002de6e00000)]
  0x00000205bb2a1a60 JavaThread "Unconstrained build operations Thread 6" [_thread_blocked, id=16756, stack(0x0000002de6e00000,0x0000002de6f00000)]
  0x00000205bb29cd60 JavaThread "Unconstrained build operations Thread 7" [_thread_blocked, id=16192, stack(0x0000002de6f00000,0x0000002de7000000)]
  0x00000205bc204f20 JavaThread "Unconstrained build operations Thread 8" [_thread_blocked, id=7600, stack(0x0000002de7000000,0x0000002de7100000)]
  0x00000205bc204a50 JavaThread "Unconstrained build operations Thread 9" [_thread_blocked, id=11376, stack(0x0000002de7100000,0x0000002de7200000)]
  0x00000205bc204580 JavaThread "Unconstrained build operations Thread 10" [_thread_blocked, id=592, stack(0x0000002de7200000,0x0000002de7300000)]
  0x00000205bc2053f0 JavaThread "Unconstrained build operations Thread 11" [_thread_blocked, id=6492, stack(0x0000002de7300000,0x0000002de7400000)]
  0x00000205bc2058c0 JavaThread "Unconstrained build operations Thread 12" [_thread_blocked, id=13784, stack(0x0000002de7400000,0x0000002de7500000)]
  0x00000205bc206260 JavaThread "Unconstrained build operations Thread 13" [_thread_blocked, id=20452, stack(0x0000002de7500000,0x0000002de7600000)]
  0x00000205bc208410 JavaThread "Unconstrained build operations Thread 14" [_thread_blocked, id=3056, stack(0x0000002de7600000,0x0000002de7700000)]
  0x00000205bc2088e0 JavaThread "Unconstrained build operations Thread 15" [_thread_blocked, id=20544, stack(0x0000002de7700000,0x0000002de7800000)]
  0x00000205bc20af60 JavaThread "Unconstrained build operations Thread 16" [_thread_blocked, id=19084, stack(0x0000002de7800000,0x0000002de7900000)]
  0x00000205bc207a70 JavaThread "Unconstrained build operations Thread 17" [_thread_blocked, id=9116, stack(0x0000002de7900000,0x0000002de7a00000)]
  0x00000205bc2070d0 JavaThread "Unconstrained build operations Thread 18" [_thread_blocked, id=21900, stack(0x0000002de7a00000,0x0000002de7b00000)]
  0x00000205bc205d90 JavaThread "Unconstrained build operations Thread 19" [_thread_blocked, id=4580, stack(0x0000002de7b00000,0x0000002de7c00000)]
  0x00000205bc206730 JavaThread "Unconstrained build operations Thread 20" [_thread_blocked, id=18308, stack(0x0000002de7c00000,0x0000002de7d00000)]
  0x00000205bc209750 JavaThread "Unconstrained build operations Thread 21" [_thread_blocked, id=15776, stack(0x0000002de7d00000,0x0000002de7e00000)]
  0x00000205bc206c00 JavaThread "Unconstrained build operations Thread 22" [_thread_blocked, id=20916, stack(0x0000002de7e00000,0x0000002de7f00000)]
  0x00000205bc2040b0 JavaThread "Unconstrained build operations Thread 23" [_thread_blocked, id=2124, stack(0x0000002de7f00000,0x0000002de8000000)]
  0x00000205bc20a0f0 JavaThread "Unconstrained build operations Thread 24" [_thread_blocked, id=8788, stack(0x0000002de8000000,0x0000002de8100000)]
  0x00000205bc20b430 JavaThread "Unconstrained build operations Thread 25" [_thread_blocked, id=12864, stack(0x0000002de8100000,0x0000002de8200000)]
  0x00000205bc2075a0 JavaThread "Unconstrained build operations Thread 26" [_thread_blocked, id=4052, stack(0x0000002de8200000,0x0000002de8300000)]
  0x00000205bc207f40 JavaThread "Unconstrained build operations Thread 27" [_thread_blocked, id=8200, stack(0x0000002de8300000,0x0000002de8400000)]
  0x00000205bc208db0 JavaThread "Unconstrained build operations Thread 28" [_thread_blocked, id=7376, stack(0x0000002de8400000,0x0000002de8500000)]
  0x00000205bc209280 JavaThread "Unconstrained build operations Thread 29" [_thread_blocked, id=15164, stack(0x0000002de8500000,0x0000002de8600000)]
  0x00000205bc209c20 JavaThread "Unconstrained build operations Thread 30" [_thread_blocked, id=14364, stack(0x0000002de8600000,0x0000002de8700000)]
  0x00000205bc20a5c0 JavaThread "Unconstrained build operations Thread 31" [_thread_blocked, id=12324, stack(0x0000002de8700000,0x0000002de8800000)]
  0x00000205bc20aa90 JavaThread "Unconstrained build operations Thread 32" [_thread_blocked, id=13896, stack(0x0000002de8800000,0x0000002de8900000)]
  0x00000205bc203be0 JavaThread "Unconstrained build operations Thread 33" [_thread_blocked, id=11008, stack(0x0000002de8900000,0x0000002de8a00000)]
  0x00000205ba4e7320 JavaThread "Unconstrained build operations Thread 34" [_thread_blocked, id=9044, stack(0x0000002de8a00000,0x0000002de8b00000)]
  0x00000205ba4eace0 JavaThread "Unconstrained build operations Thread 35" [_thread_blocked, id=11116, stack(0x0000002de8b00000,0x0000002de8c00000)]
  0x00000205ba4e77f0 JavaThread "Unconstrained build operations Thread 36" [_thread_blocked, id=2612, stack(0x0000002de8c00000,0x0000002de8d00000)]
  0x00000205ba4e5fe0 JavaThread "Unconstrained build operations Thread 37" [_thread_blocked, id=12812, stack(0x0000002de8d00000,0x0000002de8e00000)]
  0x00000205ba4e8660 JavaThread "Unconstrained build operations Thread 38" [_thread_blocked, id=12752, stack(0x0000002de8e00000,0x0000002de8f00000)]
  0x00000205ba4e8b30 JavaThread "Unconstrained build operations Thread 39" [_thread_blocked, id=19236, stack(0x0000002de8f00000,0x0000002de9000000)]
  0x00000205ba4e9000 JavaThread "Unconstrained build operations Thread 40" [_thread_blocked, id=13140, stack(0x0000002de9000000,0x0000002de9100000)]
  0x00000205ba4eb1b0 JavaThread "Unconstrained build operations Thread 41" [_thread_blocked, id=15932, stack(0x0000002de9100000,0x0000002de9200000)]
  0x00000205ba4e64b0 JavaThread "Unconstrained build operations Thread 42" [_thread_blocked, id=15600, stack(0x0000002de9200000,0x0000002de9300000)]
  0x00000205ba4e94d0 JavaThread "Unconstrained build operations Thread 43" [_thread_blocked, id=12588, stack(0x0000002de9300000,0x0000002de9400000)]
  0x00000205ba4e7cc0 JavaThread "Unconstrained build operations Thread 44" [_thread_blocked, id=16784, stack(0x0000002de9400000,0x0000002de9500000)]
  0x00000205ba4eb680 JavaThread "Unconstrained build operations Thread 45" [_thread_blocked, id=4040, stack(0x0000002de9500000,0x0000002de9600000)]
  0x00000205ba4ebb50 JavaThread "Unconstrained build operations Thread 46" [_thread_blocked, id=20576, stack(0x0000002de9600000,0x0000002de9700000)]
  0x00000205ba4e4ca0 JavaThread "Unconstrained build operations Thread 47" [_thread_blocked, id=4308, stack(0x0000002de9700000,0x0000002de9800000)]
  0x00000205ba4e5170 JavaThread "Unconstrained build operations Thread 48" [_thread_blocked, id=7416, stack(0x0000002de9800000,0x0000002de9900000)]
  0x00000205ba4e99a0 JavaThread "Unconstrained build operations Thread 49" [_thread_blocked, id=22468, stack(0x0000002de9900000,0x0000002de9a00000)]
  0x00000205ba4e6980 JavaThread "Unconstrained build operations Thread 50" [_thread_blocked, id=22100, stack(0x0000002de9a00000,0x0000002de9b00000)]
  0x00000205ba4ec020 JavaThread "Unconstrained build operations Thread 51" [_thread_blocked, id=17432, stack(0x0000002de9b00000,0x0000002de9c00000)]
  0x00000205ba4e5640 JavaThread "Unconstrained build operations Thread 52" [_thread_blocked, id=19452, stack(0x0000002de9c00000,0x0000002de9d00000)]
  0x00000205ba4ea340 JavaThread "Unconstrained build operations Thread 53" [_thread_blocked, id=15804, stack(0x0000002de9d00000,0x0000002de9e00000)]
  0x00000205ba4e47d0 JavaThread "Unconstrained build operations Thread 54" [_thread_blocked, id=5220, stack(0x0000002de9e00000,0x0000002de9f00000)]
  0x00000205ba4e5b10 JavaThread "Unconstrained build operations Thread 55" [_thread_blocked, id=1820, stack(0x0000002de9f00000,0x0000002dea000000)]
  0x00000205ba4e8190 JavaThread "Unconstrained build operations Thread 56" [_thread_blocked, id=3708, stack(0x0000002dea000000,0x0000002dea100000)]
  0x00000205ba4e9e70 JavaThread "Unconstrained build operations Thread 57" [_thread_blocked, id=14708, stack(0x0000002dea100000,0x0000002dea200000)]
  0x00000205ba4e6e50 JavaThread "Unconstrained build operations Thread 58" [_thread_blocked, id=8096, stack(0x0000002dea200000,0x0000002dea300000)]
  0x00000205ba4ea810 JavaThread "Unconstrained build operations Thread 59" [_thread_blocked, id=14492, stack(0x0000002dea300000,0x0000002dea400000)]
  0x00000205ba9692d0 JavaThread "Unconstrained build operations Thread 60" [_thread_blocked, id=18268, stack(0x0000002dea400000,0x0000002dea500000)]
  0x00000205ba96d160 JavaThread "Unconstrained build operations Thread 61" [_thread_blocked, id=8432, stack(0x0000002dea500000,0x0000002dea600000)]
  0x00000205ba96b480 JavaThread "Unconstrained build operations Thread 62" [_thread_blocked, id=21904, stack(0x0000002dea600000,0x0000002dea700000)]
  0x00000205ba96d630 JavaThread "Unconstrained build operations Thread 63" [_thread_blocked, id=5060, stack(0x0000002dea700000,0x0000002dea800000)]
  0x00000205ba96c7c0 JavaThread "Unconstrained build operations Thread 64" [_thread_blocked, id=19656, stack(0x0000002dea800000,0x0000002dea900000)]
  0x00000205ba9697a0 JavaThread "Unconstrained build operations Thread 65" [_thread_blocked, id=17976, stack(0x0000002dea900000,0x0000002deaa00000)]
  0x00000205ba96f310 JavaThread "Unconstrained build operations Thread 66" [_thread_blocked, id=7904, stack(0x0000002deaa00000,0x0000002deab00000)]
  0x00000205ba96e4a0 JavaThread "Unconstrained build operations Thread 67" [_thread_blocked, id=14804, stack(0x0000002deab00000,0x0000002deac00000)]
  0x00000205ba96b950 JavaThread "Unconstrained build operations Thread 68" [_thread_blocked, id=19696, stack(0x0000002deac00000,0x0000002dead00000)]
  0x00000205ba96db00 JavaThread "Unconstrained build operations Thread 69" [_thread_blocked, id=3124, stack(0x0000002dead00000,0x0000002deae00000)]
  0x00000205ba96aae0 JavaThread "Unconstrained build operations Thread 70" [_thread_blocked, id=6820, stack(0x0000002deae00000,0x0000002deaf00000)]
  0x00000205ba970b20 JavaThread "Unconstrained build operations Thread 71" [_thread_blocked, id=13308, stack(0x0000002deaf00000,0x0000002deb000000)]
  0x00000205ba969c70 JavaThread "Unconstrained build operations Thread 72" [_thread_blocked, id=22340, stack(0x0000002deb000000,0x0000002deb100000)]
  0x00000205ba96dfd0 JavaThread "Unconstrained build operations Thread 73" [_thread_blocked, id=17808, stack(0x0000002deb100000,0x0000002deb200000)]
  0x00000205ba96a140 JavaThread "Unconstrained build operations Thread 74" [_thread_blocked, id=21544, stack(0x0000002deb200000,0x0000002deb300000)]
  0x00000205ba96a610 JavaThread "Unconstrained build operations Thread 75" [_thread_blocked, id=7152, stack(0x0000002deb300000,0x0000002deb400000)]
  0x00000205ba96e970 JavaThread "Unconstrained build operations Thread 76" [_thread_blocked, id=18144, stack(0x0000002deb400000,0x0000002deb500000)]
  0x00000205ba96be20 JavaThread "Unconstrained build operations Thread 77" [_thread_blocked, id=14508, stack(0x0000002deb500000,0x0000002deb600000)]
  0x00000205ba96ee40 JavaThread "Unconstrained build operations Thread 78" [_thread_blocked, id=1452, stack(0x0000002deb600000,0x0000002deb700000)]
  0x00000205ba96f7e0 JavaThread "Unconstrained build operations Thread 79" [_thread_blocked, id=2300, stack(0x0000002deb700000,0x0000002deb800000)]
  0x00000205ba96fcb0 JavaThread "Unconstrained build operations Thread 80" [_thread_blocked, id=11380, stack(0x0000002deb800000,0x0000002deb900000)]
  0x00000205ba96cc90 JavaThread "jar transforms Thread 6" [_thread_blocked, id=19636, stack(0x0000002deb900000,0x0000002deba00000)]
  0x00000205ba96afb0 JavaThread "jar transforms Thread 7" [_thread_blocked, id=14872, stack(0x0000002deba00000,0x0000002debb00000)]
  0x00000205ba970180 JavaThread "jar transforms Thread 8" [_thread_blocked, id=2232, stack(0x0000002debb00000,0x0000002debc00000)]
  0x00000205ba970650 JavaThread "build event listener" [_thread_blocked, id=14384, stack(0x0000002debc00000,0x0000002debd00000)]
  0x00000205bce47500 JavaThread "C2 CompilerThread1" daemon [_thread_in_native, id=20428, stack(0x0000002de4400000,0x0000002de4500000)]
  0x00000205bf63da30 JavaThread "Memory manager" [_thread_blocked, id=17860, stack(0x0000002debd00000,0x0000002debe00000)]

Other Threads:
  0x00000205b8c44a30 VMThread "VM Thread" [stack: 0x0000002de3700000,0x0000002de3800000] [id=5480]
  0x000002059ee70090 WatcherThread [stack: 0x0000002de4300000,0x0000002de4400000] [id=19972]
  0x000002059ee39c10 GCTaskThread "GC Thread#0" [stack: 0x0000002de3200000,0x0000002de3300000] [id=7452]
  0x00000205ba59abf0 GCTaskThread "GC Thread#1" [stack: 0x0000002de4500000,0x0000002de4600000] [id=5344]
  0x00000205b9ee0c10 GCTaskThread "GC Thread#2" [stack: 0x0000002de4600000,0x0000002de4700000] [id=8784]
  0x00000205ba82f690 GCTaskThread "GC Thread#3" [stack: 0x0000002de4700000,0x0000002de4800000] [id=16152]
  0x00000205baba9590 GCTaskThread "GC Thread#4" [stack: 0x0000002de4800000,0x0000002de4900000] [id=14372]
  0x00000205bb26a040 GCTaskThread "GC Thread#5" [stack: 0x0000002de5300000,0x0000002de5400000] [id=12996]
  0x00000205bb26a2f0 GCTaskThread "GC Thread#6" [stack: 0x0000002de5400000,0x0000002de5500000] [id=8716]
  0x00000205bb268810 GCTaskThread "GC Thread#7" [stack: 0x0000002de5500000,0x0000002de5600000] [id=11624]
  0x000002059ee4ab50 ConcurrentGCThread "G1 Main Marker" [stack: 0x0000002de3300000,0x0000002de3400000] [id=18888]
  0x000002059ee4b560 ConcurrentGCThread "G1 Conc#0" [stack: 0x0000002de3400000,0x0000002de3500000] [id=22448]
  0x00000205bb268ac0 ConcurrentGCThread "G1 Conc#1" [stack: 0x0000002de5600000,0x0000002de5700000] [id=7704]
  0x00000205b8aa14c0 ConcurrentGCThread "G1 Refine#0" [stack: 0x0000002de3500000,0x0000002de3600000] [id=9848]
  0x00000205bf456de0 ConcurrentGCThread "G1 Refine#1" [stack: 0x0000002debe00000,0x0000002debf00000] [id=19272]
  0x00000205b8aa2ef0 ConcurrentGCThread "G1 Service" [stack: 0x0000002de3600000,0x0000002de3700000] [id=19984]

Threads with active compile tasks:
C2 CompilerThread0    11802 8316       4       org.gradle.internal.instantiation.generator.AbstractClassGenerator::inspectType (560 bytes)
C2 CompilerThread1    11802 8380       4       groovy.lang.MetaClassImpl::inheritInterfaceNewMetaMethods (195 bytes)

VM state: not at safepoint (normal execution)

VM Mutex/Monitor currently owned by a thread: None

Heap address: 0x0000000080000000, size: 2048 MB, Compressed Oops mode: 32-bit

CDS archive(s) not mapped
Compressed class space mapped at: 0x0000000100000000-0x0000000140000000, reserved size: 1073741824
Narrow klass base: 0x0000000000000000, Narrow klass shift: 3, Narrow klass range: 0x140000000

GC Precious Log:
 CPUs: 8 total, 8 available
 Memory: 7959M
 Large Page Support: Disabled
 NUMA Support: Disabled
 Compressed Oops: Enabled (32-bit)
 Heap Region Size: 1M
 Heap Min Capacity: 8M
 Heap Initial Capacity: 126M
 Heap Max Capacity: 2G
 Pre-touch: Disabled
 Parallel Workers: 8
 Concurrent Workers: 2
 Concurrent Refinement Workers: 8
 Periodic GC: Disabled

Heap:
 garbage-first heap   total 151552K, used 102322K [0x0000000080000000, 0x0000000100000000)
  region size 1024K, 35 young (35840K), 1 survivors (1024K)
 Metaspace       used 81816K, committed 82432K, reserved 1122304K
  class space    used 11171K, committed 11456K, reserved 1048576K

Heap Regions: E=young(eden), S=young(survivor), O=old, HS=humongous(starts), HC=humongous(continues), CS=collection set, F=free, OA=open archive, CA=closed archive, TAMS=top-at-mark-start (previous, next)
|   0|0x0000000080000000, 0x0000000080100000, 0x0000000080100000|100%|HS|  |TAMS 0x0000000080100000, 0x0000000080000000| Complete 
|   1|0x0000000080100000, 0x0000000080200000, 0x0000000080200000|100%|HC|  |TAMS 0x0000000080200000, 0x0000000080100000| Complete 
|   2|0x0000000080200000, 0x0000000080300000, 0x0000000080300000|100%|HC|  |TAMS 0x0000000080300000, 0x0000000080200000| Complete 
|   3|0x0000000080300000, 0x0000000080400000, 0x0000000080400000|100%|HC|  |TAMS 0x0000000080400000, 0x0000000080300000| Complete 
|   4|0x0000000080400000, 0x0000000080500000, 0x0000000080500000|100%| O|  |TAMS 0x0000000080500000, 0x0000000080400000| Untracked 
|   5|0x0000000080500000, 0x0000000080600000, 0x0000000080600000|100%| O|  |TAMS 0x0000000080600000, 0x0000000080500000| Untracked 
|   6|0x0000000080600000, 0x0000000080700000, 0x0000000080700000|100%| O|  |TAMS 0x0000000080700000, 0x0000000080600000| Untracked 
|   7|0x0000000080700000, 0x0000000080800000, 0x0000000080800000|100%| O|  |TAMS 0x0000000080800000, 0x0000000080700000| Untracked 
|   8|0x0000000080800000, 0x0000000080900000, 0x0000000080900000|100%| O|  |TAMS 0x0000000080900000, 0x0000000080800000| Untracked 
|   9|0x0000000080900000, 0x0000000080a00000, 0x0000000080a00000|100%| O|  |TAMS 0x0000000080a00000, 0x0000000080900000| Untracked 
|  10|0x0000000080a00000, 0x0000000080b00000, 0x0000000080b00000|100%| O|  |TAMS 0x0000000080b00000, 0x0000000080a00000| Untracked 
|  11|0x0000000080b00000, 0x0000000080c00000, 0x0000000080c00000|100%| O|  |TAMS 0x0000000080c00000, 0x0000000080b00000| Untracked 
|  12|0x0000000080c00000, 0x0000000080d00000, 0x0000000080d00000|100%| O|  |TAMS 0x0000000080d00000, 0x0000000080c00000| Untracked 
|  13|0x0000000080d00000, 0x0000000080e00000, 0x0000000080e00000|100%| O|  |TAMS 0x0000000080e00000, 0x0000000080d00000| Untracked 
|  14|0x0000000080e00000, 0x0000000080f00000, 0x0000000080f00000|100%| O|  |TAMS 0x0000000080f00000, 0x0000000080e00000| Untracked 
|  15|0x0000000080f00000, 0x0000000081000000, 0x0000000081000000|100%| O|  |TAMS 0x0000000081000000, 0x0000000080f00000| Untracked 
|  16|0x0000000081000000, 0x0000000081100000, 0x0000000081100000|100%| O|  |TAMS 0x0000000081100000, 0x0000000081000000| Untracked 
|  17|0x0000000081100000, 0x0000000081200000, 0x0000000081200000|100%| O|  |TAMS 0x0000000081200000, 0x0000000081100000| Untracked 
|  18|0x0000000081200000, 0x0000000081300000, 0x0000000081300000|100%| O|  |TAMS 0x0000000081300000, 0x0000000081200000| Untracked 
|  19|0x0000000081300000, 0x0000000081400000, 0x0000000081400000|100%| O|  |TAMS 0x0000000081400000, 0x0000000081300000| Untracked 
|  20|0x0000000081400000, 0x0000000081500000, 0x0000000081500000|100%| O|  |TAMS 0x0000000081500000, 0x0000000081400000| Untracked 
|  21|0x0000000081500000, 0x0000000081600000, 0x0000000081600000|100%| O|  |TAMS 0x0000000081600000, 0x0000000081500000| Untracked 
|  22|0x0000000081600000, 0x0000000081700000, 0x0000000081700000|100%| O|  |TAMS 0x0000000081700000, 0x0000000081600000| Untracked 
|  23|0x0000000081700000, 0x0000000081800000, 0x0000000081800000|100%| O|  |TAMS 0x0000000081800000, 0x0000000081700000| Untracked 
|  24|0x0000000081800000, 0x0000000081900000, 0x0000000081900000|100%| O|  |TAMS 0x0000000081900000, 0x0000000081800000| Untracked 
|  25|0x0000000081900000, 0x0000000081a00000, 0x0000000081a00000|100%| O|  |TAMS 0x0000000081a00000, 0x0000000081900000| Untracked 
|  26|0x0000000081a00000, 0x0000000081b00000, 0x0000000081b00000|100%| O|  |TAMS 0x0000000081b00000, 0x0000000081a00000| Untracked 
|  27|0x0000000081b00000, 0x0000000081c00000, 0x0000000081c00000|100%| O|  |TAMS 0x0000000081c00000, 0x0000000081b00000| Untracked 
|  28|0x0000000081c00000, 0x0000000081d00000, 0x0000000081d00000|100%| O|  |TAMS 0x0000000081d00000, 0x0000000081c00000| Untracked 
|  29|0x0000000081d00000, 0x0000000081e00000, 0x0000000081e00000|100%| O|  |TAMS 0x0000000081e00000, 0x0000000081d00000| Untracked 
|  30|0x0000000081e00000, 0x0000000081f00000, 0x0000000081f00000|100%|HS|  |TAMS 0x0000000081f00000, 0x0000000081e00000| Complete 
|  31|0x0000000081f00000, 0x0000000082000000, 0x0000000082000000|100%| O|  |TAMS 0x0000000082000000, 0x0000000081f00000| Untracked 
|  32|0x0000000082000000, 0x0000000082100000, 0x0000000082100000|100%| O|  |TAMS 0x0000000082100000, 0x0000000082000000| Untracked 
|  33|0x0000000082100000, 0x0000000082200000, 0x0000000082200000|100%|HS|  |TAMS 0x0000000082200000, 0x0000000082100000| Complete 
|  34|0x0000000082200000, 0x0000000082300000, 0x0000000082300000|100%| O|  |TAMS 0x0000000082300000, 0x0000000082200000| Untracked 
|  35|0x0000000082300000, 0x0000000082400000, 0x0000000082400000|100%| O|  |TAMS 0x0000000082400000, 0x0000000082300000| Untracked 
|  36|0x0000000082400000, 0x0000000082500000, 0x0000000082500000|100%| O|  |TAMS 0x0000000082500000, 0x0000000082400000| Untracked 
|  37|0x0000000082500000, 0x0000000082600000, 0x0000000082600000|100%| O|  |TAMS 0x0000000082600000, 0x0000000082500000| Untracked 
|  38|0x0000000082600000, 0x0000000082700000, 0x0000000082700000|100%| O|  |TAMS 0x0000000082700000, 0x0000000082600000| Untracked 
|  39|0x0000000082700000, 0x0000000082800000, 0x0000000082800000|100%| O|  |TAMS 0x0000000082800000, 0x0000000082700000| Untracked 
|  40|0x0000000082800000, 0x0000000082900000, 0x0000000082900000|100%| O|  |TAMS 0x0000000082900000, 0x0000000082800000| Untracked 
|  41|0x0000000082900000, 0x0000000082a00000, 0x0000000082a00000|100%| O|  |TAMS 0x0000000082a00000, 0x0000000082900000| Untracked 
|  42|0x0000000082a00000, 0x0000000082b00000, 0x0000000082b00000|100%| O|  |TAMS 0x0000000082b00000, 0x0000000082a00000| Untracked 
|  43|0x0000000082b00000, 0x0000000082c00000, 0x0000000082c00000|100%| O|  |TAMS 0x0000000082c00000, 0x0000000082b00000| Untracked 
|  44|0x0000000082c00000, 0x0000000082d00000, 0x0000000082d00000|100%| O|  |TAMS 0x0000000082d00000, 0x0000000082c00000| Untracked 
|  45|0x0000000082d00000, 0x0000000082e00000, 0x0000000082e00000|100%| O|  |TAMS 0x0000000082e00000, 0x0000000082d00000| Untracked 
|  46|0x0000000082e00000, 0x0000000082f00000, 0x0000000082f00000|100%| O|  |TAMS 0x0000000082f00000, 0x0000000082e00000| Untracked 
|  47|0x0000000082f00000, 0x0000000083000000, 0x0000000083000000|100%| O|  |TAMS 0x0000000083000000, 0x0000000082f00000| Untracked 
|  48|0x0000000083000000, 0x0000000083100000, 0x0000000083100000|100%| O|  |TAMS 0x0000000083100000, 0x0000000083000000| Untracked 
|  49|0x0000000083100000, 0x0000000083200000, 0x0000000083200000|100%| O|  |TAMS 0x0000000083200000, 0x0000000083100000| Untracked 
|  50|0x0000000083200000, 0x0000000083300000, 0x0000000083300000|100%| O|  |TAMS 0x0000000083300000, 0x0000000083200000| Untracked 
|  51|0x0000000083300000, 0x0000000083400000, 0x0000000083400000|100%| O|  |TAMS 0x0000000083400000, 0x0000000083300000| Untracked 
|  52|0x0000000083400000, 0x0000000083500000, 0x0000000083500000|100%| O|  |TAMS 0x0000000083500000, 0x0000000083400000| Untracked 
|  53|0x0000000083500000, 0x0000000083500000, 0x0000000083600000|  0%| F|  |TAMS 0x0000000083500000, 0x0000000083500000| Untracked 
|  54|0x0000000083600000, 0x0000000083700000, 0x0000000083700000|100%| O|  |TAMS 0x0000000083700000, 0x0000000083600000| Untracked 
|  55|0x0000000083700000, 0x0000000083800000, 0x0000000083800000|100%| O|  |TAMS 0x0000000083800000, 0x0000000083700000| Untracked 
|  56|0x0000000083800000, 0x0000000083900000, 0x0000000083900000|100%| O|  |TAMS 0x0000000083900000, 0x0000000083800000| Untracked 
|  57|0x0000000083900000, 0x0000000083a00000, 0x0000000083a00000|100%| O|  |TAMS 0x00000000839f0200, 0x0000000083900000| Untracked 
|  58|0x0000000083a00000, 0x0000000083b00000, 0x0000000083b00000|100%| O|  |TAMS 0x0000000083a00000, 0x0000000083a00000| Untracked 
|  59|0x0000000083b00000, 0x0000000083c00000, 0x0000000083c00000|100%| O|  |TAMS 0x0000000083b00000, 0x0000000083b00000| Untracked 
|  60|0x0000000083c00000, 0x0000000083d00000, 0x0000000083d00000|100%| O|  |TAMS 0x0000000083c00000, 0x0000000083c00000| Untracked 
|  61|0x0000000083d00000, 0x0000000083e00000, 0x0000000083e00000|100%| O|  |TAMS 0x0000000083d00000, 0x0000000083d00000| Untracked 
|  62|0x0000000083e00000, 0x0000000083f00000, 0x0000000083f00000|100%| O|  |TAMS 0x0000000083e00000, 0x0000000083e00000| Untracked 
|  63|0x0000000083f00000, 0x0000000084000000, 0x0000000084000000|100%| O|  |TAMS 0x0000000083f00000, 0x0000000083f00000| Untracked 
|  64|0x0000000084000000, 0x0000000084100000, 0x0000000084100000|100%| O|  |TAMS 0x0000000084000000, 0x0000000084000000| Untracked 
|  65|0x0000000084100000, 0x0000000084200000, 0x0000000084200000|100%| O|  |TAMS 0x0000000084100000, 0x0000000084100000| Untracked 
|  66|0x0000000084200000, 0x0000000084300000, 0x0000000084300000|100%| O|  |TAMS 0x0000000084200000, 0x0000000084200000| Untracked 
|  67|0x0000000084300000, 0x0000000084366400, 0x0000000084400000| 39%| O|  |TAMS 0x0000000084300000, 0x0000000084300000| Untracked 
|  68|0x0000000084400000, 0x0000000084400000, 0x0000000084500000|  0%| F|  |TAMS 0x0000000084400000, 0x0000000084400000| Untracked 
|  69|0x0000000084500000, 0x0000000084500000, 0x0000000084600000|  0%| F|  |TAMS 0x0000000084500000, 0x0000000084500000| Untracked 
|  70|0x0000000084600000, 0x0000000084600000, 0x0000000084700000|  0%| F|  |TAMS 0x0000000084600000, 0x0000000084600000| Untracked 
|  71|0x0000000084700000, 0x0000000084700000, 0x0000000084800000|  0%| F|  |TAMS 0x0000000084700000, 0x0000000084700000| Untracked 
|  72|0x0000000084800000, 0x0000000084800000, 0x0000000084900000|  0%| F|  |TAMS 0x0000000084800000, 0x0000000084800000| Untracked 
|  73|0x0000000084900000, 0x0000000084900000, 0x0000000084a00000|  0%| F|  |TAMS 0x0000000084900000, 0x0000000084900000| Untracked 
|  74|0x0000000084a00000, 0x0000000084a00000, 0x0000000084b00000|  0%| F|  |TAMS 0x0000000084a00000, 0x0000000084a00000| Untracked 
|  75|0x0000000084b00000, 0x0000000084b00000, 0x0000000084c00000|  0%| F|  |TAMS 0x0000000084b00000, 0x0000000084b00000| Untracked 
|  76|0x0000000084c00000, 0x0000000084c00000, 0x0000000084d00000|  0%| F|  |TAMS 0x0000000084c00000, 0x0000000084c00000| Untracked 
|  77|0x0000000084d00000, 0x0000000084d00000, 0x0000000084e00000|  0%| F|  |TAMS 0x0000000084d00000, 0x0000000084d00000| Untracked 
|  78|0x0000000084e00000, 0x0000000084e00000, 0x0000000084f00000|  0%| F|  |TAMS 0x0000000084e00000, 0x0000000084e00000| Untracked 
|  79|0x0000000084f00000, 0x0000000084f00000, 0x0000000085000000|  0%| F|  |TAMS 0x0000000084f00000, 0x0000000084f00000| Untracked 
|  80|0x0000000085000000, 0x0000000085000000, 0x0000000085100000|  0%| F|  |TAMS 0x0000000085000000, 0x0000000085000000| Untracked 
|  81|0x0000000085100000, 0x0000000085100000, 0x0000000085200000|  0%| F|  |TAMS 0x0000000085100000, 0x0000000085100000| Untracked 
|  82|0x0000000085200000, 0x0000000085200000, 0x0000000085300000|  0%| F|  |TAMS 0x0000000085200000, 0x0000000085200000| Untracked 
|  83|0x0000000085300000, 0x0000000085300000, 0x0000000085400000|  0%| F|  |TAMS 0x0000000085300000, 0x0000000085300000| Untracked 
|  84|0x0000000085400000, 0x0000000085400000, 0x0000000085500000|  0%| F|  |TAMS 0x0000000085400000, 0x0000000085400000| Untracked 
|  85|0x0000000085500000, 0x0000000085500000, 0x0000000085600000|  0%| F|  |TAMS 0x0000000085500000, 0x0000000085500000| Untracked 
|  86|0x0000000085600000, 0x0000000085600000, 0x0000000085700000|  0%| F|  |TAMS 0x0000000085600000, 0x0000000085600000| Untracked 
|  87|0x0000000085700000, 0x0000000085700000, 0x0000000085800000|  0%| F|  |TAMS 0x0000000085700000, 0x0000000085700000| Untracked 
|  88|0x0000000085800000, 0x0000000085800000, 0x0000000085900000|  0%| F|  |TAMS 0x0000000085800000, 0x0000000085800000| Untracked 
|  89|0x0000000085900000, 0x0000000085900000, 0x0000000085a00000|  0%| F|  |TAMS 0x0000000085900000, 0x0000000085900000| Untracked 
|  90|0x0000000085a00000, 0x0000000085a00000, 0x0000000085b00000|  0%| F|  |TAMS 0x0000000085a00000, 0x0000000085a00000| Untracked 
|  91|0x0000000085b00000, 0x0000000085b00000, 0x0000000085c00000|  0%| F|  |TAMS 0x0000000085b00000, 0x0000000085b00000| Untracked 
|  92|0x0000000085c00000, 0x0000000085c00000, 0x0000000085d00000|  0%| F|  |TAMS 0x0000000085c00000, 0x0000000085c00000| Untracked 
|  93|0x0000000085d00000, 0x0000000085d00000, 0x0000000085e00000|  0%| F|  |TAMS 0x0000000085d00000, 0x0000000085d00000| Untracked 
|  94|0x0000000085e00000, 0x0000000085e00000, 0x0000000085f00000|  0%| F|  |TAMS 0x0000000085e00000, 0x0000000085e00000| Untracked 
|  95|0x0000000085f00000, 0x0000000085f00000, 0x0000000086000000|  0%| F|  |TAMS 0x0000000085f00000, 0x0000000085f00000| Untracked 
|  96|0x0000000086000000, 0x0000000086000000, 0x0000000086100000|  0%| F|  |TAMS 0x0000000086000000, 0x0000000086000000| Untracked 
|  97|0x0000000086100000, 0x0000000086100000, 0x0000000086200000|  0%| F|  |TAMS 0x0000000086100000, 0x0000000086100000| Untracked 
|  98|0x0000000086200000, 0x0000000086200000, 0x0000000086300000|  0%| F|  |TAMS 0x0000000086200000, 0x0000000086200000| Untracked 
|  99|0x0000000086300000, 0x0000000086300000, 0x0000000086400000|  0%| F|  |TAMS 0x0000000086300000, 0x0000000086300000| Untracked 
| 100|0x0000000086400000, 0x0000000086400000, 0x0000000086500000|  0%| F|  |TAMS 0x0000000086400000, 0x0000000086400000| Untracked 
| 101|0x0000000086500000, 0x0000000086500000, 0x0000000086600000|  0%| F|  |TAMS 0x0000000086500000, 0x0000000086500000| Untracked 
| 102|0x0000000086600000, 0x0000000086600000, 0x0000000086700000|  0%| F|  |TAMS 0x0000000086600000, 0x0000000086600000| Untracked 
| 103|0x0000000086700000, 0x0000000086700000, 0x0000000086800000|  0%| F|  |TAMS 0x0000000086700000, 0x0000000086700000| Untracked 
| 104|0x0000000086800000, 0x0000000086800000, 0x0000000086900000|  0%| F|  |TAMS 0x0000000086800000, 0x0000000086800000| Untracked 
| 105|0x0000000086900000, 0x0000000086900000, 0x0000000086a00000|  0%| F|  |TAMS 0x0000000086900000, 0x0000000086900000| Untracked 
| 106|0x0000000086a00000, 0x0000000086a00000, 0x0000000086b00000|  0%| F|  |TAMS 0x0000000086a00000, 0x0000000086a00000| Untracked 
| 107|0x0000000086b00000, 0x0000000086b00000, 0x0000000086c00000|  0%| F|  |TAMS 0x0000000086b00000, 0x0000000086b00000| Untracked 
| 108|0x0000000086c00000, 0x0000000086c00000, 0x0000000086d00000|  0%| F|  |TAMS 0x0000000086c00000, 0x0000000086c00000| Untracked 
| 109|0x0000000086d00000, 0x0000000086d00000, 0x0000000086e00000|  0%| F|  |TAMS 0x0000000086d00000, 0x0000000086d00000| Untracked 
| 110|0x0000000086e00000, 0x0000000086e00000, 0x0000000086f00000|  0%| F|  |TAMS 0x0000000086e00000, 0x0000000086e00000| Untracked 
| 111|0x0000000086f00000, 0x0000000086f00000, 0x0000000087000000|  0%| F|  |TAMS 0x0000000086f00000, 0x0000000086f00000| Untracked 
| 112|0x0000000087000000, 0x0000000087080800, 0x0000000087100000| 50%| E|  |TAMS 0x0000000087000000, 0x0000000087000000| Complete 
| 113|0x0000000087100000, 0x0000000087200000, 0x0000000087200000|100%| E|CS|TAMS 0x0000000087100000, 0x0000000087100000| Complete 
| 114|0x0000000087200000, 0x0000000087300000, 0x0000000087300000|100%| E|CS|TAMS 0x0000000087200000, 0x0000000087200000| Complete 
| 115|0x0000000087300000, 0x0000000087400000, 0x0000000087400000|100%| E|CS|TAMS 0x0000000087300000, 0x0000000087300000| Complete 
| 116|0x0000000087400000, 0x0000000087500000, 0x0000000087500000|100%| E|CS|TAMS 0x0000000087400000, 0x0000000087400000| Complete 
| 117|0x0000000087500000, 0x0000000087600000, 0x0000000087600000|100%| E|CS|TAMS 0x0000000087500000, 0x0000000087500000| Complete 
| 118|0x0000000087600000, 0x0000000087700000, 0x0000000087700000|100%| E|CS|TAMS 0x0000000087600000, 0x0000000087600000| Complete 
| 119|0x0000000087700000, 0x00000000877864c0, 0x0000000087800000| 52%| S|CS|TAMS 0x0000000087700000, 0x0000000087700000| Complete 
| 120|0x0000000087800000, 0x0000000087900000, 0x0000000087900000|100%| E|CS|TAMS 0x0000000087800000, 0x0000000087800000| Complete 
| 121|0x0000000087900000, 0x0000000087a00000, 0x0000000087a00000|100%| E|CS|TAMS 0x0000000087900000, 0x0000000087900000| Complete 
| 122|0x0000000087a00000, 0x0000000087b00000, 0x0000000087b00000|100%| E|CS|TAMS 0x0000000087a00000, 0x0000000087a00000| Complete 
| 123|0x0000000087b00000, 0x0000000087c00000, 0x0000000087c00000|100%| E|CS|TAMS 0x0000000087b00000, 0x0000000087b00000| Complete 
| 124|0x0000000087c00000, 0x0000000087d00000, 0x0000000087d00000|100%| E|CS|TAMS 0x0000000087c00000, 0x0000000087c00000| Complete 
| 125|0x0000000087d00000, 0x0000000087e00000, 0x0000000087e00000|100%| E|CS|TAMS 0x0000000087d00000, 0x0000000087d00000| Complete 
| 126|0x0000000087e00000, 0x0000000087f00000, 0x0000000087f00000|100%| E|CS|TAMS 0x0000000087e00000, 0x0000000087e00000| Complete 
| 127|0x0000000087f00000, 0x0000000088000000, 0x0000000088000000|100%| E|CS|TAMS 0x0000000087f00000, 0x0000000087f00000| Complete 
| 128|0x0000000088000000, 0x0000000088100000, 0x0000000088100000|100%| E|CS|TAMS 0x0000000088000000, 0x0000000088000000| Complete 
| 129|0x0000000088100000, 0x0000000088200000, 0x0000000088200000|100%| E|CS|TAMS 0x0000000088100000, 0x0000000088100000| Complete 
| 130|0x0000000088200000, 0x0000000088300000, 0x0000000088300000|100%| E|CS|TAMS 0x0000000088200000, 0x0000000088200000| Complete 
| 131|0x0000000088300000, 0x0000000088400000, 0x0000000088400000|100%| E|CS|TAMS 0x0000000088300000, 0x0000000088300000| Complete 
| 132|0x0000000088400000, 0x0000000088500000, 0x0000000088500000|100%| E|CS|TAMS 0x0000000088400000, 0x0000000088400000| Complete 
| 133|0x0000000088500000, 0x0000000088600000, 0x0000000088600000|100%| E|CS|TAMS 0x0000000088500000, 0x0000000088500000| Complete 
| 134|0x0000000088600000, 0x0000000088700000, 0x0000000088700000|100%| E|CS|TAMS 0x0000000088600000, 0x0000000088600000| Complete 
| 135|0x0000000088700000, 0x0000000088800000, 0x0000000088800000|100%| E|CS|TAMS 0x0000000088700000, 0x0000000088700000| Complete 
| 136|0x0000000088800000, 0x0000000088900000, 0x0000000088900000|100%| E|CS|TAMS 0x0000000088800000, 0x0000000088800000| Complete 
| 137|0x0000000088900000, 0x0000000088a00000, 0x0000000088a00000|100%| E|CS|TAMS 0x0000000088900000, 0x0000000088900000| Complete 
| 138|0x0000000088a00000, 0x0000000088b00000, 0x0000000088b00000|100%| E|CS|TAMS 0x0000000088a00000, 0x0000000088a00000| Complete 
| 139|0x0000000088b00000, 0x0000000088c00000, 0x0000000088c00000|100%| E|CS|TAMS 0x0000000088b00000, 0x0000000088b00000| Complete 
| 140|0x0000000088c00000, 0x0000000088d00000, 0x0000000088d00000|100%| E|CS|TAMS 0x0000000088c00000, 0x0000000088c00000| Complete 
| 141|0x0000000088d00000, 0x0000000088e00000, 0x0000000088e00000|100%| E|CS|TAMS 0x0000000088d00000, 0x0000000088d00000| Complete 
| 142|0x0000000088e00000, 0x0000000088f00000, 0x0000000088f00000|100%| E|CS|TAMS 0x0000000088e00000, 0x0000000088e00000| Complete 
| 143|0x0000000088f00000, 0x0000000089000000, 0x0000000089000000|100%| E|CS|TAMS 0x0000000088f00000, 0x0000000088f00000| Complete 
| 144|0x0000000089000000, 0x0000000089100000, 0x0000000089100000|100%| E|CS|TAMS 0x0000000089000000, 0x0000000089000000| Complete 
| 145|0x0000000089100000, 0x0000000089200000, 0x0000000089200000|100%| E|CS|TAMS 0x0000000089100000, 0x0000000089100000| Complete 
| 146|0x0000000089200000, 0x0000000089300000, 0x0000000089300000|100%| E|CS|TAMS 0x0000000089200000, 0x0000000089200000| Complete 
| 147|0x0000000089300000, 0x0000000089400000, 0x0000000089400000|100%| E|CS|TAMS 0x0000000089300000, 0x0000000089300000| Complete 

Card table byte_map: [0x00000205b19f0000,0x00000205b1df0000] _byte_map_base: 0x00000205b15f0000

Marking Bits (Prev, Next): (CMBitMap*) 0x000002059ee3a260, (CMBitMap*) 0x000002059ee3a220
 Prev Bits: [0x00000205b41f0000, 0x00000205b61f0000)
 Next Bits: [0x00000205b21f0000, 0x00000205b41f0000)

Polling page: 0x000002059cf40000

Metaspace:

Usage:
  Non-class:     69.02 MB used.
      Class:     10.91 MB used.
       Both:     79.93 MB used.

Virtual space:
  Non-class space:       72.00 MB reserved,      69.38 MB ( 96%) committed,  9 nodes.
      Class space:        1.00 GB reserved,      11.19 MB (  1%) committed,  1 nodes.
             Both:        1.07 GB reserved,      80.56 MB (  7%) committed. 

Chunk freelists:
   Non-Class:  1.86 MB
       Class:  832.00 KB
        Both:  2.67 MB

MaxMetaspaceSize: unlimited
CompressedClassSpaceSize: 1.00 GB
Initial GC threshold: 21.00 MB
Current GC threshold: 122.50 MB
CDS: off
MetaspaceReclaimPolicy: balanced
 - commit_granule_bytes: 65536.
 - commit_granule_words: 8192.
 - virtual_space_node_default_size: 1048576.
 - enlarge_chunks_in_place: 1.
 - new_chunks_are_fully_committed: 0.
 - uncommit_free_chunks: 1.
 - use_allocation_guard: 0.
 - handle_deallocations: 1.


Internal statistics:

num_allocs_failed_limit: 6.
num_arena_births: 756.
num_arena_deaths: 0.
num_vsnodes_births: 10.
num_vsnodes_deaths: 0.
num_space_committed: 1289.
num_space_uncommitted: 0.
num_chunks_returned_to_freelist: 6.
num_chunks_taken_from_freelist: 3630.
num_chunk_merges: 6.
num_chunk_splits: 2402.
num_chunks_enlarged: 1604.
num_purges: 0.
num_inconsistent_stats: 0.

CodeHeap 'non-profiled nmethods': size=120000Kb used=4374Kb max_used=4374Kb free=115625Kb
 bounds [0x00000205a9d80000, 0x00000205aa1d0000, 0x00000205b12b0000]
CodeHeap 'profiled nmethods': size=120000Kb used=14528Kb max_used=14528Kb free=105471Kb
 bounds [0x00000205a22b0000, 0x00000205a30f0000, 0x00000205a97e0000]
CodeHeap 'non-nmethods': size=5760Kb used=2374Kb max_used=2440Kb free=3385Kb
 bounds [0x00000205a97e0000, 0x00000205a9a50000, 0x00000205a9d80000]
 total_blobs=8449 nmethods=7556 adapters=805
 compilation: enabled
              stopped_count=0, restarted_count=0
 full_count=0

Compilation events (20 events):
Event: 11.761 Thread 0x00000205b982b050 8459       3       org.gradle.internal.instantiation.generator.AsmBackedClassGenerator$ClassBuilderImpl$$Lambda$131/0x0000000100272cc0::<init> (38 bytes)
Event: 11.761 Thread 0x00000205b982b050 nmethod 8459 0x00000205a30bc210 code [0x00000205a30bc3c0, 0x00000205a30bc6f8]
Event: 11.761 Thread 0x00000205b982b050 8460       3       org.gradle.internal.instantiation.generator.AsmBackedClassGenerator$ClassBuilderImpl$$Lambda$131/0x0000000100272cc0::emit (29 bytes)
Event: 11.761 Thread 0x00000205b982b050 nmethod 8460 0x00000205a30bc810 code [0x00000205a30bc9c0, 0x00000205a30bcb28]
Event: 11.761 Thread 0x00000205b982b050 8461       3       org.gradle.internal.instantiation.generator.AsmBackedClassGenerator$ClassBuilderImpl::lambda$addActionMethod$34 (19 bytes)
Event: 11.761 Thread 0x00000205b982b050 nmethod 8461 0x00000205a30bcc10 code [0x00000205a30bcdc0, 0x00000205a30bcfa8]
Event: 11.761 Thread 0x00000205b982b050 8463       3       org.gradle.internal.instantiation.generator.AsmBackedClassGenerator$ClassBuilderImpl::access$2900 (4 bytes)
Event: 11.762 Thread 0x00000205b982b050 nmethod 8463 0x00000205a30bd090 code [0x00000205a30bd220, 0x00000205a30bd318]
Event: 11.762 Thread 0x00000205b982b050 8464       3       org.gradle.internal.instantiation.generator.AsmBackedClassGenerator$ClassBuilderImpl::access$3000 (4 bytes)
Event: 11.762 Thread 0x00000205b982b050 nmethod 8464 0x00000205a30bd390 code [0x00000205a30bd520, 0x00000205a30bd618]
Event: 11.762 Thread 0x00000205b982b050 8465       3       org.gradle.internal.instantiation.generator.AsmBackedClassGenerator$ClassBuilderImpl::access$3100 (4 bytes)
Event: 11.762 Thread 0x00000205b982b050 nmethod 8465 0x00000205a30bd690 code [0x00000205a30bd820, 0x00000205a30bd918]
Event: 11.763 Thread 0x00000205b982b050 8466       3       java.util.HashMap$TreeNode::find (172 bytes)
Event: 11.764 Thread 0x00000205b982b050 nmethod 8466 0x00000205a30bd990 code [0x00000205a30bdbc0, 0x00000205a30be5f8]
Event: 11.764 Thread 0x00000205b982b050 8468       3       org.gradle.internal.instantiation.generator.AsmBackedClassGenerator$ClassBuilderImpl::includeNotInheritedAnnotations (121 bytes)
Event: 11.764 Thread 0x00000205b982b050 nmethod 8468 0x00000205a30be910 code [0x00000205a30bec60, 0x00000205a30bff98]
Event: 11.764 Thread 0x00000205b982b050 8467       3       org.gradle.internal.instantiation.generator.AsmBackedClassGenerator$ClassBuilderImpl::<init> (112 bytes)
Event: 11.765 Thread 0x00000205b982b050 nmethod 8467 0x00000205a30c0690 code [0x00000205a30c08a0, 0x00000205a30c1018]
Event: 11.765 Thread 0x00000205b982b050 8469       3       org.gradle.internal.instantiation.generator.AsmBackedClassGenerator$ClassBuilderImpl::generate (34 bytes)
Event: 11.766 Thread 0x00000205b982b050 nmethod 8469 0x00000205a30c1290 code [0x00000205a30c15e0, 0x00000205a30c2698]

GC Heap History (20 events):
Event: 8.185 GC heap before
{Heap before GC invocations=22 (full 0):
 garbage-first heap   total 83968K, used 61974K [0x0000000080000000, 0x0000000100000000)
  region size 1024K, 16 young (16384K), 1 survivors (1024K)
 Metaspace       used 60399K, committed 60928K, reserved 1105920K
  class space    used 8002K, committed 8192K, reserved 1048576K
}
Event: 8.188 GC heap after
{Heap after GC invocations=23 (full 0):
 garbage-first heap   total 83968K, used 47443K [0x0000000080000000, 0x0000000100000000)
  region size 1024K, 2 young (2048K), 2 survivors (2048K)
 Metaspace       used 60399K, committed 60928K, reserved 1105920K
  class space    used 8002K, committed 8192K, reserved 1048576K
}
Event: 8.405 GC heap before
{Heap before GC invocations=24 (full 0):
 garbage-first heap   total 83968K, used 56659K [0x0000000080000000, 0x0000000100000000)
  region size 1024K, 13 young (13312K), 2 survivors (2048K)
 Metaspace       used 62439K, committed 62976K, reserved 1105920K
  class space    used 8259K, committed 8512K, reserved 1048576K
}
Event: 8.408 GC heap after
{Heap after GC invocations=25 (full 0):
 garbage-first heap   total 83968K, used 48962K [0x0000000080000000, 0x0000000100000000)
  region size 1024K, 3 young (3072K), 3 survivors (3072K)
 Metaspace       used 62439K, committed 62976K, reserved 1105920K
  class space    used 8259K, committed 8512K, reserved 1048576K
}
Event: 8.562 GC heap before
{Heap before GC invocations=26 (full 0):
 garbage-first heap   total 104448K, used 70466K [0x0000000080000000, 0x0000000100000000)
  region size 1024K, 19 young (19456K), 3 survivors (3072K)
 Metaspace       used 63049K, committed 63552K, reserved 1105920K
  class space    used 8357K, committed 8576K, reserved 1048576K
}
Event: 8.566 GC heap after
{Heap after GC invocations=27 (full 0):
 garbage-first heap   total 125952K, used 50606K [0x0000000080000000, 0x0000000100000000)
  region size 1024K, 3 young (3072K), 3 survivors (3072K)
 Metaspace       used 63049K, committed 63552K, reserved 1105920K
  class space    used 8357K, committed 8576K, reserved 1048576K
}
Event: 9.120 GC heap before
{Heap before GC invocations=27 (full 0):
 garbage-first heap   total 125952K, used 85422K [0x0000000080000000, 0x0000000100000000)
  region size 1024K, 37 young (37888K), 3 survivors (3072K)
 Metaspace       used 66326K, committed 66816K, reserved 1114112K
  class space    used 8748K, committed 8960K, reserved 1048576K
}
Event: 9.124 GC heap after
{Heap after GC invocations=28 (full 0):
 garbage-first heap   total 125952K, used 53607K [0x0000000080000000, 0x0000000100000000)
  region size 1024K, 5 young (5120K), 5 survivors (5120K)
 Metaspace       used 66326K, committed 66816K, reserved 1114112K
  class space    used 8748K, committed 8960K, reserved 1048576K
}
Event: 9.588 GC heap before
{Heap before GC invocations=28 (full 0):
 garbage-first heap   total 125952K, used 90471K [0x0000000080000000, 0x0000000100000000)
  region size 1024K, 40 young (40960K), 5 survivors (5120K)
 Metaspace       used 67662K, committed 68288K, reserved 1114112K
  class space    used 8940K, committed 9216K, reserved 1048576K
}
Event: 9.595 GC heap after
{Heap after GC invocations=29 (full 0):
 garbage-first heap   total 125952K, used 56383K [0x0000000080000000, 0x0000000100000000)
  region size 1024K, 3 young (3072K), 3 survivors (3072K)
 Metaspace       used 67662K, committed 68288K, reserved 1114112K
  class space    used 8940K, committed 9216K, reserved 1048576K
}
Event: 9.998 GC heap before
{Heap before GC invocations=29 (full 0):
 garbage-first heap   total 125952K, used 92223K [0x0000000080000000, 0x0000000100000000)
  region size 1024K, 38 young (38912K), 3 survivors (3072K)
 Metaspace       used 69679K, committed 70208K, reserved 1114112K
  class space    used 9229K, committed 9472K, reserved 1048576K
}
Event: 10.002 GC heap after
{Heap after GC invocations=30 (full 0):
 garbage-first heap   total 125952K, used 59258K [0x0000000080000000, 0x0000000100000000)
  region size 1024K, 5 young (5120K), 5 survivors (5120K)
 Metaspace       used 69679K, committed 70208K, reserved 1114112K
  class space    used 9229K, committed 9472K, reserved 1048576K
}
Event: 10.567 GC heap before
{Heap before GC invocations=30 (full 0):
 garbage-first heap   total 125952K, used 95098K [0x0000000080000000, 0x0000000100000000)
  region size 1024K, 40 young (40960K), 5 survivors (5120K)
 Metaspace       used 73602K, committed 74240K, reserved 1114112K
  class space    used 9966K, committed 10240K, reserved 1048576K
}
Event: 10.572 GC heap after
{Heap after GC invocations=31 (full 0):
 garbage-first heap   total 125952K, used 62394K [0x0000000080000000, 0x0000000100000000)
  region size 1024K, 3 young (3072K), 3 survivors (3072K)
 Metaspace       used 73602K, committed 74240K, reserved 1114112K
  class space    used 9966K, committed 10240K, reserved 1048576K
}
Event: 10.808 GC heap before
{Heap before GC invocations=31 (full 0):
 garbage-first heap   total 125952K, used 97210K [0x0000000080000000, 0x0000000100000000)
  region size 1024K, 37 young (37888K), 3 survivors (3072K)
 Metaspace       used 74488K, committed 75072K, reserved 1114112K
  class space    used 10098K, committed 10368K, reserved 1048576K
}
Event: 10.813 GC heap after
{Heap after GC invocations=32 (full 0):
 garbage-first heap   total 125952K, used 65838K [0x0000000080000000, 0x0000000100000000)
  region size 1024K, 5 young (5120K), 5 survivors (5120K)
 Metaspace       used 74488K, committed 75072K, reserved 1114112K
  class space    used 10098K, committed 10368K, reserved 1048576K
}
Event: 11.259 GC heap before
{Heap before GC invocations=33 (full 0):
 garbage-first heap   total 125952K, used 98606K [0x0000000080000000, 0x0000000100000000)
  region size 1024K, 37 young (37888K), 5 survivors (5120K)
 Metaspace       used 77947K, committed 78528K, reserved 1122304K
  class space    used 10619K, committed 10880K, reserved 1048576K
}
Event: 11.264 GC heap after
{Heap after GC invocations=34 (full 0):
 garbage-first heap   total 125952K, used 68471K [0x0000000080000000, 0x0000000100000000)
  region size 1024K, 3 young (3072K), 3 survivors (3072K)
 Metaspace       used 77947K, committed 78528K, reserved 1122304K
  class space    used 10619K, committed 10880K, reserved 1048576K
}
Event: 11.309 GC heap before
{Heap before GC invocations=34 (full 0):
 garbage-first heap   total 125952K, used 71543K [0x0000000080000000, 0x0000000100000000)
  region size 1024K, 6 young (6144K), 3 survivors (3072K)
 Metaspace       used 78397K, committed 78976K, reserved 1122304K
  class space    used 10714K, committed 11008K, reserved 1048576K
}
Event: 11.312 GC heap after
{Heap after GC invocations=35 (full 0):
 garbage-first heap   total 151552K, used 68530K [0x0000000080000000, 0x0000000100000000)
  region size 1024K, 1 young (1024K), 1 survivors (1024K)
 Metaspace       used 78397K, committed 78976K, reserved 1122304K
  class space    used 10714K, committed 11008K, reserved 1048576K
}

Dll operation events (2 events):
Event: 0.008 Loaded shared library C:\Program Files\Android\Android Studio\jbr\bin\java.dll
Event: 0.333 Loaded shared library C:\Program Files\Android\Android Studio\jbr\bin\verify.dll

Deoptimization events (20 events):
Event: 11.529 Thread 0x00000205ba965070 DEOPT PACKING pc=0x00000205a9e61e5c sp=0x0000002de4ff9000
Event: 11.529 Thread 0x00000205ba965070 DEOPT UNPACKING pc=0x00000205a983a1a3 sp=0x0000002de4ff8e20 mode 2
Event: 11.544 Thread 0x00000205ba965070 Uncommon trap: trap_request=0xffffff45 fr.pc=0x00000205a9e62748 relative=0x00000000000000a8
Event: 11.544 Thread 0x00000205ba965070 Uncommon trap: reason=unstable_if action=reinterpret pc=0x00000205a9e62748 method=java.lang.CharacterDataLatin1.digit(II)I @ 12 c2
Event: 11.544 Thread 0x00000205ba965070 DEOPT PACKING pc=0x00000205a9e62748 sp=0x0000002de4ff8ec0
Event: 11.544 Thread 0x00000205ba965070 DEOPT UNPACKING pc=0x00000205a983a1a3 sp=0x0000002de4ff8e38 mode 2
Event: 11.585 Thread 0x00000205ba965070 DEOPT PACKING pc=0x00000205a2afcfed sp=0x0000002de4ff8ed0
Event: 11.585 Thread 0x00000205ba965070 DEOPT UNPACKING pc=0x00000205a983ace3 sp=0x0000002de4ff8498 mode 0
Event: 11.648 Thread 0x00000205ba965070 DEOPT PACKING pc=0x00000205a2e068de sp=0x0000002de4ff7f70
Event: 11.648 Thread 0x00000205ba965070 DEOPT UNPACKING pc=0x00000205a983ace3 sp=0x0000002de4ff7420 mode 0
Event: 11.690 Thread 0x00000205ba965070 DEOPT PACKING pc=0x00000205a2afcef6 sp=0x0000002de4ff8eb0
Event: 11.690 Thread 0x00000205ba965070 DEOPT UNPACKING pc=0x00000205a983ace3 sp=0x0000002de4ff8478 mode 0
Event: 11.752 Thread 0x00000205ba965070 Uncommon trap: trap_request=0xffffff45 fr.pc=0x00000205aa03fc88 relative=0x0000000000000728
Event: 11.752 Thread 0x00000205ba965070 Uncommon trap: reason=unstable_if action=reinterpret pc=0x00000205aa03fc88 method=java.util.HashMap.putVal(ILjava/lang/Object;Ljava/lang/Object;ZZ)Ljava/lang/Object; @ 109 c2
Event: 11.752 Thread 0x00000205ba965070 DEOPT PACKING pc=0x00000205aa03fc88 sp=0x0000002de4ff8bd0
Event: 11.752 Thread 0x00000205ba965070 DEOPT UNPACKING pc=0x00000205a983a1a3 sp=0x0000002de4ff8ae8 mode 2
Event: 11.753 Thread 0x00000205ba965070 Uncommon trap: trap_request=0xffffff45 fr.pc=0x00000205aa025094 relative=0x00000000000006b4
Event: 11.753 Thread 0x00000205ba965070 Uncommon trap: reason=unstable_if action=reinterpret pc=0x00000205aa025094 method=java.util.HashMap.putVal(ILjava/lang/Object;Ljava/lang/Object;ZZ)Ljava/lang/Object; @ 109 c2
Event: 11.753 Thread 0x00000205ba965070 DEOPT PACKING pc=0x00000205aa025094 sp=0x0000002de4ff8b20
Event: 11.753 Thread 0x00000205ba965070 DEOPT UNPACKING pc=0x00000205a983a1a3 sp=0x0000002de4ff8ad8 mode 2

Classes unloaded (0 events):
No events

Classes redefined (0 events):
No events

Internal exceptions (20 events):
Event: 10.748 Thread 0x00000205ba965070 Exception <a 'java/lang/ClassNotFoundException'{0x0000000085b0ea58}: org/gradle/api/internal/artifacts/configurations/DefaultConfiguration$ConfigurationResolvableDependenciesCustomizer> (0x0000000085b0ea58) 
thrown [s\src\hotspot\share\classfile\systemDictionary.cpp, line 256]
Event: 10.749 Thread 0x00000205ba965070 Exception <a 'java/lang/ClassNotFoundException'{0x0000000085b2e8c0}: org/gradle/api/internal/artifacts/configurations/DefaultConfiguration$ConfigurationResolvableDependencies_DecoratedCustomizer> (0x0000000085b2e8c0) 
thrown [s\src\hotspot\share\classfile\systemDictionary.cpp, line 256]
Event: 10.843 Thread 0x00000205ba965070 Implicit null exception at 0x00000205aa027892 to 0x00000205aa027f70
Event: 10.843 Thread 0x00000205ba965070 Implicit null exception at 0x00000205aa026294 to 0x00000205aa026960
Event: 11.149 Thread 0x00000205ba965070 Exception <a 'sun/nio/fs/WindowsException'{0x000000008620d6f8}> (0x000000008620d6f8) 
thrown [s\src\hotspot\share\prims\jni.cpp, line 517]
Event: 11.247 Thread 0x00000205ba965070 Exception <a 'java/lang/NullPointerException'{0x0000000085b39728}> (0x0000000085b39728) 
thrown [s\src\hotspot\share\interpreter\linkResolver.cpp, line 1447]
Event: 11.351 Thread 0x00000205ba965070 Implicit null exception at 0x00000205aa183d29 to 0x00000205aa186078
Event: 11.534 Thread 0x00000205ba965070 Exception <a 'sun/nio/fs/WindowsException'{0x000000008892eb58}> (0x000000008892eb58) 
thrown [s\src\hotspot\share\prims\jni.cpp, line 517]
Event: 11.534 Thread 0x00000205ba965070 Exception <a 'sun/nio/fs/WindowsException'{0x000000008892fee8}> (0x000000008892fee8) 
thrown [s\src\hotspot\share\prims\jni.cpp, line 517]
Event: 11.534 Thread 0x00000205ba965070 Exception <a 'sun/nio/fs/WindowsException'{0x00000000889312b0}> (0x00000000889312b0) 
thrown [s\src\hotspot\share\prims\jni.cpp, line 517]
Event: 11.534 Thread 0x00000205ba965070 Exception <a 'sun/nio/fs/WindowsException'{0x0000000088932678}> (0x0000000088932678) 
thrown [s\src\hotspot\share\prims\jni.cpp, line 517]
Event: 11.637 Thread 0x00000205ba965070 Exception <a 'java/lang/ClassNotFoundException'{0x00000000882b93a0}: com/google/gms/googleservices/GoogleServicesTask_DecoratedBeanInfo> (0x00000000882b93a0) 
thrown [s\src\hotspot\share\classfile\systemDictionary.cpp, line 256]
Event: 11.638 Thread 0x00000205ba965070 Exception <a 'java/lang/ClassNotFoundException'{0x00000000882c60f8}: com/google/gms/googleservices/GoogleServicesTask_DecoratedCustomizer> (0x00000000882c60f8) 
thrown [s\src\hotspot\share\classfile\systemDictionary.cpp, line 256]
Event: 11.642 Thread 0x00000205ba965070 Exception <a 'java/lang/ClassNotFoundException'{0x0000000088126710}: org/gradle/api/internal/file/DefaultFilePropertyFactory$DefaultDirectoryVarBeanInfo> (0x0000000088126710) 
thrown [s\src\hotspot\share\classfile\systemDictionary.cpp, line 256]
Event: 11.642 Thread 0x00000205ba965070 Exception <a 'java/lang/ClassNotFoundException'{0x0000000088132238}: org/gradle/api/internal/file/DefaultFilePropertyFactory$AbstractFileVarBeanInfo> (0x0000000088132238) 
thrown [s\src\hotspot\share\classfile\systemDictionary.cpp, line 256]
Event: 11.643 Thread 0x00000205ba965070 Exception <a 'java/lang/ClassNotFoundException'{0x000000008813dd80}: org/gradle/api/internal/file/DefaultFilePropertyFactory$AbstractFileVarCustomizer> (0x000000008813dd80) 
thrown [s\src\hotspot\share\classfile\systemDictionary.cpp, line 256]
Event: 11.644 Thread 0x00000205ba965070 Exception <a 'java/lang/ClassNotFoundException'{0x0000000088171158}: org/gradle/api/internal/file/DefaultFilePropertyFactory$DefaultDirectoryVarCustomizer> (0x0000000088171158) 
thrown [s\src\hotspot\share\classfile\systemDictionary.cpp, line 256]
Event: 11.649 Thread 0x00000205ba965070 Exception <a 'java/lang/ClassNotFoundException'{0x000000008803bc88}: org/gradle/api/internal/file/collections/DefaultConfigurableFileCollectionBeanInfo> (0x000000008803bc88) 
thrown [s\src\hotspot\share\classfile\systemDictionary.cpp, line 256]
Event: 11.649 Thread 0x00000205ba965070 Exception <a 'java/lang/ClassNotFoundException'{0x0000000088047958}: org/gradle/api/internal/file/collections/DefaultConfigurableFileCollectionCustomizer> (0x0000000088047958) 
thrown [s\src\hotspot\share\classfile\systemDictionary.cpp, line 256]
Event: 11.768 Thread 0x00000205ba965070 Exception <a 'java/lang/NoSuchMethodError'{0x00000000875458d8}: 'java.lang.Object java.lang.invoke.DirectMethodHandle$Holder.newInvokeSpecial(java.lang.Object, java.lang.Object, int)'> (0x00000000875458d8) 
thrown [s\src\hotspot\share\interpreter\linkResolver.cpp, line 771]

VM Operations (20 events):
Event: 11.215 Executing VM operation: HandshakeAllThreads
Event: 11.215 Executing VM operation: HandshakeAllThreads done
Event: 11.258 Executing VM operation: G1CollectForAllocation
Event: 11.264 Executing VM operation: G1CollectForAllocation done
Event: 11.309 Executing VM operation: G1CollectForAllocation
Event: 11.312 Executing VM operation: G1CollectForAllocation done
Event: 11.493 Executing VM operation: HandshakeAllThreads
Event: 11.494 Executing VM operation: HandshakeAllThreads done
Event: 11.535 Executing VM operation: HandshakeAllThreads
Event: 11.535 Executing VM operation: HandshakeAllThreads done
Event: 11.542 Executing VM operation: ICBufferFull
Event: 11.542 Executing VM operation: ICBufferFull done
Event: 11.548 Executing VM operation: HandshakeAllThreads
Event: 11.548 Executing VM operation: HandshakeAllThreads done
Event: 11.566 Executing VM operation: HandshakeAllThreads
Event: 11.566 Executing VM operation: HandshakeAllThreads done
Event: 11.628 Executing VM operation: HandshakeAllThreads
Event: 11.628 Executing VM operation: HandshakeAllThreads done
Event: 11.719 Executing VM operation: ICBufferFull
Event: 11.719 Executing VM operation: ICBufferFull done

Events (20 events):
Event: 11.530 loading class jdk/internal/reflect/UnsafeIntegerFieldAccessorImpl done
Event: 11.531 loading class com/sun/org/apache/xerces/internal/impl/io/MalformedByteSequenceException
Event: 11.531 loading class java/io/CharConversionException
Event: 11.531 loading class java/io/CharConversionException done
Event: 11.531 loading class com/sun/org/apache/xerces/internal/impl/io/MalformedByteSequenceException done
Event: 11.534 loading class java/util/EnumMap$EntrySet
Event: 11.535 loading class java/util/EnumMap$EntrySet done
Event: 11.535 loading class java/util/EnumMap$EntryIterator
Event: 11.535 loading class java/util/EnumMap$EnumMapIterator
Event: 11.535 loading class java/util/EnumMap$EnumMapIterator done
Event: 11.535 loading class java/util/EnumMap$EntryIterator done
Event: 11.535 loading class java/util/EnumMap$EntryIterator$Entry
Event: 11.535 loading class java/util/EnumMap$EntryIterator$Entry done
Event: 11.540 Thread 0x00000205b982be50 flushing nmethod 0x00000205a2904590
Event: 11.544 loading class jdk/internal/reflect/UnsafeBooleanFieldAccessorImpl
Event: 11.544 loading class jdk/internal/reflect/UnsafeBooleanFieldAccessorImpl done
Event: 11.560 loading class java/util/concurrent/LinkedBlockingDeque$Itr
Event: 11.560 loading class java/util/concurrent/LinkedBlockingDeque$AbstractItr
Event: 11.560 loading class java/util/concurrent/LinkedBlockingDeque$AbstractItr done
Event: 11.560 loading class java/util/concurrent/LinkedBlockingDeque$Itr done


Dynamic libraries:
0x00007ff61bab0000 - 0x00007ff61baba000 	C:\Program Files\Android\Android Studio\jbr\bin\java.exe
0x00007ffd405d0000 - 0x00007ffd407c7000 	C:\WINDOWS\SYSTEM32\ntdll.dll
0x00007ffd3e8f0000 - 0x00007ffd3e9ad000 	C:\WINDOWS\System32\KERNEL32.DLL
0x00007ffd3dfd0000 - 0x00007ffd3e2c6000 	C:\WINDOWS\System32\KERNELBASE.dll
0x00007ffd3dde0000 - 0x00007ffd3dee0000 	C:\WINDOWS\System32\ucrtbase.dll
0x00007ffd36560000 - 0x00007ffd36577000 	C:\Program Files\Android\Android Studio\jbr\bin\jli.dll
0x00007ffd365d0000 - 0x00007ffd365eb000 	C:\Program Files\Android\Android Studio\jbr\bin\VCRUNTIME140.dll
0x00007ffd3f0e0000 - 0x00007ffd3f27e000 	C:\WINDOWS\System32\USER32.dll
0x00007ffd140d0000 - 0x00007ffd1436a000 	C:\WINDOWS\WinSxS\amd64_microsoft.windows.common-controls_6595b64144ccf1df_6.0.19041.3570_none_60bb2a3971f3e41a\COMCTL32.dll
0x00007ffd3dfa0000 - 0x00007ffd3dfc2000 	C:\WINDOWS\System32\win32u.dll
0x00007ffd3e7a0000 - 0x00007ffd3e83e000 	C:\WINDOWS\System32\msvcrt.dll
0x00007ffd40560000 - 0x00007ffd4058c000 	C:\WINDOWS\System32\GDI32.dll
0x00007ffd3e430000 - 0x00007ffd3e54a000 	C:\WINDOWS\System32\gdi32full.dll
0x00007ffd3dcb0000 - 0x00007ffd3dd4d000 	C:\WINDOWS\System32\msvcp_win.dll
0x00007ffd3f3e0000 - 0x00007ffd3f410000 	C:\WINDOWS\System32\IMM32.DLL
0x00007ffd39430000 - 0x00007ffd3943c000 	C:\Program Files\Android\Android Studio\jbr\bin\vcruntime140_1.dll
0x00007ffd0e160000 - 0x00007ffd0e1ed000 	C:\Program Files\Android\Android Studio\jbr\bin\msvcp140.dll
0x00007ffcc58e0000 - 0x00007ffcc654d000 	C:\Program Files\Android\Android Studio\jbr\bin\server\jvm.dll
0x00007ffd3e840000 - 0x00007ffd3e8ee000 	C:\WINDOWS\System32\ADVAPI32.dll
0x00007ffd3e690000 - 0x00007ffd3e72c000 	C:\WINDOWS\System32\sechost.dll
0x00007ffd3f8c0000 - 0x00007ffd3f9e6000 	C:\WINDOWS\System32\RPCRT4.dll
0x00007ffd1a570000 - 0x00007ffd1a579000 	C:\WINDOWS\SYSTEM32\WSOCK32.dll
0x00007ffd3f770000 - 0x00007ffd3f7db000 	C:\WINDOWS\System32\WS2_32.dll
0x00007ffd1ad00000 - 0x00007ffd1ad27000 	C:\WINDOWS\SYSTEM32\WINMM.dll
0x00007ffd344a0000 - 0x00007ffd344aa000 	C:\WINDOWS\SYSTEM32\VERSION.dll
0x00007ffd3c4e0000 - 0x00007ffd3c4f2000 	C:\WINDOWS\SYSTEM32\kernel.appcore.dll
0x00007ffd1f4e0000 - 0x00007ffd1f4ea000 	C:\Program Files\Android\Android Studio\jbr\bin\jimage.dll
0x00007ffd3ba50000 - 0x00007ffd3bc34000 	C:\WINDOWS\SYSTEM32\DBGHELP.DLL
0x00007ffd333a0000 - 0x00007ffd333d4000 	C:\WINDOWS\SYSTEM32\dbgcore.DLL
0x00007ffd3dd50000 - 0x00007ffd3ddd2000 	C:\WINDOWS\System32\bcryptPrimitives.dll
0x00007ffd1f4b0000 - 0x00007ffd1f4d5000 	C:\Program Files\Android\Android Studio\jbr\bin\java.dll
0x00007ffd1f490000 - 0x00007ffd1f4a8000 	C:\Program Files\Android\Android Studio\jbr\bin\zip.dll
0x00007ffd3f9f0000 - 0x00007ffd40134000 	C:\WINDOWS\System32\SHELL32.dll
0x00007ffd3bd30000 - 0x00007ffd3c4cb000 	C:\WINDOWS\SYSTEM32\windows.storage.dll
0x00007ffd3f410000 - 0x00007ffd3f764000 	C:\WINDOWS\System32\combase.dll
0x00007ffd3d6f0000 - 0x00007ffd3d71d000 	C:\WINDOWS\SYSTEM32\Wldp.dll
0x00007ffd3ebb0000 - 0x00007ffd3ec5d000 	C:\WINDOWS\System32\SHCORE.dll
0x00007ffd3f860000 - 0x00007ffd3f8b5000 	C:\WINDOWS\System32\shlwapi.dll
0x00007ffd3dbe0000 - 0x00007ffd3dc05000 	C:\WINDOWS\SYSTEM32\profapi.dll
0x00007ffd0f930000 - 0x00007ffd0f949000 	C:\Program Files\Android\Android Studio\jbr\bin\net.dll
0x00007ffd2e290000 - 0x00007ffd2e39a000 	C:\WINDOWS\SYSTEM32\WINHTTP.dll
0x00007ffd3d450000 - 0x00007ffd3d4ba000 	C:\WINDOWS\system32\mswsock.dll
0x00007ffd0f910000 - 0x00007ffd0f926000 	C:\Program Files\Android\Android Studio\jbr\bin\nio.dll
0x00007ffd10660000 - 0x00007ffd10670000 	C:\Program Files\Android\Android Studio\jbr\bin\verify.dll
0x00007ffd11490000 - 0x00007ffd114b7000 	C:\Users\vkhan\.gradle\native\68d5fa5c4cc2d200863cafc0d521ce42e7d3e7ee720ec0a83991735586a16f82\windows-amd64\native-platform.dll
0x00007ffd0b4f0000 - 0x00007ffd0b634000 	C:\Users\vkhan\.gradle\native\e376f236ea51e6404a007f0833ffe2c6e607c4080706a723a18a27aeea778392\windows-amd64\native-platform-file-events.dll
0x00007ffd1f480000 - 0x00007ffd1f489000 	C:\Program Files\Android\Android Studio\jbr\bin\management.dll
0x00007ffd106b0000 - 0x00007ffd106bb000 	C:\Program Files\Android\Android Studio\jbr\bin\management_ext.dll
0x00007ffd3e790000 - 0x00007ffd3e798000 	C:\WINDOWS\System32\PSAPI.DLL
0x00007ffd3d650000 - 0x00007ffd3d668000 	C:\WINDOWS\SYSTEM32\CRYPTSP.dll
0x00007ffd3ccf0000 - 0x00007ffd3cd24000 	C:\WINDOWS\system32\rsaenh.dll
0x00007ffd3e550000 - 0x00007ffd3e577000 	C:\WINDOWS\System32\bcrypt.dll
0x00007ffd3dba0000 - 0x00007ffd3dbce000 	C:\WINDOWS\SYSTEM32\USERENV.dll
0x00007ffd3d640000 - 0x00007ffd3d64c000 	C:\WINDOWS\SYSTEM32\CRYPTBASE.dll
0x00007ffd3d0f0000 - 0x00007ffd3d12b000 	C:\WINDOWS\SYSTEM32\IPHLPAPI.DLL
0x00007ffd403c0000 - 0x00007ffd403c8000 	C:\WINDOWS\System32\NSI.dll
0x00007ffd335a0000 - 0x00007ffd335b7000 	C:\WINDOWS\SYSTEM32\dhcpcsvc6.DLL
0x00007ffd33380000 - 0x00007ffd3339d000 	C:\WINDOWS\SYSTEM32\dhcpcsvc.DLL
0x00007ffd3d140000 - 0x00007ffd3d20a000 	C:\WINDOWS\SYSTEM32\DNSAPI.dll
0x00007ffd103a0000 - 0x00007ffd103a7000 	C:\WINDOWS\system32\wshunix.dll

dbghelp: loaded successfully - version: 4.0.5 - missing functions: none
symbol engine: initialized successfully - sym options: 0x614 - pdb path: .;C:\Program Files\Android\Android Studio\jbr\bin;C:\WINDOWS\SYSTEM32;C:\WINDOWS\WinSxS\amd64_microsoft.windows.common-controls_6595b64144ccf1df_6.0.19041.3570_none_60bb2a3971f3e41a;C:\Program Files\Android\Android Studio\jbr\bin\server;C:\Users\vkhan\.gradle\native\68d5fa5c4cc2d200863cafc0d521ce42e7d3e7ee720ec0a83991735586a16f82\windows-amd64;C:\Users\vkhan\.gradle\native\e376f236ea51e6404a007f0833ffe2c6e607c4080706a723a18a27aeea778392\windows-amd64

VM Arguments:
jvm_args: --add-opens=java.base/java.util=ALL-UNNAMED --add-opens=java.base/java.lang=ALL-UNNAMED --add-opens=java.base/java.lang.invoke=ALL-UNNAMED --add-opens=java.prefs/java.util.prefs=ALL-UNNAMED --add-opens=java.base/java.nio.charset=ALL-UNNAMED --add-opens=java.base/java.net=ALL-UNNAMED --add-opens=java.base/java.util.concurrent.atomic=ALL-UNNAMED -Xmx2048m -Dfile.encoding=UTF-8 -Duser.country=US -Duser.language=en -Duser.variant 
java_command: org.gradle.launcher.daemon.bootstrap.GradleDaemon 8.0
java_class_path (initial): C:\Users\vkhan\.gradle\wrapper\dists\gradle-8.0-bin\ca5e32bp14vu59qr306oxotwh\gradle-8.0\lib\gradle-launcher-8.0.jar
Launcher Type: SUN_STANDARD

[Global flags]
     intx CICompilerCount                          = 4                                         {product} {ergonomic}
     uint ConcGCThreads                            = 2                                         {product} {ergonomic}
     uint G1ConcRefinementThreads                  = 8                                         {product} {ergonomic}
   size_t G1HeapRegionSize                         = 1048576                                   {product} {ergonomic}
    uintx GCDrainStackTargetSize                   = 64                                        {product} {ergonomic}
   size_t InitialHeapSize                          = 132120576                                 {product} {ergonomic}
   size_t MarkStackSize                            = 4194304                                   {product} {ergonomic}
   size_t MaxHeapSize                              = 2147483648                                {product} {command line}
   size_t MaxNewSize                               = 1287651328                                {product} {ergonomic}
   size_t MinHeapDeltaBytes                        = 1048576                                   {product} {ergonomic}
   size_t MinHeapSize                              = 8388608                                   {product} {ergonomic}
    uintx NonNMethodCodeHeapSize                   = 5839372                                {pd product} {ergonomic}
    uintx NonProfiledCodeHeapSize                  = 122909434                              {pd product} {ergonomic}
    uintx ProfiledCodeHeapSize                     = 122909434                              {pd product} {ergonomic}
    uintx ReservedCodeCacheSize                    = 251658240                              {pd product} {ergonomic}
     bool SegmentedCodeCache                       = true                                      {product} {ergonomic}
   size_t SoftMaxHeapSize                          = 2147483648                             {manageable} {ergonomic}
     bool UseCompressedClassPointers               = true                           {product lp64_product} {ergonomic}
     bool UseCompressedOops                        = true                           {product lp64_product} {ergonomic}
     bool UseG1GC                                  = true                                      {product} {ergonomic}
     bool UseLargePagesIndividualAllocation        = false                                  {pd product} {ergonomic}

Logging:
Log output configuration:
 #0: stdout all=warning uptime,level,tags
 #1: stderr all=off uptime,level,tags

Environment Variables:
PATH=C:\Program Files\Common Files\Oracle\Java\javapath;C:\Program Files (x86)\Common Files\Oracle\Java\javapath;C:\WINDOWS\system32;C:\WINDOWS;C:\WINDOWS\System32\Wbem;C:\WINDOWS\System32\WindowsPowerShell\v1.0\;C:\WINDOWS\System32\OpenSSH\;C:\Program Files\Microsoft SQL Server\Client SDK\ODBC\170\Tools\Binn\;C:\Program Files (x86)\Microsoft SQL Server\150\Tools\Binn\;C:\Program Files\Microsoft SQL Server\150\Tools\Binn\;C:\Program Files\Microsoft SQL Server\150\DTS\Binn\;C:\Program Files (x86)\Microsoft SQL Server\160\DTS\Binn\;C:\Program Files\Azure Data Studio\bin;C:\Program Files\Git\cmd;C:\Program Files\nodejs\;C:\Users\vkhan\AppData\Local\Programs\Python\Python311\Scripts\;C:\Users\vkhan\AppData\Local\Programs\Python\Python311\;C:\Users\vkhan\AppData\Local\Microsoft\WindowsApps;C:\Users\vkhan\AppData\Local\Programs\Microsoft VS Code\bin;C:\Program Files\Azure Data Studio\bin;C:\Users\vkhan\AppData\Roaming\npm;C:\Program Files\nodejs;
USERNAME=Admin
OS=Windows_NT
PROCESSOR_IDENTIFIER=Intel64 Family 6 Model 126 Stepping 5, GenuineIntel
TMP=C:\Users\vkhan\AppData\Local\Temp
TEMP=C:\Users\vkhan\AppData\Local\Temp



---------------  S Y S T E M  ---------------

OS:
 Windows 10 , 64 bit Build 19041 (10.0.19041.3570)
OS uptime: 5 days 19:54 hours

CPU: total 8 (initial active 8) (4 cores per cpu, 2 threads per core) family 6 model 126 stepping 5 microcode 0xbc, cx8, cmov, fxsr, ht, mmx, 3dnowpref, sse, sse2, sse3, ssse3, sse4.1, sse4.2, popcnt, lzcnt, tsc, tscinvbit, avx, avx2, aes, erms, clmul, bmi1, bmi2, adx, avx512f, avx512dq, avx512cd, avx512bw, avx512vl, sha, fma, vzeroupper, avx512_vpopcntdq, avx512_vpclmulqdq, avx512_vaes, avx512_vnni, clflush, clflushopt, avx512_vbmi2, avx512_vbmi

Memory: 4k page, system-wide physical 7959M (301M free)
TotalPageFile size 20759M (AvailPageFile size 5M)
current process WorkingSet (physical memory assigned to process): 376M, peak: 376M
current process commit charge ("private bytes"): 417M, peak: 419M

vm_info: OpenJDK 64-Bit Server VM (17.0.6+0-b2043.56-9586694) for windows-amd64 JRE (17.0.6+0-b2043.56-9586694), built on Feb  9 2023 20:06:20 by "androidbuild" with MS VC++ 16.10 / 16.11 (VS2019)

END.
