#
# There is insufficient memory for the Java Runtime Environment to continue.
# Native memory allocation (mmap) failed to map 5242880 bytes for G1 virtual space
# Possible reasons:
#   The system is out of physical RAM or swap space
#   The process is running with CompressedOops enabled, and the Java Heap may be blocking the growth of the native heap
# Possible solutions:
#   Reduce memory load on the system
#   Increase physical memory or swap space
#   Check if swap backing store is full
#   Decrease Java heap size (-Xmx/-Xms)
#   Decrease number of Java threads
#   Decrease Java thread stack sizes (-Xss)
#   Set larger code cache with -XX:ReservedCodeCacheSize=
#   JVM is running with Unscaled Compressed Oops mode in which the Java heap is
#     placed in the first 4GB address space. The Java Heap base address is the
#     maximum limit for the native heap growth. Please use -XX:HeapBaseMinAddress
#     to set the Java Heap base and to place the Java Heap above 4GB virtual address.
# This output file may be truncated or incomplete.
#
#  Out of Memory Error (os_windows.cpp:3769), pid=12668, tid=10048
#
# JRE version: OpenJDK Runtime Environment (17.0.6) (build 17.0.6+0-b2043.56-9586694)
# Java VM: OpenJDK 64-Bit Server VM (17.0.6+0-b2043.56-9586694, mixed mode, tiered, compressed oops, compressed class ptrs, g1 gc, windows-amd64)
# No core dump will be written. Minidumps are not enabled by default on client versions of Windows
#

---------------  S U M M A R Y ------------

Command Line: --add-opens=java.base/java.util=ALL-UNNAMED --add-opens=java.base/java.lang=ALL-UNNAMED --add-opens=java.base/java.lang.invoke=ALL-UNNAMED --add-opens=java.prefs/java.util.prefs=ALL-UNNAMED --add-opens=java.base/java.nio.charset=ALL-UNNAMED --add-opens=java.base/java.net=ALL-UNNAMED --add-opens=java.base/java.util.concurrent.atomic=ALL-UNNAMED -Xmx2048m -Dfile.encoding=UTF-8 -Duser.country=US -Duser.language=en -Duser.variant org.gradle.launcher.daemon.bootstrap.GradleDaemon 8.0

Host: Intel(R) Core(TM) i5-1035G1 CPU @ 1.00GHz, 8 cores, 7G,  Windows 10 , 64 bit Build 19041 (10.0.19041.3570)
Time: Sun Nov 12 14:52:01 2023 SE Asia Standard Time elapsed time: 4.226679 seconds (0d 0h 0m 4s)

---------------  T H R E A D  ---------------

Current thread (0x0000024e66e51210):  VMThread "VM Thread" [stack: 0x0000006625700000,0x0000006625800000] [id=10048]

Stack: [0x0000006625700000,0x0000006625800000]
Native frames: (J=compiled Java code, j=interpreted, Vv=VM code, C=native code)
V  [jvm.dll+0x683b4a]
V  [jvm.dll+0x842654]
V  [jvm.dll+0x843dfe]
V  [jvm.dll+0x844463]
V  [jvm.dll+0x249b75]
V  [jvm.dll+0x680a19]
V  [jvm.dll+0x674f0a]
V  [jvm.dll+0x309acb]
V  [jvm.dll+0x310f86]
V  [jvm.dll+0x3608ee]
V  [jvm.dll+0x360b1f]
V  [jvm.dll+0x2dfbf8]
V  [jvm.dll+0x2e2ce6]
V  [jvm.dll+0x2ed478]
V  [jvm.dll+0x322150]
V  [jvm.dll+0x84893b]
V  [jvm.dll+0x849674]
V  [jvm.dll+0x849b8d]
V  [jvm.dll+0x849f64]
V  [jvm.dll+0x84a030]
V  [jvm.dll+0x7f25fa]
V  [jvm.dll+0x682985]
C  [ucrtbase.dll+0x21bb2]
C  [KERNEL32.DLL+0x17344]
C  [ntdll.dll+0x526b1]

VM_Operation (0x00000066253ff4e0): G1Concurrent, mode: safepoint, requested by thread 0x0000024e4d059e30


---------------  P R O C E S S  ---------------

Threads class SMR info:
_java_thread_list=0x0000024e6c2a0870, length=42, elements={
0x0000024e4cfe8e80, 0x0000024e66e59080, 0x0000024e6780d930, 0x0000024e6780a310,
0x0000024e67847960, 0x0000024e6784a230, 0x0000024e67856d00, 0x0000024e678578f0,
0x0000024e6785b6f0, 0x0000024e6785bff0, 0x0000024e679de870, 0x0000024e679eb410,
0x0000024e68539840, 0x0000024e69cfb020, 0x0000024e6857e660, 0x0000024e67fe1000,
0x0000024e6a1e1bd0, 0x0000024e6a522b00, 0x0000024e6a5237e0, 0x0000024e69ce5580,
0x0000024e689cda80, 0x0000024e689ce420, 0x0000024e689d0aa0, 0x0000024e689cedc0,
0x0000024e6a3e6d80, 0x0000024e689cf760, 0x0000024e689cf290, 0x0000024e689cfc30,
0x0000024e689cdf50, 0x0000024e689d05d0, 0x0000024e689cd0e0, 0x0000024e689cd5b0,
0x0000024e6a8941c0, 0x0000024e6a895030, 0x0000024e6a895500, 0x0000024e6a894690,
0x0000024e6a895ea0, 0x0000024e6a898520, 0x0000024e6a896d10, 0x0000024e6a8989f0,
0x0000024e6a894b60, 0x0000024e6a8959d0
}

Java Threads: ( => current thread )
  0x0000024e4cfe8e80 JavaThread "main" [_thread_blocked, id=15516, stack(0x0000006625100000,0x0000006625200000)]
  0x0000024e66e59080 JavaThread "Reference Handler" daemon [_thread_blocked, id=18776, stack(0x0000006625800000,0x0000006625900000)]
  0x0000024e6780d930 JavaThread "Finalizer" daemon [_thread_blocked, id=22420, stack(0x0000006625900000,0x0000006625a00000)]
  0x0000024e6780a310 JavaThread "Signal Dispatcher" daemon [_thread_blocked, id=8968, stack(0x0000006625a00000,0x0000006625b00000)]
  0x0000024e67847960 JavaThread "Attach Listener" daemon [_thread_blocked, id=14012, stack(0x0000006625b00000,0x0000006625c00000)]
  0x0000024e6784a230 JavaThread "Service Thread" daemon [_thread_blocked, id=19720, stack(0x0000006625c00000,0x0000006625d00000)]
  0x0000024e67856d00 JavaThread "Monitor Deflation Thread" daemon [_thread_blocked, id=17624, stack(0x0000006625d00000,0x0000006625e00000)]
  0x0000024e678578f0 JavaThread "C2 CompilerThread0" daemon [_thread_blocked, id=21140, stack(0x0000006625e00000,0x0000006625f00000)]
  0x0000024e6785b6f0 JavaThread "C1 CompilerThread0" daemon [_thread_blocked, id=16484, stack(0x0000006625f00000,0x0000006626000000)]
  0x0000024e6785bff0 JavaThread "Sweeper thread" daemon [_thread_blocked, id=8956, stack(0x0000006626000000,0x0000006626100000)]
  0x0000024e679de870 JavaThread "Common-Cleaner" daemon [_thread_blocked, id=7260, stack(0x0000006626100000,0x0000006626200000)]
  0x0000024e679eb410 JavaThread "Notification Thread" daemon [_thread_blocked, id=14408, stack(0x0000006626200000,0x0000006626300000)]
  0x0000024e68539840 JavaThread "Daemon health stats" [_thread_blocked, id=20496, stack(0x0000006626900000,0x0000006626a00000)]
  0x0000024e69cfb020 JavaThread "Incoming local TCP Connector on port 62952" [_thread_in_native, id=21688, stack(0x0000006626a00000,0x0000006626b00000)]
  0x0000024e6857e660 JavaThread "Daemon periodic checks" [_thread_blocked, id=11516, stack(0x0000006626b00000,0x0000006626c00000)]
  0x0000024e67fe1000 JavaThread "Daemon" [_thread_blocked, id=10276, stack(0x0000006626c00000,0x0000006626d00000)]
  0x0000024e6a1e1bd0 JavaThread "Handler for socket connection from /127.0.0.1:62952 to /127.0.0.1:62953" [_thread_in_native, id=21280, stack(0x0000006626d00000,0x0000006626e00000)]
  0x0000024e6a522b00 JavaThread "Cancel handler" [_thread_blocked, id=10744, stack(0x0000006626e00000,0x0000006626f00000)]
  0x0000024e6a5237e0 JavaThread "Daemon worker" [_thread_blocked, id=15984, stack(0x0000006626f00000,0x0000006627000000)]
  0x0000024e69ce5580 JavaThread "Asynchronous log dispatcher for DefaultDaemonConnection: socket connection from /127.0.0.1:62952 to /127.0.0.1:62953" [_thread_blocked, id=5768, stack(0x0000006627000000,0x0000006627100000)]
  0x0000024e689cda80 JavaThread "Stdin handler" [_thread_blocked, id=11532, stack(0x0000006627100000,0x0000006627200000)]
  0x0000024e689ce420 JavaThread "Daemon client event forwarder" [_thread_blocked, id=13624, stack(0x0000006627200000,0x0000006627300000)]
  0x0000024e689d0aa0 JavaThread "Cache worker for journal cache (C:\Users\vkhan\.gradle\caches\journal-1)" [_thread_blocked, id=11732, stack(0x0000006626400000,0x0000006626500000)]
  0x0000024e689cedc0 JavaThread "File lock request listener" [_thread_in_native, id=14056, stack(0x0000006627700000,0x0000006627800000)]
  0x0000024e6a3e6d80 JavaThread "C2 CompilerThread1" daemon [_thread_in_native, id=15568, stack(0x0000006627800000,0x0000006627900000)]
  0x0000024e689cf760 JavaThread "Cache worker for file hash cache (C:\Users\vkhan\.gradle\caches\8.0\fileHashes)" [_thread_blocked, id=18040, stack(0x0000006627900000,0x0000006627a00000)]
  0x0000024e689cf290 JavaThread "File watcher server" daemon [_thread_in_native, id=11476, stack(0x0000006627a00000,0x0000006627b00000)]
  0x0000024e689cfc30 JavaThread "File watcher consumer" daemon [_thread_blocked, id=9764, stack(0x0000006627b00000,0x0000006627c00000)]
  0x0000024e689cdf50 JavaThread "jar transforms" [_thread_blocked, id=19204, stack(0x0000006627c00000,0x0000006627d00000)]
  0x0000024e689d05d0 JavaThread "jar transforms Thread 2" [_thread_blocked, id=11776, stack(0x0000006627d00000,0x0000006627e00000)]
  0x0000024e689cd0e0 JavaThread "jar transforms Thread 3" [_thread_blocked, id=10180, stack(0x0000006627e00000,0x0000006627f00000)]
  0x0000024e689cd5b0 JavaThread "jar transforms Thread 4" [_thread_blocked, id=7336, stack(0x0000006627f00000,0x0000006628000000)]
  0x0000024e6a8941c0 JavaThread "jar transforms Thread 5" [_thread_blocked, id=1180, stack(0x0000006628000000,0x0000006628100000)]
  0x0000024e6a895030 JavaThread "jar transforms Thread 6" [_thread_blocked, id=1244, stack(0x0000006628100000,0x0000006628200000)]
  0x0000024e6a895500 JavaThread "jar transforms Thread 7" [_thread_blocked, id=21536, stack(0x0000006628200000,0x0000006628300000)]
  0x0000024e6a894690 JavaThread "jar transforms Thread 8" [_thread_blocked, id=3740, stack(0x0000006628300000,0x0000006628400000)]
  0x0000024e6a895ea0 JavaThread "Cache worker for checksums cache (D:\LUANVAN\LV_QuanLiQuanAn\QuanLyQuanAn0609\.gradle\8.0\checksums)" [_thread_blocked, id=14712, stack(0x0000006628500000,0x0000006628600000)]
  0x0000024e6a898520 JavaThread "Cache worker for cache directory md-rule (C:\Users\vkhan\.gradle\caches\8.0\md-rule)" [_thread_blocked, id=6768, stack(0x0000006628600000,0x0000006628700000)]
  0x0000024e6a896d10 JavaThread "Cache worker for file content cache (C:\Users\vkhan\.gradle\caches\8.0\fileContent)" [_thread_blocked, id=5488, stack(0x0000006628700000,0x0000006628800000)]
  0x0000024e6a8989f0 JavaThread "Cache worker for file hash cache (D:\LUANVAN\LV_QuanLiQuanAn\QuanLyQuanAn0609\.gradle\8.0\fileHashes)" [_thread_blocked, id=11460, stack(0x0000006628800000,0x0000006628900000)]
  0x0000024e6a894b60 JavaThread "Cache worker for cache directory md-supplier (C:\Users\vkhan\.gradle\caches\8.0\md-supplier)" [_thread_blocked, id=11364, stack(0x0000006628900000,0x0000006628a00000)]
  0x0000024e6a8959d0 JavaThread "Cache worker for execution history cache (C:\Users\vkhan\.gradle\caches\8.0\executionHistory)" [_thread_blocked, id=8324, stack(0x0000006628a00000,0x0000006628b00000)]

Other Threads:
=>0x0000024e66e51210 VMThread "VM Thread" [stack: 0x0000006625700000,0x0000006625800000] [id=10048]
  0x0000024e679df150 WatcherThread [stack: 0x0000006626300000,0x0000006626400000] [id=14600]
  0x0000024e4d048fe0 GCTaskThread "GC Thread#0" [stack: 0x0000006625200000,0x0000006625300000] [id=2512]
  0x0000024e680e7390 GCTaskThread "GC Thread#1" [stack: 0x0000006626500000,0x0000006626600000] [id=19956]
  0x0000024e680e7640 GCTaskThread "GC Thread#2" [stack: 0x0000006626600000,0x0000006626700000] [id=20720]
  0x0000024e687e6040 GCTaskThread "GC Thread#3" [stack: 0x0000006626700000,0x0000006626800000] [id=6376]
  0x0000024e67d0bcf0 GCTaskThread "GC Thread#4" [stack: 0x0000006626800000,0x0000006626900000] [id=8756]
  0x0000024e6873b040 GCTaskThread "GC Thread#5" [stack: 0x0000006627300000,0x0000006627400000] [id=19616]
  0x0000024e67e33830 GCTaskThread "GC Thread#6" [stack: 0x0000006627400000,0x0000006627500000] [id=8488]
  0x0000024e6a4842e0 GCTaskThread "GC Thread#7" [stack: 0x0000006627500000,0x0000006627600000] [id=14444]
  0x0000024e4d059e30 ConcurrentGCThread "G1 Main Marker" [stack: 0x0000006625300000,0x0000006625400000] [id=2892]
  0x0000024e4d05a750 ConcurrentGCThread "G1 Conc#0" [stack: 0x0000006625400000,0x0000006625500000] [id=4928]
  0x0000024e690bd020 ConcurrentGCThread "G1 Conc#1" [stack: 0x0000006627600000,0x0000006627700000] [id=20904]
  0x0000024e66cbc520 ConcurrentGCThread "G1 Refine#0" [stack: 0x0000006625500000,0x0000006625600000] [id=14992]
  0x0000024e69f95360 ConcurrentGCThread "G1 Refine#1" [stack: 0x0000006628400000,0x0000006628500000] [id=3764]
  0x0000024e4d0bd1e0 ConcurrentGCThread "G1 Service" [stack: 0x0000006625600000,0x0000006625700000] [id=18664]

Threads with active compile tasks:
C2 CompilerThread1     4250 3718       4       java.util.AbstractCollection::addAll (42 bytes)

VM state: at safepoint (normal execution)

VM Mutex/Monitor currently owned by a thread:  ([mutex/lock_event])
[0x0000024e4cfe4920] Threads_lock - owner thread: 0x0000024e66e51210
[0x0000024e4cfe4fe0] Heap_lock - owner thread: 0x0000024e4d059e30

Heap address: 0x0000000080000000, size: 2048 MB, Compressed Oops mode: 32-bit

CDS archive(s) not mapped
Compressed class space mapped at: 0x0000000100000000-0x0000000140000000, reserved size: 1073741824
Narrow klass base: 0x0000000000000000, Narrow klass shift: 3, Narrow klass range: 0x140000000

GC Precious Log:
 CPUs: 8 total, 8 available
 Memory: 7959M
 Large Page Support: Disabled
 NUMA Support: Disabled
 Compressed Oops: Enabled (32-bit)
 Heap Region Size: 1M
 Heap Min Capacity: 8M
 Heap Initial Capacity: 126M
 Heap Max Capacity: 2G
 Pre-touch: Disabled
 Parallel Workers: 8
 Concurrent Workers: 2
 Concurrent Refinement Workers: 8
 Periodic GC: Disabled

Heap:
 garbage-first heap   total 112640K, used 67763K [0x0000000080000000, 0x0000000100000000)
  region size 1024K, 3 young (3072K), 2 survivors (2048K)
 Metaspace       used 42735K, committed 43200K, reserved 1089536K
  class space    used 5619K, committed 5824K, reserved 1048576K

Heap Regions: E=young(eden), S=young(survivor), O=old, HS=humongous(starts), HC=humongous(continues), CS=collection set, F=free, OA=open archive, CA=closed archive, TAMS=top-at-mark-start (previous, next)
|   0|0x0000000080000000, 0x0000000080100000, 0x0000000080100000|100%|HS|  |TAMS 0x0000000080100000, 0x0000000080000000| Complete 
|   1|0x0000000080100000, 0x0000000080200000, 0x0000000080200000|100%|HC|  |TAMS 0x0000000080200000, 0x0000000080100000| Complete 
|   2|0x0000000080200000, 0x0000000080300000, 0x0000000080300000|100%|HC|  |TAMS 0x0000000080300000, 0x0000000080200000| Complete 
|   3|0x0000000080300000, 0x0000000080400000, 0x0000000080400000|100%|HC|  |TAMS 0x0000000080400000, 0x0000000080300000| Complete 
|   4|0x0000000080400000, 0x0000000080500000, 0x0000000080500000|100%| O|  |TAMS 0x0000000080500000, 0x0000000080400000| Untracked 
|   5|0x0000000080500000, 0x0000000080600000, 0x0000000080600000|100%| O|  |TAMS 0x0000000080600000, 0x0000000080500000| Updating 
|   6|0x0000000080600000, 0x0000000080700000, 0x0000000080700000|100%| O|  |TAMS 0x0000000080700000, 0x0000000080600000| Untracked 
|   7|0x0000000080700000, 0x0000000080800000, 0x0000000080800000|100%| O|  |TAMS 0x0000000080800000, 0x0000000080700000| Untracked 
|   8|0x0000000080800000, 0x0000000080900000, 0x0000000080900000|100%| O|  |TAMS 0x0000000080900000, 0x0000000080800000| Untracked 
|   9|0x0000000080900000, 0x0000000080a00000, 0x0000000080a00000|100%| O|  |TAMS 0x0000000080a00000, 0x0000000080900000| Untracked 
|  10|0x0000000080a00000, 0x0000000080b00000, 0x0000000080b00000|100%| O|  |TAMS 0x0000000080b00000, 0x0000000080a00000| Untracked 
|  11|0x0000000080b00000, 0x0000000080b6a600, 0x0000000080c00000| 41%| O|  |TAMS 0x0000000080b6a600, 0x0000000080b00000| Updating 
|  12|0x0000000080c00000, 0x0000000080d00000, 0x0000000080d00000|100%| O|  |TAMS 0x0000000080d00000, 0x0000000080c00000| Untracked 
|  13|0x0000000080d00000, 0x0000000080e00000, 0x0000000080e00000|100%| O|  |TAMS 0x0000000080e00000, 0x0000000080d00000| Untracked 
|  14|0x0000000080e00000, 0x0000000080f00000, 0x0000000080f00000|100%| O|  |TAMS 0x0000000080f00000, 0x0000000080e00000| Untracked 
|  15|0x0000000080f00000, 0x0000000081000000, 0x0000000081000000|100%| O|  |TAMS 0x0000000081000000, 0x0000000080f00000| Untracked 
|  16|0x0000000081000000, 0x0000000081100000, 0x0000000081100000|100%| O|  |TAMS 0x0000000081100000, 0x0000000081000000| Untracked 
|  17|0x0000000081100000, 0x0000000081200000, 0x0000000081200000|100%| O|  |TAMS 0x0000000081200000, 0x0000000081100000| Untracked 
|  18|0x0000000081200000, 0x0000000081300000, 0x0000000081300000|100%| O|  |TAMS 0x0000000081300000, 0x0000000081200000| Untracked 
|  19|0x0000000081300000, 0x0000000081400000, 0x0000000081400000|100%|HS|  |TAMS 0x0000000081400000, 0x0000000081300000| Complete 
|  20|0x0000000081400000, 0x0000000081500000, 0x0000000081500000|100%|HC|  |TAMS 0x0000000081500000, 0x0000000081400000| Complete 
|  21|0x0000000081500000, 0x0000000081600000, 0x0000000081600000|100%|HS|  |TAMS 0x0000000081600000, 0x0000000081500000| Complete 
|  22|0x0000000081600000, 0x0000000081700000, 0x0000000081700000|100%|HC|  |TAMS 0x0000000081700000, 0x0000000081600000| Complete 
|  23|0x0000000081700000, 0x0000000081800000, 0x0000000081800000|100%|HC|  |TAMS 0x0000000081800000, 0x0000000081700000| Complete 
|  24|0x0000000081800000, 0x0000000081900000, 0x0000000081900000|100%|HS|  |TAMS 0x0000000081900000, 0x0000000081800000| Complete 
|  25|0x0000000081900000, 0x0000000081a00000, 0x0000000081a00000|100%|HC|  |TAMS 0x0000000081a00000, 0x0000000081900000| Complete 
|  26|0x0000000081a00000, 0x0000000081b00000, 0x0000000081b00000|100%| O|  |TAMS 0x0000000081b00000, 0x0000000081a00000| Untracked 
|  27|0x0000000081b00000, 0x0000000081c00000, 0x0000000081c00000|100%|HS|  |TAMS 0x0000000081c00000, 0x0000000081b00000| Complete 
|  28|0x0000000081c00000, 0x0000000081d00000, 0x0000000081d00000|100%|HC|  |TAMS 0x0000000081d00000, 0x0000000081c00000| Complete 
|  29|0x0000000081d00000, 0x0000000081e00000, 0x0000000081e00000|100%|HC|  |TAMS 0x0000000081e00000, 0x0000000081d00000| Complete 
|  30|0x0000000081e00000, 0x0000000081f00000, 0x0000000081f00000|100%|HS|  |TAMS 0x0000000081f00000, 0x0000000081e00000| Complete 
|  31|0x0000000081f00000, 0x0000000082000000, 0x0000000082000000|100%|HC|  |TAMS 0x0000000082000000, 0x0000000081f00000| Complete 
|  32|0x0000000082000000, 0x0000000082100000, 0x0000000082100000|100%| O|  |TAMS 0x0000000082100000, 0x0000000082000000| Untracked 
|  33|0x0000000082100000, 0x0000000082200000, 0x0000000082200000|100%| O|  |TAMS 0x0000000082200000, 0x0000000082100000| Updating 
|  34|0x0000000082200000, 0x0000000082300000, 0x0000000082300000|100%| O|  |TAMS 0x0000000082300000, 0x0000000082200000| Updating 
|  35|0x0000000082300000, 0x0000000082400000, 0x0000000082400000|100%| O|  |TAMS 0x0000000082400000, 0x0000000082300000| Untracked 
|  36|0x0000000082400000, 0x0000000082500000, 0x0000000082500000|100%| O|  |TAMS 0x0000000082500000, 0x0000000082400000| Updating 
|  37|0x0000000082500000, 0x0000000082600000, 0x0000000082600000|100%|HS|  |TAMS 0x0000000082600000, 0x0000000082500000| Complete 
|  38|0x0000000082600000, 0x0000000082700000, 0x0000000082700000|100%|HC|  |TAMS 0x0000000082700000, 0x0000000082600000| Complete 
|  39|0x0000000082700000, 0x0000000082800000, 0x0000000082800000|100%|HC|  |TAMS 0x0000000082800000, 0x0000000082700000| Complete 
|  40|0x0000000082800000, 0x0000000082900000, 0x0000000082900000|100%|HC|  |TAMS 0x0000000082900000, 0x0000000082800000| Complete 
|  41|0x0000000082900000, 0x0000000082a00000, 0x0000000082a00000|100%|HC|  |TAMS 0x0000000082a00000, 0x0000000082900000| Complete 
|  42|0x0000000082a00000, 0x0000000082b00000, 0x0000000082b00000|100%|HC|  |TAMS 0x0000000082b00000, 0x0000000082a00000| Complete 
|  43|0x0000000082b00000, 0x0000000082c00000, 0x0000000082c00000|100%|HS|  |TAMS 0x0000000082c00000, 0x0000000082b00000| Complete 
|  44|0x0000000082c00000, 0x0000000082d00000, 0x0000000082d00000|100%| O|  |TAMS 0x0000000082d00000, 0x0000000082c00000| Updating 
|  45|0x0000000082d00000, 0x0000000082e00000, 0x0000000082e00000|100%| O|  |TAMS 0x0000000082e00000, 0x0000000082d00000| Untracked 
|  46|0x0000000082e00000, 0x0000000082f00000, 0x0000000082f00000|100%|HS|  |TAMS 0x0000000082f00000, 0x0000000082e00000| Complete 
|  47|0x0000000082f00000, 0x0000000083000000, 0x0000000083000000|100%|HC|  |TAMS 0x0000000083000000, 0x0000000082f00000| Complete 
|  48|0x0000000083000000, 0x0000000083100000, 0x0000000083100000|100%|HC|  |TAMS 0x0000000083100000, 0x0000000083000000| Complete 
|  49|0x0000000083100000, 0x0000000083200000, 0x0000000083200000|100%|HC|  |TAMS 0x0000000083200000, 0x0000000083100000| Complete 
|  50|0x0000000083200000, 0x0000000083300000, 0x0000000083300000|100%|HC|  |TAMS 0x0000000083300000, 0x0000000083200000| Complete 
|  51|0x0000000083300000, 0x0000000083400000, 0x0000000083400000|100%|HC|  |TAMS 0x0000000083400000, 0x0000000083300000| Complete 
|  52|0x0000000083400000, 0x0000000083500000, 0x0000000083500000|100%|HC|  |TAMS 0x0000000083500000, 0x0000000083400000| Complete 
|  53|0x0000000083500000, 0x0000000083600000, 0x0000000083600000|100%|HC|  |TAMS 0x0000000083600000, 0x0000000083500000| Complete 
|  54|0x0000000083600000, 0x0000000083700000, 0x0000000083700000|100%|HC|  |TAMS 0x0000000083700000, 0x0000000083600000| Complete 
|  55|0x0000000083700000, 0x0000000083800000, 0x0000000083800000|100%|HC|  |TAMS 0x0000000083800000, 0x0000000083700000| Complete 
|  56|0x0000000083800000, 0x0000000083900000, 0x0000000083900000|100%| O|  |TAMS 0x0000000083900000, 0x0000000083800000| Untracked 
|  57|0x0000000083900000, 0x0000000083a00000, 0x0000000083a00000|100%| O|  |TAMS 0x0000000083a00000, 0x0000000083900000| Untracked 
|  58|0x0000000083a00000, 0x0000000083b00000, 0x0000000083b00000|100%| O|  |TAMS 0x0000000083b00000, 0x0000000083a00000| Untracked 
|  59|0x0000000083b00000, 0x0000000083c00000, 0x0000000083c00000|100%| O|  |TAMS 0x0000000083c00000, 0x0000000083b00000| Updating 
|  60|0x0000000083c00000, 0x0000000083d00000, 0x0000000083d00000|100%| O|  |TAMS 0x0000000083c76000, 0x0000000083c00000| Updating 
|  61|0x0000000083d00000, 0x0000000083e00000, 0x0000000083e00000|100%| O|  |TAMS 0x0000000083d00000, 0x0000000083d00000| Untracked 
|  62|0x0000000083e00000, 0x0000000083e33000, 0x0000000083f00000| 19%| O|  |TAMS 0x0000000083e00000, 0x0000000083e00000| Updating 
|  63|0x0000000083f00000, 0x0000000084000000, 0x0000000084000000|100%|HS|  |TAMS 0x0000000083f00000, 0x0000000083f00000| Complete 
|  64|0x0000000084000000, 0x0000000084100000, 0x0000000084100000|100%|HS|  |TAMS 0x0000000084000000, 0x0000000084000000| Complete 
|  65|0x0000000084100000, 0x0000000084200000, 0x0000000084200000|100%|HC|  |TAMS 0x0000000084100000, 0x0000000084100000| Complete 
|  66|0x0000000084200000, 0x0000000084200000, 0x0000000084300000|  0%| F|  |TAMS 0x0000000084200000, 0x0000000084200000| Untracked 
|  67|0x0000000084300000, 0x0000000084300000, 0x0000000084400000|  0%| F|  |TAMS 0x0000000084300000, 0x0000000084300000| Untracked 
|  68|0x0000000084400000, 0x0000000084400000, 0x0000000084500000|  0%| F|  |TAMS 0x0000000084400000, 0x0000000084400000| Untracked 
|  69|0x0000000084500000, 0x0000000084500000, 0x0000000084600000|  0%| F|  |TAMS 0x0000000084500000, 0x0000000084500000| Untracked 
|  70|0x0000000084600000, 0x0000000084600000, 0x0000000084700000|  0%| F|  |TAMS 0x0000000084600000, 0x0000000084600000| Untracked 
|  71|0x0000000084700000, 0x0000000084700000, 0x0000000084800000|  0%| F|  |TAMS 0x0000000084700000, 0x0000000084700000| Untracked 
|  72|0x0000000084800000, 0x0000000084800000, 0x0000000084900000|  0%| F|  |TAMS 0x0000000084800000, 0x0000000084800000| Untracked 
|  73|0x0000000084900000, 0x0000000084900000, 0x0000000084a00000|  0%| F|  |TAMS 0x0000000084900000, 0x0000000084900000| Untracked 
|  74|0x0000000084a00000, 0x0000000084a00000, 0x0000000084b00000|  0%| F|  |TAMS 0x0000000084a00000, 0x0000000084a00000| Untracked 
|  75|0x0000000084b00000, 0x0000000084b00000, 0x0000000084c00000|  0%| F|  |TAMS 0x0000000084b00000, 0x0000000084b00000| Untracked 
|  76|0x0000000084c00000, 0x0000000084c00000, 0x0000000084d00000|  0%| F|  |TAMS 0x0000000084c00000, 0x0000000084c00000| Untracked 
|  77|0x0000000084d00000, 0x0000000084d00000, 0x0000000084e00000|  0%| F|  |TAMS 0x0000000084d00000, 0x0000000084d00000| Untracked 
|  78|0x0000000084e00000, 0x0000000084e00000, 0x0000000084f00000|  0%| F|  |TAMS 0x0000000084e00000, 0x0000000084e00000| Untracked 
|  79|0x0000000084f00000, 0x0000000084f00000, 0x0000000085000000|  0%| F|  |TAMS 0x0000000084f00000, 0x0000000084f00000| Untracked 
|  80|0x0000000085000000, 0x0000000085000000, 0x0000000085100000|  0%| F|  |TAMS 0x0000000085000000, 0x0000000085000000| Untracked 
|  81|0x0000000085100000, 0x0000000085100000, 0x0000000085200000|  0%| F|  |TAMS 0x0000000085100000, 0x0000000085100000| Untracked 
|  82|0x0000000085200000, 0x0000000085200000, 0x0000000085300000|  0%| F|  |TAMS 0x0000000085200000, 0x0000000085200000| Untracked 
|  83|0x0000000085300000, 0x0000000085300000, 0x0000000085400000|  0%| F|  |TAMS 0x0000000085300000, 0x0000000085300000| Untracked 
|  84|0x0000000085400000, 0x0000000085400000, 0x0000000085500000|  0%| F|  |TAMS 0x0000000085400000, 0x0000000085400000| Untracked 
|  85|0x0000000085500000, 0x0000000085500000, 0x0000000085600000|  0%| F|  |TAMS 0x0000000085500000, 0x0000000085500000| Untracked 
|  86|0x0000000085600000, 0x0000000085600000, 0x0000000085700000|  0%| F|  |TAMS 0x0000000085600000, 0x0000000085600000| Untracked 
|  87|0x0000000085700000, 0x0000000085700000, 0x0000000085800000|  0%| F|  |TAMS 0x0000000085700000, 0x0000000085700000| Untracked 
|  88|0x0000000085800000, 0x0000000085800000, 0x0000000085900000|  0%| F|  |TAMS 0x0000000085800000, 0x0000000085800000| Untracked 
|  89|0x0000000085900000, 0x0000000085900000, 0x0000000085a00000|  0%| F|  |TAMS 0x0000000085900000, 0x0000000085900000| Untracked 
|  90|0x0000000085a00000, 0x0000000085a00000, 0x0000000085b00000|  0%| F|  |TAMS 0x0000000085a00000, 0x0000000085a00000| Untracked 
|  91|0x0000000085b00000, 0x0000000085b00000, 0x0000000085c00000|  0%| F|  |TAMS 0x0000000085b00000, 0x0000000085b00000| Untracked 
|  92|0x0000000085c00000, 0x0000000085c00000, 0x0000000085d00000|  0%| F|  |TAMS 0x0000000085c00000, 0x0000000085c00000| Untracked 
|  93|0x0000000085d00000, 0x0000000085d00000, 0x0000000085e00000|  0%| F|  |TAMS 0x0000000085d00000, 0x0000000085d00000| Untracked 
|  94|0x0000000085e00000, 0x0000000085e00000, 0x0000000085f00000|  0%| F|  |TAMS 0x0000000085e00000, 0x0000000085e00000| Untracked 
|  95|0x0000000085f00000, 0x0000000085f00000, 0x0000000086000000|  0%| F|  |TAMS 0x0000000085f00000, 0x0000000085f00000| Untracked 
|  96|0x0000000086000000, 0x0000000086000000, 0x0000000086100000|  0%| F|  |TAMS 0x0000000086000000, 0x0000000086000000| Untracked 
|  97|0x0000000086100000, 0x0000000086100000, 0x0000000086200000|  0%| F|  |TAMS 0x0000000086100000, 0x0000000086100000| Untracked 
|  98|0x0000000086200000, 0x0000000086200000, 0x0000000086300000|  0%| F|  |TAMS 0x0000000086200000, 0x0000000086200000| Untracked 
|  99|0x0000000086300000, 0x0000000086300000, 0x0000000086400000|  0%| F|  |TAMS 0x0000000086300000, 0x0000000086300000| Untracked 
| 100|0x0000000086400000, 0x0000000086400000, 0x0000000086500000|  0%| F|  |TAMS 0x0000000086400000, 0x0000000086400000| Untracked 
| 101|0x0000000086500000, 0x000000008658f9f8, 0x0000000086600000| 56%| S|CS|TAMS 0x0000000086500000, 0x0000000086500000| Complete 
| 102|0x0000000086600000, 0x0000000086700000, 0x0000000086700000|100%| S|CS|TAMS 0x0000000086600000, 0x0000000086600000| Complete 
| 103|0x0000000086700000, 0x0000000086700000, 0x0000000086800000|  0%| F|  |TAMS 0x0000000086700000, 0x0000000086700000| Untracked 
| 104|0x0000000086800000, 0x0000000086800000, 0x0000000086900000|  0%| F|  |TAMS 0x0000000086800000, 0x0000000086800000| Untracked 
| 105|0x0000000086900000, 0x0000000086900000, 0x0000000086a00000|  0%| F|  |TAMS 0x0000000086900000, 0x0000000086900000| Untracked 
| 106|0x0000000086a00000, 0x0000000086a00000, 0x0000000086b00000|  0%| F|  |TAMS 0x0000000086a00000, 0x0000000086a00000| Untracked 
| 107|0x0000000086b00000, 0x0000000086b00000, 0x0000000086c00000|  0%| F|  |TAMS 0x0000000086b00000, 0x0000000086b00000| Untracked 
| 108|0x0000000086c00000, 0x0000000086c00000, 0x0000000086d00000|  0%| F|  |TAMS 0x0000000086c00000, 0x0000000086c00000| Untracked 
| 125|0x0000000087d00000, 0x0000000087d71c38, 0x0000000087e00000| 44%| E|  |TAMS 0x0000000087d00000, 0x0000000087d00000| Complete 

Card table byte_map: [0x0000024e5fbf0000,0x0000024e5fff0000] _byte_map_base: 0x0000024e5f7f0000

Marking Bits (Prev, Next): (CMBitMap*) 0x0000024e4d049500, (CMBitMap*) 0x0000024e4d049540
 Prev Bits: [0x0000024e603f0000, 0x0000024e623f0000)
 Next Bits: [0x0000024e623f0000, 0x0000024e643f0000)

Polling page: 0x0000024e4af30000

Metaspace:

Usage:
  Non-class:     36.25 MB used.
      Class:      5.49 MB used.
       Both:     41.73 MB used.

Virtual space:
  Non-class space:       40.00 MB reserved,      36.50 MB ( 91%) committed,  5 nodes.
      Class space:        1.00 GB reserved,       5.69 MB ( <1%) committed,  1 nodes.
             Both:        1.04 GB reserved,      42.19 MB (  4%) committed. 

Chunk freelists:
   Non-Class:  2.98 MB
       Class:  2.16 MB
        Both:  5.15 MB

MaxMetaspaceSize: unlimited
CompressedClassSpaceSize: 1.00 GB
Initial GC threshold: 21.00 MB
Current GC threshold: 68.56 MB
CDS: off
MetaspaceReclaimPolicy: balanced
 - commit_granule_bytes: 65536.
 - commit_granule_words: 8192.
 - virtual_space_node_default_size: 1048576.
 - enlarge_chunks_in_place: 1.
 - new_chunks_are_fully_committed: 0.
 - uncommit_free_chunks: 1.
 - use_allocation_guard: 0.
 - handle_deallocations: 1.


Internal statistics:

num_allocs_failed_limit: 3.
num_arena_births: 394.
num_arena_deaths: 0.
num_vsnodes_births: 6.
num_vsnodes_deaths: 0.
num_space_committed: 675.
num_space_uncommitted: 0.
num_chunks_returned_to_freelist: 3.
num_chunks_taken_from_freelist: 1638.
num_chunk_merges: 3.
num_chunk_splits: 1061.
num_chunks_enlarged: 731.
num_purges: 0.
num_inconsistent_stats: 0.

CodeHeap 'non-profiled nmethods': size=120000Kb used=2086Kb max_used=2086Kb free=117913Kb
 bounds [0x0000024e57f90000, 0x0000024e58200000, 0x0000024e5f4c0000]
CodeHeap 'profiled nmethods': size=120000Kb used=7695Kb max_used=7695Kb free=112304Kb
 bounds [0x0000024e504c0000, 0x0000024e50c50000, 0x0000024e579f0000]
CodeHeap 'non-nmethods': size=5760Kb used=2293Kb max_used=2293Kb free=3466Kb
 bounds [0x0000024e579f0000, 0x0000024e57c60000, 0x0000024e57f90000]
 total_blobs=4538 nmethods=3749 adapters=701
 compilation: enabled
              stopped_count=0, restarted_count=0
 full_count=0

Compilation events (20 events):
Event: 4.198 Thread 0x0000024e6785b6f0 nmethod 3747 0x0000024e58196c10 code [0x0000024e58196da0, 0x0000024e58196e78]
Event: 4.198 Thread 0x0000024e6785b6f0 3748       1       groovy.lang.MetaBeanProperty::getField (5 bytes)
Event: 4.198 Thread 0x0000024e6785b6f0 nmethod 3748 0x0000024e58196f10 code [0x0000024e581970a0, 0x0000024e58197178]
Event: 4.198 Thread 0x0000024e6785b6f0 3750       3       groovy.lang.MetaClassImpl::createMetaBeanProperty (35 bytes)
Event: 4.198 Thread 0x0000024e6785b6f0 nmethod 3750 0x0000024e50c3fd10 code [0x0000024e50c3fee0, 0x0000024e50c40388]
Event: 4.198 Thread 0x0000024e6785b6f0 3751       3       groovy.lang.MetaClassImpl::makeReplacementMetaProperty (241 bytes)
Event: 4.201 Thread 0x0000024e678578f0 nmethod 3611 0x0000024e58197210 code [0x0000024e58197400, 0x0000024e58197df8]
Event: 4.201 Thread 0x0000024e678578f0 3735       4       java.util.ArrayList::<init> (61 bytes)
Event: 4.203 Thread 0x0000024e6785b6f0 nmethod 3751 0x0000024e50c40590 code [0x0000024e50c40a00, 0x0000024e50c43418]
Event: 4.203 Thread 0x0000024e6785b6f0 3752       1       groovy.lang.MetaBeanProperty::setGetter (6 bytes)
Event: 4.203 Thread 0x0000024e6785b6f0 nmethod 3752 0x0000024e58198510 code [0x0000024e581986a0, 0x0000024e581987b8]
Event: 4.204 Thread 0x0000024e678578f0 nmethod 3735 0x0000024e58198810 code [0x0000024e581989a0, 0x0000024e58198cf8]
Event: 4.204 Thread 0x0000024e678578f0 3613       4       java.util.regex.Pattern$LastNode::match (45 bytes)
Event: 4.205 Thread 0x0000024e678578f0 nmethod 3613 0x0000024e58198e10 code [0x0000024e58198f80, 0x0000024e58199058]
Event: 4.205 Thread 0x0000024e678578f0 3717       4       jdk.internal.reflect.AccessorGenerator::sub (5 bytes)
Event: 4.205 Thread 0x0000024e678578f0 nmethod 3717 0x0000024e58199190 code [0x0000024e58199300, 0x0000024e58199358]
Event: 4.205 Thread 0x0000024e678578f0 3516       4       java.util.regex.Pattern::skip (23 bytes)
Event: 4.205 Thread 0x0000024e678578f0 nmethod 3516 0x0000024e58199490 code [0x0000024e58199600, 0x0000024e581996d8]
Event: 4.205 Thread 0x0000024e678578f0 3612       4       java.util.Spliterators$1Adapter::accept (11 bytes)
Event: 4.206 Thread 0x0000024e678578f0 nmethod 3612 0x0000024e58199790 code [0x0000024e58199900, 0x0000024e58199a38]

GC Heap History (20 events):
Event: 0.883 GC heap before
{Heap before GC invocations=1 (full 0):
 garbage-first heap   total 129024K, used 40064K [0x0000000080000000, 0x0000000100000000)
  region size 1024K, 32 young (32768K), 3 survivors (3072K)
 Metaspace       used 11197K, committed 11456K, reserved 1064960K
  class space    used 1162K, committed 1280K, reserved 1048576K
}
Event: 0.888 GC heap after
{Heap after GC invocations=2 (full 0):
 garbage-first heap   total 129024K, used 14761K [0x0000000080000000, 0x0000000100000000)
  region size 1024K, 4 young (4096K), 4 survivors (4096K)
 Metaspace       used 11197K, committed 11456K, reserved 1064960K
  class space    used 1162K, committed 1280K, reserved 1048576K
}
Event: 1.848 GC heap before
{Heap before GC invocations=2 (full 0):
 garbage-first heap   total 129024K, used 50601K [0x0000000080000000, 0x0000000100000000)
  region size 1024K, 40 young (40960K), 4 survivors (4096K)
 Metaspace       used 21310K, committed 21504K, reserved 1073152K
  class space    used 2574K, committed 2688K, reserved 1048576K
}
Event: 1.854 GC heap after
{Heap after GC invocations=3 (full 0):
 garbage-first heap   total 129024K, used 18647K [0x0000000080000000, 0x0000000100000000)
  region size 1024K, 8 young (8192K), 8 survivors (8192K)
 Metaspace       used 21310K, committed 21504K, reserved 1073152K
  class space    used 2574K, committed 2688K, reserved 1048576K
}
Event: 2.397 GC heap before
{Heap before GC invocations=4 (full 0):
 garbage-first heap   total 68608K, used 51415K [0x0000000080000000, 0x0000000100000000)
  region size 1024K, 40 young (40960K), 8 survivors (8192K)
 Metaspace       used 26315K, committed 26560K, reserved 1073152K
  class space    used 3454K, committed 3584K, reserved 1048576K
}
Event: 2.404 GC heap after
{Heap after GC invocations=5 (full 0):
 garbage-first heap   total 68608K, used 20687K [0x0000000080000000, 0x0000000100000000)
  region size 1024K, 3 young (3072K), 3 survivors (3072K)
 Metaspace       used 26315K, committed 26560K, reserved 1073152K
  class space    used 3454K, committed 3584K, reserved 1048576K
}
Event: 2.771 GC heap before
{Heap before GC invocations=5 (full 0):
 garbage-first heap   total 68608K, used 50383K [0x0000000080000000, 0x0000000100000000)
  region size 1024K, 24 young (24576K), 3 survivors (3072K)
 Metaspace       used 29335K, committed 29696K, reserved 1081344K
  class space    used 3979K, committed 4160K, reserved 1048576K
}
Event: 2.775 GC heap after
{Heap after GC invocations=6 (full 0):
 garbage-first heap   total 68608K, used 34961K [0x0000000080000000, 0x0000000100000000)
  region size 1024K, 4 young (4096K), 4 survivors (4096K)
 Metaspace       used 29335K, committed 29696K, reserved 1081344K
  class space    used 3979K, committed 4160K, reserved 1048576K
}
Event: 2.801 GC heap before
{Heap before GC invocations=7 (full 0):
 garbage-first heap   total 78848K, used 47249K [0x0000000080000000, 0x0000000100000000)
  region size 1024K, 5 young (5120K), 4 survivors (4096K)
 Metaspace       used 29336K, committed 29696K, reserved 1081344K
  class space    used 3979K, committed 4160K, reserved 1048576K
}
Event: 2.804 GC heap after
{Heap after GC invocations=8 (full 0):
 garbage-first heap   total 95232K, used 47719K [0x0000000080000000, 0x0000000100000000)
  region size 1024K, 1 young (1024K), 1 survivors (1024K)
 Metaspace       used 29336K, committed 29696K, reserved 1081344K
  class space    used 3979K, committed 4160K, reserved 1048576K
}
Event: 3.214 GC heap before
{Heap before GC invocations=9 (full 0):
 garbage-first heap   total 96256K, used 76391K [0x0000000080000000, 0x0000000100000000)
  region size 1024K, 23 young (23552K), 1 survivors (1024K)
 Metaspace       used 32243K, committed 32576K, reserved 1081344K
  class space    used 4449K, committed 4608K, reserved 1048576K
}
Event: 3.216 GC heap after
{Heap after GC invocations=10 (full 0):
 garbage-first heap   total 96256K, used 56959K [0x0000000080000000, 0x0000000100000000)
  region size 1024K, 3 young (3072K), 3 survivors (3072K)
 Metaspace       used 32243K, committed 32576K, reserved 1081344K
  class space    used 4449K, committed 4608K, reserved 1048576K
}
Event: 3.524 GC heap before
{Heap before GC invocations=10 (full 0):
 garbage-first heap   total 96256K, used 75391K [0x0000000080000000, 0x0000000100000000)
  region size 1024K, 21 young (21504K), 3 survivors (3072K)
 Metaspace       used 35166K, committed 35520K, reserved 1081344K
  class space    used 4888K, committed 5056K, reserved 1048576K
}
Event: 3.526 GC heap after
{Heap after GC invocations=11 (full 0):
 garbage-first heap   total 96256K, used 58078K [0x0000000080000000, 0x0000000100000000)
  region size 1024K, 1 young (1024K), 1 survivors (1024K)
 Metaspace       used 35166K, committed 35520K, reserved 1081344K
  class space    used 4888K, committed 5056K, reserved 1048576K
}
Event: 3.965 GC heap before
{Heap before GC invocations=12 (full 0):
 garbage-first heap   total 101376K, used 75486K [0x0000000080000000, 0x0000000100000000)
  region size 1024K, 19 young (19456K), 1 survivors (1024K)
 Metaspace       used 40464K, committed 40896K, reserved 1089536K
  class space    used 5481K, committed 5696K, reserved 1048576K
}
Event: 3.967 GC heap after
{Heap after GC invocations=13 (full 0):
 garbage-first heap   total 101376K, used 60549K [0x0000000080000000, 0x0000000100000000)
  region size 1024K, 3 young (3072K), 3 survivors (3072K)
 Metaspace       used 40464K, committed 40896K, reserved 1089536K
  class space    used 5481K, committed 5696K, reserved 1048576K
}
Event: 4.122 GC heap before
{Heap before GC invocations=13 (full 0):
 garbage-first heap   total 101376K, used 80005K [0x0000000080000000, 0x0000000100000000)
  region size 1024K, 23 young (23552K), 3 survivors (3072K)
 Metaspace       used 41670K, committed 42048K, reserved 1089536K
  class space    used 5572K, committed 5760K, reserved 1048576K
}
Event: 4.126 GC heap after
{Heap after GC invocations=14 (full 0):
 garbage-first heap   total 101376K, used 64385K [0x0000000080000000, 0x0000000100000000)
  region size 1024K, 3 young (3072K), 3 survivors (3072K)
 Metaspace       used 41670K, committed 42048K, reserved 1089536K
  class space    used 5572K, committed 5760K, reserved 1048576K
}
Event: 4.199 GC heap before
{Heap before GC invocations=15 (full 0):
 garbage-first heap   total 112640K, used 70529K [0x0000000080000000, 0x0000000100000000)
  region size 1024K, 11 young (11264K), 3 survivors (3072K)
 Metaspace       used 42100K, committed 42560K, reserved 1089536K
  class space    used 5618K, committed 5824K, reserved 1048576K
}
Event: 4.201 GC heap after
{Heap after GC invocations=16 (full 0):
 garbage-first heap   total 112640K, used 64691K [0x0000000080000000, 0x0000000100000000)
  region size 1024K, 2 young (2048K), 2 survivors (2048K)
 Metaspace       used 42100K, committed 42560K, reserved 1089536K
  class space    used 5618K, committed 5824K, reserved 1048576K
}

Dll operation events (2 events):
Event: 0.007 Loaded shared library C:\Program Files\Android\Android Studio\jbr\bin\java.dll
Event: 0.328 Loaded shared library C:\Program Files\Android\Android Studio\jbr\bin\verify.dll

Deoptimization events (20 events):
Event: 4.134 Thread 0x0000024e6a5237e0 Uncommon trap: trap_request=0xffffffbe fr.pc=0x0000024e58165efc relative=0x0000000000003a7c
Event: 4.134 Thread 0x0000024e6a5237e0 Uncommon trap: reason=profile_predicate action=maybe_recompile pc=0x0000024e58165efc method=java.util.AbstractCollection.addAll(Ljava/util/Collection;)Z @ 15 c2
Event: 4.134 Thread 0x0000024e6a5237e0 DEOPT PACKING pc=0x0000024e58165efc sp=0x0000006626ff8b20
Event: 4.134 Thread 0x0000024e6a5237e0 DEOPT UNPACKING pc=0x0000024e57a4a1a3 sp=0x0000006626ff8b18 mode 2
Event: 4.151 Thread 0x0000024e6a5237e0 Uncommon trap: trap_request=0xffffffde fr.pc=0x0000024e5817ae8c relative=0x000000000000042c
Event: 4.151 Thread 0x0000024e6a5237e0 Uncommon trap: reason=class_check action=maybe_recompile pc=0x0000024e5817ae8c method=java.util.regex.Pattern$Start.match(Ljava/util/regex/Matcher;ILjava/lang/CharSequence;)Z @ 44 c2
Event: 4.151 Thread 0x0000024e6a5237e0 DEOPT PACKING pc=0x0000024e5817ae8c sp=0x0000006626ff8260
Event: 4.151 Thread 0x0000024e6a5237e0 DEOPT UNPACKING pc=0x0000024e57a4a1a3 sp=0x0000006626ff8190 mode 2
Event: 4.152 Thread 0x0000024e6a5237e0 Uncommon trap: trap_request=0xffffffde fr.pc=0x0000024e5817ae8c relative=0x000000000000042c
Event: 4.152 Thread 0x0000024e6a5237e0 Uncommon trap: reason=class_check action=maybe_recompile pc=0x0000024e5817ae8c method=java.util.regex.Pattern$Start.match(Ljava/util/regex/Matcher;ILjava/lang/CharSequence;)Z @ 44 c2
Event: 4.152 Thread 0x0000024e6a5237e0 DEOPT PACKING pc=0x0000024e5817ae8c sp=0x0000006626ff8260
Event: 4.152 Thread 0x0000024e6a5237e0 DEOPT UNPACKING pc=0x0000024e57a4a1a3 sp=0x0000006626ff8190 mode 2
Event: 4.154 Thread 0x0000024e6a5237e0 Uncommon trap: trap_request=0xffffffbe fr.pc=0x0000024e58165efc relative=0x0000000000003a7c
Event: 4.155 Thread 0x0000024e6a5237e0 Uncommon trap: reason=profile_predicate action=maybe_recompile pc=0x0000024e58165efc method=java.util.AbstractCollection.addAll(Ljava/util/Collection;)Z @ 15 c2
Event: 4.155 Thread 0x0000024e6a5237e0 DEOPT PACKING pc=0x0000024e58165efc sp=0x0000006626ff8b20
Event: 4.155 Thread 0x0000024e6a5237e0 DEOPT UNPACKING pc=0x0000024e57a4a1a3 sp=0x0000006626ff8b18 mode 2
Event: 4.166 Thread 0x0000024e6a5237e0 Uncommon trap: trap_request=0xffffffbe fr.pc=0x0000024e58165efc relative=0x0000000000003a7c
Event: 4.166 Thread 0x0000024e6a5237e0 Uncommon trap: reason=profile_predicate action=maybe_recompile pc=0x0000024e58165efc method=java.util.AbstractCollection.addAll(Ljava/util/Collection;)Z @ 15 c2
Event: 4.166 Thread 0x0000024e6a5237e0 DEOPT PACKING pc=0x0000024e58165efc sp=0x0000006626ff96e0
Event: 4.166 Thread 0x0000024e6a5237e0 DEOPT UNPACKING pc=0x0000024e57a4a1a3 sp=0x0000006626ff96d8 mode 2

Classes unloaded (0 events):
No events

Classes redefined (0 events):
No events

Internal exceptions (20 events):
Event: 4.145 Thread 0x0000024e6a5237e0 Exception <a 'java/lang/ClassNotFoundException'{0x0000000086c39398}: ijmapper_5gnok1euo7ly4zx0qr9r0o6xyBeanInfo> (0x0000000086c39398) 
thrown [s\src\hotspot\share\classfile\systemDictionary.cpp, line 256]
Event: 4.145 Thread 0x0000024e6a5237e0 Exception <a 'java/lang/ClassNotFoundException'{0x0000000086c438c8}: org/gradle/initialization/InitScriptBeanInfo> (0x0000000086c438c8) 
thrown [s\src\hotspot\share\classfile\systemDictionary.cpp, line 256]
Event: 4.146 Thread 0x0000024e6a5237e0 Exception <a 'java/lang/ClassNotFoundException'{0x0000000086c4de78}: org/gradle/groovy/scripts/DefaultScriptBeanInfo> (0x0000000086c4de78) 
thrown [s\src\hotspot\share\classfile\systemDictionary.cpp, line 256]
Event: 4.146 Thread 0x0000024e6a5237e0 Exception <a 'java/lang/ClassNotFoundException'{0x0000000086c58630}: org/gradle/groovy/scripts/BasicScriptBeanInfo> (0x0000000086c58630) 
thrown [s\src\hotspot\share\classfile\systemDictionary.cpp, line 256]
Event: 4.146 Thread 0x0000024e6a5237e0 Exception <a 'java/lang/ClassNotFoundException'{0x0000000086c62b30}: org/gradle/groovy/scripts/ScriptBeanInfo> (0x0000000086c62b30) 
thrown [s\src\hotspot\share\classfile\systemDictionary.cpp, line 256]
Event: 4.147 Thread 0x0000024e6a5237e0 Exception <a 'java/lang/ClassNotFoundException'{0x0000000086c7ab18}: groovy/lang/ScriptBeanInfo> (0x0000000086c7ab18) 
thrown [s\src\hotspot\share\classfile\systemDictionary.cpp, line 256]
Event: 4.147 Thread 0x0000024e6a5237e0 Exception <a 'java/lang/ClassNotFoundException'{0x0000000086c925a0}: groovy/lang/ScriptCustomizer> (0x0000000086c925a0) 
thrown [s\src\hotspot\share\classfile\systemDictionary.cpp, line 256]
Event: 4.149 Thread 0x0000024e6a5237e0 Exception <a 'java/lang/ClassNotFoundException'{0x0000000086ca4a60}: org/gradle/groovy/scripts/ScriptCustomizer> (0x0000000086ca4a60) 
thrown [s\src\hotspot\share\classfile\systemDictionary.cpp, line 256]
Event: 4.150 Thread 0x0000024e6a5237e0 Exception <a 'java/lang/ClassNotFoundException'{0x0000000086cb5ca0}: org/gradle/groovy/scripts/BasicScriptCustomizer> (0x0000000086cb5ca0) 
thrown [s\src\hotspot\share\classfile\systemDictionary.cpp, line 256]
Event: 4.151 Thread 0x0000024e6a5237e0 Exception <a 'java/lang/ClassNotFoundException'{0x0000000086cccb20}: org/gradle/groovy/scripts/DefaultScriptCustomizer> (0x0000000086cccb20) 
thrown [s\src\hotspot\share\classfile\systemDictionary.cpp, line 256]
Event: 4.154 Thread 0x0000024e6a5237e0 Exception <a 'java/lang/ClassNotFoundException'{0x0000000086cf4c20}: org/gradle/initialization/InitScriptCustomizer> (0x0000000086cf4c20) 
thrown [s\src\hotspot\share\classfile\systemDictionary.cpp, line 256]
Event: 4.154 Thread 0x0000024e6a5237e0 Exception <a 'java/lang/ClassNotFoundException'{0x0000000086b04248}: ijmapper_5gnok1euo7ly4zx0qr9r0o6xyCustomizer> (0x0000000086b04248) 
thrown [s\src\hotspot\share\classfile\systemDictionary.cpp, line 256]
Event: 4.165 Thread 0x0000024e6a5237e0 Exception <a 'java/lang/ClassNotFoundException'{0x0000000086ba75c0}: org/gradle/internal/extensibility/DefaultExtraPropertiesExtensionBeanInfo> (0x0000000086ba75c0) 
thrown [s\src\hotspot\share\classfile\systemDictionary.cpp, line 256]
Event: 4.165 Thread 0x0000024e6a5237e0 Exception <a 'java/lang/ClassNotFoundException'{0x0000000086bb1f40}: org/gradle/internal/extensibility/DefaultExtraPropertiesExtensionCustomizer> (0x0000000086bb1f40) 
thrown [s\src\hotspot\share\classfile\systemDictionary.cpp, line 256]
Event: 4.183 Thread 0x0000024e6a5237e0 Exception <a 'java/lang/ClassNotFoundException'{0x00000000869441c8}: org/gradle/invocation/DefaultGradle_DecoratedBeanInfo> (0x00000000869441c8) 
thrown [s\src\hotspot\share\classfile\systemDictionary.cpp, line 256]
Event: 4.184 Thread 0x0000024e6a5237e0 Exception <a 'java/lang/ClassNotFoundException'{0x0000000086954328}: org/gradle/invocation/DefaultGradleBeanInfo> (0x0000000086954328) 
thrown [s\src\hotspot\share\classfile\systemDictionary.cpp, line 256]
Event: 4.184 Thread 0x0000024e6a5237e0 Exception <a 'java/lang/ClassNotFoundException'{0x00000000869645f8}: org/gradle/api/internal/project/AbstractPluginAwareBeanInfo> (0x00000000869645f8) 
thrown [s\src\hotspot\share\classfile\systemDictionary.cpp, line 256]
Event: 4.184 Thread 0x0000024e6a5237e0 Exception <a 'java/lang/ClassNotFoundException'{0x0000000086974820}: org/gradle/api/internal/project/AbstractPluginAwareCustomizer> (0x0000000086974820) 
thrown [s\src\hotspot\share\classfile\systemDictionary.cpp, line 256]
Event: 4.185 Thread 0x0000024e6a5237e0 Exception <a 'java/lang/ClassNotFoundException'{0x000000008698a360}: org/gradle/invocation/DefaultGradleCustomizer> (0x000000008698a360) 
thrown [s\src\hotspot\share\classfile\systemDictionary.cpp, line 256]
Event: 4.188 Thread 0x0000024e6a5237e0 Exception <a 'java/lang/ClassNotFoundException'{0x00000000869cac78}: org/gradle/invocation/DefaultGradle_DecoratedCustomizer> (0x00000000869cac78) 
thrown [s\src\hotspot\share\classfile\systemDictionary.cpp, line 256]

VM Operations (20 events):
Event: 3.992 Executing VM operation: HandshakeAllThreads done
Event: 3.992 Executing VM operation: HandshakeAllThreads
Event: 3.992 Executing VM operation: HandshakeAllThreads done
Event: 3.995 Executing VM operation: HandshakeAllThreads
Event: 3.995 Executing VM operation: HandshakeAllThreads done
Event: 4.000 Executing VM operation: HandshakeAllThreads
Event: 4.000 Executing VM operation: HandshakeAllThreads done
Event: 4.009 Executing VM operation: HandshakeAllThreads
Event: 4.009 Executing VM operation: HandshakeAllThreads done
Event: 4.065 Executing VM operation: HandshakeAllThreads
Event: 4.065 Executing VM operation: HandshakeAllThreads done
Event: 4.122 Executing VM operation: G1CollectForAllocation
Event: 4.126 Executing VM operation: G1CollectForAllocation done
Event: 4.141 Executing VM operation: G1Concurrent
Event: 4.143 Executing VM operation: G1Concurrent done
Event: 4.150 Executing VM operation: G1Concurrent
Event: 4.150 Executing VM operation: G1Concurrent done
Event: 4.199 Executing VM operation: G1TryInitiateConcMark
Event: 4.201 Executing VM operation: G1TryInitiateConcMark done
Event: 4.215 Executing VM operation: G1Concurrent

Events (20 events):
Event: 4.064 loading class jdk/internal/jimage/ImageReader$SharedImageReader$LocationVisitor
Event: 4.064 loading class jdk/internal/jimage/ImageReader$SharedImageReader$LocationVisitor done
Event: 4.064 loading class java/nio/ByteBufferAsIntBufferL
Event: 4.065 loading class java/nio/ByteBufferAsIntBufferL done
Event: 4.065 loading class jdk/internal/jrtfs/JrtFileAttributes
Event: 4.065 loading class jdk/internal/jrtfs/JrtFileAttributes done
Event: 4.065 loading class jdk/internal/jrtfs/JrtDirectoryStream
Event: 4.065 loading class jdk/internal/jrtfs/JrtDirectoryStream done
Event: 4.066 loading class jdk/internal/jrtfs/JrtDirectoryStream$1
Event: 4.066 loading class jdk/internal/jrtfs/JrtDirectoryStream$1 done
Event: 4.066 loading class java/util/function/BooleanSupplier
Event: 4.066 loading class java/util/function/BooleanSupplier done
Event: 4.066 loading class jdk/internal/jimage/ImageReader$Resource
Event: 4.067 loading class jdk/internal/jimage/ImageReader$Resource done
Event: 4.128 loading class java/util/WeakHashMap$KeyIterator
Event: 4.128 loading class java/util/WeakHashMap$HashIterator
Event: 4.128 loading class java/util/WeakHashMap$HashIterator done
Event: 4.128 loading class java/util/WeakHashMap$KeyIterator done
Event: 4.197 loading class jdk/internal/reflect/UnsafeObjectFieldAccessorImpl
Event: 4.198 loading class jdk/internal/reflect/UnsafeObjectFieldAccessorImpl done


Dynamic libraries:
0x00007ff606730000 - 0x00007ff60673a000 	C:\Program Files\Android\Android Studio\jbr\bin\java.exe
0x00007ffd405d0000 - 0x00007ffd407c7000 	C:\WINDOWS\SYSTEM32\ntdll.dll
0x00007ffd3e8f0000 - 0x00007ffd3e9ad000 	C:\WINDOWS\System32\KERNEL32.DLL
0x00007ffd3dfd0000 - 0x00007ffd3e2c6000 	C:\WINDOWS\System32\KERNELBASE.dll
0x00007ffd3dde0000 - 0x00007ffd3dee0000 	C:\WINDOWS\System32\ucrtbase.dll
0x00007ffd365d0000 - 0x00007ffd365e7000 	C:\Program Files\Android\Android Studio\jbr\bin\jli.dll
0x00007ffd36560000 - 0x00007ffd3657b000 	C:\Program Files\Android\Android Studio\jbr\bin\VCRUNTIME140.dll
0x00007ffd3f0e0000 - 0x00007ffd3f27e000 	C:\WINDOWS\System32\USER32.dll
0x00007ffd3dfa0000 - 0x00007ffd3dfc2000 	C:\WINDOWS\System32\win32u.dll
0x00007ffd40560000 - 0x00007ffd4058c000 	C:\WINDOWS\System32\GDI32.dll
0x00007ffd140d0000 - 0x00007ffd1436a000 	C:\WINDOWS\WinSxS\amd64_microsoft.windows.common-controls_6595b64144ccf1df_6.0.19041.3570_none_60bb2a3971f3e41a\COMCTL32.dll
0x00007ffd3e430000 - 0x00007ffd3e54a000 	C:\WINDOWS\System32\gdi32full.dll
0x00007ffd3e7a0000 - 0x00007ffd3e83e000 	C:\WINDOWS\System32\msvcrt.dll
0x00007ffd3dcb0000 - 0x00007ffd3dd4d000 	C:\WINDOWS\System32\msvcp_win.dll
0x00007ffd3f3e0000 - 0x00007ffd3f410000 	C:\WINDOWS\System32\IMM32.DLL
0x00007ffd39430000 - 0x00007ffd3943c000 	C:\Program Files\Android\Android Studio\jbr\bin\vcruntime140_1.dll
0x00007ffd0b6c0000 - 0x00007ffd0b74d000 	C:\Program Files\Android\Android Studio\jbr\bin\msvcp140.dll
0x00007ffcc58e0000 - 0x00007ffcc654d000 	C:\Program Files\Android\Android Studio\jbr\bin\server\jvm.dll
0x00007ffd3e840000 - 0x00007ffd3e8ee000 	C:\WINDOWS\System32\ADVAPI32.dll
0x00007ffd3e690000 - 0x00007ffd3e72c000 	C:\WINDOWS\System32\sechost.dll
0x00007ffd3f8c0000 - 0x00007ffd3f9e6000 	C:\WINDOWS\System32\RPCRT4.dll
0x00007ffd1a570000 - 0x00007ffd1a579000 	C:\WINDOWS\SYSTEM32\WSOCK32.dll
0x00007ffd1ad00000 - 0x00007ffd1ad27000 	C:\WINDOWS\SYSTEM32\WINMM.dll
0x00007ffd3f770000 - 0x00007ffd3f7db000 	C:\WINDOWS\System32\WS2_32.dll
0x00007ffd344a0000 - 0x00007ffd344aa000 	C:\WINDOWS\SYSTEM32\VERSION.dll
0x00007ffd3c4e0000 - 0x00007ffd3c4f2000 	C:\WINDOWS\SYSTEM32\kernel.appcore.dll
0x00007ffd1f4e0000 - 0x00007ffd1f4ea000 	C:\Program Files\Android\Android Studio\jbr\bin\jimage.dll
0x00007ffd3ba50000 - 0x00007ffd3bc34000 	C:\WINDOWS\SYSTEM32\DBGHELP.DLL
0x00007ffd333a0000 - 0x00007ffd333d4000 	C:\WINDOWS\SYSTEM32\dbgcore.DLL
0x00007ffd3dd50000 - 0x00007ffd3ddd2000 	C:\WINDOWS\System32\bcryptPrimitives.dll
0x00007ffd1f4b0000 - 0x00007ffd1f4d5000 	C:\Program Files\Android\Android Studio\jbr\bin\java.dll
0x00007ffd1f490000 - 0x00007ffd1f4a8000 	C:\Program Files\Android\Android Studio\jbr\bin\zip.dll
0x00007ffd3f9f0000 - 0x00007ffd40134000 	C:\WINDOWS\System32\SHELL32.dll
0x00007ffd3bd30000 - 0x00007ffd3c4cb000 	C:\WINDOWS\SYSTEM32\windows.storage.dll
0x00007ffd3f410000 - 0x00007ffd3f764000 	C:\WINDOWS\System32\combase.dll
0x00007ffd3d6f0000 - 0x00007ffd3d71d000 	C:\WINDOWS\SYSTEM32\Wldp.dll
0x00007ffd3ebb0000 - 0x00007ffd3ec5d000 	C:\WINDOWS\System32\SHCORE.dll
0x00007ffd3f860000 - 0x00007ffd3f8b5000 	C:\WINDOWS\System32\shlwapi.dll
0x00007ffd3dbe0000 - 0x00007ffd3dc05000 	C:\WINDOWS\SYSTEM32\profapi.dll
0x00007ffd0f930000 - 0x00007ffd0f949000 	C:\Program Files\Android\Android Studio\jbr\bin\net.dll
0x00007ffd2e290000 - 0x00007ffd2e39a000 	C:\WINDOWS\SYSTEM32\WINHTTP.dll
0x00007ffd3d450000 - 0x00007ffd3d4ba000 	C:\WINDOWS\system32\mswsock.dll
0x00007ffd0f910000 - 0x00007ffd0f926000 	C:\Program Files\Android\Android Studio\jbr\bin\nio.dll
0x00007ffd10660000 - 0x00007ffd10670000 	C:\Program Files\Android\Android Studio\jbr\bin\verify.dll
0x00007ffd11490000 - 0x00007ffd114b7000 	C:\Users\vkhan\.gradle\native\68d5fa5c4cc2d200863cafc0d521ce42e7d3e7ee720ec0a83991735586a16f82\windows-amd64\native-platform.dll
0x00007ffd0b4f0000 - 0x00007ffd0b634000 	C:\Users\vkhan\.gradle\native\e376f236ea51e6404a007f0833ffe2c6e607c4080706a723a18a27aeea778392\windows-amd64\native-platform-file-events.dll
0x00007ffd1f480000 - 0x00007ffd1f489000 	C:\Program Files\Android\Android Studio\jbr\bin\management.dll
0x00007ffd106b0000 - 0x00007ffd106bb000 	C:\Program Files\Android\Android Studio\jbr\bin\management_ext.dll
0x00007ffd3e790000 - 0x00007ffd3e798000 	C:\WINDOWS\System32\PSAPI.DLL
0x00007ffd3d650000 - 0x00007ffd3d668000 	C:\WINDOWS\SYSTEM32\CRYPTSP.dll
0x00007ffd3ccf0000 - 0x00007ffd3cd24000 	C:\WINDOWS\system32\rsaenh.dll
0x00007ffd3e550000 - 0x00007ffd3e577000 	C:\WINDOWS\System32\bcrypt.dll
0x00007ffd3dba0000 - 0x00007ffd3dbce000 	C:\WINDOWS\SYSTEM32\USERENV.dll
0x00007ffd3d640000 - 0x00007ffd3d64c000 	C:\WINDOWS\SYSTEM32\CRYPTBASE.dll
0x00007ffd3d0f0000 - 0x00007ffd3d12b000 	C:\WINDOWS\SYSTEM32\IPHLPAPI.DLL
0x00007ffd403c0000 - 0x00007ffd403c8000 	C:\WINDOWS\System32\NSI.dll
0x00007ffd335a0000 - 0x00007ffd335b7000 	C:\WINDOWS\SYSTEM32\dhcpcsvc6.DLL
0x00007ffd33380000 - 0x00007ffd3339d000 	C:\WINDOWS\SYSTEM32\dhcpcsvc.DLL
0x00007ffd3d140000 - 0x00007ffd3d20a000 	C:\WINDOWS\SYSTEM32\DNSAPI.dll
0x00007ffd103a0000 - 0x00007ffd103a7000 	C:\WINDOWS\system32\wshunix.dll

dbghelp: loaded successfully - version: 4.0.5 - missing functions: none
symbol engine: initialized successfully - sym options: 0x614 - pdb path: .;C:\Program Files\Android\Android Studio\jbr\bin;C:\WINDOWS\SYSTEM32;C:\WINDOWS\WinSxS\amd64_microsoft.windows.common-controls_6595b64144ccf1df_6.0.19041.3570_none_60bb2a3971f3e41a;C:\Program Files\Android\Android Studio\jbr\bin\server;C:\Users\vkhan\.gradle\native\68d5fa5c4cc2d200863cafc0d521ce42e7d3e7ee720ec0a83991735586a16f82\windows-amd64;C:\Users\vkhan\.gradle\native\e376f236ea51e6404a007f0833ffe2c6e607c4080706a723a18a27aeea778392\windows-amd64

VM Arguments:
jvm_args: --add-opens=java.base/java.util=ALL-UNNAMED --add-opens=java.base/java.lang=ALL-UNNAMED --add-opens=java.base/java.lang.invoke=ALL-UNNAMED --add-opens=java.prefs/java.util.prefs=ALL-UNNAMED --add-opens=java.base/java.nio.charset=ALL-UNNAMED --add-opens=java.base/java.net=ALL-UNNAMED --add-opens=java.base/java.util.concurrent.atomic=ALL-UNNAMED -Xmx2048m -Dfile.encoding=UTF-8 -Duser.country=US -Duser.language=en -Duser.variant 
java_command: org.gradle.launcher.daemon.bootstrap.GradleDaemon 8.0
java_class_path (initial): C:\Users\vkhan\.gradle\wrapper\dists\gradle-8.0-bin\ca5e32bp14vu59qr306oxotwh\gradle-8.0\lib\gradle-launcher-8.0.jar
Launcher Type: SUN_STANDARD

[Global flags]
     intx CICompilerCount                          = 4                                         {product} {ergonomic}
     uint ConcGCThreads                            = 2                                         {product} {ergonomic}
     uint G1ConcRefinementThreads                  = 8                                         {product} {ergonomic}
   size_t G1HeapRegionSize                         = 1048576                                   {product} {ergonomic}
    uintx GCDrainStackTargetSize                   = 64                                        {product} {ergonomic}
   size_t InitialHeapSize                          = 132120576                                 {product} {ergonomic}
   size_t MarkStackSize                            = 4194304                                   {product} {ergonomic}
   size_t MaxHeapSize                              = 2147483648                                {product} {command line}
   size_t MaxNewSize                               = 1287651328                                {product} {ergonomic}
   size_t MinHeapDeltaBytes                        = 1048576                                   {product} {ergonomic}
   size_t MinHeapSize                              = 8388608                                   {product} {ergonomic}
    uintx NonNMethodCodeHeapSize                   = 5839372                                {pd product} {ergonomic}
    uintx NonProfiledCodeHeapSize                  = 122909434                              {pd product} {ergonomic}
    uintx ProfiledCodeHeapSize                     = 122909434                              {pd product} {ergonomic}
    uintx ReservedCodeCacheSize                    = 251658240                              {pd product} {ergonomic}
     bool SegmentedCodeCache                       = true                                      {product} {ergonomic}
   size_t SoftMaxHeapSize                          = 2147483648                             {manageable} {ergonomic}
     bool UseCompressedClassPointers               = true                           {product lp64_product} {ergonomic}
     bool UseCompressedOops                        = true                           {product lp64_product} {ergonomic}
     bool UseG1GC                                  = true                                      {product} {ergonomic}
     bool UseLargePagesIndividualAllocation        = false                                  {pd product} {ergonomic}

Logging:
Log output configuration:
 #0: stdout all=warning uptime,level,tags
 #1: stderr all=off uptime,level,tags

Environment Variables:
PATH=C:\Program Files\Common Files\Oracle\Java\javapath;C:\Program Files (x86)\Common Files\Oracle\Java\javapath;C:\WINDOWS\system32;C:\WINDOWS;C:\WINDOWS\System32\Wbem;C:\WINDOWS\System32\WindowsPowerShell\v1.0\;C:\WINDOWS\System32\OpenSSH\;C:\Program Files\Microsoft SQL Server\Client SDK\ODBC\170\Tools\Binn\;C:\Program Files (x86)\Microsoft SQL Server\150\Tools\Binn\;C:\Program Files\Microsoft SQL Server\150\Tools\Binn\;C:\Program Files\Microsoft SQL Server\150\DTS\Binn\;C:\Program Files (x86)\Microsoft SQL Server\160\DTS\Binn\;C:\Program Files\Azure Data Studio\bin;C:\Program Files\Git\cmd;C:\Program Files\nodejs\;C:\Users\vkhan\AppData\Local\Programs\Python\Python311\Scripts\;C:\Users\vkhan\AppData\Local\Programs\Python\Python311\;C:\Users\vkhan\AppData\Local\Microsoft\WindowsApps;C:\Users\vkhan\AppData\Local\Programs\Microsoft VS Code\bin;C:\Program Files\Azure Data Studio\bin;C:\Users\vkhan\AppData\Roaming\npm;C:\Program Files\nodejs;
USERNAME=Admin
OS=Windows_NT
PROCESSOR_IDENTIFIER=Intel64 Family 6 Model 126 Stepping 5, GenuineIntel
TMP=C:\Users\vkhan\AppData\Local\Temp
TEMP=C:\Users\vkhan\AppData\Local\Temp



---------------  S Y S T E M  ---------------

OS:
 Windows 10 , 64 bit Build 19041 (10.0.19041.3570)
OS uptime: 5 days 20:00 hours

CPU: total 8 (initial active 8) (4 cores per cpu, 2 threads per core) family 6 model 126 stepping 5 microcode 0xbc, cx8, cmov, fxsr, ht, mmx, 3dnowpref, sse, sse2, sse3, ssse3, sse4.1, sse4.2, popcnt, lzcnt, tsc, tscinvbit, avx, avx2, aes, erms, clmul, bmi1, bmi2, adx, avx512f, avx512dq, avx512cd, avx512bw, avx512vl, sha, fma, vzeroupper, avx512_vpopcntdq, avx512_vpclmulqdq, avx512_vaes, avx512_vnni, clflush, clflushopt, avx512_vbmi2, avx512_vbmi

Memory: 4k page, system-wide physical 7959M (466M free)
TotalPageFile size 20759M (AvailPageFile size 8M)
current process WorkingSet (physical memory assigned to process): 249M, peak: 251M
current process commit charge ("private bytes"): 293M, peak: 298M

vm_info: OpenJDK 64-Bit Server VM (17.0.6+0-b2043.56-9586694) for windows-amd64 JRE (17.0.6+0-b2043.56-9586694), built on Feb  9 2023 20:06:20 by "androidbuild" with MS VC++ 16.10 / 16.11 (VS2019)

END.
