#
# There is insufficient memory for the Java Runtime Environment to continue.
# Native memory allocation (mmap) failed to map 13631488 bytes for G1 virtual space
# Possible reasons:
#   The system is out of physical RAM or swap space
#   The process is running with CompressedOops enabled, and the Java Heap may be blocking the growth of the native heap
# Possible solutions:
#   Reduce memory load on the system
#   Increase physical memory or swap space
#   Check if swap backing store is full
#   Decrease Java heap size (-Xmx/-Xms)
#   Decrease number of Java threads
#   Decrease Java thread stack sizes (-Xss)
#   Set larger code cache with -XX:ReservedCodeCacheSize=
#   JVM is running with Unscaled Compressed Oops mode in which the Java heap is
#     placed in the first 4GB address space. The Java Heap base address is the
#     maximum limit for the native heap growth. Please use -XX:HeapBaseMinAddress
#     to set the Java Heap base and to place the Java Heap above 4GB virtual address.
# This output file may be truncated or incomplete.
#
#  Out of Memory Error (os_windows.cpp:3769), pid=18088, tid=8212
#
# JRE version: OpenJDK Runtime Environment (17.0.6) (build 17.0.6+0-b2043.56-9586694)
# Java VM: OpenJDK 64-Bit Server VM (17.0.6+0-b2043.56-9586694, mixed mode, tiered, compressed oops, compressed class ptrs, g1 gc, windows-amd64)
# No core dump will be written. Minidumps are not enabled by default on client versions of Windows
#

---------------  S U M M A R Y ------------

Command Line: --add-opens=java.base/java.util=ALL-UNNAMED --add-opens=java.base/java.lang=ALL-UNNAMED --add-opens=java.base/java.lang.invoke=ALL-UNNAMED --add-opens=java.prefs/java.util.prefs=ALL-UNNAMED --add-opens=java.base/java.nio.charset=ALL-UNNAMED --add-opens=java.base/java.net=ALL-UNNAMED --add-opens=java.base/java.util.concurrent.atomic=ALL-UNNAMED -Xmx2048m -Dfile.encoding=UTF-8 -Duser.country=US -Duser.language=en -Duser.variant org.gradle.launcher.daemon.bootstrap.GradleDaemon 8.0

Host: Intel(R) Core(TM) i5-1035G1 CPU @ 1.00GHz, 8 cores, 7G,  Windows 10 , 64 bit Build 19041 (10.0.19041.3570)
Time: Sun Nov 12 14:53:03 2023 SE Asia Standard Time elapsed time: 8.586119 seconds (0d 0h 0m 8s)

---------------  T H R E A D  ---------------

Current thread (0x0000026addf83a30):  VMThread "VM Thread" [stack: 0x000000886f900000,0x000000886fa00000] [id=8212]

Stack: [0x000000886f900000,0x000000886fa00000]
Native frames: (J=compiled Java code, j=interpreted, Vv=VM code, C=native code)
V  [jvm.dll+0x683b4a]
V  [jvm.dll+0x842654]
V  [jvm.dll+0x843dfe]
V  [jvm.dll+0x844463]
V  [jvm.dll+0x249b75]
V  [jvm.dll+0x680a19]
V  [jvm.dll+0x674f0a]
V  [jvm.dll+0x309acb]
V  [jvm.dll+0x310f86]
V  [jvm.dll+0x3608ee]
V  [jvm.dll+0x360b1f]
V  [jvm.dll+0x2dfbf8]
V  [jvm.dll+0x2e2ce6]
V  [jvm.dll+0x2ed478]
V  [jvm.dll+0x322150]
V  [jvm.dll+0x84893b]
V  [jvm.dll+0x849674]
V  [jvm.dll+0x849b8d]
V  [jvm.dll+0x849f64]
V  [jvm.dll+0x84a030]
V  [jvm.dll+0x7f25fa]
V  [jvm.dll+0x682985]
C  [ucrtbase.dll+0x21bb2]
C  [KERNEL32.DLL+0x17344]
C  [ntdll.dll+0x526b1]

VM_Operation (0x000000886f5ff470): G1Concurrent, mode: safepoint, requested by thread 0x0000026ac419bb40


---------------  P R O C E S S  ---------------

Threads class SMR info:
_java_thread_list=0x0000026ae1d73360, length=43, elements={
0x0000026ac412bce0, 0x0000026addfa4250, 0x0000026ade800080, 0x0000026addfa8850,
0x0000026addfa9110, 0x0000026addfa99d0, 0x0000026addfaa290, 0x0000026addfaae80,
0x0000026addfac040, 0x0000026addfae3c0, 0x0000026ade9b5550, 0x0000026ade9b5e30,
0x0000026ae105f720, 0x0000026ae039a030, 0x0000026ae00e7e30, 0x0000026adfb1e4e0,
0x0000026ae006f500, 0x0000026ae003d460, 0x0000026ae00629f0, 0x0000026ae0053a10,
0x0000026ae00543b0, 0x0000026ae0054d50, 0x0000026ae0051d30, 0x0000026ae0053ee0,
0x0000026ae0055220, 0x0000026ae00556f0, 0x0000026ae0052ba0, 0x0000026ae0052200,
0x0000026ae00526d0, 0x0000026ae0053070, 0x0000026ae0054880, 0x0000026ae0053540,
0x0000026ae1debec0, 0x0000026ae1df1090, 0x0000026ae1df0bc0, 0x0000026ae1ded6d0,
0x0000026ae1df1560, 0x0000026ae1dee070, 0x0000026ae1deab80, 0x0000026ae1df1f00,
0x0000026ae1dee540, 0x0000026ae1df23d0, 0x0000026ae1deb520
}

Java Threads: ( => current thread )
  0x0000026ac412bce0 JavaThread "main" [_thread_blocked, id=13692, stack(0x000000886f300000,0x000000886f400000)]
  0x0000026addfa4250 JavaThread "Reference Handler" daemon [_thread_blocked, id=20200, stack(0x000000886fa00000,0x000000886fb00000)]
  0x0000026ade800080 JavaThread "Finalizer" daemon [_thread_blocked, id=12564, stack(0x000000886fb00000,0x000000886fc00000)]
  0x0000026addfa8850 JavaThread "Signal Dispatcher" daemon [_thread_blocked, id=2276, stack(0x000000886fc00000,0x000000886fd00000)]
  0x0000026addfa9110 JavaThread "Attach Listener" daemon [_thread_blocked, id=12092, stack(0x000000886fd00000,0x000000886fe00000)]
  0x0000026addfa99d0 JavaThread "Service Thread" daemon [_thread_blocked, id=2848, stack(0x000000886fe00000,0x000000886ff00000)]
  0x0000026addfaa290 JavaThread "Monitor Deflation Thread" daemon [_thread_blocked, id=5780, stack(0x000000886ff00000,0x0000008870000000)]
  0x0000026addfaae80 JavaThread "C2 CompilerThread0" daemon [_thread_in_native, id=13860, stack(0x0000008870000000,0x0000008870100000)]
  0x0000026addfac040 JavaThread "C1 CompilerThread0" daemon [_thread_blocked, id=2600, stack(0x0000008870100000,0x0000008870200000)]
  0x0000026addfae3c0 JavaThread "Sweeper thread" daemon [_thread_blocked, id=21240, stack(0x0000008870200000,0x0000008870300000)]
  0x0000026ade9b5550 JavaThread "Common-Cleaner" daemon [_thread_blocked, id=3904, stack(0x0000008870300000,0x0000008870400000)]
  0x0000026ade9b5e30 JavaThread "Notification Thread" daemon [_thread_blocked, id=4256, stack(0x0000008870400000,0x0000008870500000)]
  0x0000026ae105f720 JavaThread "Daemon health stats" [_thread_blocked, id=20768, stack(0x0000008870a00000,0x0000008870b00000)]
  0x0000026ae039a030 JavaThread "Incoming local TCP Connector on port 63180" [_thread_in_native, id=18620, stack(0x0000008870b00000,0x0000008870c00000)]
  0x0000026ae00e7e30 JavaThread "Daemon periodic checks" [_thread_blocked, id=13404, stack(0x0000008870c00000,0x0000008870d00000)]
  0x0000026adfb1e4e0 JavaThread "Daemon" [_thread_blocked, id=3580, stack(0x0000008870d00000,0x0000008870e00000)]
  0x0000026ae006f500 JavaThread "Handler for socket connection from /127.0.0.1:63180 to /127.0.0.1:63181" [_thread_in_native, id=13744, stack(0x0000008870e00000,0x0000008870f00000)]
  0x0000026ae003d460 JavaThread "Cancel handler" [_thread_blocked, id=17348, stack(0x0000008870f00000,0x0000008871000000)]
  0x0000026ae00629f0 JavaThread "Daemon worker" [_thread_blocked, id=17996, stack(0x0000008871000000,0x0000008871100000)]
  0x0000026ae0053a10 JavaThread "Asynchronous log dispatcher for DefaultDaemonConnection: socket connection from /127.0.0.1:63180 to /127.0.0.1:63181" [_thread_blocked, id=21616, stack(0x0000008871100000,0x0000008871200000)]
  0x0000026ae00543b0 JavaThread "Stdin handler" [_thread_blocked, id=4788, stack(0x0000008871200000,0x0000008871300000)]
  0x0000026ae0054d50 JavaThread "Daemon client event forwarder" [_thread_blocked, id=14860, stack(0x0000008871300000,0x0000008871400000)]
  0x0000026ae0051d30 JavaThread "Cache worker for journal cache (C:\Users\vkhan\.gradle\caches\journal-1)" [_thread_blocked, id=6564, stack(0x0000008871800000,0x0000008871900000)]
  0x0000026ae0053ee0 JavaThread "File lock request listener" [_thread_in_native, id=20260, stack(0x0000008871900000,0x0000008871a00000)]
  0x0000026ae0055220 JavaThread "Cache worker for file hash cache (C:\Users\vkhan\.gradle\caches\8.0\fileHashes)" [_thread_blocked, id=10972, stack(0x0000008871a00000,0x0000008871b00000)]
  0x0000026ae00556f0 JavaThread "File watcher server" daemon [_thread_in_native, id=8912, stack(0x0000008871b00000,0x0000008871c00000)]
  0x0000026ae0052ba0 JavaThread "File watcher consumer" daemon [_thread_blocked, id=16944, stack(0x0000008871c00000,0x0000008871d00000)]
  0x0000026ae0052200 JavaThread "jar transforms" [_thread_blocked, id=3932, stack(0x0000008871d00000,0x0000008871e00000)]
  0x0000026ae00526d0 JavaThread "jar transforms Thread 2" [_thread_blocked, id=7176, stack(0x0000008871e00000,0x0000008871f00000)]
  0x0000026ae0053070 JavaThread "jar transforms Thread 3" [_thread_blocked, id=11456, stack(0x0000008871f00000,0x0000008872000000)]
  0x0000026ae0054880 JavaThread "jar transforms Thread 4" [_thread_blocked, id=6288, stack(0x0000008872000000,0x0000008872100000)]
  0x0000026ae0053540 JavaThread "jar transforms Thread 5" [_thread_blocked, id=10688, stack(0x0000008872100000,0x0000008872200000)]
  0x0000026ae1debec0 JavaThread "jar transforms Thread 6" [_thread_blocked, id=17276, stack(0x0000008872200000,0x0000008872300000)]
  0x0000026ae1df1090 JavaThread "jar transforms Thread 7" [_thread_blocked, id=12852, stack(0x0000008872300000,0x0000008872400000)]
  0x0000026ae1df0bc0 JavaThread "jar transforms Thread 8" [_thread_blocked, id=18504, stack(0x0000008872400000,0x0000008872500000)]
  0x0000026ae1ded6d0 JavaThread "Cache worker for checksums cache (D:\LUANVAN\LV_QuanLiQuanAn\QuanLyQuanAn0609\.gradle\8.0\checksums)" [_thread_blocked, id=19932, stack(0x0000008872500000,0x0000008872600000)]
  0x0000026ae1df1560 JavaThread "Cache worker for cache directory md-rule (C:\Users\vkhan\.gradle\caches\8.0\md-rule)" [_thread_blocked, id=11972, stack(0x0000008872600000,0x0000008872700000)]
  0x0000026ae1dee070 JavaThread "Cache worker for file content cache (C:\Users\vkhan\.gradle\caches\8.0\fileContent)" [_thread_blocked, id=13460, stack(0x0000008872700000,0x0000008872800000)]
  0x0000026ae1deab80 JavaThread "Cache worker for file hash cache (D:\LUANVAN\LV_QuanLiQuanAn\QuanLyQuanAn0609\.gradle\8.0\fileHashes)" [_thread_blocked, id=20664, stack(0x0000008872800000,0x0000008872900000)]
  0x0000026ae1df1f00 JavaThread "Cache worker for cache directory md-supplier (C:\Users\vkhan\.gradle\caches\8.0\md-supplier)" [_thread_blocked, id=5460, stack(0x0000008872900000,0x0000008872a00000)]
  0x0000026ae1dee540 JavaThread "Cache worker for execution history cache (C:\Users\vkhan\.gradle\caches\8.0\executionHistory)" [_thread_blocked, id=4352, stack(0x0000008872a00000,0x0000008872b00000)]
  0x0000026ae1df23d0 JavaThread "Cache worker for dependencies-accessors (D:\LUANVAN\LV_QuanLiQuanAn\QuanLyQuanAn0609\.gradle\8.0\dependencies-accessors)" [_thread_blocked, id=13588, stack(0x0000008872b00000,0x0000008872c00000)]
  0x0000026ae1deb520 JavaThread "Cache worker for Build Output Cleanup Cache (D:\LUANVAN\LV_QuanLiQuanAn\QuanLyQuanAn0609\.gradle\buildOutputCleanup)" [_thread_blocked, id=11740, stack(0x0000008872c00000,0x0000008872d00000)]

Other Threads:
=>0x0000026addf83a30 VMThread "VM Thread" [stack: 0x000000886f900000,0x000000886fa00000] [id=8212]
  0x0000026ac41ac770 WatcherThread [stack: 0x0000008870500000,0x0000008870600000] [id=8776]
  0x0000026ac418adf0 GCTaskThread "GC Thread#0" [stack: 0x000000886f400000,0x000000886f500000] [id=5184]
  0x0000026adf7ae4e0 GCTaskThread "GC Thread#1" [stack: 0x0000008870600000,0x0000008870700000] [id=19820]
  0x0000026adf7ae790 GCTaskThread "GC Thread#2" [stack: 0x0000008870700000,0x0000008870800000] [id=14300]
  0x0000026adf298080 GCTaskThread "GC Thread#3" [stack: 0x0000008870800000,0x0000008870900000] [id=11924]
  0x0000026adfdc71b0 GCTaskThread "GC Thread#4" [stack: 0x0000008870900000,0x0000008870a00000] [id=13232]
  0x0000026ae01af780 GCTaskThread "GC Thread#5" [stack: 0x0000008871400000,0x0000008871500000] [id=18612]
  0x0000026ae1263e00 GCTaskThread "GC Thread#6" [stack: 0x0000008871500000,0x0000008871600000] [id=10624]
  0x0000026ae1201a20 GCTaskThread "GC Thread#7" [stack: 0x0000008871600000,0x0000008871700000] [id=7244]
  0x0000026ac419bb40 ConcurrentGCThread "G1 Main Marker" [stack: 0x000000886f500000,0x000000886f600000] [id=6720]
  0x0000026ac419cb00 ConcurrentGCThread "G1 Conc#0" [stack: 0x000000886f600000,0x000000886f700000] [id=5908]
  0x0000026ae1209080 ConcurrentGCThread "G1 Conc#1" [stack: 0x0000008871700000,0x0000008871800000] [id=21936]
  0x0000026ac41fddb0 ConcurrentGCThread "G1 Refine#0" [stack: 0x000000886f700000,0x000000886f800000] [id=8892]
  0x0000026ac41fe5e0 ConcurrentGCThread "G1 Service" [stack: 0x000000886f800000,0x000000886f900000] [id=2224]

Threads with active compile tasks:
C2 CompilerThread0     8620 4719   !   4       java.net.URLClassLoader::findClass (47 bytes)

VM state: at safepoint (normal execution)

VM Mutex/Monitor currently owned by a thread:  ([mutex/lock_event])
[0x0000026ac4127660] Threads_lock - owner thread: 0x0000026addf83a30
[0x0000026ac4127390] Heap_lock - owner thread: 0x0000026ac419bb40

Heap address: 0x0000000080000000, size: 2048 MB, Compressed Oops mode: 32-bit

CDS archive(s) not mapped
Compressed class space mapped at: 0x0000000100000000-0x0000000140000000, reserved size: 1073741824
Narrow klass base: 0x0000000000000000, Narrow klass shift: 3, Narrow klass range: 0x140000000

GC Precious Log:
 CPUs: 8 total, 8 available
 Memory: 7959M
 Large Page Support: Disabled
 NUMA Support: Disabled
 Compressed Oops: Enabled (32-bit)
 Heap Region Size: 1M
 Heap Min Capacity: 8M
 Heap Initial Capacity: 126M
 Heap Max Capacity: 2G
 Pre-touch: Disabled
 Parallel Workers: 8
 Concurrent Workers: 2
 Concurrent Refinement Workers: 8
 Periodic GC: Disabled

Heap:
 garbage-first heap   total 140288K, used 90493K [0x0000000080000000, 0x0000000100000000)
  region size 1024K, 3 young (3072K), 2 survivors (2048K)
 Metaspace       used 53674K, committed 54272K, reserved 1097728K
  class space    used 7181K, committed 7424K, reserved 1048576K

Heap Regions: E=young(eden), S=young(survivor), O=old, HS=humongous(starts), HC=humongous(continues), CS=collection set, F=free, OA=open archive, CA=closed archive, TAMS=top-at-mark-start (previous, next)
|   0|0x0000000080000000, 0x0000000080100000, 0x0000000080100000|100%|HS|  |TAMS 0x0000000080100000, 0x0000000080000000| Complete 
|   1|0x0000000080100000, 0x0000000080200000, 0x0000000080200000|100%|HC|  |TAMS 0x0000000080200000, 0x0000000080100000| Complete 
|   2|0x0000000080200000, 0x0000000080300000, 0x0000000080300000|100%|HC|  |TAMS 0x0000000080300000, 0x0000000080200000| Complete 
|   3|0x0000000080300000, 0x0000000080400000, 0x0000000080400000|100%|HC|  |TAMS 0x0000000080400000, 0x0000000080300000| Complete 
|   4|0x0000000080400000, 0x0000000080500000, 0x0000000080500000|100%| O|  |TAMS 0x0000000080500000, 0x0000000080400000| Untracked 
|   5|0x0000000080500000, 0x0000000080600000, 0x0000000080600000|100%| O|  |TAMS 0x0000000080600000, 0x0000000080500000| Updating 
|   6|0x0000000080600000, 0x0000000080700000, 0x0000000080700000|100%| O|  |TAMS 0x0000000080700000, 0x0000000080600000| Untracked 
|   7|0x0000000080700000, 0x0000000080800000, 0x0000000080800000|100%| O|  |TAMS 0x0000000080800000, 0x0000000080700000| Updating 
|   8|0x0000000080800000, 0x0000000080900000, 0x0000000080900000|100%| O|  |TAMS 0x0000000080900000, 0x0000000080800000| Untracked 
|   9|0x0000000080900000, 0x0000000080a00000, 0x0000000080a00000|100%| O|  |TAMS 0x0000000080a00000, 0x0000000080900000| Untracked 
|  10|0x0000000080a00000, 0x0000000080b00000, 0x0000000080b00000|100%| O|  |TAMS 0x0000000080b00000, 0x0000000080a00000| Untracked 
|  11|0x0000000080b00000, 0x0000000080bd5200, 0x0000000080c00000| 83%| O|  |TAMS 0x0000000080bd5200, 0x0000000080b00000| Updating 
|  12|0x0000000080c00000, 0x0000000080d00000, 0x0000000080d00000|100%| O|  |TAMS 0x0000000080d00000, 0x0000000080c00000| Untracked 
|  13|0x0000000080d00000, 0x0000000080e00000, 0x0000000080e00000|100%| O|  |TAMS 0x0000000080e00000, 0x0000000080d00000| Untracked 
|  14|0x0000000080e00000, 0x0000000080f00000, 0x0000000080f00000|100%| O|  |TAMS 0x0000000080f00000, 0x0000000080e00000| Untracked 
|  15|0x0000000080f00000, 0x0000000081000000, 0x0000000081000000|100%| O|  |TAMS 0x0000000081000000, 0x0000000080f00000| Untracked 
|  16|0x0000000081000000, 0x0000000081100000, 0x0000000081100000|100%| O|  |TAMS 0x0000000081100000, 0x0000000081000000| Untracked 
|  17|0x0000000081100000, 0x0000000081200000, 0x0000000081200000|100%| O|  |TAMS 0x0000000081200000, 0x0000000081100000| Untracked 
|  18|0x0000000081200000, 0x0000000081300000, 0x0000000081300000|100%| O|  |TAMS 0x0000000081300000, 0x0000000081200000| Untracked 
|  19|0x0000000081300000, 0x0000000081400000, 0x0000000081400000|100%|HS|  |TAMS 0x0000000081400000, 0x0000000081300000| Complete 
|  20|0x0000000081400000, 0x0000000081500000, 0x0000000081500000|100%|HC|  |TAMS 0x0000000081500000, 0x0000000081400000| Complete 
|  21|0x0000000081500000, 0x0000000081600000, 0x0000000081600000|100%|HS|  |TAMS 0x0000000081600000, 0x0000000081500000| Complete 
|  22|0x0000000081600000, 0x0000000081700000, 0x0000000081700000|100%|HC|  |TAMS 0x0000000081700000, 0x0000000081600000| Complete 
|  23|0x0000000081700000, 0x0000000081800000, 0x0000000081800000|100%|HC|  |TAMS 0x0000000081800000, 0x0000000081700000| Complete 
|  24|0x0000000081800000, 0x0000000081900000, 0x0000000081900000|100%|HS|  |TAMS 0x0000000081900000, 0x0000000081800000| Complete 
|  25|0x0000000081900000, 0x0000000081a00000, 0x0000000081a00000|100%| O|  |TAMS 0x0000000081a00000, 0x0000000081900000| Untracked 
|  26|0x0000000081a00000, 0x0000000081b00000, 0x0000000081b00000|100%| O|  |TAMS 0x0000000081b00000, 0x0000000081a00000| Untracked 
|  27|0x0000000081b00000, 0x0000000081c00000, 0x0000000081c00000|100%|HS|  |TAMS 0x0000000081c00000, 0x0000000081b00000| Complete 
|  28|0x0000000081c00000, 0x0000000081d00000, 0x0000000081d00000|100%|HC|  |TAMS 0x0000000081d00000, 0x0000000081c00000| Complete 
|  29|0x0000000081d00000, 0x0000000081e00000, 0x0000000081e00000|100%|HC|  |TAMS 0x0000000081e00000, 0x0000000081d00000| Complete 
|  30|0x0000000081e00000, 0x0000000081f00000, 0x0000000081f00000|100%|HS|  |TAMS 0x0000000081f00000, 0x0000000081e00000| Complete 
|  31|0x0000000081f00000, 0x0000000082000000, 0x0000000082000000|100%|HC|  |TAMS 0x0000000082000000, 0x0000000081f00000| Complete 
|  32|0x0000000082000000, 0x0000000082100000, 0x0000000082100000|100%| O|  |TAMS 0x0000000082100000, 0x0000000082000000| Updating 
|  33|0x0000000082100000, 0x0000000082200000, 0x0000000082200000|100%| O|  |TAMS 0x0000000082200000, 0x0000000082100000| Updating 
|  34|0x0000000082200000, 0x0000000082300000, 0x0000000082300000|100%|HS|  |TAMS 0x0000000082300000, 0x0000000082200000| Complete 
|  35|0x0000000082300000, 0x0000000082400000, 0x0000000082400000|100%|HC|  |TAMS 0x0000000082400000, 0x0000000082300000| Complete 
|  36|0x0000000082400000, 0x0000000082500000, 0x0000000082500000|100%|HC|  |TAMS 0x0000000082500000, 0x0000000082400000| Complete 
|  37|0x0000000082500000, 0x0000000082600000, 0x0000000082600000|100%|HC|  |TAMS 0x0000000082600000, 0x0000000082500000| Complete 
|  38|0x0000000082600000, 0x0000000082700000, 0x0000000082700000|100%|HC|  |TAMS 0x0000000082700000, 0x0000000082600000| Complete 
|  39|0x0000000082700000, 0x0000000082800000, 0x0000000082800000|100%|HC|  |TAMS 0x0000000082800000, 0x0000000082700000| Complete 
|  40|0x0000000082800000, 0x0000000082900000, 0x0000000082900000|100%| O|  |TAMS 0x0000000082900000, 0x0000000082800000| Updating 
|  41|0x0000000082900000, 0x0000000082a00000, 0x0000000082a00000|100%| O|  |TAMS 0x0000000082a00000, 0x0000000082900000| Untracked 
|  42|0x0000000082a00000, 0x0000000082a00000, 0x0000000082b00000|  0%| F|  |TAMS 0x0000000082a00000, 0x0000000082a00000| Untracked 
|  43|0x0000000082b00000, 0x0000000082c00000, 0x0000000082c00000|100%|HS|  |TAMS 0x0000000082c00000, 0x0000000082b00000| Complete 
|  44|0x0000000082c00000, 0x0000000082d00000, 0x0000000082d00000|100%| O|  |TAMS 0x0000000082d00000, 0x0000000082c00000| Untracked 
|  45|0x0000000082d00000, 0x0000000082e00000, 0x0000000082e00000|100%| O|  |TAMS 0x0000000082e00000, 0x0000000082d00000| Untracked 
|  46|0x0000000082e00000, 0x0000000082f00000, 0x0000000082f00000|100%| O|  |TAMS 0x0000000082f00000, 0x0000000082e00000| Updating 
|  47|0x0000000082f00000, 0x0000000083000000, 0x0000000083000000|100%| O|  |TAMS 0x0000000083000000, 0x0000000082f00000| Untracked 
|  48|0x0000000083000000, 0x0000000083100000, 0x0000000083100000|100%|HS|  |TAMS 0x0000000083100000, 0x0000000083000000| Complete 
|  49|0x0000000083100000, 0x0000000083200000, 0x0000000083200000|100%|HC|  |TAMS 0x0000000083200000, 0x0000000083100000| Complete 
|  50|0x0000000083200000, 0x0000000083300000, 0x0000000083300000|100%| O|  |TAMS 0x0000000083300000, 0x0000000083200000| Untracked 
|  51|0x0000000083300000, 0x0000000083400000, 0x0000000083400000|100%| O|  |TAMS 0x0000000083400000, 0x0000000083300000| Updating 
|  52|0x0000000083400000, 0x0000000083500000, 0x0000000083500000|100%| O|  |TAMS 0x0000000083500000, 0x0000000083400000| Updating 
|  53|0x0000000083500000, 0x0000000083600000, 0x0000000083600000|100%|HS|  |TAMS 0x0000000083600000, 0x0000000083500000| Complete 
|  54|0x0000000083600000, 0x0000000083700000, 0x0000000083700000|100%|HC|  |TAMS 0x0000000083700000, 0x0000000083600000| Complete 
|  55|0x0000000083700000, 0x0000000083800000, 0x0000000083800000|100%|HC|  |TAMS 0x0000000083800000, 0x0000000083700000| Complete 
|  56|0x0000000083800000, 0x0000000083900000, 0x0000000083900000|100%|HC|  |TAMS 0x0000000083900000, 0x0000000083800000| Complete 
|  57|0x0000000083900000, 0x0000000083a00000, 0x0000000083a00000|100%|HC|  |TAMS 0x0000000083a00000, 0x0000000083900000| Complete 
|  58|0x0000000083a00000, 0x0000000083b00000, 0x0000000083b00000|100%|HC|  |TAMS 0x0000000083b00000, 0x0000000083a00000| Complete 
|  59|0x0000000083b00000, 0x0000000083c00000, 0x0000000083c00000|100%|HC|  |TAMS 0x0000000083c00000, 0x0000000083b00000| Complete 
|  60|0x0000000083c00000, 0x0000000083d00000, 0x0000000083d00000|100%|HC|  |TAMS 0x0000000083d00000, 0x0000000083c00000| Complete 
|  61|0x0000000083d00000, 0x0000000083e00000, 0x0000000083e00000|100%|HC|  |TAMS 0x0000000083e00000, 0x0000000083d00000| Complete 
|  62|0x0000000083e00000, 0x0000000083f00000, 0x0000000083f00000|100%|HC|  |TAMS 0x0000000083f00000, 0x0000000083e00000| Complete 
|  63|0x0000000083f00000, 0x0000000084000000, 0x0000000084000000|100%|HC|  |TAMS 0x0000000084000000, 0x0000000083f00000| Complete 
|  64|0x0000000084000000, 0x0000000084100000, 0x0000000084100000|100%|HS|  |TAMS 0x0000000084100000, 0x0000000084000000| Complete 
|  65|0x0000000084100000, 0x0000000084200000, 0x0000000084200000|100%|HC|  |TAMS 0x0000000084200000, 0x0000000084100000| Complete 
|  66|0x0000000084200000, 0x0000000084300000, 0x0000000084300000|100%|HC|  |TAMS 0x0000000084300000, 0x0000000084200000| Complete 
|  67|0x0000000084300000, 0x0000000084400000, 0x0000000084400000|100%|HS|  |TAMS 0x0000000084400000, 0x0000000084300000| Complete 
|  68|0x0000000084400000, 0x0000000084500000, 0x0000000084500000|100%|HC|  |TAMS 0x0000000084500000, 0x0000000084400000| Complete 
|  69|0x0000000084500000, 0x0000000084600000, 0x0000000084600000|100%|HS|  |TAMS 0x0000000084600000, 0x0000000084500000| Complete 
|  70|0x0000000084600000, 0x0000000084700000, 0x0000000084700000|100%|HC|  |TAMS 0x0000000084700000, 0x0000000084600000| Complete 
|  71|0x0000000084700000, 0x0000000084800000, 0x0000000084800000|100%|HC|  |TAMS 0x0000000084800000, 0x0000000084700000| Complete 
|  72|0x0000000084800000, 0x0000000084900000, 0x0000000084900000|100%| O|  |TAMS 0x0000000084900000, 0x0000000084800000| Untracked 
|  73|0x0000000084900000, 0x0000000084a00000, 0x0000000084a00000|100%| O|  |TAMS 0x0000000084a00000, 0x0000000084900000| Untracked 
|  74|0x0000000084a00000, 0x0000000084b00000, 0x0000000084b00000|100%| O|  |TAMS 0x0000000084b00000, 0x0000000084a00000| Untracked 
|  75|0x0000000084b00000, 0x0000000084c00000, 0x0000000084c00000|100%| O|  |TAMS 0x0000000084c00000, 0x0000000084b00000| Untracked 
|  76|0x0000000084c00000, 0x0000000084d00000, 0x0000000084d00000|100%| O|  |TAMS 0x0000000084d00000, 0x0000000084c00000| Updating 
|  77|0x0000000084d00000, 0x0000000084e00000, 0x0000000084e00000|100%| O|  |TAMS 0x0000000084e00000, 0x0000000084d00000| Untracked 
|  78|0x0000000084e00000, 0x0000000084f00000, 0x0000000084f00000|100%|HS|  |TAMS 0x0000000084f00000, 0x0000000084e00000| Complete 
|  79|0x0000000084f00000, 0x0000000085000000, 0x0000000085000000|100%|HC|  |TAMS 0x0000000085000000, 0x0000000084f00000| Complete 
|  80|0x0000000085000000, 0x0000000085100000, 0x0000000085100000|100%|HC|  |TAMS 0x0000000085100000, 0x0000000085000000| Complete 
|  81|0x0000000085100000, 0x0000000085200000, 0x0000000085200000|100%|HC|  |TAMS 0x0000000085200000, 0x0000000085100000| Complete 
|  82|0x0000000085200000, 0x0000000085300000, 0x0000000085300000|100%|HC|  |TAMS 0x0000000085300000, 0x0000000085200000| Complete 
|  83|0x0000000085300000, 0x0000000085400000, 0x0000000085400000|100%|HC|  |TAMS 0x0000000085400000, 0x0000000085300000| Complete 
|  84|0x0000000085400000, 0x0000000085500000, 0x0000000085500000|100%| O|  |TAMS 0x0000000085500000, 0x0000000085400000| Untracked 
|  85|0x0000000085500000, 0x0000000085600000, 0x0000000085600000|100%| O|  |TAMS 0x0000000085600000, 0x0000000085500000| Untracked 
|  86|0x0000000085600000, 0x0000000085700000, 0x0000000085700000|100%| O|  |TAMS 0x0000000085700000, 0x0000000085600000| Untracked 
|  87|0x0000000085700000, 0x000000008578c800, 0x0000000085800000| 54%| O|  |TAMS 0x000000008578c800, 0x0000000085700000| Updating 
|  88|0x0000000085800000, 0x0000000085800000, 0x0000000085900000|  0%| F|  |TAMS 0x0000000085800000, 0x0000000085800000| Untracked 
|  89|0x0000000085900000, 0x0000000085900000, 0x0000000085a00000|  0%| F|  |TAMS 0x0000000085900000, 0x0000000085900000| Untracked 
|  90|0x0000000085a00000, 0x0000000085a00000, 0x0000000085b00000|  0%| F|  |TAMS 0x0000000085a00000, 0x0000000085a00000| Untracked 
|  91|0x0000000085b00000, 0x0000000085b00000, 0x0000000085c00000|  0%| F|  |TAMS 0x0000000085b00000, 0x0000000085b00000| Untracked 
|  92|0x0000000085c00000, 0x0000000085c00000, 0x0000000085d00000|  0%| F|  |TAMS 0x0000000085c00000, 0x0000000085c00000| Untracked 
|  93|0x0000000085d00000, 0x0000000085d00000, 0x0000000085e00000|  0%| F|  |TAMS 0x0000000085d00000, 0x0000000085d00000| Untracked 
|  94|0x0000000085e00000, 0x0000000085e00000, 0x0000000085f00000|  0%| F|  |TAMS 0x0000000085e00000, 0x0000000085e00000| Untracked 
|  95|0x0000000085f00000, 0x0000000085f00000, 0x0000000086000000|  0%| F|  |TAMS 0x0000000085f00000, 0x0000000085f00000| Untracked 
|  96|0x0000000086000000, 0x0000000086000000, 0x0000000086100000|  0%| F|  |TAMS 0x0000000086000000, 0x0000000086000000| Untracked 
|  97|0x0000000086100000, 0x0000000086100000, 0x0000000086200000|  0%| F|  |TAMS 0x0000000086100000, 0x0000000086100000| Untracked 
|  98|0x0000000086200000, 0x0000000086200000, 0x0000000086300000|  0%| F|  |TAMS 0x0000000086200000, 0x0000000086200000| Untracked 
|  99|0x0000000086300000, 0x0000000086300000, 0x0000000086400000|  0%| F|  |TAMS 0x0000000086300000, 0x0000000086300000| Untracked 
| 100|0x0000000086400000, 0x0000000086400000, 0x0000000086500000|  0%| F|  |TAMS 0x0000000086400000, 0x0000000086400000| Untracked 
| 101|0x0000000086500000, 0x0000000086500000, 0x0000000086600000|  0%| F|  |TAMS 0x0000000086500000, 0x0000000086500000| Untracked 
| 102|0x0000000086600000, 0x0000000086600000, 0x0000000086700000|  0%| F|  |TAMS 0x0000000086600000, 0x0000000086600000| Untracked 
| 103|0x0000000086700000, 0x0000000086700000, 0x0000000086800000|  0%| F|  |TAMS 0x0000000086700000, 0x0000000086700000| Untracked 
| 104|0x0000000086800000, 0x0000000086800000, 0x0000000086900000|  0%| F|  |TAMS 0x0000000086800000, 0x0000000086800000| Untracked 
| 105|0x0000000086900000, 0x0000000086900000, 0x0000000086a00000|  0%| F|  |TAMS 0x0000000086900000, 0x0000000086900000| Untracked 
| 106|0x0000000086a00000, 0x0000000086a00000, 0x0000000086b00000|  0%| F|  |TAMS 0x0000000086a00000, 0x0000000086a00000| Untracked 
| 107|0x0000000086b00000, 0x0000000086b00000, 0x0000000086c00000|  0%| F|  |TAMS 0x0000000086b00000, 0x0000000086b00000| Untracked 
| 108|0x0000000086c00000, 0x0000000086c00000, 0x0000000086d00000|  0%| F|  |TAMS 0x0000000086c00000, 0x0000000086c00000| Untracked 
| 109|0x0000000086d00000, 0x0000000086d00000, 0x0000000086e00000|  0%| F|  |TAMS 0x0000000086d00000, 0x0000000086d00000| Untracked 
| 110|0x0000000086e00000, 0x0000000086efdad0, 0x0000000086f00000| 99%| S|CS|TAMS 0x0000000086e00000, 0x0000000086e00000| Complete 
| 111|0x0000000086f00000, 0x0000000087000000, 0x0000000087000000|100%| S|CS|TAMS 0x0000000086f00000, 0x0000000086f00000| Complete 
| 112|0x0000000087000000, 0x0000000087000000, 0x0000000087100000|  0%| F|  |TAMS 0x0000000087000000, 0x0000000087000000| Untracked 
| 113|0x0000000087100000, 0x0000000087100000, 0x0000000087200000|  0%| F|  |TAMS 0x0000000087100000, 0x0000000087100000| Untracked 
| 114|0x0000000087200000, 0x0000000087200000, 0x0000000087300000|  0%| F|  |TAMS 0x0000000087200000, 0x0000000087200000| Untracked 
| 115|0x0000000087300000, 0x0000000087300000, 0x0000000087400000|  0%| F|  |TAMS 0x0000000087300000, 0x0000000087300000| Untracked 
| 116|0x0000000087400000, 0x0000000087400000, 0x0000000087500000|  0%| F|  |TAMS 0x0000000087400000, 0x0000000087400000| Untracked 
| 117|0x0000000087500000, 0x0000000087500000, 0x0000000087600000|  0%| F|  |TAMS 0x0000000087500000, 0x0000000087500000| Untracked 
| 118|0x0000000087600000, 0x0000000087600000, 0x0000000087700000|  0%| F|  |TAMS 0x0000000087600000, 0x0000000087600000| Untracked 
| 119|0x0000000087700000, 0x0000000087700000, 0x0000000087800000|  0%| F|  |TAMS 0x0000000087700000, 0x0000000087700000| Untracked 
| 120|0x0000000087800000, 0x0000000087800000, 0x0000000087900000|  0%| F|  |TAMS 0x0000000087800000, 0x0000000087800000| Untracked 
| 121|0x0000000087900000, 0x0000000087900000, 0x0000000087a00000|  0%| F|  |TAMS 0x0000000087900000, 0x0000000087900000| Untracked 
| 122|0x0000000087a00000, 0x0000000087a00000, 0x0000000087b00000|  0%| F|  |TAMS 0x0000000087a00000, 0x0000000087a00000| Untracked 
| 123|0x0000000087b00000, 0x0000000087b00000, 0x0000000087c00000|  0%| F|  |TAMS 0x0000000087b00000, 0x0000000087b00000| Untracked 
| 124|0x0000000087c00000, 0x0000000087c00000, 0x0000000087d00000|  0%| F|  |TAMS 0x0000000087c00000, 0x0000000087c00000| Untracked 
| 125|0x0000000087d00000, 0x0000000087d00000, 0x0000000087e00000|  0%| F|  |TAMS 0x0000000087d00000, 0x0000000087d00000| Untracked 
| 126|0x0000000087e00000, 0x0000000087e00000, 0x0000000087f00000|  0%| F|  |TAMS 0x0000000087e00000, 0x0000000087e00000| Untracked 
| 127|0x0000000087f00000, 0x0000000087f00000, 0x0000000088000000|  0%| F|  |TAMS 0x0000000087f00000, 0x0000000087f00000| Untracked 
| 128|0x0000000088000000, 0x0000000088000000, 0x0000000088100000|  0%| F|  |TAMS 0x0000000088000000, 0x0000000088000000| Untracked 
| 129|0x0000000088100000, 0x0000000088100000, 0x0000000088200000|  0%| F|  |TAMS 0x0000000088100000, 0x0000000088100000| Untracked 
| 130|0x0000000088200000, 0x0000000088200000, 0x0000000088300000|  0%| F|  |TAMS 0x0000000088200000, 0x0000000088200000| Untracked 
| 131|0x0000000088300000, 0x0000000088300000, 0x0000000088400000|  0%| F|  |TAMS 0x0000000088300000, 0x0000000088300000| Untracked 
| 132|0x0000000088400000, 0x0000000088400000, 0x0000000088500000|  0%| F|  |TAMS 0x0000000088400000, 0x0000000088400000| Untracked 
| 133|0x0000000088500000, 0x0000000088500000, 0x0000000088600000|  0%| F|  |TAMS 0x0000000088500000, 0x0000000088500000| Untracked 
| 134|0x0000000088600000, 0x0000000088600000, 0x0000000088700000|  0%| F|  |TAMS 0x0000000088600000, 0x0000000088600000| Untracked 
| 135|0x0000000088700000, 0x0000000088700000, 0x0000000088800000|  0%| F|  |TAMS 0x0000000088700000, 0x0000000088700000| Untracked 
| 136|0x0000000088800000, 0x00000000888f4938, 0x0000000088900000| 95%| E|  |TAMS 0x0000000088800000, 0x0000000088800000| Complete 

Card table byte_map: [0x0000026ad6d30000,0x0000026ad7130000] _byte_map_base: 0x0000026ad6930000

Marking Bits (Prev, Next): (CMBitMap*) 0x0000026ac418b210, (CMBitMap*) 0x0000026ac418b250
 Prev Bits: [0x0000026ad7530000, 0x0000026ad9530000)
 Next Bits: [0x0000026ad9530000, 0x0000026adb530000)

Polling page: 0x0000026ac2000000

Metaspace:

Usage:
  Non-class:     45.40 MB used.
      Class:      7.01 MB used.
       Both:     52.42 MB used.

Virtual space:
  Non-class space:       48.00 MB reserved,      45.75 MB ( 95%) committed,  6 nodes.
      Class space:        1.00 GB reserved,       7.25 MB ( <1%) committed,  1 nodes.
             Both:        1.05 GB reserved,      53.00 MB (  5%) committed. 

Chunk freelists:
   Non-Class:  2.25 MB
       Class:  624.00 KB
        Both:  2.86 MB

MaxMetaspaceSize: unlimited
CompressedClassSpaceSize: 1.00 GB
Initial GC threshold: 21.00 MB
Current GC threshold: 80.75 MB
CDS: off
MetaspaceReclaimPolicy: balanced
 - commit_granule_bytes: 65536.
 - commit_granule_words: 8192.
 - virtual_space_node_default_size: 1048576.
 - enlarge_chunks_in_place: 1.
 - new_chunks_are_fully_committed: 0.
 - uncommit_free_chunks: 1.
 - use_allocation_guard: 0.
 - handle_deallocations: 1.


Internal statistics:

num_allocs_failed_limit: 3.
num_arena_births: 572.
num_arena_deaths: 0.
num_vsnodes_births: 7.
num_vsnodes_deaths: 0.
num_space_committed: 848.
num_space_uncommitted: 0.
num_chunks_returned_to_freelist: 3.
num_chunks_taken_from_freelist: 2371.
num_chunk_merges: 3.
num_chunk_splits: 1528.
num_chunks_enlarged: 999.
num_purges: 0.
num_inconsistent_stats: 0.

CodeHeap 'non-profiled nmethods': size=120000Kb used=2297Kb max_used=2297Kb free=117703Kb
 bounds [0x0000026acf0d0000, 0x0000026acf340000, 0x0000026ad6600000]
CodeHeap 'profiled nmethods': size=120000Kb used=9806Kb max_used=9806Kb free=110193Kb
 bounds [0x0000026ac7600000, 0x0000026ac7fa0000, 0x0000026aceb30000]
CodeHeap 'non-nmethods': size=5760Kb used=2326Kb max_used=2365Kb free=3433Kb
 bounds [0x0000026aceb30000, 0x0000026aceda0000, 0x0000026acf0d0000]
 total_blobs=5932 nmethods=5103 adapters=741
 compilation: enabled
              stopped_count=0, restarted_count=0
 full_count=0

Compilation events (20 events):
Event: 8.573 Thread 0x0000026addfac040 5171       2       org.gradle.internal.component.model.MutableModuleSources::maybeCreateStore (16 bytes)
Event: 8.573 Thread 0x0000026addfac040 nmethod 5171 0x0000026ac7f90290 code [0x0000026ac7f90440, 0x0000026ac7f90678]
Event: 8.574 Thread 0x0000026addfac040 5172       2       org.gradle.api.internal.attributes.DefaultImmutableAttributesFactory::concat (126 bytes)
Event: 8.575 Thread 0x0000026addfac040 nmethod 5172 0x0000026ac7f90790 code [0x0000026ac7f909e0, 0x0000026ac7f90f38]
Event: 8.575 Thread 0x0000026addfac040 5173       2       org.gradle.internal.component.external.model.maven.DefaultMavenModuleResolveMetadata::populateConfigurationFromDescriptor (34 bytes)
Event: 8.575 Thread 0x0000026addfac040 nmethod 5173 0x0000026ac7f91210 code [0x0000026ac7f913e0, 0x0000026ac7f917c8]
Event: 8.575 Thread 0x0000026addfac040 5174       2       org.gradle.internal.component.external.model.AbstractLazyModuleComponentResolveMetadata::populateConfigurationFromDescriptor (56 bytes)
Event: 8.575 Thread 0x0000026addfac040 nmethod 5174 0x0000026ac7f91910 code [0x0000026ac7f91ae0, 0x0000026ac7f91d08]
Event: 8.575 Thread 0x0000026addfac040 5177       2       org.gradle.api.internal.artifacts.ivyservice.resolveengine.graph.builder.DependencyGraphBuilder$$Lambda$517/0x000000010061f460::isSatisfiedBy (8 bytes)
Event: 8.576 Thread 0x0000026addfac040 nmethod 5177 0x0000026ac7f91e90 code [0x0000026ac7f92040, 0x0000026ac7f921a8]
Event: 8.576 Thread 0x0000026addfac040 5178       2       org.gradle.api.internal.artifacts.ivyservice.resolveengine.graph.builder.DependencyGraphBuilder::lambda$static$0 (13 bytes)
Event: 8.576 Thread 0x0000026addfac040 nmethod 5178 0x0000026ac7f92310 code [0x0000026ac7f924a0, 0x0000026ac7f925c8]
Event: 8.576 Thread 0x0000026addfac040 5179       2       org.gradle.internal.resolve.result.DefaultBuildableComponentIdResolveResult::assertResolved (30 bytes)
Event: 8.576 Thread 0x0000026addfac040 nmethod 5179 0x0000026ac7f92710 code [0x0000026ac7f928c0, 0x0000026ac7f92aa8]
Event: 8.576 Thread 0x0000026addfac040 5175       1       org.gradle.internal.component.external.model.AbstractModuleComponentResolveMetadata::getAttributesFactory (5 bytes)
Event: 8.576 Thread 0x0000026addfac040 nmethod 5175 0x0000026acf30e110 code [0x0000026acf30e2a0, 0x0000026acf30e378]
Event: 8.576 Thread 0x0000026addfac040 5180       2       java.io.DataInputStream::<init> (30 bytes)
Event: 8.576 Thread 0x0000026addfac040 nmethod 5180 0x0000026ac7f92b90 code [0x0000026ac7f92d40, 0x0000026ac7f93198]
Event: 8.577 Thread 0x0000026addfac040 5182       2       java.lang.ThreadLocal$ThreadLocalMap::expungeStaleEntry (146 bytes)
Event: 8.578 Thread 0x0000026addfac040 nmethod 5182 0x0000026ac7f93290 code [0x0000026ac7f93460, 0x0000026ac7f93938]

GC Heap History (20 events):
Event: 6.376 GC heap before
{Heap before GC invocations=11 (full 0):
 garbage-first heap   total 91136K, used 70791K [0x0000000080000000, 0x0000000100000000)
  region size 1024K, 29 young (29696K), 2 survivors (2048K)
 Metaspace       used 41629K, committed 42048K, reserved 1089536K
  class space    used 5563K, committed 5760K, reserved 1048576K
}
Event: 6.381 GC heap after
{Heap after GC invocations=12 (full 0):
 garbage-first heap   total 91136K, used 48442K [0x0000000080000000, 0x0000000100000000)
  region size 1024K, 4 young (4096K), 4 survivors (4096K)
 Metaspace       used 41629K, committed 42048K, reserved 1089536K
  class space    used 5563K, committed 5760K, reserved 1048576K
}
Event: 6.480 GC heap before
{Heap before GC invocations=13 (full 0):
 garbage-first heap   total 92160K, used 61754K [0x0000000080000000, 0x0000000100000000)
  region size 1024K, 18 young (18432K), 4 survivors (4096K)
 Metaspace       used 42064K, committed 42432K, reserved 1089536K
  class space    used 5609K, committed 5824K, reserved 1048576K
}
Event: 6.484 GC heap after
{Heap after GC invocations=14 (full 0):
 garbage-first heap   total 92160K, used 51072K [0x0000000080000000, 0x0000000100000000)
  region size 1024K, 3 young (3072K), 3 survivors (3072K)
 Metaspace       used 42064K, committed 42432K, reserved 1089536K
  class space    used 5609K, committed 5824K, reserved 1048576K
}
Event: 6.839 GC heap before
{Heap before GC invocations=15 (full 0):
 garbage-first heap   total 94208K, used 75648K [0x0000000080000000, 0x0000000100000000)
  region size 1024K, 24 young (24576K), 3 survivors (3072K)
 Metaspace       used 45355K, committed 45824K, reserved 1089536K
  class space    used 6005K, committed 6208K, reserved 1048576K
}
Event: 6.842 GC heap after
{Heap after GC invocations=16 (full 0):
 garbage-first heap   total 94208K, used 52028K [0x0000000080000000, 0x0000000100000000)
  region size 1024K, 2 young (2048K), 2 survivors (2048K)
 Metaspace       used 45355K, committed 45824K, reserved 1089536K
  class space    used 6005K, committed 6208K, reserved 1048576K
}
Event: 7.006 GC heap before
{Heap before GC invocations=16 (full 0):
 garbage-first heap   total 94208K, used 59196K [0x0000000080000000, 0x0000000100000000)
  region size 1024K, 11 young (11264K), 2 survivors (2048K)
 Metaspace       used 46023K, committed 46464K, reserved 1089536K
  class space    used 6116K, committed 6336K, reserved 1048576K
}
Event: 7.009 GC heap after
{Heap after GC invocations=17 (full 0):
 garbage-first heap   total 94208K, used 53507K [0x0000000080000000, 0x0000000100000000)
  region size 1024K, 3 young (3072K), 3 survivors (3072K)
 Metaspace       used 46023K, committed 46464K, reserved 1089536K
  class space    used 6116K, committed 6336K, reserved 1048576K
}
Event: 7.467 GC heap before
{Heap before GC invocations=18 (full 0):
 garbage-first heap   total 114688K, used 96515K [0x0000000080000000, 0x0000000100000000)
  region size 1024K, 24 young (24576K), 3 survivors (3072K)
 Metaspace       used 48291K, committed 48768K, reserved 1097728K
  class space    used 6311K, committed 6528K, reserved 1048576K
}
Event: 7.470 GC heap after
{Heap after GC invocations=19 (full 0):
 garbage-first heap   total 114688K, used 78411K [0x0000000080000000, 0x0000000100000000)
  region size 1024K, 3 young (3072K), 3 survivors (3072K)
 Metaspace       used 48291K, committed 48768K, reserved 1097728K
  class space    used 6311K, committed 6528K, reserved 1048576K
}
Event: 7.508 GC heap before
{Heap before GC invocations=19 (full 0):
 garbage-first heap   total 114688K, used 80459K [0x0000000080000000, 0x0000000100000000)
  region size 1024K, 5 young (5120K), 3 survivors (3072K)
 Metaspace       used 48494K, committed 49024K, reserved 1097728K
  class space    used 6346K, committed 6592K, reserved 1048576K
}
Event: 7.512 GC heap after
{Heap after GC invocations=20 (full 0):
 garbage-first heap   total 114688K, used 78297K [0x0000000080000000, 0x0000000100000000)
  region size 1024K, 1 young (1024K), 1 survivors (1024K)
 Metaspace       used 48494K, committed 49024K, reserved 1097728K
  class space    used 6346K, committed 6592K, reserved 1048576K
}
Event: 7.663 GC heap before
{Heap before GC invocations=20 (full 0):
 garbage-first heap   total 114688K, used 94681K [0x0000000080000000, 0x0000000100000000)
  region size 1024K, 17 young (17408K), 1 survivors (1024K)
 Metaspace       used 48926K, committed 49472K, reserved 1097728K
  class space    used 6422K, committed 6656K, reserved 1048576K
}
Event: 7.667 GC heap after
{Heap after GC invocations=21 (full 0):
 garbage-first heap   total 114688K, used 80032K [0x0000000080000000, 0x0000000100000000)
  region size 1024K, 3 young (3072K), 3 survivors (3072K)
 Metaspace       used 48926K, committed 49472K, reserved 1097728K
  class space    used 6422K, committed 6656K, reserved 1048576K
}
Event: 7.940 GC heap before
{Heap before GC invocations=22 (full 0):
 garbage-first heap   total 140288K, used 102560K [0x0000000080000000, 0x0000000100000000)
  region size 1024K, 18 young (18432K), 3 survivors (3072K)
 Metaspace       used 50431K, committed 51008K, reserved 1097728K
  class space    used 6683K, committed 6912K, reserved 1048576K
}
Event: 7.944 GC heap after
{Heap after GC invocations=23 (full 0):
 garbage-first heap   total 140288K, used 88914K [0x0000000080000000, 0x0000000100000000)
  region size 1024K, 2 young (2048K), 2 survivors (2048K)
 Metaspace       used 50431K, committed 51008K, reserved 1097728K
  class space    used 6683K, committed 6912K, reserved 1048576K
}
Event: 8.009 GC heap before
{Heap before GC invocations=23 (full 0):
 garbage-first heap   total 140288K, used 93010K [0x0000000080000000, 0x0000000100000000)
  region size 1024K, 6 young (6144K), 2 survivors (2048K)
 Metaspace       used 50902K, committed 51456K, reserved 1097728K
  class space    used 6753K, committed 6976K, reserved 1048576K
}
Event: 8.012 GC heap after
{Heap after GC invocations=24 (full 0):
 garbage-first heap   total 140288K, used 88836K [0x0000000080000000, 0x0000000100000000)
  region size 1024K, 1 young (1024K), 1 survivors (1024K)
 Metaspace       used 50902K, committed 51456K, reserved 1097728K
  class space    used 6753K, committed 6976K, reserved 1048576K
}
Event: 8.543 GC heap before
{Heap before GC invocations=24 (full 0):
 garbage-first heap   total 140288K, used 113412K [0x0000000080000000, 0x0000000100000000)
  region size 1024K, 25 young (25600K), 1 survivors (1024K)
 Metaspace       used 53624K, committed 54144K, reserved 1097728K
  class space    used 7181K, committed 7424K, reserved 1048576K
}
Event: 8.547 GC heap after
{Heap after GC invocations=25 (full 0):
 garbage-first heap   total 140288K, used 90493K [0x0000000080000000, 0x0000000100000000)
  region size 1024K, 2 young (2048K), 2 survivors (2048K)
 Metaspace       used 53624K, committed 54144K, reserved 1097728K
  class space    used 7181K, committed 7424K, reserved 1048576K
}

Dll operation events (2 events):
Event: 0.023 Loaded shared library C:\Program Files\Android\Android Studio\jbr\bin\java.dll
Event: 0.811 Loaded shared library C:\Program Files\Android\Android Studio\jbr\bin\verify.dll

Deoptimization events (20 events):
Event: 8.134 Thread 0x0000026ae00629f0 Uncommon trap: trap_request=0xffffff45 fr.pc=0x0000026acf295a40 relative=0x0000000000001860
Event: 8.134 Thread 0x0000026ae00629f0 Uncommon trap: reason=unstable_if action=reinterpret pc=0x0000026acf295a40 method=java.util.concurrent.ConcurrentHashMap.computeIfAbsent(Ljava/lang/Object;Ljava/util/function/Function;)Ljava/lang/Object; @ 123 c2
Event: 8.134 Thread 0x0000026ae00629f0 DEOPT PACKING pc=0x0000026acf295a40 sp=0x00000088710f9960
Event: 8.134 Thread 0x0000026ae00629f0 DEOPT UNPACKING pc=0x0000026aceb8a1a3 sp=0x00000088710f98f0 mode 2
Event: 8.199 Thread 0x0000026ae00629f0 Uncommon trap: trap_request=0xffffffc6 fr.pc=0x0000026acf1f7958 relative=0x0000000000000218
Event: 8.199 Thread 0x0000026ae00629f0 Uncommon trap: reason=bimorphic_or_optimized_type_check action=maybe_recompile pc=0x0000026acf1f7958 method=com.google.common.base.CharMatcher.indexIn(Ljava/lang/CharSequence;I)I @ 31 c2
Event: 8.199 Thread 0x0000026ae00629f0 DEOPT PACKING pc=0x0000026acf1f7958 sp=0x00000088710f7440
Event: 8.199 Thread 0x0000026ae00629f0 DEOPT UNPACKING pc=0x0000026aceb8a1a3 sp=0x00000088710f73e8 mode 2
Event: 8.204 Thread 0x0000026ae00629f0 Uncommon trap: trap_request=0xffffffc6 fr.pc=0x0000026acf1f7958 relative=0x0000000000000218
Event: 8.204 Thread 0x0000026ae00629f0 Uncommon trap: reason=bimorphic_or_optimized_type_check action=maybe_recompile pc=0x0000026acf1f7958 method=com.google.common.base.CharMatcher.indexIn(Ljava/lang/CharSequence;I)I @ 31 c2
Event: 8.204 Thread 0x0000026ae00629f0 DEOPT PACKING pc=0x0000026acf1f7958 sp=0x00000088710f7440
Event: 8.204 Thread 0x0000026ae00629f0 DEOPT UNPACKING pc=0x0000026aceb8a1a3 sp=0x00000088710f73e8 mode 2
Event: 8.214 Thread 0x0000026ae00629f0 Uncommon trap: trap_request=0xffffffc6 fr.pc=0x0000026acf1f7958 relative=0x0000000000000218
Event: 8.214 Thread 0x0000026ae00629f0 Uncommon trap: reason=bimorphic_or_optimized_type_check action=maybe_recompile pc=0x0000026acf1f7958 method=com.google.common.base.CharMatcher.indexIn(Ljava/lang/CharSequence;I)I @ 31 c2
Event: 8.214 Thread 0x0000026ae00629f0 DEOPT PACKING pc=0x0000026acf1f7958 sp=0x00000088710f8dd0
Event: 8.214 Thread 0x0000026ae00629f0 DEOPT UNPACKING pc=0x0000026aceb8a1a3 sp=0x00000088710f8d78 mode 2
Event: 8.225 Thread 0x0000026ae00629f0 Uncommon trap: trap_request=0xffffff45 fr.pc=0x0000026acf145074 relative=0x00000000000001d4
Event: 8.225 Thread 0x0000026ae00629f0 Uncommon trap: reason=unstable_if action=reinterpret pc=0x0000026acf145074 method=java.net.URI$Parser.scan(IILjava/lang/String;)I @ 26 c2
Event: 8.225 Thread 0x0000026ae00629f0 DEOPT PACKING pc=0x0000026acf145074 sp=0x00000088710f82d0
Event: 8.225 Thread 0x0000026ae00629f0 DEOPT UNPACKING pc=0x0000026aceb8a1a3 sp=0x00000088710f8260 mode 2

Classes unloaded (0 events):
No events

Classes redefined (0 events):
No events

Internal exceptions (20 events):
Event: 7.993 Thread 0x0000026ae00629f0 Exception <a 'java/lang/NoSuchMethodError'{0x00000000886a5290}: 'java.lang.Object java.lang.invoke.DelegatingMethodHandle$Holder.delegate(java.lang.Object, java.lang.Object, java.lang.Object, java.lang.Object, java.lang.Object, java.lang.Object, java.lang.Object, java.lang.Object, java.lang.Object, java.lang.Object, java.lang.Object, java.lang.Object, java.lang.Object, java.lang.Object, java.lang.Object, java.lang.Object, java.lang.Object, java.lang.Object, java.lang.Object, java.lang.Object, java.lang.Obj
Event: 7.999 Thread 0x0000026ae00629f0 Exception <a 'java/lang/NoSuchMethodError'{0x0000000088516b00}: 'java.lang.Object java.lang.invoke.DirectMethodHandle$Holder.invokeStatic(java.lang.Object, java.lang.Object, java.lang.Object, java.lang.Object, java.lang.Object, java.lang.Object, java.lang.Object, java.lang.Object, java.lang.Object, java.lang.Object, java.lang.Object, java.lang.Object, java.lang.Object, java.lang.Object, java.lang.Object, java.lang.Object, java.lang.Object)'> (0x0000000088516b00) 
thrown [s\src\hotspot\share\interpreter\lin
Event: 8.001 Thread 0x0000026ae00629f0 Exception <a 'java/lang/NoSuchMethodError'{0x000000008853fa30}: 'java.lang.Object java.lang.invoke.DirectMethodHandle$Holder.invokeStatic(java.lang.Object, java.lang.Object, java.lang.Object, java.lang.Object, java.lang.Object, java.lang.Object, java.lang.Object, java.lang.Object, java.lang.Object, java.lang.Object, java.lang.Object, java.lang.Object, java.lang.Object, java.lang.Object, java.lang.Object, java.lang.Object, java.lang.Object, java.lang.Object)'> (0x000000008853fa30) 
thrown [s\src\hotspot\sha
Event: 8.003 Thread 0x0000026ae00629f0 Exception <a 'java/lang/NoSuchMethodError'{0x0000000088567a08}: 'java.lang.Object java.lang.invoke.DirectMethodHandle$Holder.invokeStatic(java.lang.Object, java.lang.Object, java.lang.Object, java.lang.Object, java.lang.Object, java.lang.Object, java.lang.Object, java.lang.Object, java.lang.Object, java.lang.Object, java.lang.Object, java.lang.Object, java.lang.Object, java.lang.Object, java.lang.Object, java.lang.Object, java.lang.Object, java.lang.Object, java.lang.Object)'> (0x0000000088567a08) 
thrown 
Event: 8.004 Thread 0x0000026ae00629f0 Exception <a 'java/lang/NoSuchMethodError'{0x0000000088593e20}: 'java.lang.Object java.lang.invoke.DirectMethodHandle$Holder.invokeStatic(java.lang.Object, java.lang.Object, java.lang.Object, java.lang.Object, java.lang.Object, java.lang.Object, java.lang.Object, java.lang.Object, java.lang.Object, java.lang.Object, java.lang.Object, java.lang.Object, java.lang.Object, java.lang.Object, java.lang.Object, java.lang.Object, java.lang.Object, java.lang.Object, java.lang.Object, java.lang.Object)'> (0x00000000
Event: 8.006 Thread 0x0000026ae00629f0 Exception <a 'java/lang/NoSuchMethodError'{0x00000000885bfbe8}: 'java.lang.Object java.lang.invoke.DirectMethodHandle$Holder.invokeStatic(java.lang.Object, java.lang.Object, java.lang.Object, java.lang.Object, java.lang.Object, java.lang.Object, java.lang.Object, java.lang.Object, java.lang.Object, java.lang.Object, java.lang.Object, java.lang.Object, java.lang.Object, java.lang.Object, java.lang.Object, java.lang.Object, java.lang.Object, java.lang.Object, java.lang.Object, java.lang.Object, java.lang.Obj
Event: 8.008 Thread 0x0000026ae00629f0 Exception <a 'java/lang/NoSuchMethodError'{0x00000000885ecbe8}: 'java.lang.Object java.lang.invoke.DirectMethodHandle$Holder.invokeStatic(java.lang.Object, java.lang.Object, java.lang.Object, java.lang.Object, java.lang.Object, java.lang.Object, java.lang.Object, java.lang.Object, java.lang.Object, java.lang.Object, java.lang.Object, java.lang.Object, java.lang.Object, java.lang.Object, java.lang.Object, java.lang.Object, java.lang.Object, java.lang.Object, java.lang.Object, java.lang.Object, java.lang.Obj
Event: 8.013 Thread 0x0000026ae00629f0 Exception <a 'java/lang/NoSuchMethodError'{0x000000008881bad0}: 'java.lang.Object java.lang.invoke.DirectMethodHandle$Holder.invokeStatic(java.lang.Object, java.lang.Object, java.lang.Object, java.lang.Object, java.lang.Object, java.lang.Object, java.lang.Object, java.lang.Object, java.lang.Object, java.lang.Object, java.lang.Object, java.lang.Object, java.lang.Object, java.lang.Object, java.lang.Object, java.lang.Object, java.lang.Object, java.lang.Object, java.lang.Object, java.lang.Object, java.lang.Obj
Event: 8.014 Thread 0x0000026ae00629f0 Exception <a 'java/lang/NoSuchMethodError'{0x000000008884ae70}: 'java.lang.Object java.lang.invoke.DirectMethodHandle$Holder.invokeStatic(java.lang.Object, java.lang.Object, java.lang.Object, java.lang.Object, java.lang.Object, java.lang.Object, java.lang.Object, java.lang.Object, java.lang.Object, java.lang.Object, java.lang.Object, java.lang.Object, java.lang.Object, java.lang.Object, java.lang.Object, java.lang.Object, java.lang.Object, java.lang.Object, java.lang.Object, java.lang.Object, java.lang.Obj
Event: 8.174 Thread 0x0000026ae00629f0 Exception <a 'java/lang/ClassNotFoundException'{0x00000000880d0168}: build_62bxkqvlo1oef5qhecr84gp0eBeanInfo> (0x00000000880d0168) 
thrown [s\src\hotspot\share\classfile\systemDictionary.cpp, line 256]
Event: 8.174 Thread 0x0000026ae00629f0 Exception <a 'java/lang/ClassNotFoundException'{0x00000000880db738}: org/gradle/api/internal/project/ProjectScriptBeanInfo> (0x00000000880db738) 
thrown [s\src\hotspot\share\classfile\systemDictionary.cpp, line 256]
Event: 8.174 Thread 0x0000026ae00629f0 Exception <a 'java/lang/ClassNotFoundException'{0x00000000880e6ab0}: org/gradle/api/internal/project/ProjectScriptCustomizer> (0x00000000880e6ab0) 
thrown [s\src\hotspot\share\classfile\systemDictionary.cpp, line 256]
Event: 8.176 Thread 0x0000026ae00629f0 Exception <a 'java/lang/ClassNotFoundException'{0x00000000880fe0b0}: build_62bxkqvlo1oef5qhecr84gp0eCustomizer> (0x00000000880fe0b0) 
thrown [s\src\hotspot\share\classfile\systemDictionary.cpp, line 256]
Event: 8.196 Thread 0x0000026ae00629f0 Exception <a 'java/lang/ClassNotFoundException'{0x0000000087e0b790}: org/gradle/plugin/use/internal/PluginRequestCollector$PluginDependenciesSpecImplBeanInfo> (0x0000000087e0b790) 
thrown [s\src\hotspot\share\classfile\systemDictionary.cpp, line 256]
Event: 8.197 Thread 0x0000026ae00629f0 Exception <a 'java/lang/ClassNotFoundException'{0x0000000087e1dbc8}: org/gradle/plugin/use/internal/PluginRequestCollector$PluginDependenciesSpecImplCustomizer> (0x0000000087e1dbc8) 
thrown [s\src\hotspot\share\classfile\systemDictionary.cpp, line 256]
Event: 8.200 Thread 0x0000026ae00629f0 Exception <a 'java/lang/ClassNotFoundException'{0x0000000087e574d8}: org/gradle/plugin/use/internal/PluginRequestCollector$PluginDependencySpecImplBeanInfo> (0x0000000087e574d8) 
thrown [s\src\hotspot\share\classfile\systemDictionary.cpp, line 256]
Event: 8.201 Thread 0x0000026ae00629f0 Exception <a 'java/lang/ClassNotFoundException'{0x0000000087e69360}: org/gradle/plugin/use/internal/PluginRequestCollector$PluginDependencySpecImplCustomizer> (0x0000000087e69360) 
thrown [s\src\hotspot\share\classfile\systemDictionary.cpp, line 256]
Event: 8.367 Thread 0x0000026ae00629f0 Exception <a 'java/lang/NoSuchMethodError'{0x0000000087547590}: 'java.lang.Object java.lang.invoke.DirectMethodHandle$Holder.newInvokeSpecial(java.lang.Object, java.lang.Object, java.lang.Object, java.lang.Object, java.lang.Object, int)'> (0x0000000087547590) 
thrown [s\src\hotspot\share\interpreter\linkResolver.cpp, line 771]
Event: 8.367 Thread 0x0000026ae00629f0 Exception <a 'java/lang/NoSuchMethodError'{0x000000008754cbe8}: 'java.lang.Object java.lang.invoke.DirectMethodHandle$Holder.invokeSpecial(java.lang.Object, java.lang.Object, java.lang.Object, java.lang.Object, java.lang.Object, java.lang.Object, int)'> (0x000000008754cbe8) 
thrown [s\src\hotspot\share\interpreter\linkResolver.cpp, line 771]
Event: 8.381 Thread 0x0000026ae00629f0 Exception <a 'java/lang/NoSuchMethodError'{0x00000000875e7438}: 'void java.lang.invoke.DirectMethodHandle$Holder.invokeStatic(java.lang.Object, java.lang.Object, java.lang.Object, int, java.lang.Object)'> (0x00000000875e7438) 
thrown [s\src\hotspot\share\interpreter\linkResolver.cpp, line 771]

VM Operations (20 events):
Event: 7.512 Executing VM operation: G1CollectForAllocation done
Event: 7.663 Executing VM operation: G1CollectForAllocation
Event: 7.667 Executing VM operation: G1CollectForAllocation done
Event: 7.703 Executing VM operation: G1Concurrent
Event: 7.706 Executing VM operation: G1Concurrent done
Event: 7.723 Executing VM operation: G1Concurrent
Event: 7.723 Executing VM operation: G1Concurrent done
Event: 7.837 Executing VM operation: HandshakeAllThreads
Event: 7.837 Executing VM operation: HandshakeAllThreads done
Event: 7.940 Executing VM operation: G1CollectForAllocation
Event: 7.944 Executing VM operation: G1CollectForAllocation done
Event: 8.009 Executing VM operation: G1CollectForAllocation
Event: 8.012 Executing VM operation: G1CollectForAllocation done
Event: 8.035 Executing VM operation: HandshakeAllThreads
Event: 8.035 Executing VM operation: HandshakeAllThreads done
Event: 8.509 Executing VM operation: ICBufferFull
Event: 8.509 Executing VM operation: ICBufferFull done
Event: 8.543 Executing VM operation: G1CollectForAllocation
Event: 8.547 Executing VM operation: G1CollectForAllocation done
Event: 8.578 Executing VM operation: G1Concurrent

Events (20 events):
Event: 8.102 loading class java/lang/StringIndexOutOfBoundsException
Event: 8.102 loading class java/lang/StringIndexOutOfBoundsException done
Event: 8.243 loading class javax/net/ssl/HostnameVerifier
Event: 8.244 loading class javax/net/ssl/HostnameVerifier done
Event: 8.246 loading class javax/net/ssl/TrustManager
Event: 8.246 loading class javax/net/ssl/TrustManager done
Event: 8.247 loading class javax/net/ssl/X509TrustManager
Event: 8.247 loading class javax/net/ssl/X509TrustManager done
Event: 8.249 loading class javax/net/ssl/SSLException
Event: 8.249 loading class javax/net/ssl/SSLException done
Event: 8.249 loading class javax/net/ssl/SSLPeerUnverifiedException
Event: 8.249 loading class javax/net/ssl/SSLPeerUnverifiedException done
Event: 8.249 loading class java/security/cert/CertificateParsingException
Event: 8.249 loading class java/security/cert/CertificateException
Event: 8.249 loading class java/security/cert/CertificateException done
Event: 8.249 loading class java/security/cert/CertificateParsingException done
Event: 8.249 loading class javax/naming/NamingException
Event: 8.250 loading class javax/naming/NamingException done
Event: 8.250 loading class javax/naming/InvalidNameException
Event: 8.250 loading class javax/naming/InvalidNameException done


Dynamic libraries:
0x00007ff6fcf90000 - 0x00007ff6fcf9a000 	C:\Program Files\Android\Android Studio\jbr\bin\java.exe
0x00007ffd405d0000 - 0x00007ffd407c7000 	C:\WINDOWS\SYSTEM32\ntdll.dll
0x00007ffd3e8f0000 - 0x00007ffd3e9ad000 	C:\WINDOWS\System32\KERNEL32.DLL
0x00007ffd3dfd0000 - 0x00007ffd3e2c6000 	C:\WINDOWS\System32\KERNELBASE.dll
0x00007ffd3dde0000 - 0x00007ffd3dee0000 	C:\WINDOWS\System32\ucrtbase.dll
0x00007ffd365d0000 - 0x00007ffd365eb000 	C:\Program Files\Android\Android Studio\jbr\bin\VCRUNTIME140.dll
0x00007ffd36560000 - 0x00007ffd36577000 	C:\Program Files\Android\Android Studio\jbr\bin\jli.dll
0x00007ffd3f0e0000 - 0x00007ffd3f27e000 	C:\WINDOWS\System32\USER32.dll
0x00007ffd140d0000 - 0x00007ffd1436a000 	C:\WINDOWS\WinSxS\amd64_microsoft.windows.common-controls_6595b64144ccf1df_6.0.19041.3570_none_60bb2a3971f3e41a\COMCTL32.dll
0x00007ffd3dfa0000 - 0x00007ffd3dfc2000 	C:\WINDOWS\System32\win32u.dll
0x00007ffd3e7a0000 - 0x00007ffd3e83e000 	C:\WINDOWS\System32\msvcrt.dll
0x00007ffd40560000 - 0x00007ffd4058c000 	C:\WINDOWS\System32\GDI32.dll
0x00007ffd3e430000 - 0x00007ffd3e54a000 	C:\WINDOWS\System32\gdi32full.dll
0x00007ffd3dcb0000 - 0x00007ffd3dd4d000 	C:\WINDOWS\System32\msvcp_win.dll
0x00007ffd3f3e0000 - 0x00007ffd3f410000 	C:\WINDOWS\System32\IMM32.DLL
0x00007ffd39430000 - 0x00007ffd3943c000 	C:\Program Files\Android\Android Studio\jbr\bin\vcruntime140_1.dll
0x00007ffd0e160000 - 0x00007ffd0e1ed000 	C:\Program Files\Android\Android Studio\jbr\bin\msvcp140.dll
0x00007ffcc58e0000 - 0x00007ffcc654d000 	C:\Program Files\Android\Android Studio\jbr\bin\server\jvm.dll
0x00007ffd3e840000 - 0x00007ffd3e8ee000 	C:\WINDOWS\System32\ADVAPI32.dll
0x00007ffd3e690000 - 0x00007ffd3e72c000 	C:\WINDOWS\System32\sechost.dll
0x00007ffd3f8c0000 - 0x00007ffd3f9e6000 	C:\WINDOWS\System32\RPCRT4.dll
0x00007ffd1ad00000 - 0x00007ffd1ad27000 	C:\WINDOWS\SYSTEM32\WINMM.dll
0x00007ffd344a0000 - 0x00007ffd344aa000 	C:\WINDOWS\SYSTEM32\VERSION.dll
0x00007ffd1a570000 - 0x00007ffd1a579000 	C:\WINDOWS\SYSTEM32\WSOCK32.dll
0x00007ffd3f770000 - 0x00007ffd3f7db000 	C:\WINDOWS\System32\WS2_32.dll
0x00007ffd3c4e0000 - 0x00007ffd3c4f2000 	C:\WINDOWS\SYSTEM32\kernel.appcore.dll
0x00007ffd1f4e0000 - 0x00007ffd1f4ea000 	C:\Program Files\Android\Android Studio\jbr\bin\jimage.dll
0x00007ffd3ba50000 - 0x00007ffd3bc34000 	C:\WINDOWS\SYSTEM32\DBGHELP.DLL
0x00007ffd333a0000 - 0x00007ffd333d4000 	C:\WINDOWS\SYSTEM32\dbgcore.DLL
0x00007ffd3dd50000 - 0x00007ffd3ddd2000 	C:\WINDOWS\System32\bcryptPrimitives.dll
0x00007ffd1f4b0000 - 0x00007ffd1f4d5000 	C:\Program Files\Android\Android Studio\jbr\bin\java.dll
0x00007ffd1f490000 - 0x00007ffd1f4a8000 	C:\Program Files\Android\Android Studio\jbr\bin\zip.dll
0x00007ffd3f9f0000 - 0x00007ffd40134000 	C:\WINDOWS\System32\SHELL32.dll
0x00007ffd3bd30000 - 0x00007ffd3c4cb000 	C:\WINDOWS\SYSTEM32\windows.storage.dll
0x00007ffd3f410000 - 0x00007ffd3f764000 	C:\WINDOWS\System32\combase.dll
0x00007ffd3d6f0000 - 0x00007ffd3d71d000 	C:\WINDOWS\SYSTEM32\Wldp.dll
0x00007ffd3ebb0000 - 0x00007ffd3ec5d000 	C:\WINDOWS\System32\SHCORE.dll
0x00007ffd3f860000 - 0x00007ffd3f8b5000 	C:\WINDOWS\System32\shlwapi.dll
0x00007ffd3dbe0000 - 0x00007ffd3dc05000 	C:\WINDOWS\SYSTEM32\profapi.dll
0x00007ffd0f930000 - 0x00007ffd0f949000 	C:\Program Files\Android\Android Studio\jbr\bin\net.dll
0x00007ffd2e290000 - 0x00007ffd2e39a000 	C:\WINDOWS\SYSTEM32\WINHTTP.dll
0x00007ffd3d450000 - 0x00007ffd3d4ba000 	C:\WINDOWS\system32\mswsock.dll
0x00007ffd0f910000 - 0x00007ffd0f926000 	C:\Program Files\Android\Android Studio\jbr\bin\nio.dll
0x00007ffd10660000 - 0x00007ffd10670000 	C:\Program Files\Android\Android Studio\jbr\bin\verify.dll
0x00007ffd11490000 - 0x00007ffd114b7000 	C:\Users\vkhan\.gradle\native\68d5fa5c4cc2d200863cafc0d521ce42e7d3e7ee720ec0a83991735586a16f82\windows-amd64\native-platform.dll
0x00007ffd0b4f0000 - 0x00007ffd0b634000 	C:\Users\vkhan\.gradle\native\e376f236ea51e6404a007f0833ffe2c6e607c4080706a723a18a27aeea778392\windows-amd64\native-platform-file-events.dll
0x00007ffd1f480000 - 0x00007ffd1f489000 	C:\Program Files\Android\Android Studio\jbr\bin\management.dll
0x00007ffd106b0000 - 0x00007ffd106bb000 	C:\Program Files\Android\Android Studio\jbr\bin\management_ext.dll
0x00007ffd3e790000 - 0x00007ffd3e798000 	C:\WINDOWS\System32\PSAPI.DLL
0x00007ffd3d650000 - 0x00007ffd3d668000 	C:\WINDOWS\SYSTEM32\CRYPTSP.dll
0x00007ffd3ccf0000 - 0x00007ffd3cd24000 	C:\WINDOWS\system32\rsaenh.dll
0x00007ffd3e550000 - 0x00007ffd3e577000 	C:\WINDOWS\System32\bcrypt.dll
0x00007ffd3dba0000 - 0x00007ffd3dbce000 	C:\WINDOWS\SYSTEM32\USERENV.dll
0x00007ffd3d640000 - 0x00007ffd3d64c000 	C:\WINDOWS\SYSTEM32\CRYPTBASE.dll
0x00007ffd3d0f0000 - 0x00007ffd3d12b000 	C:\WINDOWS\SYSTEM32\IPHLPAPI.DLL
0x00007ffd403c0000 - 0x00007ffd403c8000 	C:\WINDOWS\System32\NSI.dll
0x00007ffd335a0000 - 0x00007ffd335b7000 	C:\WINDOWS\SYSTEM32\dhcpcsvc6.DLL
0x00007ffd33380000 - 0x00007ffd3339d000 	C:\WINDOWS\SYSTEM32\dhcpcsvc.DLL
0x00007ffd3d140000 - 0x00007ffd3d20a000 	C:\WINDOWS\SYSTEM32\DNSAPI.dll
0x00007ffd103a0000 - 0x00007ffd103a7000 	C:\WINDOWS\system32\wshunix.dll

dbghelp: loaded successfully - version: 4.0.5 - missing functions: none
symbol engine: initialized successfully - sym options: 0x614 - pdb path: .;C:\Program Files\Android\Android Studio\jbr\bin;C:\WINDOWS\SYSTEM32;C:\WINDOWS\WinSxS\amd64_microsoft.windows.common-controls_6595b64144ccf1df_6.0.19041.3570_none_60bb2a3971f3e41a;C:\Program Files\Android\Android Studio\jbr\bin\server;C:\Users\vkhan\.gradle\native\68d5fa5c4cc2d200863cafc0d521ce42e7d3e7ee720ec0a83991735586a16f82\windows-amd64;C:\Users\vkhan\.gradle\native\e376f236ea51e6404a007f0833ffe2c6e607c4080706a723a18a27aeea778392\windows-amd64

VM Arguments:
jvm_args: --add-opens=java.base/java.util=ALL-UNNAMED --add-opens=java.base/java.lang=ALL-UNNAMED --add-opens=java.base/java.lang.invoke=ALL-UNNAMED --add-opens=java.prefs/java.util.prefs=ALL-UNNAMED --add-opens=java.base/java.nio.charset=ALL-UNNAMED --add-opens=java.base/java.net=ALL-UNNAMED --add-opens=java.base/java.util.concurrent.atomic=ALL-UNNAMED -Xmx2048m -Dfile.encoding=UTF-8 -Duser.country=US -Duser.language=en -Duser.variant 
java_command: org.gradle.launcher.daemon.bootstrap.GradleDaemon 8.0
java_class_path (initial): C:\Users\vkhan\.gradle\wrapper\dists\gradle-8.0-bin\ca5e32bp14vu59qr306oxotwh\gradle-8.0\lib\gradle-launcher-8.0.jar
Launcher Type: SUN_STANDARD

[Global flags]
     intx CICompilerCount                          = 4                                         {product} {ergonomic}
     uint ConcGCThreads                            = 2                                         {product} {ergonomic}
     uint G1ConcRefinementThreads                  = 8                                         {product} {ergonomic}
   size_t G1HeapRegionSize                         = 1048576                                   {product} {ergonomic}
    uintx GCDrainStackTargetSize                   = 64                                        {product} {ergonomic}
   size_t InitialHeapSize                          = 132120576                                 {product} {ergonomic}
   size_t MarkStackSize                            = 4194304                                   {product} {ergonomic}
   size_t MaxHeapSize                              = 2147483648                                {product} {command line}
   size_t MaxNewSize                               = 1287651328                                {product} {ergonomic}
   size_t MinHeapDeltaBytes                        = 1048576                                   {product} {ergonomic}
   size_t MinHeapSize                              = 8388608                                   {product} {ergonomic}
    uintx NonNMethodCodeHeapSize                   = 5839372                                {pd product} {ergonomic}
    uintx NonProfiledCodeHeapSize                  = 122909434                              {pd product} {ergonomic}
    uintx ProfiledCodeHeapSize                     = 122909434                              {pd product} {ergonomic}
    uintx ReservedCodeCacheSize                    = 251658240                              {pd product} {ergonomic}
     bool SegmentedCodeCache                       = true                                      {product} {ergonomic}
   size_t SoftMaxHeapSize                          = 2147483648                             {manageable} {ergonomic}
     bool UseCompressedClassPointers               = true                           {product lp64_product} {ergonomic}
     bool UseCompressedOops                        = true                           {product lp64_product} {ergonomic}
     bool UseG1GC                                  = true                                      {product} {ergonomic}
     bool UseLargePagesIndividualAllocation        = false                                  {pd product} {ergonomic}

Logging:
Log output configuration:
 #0: stdout all=warning uptime,level,tags
 #1: stderr all=off uptime,level,tags

Environment Variables:
PATH=C:\Program Files\Common Files\Oracle\Java\javapath;C:\Program Files (x86)\Common Files\Oracle\Java\javapath;C:\WINDOWS\system32;C:\WINDOWS;C:\WINDOWS\System32\Wbem;C:\WINDOWS\System32\WindowsPowerShell\v1.0\;C:\WINDOWS\System32\OpenSSH\;C:\Program Files\Microsoft SQL Server\Client SDK\ODBC\170\Tools\Binn\;C:\Program Files (x86)\Microsoft SQL Server\150\Tools\Binn\;C:\Program Files\Microsoft SQL Server\150\Tools\Binn\;C:\Program Files\Microsoft SQL Server\150\DTS\Binn\;C:\Program Files (x86)\Microsoft SQL Server\160\DTS\Binn\;C:\Program Files\Azure Data Studio\bin;C:\Program Files\Git\cmd;C:\Program Files\nodejs\;C:\Users\vkhan\AppData\Local\Programs\Python\Python311\Scripts\;C:\Users\vkhan\AppData\Local\Programs\Python\Python311\;C:\Users\vkhan\AppData\Local\Microsoft\WindowsApps;C:\Users\vkhan\AppData\Local\Programs\Microsoft VS Code\bin;C:\Program Files\Azure Data Studio\bin;C:\Users\vkhan\AppData\Roaming\npm;C:\Program Files\nodejs;
USERNAME=Admin
OS=Windows_NT
PROCESSOR_IDENTIFIER=Intel64 Family 6 Model 126 Stepping 5, GenuineIntel
TMP=C:\Users\vkhan\AppData\Local\Temp
TEMP=C:\Users\vkhan\AppData\Local\Temp



---------------  S Y S T E M  ---------------

OS:
 Windows 10 , 64 bit Build 19041 (10.0.19041.3570)
OS uptime: 5 days 20:01 hours

CPU: total 8 (initial active 8) (4 cores per cpu, 2 threads per core) family 6 model 126 stepping 5 microcode 0xbc, cx8, cmov, fxsr, ht, mmx, 3dnowpref, sse, sse2, sse3, ssse3, sse4.1, sse4.2, popcnt, lzcnt, tsc, tscinvbit, avx, avx2, aes, erms, clmul, bmi1, bmi2, adx, avx512f, avx512dq, avx512cd, avx512bw, avx512vl, sha, fma, vzeroupper, avx512_vpopcntdq, avx512_vpclmulqdq, avx512_vaes, avx512_vnni, clflush, clflushopt, avx512_vbmi2, avx512_vbmi

Memory: 4k page, system-wide physical 7959M (277M free)
TotalPageFile size 20759M (AvailPageFile size 6M)
current process WorkingSet (physical memory assigned to process): 295M, peak: 295M
current process commit charge ("private bytes"): 338M, peak: 351M

vm_info: OpenJDK 64-Bit Server VM (17.0.6+0-b2043.56-9586694) for windows-amd64 JRE (17.0.6+0-b2043.56-9586694), built on Feb  9 2023 20:06:20 by "androidbuild" with MS VC++ 16.10 / 16.11 (VS2019)

END.
