#
# There is insufficient memory for the Java Runtime Environment to continue.
# Native memory allocation (mmap) failed to map 412090368 bytes for G1 virtual space
# Possible reasons:
#   The system is out of physical RAM or swap space
#   The process is running with CompressedOops enabled, and the Java Heap may be blocking the growth of the native heap
# Possible solutions:
#   Reduce memory load on the system
#   Increase physical memory or swap space
#   Check if swap backing store is full
#   Decrease Java heap size (-Xmx/-Xms)
#   Decrease number of Java threads
#   Decrease Java thread stack sizes (-Xss)
#   Set larger code cache with -XX:ReservedCodeCacheSize=
#   JVM is running with Unscaled Compressed Oops mode in which the Java heap is
#     placed in the first 4GB address space. The Java Heap base address is the
#     maximum limit for the native heap growth. Please use -XX:HeapBaseMinAddress
#     to set the Java Heap base and to place the Java Heap above 4GB virtual address.
# This output file may be truncated or incomplete.
#
#  Out of Memory Error (os_windows.cpp:3769), pid=14712, tid=20180
#
# JRE version: OpenJDK Runtime Environment (17.0.6) (build 17.0.6+0-b2043.56-9586694)
# Java VM: OpenJDK 64-Bit Server VM (17.0.6+0-b2043.56-9586694, mixed mode, tiered, compressed oops, compressed class ptrs, g1 gc, windows-amd64)
# No core dump will be written. Minidumps are not enabled by default on client versions of Windows
#

---------------  S U M M A R Y ------------

Command Line: --add-opens=java.base/java.util=ALL-UNNAMED --add-opens=java.base/java.lang=ALL-UNNAMED --add-opens=java.base/java.lang.invoke=ALL-UNNAMED --add-opens=java.prefs/java.util.prefs=ALL-UNNAMED --add-opens=java.base/java.nio.charset=ALL-UNNAMED --add-opens=java.base/java.net=ALL-UNNAMED --add-opens=java.base/java.util.concurrent.atomic=ALL-UNNAMED -Xmx2048m -Dfile.encoding=UTF-8 -Duser.country=US -Duser.language=en -Duser.variant org.gradle.launcher.daemon.bootstrap.GradleDaemon 8.0

Host: Intel(R) Core(TM) i5-1035G1 CPU @ 1.00GHz, 8 cores, 7G,  Windows 10 , 64 bit Build 19041 (10.0.19041.3570)
Time: Sun Nov 12 14:45:18 2023 SE Asia Standard Time elapsed time: 559.977518 seconds (0d 0h 9m 19s)

---------------  T H R E A D  ---------------

Current thread (0x000001789613ca20):  VMThread "VM Thread" [stack: 0x0000001d83200000,0x0000001d83300000] [id=20180]

Stack: [0x0000001d83200000,0x0000001d83300000]
Native frames: (J=compiled Java code, j=interpreted, Vv=VM code, C=native code)
V  [jvm.dll+0x683b4a]
V  [jvm.dll+0x842654]
V  [jvm.dll+0x843dfe]
V  [jvm.dll+0x844463]
V  [jvm.dll+0x249b75]
V  [jvm.dll+0x680a19]
V  [jvm.dll+0x674f0a]
V  [jvm.dll+0x309acb]
V  [jvm.dll+0x310f86]
V  [jvm.dll+0x3608ee]
V  [jvm.dll+0x360b1f]
V  [jvm.dll+0x2dfbf8]
V  [jvm.dll+0x2ddec4]
V  [jvm.dll+0x2dd4cc]
V  [jvm.dll+0x322261]
V  [jvm.dll+0x84893b]
V  [jvm.dll+0x849674]
V  [jvm.dll+0x849b8d]
V  [jvm.dll+0x849f64]
V  [jvm.dll+0x84a030]
V  [jvm.dll+0x7f25fa]
V  [jvm.dll+0x682985]
C  [ucrtbase.dll+0x21bb2]
C  [KERNEL32.DLL+0x17344]
C  [ntdll.dll+0x526b1]

VM_Operation (0x0000001d8bdf8720): G1TryInitiateConcMark, mode: safepoint, requested by thread 0x000001789c168250


---------------  P R O C E S S  ---------------

Threads class SMR info:
_java_thread_list=0x00000178984e5900, length=145, elements={
0x00000178fc238be0, 0x0000017896140d50, 0x0000017896142fc0, 0x0000017896c1b290,
0x0000017896c1bc50, 0x0000017896c1f1c0, 0x0000017896c1fa80, 0x0000017896c22940,
0x0000017896c2dbe0, 0x0000017896c30de0, 0x0000017896dc3a80, 0x0000017896dc4360,
0x0000017897daab40, 0x0000017897da7180, 0x0000017897da84c0, 0x0000017897daa1a0,
0x0000017897da7650, 0x0000017899362790, 0x0000017899363fa0, 0x0000017899361df0,
0x0000017899360f80, 0x0000017899363600, 0x0000017899363ad0, 0x0000017899360ab0,
0x0000017899bb9730, 0x0000017899bb5d70, 0x0000017899bbb410, 0x0000017897c625e0,
0x0000017897c63920, 0x0000017897c5ff60, 0x0000017897c60900, 0x000001789c237230,
0x000001789796ea10, 0x000001789bbb9d40, 0x0000017899bb83f0, 0x00000178a1d76660,
0x00000178a1d774d0, 0x000001789796fd50, 0x000001789bbaf040, 0x000001789bbae6a0,
0x000001789bbaeb70, 0x000001789bbaf9e0, 0x000001789796eee0, 0x000001789796e540,
0x000001789796f880, 0x0000017897970220, 0x00000178a1d76b30, 0x00000178971c58b0,
0x00000178971c4570, 0x00000178971c6720, 0x00000178971c53e0, 0x00000178971c5d80,
0x00000178971c70c0, 0x00000178971c6bf0, 0x00000178971c3700, 0x00000178971c3bd0,
0x00000178971c40a0, 0x00000178971c4a40, 0x000001789c55c870, 0x000001789c55ba00,
0x000001789c55c3a0, 0x000001789c55b060, 0x000001789c55b530, 0x000001789d51bfd0,
0x000001789d51ac90, 0x000001789d518fb0, 0x000001789d519480, 0x000001789d51c4a0,
0x000001789d51c970, 0x000001789d51bb00, 0x000001789d51a7c0, 0x000001789d519950,
0x000001789d519e20, 0x000001789d51a2f0, 0x000001789d51b160, 0x000001789d51b630,
0x000001789c4bcd90, 0x000001789c4bd730, 0x000001789c4bc3f0, 0x000001789bbbabb0,
0x000001789c4bc8c0, 0x000001789c4bb0b0, 0x000001789c4bd260, 0x000001789fc4c960,
0x000001789fc4f980, 0x000001789fc4dca0, 0x000001789fc4d300, 0x000001789fc4efe0,
0x000001789fc4e170, 0x000001789fc4e640, 0x000001789fc4eb10, 0x000001789c4be0d0,
0x000001789c4bea70, 0x000001789c4bdc00, 0x000001789c4be5a0, 0x000001789bbb8a00,
0x000001789bbb93a0, 0x000001789bbbb080, 0x000001789bbbb550, 0x000001789bbbc3c0,
0x000001789bbba210, 0x000001789bbbbef0, 0x000001789bbba6e0, 0x000001789bbb9870,
0x000001789bbbba20, 0x000001789bbb8ed0, 0x000001789c236890, 0x000001789c2363c0,
0x000001789c236d60, 0x00000178a1d779a0, 0x0000017898583540, 0x0000017898442860,
0x0000017898444070, 0x0000017898442390, 0x0000017898444540, 0x0000017898444a10,
0x00000178984436d0, 0x0000017898444ee0, 0x00000178984453b0, 0x00000178984419f0,
0x0000017898443ba0, 0x0000017898442d30, 0x0000017898441ec0, 0x0000017898443200,
0x000001789e013f20, 0x000001789e011d70, 0x000001789e012240, 0x000001789796d6d0,
0x00000178979706f0, 0x000001789e013580, 0x000001789e012be0, 0x000001789e013a50,
0x000001789c1678b0, 0x000001789c167d80, 0x000001789c166a40, 0x000001789c168250,
0x000001789b1f2610, 0x000001789bbae1d0, 0x000001789bd83d40, 0x000001789bd85550,
0x000001789bd84210, 0x000001789bd846e0, 0x000001789bd85a20, 0x000001789bd84bb0,
0x000001789bd85080
}

Java Threads: ( => current thread )
  0x00000178fc238be0 JavaThread "main" [_thread_blocked, id=11020, stack(0x0000001d82c00000,0x0000001d82d00000)]
  0x0000017896140d50 JavaThread "Reference Handler" daemon [_thread_blocked, id=15204, stack(0x0000001d83300000,0x0000001d83400000)]
  0x0000017896142fc0 JavaThread "Finalizer" daemon [_thread_blocked, id=2368, stack(0x0000001d83400000,0x0000001d83500000)]
  0x0000017896c1b290 JavaThread "Signal Dispatcher" daemon [_thread_blocked, id=13724, stack(0x0000001d83500000,0x0000001d83600000)]
  0x0000017896c1bc50 JavaThread "Attach Listener" daemon [_thread_blocked, id=10336, stack(0x0000001d83600000,0x0000001d83700000)]
  0x0000017896c1f1c0 JavaThread "Service Thread" daemon [_thread_blocked, id=11912, stack(0x0000001d83700000,0x0000001d83800000)]
  0x0000017896c1fa80 JavaThread "Monitor Deflation Thread" daemon [_thread_blocked, id=332, stack(0x0000001d83800000,0x0000001d83900000)]
  0x0000017896c22940 JavaThread "C2 CompilerThread0" daemon [_thread_blocked, id=3068, stack(0x0000001d83900000,0x0000001d83a00000)]
  0x0000017896c2dbe0 JavaThread "C1 CompilerThread0" daemon [_thread_blocked, id=19412, stack(0x0000001d83a00000,0x0000001d83b00000)]
  0x0000017896c30de0 JavaThread "Sweeper thread" daemon [_thread_blocked, id=6668, stack(0x0000001d83b00000,0x0000001d83c00000)]
  0x0000017896dc3a80 JavaThread "Common-Cleaner" daemon [_thread_blocked, id=15376, stack(0x0000001d83c00000,0x0000001d83d00000)]
  0x0000017896dc4360 JavaThread "Notification Thread" daemon [_thread_blocked, id=16664, stack(0x0000001d83d00000,0x0000001d83e00000)]
  0x0000017897daab40 JavaThread "Daemon health stats" [_thread_blocked, id=10108, stack(0x0000001d84500000,0x0000001d84600000)]
  0x0000017897da7180 JavaThread "Incoming local TCP Connector on port 61621" [_thread_in_native, id=5788, stack(0x0000001d84600000,0x0000001d84700000)]
  0x0000017897da84c0 JavaThread "Daemon periodic checks" [_thread_blocked, id=7388, stack(0x0000001d84700000,0x0000001d84800000)]
  0x0000017897daa1a0 JavaThread "Cache worker for journal cache (C:\Users\vkhan\.gradle\caches\journal-1)" [_thread_blocked, id=6924, stack(0x0000001d85200000,0x0000001d85300000)]
  0x0000017897da7650 JavaThread "File lock request listener" [_thread_in_native, id=18244, stack(0x0000001d85300000,0x0000001d85400000)]
  0x0000017899362790 JavaThread "Cache worker for file hash cache (C:\Users\vkhan\.gradle\caches\8.0\fileHashes)" [_thread_blocked, id=20436, stack(0x0000001d85400000,0x0000001d85500000)]
  0x0000017899363fa0 JavaThread "File watcher server" daemon [_thread_blocked, id=1676, stack(0x0000001d85600000,0x0000001d85700000)]
  0x0000017899361df0 JavaThread "File watcher consumer" daemon [_thread_blocked, id=10612, stack(0x0000001d85700000,0x0000001d85800000)]
  0x0000017899360f80 JavaThread "Cache worker for file content cache (C:\Users\vkhan\.gradle\caches\8.0\fileContent)" [_thread_blocked, id=11928, stack(0x0000001d85a00000,0x0000001d85b00000)]
  0x0000017899363600 JavaThread "Cache worker for execution history cache (C:\Users\vkhan\.gradle\caches\8.0\executionHistory)" [_thread_blocked, id=12632, stack(0x0000001d85d00000,0x0000001d85e00000)]
  0x0000017899363ad0 JavaThread "jar transforms" [_thread_blocked, id=5456, stack(0x0000001d85e00000,0x0000001d85f00000)]
  0x0000017899360ab0 JavaThread "jar transforms Thread 2" [_thread_blocked, id=15992, stack(0x0000001d85f00000,0x0000001d86000000)]
  0x0000017899bb9730 JavaThread "jar transforms Thread 3" [_thread_blocked, id=14752, stack(0x0000001d86100000,0x0000001d86200000)]
  0x0000017899bb5d70 JavaThread "jar transforms Thread 4" [_thread_blocked, id=6640, stack(0x0000001d86200000,0x0000001d86300000)]
  0x0000017899bbb410 JavaThread "jar transforms Thread 5" [_thread_blocked, id=8796, stack(0x0000001d86400000,0x0000001d86500000)]
  0x0000017897c625e0 JavaThread "jar transforms Thread 6" [_thread_blocked, id=3628, stack(0x0000001d8b600000,0x0000001d8b700000)]
  0x0000017897c63920 JavaThread "jar transforms Thread 7" [_thread_blocked, id=11412, stack(0x0000001d8b700000,0x0000001d8b800000)]
  0x0000017897c5ff60 JavaThread "jar transforms Thread 8" [_thread_blocked, id=21352, stack(0x0000001d8b800000,0x0000001d8b900000)]
  0x0000017897c60900 JavaThread "Memory manager" [_thread_blocked, id=8756, stack(0x0000001d8ba00000,0x0000001d8bb00000)]
  0x000001789c237230 JavaThread "Cache worker for Java compile cache (C:\Users\vkhan\.gradle\caches\8.0\javaCompile)" [_thread_blocked, id=18380, stack(0x0000001d8bf00000,0x0000001d8c000000)]
  0x000001789796ea10 JavaThread "ForkJoinPool.commonPool-worker-8" daemon [_thread_blocked, id=7336, stack(0x0000001d8d700000,0x0000001d8d800000)]
  0x000001789bbb9d40 JavaThread "ForkJoinPool.commonPool-worker-9" daemon [_thread_blocked, id=12260, stack(0x0000001d8d800000,0x0000001d8d900000)]
  0x0000017899bb83f0 JavaThread "Daemon Thread 3" [_thread_blocked, id=4416, stack(0x0000001d82900000,0x0000001d82a00000)]
  0x00000178a1d76660 JavaThread "Handler for socket connection from /127.0.0.1:61621 to /127.0.0.1:62403" [_thread_in_native, id=11732, stack(0x0000001d82a00000,0x0000001d82b00000)]
  0x00000178a1d774d0 JavaThread "Cancel handler" [_thread_blocked, id=22420, stack(0x0000001d82b00000,0x0000001d82c00000)]
  0x000001789796fd50 JavaThread "Daemon worker Thread 3" [_thread_blocked, id=9764, stack(0x0000001d83f00000,0x0000001d84000000)]
  0x000001789bbaf040 JavaThread "Asynchronous log dispatcher for DefaultDaemonConnection: socket connection from /127.0.0.1:61621 to /127.0.0.1:62403" [_thread_blocked, id=19900, stack(0x0000001d84800000,0x0000001d84900000)]
  0x000001789bbae6a0 JavaThread "Stdin handler" [_thread_blocked, id=14600, stack(0x0000001d84900000,0x0000001d84a00000)]
  0x000001789bbaeb70 JavaThread "Daemon client event forwarder" [_thread_blocked, id=6376, stack(0x0000001d84a00000,0x0000001d84b00000)]
  0x000001789bbaf9e0 JavaThread "Cache worker for checksums cache (D:\LUANVAN\LV_QuanLiQuanAn\QuanLyQuanAn0609\.gradle\8.0\checksums)" [_thread_blocked, id=17688, stack(0x0000001d84b00000,0x0000001d84c00000)]
  0x000001789796eee0 JavaThread "Cache worker for cache directory md-rule (C:\Users\vkhan\.gradle\caches\8.0\md-rule)" [_thread_blocked, id=14992, stack(0x0000001d84c00000,0x0000001d84d00000)]
  0x000001789796e540 JavaThread "Cache worker for file hash cache (D:\LUANVAN\LV_QuanLiQuanAn\QuanLyQuanAn0609\.gradle\8.0\fileHashes)" [_thread_blocked, id=19364, stack(0x0000001d84d00000,0x0000001d84e00000)]
  0x000001789796f880 JavaThread "Cache worker for cache directory md-supplier (C:\Users\vkhan\.gradle\caches\8.0\md-supplier)" [_thread_blocked, id=21140, stack(0x0000001d84e00000,0x0000001d84f00000)]
  0x0000017897970220 JavaThread "Cache worker for dependencies-accessors (D:\LUANVAN\LV_QuanLiQuanAn\QuanLyQuanAn0609\.gradle\8.0\dependencies-accessors)" [_thread_blocked, id=14408, stack(0x0000001d85500000,0x0000001d85600000)]
  0x00000178a1d76b30 JavaThread "Cache worker for Build Output Cleanup Cache (D:\LUANVAN\LV_QuanLiQuanAn\QuanLyQuanAn0609\.gradle\buildOutputCleanup)" [_thread_blocked, id=14056, stack(0x0000001d85800000,0x0000001d85900000)]
  0x00000178971c58b0 JavaThread "Unconstrained build operations" [_thread_blocked, id=6400, stack(0x0000001d85900000,0x0000001d85a00000)]
  0x00000178971c4570 JavaThread "Unconstrained build operations Thread 2" [_thread_blocked, id=8956, stack(0x0000001d85b00000,0x0000001d85c00000)]
  0x00000178971c6720 JavaThread "Unconstrained build operations Thread 3" [_thread_blocked, id=15984, stack(0x0000001d85c00000,0x0000001d85d00000)]
  0x00000178971c53e0 JavaThread "Unconstrained build operations Thread 4" [_thread_blocked, id=5080, stack(0x0000001d86300000,0x0000001d86400000)]
  0x00000178971c5d80 JavaThread "Unconstrained build operations Thread 5" [_thread_blocked, id=18972, stack(0x0000001d86500000,0x0000001d86600000)]
  0x00000178971c70c0 JavaThread "Unconstrained build operations Thread 6" [_thread_blocked, id=14308, stack(0x0000001d86600000,0x0000001d86700000)]
  0x00000178971c6bf0 JavaThread "Unconstrained build operations Thread 7" [_thread_blocked, id=11796, stack(0x0000001d86700000,0x0000001d86800000)]
  0x00000178971c3700 JavaThread "Unconstrained build operations Thread 8" [_thread_blocked, id=17624, stack(0x0000001d86800000,0x0000001d86900000)]
  0x00000178971c3bd0 JavaThread "Unconstrained build operations Thread 9" [_thread_blocked, id=17412, stack(0x0000001d86900000,0x0000001d86a00000)]
  0x00000178971c40a0 JavaThread "Unconstrained build operations Thread 10" [_thread_blocked, id=1956, stack(0x0000001d86a00000,0x0000001d86b00000)]
  0x00000178971c4a40 JavaThread "Unconstrained build operations Thread 11" [_thread_blocked, id=15440, stack(0x0000001d86b00000,0x0000001d86c00000)]
  0x000001789c55c870 JavaThread "Unconstrained build operations Thread 12" [_thread_blocked, id=13856, stack(0x0000001d86c00000,0x0000001d86d00000)]
  0x000001789c55ba00 JavaThread "Unconstrained build operations Thread 13" [_thread_blocked, id=4156, stack(0x0000001d86d00000,0x0000001d86e00000)]
  0x000001789c55c3a0 JavaThread "Unconstrained build operations Thread 14" [_thread_blocked, id=19980, stack(0x0000001d86e00000,0x0000001d86f00000)]
  0x000001789c55b060 JavaThread "Unconstrained build operations Thread 15" [_thread_blocked, id=10948, stack(0x0000001d86f00000,0x0000001d87000000)]
  0x000001789c55b530 JavaThread "Unconstrained build operations Thread 16" [_thread_blocked, id=10048, stack(0x0000001d87000000,0x0000001d87100000)]
  0x000001789d51bfd0 JavaThread "Unconstrained build operations Thread 17" [_thread_blocked, id=18536, stack(0x0000001d87100000,0x0000001d87200000)]
  0x000001789d51ac90 JavaThread "Unconstrained build operations Thread 18" [_thread_blocked, id=8488, stack(0x0000001d87200000,0x0000001d87300000)]
  0x000001789d518fb0 JavaThread "Unconstrained build operations Thread 19" [_thread_blocked, id=11476, stack(0x0000001d87300000,0x0000001d87400000)]
  0x000001789d519480 JavaThread "Unconstrained build operations Thread 20" [_thread_blocked, id=1244, stack(0x0000001d87400000,0x0000001d87500000)]
  0x000001789d51c4a0 JavaThread "Unconstrained build operations Thread 21" [_thread_blocked, id=11532, stack(0x0000001d87500000,0x0000001d87600000)]
  0x000001789d51c970 JavaThread "Unconstrained build operations Thread 22" [_thread_blocked, id=21536, stack(0x0000001d87600000,0x0000001d87700000)]
  0x000001789d51bb00 JavaThread "Unconstrained build operations Thread 23" [_thread_blocked, id=5536, stack(0x0000001d87700000,0x0000001d87800000)]
  0x000001789d51a7c0 JavaThread "Unconstrained build operations Thread 24" [_thread_blocked, id=10276, stack(0x0000001d87800000,0x0000001d87900000)]
  0x000001789d519950 JavaThread "Unconstrained build operations Thread 25" [_thread_blocked, id=10744, stack(0x0000001d87900000,0x0000001d87a00000)]
  0x000001789d519e20 JavaThread "Unconstrained build operations Thread 26" [_thread_blocked, id=4856, stack(0x0000001d87a00000,0x0000001d87b00000)]
  0x000001789d51a2f0 JavaThread "Unconstrained build operations Thread 27" [_thread_blocked, id=10492, stack(0x0000001d87b00000,0x0000001d87c00000)]
  0x000001789d51b160 JavaThread "Unconstrained build operations Thread 28" [_thread_blocked, id=15636, stack(0x0000001d87c00000,0x0000001d87d00000)]
  0x000001789d51b630 JavaThread "Unconstrained build operations Thread 29" [_thread_blocked, id=3044, stack(0x0000001d87d00000,0x0000001d87e00000)]
  0x000001789c4bcd90 JavaThread "Unconstrained build operations Thread 30" [_thread_blocked, id=20964, stack(0x0000001d87e00000,0x0000001d87f00000)]
  0x000001789c4bd730 JavaThread "Unconstrained build operations Thread 31" [_thread_blocked, id=19956, stack(0x0000001d87f00000,0x0000001d88000000)]
  0x000001789c4bc3f0 JavaThread "Unconstrained build operations Thread 32" [_thread_blocked, id=6496, stack(0x0000001d88000000,0x0000001d88100000)]
  0x000001789bbbabb0 JavaThread "Unconstrained build operations Thread 33" [_thread_blocked, id=7724, stack(0x0000001d88100000,0x0000001d88200000)]
  0x000001789c4bc8c0 JavaThread "Unconstrained build operations Thread 34" [_thread_blocked, id=6968, stack(0x0000001d88200000,0x0000001d88300000)]
  0x000001789c4bb0b0 JavaThread "Unconstrained build operations Thread 35" [_thread_blocked, id=15568, stack(0x0000001d88300000,0x0000001d88400000)]
  0x000001789c4bd260 JavaThread "Unconstrained build operations Thread 36" [_thread_blocked, id=14444, stack(0x0000001d88400000,0x0000001d88500000)]
  0x000001789fc4c960 JavaThread "Unconstrained build operations Thread 37" [_thread_blocked, id=13736, stack(0x0000001d88500000,0x0000001d88600000)]
  0x000001789fc4f980 JavaThread "Unconstrained build operations Thread 38" [_thread_blocked, id=20244, stack(0x0000001d88600000,0x0000001d88700000)]
  0x000001789fc4dca0 JavaThread "Unconstrained build operations Thread 39" [_thread_blocked, id=3384, stack(0x0000001d88700000,0x0000001d88800000)]
  0x000001789fc4d300 JavaThread "Unconstrained build operations Thread 40" [_thread_blocked, id=1316, stack(0x0000001d88800000,0x0000001d88900000)]
  0x000001789fc4efe0 JavaThread "Unconstrained build operations Thread 41" [_thread_blocked, id=18664, stack(0x0000001d88900000,0x0000001d88a00000)]
  0x000001789fc4e170 JavaThread "Unconstrained build operations Thread 42" [_thread_blocked, id=7212, stack(0x0000001d88a00000,0x0000001d88b00000)]
  0x000001789fc4e640 JavaThread "Unconstrained build operations Thread 43" [_thread_blocked, id=20496, stack(0x0000001d88b00000,0x0000001d88c00000)]
  0x000001789fc4eb10 JavaThread "Unconstrained build operations Thread 44" [_thread_blocked, id=16864, stack(0x0000001d88c00000,0x0000001d88d00000)]
  0x000001789c4be0d0 JavaThread "Unconstrained build operations Thread 45" [_thread_blocked, id=18040, stack(0x0000001d88d00000,0x0000001d88e00000)]
  0x000001789c4bea70 JavaThread "Unconstrained build operations Thread 46" [_thread_blocked, id=21280, stack(0x0000001d88e00000,0x0000001d88f00000)]
  0x000001789c4bdc00 JavaThread "Unconstrained build operations Thread 47" [_thread_blocked, id=21688, stack(0x0000001d88f00000,0x0000001d89000000)]
  0x000001789c4be5a0 JavaThread "Unconstrained build operations Thread 48" [_thread_blocked, id=6192, stack(0x0000001d89000000,0x0000001d89100000)]
  0x000001789bbb8a00 JavaThread "Unconstrained build operations Thread 49" [_thread_blocked, id=20904, stack(0x0000001d89100000,0x0000001d89200000)]
  0x000001789bbb93a0 JavaThread "Unconstrained build operations Thread 50" [_thread_blocked, id=10900, stack(0x0000001d89200000,0x0000001d89300000)]
  0x000001789bbbb080 JavaThread "Unconstrained build operations Thread 51" [_thread_blocked, id=2420, stack(0x0000001d89300000,0x0000001d89400000)]
  0x000001789bbbb550 JavaThread "Unconstrained build operations Thread 52" [_thread_blocked, id=18776, stack(0x0000001d89400000,0x0000001d89500000)]
  0x000001789bbbc3c0 JavaThread "Unconstrained build operations Thread 53" [_thread_blocked, id=12768, stack(0x0000001d89500000,0x0000001d89600000)]
  0x000001789bbba210 JavaThread "Unconstrained build operations Thread 54" [_thread_blocked, id=14012, stack(0x0000001d89600000,0x0000001d89700000)]
  0x000001789bbbbef0 JavaThread "Unconstrained build operations Thread 55" [_thread_blocked, id=5156, stack(0x0000001d89700000,0x0000001d89800000)]
  0x000001789bbba6e0 JavaThread "Unconstrained build operations Thread 56" [_thread_blocked, id=4928, stack(0x0000001d89800000,0x0000001d89900000)]
  0x000001789bbb9870 JavaThread "Unconstrained build operations Thread 57" [_thread_blocked, id=15516, stack(0x0000001d89900000,0x0000001d89a00000)]
  0x000001789bbbba20 JavaThread "Unconstrained build operations Thread 58" [_thread_blocked, id=22344, stack(0x0000001d89a00000,0x0000001d89b00000)]
  0x000001789bbb8ed0 JavaThread "Unconstrained build operations Thread 59" [_thread_blocked, id=16336, stack(0x0000001d89b00000,0x0000001d89c00000)]
  0x000001789c236890 JavaThread "Unconstrained build operations Thread 60" [_thread_blocked, id=22156, stack(0x0000001d89c00000,0x0000001d89d00000)]
  0x000001789c2363c0 JavaThread "Unconstrained build operations Thread 61" [_thread_blocked, id=19720, stack(0x0000001d89d00000,0x0000001d89e00000)]
  0x000001789c236d60 JavaThread "Unconstrained build operations Thread 62" [_thread_blocked, id=20296, stack(0x0000001d89e00000,0x0000001d89f00000)]
  0x00000178a1d779a0 JavaThread "Unconstrained build operations Thread 63" [_thread_blocked, id=20720, stack(0x0000001d89f00000,0x0000001d8a000000)]
  0x0000017898583540 JavaThread "Unconstrained build operations Thread 64" [_thread_blocked, id=22044, stack(0x0000001d8a000000,0x0000001d8a100000)]
  0x0000017898442860 JavaThread "Unconstrained build operations Thread 65" [_thread_blocked, id=6532, stack(0x0000001d8a100000,0x0000001d8a200000)]
  0x0000017898444070 JavaThread "Unconstrained build operations Thread 66" [_thread_blocked, id=20836, stack(0x0000001d8a200000,0x0000001d8a300000)]
  0x0000017898442390 JavaThread "Unconstrained build operations Thread 67" [_thread_blocked, id=20764, stack(0x0000001d8a300000,0x0000001d8a400000)]
  0x0000017898444540 JavaThread "Unconstrained build operations Thread 68" [_thread_blocked, id=7260, stack(0x0000001d8a400000,0x0000001d8a500000)]
  0x0000017898444a10 JavaThread "Unconstrained build operations Thread 69" [_thread_blocked, id=8968, stack(0x0000001d8a500000,0x0000001d8a600000)]
  0x00000178984436d0 JavaThread "Unconstrained build operations Thread 70" [_thread_blocked, id=11516, stack(0x0000001d8a600000,0x0000001d8a700000)]
  0x0000017898444ee0 JavaThread "Unconstrained build operations Thread 71" [_thread_blocked, id=5768, stack(0x0000001d8a700000,0x0000001d8a800000)]
  0x00000178984453b0 JavaThread "Unconstrained build operations Thread 72" [_thread_blocked, id=14844, stack(0x0000001d8a800000,0x0000001d8a900000)]
  0x00000178984419f0 JavaThread "Unconstrained build operations Thread 73" [_thread_blocked, id=12236, stack(0x0000001d8a900000,0x0000001d8aa00000)]
  0x0000017898443ba0 JavaThread "Unconstrained build operations Thread 74" [_thread_blocked, id=14184, stack(0x0000001d8aa00000,0x0000001d8ab00000)]
  0x0000017898442d30 JavaThread "Unconstrained build operations Thread 75" [_thread_blocked, id=20232, stack(0x0000001d8ab00000,0x0000001d8ac00000)]
  0x0000017898441ec0 JavaThread "Unconstrained build operations Thread 76" [_thread_blocked, id=11900, stack(0x0000001d8ac00000,0x0000001d8ad00000)]
  0x0000017898443200 JavaThread "Unconstrained build operations Thread 77" [_thread_blocked, id=9840, stack(0x0000001d8ad00000,0x0000001d8ae00000)]
  0x000001789e013f20 JavaThread "Unconstrained build operations Thread 78" [_thread_blocked, id=7480, stack(0x0000001d8ae00000,0x0000001d8af00000)]
  0x000001789e011d70 JavaThread "Unconstrained build operations Thread 79" [_thread_blocked, id=3764, stack(0x0000001d8af00000,0x0000001d8b000000)]
  0x000001789e012240 JavaThread "Unconstrained build operations Thread 80" [_thread_blocked, id=3740, stack(0x0000001d8b000000,0x0000001d8b100000)]
  0x000001789796d6d0 JavaThread "build event listener" [_thread_blocked, id=2892, stack(0x0000001d8b100000,0x0000001d8b200000)]
  0x00000178979706f0 JavaThread "included builds" [_thread_blocked, id=16560, stack(0x0000001d8b200000,0x0000001d8b300000)]
  0x000001789e013580 JavaThread "Execution worker" [_thread_blocked, id=13656, stack(0x0000001d8b300000,0x0000001d8b400000)]
  0x000001789e012be0 JavaThread "Execution worker Thread 2" [_thread_blocked, id=12696, stack(0x0000001d8b400000,0x0000001d8b500000)]
  0x000001789e013a50 JavaThread "Execution worker Thread 3" [_thread_blocked, id=19616, stack(0x0000001d8b500000,0x0000001d8b600000)]
  0x000001789c1678b0 JavaThread "Execution worker Thread 4" [_thread_blocked, id=2512, stack(0x0000001d8b900000,0x0000001d8ba00000)]
  0x000001789c167d80 JavaThread "Execution worker Thread 5" [_thread_blocked, id=18956, stack(0x0000001d8bb00000,0x0000001d8bc00000)]
  0x000001789c166a40 JavaThread "Execution worker Thread 6" [_thread_blocked, id=10180, stack(0x0000001d8bc00000,0x0000001d8bd00000)]
  0x000001789c168250 JavaThread "Execution worker Thread 7" [_thread_blocked, id=20196, stack(0x0000001d8bd00000,0x0000001d8be00000)]
  0x000001789b1f2610 JavaThread "Cache worker for execution history cache (D:\LUANVAN\LV_QuanLiQuanAn\QuanLyQuanAn0609\.gradle\8.0\executionHistory)" [_thread_blocked, id=16484, stack(0x0000001d8be00000,0x0000001d8bf00000)]
  0x000001789bbae1d0 JavaThread "Build operations" [_thread_blocked, id=3728, stack(0x0000001d8c000000,0x0000001d8c100000)]
  0x000001789bd83d40 JavaThread "Build operations Thread 2" [_thread_blocked, id=12668, stack(0x0000001d8c100000,0x0000001d8c200000)]
  0x000001789bd85550 JavaThread "Build operations Thread 3" [_thread_blocked, id=19204, stack(0x0000001d8c200000,0x0000001d8c300000)]
  0x000001789bd84210 JavaThread "Build operations Thread 4" [_thread_blocked, id=1180, stack(0x0000001d8c300000,0x0000001d8c400000)]
  0x000001789bd846e0 JavaThread "Build operations Thread 5" [_thread_blocked, id=11776, stack(0x0000001d8c600000,0x0000001d8c700000)]
  0x000001789bd85a20 JavaThread "Build operations Thread 6" [_thread_blocked, id=10260, stack(0x0000001d8c700000,0x0000001d8c800000)]
  0x000001789bd84bb0 JavaThread "Build operations Thread 7" [_thread_blocked, id=12640, stack(0x0000001d8c800000,0x0000001d8c900000)]
  0x000001789bd85080 JavaThread "Build operations Thread 8" [_thread_blocked, id=10252, stack(0x0000001d8c900000,0x0000001d8ca00000)]

Other Threads:
=>0x000001789613ca20 VMThread "VM Thread" [stack: 0x0000001d83200000,0x0000001d83300000] [id=20180]
  0x0000017896dd8a30 WatcherThread [stack: 0x0000001d83e00000,0x0000001d83f00000] [id=14472]
  0x00000178fc297fb0 GCTaskThread "GC Thread#0" [stack: 0x0000001d82d00000,0x0000001d82e00000] [id=8320]
  0x0000017897097f80 GCTaskThread "GC Thread#1" [stack: 0x0000001d84100000,0x0000001d84200000] [id=18740]
  0x0000017897098230 GCTaskThread "GC Thread#2" [stack: 0x0000001d84200000,0x0000001d84300000] [id=14052]
  0x0000017897addc70 GCTaskThread "GC Thread#3" [stack: 0x0000001d84300000,0x0000001d84400000] [id=2128]
  0x00000178982b0450 GCTaskThread "GC Thread#4" [stack: 0x0000001d84400000,0x0000001d84500000] [id=13984]
  0x00000178982d53c0 GCTaskThread "GC Thread#5" [stack: 0x0000001d84000000,0x0000001d84100000] [id=21220]
  0x000001789876ef90 GCTaskThread "GC Thread#6" [stack: 0x0000001d84f00000,0x0000001d85000000] [id=12404]
  0x00000178993858d0 GCTaskThread "GC Thread#7" [stack: 0x0000001d85000000,0x0000001d85100000] [id=13072]
  0x00000178fc2a9e10 ConcurrentGCThread "G1 Main Marker" [stack: 0x0000001d82e00000,0x0000001d82f00000] [id=15668]
  0x00000178fc2aaed0 ConcurrentGCThread "G1 Conc#0" [stack: 0x0000001d82f00000,0x0000001d83000000] [id=22308]
  0x0000017899295250 ConcurrentGCThread "G1 Conc#1" [stack: 0x0000001d85100000,0x0000001d85200000] [id=12320]
  0x00000178fc30eb60 ConcurrentGCThread "G1 Refine#0" [stack: 0x0000001d83000000,0x0000001d83100000] [id=19100]
  0x00000178997c9460 ConcurrentGCThread "G1 Refine#1" [stack: 0x0000001d86000000,0x0000001d86100000] [id=17196]
  0x000001789981c1a0 ConcurrentGCThread "G1 Refine#2" [stack: 0x0000001d8c400000,0x0000001d8c500000] [id=19284]
  0x000001789981d5c0 ConcurrentGCThread "G1 Refine#3" [stack: 0x0000001d8c500000,0x0000001d8c600000] [id=13624]
  0x0000017895f93a10 ConcurrentGCThread "G1 Service" [stack: 0x0000001d83100000,0x0000001d83200000] [id=16364]

Threads with active compile tasks:
C2 CompilerThread0   560011 17334       4       sun.nio.cs.UTF_8$Decoder::decodeArrayLoop (688 bytes)

VM state: at safepoint (normal execution)

VM Mutex/Monitor currently owned by a thread:  ([mutex/lock_event])
[0x00000178fc234830] Threads_lock - owner thread: 0x000001789613ca20
[0x00000178fc233a20] Heap_lock - owner thread: 0x000001789c168250

Heap address: 0x0000000080000000, size: 2048 MB, Compressed Oops mode: 32-bit

CDS archive(s) not mapped
Compressed class space mapped at: 0x0000000100000000-0x0000000140000000, reserved size: 1073741824
Narrow klass base: 0x0000000000000000, Narrow klass shift: 3, Narrow klass range: 0x140000000

GC Precious Log:
 CPUs: 8 total, 8 available
 Memory: 7959M
 Large Page Support: Disabled
 NUMA Support: Disabled
 Compressed Oops: Enabled (32-bit)
 Heap Region Size: 1M
 Heap Min Capacity: 8M
 Heap Initial Capacity: 126M
 Heap Max Capacity: 2G
 Pre-touch: Disabled
 Parallel Workers: 8
 Concurrent Workers: 2
 Concurrent Refinement Workers: 8
 Periodic GC: Disabled

Heap:
 garbage-first heap   total 237568K, used 133991K [0x0000000080000000, 0x0000000100000000)
  region size 1024K, 9 young (9216K), 9 survivors (9216K)
 Metaspace       used 120757K, committed 121600K, reserved 1155072K
  class space    used 16546K, committed 16896K, reserved 1048576K

Heap Regions: E=young(eden), S=young(survivor), O=old, HS=humongous(starts), HC=humongous(continues), CS=collection set, F=free, OA=open archive, CA=closed archive, TAMS=top-at-mark-start (previous, next)
|   0|0x0000000080000000, 0x0000000080100000, 0x0000000080100000|100%|HS|  |TAMS 0x0000000080100000, 0x0000000080100000| Complete 
|   1|0x0000000080100000, 0x0000000080200000, 0x0000000080200000|100%|HC|  |TAMS 0x0000000080200000, 0x0000000080200000| Complete 
|   2|0x0000000080200000, 0x0000000080300000, 0x0000000080300000|100%|HC|  |TAMS 0x0000000080300000, 0x0000000080300000| Complete 
|   3|0x0000000080300000, 0x0000000080400000, 0x0000000080400000|100%|HC|  |TAMS 0x0000000080400000, 0x0000000080400000| Complete 
|   4|0x0000000080400000, 0x0000000080500000, 0x0000000080500000|100%| O|  |TAMS 0x0000000080500000, 0x0000000080500000| Untracked 
|   5|0x0000000080500000, 0x0000000080600000, 0x0000000080600000|100%| O|  |TAMS 0x0000000080500000, 0x0000000080600000| Untracked 
|   6|0x0000000080600000, 0x0000000080700000, 0x0000000080700000|100%| O|  |TAMS 0x0000000080700000, 0x0000000080700000| Untracked 
|   7|0x0000000080700000, 0x0000000080800000, 0x0000000080800000|100%| O|  |TAMS 0x0000000080800000, 0x0000000080800000| Untracked 
|   8|0x0000000080800000, 0x0000000080900000, 0x0000000080900000|100%| O|  |TAMS 0x0000000080900000, 0x0000000080900000| Untracked 
|   9|0x0000000080900000, 0x0000000080a00000, 0x0000000080a00000|100%| O|  |TAMS 0x0000000080a00000, 0x0000000080a00000| Untracked 
|  10|0x0000000080a00000, 0x0000000080b00000, 0x0000000080b00000|100%| O|  |TAMS 0x0000000080b00000, 0x0000000080b00000| Untracked 
|  11|0x0000000080b00000, 0x0000000080be3e00, 0x0000000080c00000| 89%| O|  |TAMS 0x0000000080be3e00, 0x0000000080be3e00| Untracked 
|  12|0x0000000080c00000, 0x0000000080d00000, 0x0000000080d00000|100%| O|  |TAMS 0x0000000080d00000, 0x0000000080d00000| Untracked 
|  13|0x0000000080d00000, 0x0000000080e00000, 0x0000000080e00000|100%| O|  |TAMS 0x0000000080e00000, 0x0000000080e00000| Untracked 
|  14|0x0000000080e00000, 0x0000000080f00000, 0x0000000080f00000|100%| O|  |TAMS 0x0000000080f00000, 0x0000000080f00000| Untracked 
|  15|0x0000000080f00000, 0x0000000081000000, 0x0000000081000000|100%| O|  |TAMS 0x0000000081000000, 0x0000000081000000| Untracked 
|  16|0x0000000081000000, 0x0000000081100000, 0x0000000081100000|100%| O|  |TAMS 0x0000000081100000, 0x0000000081100000| Untracked 
|  17|0x0000000081100000, 0x0000000081200000, 0x0000000081200000|100%| O|  |TAMS 0x0000000081200000, 0x0000000081200000| Untracked 
|  18|0x0000000081200000, 0x0000000081300000, 0x0000000081300000|100%| O|  |TAMS 0x0000000081300000, 0x0000000081300000| Untracked 
|  19|0x0000000081300000, 0x0000000081400000, 0x0000000081400000|100%| O|  |TAMS 0x0000000081400000, 0x0000000081400000| Untracked 
|  20|0x0000000081400000, 0x0000000081500000, 0x0000000081500000|100%| O|  |TAMS 0x0000000081500000, 0x0000000081500000| Untracked 
|  21|0x0000000081500000, 0x0000000081600000, 0x0000000081600000|100%| O|  |TAMS 0x0000000081600000, 0x0000000081600000| Untracked 
|  22|0x0000000081600000, 0x0000000081700000, 0x0000000081700000|100%| O|  |TAMS 0x0000000081700000, 0x0000000081700000| Untracked 
|  23|0x0000000081700000, 0x0000000081800000, 0x0000000081800000|100%| O|  |TAMS 0x0000000081800000, 0x0000000081800000| Untracked 
|  24|0x0000000081800000, 0x0000000081900000, 0x0000000081900000|100%| O|  |TAMS 0x0000000081900000, 0x0000000081900000| Untracked 
|  25|0x0000000081900000, 0x0000000081a00000, 0x0000000081a00000|100%| O|  |TAMS 0x0000000081a00000, 0x0000000081a00000| Untracked 
|  26|0x0000000081a00000, 0x0000000081b00000, 0x0000000081b00000|100%| O|  |TAMS 0x0000000081b00000, 0x0000000081b00000| Untracked 
|  27|0x0000000081b00000, 0x0000000081c00000, 0x0000000081c00000|100%|HS|  |TAMS 0x0000000081c00000, 0x0000000081c00000| Complete 
|  28|0x0000000081c00000, 0x0000000081d00000, 0x0000000081d00000|100%| O|  |TAMS 0x0000000081d00000, 0x0000000081d00000| Untracked 
|  29|0x0000000081d00000, 0x0000000081e00000, 0x0000000081e00000|100%| O|  |TAMS 0x0000000081e00000, 0x0000000081e00000| Untracked 
|  30|0x0000000081e00000, 0x0000000081f00000, 0x0000000081f00000|100%| O|  |TAMS 0x0000000081f00000, 0x0000000081f00000| Untracked 
|  31|0x0000000081f00000, 0x0000000082000000, 0x0000000082000000|100%| O|  |TAMS 0x0000000082000000, 0x0000000082000000| Untracked 
|  32|0x0000000082000000, 0x0000000082100000, 0x0000000082100000|100%| O|  |TAMS 0x0000000082100000, 0x0000000082100000| Untracked 
|  33|0x0000000082100000, 0x0000000082200000, 0x0000000082200000|100%| O|  |TAMS 0x0000000082200000, 0x0000000082200000| Untracked 
|  34|0x0000000082200000, 0x0000000082300000, 0x0000000082300000|100%| O|  |TAMS 0x0000000082300000, 0x0000000082300000| Untracked 
|  35|0x0000000082300000, 0x0000000082400000, 0x0000000082400000|100%| O|  |TAMS 0x0000000082400000, 0x0000000082400000| Untracked 
|  36|0x0000000082400000, 0x0000000082500000, 0x0000000082500000|100%| O|  |TAMS 0x0000000082500000, 0x0000000082500000| Untracked 
|  37|0x0000000082500000, 0x0000000082600000, 0x0000000082600000|100%| O|  |TAMS 0x0000000082600000, 0x0000000082600000| Untracked 
|  38|0x0000000082600000, 0x0000000082700000, 0x0000000082700000|100%| O|  |TAMS 0x0000000082700000, 0x0000000082700000| Untracked 
|  39|0x0000000082700000, 0x0000000082800000, 0x0000000082800000|100%| O|  |TAMS 0x0000000082700000, 0x0000000082800000| Untracked 
|  40|0x0000000082800000, 0x0000000082900000, 0x0000000082900000|100%|HS|  |TAMS 0x0000000082900000, 0x0000000082900000| Complete 
|  41|0x0000000082900000, 0x0000000082a00000, 0x0000000082a00000|100%| O|  |TAMS 0x0000000082a00000, 0x0000000082a00000| Untracked 
|  42|0x0000000082a00000, 0x0000000082b00000, 0x0000000082b00000|100%| O|  |TAMS 0x0000000082b00000, 0x0000000082b00000| Untracked 
|  43|0x0000000082b00000, 0x0000000082c00000, 0x0000000082c00000|100%| O|  |TAMS 0x0000000082c00000, 0x0000000082c00000| Untracked 
|  44|0x0000000082c00000, 0x0000000082d00000, 0x0000000082d00000|100%| O|  |TAMS 0x0000000082d00000, 0x0000000082d00000| Untracked 
|  45|0x0000000082d00000, 0x0000000082e00000, 0x0000000082e00000|100%| O|  |TAMS 0x0000000082e00000, 0x0000000082e00000| Untracked 
|  46|0x0000000082e00000, 0x0000000082f00000, 0x0000000082f00000|100%| O|  |TAMS 0x0000000082f00000, 0x0000000082f00000| Untracked 
|  47|0x0000000082f00000, 0x0000000083000000, 0x0000000083000000|100%| O|  |TAMS 0x0000000083000000, 0x0000000083000000| Untracked 
|  48|0x0000000083000000, 0x0000000083100000, 0x0000000083100000|100%| O|  |TAMS 0x0000000083100000, 0x0000000083100000| Untracked 
|  49|0x0000000083100000, 0x0000000083200000, 0x0000000083200000|100%| O|  |TAMS 0x0000000083200000, 0x0000000083200000| Untracked 
|  50|0x0000000083200000, 0x0000000083300000, 0x0000000083300000|100%| O|  |TAMS 0x0000000083300000, 0x0000000083300000| Untracked 
|  51|0x0000000083300000, 0x0000000083400000, 0x0000000083400000|100%| O|  |TAMS 0x0000000083400000, 0x0000000083400000| Untracked 
|  52|0x0000000083400000, 0x0000000083500000, 0x0000000083500000|100%| O|  |TAMS 0x0000000083500000, 0x0000000083500000| Untracked 
|  53|0x0000000083500000, 0x0000000083600000, 0x0000000083600000|100%| O|  |TAMS 0x0000000083600000, 0x0000000083600000| Untracked 
|  54|0x0000000083600000, 0x0000000083700000, 0x0000000083700000|100%| O|  |TAMS 0x0000000083700000, 0x0000000083700000| Untracked 
|  55|0x0000000083700000, 0x0000000083800000, 0x0000000083800000|100%| O|  |TAMS 0x0000000083800000, 0x0000000083800000| Untracked 
|  56|0x0000000083800000, 0x0000000083900000, 0x0000000083900000|100%| O|  |TAMS 0x0000000083900000, 0x0000000083900000| Untracked 
|  57|0x0000000083900000, 0x0000000083a00000, 0x0000000083a00000|100%| O|  |TAMS 0x0000000083a00000, 0x0000000083a00000| Untracked 
|  58|0x0000000083a00000, 0x0000000083b00000, 0x0000000083b00000|100%| O|  |TAMS 0x0000000083b00000, 0x0000000083b00000| Untracked 
|  59|0x0000000083b00000, 0x0000000083c00000, 0x0000000083c00000|100%| O|  |TAMS 0x0000000083c00000, 0x0000000083c00000| Untracked 
|  60|0x0000000083c00000, 0x0000000083d00000, 0x0000000083d00000|100%| O|  |TAMS 0x0000000083d00000, 0x0000000083d00000| Untracked 
|  61|0x0000000083d00000, 0x0000000083e00000, 0x0000000083e00000|100%| O|  |TAMS 0x0000000083e00000, 0x0000000083e00000| Untracked 
|  62|0x0000000083e00000, 0x0000000083f00000, 0x0000000083f00000|100%| O|  |TAMS 0x0000000083f00000, 0x0000000083f00000| Untracked 
|  63|0x0000000083f00000, 0x0000000084000000, 0x0000000084000000|100%| O|  |TAMS 0x0000000083f00000, 0x0000000083f00000| Untracked 
|  64|0x0000000084000000, 0x0000000084100000, 0x0000000084100000|100%| O|  |TAMS 0x0000000084000000, 0x0000000084100000| Untracked 
|  65|0x0000000084100000, 0x0000000084200000, 0x0000000084200000|100%| O|  |TAMS 0x0000000084200000, 0x0000000084200000| Untracked 
|  66|0x0000000084200000, 0x0000000084300000, 0x0000000084300000|100%| O|  |TAMS 0x0000000084300000, 0x0000000084300000| Untracked 
|  67|0x0000000084300000, 0x0000000084400000, 0x0000000084400000|100%| O|  |TAMS 0x0000000084400000, 0x0000000084400000| Untracked 
|  68|0x0000000084400000, 0x0000000084500000, 0x0000000084500000|100%| O|  |TAMS 0x0000000084500000, 0x0000000084500000| Untracked 
|  69|0x0000000084500000, 0x0000000084600000, 0x0000000084600000|100%| O|  |TAMS 0x0000000084600000, 0x0000000084600000| Untracked 
|  70|0x0000000084600000, 0x0000000084700000, 0x0000000084700000|100%| O|  |TAMS 0x0000000084700000, 0x0000000084700000| Untracked 
|  71|0x0000000084700000, 0x0000000084800000, 0x0000000084800000|100%| O|  |TAMS 0x0000000084800000, 0x0000000084800000| Untracked 
|  72|0x0000000084800000, 0x0000000084900000, 0x0000000084900000|100%| O|  |TAMS 0x0000000084900000, 0x0000000084900000| Untracked 
|  73|0x0000000084900000, 0x0000000084a00000, 0x0000000084a00000|100%| O|  |TAMS 0x0000000084a00000, 0x0000000084a00000| Untracked 
|  74|0x0000000084a00000, 0x0000000084b00000, 0x0000000084b00000|100%| O|  |TAMS 0x0000000084b00000, 0x0000000084b00000| Untracked 
|  75|0x0000000084b00000, 0x0000000084c00000, 0x0000000084c00000|100%| O|  |TAMS 0x0000000084c00000, 0x0000000084c00000| Untracked 
|  76|0x0000000084c00000, 0x0000000084d00000, 0x0000000084d00000|100%| O|  |TAMS 0x0000000084d00000, 0x0000000084d00000| Untracked 
|  77|0x0000000084d00000, 0x0000000084e00000, 0x0000000084e00000|100%| O|  |TAMS 0x0000000084e00000, 0x0000000084e00000| Untracked 
|  78|0x0000000084e00000, 0x0000000084ef5e00, 0x0000000084f00000| 96%| O|  |TAMS 0x0000000084e00000, 0x0000000084e00000| Untracked 
|  79|0x0000000084f00000, 0x0000000085000000, 0x0000000085000000|100%| O|  |TAMS 0x0000000085000000, 0x0000000085000000| Untracked 
|  80|0x0000000085000000, 0x0000000085100000, 0x0000000085100000|100%| O|  |TAMS 0x0000000085100000, 0x0000000085100000| Untracked 
|  81|0x0000000085100000, 0x0000000085200000, 0x0000000085200000|100%| O|  |TAMS 0x0000000085200000, 0x0000000085200000| Untracked 
|  82|0x0000000085200000, 0x0000000085300000, 0x0000000085300000|100%| O|  |TAMS 0x0000000085300000, 0x0000000085300000| Untracked 
|  83|0x0000000085300000, 0x0000000085400000, 0x0000000085400000|100%| O|  |TAMS 0x0000000085400000, 0x0000000085400000| Untracked 
|  84|0x0000000085400000, 0x0000000085500000, 0x0000000085500000|100%| O|  |TAMS 0x0000000085500000, 0x0000000085500000| Untracked 
|  85|0x0000000085500000, 0x0000000085600000, 0x0000000085600000|100%| O|  |TAMS 0x0000000085600000, 0x0000000085600000| Untracked 
|  86|0x0000000085600000, 0x0000000085700000, 0x0000000085700000|100%| O|  |TAMS 0x0000000085600000, 0x0000000085700000| Untracked 
|  87|0x0000000085700000, 0x0000000085800000, 0x0000000085800000|100%| O|  |TAMS 0x0000000085800000, 0x0000000085800000| Untracked 
|  88|0x0000000085800000, 0x0000000085900000, 0x0000000085900000|100%| O|  |TAMS 0x0000000085900000, 0x0000000085900000| Untracked 
|  89|0x0000000085900000, 0x0000000085a00000, 0x0000000085a00000|100%| O|  |TAMS 0x0000000085a00000, 0x0000000085a00000| Untracked 
|  90|0x0000000085a00000, 0x0000000085b00000, 0x0000000085b00000|100%| O|  |TAMS 0x0000000085b00000, 0x0000000085b00000| Untracked 
|  91|0x0000000085b00000, 0x0000000085c00000, 0x0000000085c00000|100%| O|  |TAMS 0x0000000085c00000, 0x0000000085c00000| Untracked 
|  92|0x0000000085c00000, 0x0000000085d00000, 0x0000000085d00000|100%| O|  |TAMS 0x0000000085d00000, 0x0000000085d00000| Untracked 
|  93|0x0000000085d00000, 0x0000000085e00000, 0x0000000085e00000|100%| O|  |TAMS 0x0000000085e00000, 0x0000000085e00000| Untracked 
|  94|0x0000000085e00000, 0x0000000085f00000, 0x0000000085f00000|100%| O|  |TAMS 0x0000000085f00000, 0x0000000085f00000| Untracked 
|  95|0x0000000085f00000, 0x0000000086000000, 0x0000000086000000|100%| O|  |TAMS 0x0000000086000000, 0x0000000086000000| Untracked 
|  96|0x0000000086000000, 0x0000000086100000, 0x0000000086100000|100%|HS|  |TAMS 0x0000000086100000, 0x0000000086100000| Complete 
|  97|0x0000000086100000, 0x0000000086200000, 0x0000000086200000|100%|HC|  |TAMS 0x0000000086200000, 0x0000000086200000| Complete 
|  98|0x0000000086200000, 0x0000000086300000, 0x0000000086300000|100%| O|  |TAMS 0x0000000086300000, 0x0000000086300000| Untracked 
|  99|0x0000000086300000, 0x0000000086400000, 0x0000000086400000|100%| O|  |TAMS 0x0000000086400000, 0x0000000086400000| Untracked 
| 100|0x0000000086400000, 0x0000000086500000, 0x0000000086500000|100%| O|  |TAMS 0x0000000086500000, 0x0000000086500000| Untracked 
| 101|0x0000000086500000, 0x0000000086600000, 0x0000000086600000|100%| O|  |TAMS 0x0000000086600000, 0x0000000086600000| Untracked 
| 102|0x0000000086600000, 0x0000000086700000, 0x0000000086700000|100%| O|  |TAMS 0x0000000086700000, 0x0000000086700000| Untracked 
| 103|0x0000000086700000, 0x0000000086800000, 0x0000000086800000|100%| O|  |TAMS 0x0000000086800000, 0x0000000086800000| Untracked 
| 104|0x0000000086800000, 0x0000000086900000, 0x0000000086900000|100%| O|  |TAMS 0x0000000086900000, 0x0000000086900000| Untracked 
| 105|0x0000000086900000, 0x0000000086a00000, 0x0000000086a00000|100%| O|  |TAMS 0x0000000086900000, 0x0000000086a00000| Untracked 
| 106|0x0000000086a00000, 0x0000000086b00000, 0x0000000086b00000|100%| O|  |TAMS 0x0000000086b00000, 0x0000000086b00000| Untracked 
| 107|0x0000000086b00000, 0x0000000086c00000, 0x0000000086c00000|100%| O|  |TAMS 0x0000000086c00000, 0x0000000086c00000| Untracked 
| 108|0x0000000086c00000, 0x0000000086d00000, 0x0000000086d00000|100%| O|  |TAMS 0x0000000086d00000, 0x0000000086d00000| Untracked 
| 109|0x0000000086d00000, 0x0000000086e00000, 0x0000000086e00000|100%| O|  |TAMS 0x0000000086e00000, 0x0000000086e00000| Untracked 
| 110|0x0000000086e00000, 0x0000000086f00000, 0x0000000086f00000|100%| O|  |TAMS 0x0000000086f00000, 0x0000000086f00000| Untracked 
| 111|0x0000000086f00000, 0x0000000087000000, 0x0000000087000000|100%| O|  |TAMS 0x0000000087000000, 0x0000000087000000| Untracked 
| 112|0x0000000087000000, 0x0000000087100000, 0x0000000087100000|100%| O|  |TAMS 0x0000000087100000, 0x0000000087100000| Untracked 
| 113|0x0000000087100000, 0x0000000087100000, 0x0000000087200000|  0%| F|  |TAMS 0x0000000087100000, 0x0000000087100000| Untracked 
| 114|0x0000000087200000, 0x0000000087200000, 0x0000000087300000|  0%| F|  |TAMS 0x0000000087200000, 0x0000000087200000| Untracked 
| 115|0x0000000087300000, 0x0000000087300000, 0x0000000087400000|  0%| F|  |TAMS 0x0000000087300000, 0x0000000087300000| Untracked 
| 116|0x0000000087400000, 0x0000000087500000, 0x0000000087500000|100%| O|  |TAMS 0x0000000087500000, 0x0000000087500000| Untracked 
| 117|0x0000000087500000, 0x0000000087600000, 0x0000000087600000|100%| O|  |TAMS 0x0000000087600000, 0x0000000087600000| Untracked 
| 118|0x0000000087600000, 0x0000000087700000, 0x0000000087700000|100%| O|  |TAMS 0x0000000087700000, 0x0000000087700000| Untracked 
| 119|0x0000000087700000, 0x0000000087800000, 0x0000000087800000|100%| O|  |TAMS 0x0000000087800000, 0x0000000087800000| Untracked 
| 120|0x0000000087800000, 0x0000000087900000, 0x0000000087900000|100%| O|  |TAMS 0x0000000087900000, 0x0000000087900000| Untracked 
| 121|0x0000000087900000, 0x0000000087900000, 0x0000000087a00000|  0%| F|  |TAMS 0x0000000087900000, 0x0000000087900000| Untracked 
| 122|0x0000000087a00000, 0x0000000087b00000, 0x0000000087b00000|100%| O|  |TAMS 0x0000000087a20600, 0x0000000087b00000| Untracked 
| 123|0x0000000087b00000, 0x0000000087c00000, 0x0000000087c00000|100%| O|  |TAMS 0x0000000087b00000, 0x0000000087c00000| Untracked 
| 124|0x0000000087c00000, 0x0000000087d00000, 0x0000000087d00000|100%| O|  |TAMS 0x0000000087c00000, 0x0000000087d00000| Untracked 
| 125|0x0000000087d00000, 0x0000000087e00000, 0x0000000087e00000|100%| O|  |TAMS 0x0000000087d00000, 0x0000000087d08400| Untracked 
| 126|0x0000000087e00000, 0x0000000087e00000, 0x0000000087f00000|  0%| F|  |TAMS 0x0000000087e00000, 0x0000000087e00000| Untracked 
| 127|0x0000000087f00000, 0x0000000087f00000, 0x0000000088000000|  0%| F|  |TAMS 0x0000000087f00000, 0x0000000087f00000| Untracked 
| 128|0x0000000088000000, 0x0000000088000000, 0x0000000088100000|  0%| F|  |TAMS 0x0000000088000000, 0x0000000088000000| Untracked 
| 129|0x0000000088100000, 0x0000000088100000, 0x0000000088200000|  0%| F|  |TAMS 0x0000000088100000, 0x0000000088100000| Untracked 
| 130|0x0000000088200000, 0x0000000088200000, 0x0000000088300000|  0%| F|  |TAMS 0x0000000088200000, 0x0000000088200000| Untracked 
| 131|0x0000000088300000, 0x0000000088300000, 0x0000000088400000|  0%| F|  |TAMS 0x0000000088300000, 0x0000000088300000| Untracked 
| 132|0x0000000088400000, 0x0000000088400000, 0x0000000088500000|  0%| F|  |TAMS 0x0000000088400000, 0x0000000088400000| Untracked 
| 133|0x0000000088500000, 0x0000000088500000, 0x0000000088600000|  0%| F|  |TAMS 0x0000000088500000, 0x0000000088500000| Untracked 
| 134|0x0000000088600000, 0x0000000088600000, 0x0000000088700000|  0%| F|  |TAMS 0x0000000088600000, 0x0000000088600000| Untracked 
| 135|0x0000000088700000, 0x0000000088700000, 0x0000000088800000|  0%| F|  |TAMS 0x0000000088700000, 0x0000000088700000| Untracked 
| 136|0x0000000088800000, 0x0000000088800000, 0x0000000088900000|  0%| F|  |TAMS 0x0000000088800000, 0x0000000088800000| Untracked 
| 137|0x0000000088900000, 0x0000000088900000, 0x0000000088a00000|  0%| F|  |TAMS 0x0000000088900000, 0x0000000088900000| Untracked 
| 138|0x0000000088a00000, 0x0000000088a00000, 0x0000000088b00000|  0%| F|  |TAMS 0x0000000088a00000, 0x0000000088a00000| Untracked 
| 139|0x0000000088b00000, 0x0000000088b00000, 0x0000000088c00000|  0%| F|  |TAMS 0x0000000088b00000, 0x0000000088b00000| Untracked 
| 140|0x0000000088c00000, 0x0000000088c00000, 0x0000000088d00000|  0%| F|  |TAMS 0x0000000088c00000, 0x0000000088c00000| Untracked 
| 141|0x0000000088d00000, 0x0000000088d00000, 0x0000000088e00000|  0%| F|  |TAMS 0x0000000088d00000, 0x0000000088d00000| Untracked 
| 142|0x0000000088e00000, 0x0000000088e00000, 0x0000000088f00000|  0%| F|  |TAMS 0x0000000088e00000, 0x0000000088e00000| Untracked 
| 143|0x0000000088f00000, 0x0000000088f00000, 0x0000000089000000|  0%| F|  |TAMS 0x0000000088f00000, 0x0000000088f00000| Untracked 
| 144|0x0000000089000000, 0x0000000089000000, 0x0000000089100000|  0%| F|  |TAMS 0x0000000089000000, 0x0000000089000000| Untracked 
| 145|0x0000000089100000, 0x0000000089100000, 0x0000000089200000|  0%| F|  |TAMS 0x0000000089100000, 0x0000000089100000| Untracked 
| 146|0x0000000089200000, 0x0000000089200000, 0x0000000089300000|  0%| F|  |TAMS 0x0000000089200000, 0x0000000089200000| Untracked 
| 147|0x0000000089300000, 0x0000000089300000, 0x0000000089400000|  0%| F|  |TAMS 0x0000000089300000, 0x0000000089300000| Untracked 
| 148|0x0000000089400000, 0x0000000089400000, 0x0000000089500000|  0%| F|  |TAMS 0x0000000089400000, 0x0000000089400000| Untracked 
| 149|0x0000000089500000, 0x0000000089500000, 0x0000000089600000|  0%| F|  |TAMS 0x0000000089500000, 0x0000000089500000| Untracked 
| 150|0x0000000089600000, 0x0000000089600000, 0x0000000089700000|  0%| F|  |TAMS 0x0000000089600000, 0x0000000089600000| Untracked 
| 151|0x0000000089700000, 0x0000000089700000, 0x0000000089800000|  0%| F|  |TAMS 0x0000000089700000, 0x0000000089700000| Untracked 
| 152|0x0000000089800000, 0x0000000089800000, 0x0000000089900000|  0%| F|  |TAMS 0x0000000089800000, 0x0000000089800000| Untracked 
| 153|0x0000000089900000, 0x0000000089900000, 0x0000000089a00000|  0%| F|  |TAMS 0x0000000089900000, 0x0000000089900000| Untracked 
| 154|0x0000000089a00000, 0x0000000089a00000, 0x0000000089b00000|  0%| F|  |TAMS 0x0000000089a00000, 0x0000000089a00000| Untracked 
| 155|0x0000000089b00000, 0x0000000089b00000, 0x0000000089c00000|  0%| F|  |TAMS 0x0000000089b00000, 0x0000000089b00000| Untracked 
| 156|0x0000000089c00000, 0x0000000089c00000, 0x0000000089d00000|  0%| F|  |TAMS 0x0000000089c00000, 0x0000000089c00000| Untracked 
| 157|0x0000000089d00000, 0x0000000089e00000, 0x0000000089e00000|100%| S|CS|TAMS 0x0000000089d00000, 0x0000000089d00000| Complete 
| 158|0x0000000089e00000, 0x0000000089f00000, 0x0000000089f00000|100%| S|CS|TAMS 0x0000000089e00000, 0x0000000089e00000| Complete 
| 159|0x0000000089f00000, 0x000000008a000000, 0x000000008a000000|100%| S|CS|TAMS 0x0000000089f00000, 0x0000000089f00000| Complete 
| 160|0x000000008a000000, 0x000000008a100000, 0x000000008a100000|100%| S|CS|TAMS 0x000000008a000000, 0x000000008a000000| Complete 
| 161|0x000000008a100000, 0x000000008a200000, 0x000000008a200000|100%| S|CS|TAMS 0x000000008a100000, 0x000000008a100000| Complete 
| 162|0x000000008a200000, 0x000000008a300000, 0x000000008a300000|100%| S|CS|TAMS 0x000000008a200000, 0x000000008a200000| Complete 
| 163|0x000000008a300000, 0x000000008a400000, 0x000000008a400000|100%| S|CS|TAMS 0x000000008a300000, 0x000000008a300000| Complete 
| 164|0x000000008a400000, 0x000000008a500000, 0x000000008a500000|100%| S|CS|TAMS 0x000000008a400000, 0x000000008a400000| Complete 
| 165|0x000000008a500000, 0x000000008a600000, 0x000000008a600000|100%| S|CS|TAMS 0x000000008a500000, 0x000000008a500000| Complete 
| 166|0x000000008a600000, 0x000000008a600000, 0x000000008a700000|  0%| F|  |TAMS 0x000000008a600000, 0x000000008a600000| Untracked 
| 167|0x000000008a700000, 0x000000008a700000, 0x000000008a800000|  0%| F|  |TAMS 0x000000008a700000, 0x000000008a700000| Untracked 
| 168|0x000000008a800000, 0x000000008a800000, 0x000000008a900000|  0%| F|  |TAMS 0x000000008a800000, 0x000000008a800000| Untracked 
| 169|0x000000008a900000, 0x000000008a900000, 0x000000008aa00000|  0%| F|  |TAMS 0x000000008a900000, 0x000000008a900000| Untracked 
| 170|0x000000008aa00000, 0x000000008aa00000, 0x000000008ab00000|  0%| F|  |TAMS 0x000000008aa00000, 0x000000008aa00000| Untracked 
| 171|0x000000008ab00000, 0x000000008ab00000, 0x000000008ac00000|  0%| F|  |TAMS 0x000000008ab00000, 0x000000008ab00000| Untracked 
| 172|0x000000008ac00000, 0x000000008ac00000, 0x000000008ad00000|  0%| F|  |TAMS 0x000000008ac00000, 0x000000008ac00000| Untracked 
| 173|0x000000008ad00000, 0x000000008ad00000, 0x000000008ae00000|  0%| F|  |TAMS 0x000000008ad00000, 0x000000008ad00000| Untracked 
| 174|0x000000008ae00000, 0x000000008ae00000, 0x000000008af00000|  0%| F|  |TAMS 0x000000008ae00000, 0x000000008ae00000| Untracked 
| 175|0x000000008af00000, 0x000000008af00000, 0x000000008b000000|  0%| F|  |TAMS 0x000000008af00000, 0x000000008af00000| Untracked 
| 176|0x000000008b000000, 0x000000008b000000, 0x000000008b100000|  0%| F|  |TAMS 0x000000008b000000, 0x000000008b000000| Untracked 
| 177|0x000000008b100000, 0x000000008b100000, 0x000000008b200000|  0%| F|  |TAMS 0x000000008b100000, 0x000000008b100000| Untracked 
| 178|0x000000008b200000, 0x000000008b200000, 0x000000008b300000|  0%| F|  |TAMS 0x000000008b200000, 0x000000008b200000| Untracked 
| 179|0x000000008b300000, 0x000000008b300000, 0x000000008b400000|  0%| F|  |TAMS 0x000000008b300000, 0x000000008b300000| Untracked 
| 180|0x000000008b400000, 0x000000008b400000, 0x000000008b500000|  0%| F|  |TAMS 0x000000008b400000, 0x000000008b400000| Untracked 
| 181|0x000000008b500000, 0x000000008b500000, 0x000000008b600000|  0%| F|  |TAMS 0x000000008b500000, 0x000000008b500000| Untracked 
| 182|0x000000008b600000, 0x000000008b600000, 0x000000008b700000|  0%| F|  |TAMS 0x000000008b600000, 0x000000008b600000| Untracked 
| 183|0x000000008b700000, 0x000000008b700000, 0x000000008b800000|  0%| F|  |TAMS 0x000000008b700000, 0x000000008b700000| Untracked 
| 184|0x000000008b800000, 0x000000008b800000, 0x000000008b900000|  0%| F|  |TAMS 0x000000008b800000, 0x000000008b800000| Untracked 
| 185|0x000000008b900000, 0x000000008b900000, 0x000000008ba00000|  0%| F|  |TAMS 0x000000008b900000, 0x000000008b900000| Untracked 
| 186|0x000000008ba00000, 0x000000008ba00000, 0x000000008bb00000|  0%| F|  |TAMS 0x000000008ba00000, 0x000000008ba00000| Untracked 
| 187|0x000000008bb00000, 0x000000008bb00000, 0x000000008bc00000|  0%| F|  |TAMS 0x000000008bb00000, 0x000000008bb00000| Untracked 
| 188|0x000000008bc00000, 0x000000008bc00000, 0x000000008bd00000|  0%| F|  |TAMS 0x000000008bc00000, 0x000000008bc00000| Untracked 
| 189|0x000000008bd00000, 0x000000008bd00000, 0x000000008be00000|  0%| F|  |TAMS 0x000000008bd00000, 0x000000008bd00000| Untracked 
| 190|0x000000008be00000, 0x000000008be00000, 0x000000008bf00000|  0%| F|  |TAMS 0x000000008be00000, 0x000000008be00000| Untracked 
| 191|0x000000008bf00000, 0x000000008bf00000, 0x000000008c000000|  0%| F|  |TAMS 0x000000008bf00000, 0x000000008bf00000| Untracked 
| 192|0x000000008c000000, 0x000000008c000000, 0x000000008c100000|  0%| F|  |TAMS 0x000000008c000000, 0x000000008c000000| Untracked 
| 193|0x000000008c100000, 0x000000008c100000, 0x000000008c200000|  0%| F|  |TAMS 0x000000008c100000, 0x000000008c100000| Untracked 
| 194|0x000000008c200000, 0x000000008c200000, 0x000000008c300000|  0%| F|  |TAMS 0x000000008c200000, 0x000000008c200000| Untracked 
| 195|0x000000008c300000, 0x000000008c300000, 0x000000008c400000|  0%| F|  |TAMS 0x000000008c300000, 0x000000008c300000| Untracked 
| 196|0x000000008c400000, 0x000000008c400000, 0x000000008c500000|  0%| F|  |TAMS 0x000000008c400000, 0x000000008c400000| Untracked 
| 197|0x000000008c500000, 0x000000008c500000, 0x000000008c600000|  0%| F|  |TAMS 0x000000008c500000, 0x000000008c500000| Untracked 
| 198|0x000000008c600000, 0x000000008c600000, 0x000000008c700000|  0%| F|  |TAMS 0x000000008c600000, 0x000000008c600000| Untracked 
| 199|0x000000008c700000, 0x000000008c700000, 0x000000008c800000|  0%| F|  |TAMS 0x000000008c700000, 0x000000008c700000| Untracked 
| 200|0x000000008c800000, 0x000000008c800000, 0x000000008c900000|  0%| F|  |TAMS 0x000000008c800000, 0x000000008c800000| Untracked 
| 201|0x000000008c900000, 0x000000008c900000, 0x000000008ca00000|  0%| F|  |TAMS 0x000000008c900000, 0x000000008c900000| Untracked 
| 202|0x000000008ca00000, 0x000000008ca00000, 0x000000008cb00000|  0%| F|  |TAMS 0x000000008ca00000, 0x000000008ca00000| Untracked 
| 203|0x000000008cb00000, 0x000000008cb00000, 0x000000008cc00000|  0%| F|  |TAMS 0x000000008cb00000, 0x000000008cb00000| Untracked 
| 204|0x000000008cc00000, 0x000000008cc00000, 0x000000008cd00000|  0%| F|  |TAMS 0x000000008cc00000, 0x000000008cc00000| Untracked 
| 205|0x000000008cd00000, 0x000000008cd00000, 0x000000008ce00000|  0%| F|  |TAMS 0x000000008cd00000, 0x000000008cd00000| Untracked 
| 206|0x000000008ce00000, 0x000000008ce00000, 0x000000008cf00000|  0%| F|  |TAMS 0x000000008ce00000, 0x000000008ce00000| Untracked 
| 207|0x000000008cf00000, 0x000000008cf00000, 0x000000008d000000|  0%| F|  |TAMS 0x000000008cf00000, 0x000000008cf00000| Untracked 
| 208|0x000000008d000000, 0x000000008d000000, 0x000000008d100000|  0%| F|  |TAMS 0x000000008d000000, 0x000000008d000000| Untracked 
| 209|0x000000008d100000, 0x000000008d100000, 0x000000008d200000|  0%| F|  |TAMS 0x000000008d100000, 0x000000008d100000| Untracked 
| 210|0x000000008d200000, 0x000000008d200000, 0x000000008d300000|  0%| F|  |TAMS 0x000000008d200000, 0x000000008d200000| Untracked 
| 211|0x000000008d300000, 0x000000008d300000, 0x000000008d400000|  0%| F|  |TAMS 0x000000008d300000, 0x000000008d300000| Untracked 
| 212|0x000000008d400000, 0x000000008d400000, 0x000000008d500000|  0%| F|  |TAMS 0x000000008d400000, 0x000000008d400000| Untracked 
| 213|0x000000008d500000, 0x000000008d500000, 0x000000008d600000|  0%| F|  |TAMS 0x000000008d500000, 0x000000008d500000| Untracked 
| 214|0x000000008d600000, 0x000000008d600000, 0x000000008d700000|  0%| F|  |TAMS 0x000000008d600000, 0x000000008d600000| Untracked 
| 215|0x000000008d700000, 0x000000008d700000, 0x000000008d800000|  0%| F|  |TAMS 0x000000008d700000, 0x000000008d700000| Untracked 
| 216|0x000000008d800000, 0x000000008d800000, 0x000000008d900000|  0%| F|  |TAMS 0x000000008d800000, 0x000000008d800000| Untracked 
| 217|0x000000008d900000, 0x000000008d900000, 0x000000008da00000|  0%| F|  |TAMS 0x000000008d900000, 0x000000008d900000| Untracked 
| 218|0x000000008da00000, 0x000000008da00000, 0x000000008db00000|  0%| F|  |TAMS 0x000000008da00000, 0x000000008da00000| Untracked 
| 219|0x000000008db00000, 0x000000008db00000, 0x000000008dc00000|  0%| F|  |TAMS 0x000000008db00000, 0x000000008db00000| Untracked 
| 220|0x000000008dc00000, 0x000000008dc00000, 0x000000008dd00000|  0%| F|  |TAMS 0x000000008dc00000, 0x000000008dc00000| Untracked 
| 221|0x000000008dd00000, 0x000000008dd00000, 0x000000008de00000|  0%| F|  |TAMS 0x000000008dd00000, 0x000000008dd00000| Untracked 
| 222|0x000000008de00000, 0x000000008de00000, 0x000000008df00000|  0%| F|  |TAMS 0x000000008de00000, 0x000000008de00000| Untracked 
| 223|0x000000008df00000, 0x000000008df00000, 0x000000008e000000|  0%| F|  |TAMS 0x000000008df00000, 0x000000008df00000| Untracked 
| 224|0x000000008e000000, 0x000000008e000000, 0x000000008e100000|  0%| F|  |TAMS 0x000000008e000000, 0x000000008e000000| Untracked 
| 225|0x000000008e100000, 0x000000008e100000, 0x000000008e200000|  0%| F|  |TAMS 0x000000008e100000, 0x000000008e100000| Untracked 
| 226|0x000000008e200000, 0x000000008e200000, 0x000000008e300000|  0%| F|  |TAMS 0x000000008e200000, 0x000000008e200000| Untracked 
| 227|0x000000008e300000, 0x000000008e300000, 0x000000008e400000|  0%| F|  |TAMS 0x000000008e300000, 0x000000008e300000| Untracked 
| 228|0x000000008e400000, 0x000000008e400000, 0x000000008e500000|  0%| F|  |TAMS 0x000000008e400000, 0x000000008e400000| Untracked 
| 229|0x000000008e500000, 0x000000008e500000, 0x000000008e600000|  0%| F|  |TAMS 0x000000008e500000, 0x000000008e500000| Untracked 
| 230|0x000000008e600000, 0x000000008e600000, 0x000000008e700000|  0%| F|  |TAMS 0x000000008e600000, 0x000000008e600000| Untracked 
| 231|0x000000008e700000, 0x000000008e700000, 0x000000008e800000|  0%| F|  |TAMS 0x000000008e700000, 0x000000008e700000| Untracked 

Card table byte_map: [0x000001788f000000,0x000001788f400000] _byte_map_base: 0x000001788ec00000

Marking Bits (Prev, Next): (CMBitMap*) 0x00000178fc2994e0, (CMBitMap*) 0x00000178fc299520
 Prev Bits: [0x000001788f800000, 0x0000017891800000)
 Next Bits: [0x0000017891800000, 0x0000017893800000)

Polling page: 0x00000178fa1c0000

Metaspace:

Usage:
  Non-class:    101.77 MB used.
      Class:     16.16 MB used.
       Both:    117.93 MB used.

Virtual space:
  Non-class space:      104.00 MB reserved,     102.25 MB ( 98%) committed,  13 nodes.
      Class space:        1.00 GB reserved,      16.50 MB (  2%) committed,  1 nodes.
             Both:        1.10 GB reserved,     118.75 MB ( 11%) committed. 

Chunk freelists:
   Non-Class:  1.03 MB
       Class:  3.38 MB
        Both:  4.41 MB

MaxMetaspaceSize: unlimited
CompressedClassSpaceSize: 1.00 GB
Initial GC threshold: 21.00 MB
Current GC threshold: 193.06 MB
CDS: off
MetaspaceReclaimPolicy: balanced
 - commit_granule_bytes: 65536.
 - commit_granule_words: 8192.
 - virtual_space_node_default_size: 1048576.
 - enlarge_chunks_in_place: 1.
 - new_chunks_are_fully_committed: 0.
 - uncommit_free_chunks: 1.
 - use_allocation_guard: 0.
 - handle_deallocations: 1.


Internal statistics:

num_allocs_failed_limit: 6.
num_arena_births: 1288.
num_arena_deaths: 4.
num_vsnodes_births: 14.
num_vsnodes_deaths: 0.
num_space_committed: 1900.
num_space_uncommitted: 0.
num_chunks_returned_to_freelist: 12.
num_chunks_taken_from_freelist: 5860.
num_chunk_merges: 9.
num_chunk_splits: 3896.
num_chunks_enlarged: 2602.
num_purges: 2.
num_inconsistent_stats: 0.

CodeHeap 'non-profiled nmethods': size=120000Kb used=8887Kb max_used=8887Kb free=111112Kb
 bounds [0x0000017887ad0000, 0x0000017888380000, 0x000001788f000000]
CodeHeap 'profiled nmethods': size=120000Kb used=28842Kb max_used=28842Kb free=91157Kb
 bounds [0x0000017880000000, 0x0000017881c30000, 0x0000017887530000]
CodeHeap 'non-nmethods': size=5760Kb used=2440Kb max_used=2490Kb free=3319Kb
 bounds [0x0000017887530000, 0x00000178877b0000, 0x0000017887ad0000]
 total_blobs=15787 nmethods=14816 adapters=883
 compilation: enabled
              stopped_count=0, restarted_count=0
 full_count=0

Compilation events (20 events):
Event: 559.950 Thread 0x0000017896c2dbe0 17378       2       com.sun.tools.javac.parser.Tokens$Token::deprecatedFlag (46 bytes)
Event: 559.950 Thread 0x0000017896c2dbe0 nmethod 17378 0x0000017881c27010 code [0x0000017881c27200, 0x0000017881c27638]
Event: 559.950 Thread 0x0000017896c2dbe0 17362       2       com.sun.tools.javac.tree.JCTree$JCPolyExpression::<init> (5 bytes)
Event: 559.950 Thread 0x0000017896c2dbe0 nmethod 17362 0x0000017881c27810 code [0x0000017881c279a0, 0x0000017881c27a98]
Event: 559.951 Thread 0x0000017896c2dbe0 17360       2       com.sun.tools.javac.parser.JavacParser::parseExpression (6 bytes)
Event: 559.951 Thread 0x0000017896c2dbe0 nmethod 17360 0x0000017881c27b10 code [0x0000017881c27ca0, 0x0000017881c27de8]
Event: 559.951 Thread 0x0000017896c2dbe0 17381       2       com.sun.tools.javac.parser.Tokens$Token::getComments (73 bytes)
Event: 559.951 Thread 0x0000017896c2dbe0 nmethod 17381 0x0000017881c27e90 code [0x0000017881c28080, 0x0000017881c28548]
Event: 559.951 Thread 0x0000017896c2dbe0 17382       2       com.sun.tools.javac.tree.TreeMaker::Modifiers (56 bytes)
Event: 559.951 Thread 0x0000017896c2dbe0 nmethod 17382 0x0000017881c28790 code [0x0000017881c28940, 0x0000017881c28b88]
Event: 559.951 Thread 0x0000017896c2dbe0 17384       2       com.sun.tools.javac.parser.JavacParser::bracketsOpt (116 bytes)
Event: 559.952 Thread 0x0000017896c2dbe0 nmethod 17384 0x0000017881c28c90 code [0x0000017881c28ee0, 0x0000017881c294f8]
Event: 559.952 Thread 0x0000017896c2dbe0 17385       2       com.sun.tools.javac.parser.JavacParser::isRecordStart (80 bytes)
Event: 559.952 Thread 0x0000017896c2dbe0 nmethod 17385 0x0000017881c29a10 code [0x0000017881c29c00, 0x0000017881c29ea8]
Event: 559.952 Thread 0x0000017896c2dbe0 17383       2       com.sun.tools.javac.parser.JavacParser::bracketsOpt (9 bytes)
Event: 559.952 Thread 0x0000017896c2dbe0 nmethod 17383 0x0000017881c2a090 code [0x0000017881c2a220, 0x0000017881c2a348]
Event: 559.952 Thread 0x0000017896c2dbe0 17386       2       com.sun.tools.javac.parser.JavacParser::attach (23 bytes)
Event: 559.952 Thread 0x0000017896c2dbe0 nmethod 17386 0x0000017881c2a410 code [0x0000017881c2a5c0, 0x0000017881c2a748]
Event: 559.952 Thread 0x0000017896c2dbe0 17349       1       com.sun.tools.javac.parser.Tokens$StringToken::stringVal (5 bytes)
Event: 559.952 Thread 0x0000017896c2dbe0 nmethod 17349 0x000001788837dc10 code [0x000001788837dda0, 0x000001788837de78]

GC Heap History (20 events):
Event: 13.892 GC heap after
{Heap after GC invocations=47 (full 0):
 garbage-first heap   total 235520K, used 103435K [0x0000000080000000, 0x0000000100000000)
  region size 1024K, 9 young (9216K), 9 survivors (9216K)
 Metaspace       used 93741K, committed 94464K, reserved 1138688K
  class space    used 12756K, committed 13120K, reserved 1048576K
}
Event: 13.896 GC heap before
{Heap before GC invocations=47 (full 0):
 garbage-first heap   total 235520K, used 117771K [0x0000000080000000, 0x0000000100000000)
  region size 1024K, 10 young (10240K), 9 survivors (9216K)
 Metaspace       used 93745K, committed 94464K, reserved 1138688K
  class space    used 12757K, committed 13120K, reserved 1048576K
}
Event: 13.901 GC heap after
{Heap after GC invocations=48 (full 0):
 garbage-first heap   total 235520K, used 118144K [0x0000000080000000, 0x0000000100000000)
  region size 1024K, 3 young (3072K), 3 survivors (3072K)
 Metaspace       used 93745K, committed 94464K, reserved 1138688K
  class space    used 12757K, committed 13120K, reserved 1048576K
}
Event: 207.822 GC heap before
{Heap before GC invocations=49 (full 0):
 garbage-first heap   total 237568K, used 210304K [0x0000000080000000, 0x0000000100000000)
  region size 1024K, 74 young (75776K), 3 survivors (3072K)
 Metaspace       used 95360K, committed 96128K, reserved 1138688K
  class space    used 12908K, committed 13248K, reserved 1048576K
}
Event: 207.873 GC heap after
{Heap after GC invocations=50 (full 0):
 garbage-first heap   total 237568K, used 109900K [0x0000000080000000, 0x0000000100000000)
  region size 1024K, 9 young (9216K), 9 survivors (9216K)
 Metaspace       used 95360K, committed 96128K, reserved 1138688K
  class space    used 12908K, committed 13248K, reserved 1048576K
}
Event: 207.907 GC heap before
{Heap before GC invocations=50 (full 0):
 garbage-first heap   total 237568K, used 111948K [0x0000000080000000, 0x0000000100000000)
  region size 1024K, 11 young (11264K), 9 survivors (9216K)
 Metaspace       used 95369K, committed 96128K, reserved 1138688K
  class space    used 12908K, committed 13248K, reserved 1048576K
}
Event: 207.942 GC heap after
{Heap after GC invocations=51 (full 0):
 garbage-first heap   total 237568K, used 110595K [0x0000000080000000, 0x0000000100000000)
  region size 1024K, 2 young (2048K), 2 survivors (2048K)
 Metaspace       used 95369K, committed 96128K, reserved 1138688K
  class space    used 12908K, committed 13248K, reserved 1048576K
}
Event: 208.857 GC heap before
{Heap before GC invocations=51 (full 0):
 garbage-first heap   total 237568K, used 177155K [0x0000000080000000, 0x0000000100000000)
  region size 1024K, 69 young (70656K), 2 survivors (2048K)
 Metaspace       used 102744K, committed 103488K, reserved 1138688K
  class space    used 13868K, committed 14208K, reserved 1048576K
}
Event: 208.868 GC heap after
{Heap after GC invocations=52 (full 0):
 garbage-first heap   total 237568K, used 118624K [0x0000000080000000, 0x0000000100000000)
  region size 1024K, 10 young (10240K), 10 survivors (10240K)
 Metaspace       used 102744K, committed 103488K, reserved 1138688K
  class space    used 13868K, committed 14208K, reserved 1048576K
}
Event: 209.818 GC heap before
{Heap before GC invocations=53 (full 0):
 garbage-first heap   total 237568K, used 191328K [0x0000000080000000, 0x0000000100000000)
  region size 1024K, 79 young (80896K), 10 survivors (10240K)
 Metaspace       used 105238K, committed 106048K, reserved 1146880K
  class space    used 14167K, committed 14528K, reserved 1048576K
}
Event: 209.859 GC heap after
{Heap after GC invocations=54 (full 0):
 garbage-first heap   total 237568K, used 123817K [0x0000000080000000, 0x0000000100000000)
  region size 1024K, 6 young (6144K), 6 survivors (6144K)
 Metaspace       used 105238K, committed 106048K, reserved 1146880K
  class space    used 14167K, committed 14528K, reserved 1048576K
}
Event: 209.908 GC heap before
{Heap before GC invocations=54 (full 0):
 garbage-first heap   total 237568K, used 128937K [0x0000000080000000, 0x0000000100000000)
  region size 1024K, 11 young (11264K), 6 survivors (6144K)
 Metaspace       used 105293K, committed 106048K, reserved 1146880K
  class space    used 14174K, committed 14528K, reserved 1048576K
}
Event: 209.922 GC heap after
{Heap after GC invocations=55 (full 0):
 garbage-first heap   total 237568K, used 121095K [0x0000000080000000, 0x0000000100000000)
  region size 1024K, 2 young (2048K), 2 survivors (2048K)
 Metaspace       used 105293K, committed 106048K, reserved 1146880K
  class space    used 14174K, committed 14528K, reserved 1048576K
}
Event: 210.665 GC heap before
{Heap before GC invocations=55 (full 0):
 garbage-first heap   total 237568K, used 188679K [0x0000000080000000, 0x0000000100000000)
  region size 1024K, 69 young (70656K), 2 survivors (2048K)
 Metaspace       used 114525K, committed 115328K, reserved 1155072K
  class space    used 15565K, committed 15936K, reserved 1048576K
}
Event: 210.673 GC heap after
{Heap after GC invocations=56 (full 0):
 garbage-first heap   total 237568K, used 123202K [0x0000000080000000, 0x0000000100000000)
  region size 1024K, 4 young (4096K), 4 survivors (4096K)
 Metaspace       used 114525K, committed 115328K, reserved 1155072K
  class space    used 15565K, committed 15936K, reserved 1048576K
}
Event: 557.937 GC heap before
{Heap before GC invocations=57 (full 0):
 garbage-first heap   total 237568K, used 222530K [0x0000000080000000, 0x0000000100000000)
  region size 1024K, 70 young (71680K), 4 survivors (4096K)
 Metaspace       used 120278K, committed 121088K, reserved 1155072K
  class space    used 16538K, committed 16896K, reserved 1048576K
}
Event: 558.077 GC heap after
{Heap after GC invocations=58 (full 0):
 garbage-first heap   total 237568K, used 125339K [0x0000000080000000, 0x0000000100000000)
  region size 1024K, 6 young (6144K), 6 survivors (6144K)
 Metaspace       used 120278K, committed 121088K, reserved 1155072K
  class space    used 16538K, committed 16896K, reserved 1048576K
}
Event: 558.356 GC heap before
{Heap before GC invocations=58 (full 0):
 garbage-first heap   total 237568K, used 129435K [0x0000000080000000, 0x0000000100000000)
  region size 1024K, 11 young (11264K), 6 survivors (6144K)
 Metaspace       used 120291K, committed 121088K, reserved 1155072K
  class space    used 16538K, committed 16896K, reserved 1048576K
}
Event: 558.416 GC heap after
{Heap after GC invocations=59 (full 0):
 garbage-first heap   total 237568K, used 123131K [0x0000000080000000, 0x0000000100000000)
  region size 1024K, 2 young (2048K), 2 survivors (2048K)
 Metaspace       used 120291K, committed 121088K, reserved 1155072K
  class space    used 16538K, committed 16896K, reserved 1048576K
}
Event: 559.958 GC heap before
{Heap before GC invocations=59 (full 0):
 garbage-first heap   total 237568K, used 186619K [0x0000000080000000, 0x0000000100000000)
  region size 1024K, 66 young (67584K), 2 survivors (2048K)
 Metaspace       used 120757K, committed 121600K, reserved 1155072K
  class space    used 16546K, committed 16896K, reserved 1048576K
}

Dll operation events (2 events):
Event: 0.008 Loaded shared library C:\Program Files\Android\Android Studio\jbr\bin\java.dll
Event: 0.395 Loaded shared library C:\Program Files\Android\Android Studio\jbr\bin\verify.dll

Deoptimization events (20 events):
Event: 559.812 Thread 0x000001789c168250 DEOPT PACKING pc=0x000001788185ed68 sp=0x0000001d8bdf8ef0
Event: 559.812 Thread 0x000001789c168250 DEOPT UNPACKING pc=0x000001788758ace3 sp=0x0000001d8bdf8380 mode 0
Event: 559.840 Thread 0x000001789c168250 DEOPT PACKING pc=0x00000178817e38d1 sp=0x0000001d8bdf8cf0
Event: 559.840 Thread 0x000001789c168250 DEOPT UNPACKING pc=0x000001788758ace3 sp=0x0000001d8bdf8270 mode 0
Event: 559.855 Thread 0x000001789c168250 DEOPT PACKING pc=0x00000178817e38d1 sp=0x0000001d8bdf8cf0
Event: 559.855 Thread 0x000001789c168250 DEOPT UNPACKING pc=0x000001788758ace3 sp=0x0000001d8bdf8270 mode 0
Event: 559.856 Thread 0x000001789c168250 Uncommon trap: trap_request=0xffffffde fr.pc=0x00000178881ba338 relative=0x0000000000005178
Event: 559.856 Thread 0x000001789c168250 Uncommon trap: reason=class_check action=maybe_recompile pc=0x00000178881ba338 method=jdk.internal.loader.URLClassPath.getLoader(I)Ljdk/internal/loader/URLClassPath$Loader; @ 88 c2
Event: 559.856 Thread 0x000001789c168250 DEOPT PACKING pc=0x00000178881ba338 sp=0x0000001d8bdf95e0
Event: 559.856 Thread 0x000001789c168250 DEOPT UNPACKING pc=0x000001788758a1a3 sp=0x0000001d8bdf95f0 mode 2
Event: 559.856 Thread 0x000001789c168250 Uncommon trap: trap_request=0xffffff45 fr.pc=0x00000178881a9044 relative=0x00000000000006e4
Event: 559.856 Thread 0x000001789c168250 Uncommon trap: reason=unstable_if action=reinterpret pc=0x00000178881a9044 method=java.lang.String.regionMatches(ZILjava/lang/String;II)Z @ 36 c2
Event: 559.856 Thread 0x000001789c168250 DEOPT PACKING pc=0x00000178881a9044 sp=0x0000001d8bdf9370
Event: 559.856 Thread 0x000001789c168250 DEOPT UNPACKING pc=0x000001788758a1a3 sp=0x0000001d8bdf92e8 mode 2
Event: 559.866 Thread 0x000001789c168250 DEOPT PACKING pc=0x00000178818f747e sp=0x0000001d8bdf9340
Event: 559.866 Thread 0x000001789c168250 DEOPT UNPACKING pc=0x000001788758ace3 sp=0x0000001d8bdf87b0 mode 0
Event: 559.874 Thread 0x000001789c168250 DEOPT PACKING pc=0x00000178818f747e sp=0x0000001d8bdf8b70
Event: 559.874 Thread 0x000001789c168250 DEOPT UNPACKING pc=0x000001788758ace3 sp=0x0000001d8bdf7fe0 mode 0
Event: 559.937 Thread 0x000001789c168250 DEOPT PACKING pc=0x00000178818f747e sp=0x0000001d8bdf7890
Event: 559.937 Thread 0x000001789c168250 DEOPT UNPACKING pc=0x000001788758ace3 sp=0x0000001d8bdf6d00 mode 0

Classes unloaded (2 events):
Event: 13.978 Thread 0x000001789613ca20 Unloading class 0x0000000100bb4400 'java/lang/invoke/LambdaForm$DMH+0x0000000100bb4400'
Event: 13.978 Thread 0x000001789613ca20 Unloading class 0x0000000100bb4000 'java/lang/invoke/LambdaForm$DMH+0x0000000100bb4000'

Classes redefined (0 events):
No events

Internal exceptions (20 events):
Event: 559.646 Thread 0x000001789c168250 Exception <a 'sun/nio/fs/WindowsException'{0x000000008afe96f8}> (0x000000008afe96f8) 
thrown [s\src\hotspot\share\prims\jni.cpp, line 517]
Event: 559.646 Thread 0x000001789c168250 Exception <a 'sun/nio/fs/WindowsException'{0x000000008afea550}> (0x000000008afea550) 
thrown [s\src\hotspot\share\prims\jni.cpp, line 517]
Event: 559.647 Thread 0x000001789c168250 Exception <a 'sun/nio/fs/WindowsException'{0x000000008afeb270}> (0x000000008afeb270) 
thrown [s\src\hotspot\share\prims\jni.cpp, line 517]
Event: 559.647 Thread 0x000001789c168250 Exception <a 'sun/nio/fs/WindowsException'{0x000000008afebf90}> (0x000000008afebf90) 
thrown [s\src\hotspot\share\prims\jni.cpp, line 517]
Event: 559.648 Thread 0x000001789c168250 Exception <a 'sun/nio/fs/WindowsException'{0x000000008aff24a0}> (0x000000008aff24a0) 
thrown [s\src\hotspot\share\prims\jni.cpp, line 517]
Event: 559.648 Thread 0x000001789c168250 Exception <a 'sun/nio/fs/WindowsException'{0x000000008aff31c0}> (0x000000008aff31c0) 
thrown [s\src\hotspot\share\prims\jni.cpp, line 517]
Event: 559.649 Thread 0x000001789c168250 Exception <a 'sun/nio/fs/WindowsException'{0x000000008aff3ee0}> (0x000000008aff3ee0) 
thrown [s\src\hotspot\share\prims\jni.cpp, line 517]
Event: 559.649 Thread 0x000001789c168250 Exception <a 'sun/nio/fs/WindowsException'{0x000000008aff4c00}> (0x000000008aff4c00) 
thrown [s\src\hotspot\share\prims\jni.cpp, line 517]
Event: 559.649 Thread 0x000001789c168250 Exception <a 'sun/nio/fs/WindowsException'{0x000000008aff5980}> (0x000000008aff5980) 
thrown [s\src\hotspot\share\prims\jni.cpp, line 517]
Event: 559.650 Thread 0x000001789c168250 Exception <a 'sun/nio/fs/WindowsException'{0x000000008aff66a8}> (0x000000008aff66a8) 
thrown [s\src\hotspot\share\prims\jni.cpp, line 517]
Event: 559.650 Thread 0x000001789c168250 Exception <a 'sun/nio/fs/WindowsException'{0x000000008aff7428}> (0x000000008aff7428) 
thrown [s\src\hotspot\share\prims\jni.cpp, line 517]
Event: 559.651 Thread 0x000001789c168250 Exception <a 'sun/nio/fs/WindowsException'{0x000000008aff81c8}> (0x000000008aff81c8) 
thrown [s\src\hotspot\share\prims\jni.cpp, line 517]
Event: 559.652 Thread 0x000001789c168250 Exception <a 'sun/nio/fs/WindowsException'{0x000000008aff8f70}> (0x000000008aff8f70) 
thrown [s\src\hotspot\share\prims\jni.cpp, line 517]
Event: 559.653 Thread 0x000001789c168250 Exception <a 'sun/nio/fs/WindowsException'{0x000000008ae02268}> (0x000000008ae02268) 
thrown [s\src\hotspot\share\prims\jni.cpp, line 517]
Event: 559.653 Thread 0x000001789c168250 Exception <a 'sun/nio/fs/WindowsException'{0x000000008ae02f88}> (0x000000008ae02f88) 
thrown [s\src\hotspot\share\prims\jni.cpp, line 517]
Event: 559.654 Thread 0x000001789c168250 Exception <a 'sun/nio/fs/WindowsException'{0x000000008ae03d20}> (0x000000008ae03d20) 
thrown [s\src\hotspot\share\prims\jni.cpp, line 517]
Event: 559.654 Thread 0x000001789c168250 Exception <a 'sun/nio/fs/WindowsException'{0x000000008ae04a50}> (0x000000008ae04a50) 
thrown [s\src\hotspot\share\prims\jni.cpp, line 517]
Event: 559.654 Thread 0x000001789c168250 Exception <a 'sun/nio/fs/WindowsException'{0x000000008ae057d0}> (0x000000008ae057d0) 
thrown [s\src\hotspot\share\prims\jni.cpp, line 517]
Event: 559.954 Thread 0x000001789c168250 Exception <a 'sun/nio/fs/WindowsException'{0x000000008a695430}> (0x000000008a695430) 
thrown [s\src\hotspot\share\prims\jni.cpp, line 517]
Event: 559.954 Thread 0x000001789c168250 Exception <a 'sun/nio/fs/WindowsException'{0x000000008a6956c0}> (0x000000008a6956c0) 
thrown [s\src\hotspot\share\prims\jni.cpp, line 517]

VM Operations (20 events):
Event: 390.449 Executing VM operation: Cleanup done
Event: 412.467 Executing VM operation: Cleanup
Event: 412.467 Executing VM operation: Cleanup done
Event: 491.505 Executing VM operation: Cleanup
Event: 491.505 Executing VM operation: Cleanup done
Event: 532.523 Executing VM operation: Cleanup
Event: 532.523 Executing VM operation: Cleanup done
Event: 557.536 Executing VM operation: Cleanup
Event: 557.536 Executing VM operation: Cleanup done
Event: 557.936 Executing VM operation: G1CollectForAllocation
Event: 558.078 Executing VM operation: G1CollectForAllocation done
Event: 558.340 Executing VM operation: G1CollectForAllocation
Event: 558.416 Executing VM operation: G1CollectForAllocation done
Event: 559.086 Executing VM operation: ICBufferFull
Event: 559.086 Executing VM operation: ICBufferFull done
Event: 559.516 Executing VM operation: ICBufferFull
Event: 559.516 Executing VM operation: ICBufferFull done
Event: 559.931 Executing VM operation: HandshakeAllThreads
Event: 559.933 Executing VM operation: HandshakeAllThreads done
Event: 559.957 Executing VM operation: G1TryInitiateConcMark

Events (20 events):
Event: 558.337 Thread 0x000001789e011d70 Thread added: 0x000001789e011d70
Event: 558.338 Thread 0x000001789e012240 Thread added: 0x000001789e012240
Event: 558.502 Thread 0x000001789796d6d0 Thread added: 0x000001789796d6d0
Event: 559.093 Thread 0x00000178979706f0 Thread added: 0x00000178979706f0
Event: 559.100 Thread 0x000001789e013580 Thread added: 0x000001789e013580
Event: 559.100 Thread 0x000001789e012be0 Thread added: 0x000001789e012be0
Event: 559.100 Thread 0x000001789e013a50 Thread added: 0x000001789e013a50
Event: 559.100 Thread 0x000001789c1678b0 Thread added: 0x000001789c1678b0
Event: 559.100 Thread 0x000001789c167d80 Thread added: 0x000001789c167d80
Event: 559.101 Thread 0x000001789c166a40 Thread added: 0x000001789c166a40
Event: 559.101 Thread 0x000001789c168250 Thread added: 0x000001789c168250
Event: 559.106 Thread 0x000001789b1f2610 Thread added: 0x000001789b1f2610
Event: 559.570 Thread 0x000001789bbae1d0 Thread added: 0x000001789bbae1d0
Event: 559.570 Thread 0x000001789bd83d40 Thread added: 0x000001789bd83d40
Event: 559.570 Thread 0x000001789bd85550 Thread added: 0x000001789bd85550
Event: 559.570 Thread 0x000001789bd84210 Thread added: 0x000001789bd84210
Event: 559.570 Thread 0x000001789bd846e0 Thread added: 0x000001789bd846e0
Event: 559.570 Thread 0x000001789bd85a20 Thread added: 0x000001789bd85a20
Event: 559.572 Thread 0x000001789bd84bb0 Thread added: 0x000001789bd84bb0
Event: 559.572 Thread 0x000001789bd85080 Thread added: 0x000001789bd85080


Dynamic libraries:
0x00007ff61bab0000 - 0x00007ff61baba000 	C:\Program Files\Android\Android Studio\jbr\bin\java.exe
0x00007ffd405d0000 - 0x00007ffd407c7000 	C:\WINDOWS\SYSTEM32\ntdll.dll
0x00007ffd3e8f0000 - 0x00007ffd3e9ad000 	C:\WINDOWS\System32\KERNEL32.DLL
0x00007ffd3dfd0000 - 0x00007ffd3e2c6000 	C:\WINDOWS\System32\KERNELBASE.dll
0x00007ffd3dde0000 - 0x00007ffd3dee0000 	C:\WINDOWS\System32\ucrtbase.dll
0x00007ffd365d0000 - 0x00007ffd365e7000 	C:\Program Files\Android\Android Studio\jbr\bin\jli.dll
0x00007ffd36560000 - 0x00007ffd3657b000 	C:\Program Files\Android\Android Studio\jbr\bin\VCRUNTIME140.dll
0x00007ffd3f0e0000 - 0x00007ffd3f27e000 	C:\WINDOWS\System32\USER32.dll
0x00007ffd3dfa0000 - 0x00007ffd3dfc2000 	C:\WINDOWS\System32\win32u.dll
0x00007ffd140d0000 - 0x00007ffd1436a000 	C:\WINDOWS\WinSxS\amd64_microsoft.windows.common-controls_6595b64144ccf1df_6.0.19041.3570_none_60bb2a3971f3e41a\COMCTL32.dll
0x00007ffd40560000 - 0x00007ffd4058c000 	C:\WINDOWS\System32\GDI32.dll
0x00007ffd3e7a0000 - 0x00007ffd3e83e000 	C:\WINDOWS\System32\msvcrt.dll
0x00007ffd3e430000 - 0x00007ffd3e54a000 	C:\WINDOWS\System32\gdi32full.dll
0x00007ffd3dcb0000 - 0x00007ffd3dd4d000 	C:\WINDOWS\System32\msvcp_win.dll
0x00007ffd3f3e0000 - 0x00007ffd3f410000 	C:\WINDOWS\System32\IMM32.DLL
0x00007ffd2e250000 - 0x00007ffd2e25c000 	C:\Program Files\Android\Android Studio\jbr\bin\vcruntime140_1.dll
0x00007ffd0e160000 - 0x00007ffd0e1ed000 	C:\Program Files\Android\Android Studio\jbr\bin\msvcp140.dll
0x00007ffcc58e0000 - 0x00007ffcc654d000 	C:\Program Files\Android\Android Studio\jbr\bin\server\jvm.dll
0x00007ffd3e840000 - 0x00007ffd3e8ee000 	C:\WINDOWS\System32\ADVAPI32.dll
0x00007ffd3e690000 - 0x00007ffd3e72c000 	C:\WINDOWS\System32\sechost.dll
0x00007ffd3f8c0000 - 0x00007ffd3f9e6000 	C:\WINDOWS\System32\RPCRT4.dll
0x00007ffd344a0000 - 0x00007ffd344aa000 	C:\WINDOWS\SYSTEM32\VERSION.dll
0x00007ffd1a570000 - 0x00007ffd1a579000 	C:\WINDOWS\SYSTEM32\WSOCK32.dll
0x00007ffd1ad00000 - 0x00007ffd1ad27000 	C:\WINDOWS\SYSTEM32\WINMM.dll
0x00007ffd3f770000 - 0x00007ffd3f7db000 	C:\WINDOWS\System32\WS2_32.dll
0x00007ffd3c4e0000 - 0x00007ffd3c4f2000 	C:\WINDOWS\SYSTEM32\kernel.appcore.dll
0x00007ffd1f4e0000 - 0x00007ffd1f4ea000 	C:\Program Files\Android\Android Studio\jbr\bin\jimage.dll
0x00007ffd3ba50000 - 0x00007ffd3bc34000 	C:\WINDOWS\SYSTEM32\DBGHELP.DLL
0x00007ffd333a0000 - 0x00007ffd333d4000 	C:\WINDOWS\SYSTEM32\dbgcore.DLL
0x00007ffd3dd50000 - 0x00007ffd3ddd2000 	C:\WINDOWS\System32\bcryptPrimitives.dll
0x00007ffd1f4b0000 - 0x00007ffd1f4d5000 	C:\Program Files\Android\Android Studio\jbr\bin\java.dll
0x00007ffd1f490000 - 0x00007ffd1f4a8000 	C:\Program Files\Android\Android Studio\jbr\bin\zip.dll
0x00007ffd3f9f0000 - 0x00007ffd40134000 	C:\WINDOWS\System32\SHELL32.dll
0x00007ffd3bd30000 - 0x00007ffd3c4cb000 	C:\WINDOWS\SYSTEM32\windows.storage.dll
0x00007ffd3f410000 - 0x00007ffd3f764000 	C:\WINDOWS\System32\combase.dll
0x00007ffd3d6f0000 - 0x00007ffd3d71d000 	C:\WINDOWS\SYSTEM32\Wldp.dll
0x00007ffd3ebb0000 - 0x00007ffd3ec5d000 	C:\WINDOWS\System32\SHCORE.dll
0x00007ffd3f860000 - 0x00007ffd3f8b5000 	C:\WINDOWS\System32\shlwapi.dll
0x00007ffd3dbe0000 - 0x00007ffd3dc05000 	C:\WINDOWS\SYSTEM32\profapi.dll
0x00007ffd0f930000 - 0x00007ffd0f949000 	C:\Program Files\Android\Android Studio\jbr\bin\net.dll
0x00007ffd2e290000 - 0x00007ffd2e39a000 	C:\WINDOWS\SYSTEM32\WINHTTP.dll
0x00007ffd3d450000 - 0x00007ffd3d4ba000 	C:\WINDOWS\system32\mswsock.dll
0x00007ffd0f910000 - 0x00007ffd0f926000 	C:\Program Files\Android\Android Studio\jbr\bin\nio.dll
0x00007ffd10660000 - 0x00007ffd10670000 	C:\Program Files\Android\Android Studio\jbr\bin\verify.dll
0x00007ffd11490000 - 0x00007ffd114b7000 	C:\Users\vkhan\.gradle\native\68d5fa5c4cc2d200863cafc0d521ce42e7d3e7ee720ec0a83991735586a16f82\windows-amd64\native-platform.dll
0x00007ffd0b4f0000 - 0x00007ffd0b634000 	C:\Users\vkhan\.gradle\native\e376f236ea51e6404a007f0833ffe2c6e607c4080706a723a18a27aeea778392\windows-amd64\native-platform-file-events.dll
0x00007ffd1f480000 - 0x00007ffd1f489000 	C:\Program Files\Android\Android Studio\jbr\bin\management.dll
0x00007ffd106b0000 - 0x00007ffd106bb000 	C:\Program Files\Android\Android Studio\jbr\bin\management_ext.dll
0x00007ffd3e790000 - 0x00007ffd3e798000 	C:\WINDOWS\System32\PSAPI.DLL
0x00007ffd3d650000 - 0x00007ffd3d668000 	C:\WINDOWS\SYSTEM32\CRYPTSP.dll
0x00007ffd3ccf0000 - 0x00007ffd3cd24000 	C:\WINDOWS\system32\rsaenh.dll
0x00007ffd3e550000 - 0x00007ffd3e577000 	C:\WINDOWS\System32\bcrypt.dll
0x00007ffd3dba0000 - 0x00007ffd3dbce000 	C:\WINDOWS\SYSTEM32\USERENV.dll
0x00007ffd3d640000 - 0x00007ffd3d64c000 	C:\WINDOWS\SYSTEM32\CRYPTBASE.dll
0x00007ffd3d0f0000 - 0x00007ffd3d12b000 	C:\WINDOWS\SYSTEM32\IPHLPAPI.DLL
0x00007ffd403c0000 - 0x00007ffd403c8000 	C:\WINDOWS\System32\NSI.dll
0x00007ffd335a0000 - 0x00007ffd335b7000 	C:\WINDOWS\SYSTEM32\dhcpcsvc6.DLL
0x00007ffd33380000 - 0x00007ffd3339d000 	C:\WINDOWS\SYSTEM32\dhcpcsvc.DLL
0x00007ffd3d140000 - 0x00007ffd3d20a000 	C:\WINDOWS\SYSTEM32\DNSAPI.dll
0x00007ffd103a0000 - 0x00007ffd103a7000 	C:\WINDOWS\system32\wshunix.dll

dbghelp: loaded successfully - version: 4.0.5 - missing functions: none
symbol engine: initialized successfully - sym options: 0x614 - pdb path: .;C:\Program Files\Android\Android Studio\jbr\bin;C:\WINDOWS\SYSTEM32;C:\WINDOWS\WinSxS\amd64_microsoft.windows.common-controls_6595b64144ccf1df_6.0.19041.3570_none_60bb2a3971f3e41a;C:\Program Files\Android\Android Studio\jbr\bin\server;C:\Users\vkhan\.gradle\native\68d5fa5c4cc2d200863cafc0d521ce42e7d3e7ee720ec0a83991735586a16f82\windows-amd64;C:\Users\vkhan\.gradle\native\e376f236ea51e6404a007f0833ffe2c6e607c4080706a723a18a27aeea778392\windows-amd64

VM Arguments:
jvm_args: --add-opens=java.base/java.util=ALL-UNNAMED --add-opens=java.base/java.lang=ALL-UNNAMED --add-opens=java.base/java.lang.invoke=ALL-UNNAMED --add-opens=java.prefs/java.util.prefs=ALL-UNNAMED --add-opens=java.base/java.nio.charset=ALL-UNNAMED --add-opens=java.base/java.net=ALL-UNNAMED --add-opens=java.base/java.util.concurrent.atomic=ALL-UNNAMED -Xmx2048m -Dfile.encoding=UTF-8 -Duser.country=US -Duser.language=en -Duser.variant 
java_command: org.gradle.launcher.daemon.bootstrap.GradleDaemon 8.0
java_class_path (initial): C:\Users\vkhan\.gradle\wrapper\dists\gradle-8.0-bin\ca5e32bp14vu59qr306oxotwh\gradle-8.0\lib\gradle-launcher-8.0.jar
Launcher Type: SUN_STANDARD

[Global flags]
     intx CICompilerCount                          = 4                                         {product} {ergonomic}
     uint ConcGCThreads                            = 2                                         {product} {ergonomic}
     uint G1ConcRefinementThreads                  = 8                                         {product} {ergonomic}
   size_t G1HeapRegionSize                         = 1048576                                   {product} {ergonomic}
    uintx GCDrainStackTargetSize                   = 64                                        {product} {ergonomic}
   size_t InitialHeapSize                          = 132120576                                 {product} {ergonomic}
   size_t MarkStackSize                            = 4194304                                   {product} {ergonomic}
   size_t MaxHeapSize                              = 2147483648                                {product} {command line}
   size_t MaxNewSize                               = 1287651328                                {product} {ergonomic}
   size_t MinHeapDeltaBytes                        = 1048576                                   {product} {ergonomic}
   size_t MinHeapSize                              = 8388608                                   {product} {ergonomic}
    uintx NonNMethodCodeHeapSize                   = 5839372                                {pd product} {ergonomic}
    uintx NonProfiledCodeHeapSize                  = 122909434                              {pd product} {ergonomic}
    uintx ProfiledCodeHeapSize                     = 122909434                              {pd product} {ergonomic}
    uintx ReservedCodeCacheSize                    = 251658240                              {pd product} {ergonomic}
     bool SegmentedCodeCache                       = true                                      {product} {ergonomic}
   size_t SoftMaxHeapSize                          = 2147483648                             {manageable} {ergonomic}
     bool UseCompressedClassPointers               = true                           {product lp64_product} {ergonomic}
     bool UseCompressedOops                        = true                           {product lp64_product} {ergonomic}
     bool UseG1GC                                  = true                                      {product} {ergonomic}
     bool UseLargePagesIndividualAllocation        = false                                  {pd product} {ergonomic}

Logging:
Log output configuration:
 #0: stdout all=warning uptime,level,tags
 #1: stderr all=off uptime,level,tags

Environment Variables:
PATH=C:\Program Files\Common Files\Oracle\Java\javapath;C:\Program Files (x86)\Common Files\Oracle\Java\javapath;C:\WINDOWS\system32;C:\WINDOWS;C:\WINDOWS\System32\Wbem;C:\WINDOWS\System32\WindowsPowerShell\v1.0\;C:\WINDOWS\System32\OpenSSH\;C:\Program Files\Microsoft SQL Server\Client SDK\ODBC\170\Tools\Binn\;C:\Program Files (x86)\Microsoft SQL Server\150\Tools\Binn\;C:\Program Files\Microsoft SQL Server\150\Tools\Binn\;C:\Program Files\Microsoft SQL Server\150\DTS\Binn\;C:\Program Files (x86)\Microsoft SQL Server\160\DTS\Binn\;C:\Program Files\Azure Data Studio\bin;C:\Program Files\Git\cmd;C:\Program Files\nodejs\;C:\Users\vkhan\AppData\Local\Programs\Python\Python311\Scripts\;C:\Users\vkhan\AppData\Local\Programs\Python\Python311\;C:\Users\vkhan\AppData\Local\Microsoft\WindowsApps;C:\Users\vkhan\AppData\Local\Programs\Microsoft VS Code\bin;C:\Program Files\Azure Data Studio\bin;C:\Users\vkhan\AppData\Roaming\npm;C:\Program Files\nodejs;
USERNAME=Admin
OS=Windows_NT
PROCESSOR_IDENTIFIER=Intel64 Family 6 Model 126 Stepping 5, GenuineIntel
TMP=C:\Users\vkhan\AppData\Local\Temp
TEMP=C:\Users\vkhan\AppData\Local\Temp



---------------  S Y S T E M  ---------------

OS:
 Windows 10 , 64 bit Build 19041 (10.0.19041.3570)
OS uptime: 5 days 19:53 hours

CPU: total 8 (initial active 8) (4 cores per cpu, 2 threads per core) family 6 model 126 stepping 5 microcode 0xbc, cx8, cmov, fxsr, ht, mmx, 3dnowpref, sse, sse2, sse3, ssse3, sse4.1, sse4.2, popcnt, lzcnt, tsc, tscinvbit, avx, avx2, aes, erms, clmul, bmi1, bmi2, adx, avx512f, avx512dq, avx512cd, avx512bw, avx512vl, sha, fma, vzeroupper, avx512_vpopcntdq, avx512_vpclmulqdq, avx512_vaes, avx512_vnni, clflush, clflushopt, avx512_vbmi2, avx512_vbmi

Memory: 4k page, system-wide physical 7959M (320M free)
TotalPageFile size 20759M (AvailPageFile size 154M)
current process WorkingSet (physical memory assigned to process): 349M, peak: 520M
current process commit charge ("private bytes"): 581M, peak: 974M

vm_info: OpenJDK 64-Bit Server VM (17.0.6+0-b2043.56-9586694) for windows-amd64 JRE (17.0.6+0-b2043.56-9586694), built on Feb  9 2023 20:06:20 by "androidbuild" with MS VC++ 16.10 / 16.11 (VS2019)

END.
