#
# There is insufficient memory for the Java Runtime Environment to continue.
# Native memory allocation (mmap) failed to map 171966464 bytes for G1 virtual space
# Possible reasons:
#   The system is out of physical RAM or swap space
#   The process is running with CompressedOops enabled, and the Java Heap may be blocking the growth of the native heap
# Possible solutions:
#   Reduce memory load on the system
#   Increase physical memory or swap space
#   Check if swap backing store is full
#   Decrease Java heap size (-Xmx/-Xms)
#   Decrease number of Java threads
#   Decrease Java thread stack sizes (-Xss)
#   Set larger code cache with -XX:ReservedCodeCacheSize=
#   JVM is running with Unscaled Compressed Oops mode in which the Java heap is
#     placed in the first 4GB address space. The Java Heap base address is the
#     maximum limit for the native heap growth. Please use -XX:HeapBaseMinAddress
#     to set the Java Heap base and to place the Java Heap above 4GB virtual address.
# This output file may be truncated or incomplete.
#
#  Out of Memory Error (os_windows.cpp:3769), pid=20044, tid=4848
#
# JRE version: OpenJDK Runtime Environment (17.0.6) (build 17.0.6+0-b2043.56-9586694)
# Java VM: OpenJDK 64-Bit Server VM (17.0.6+0-b2043.56-9586694, mixed mode, tiered, compressed oops, compressed class ptrs, g1 gc, windows-amd64)
# No core dump will be written. Minidumps are not enabled by default on client versions of Windows
#

---------------  S U M M A R Y ------------

Command Line: --add-opens=java.base/java.util=ALL-UNNAMED --add-opens=java.base/java.lang=ALL-UNNAMED --add-opens=java.base/java.lang.invoke=ALL-UNNAMED --add-opens=java.prefs/java.util.prefs=ALL-UNNAMED --add-opens=java.base/java.nio.charset=ALL-UNNAMED --add-opens=java.base/java.net=ALL-UNNAMED --add-opens=java.base/java.util.concurrent.atomic=ALL-UNNAMED -Xmx2048m -Dfile.encoding=UTF-8 -Duser.country=US -Duser.language=en -Duser.variant org.gradle.launcher.daemon.bootstrap.GradleDaemon 8.0

Host: Intel(R) Core(TM) i5-1035G1 CPU @ 1.00GHz, 8 cores, 7G,  Windows 10 , 64 bit Build 19041 (10.0.19041.3570)
Time: Sun Nov 12 14:49:05 2023 SE Asia Standard Time elapsed time: 17.911010 seconds (0d 0h 0m 17s)

---------------  T H R E A D  ---------------

Current thread (0x00000268254ad080):  VMThread "VM Thread" [stack: 0x000000a926900000,0x000000a926a00000] [id=4848]

Stack: [0x000000a926900000,0x000000a926a00000]
Native frames: (J=compiled Java code, j=interpreted, Vv=VM code, C=native code)
V  [jvm.dll+0x683b4a]
V  [jvm.dll+0x842654]
V  [jvm.dll+0x843dfe]
V  [jvm.dll+0x844463]
V  [jvm.dll+0x249b75]
V  [jvm.dll+0x680a19]
V  [jvm.dll+0x674f0a]
V  [jvm.dll+0x309acb]
V  [jvm.dll+0x310f86]
V  [jvm.dll+0x3608ee]
V  [jvm.dll+0x360b1f]
V  [jvm.dll+0x2dfbf8]
V  [jvm.dll+0x2ddec4]
V  [jvm.dll+0x2dd4cc]
V  [jvm.dll+0x321f3b]
V  [jvm.dll+0x84893b]
V  [jvm.dll+0x849674]
V  [jvm.dll+0x849b8d]
V  [jvm.dll+0x849f64]
V  [jvm.dll+0x84a030]
V  [jvm.dll+0x7f25fa]
V  [jvm.dll+0x682985]
C  [ucrtbase.dll+0x21bb2]
C  [KERNEL32.DLL+0x17344]
C  [ntdll.dll+0x526b1]

VM_Operation (0x000000a92f5f9cb0): G1CollectForAllocation, mode: safepoint, requested by thread 0x000002682a8a9110


---------------  P R O C E S S  ---------------

Threads class SMR info:
_java_thread_list=0x0000026828e88100, length=136, elements={
0x000002680b659db0, 0x00000268254e6250, 0x00000268254b09d0, 0x00000268260217b0,
0x0000026826024180, 0x0000026826026a50, 0x0000026826027920, 0x0000026826028510,
0x00000268260345e0, 0x00000268260352e0, 0x00000268261a8690, 0x00000268261b8e30,
0x00000268270eaa40, 0x00000268270e7ef0, 0x00000268270e7a20, 0x00000268270e8890,
0x00000268270e9700, 0x00000268270e7550, 0x0000026828a43370, 0x0000026828a43840,
0x0000026828a429d0, 0x0000026828a47200, 0x0000026828a48540, 0x0000026828a42ea0,
0x0000026828a43d10, 0x0000026828a48ee0, 0x0000026828a45520, 0x0000026828a48a10,
0x0000026828a46860, 0x000002682b8fa8b0, 0x000002682b8f6080, 0x000002682b8f3a00,
0x000002682b8f7d60, 0x000002682b8f56e0, 0x000002682b8fa3e0, 0x000002682b8f43a0,
0x000002682b8f3ed0, 0x000002682b8f6550, 0x000002682b8f73c0, 0x000002682b8f8bd0,
0x000002682b8f6a20, 0x000002682b8f6ef0, 0x000002682b8f4870, 0x000002682b8f9570,
0x000002682b8f9a40, 0x00000268270e9bd0, 0x00000268270ea0a0, 0x00000268270e83c0,
0x00000268270ea570, 0x0000026828a459f0, 0x0000026828a45ec0, 0x0000026828a42030,
0x0000026828a42500, 0x0000026828a48070, 0x000002682ace30b0, 0x000002682ace43f0,
0x000002682ace13d0, 0x000002682acdf6f0, 0x000002682acdf220, 0x000002682acdfbc0,
0x000002682acddee0, 0x000002682ace3f20, 0x000002682acde880, 0x000002682acded50,
0x000002682acde3b0, 0x000002682ace0090, 0x000002682ace2240, 0x000002682ace0560,
0x000002682ace0a30, 0x000002682acdda10, 0x000002682ace0f00, 0x000002682ace2710,
0x000002682ace48c0, 0x000002682ace1d70, 0x000002682ace3580, 0x000002682ace18a0,
0x000002682ace4d90, 0x000002682ace3a50, 0x000002682ace2be0, 0x000002682ace5260,
0x000002682b4b1870, 0x000002682b4b2210, 0x000002682b4b2bb0, 0x000002682b4b0ed0,
0x000002682b4b13a0, 0x000002682b4b1d40, 0x000002682b4b26e0, 0x000002682b4b0530,
0x000002682b4b3080, 0x000002682b4b0a00, 0x000002682b4b0060, 0x000002682b4b3550,
0x000002682b4b3a20, 0x000002682b3a8870, 0x000002682b3a8d40, 0x000002682b3aa080,
0x000002682b3a9210, 0x000002682b3a83a0, 0x000002682b3aaa20, 0x000002682b3a7060,
0x000002682b3a96e0, 0x000002682b3a9bb0, 0x000002682b3a7530, 0x000002682b3aa550,
0x000002682b3a7a00, 0x000002682b3a7ed0, 0x000002682e8bd6d0, 0x000002682e8bb9f0,
0x000002682e8be070, 0x000002682e8bc860, 0x000002682e8bb050, 0x000002682e8be540,
0x000002682e8bb520, 0x000002682e8bea10, 0x000002682e8bcd30, 0x000002682e8bdba0,
0x000002682e8bbec0, 0x000002682e8bd200, 0x000002682e8bc390, 0x000002682a8a8770,
0x000002682a8a7900, 0x000002682a8a9f80, 0x000002682a8a7dd0, 0x000002682a8a7430,
0x000002682a8a9ab0, 0x000002682a8ad940, 0x000002682a8a82a0, 0x000002682a8aa450,
0x000002682a8a8c40, 0x000002682a8aadf0, 0x000002682a8a9110, 0x000002682a8ab2c0,
0x000002682a8a95e0, 0x000002682a8ade10, 0x000002682a8acfa0, 0x000002682a8acad0
}

Java Threads: ( => current thread )
  0x000002680b659db0 JavaThread "main" [_thread_blocked, id=8284, stack(0x000000a926300000,0x000000a926400000)]
  0x00000268254e6250 JavaThread "Reference Handler" daemon [_thread_blocked, id=17932, stack(0x000000a926a00000,0x000000a926b00000)]
  0x00000268254b09d0 JavaThread "Finalizer" daemon [_thread_blocked, id=15284, stack(0x000000a926b00000,0x000000a926c00000)]
  0x00000268260217b0 JavaThread "Signal Dispatcher" daemon [_thread_blocked, id=6608, stack(0x000000a926c00000,0x000000a926d00000)]
  0x0000026826024180 JavaThread "Attach Listener" daemon [_thread_blocked, id=9200, stack(0x000000a926d00000,0x000000a926e00000)]
  0x0000026826026a50 JavaThread "Service Thread" daemon [_thread_blocked, id=10036, stack(0x000000a926e00000,0x000000a926f00000)]
  0x0000026826027920 JavaThread "Monitor Deflation Thread" daemon [_thread_blocked, id=5752, stack(0x000000a926f00000,0x000000a927000000)]
  0x0000026826028510 JavaThread "C2 CompilerThread0" daemon [_thread_blocked, id=13468, stack(0x000000a927000000,0x000000a927100000)]
  0x00000268260345e0 JavaThread "C1 CompilerThread0" daemon [_thread_blocked, id=8120, stack(0x000000a927100000,0x000000a927200000)]
  0x00000268260352e0 JavaThread "Sweeper thread" daemon [_thread_blocked, id=5092, stack(0x000000a927200000,0x000000a927300000)]
  0x00000268261a8690 JavaThread "Common-Cleaner" daemon [_thread_blocked, id=8424, stack(0x000000a927300000,0x000000a927400000)]
  0x00000268261b8e30 JavaThread "Notification Thread" daemon [_thread_blocked, id=12132, stack(0x000000a927400000,0x000000a927500000)]
  0x00000268270eaa40 JavaThread "Daemon health stats" [_thread_blocked, id=10748, stack(0x000000a927b00000,0x000000a927c00000)]
  0x00000268270e7ef0 JavaThread "Incoming local TCP Connector on port 62716" [_thread_in_native, id=16140, stack(0x000000a927c00000,0x000000a927d00000)]
  0x00000268270e7a20 JavaThread "Daemon periodic checks" [_thread_blocked, id=20728, stack(0x000000a927d00000,0x000000a927e00000)]
  0x00000268270e8890 JavaThread "Daemon" [_thread_blocked, id=4964, stack(0x000000a927e00000,0x000000a927f00000)]
  0x00000268270e9700 JavaThread "Daemon worker" [_thread_blocked, id=16064, stack(0x000000a928100000,0x000000a928200000)]
  0x00000268270e7550 JavaThread "Cache worker for journal cache (C:\Users\vkhan\.gradle\caches\journal-1)" [_thread_blocked, id=19572, stack(0x000000a928900000,0x000000a928a00000)]
  0x0000026828a43370 JavaThread "File lock request listener" [_thread_in_native, id=19840, stack(0x000000a928a00000,0x000000a928b00000)]
  0x0000026828a43840 JavaThread "Cache worker for file hash cache (C:\Users\vkhan\.gradle\caches\8.0\fileHashes)" [_thread_blocked, id=2040, stack(0x000000a928b00000,0x000000a928c00000)]
  0x0000026828a429d0 JavaThread "File watcher server" daemon [_thread_blocked, id=2340, stack(0x000000a928c00000,0x000000a928d00000)]
  0x0000026828a47200 JavaThread "File watcher consumer" daemon [_thread_blocked, id=12436, stack(0x000000a928d00000,0x000000a928e00000)]
  0x0000026828a48540 JavaThread "Cache worker for file content cache (C:\Users\vkhan\.gradle\caches\8.0\fileContent)" [_thread_blocked, id=8744, stack(0x000000a929000000,0x000000a929100000)]
  0x0000026828a42ea0 JavaThread "Cache worker for execution history cache (C:\Users\vkhan\.gradle\caches\8.0\executionHistory)" [_thread_blocked, id=13328, stack(0x000000a929300000,0x000000a929400000)]
  0x0000026828a43d10 JavaThread "jar transforms" [_thread_blocked, id=10760, stack(0x000000a929400000,0x000000a929500000)]
  0x0000026828a48ee0 JavaThread "jar transforms Thread 2" [_thread_blocked, id=7964, stack(0x000000a929500000,0x000000a929600000)]
  0x0000026828a45520 JavaThread "jar transforms Thread 3" [_thread_blocked, id=19020, stack(0x000000a929700000,0x000000a929800000)]
  0x0000026828a48a10 JavaThread "jar transforms Thread 4" [_thread_blocked, id=7204, stack(0x000000a929800000,0x000000a929900000)]
  0x0000026828a46860 JavaThread "jar transforms Thread 5" [_thread_blocked, id=4892, stack(0x000000a929a00000,0x000000a929b00000)]
  0x000002682b8fa8b0 JavaThread "jar transforms Thread 6" [_thread_blocked, id=22128, stack(0x000000a92ec00000,0x000000a92ed00000)]
  0x000002682b8f6080 JavaThread "jar transforms Thread 7" [_thread_blocked, id=17180, stack(0x000000a92ed00000,0x000000a92ee00000)]
  0x000002682b8f3a00 JavaThread "jar transforms Thread 8" [_thread_blocked, id=11700, stack(0x000000a92ee00000,0x000000a92ef00000)]
  0x000002682b8f7d60 JavaThread "Memory manager" [_thread_blocked, id=12844, stack(0x000000a92f000000,0x000000a92f100000)]
  0x000002682b8f56e0 JavaThread "included builds" [_thread_blocked, id=17592, stack(0x000000a92f100000,0x000000a92f200000)]
  0x000002682b8fa3e0 JavaThread "Handler for socket connection from /127.0.0.1:62716 to /127.0.0.1:62730" [_thread_in_native, id=3132, stack(0x000000a927600000,0x000000a927700000)]
  0x000002682b8f43a0 JavaThread "Cancel handler" [_thread_blocked, id=11428, stack(0x000000a927f00000,0x000000a928000000)]
  0x000002682b8f3ed0 JavaThread "Asynchronous log dispatcher for DefaultDaemonConnection: socket connection from /127.0.0.1:62716 to /127.0.0.1:62730" [_thread_blocked, id=3120, stack(0x000000a928000000,0x000000a928100000)]
  0x000002682b8f6550 JavaThread "Stdin handler" [_thread_blocked, id=6732, stack(0x000000a928200000,0x000000a928300000)]
  0x000002682b8f73c0 JavaThread "Daemon client event forwarder" [_thread_blocked, id=1164, stack(0x000000a928300000,0x000000a928400000)]
  0x000002682b8f8bd0 JavaThread "Cache worker for checksums cache (D:\LUANVAN\LV_QuanLiQuanAn\QuanLyQuanAn0609\.gradle\8.0\checksums)" [_thread_blocked, id=21524, stack(0x000000a928400000,0x000000a928500000)]
  0x000002682b8f6a20 JavaThread "Cache worker for cache directory md-rule (C:\Users\vkhan\.gradle\caches\8.0\md-rule)" [_thread_blocked, id=15072, stack(0x000000a928e00000,0x000000a928f00000)]
  0x000002682b8f6ef0 JavaThread "Cache worker for file hash cache (D:\LUANVAN\LV_QuanLiQuanAn\QuanLyQuanAn0609\.gradle\8.0\fileHashes)" [_thread_blocked, id=10584, stack(0x000000a928f00000,0x000000a929000000)]
  0x000002682b8f4870 JavaThread "Cache worker for cache directory md-supplier (C:\Users\vkhan\.gradle\caches\8.0\md-supplier)" [_thread_blocked, id=2556, stack(0x000000a929100000,0x000000a929200000)]
  0x000002682b8f9570 JavaThread "Cache worker for dependencies-accessors (D:\LUANVAN\LV_QuanLiQuanAn\QuanLyQuanAn0609\.gradle\8.0\dependencies-accessors)" [_thread_blocked, id=3316, stack(0x000000a929200000,0x000000a929300000)]
  0x000002682b8f9a40 JavaThread "Cache worker for Build Output Cleanup Cache (D:\LUANVAN\LV_QuanLiQuanAn\QuanLyQuanAn0609\.gradle\buildOutputCleanup)" [_thread_blocked, id=8016, stack(0x000000a929900000,0x000000a929a00000)]
  0x00000268270e9bd0 JavaThread "Unconstrained build operations" [_thread_blocked, id=11144, stack(0x000000a929b00000,0x000000a929c00000)]
  0x00000268270ea0a0 JavaThread "Unconstrained build operations Thread 2" [_thread_blocked, id=18548, stack(0x000000a929c00000,0x000000a929d00000)]
  0x00000268270e83c0 JavaThread "Unconstrained build operations Thread 3" [_thread_blocked, id=3048, stack(0x000000a929d00000,0x000000a929e00000)]
  0x00000268270ea570 JavaThread "Unconstrained build operations Thread 4" [_thread_blocked, id=17548, stack(0x000000a929e00000,0x000000a929f00000)]
  0x0000026828a459f0 JavaThread "Unconstrained build operations Thread 5" [_thread_blocked, id=13888, stack(0x000000a929f00000,0x000000a92a000000)]
  0x0000026828a45ec0 JavaThread "Unconstrained build operations Thread 6" [_thread_blocked, id=2472, stack(0x000000a92a000000,0x000000a92a100000)]
  0x0000026828a42030 JavaThread "Unconstrained build operations Thread 7" [_thread_blocked, id=5272, stack(0x000000a92a100000,0x000000a92a200000)]
  0x0000026828a42500 JavaThread "Unconstrained build operations Thread 8" [_thread_blocked, id=3372, stack(0x000000a92a200000,0x000000a92a300000)]
  0x0000026828a48070 JavaThread "Unconstrained build operations Thread 9" [_thread_blocked, id=17892, stack(0x000000a92a300000,0x000000a92a400000)]
  0x000002682ace30b0 JavaThread "Unconstrained build operations Thread 10" [_thread_blocked, id=17836, stack(0x000000a92a400000,0x000000a92a500000)]
  0x000002682ace43f0 JavaThread "Unconstrained build operations Thread 11" [_thread_blocked, id=12276, stack(0x000000a92a500000,0x000000a92a600000)]
  0x000002682ace13d0 JavaThread "Unconstrained build operations Thread 12" [_thread_blocked, id=14160, stack(0x000000a92a600000,0x000000a92a700000)]
  0x000002682acdf6f0 JavaThread "Unconstrained build operations Thread 13" [_thread_blocked, id=5632, stack(0x000000a92a700000,0x000000a92a800000)]
  0x000002682acdf220 JavaThread "Unconstrained build operations Thread 14" [_thread_blocked, id=12012, stack(0x000000a92a800000,0x000000a92a900000)]
  0x000002682acdfbc0 JavaThread "Unconstrained build operations Thread 15" [_thread_blocked, id=8636, stack(0x000000a92a900000,0x000000a92aa00000)]
  0x000002682acddee0 JavaThread "Unconstrained build operations Thread 16" [_thread_blocked, id=1112, stack(0x000000a92aa00000,0x000000a92ab00000)]
  0x000002682ace3f20 JavaThread "Unconstrained build operations Thread 17" [_thread_blocked, id=4936, stack(0x000000a92ab00000,0x000000a92ac00000)]
  0x000002682acde880 JavaThread "Unconstrained build operations Thread 18" [_thread_blocked, id=11916, stack(0x000000a92ac00000,0x000000a92ad00000)]
  0x000002682acded50 JavaThread "Unconstrained build operations Thread 19" [_thread_blocked, id=22260, stack(0x000000a92ad00000,0x000000a92ae00000)]
  0x000002682acde3b0 JavaThread "Unconstrained build operations Thread 20" [_thread_blocked, id=8156, stack(0x000000a92ae00000,0x000000a92af00000)]
  0x000002682ace0090 JavaThread "Unconstrained build operations Thread 21" [_thread_blocked, id=8204, stack(0x000000a92af00000,0x000000a92b000000)]
  0x000002682ace2240 JavaThread "Unconstrained build operations Thread 22" [_thread_blocked, id=15220, stack(0x000000a92b000000,0x000000a92b100000)]
  0x000002682ace0560 JavaThread "Unconstrained build operations Thread 23" [_thread_blocked, id=15080, stack(0x000000a92b100000,0x000000a92b200000)]
  0x000002682ace0a30 JavaThread "Unconstrained build operations Thread 24" [_thread_blocked, id=13532, stack(0x000000a92b200000,0x000000a92b300000)]
  0x000002682acdda10 JavaThread "Unconstrained build operations Thread 25" [_thread_blocked, id=21832, stack(0x000000a92b300000,0x000000a92b400000)]
  0x000002682ace0f00 JavaThread "Unconstrained build operations Thread 26" [_thread_blocked, id=2248, stack(0x000000a92b400000,0x000000a92b500000)]
  0x000002682ace2710 JavaThread "Unconstrained build operations Thread 27" [_thread_blocked, id=15736, stack(0x000000a92b500000,0x000000a92b600000)]
  0x000002682ace48c0 JavaThread "Unconstrained build operations Thread 28" [_thread_blocked, id=18020, stack(0x000000a92b600000,0x000000a92b700000)]
  0x000002682ace1d70 JavaThread "Unconstrained build operations Thread 29" [_thread_blocked, id=15392, stack(0x000000a92b700000,0x000000a92b800000)]
  0x000002682ace3580 JavaThread "Unconstrained build operations Thread 30" [_thread_blocked, id=15336, stack(0x000000a92b800000,0x000000a92b900000)]
  0x000002682ace18a0 JavaThread "Unconstrained build operations Thread 31" [_thread_blocked, id=20368, stack(0x000000a92b900000,0x000000a92ba00000)]
  0x000002682ace4d90 JavaThread "Unconstrained build operations Thread 32" [_thread_blocked, id=14544, stack(0x000000a92ba00000,0x000000a92bb00000)]
  0x000002682ace3a50 JavaThread "Unconstrained build operations Thread 33" [_thread_blocked, id=12672, stack(0x000000a92bb00000,0x000000a92bc00000)]
  0x000002682ace2be0 JavaThread "Unconstrained build operations Thread 34" [_thread_blocked, id=15328, stack(0x000000a92bc00000,0x000000a92bd00000)]
  0x000002682ace5260 JavaThread "Unconstrained build operations Thread 35" [_thread_blocked, id=18188, stack(0x000000a92bd00000,0x000000a92be00000)]
  0x000002682b4b1870 JavaThread "Unconstrained build operations Thread 36" [_thread_blocked, id=10428, stack(0x000000a92be00000,0x000000a92bf00000)]
  0x000002682b4b2210 JavaThread "Unconstrained build operations Thread 37" [_thread_blocked, id=8848, stack(0x000000a92bf00000,0x000000a92c000000)]
  0x000002682b4b2bb0 JavaThread "Unconstrained build operations Thread 38" [_thread_blocked, id=11164, stack(0x000000a92c000000,0x000000a92c100000)]
  0x000002682b4b0ed0 JavaThread "Unconstrained build operations Thread 39" [_thread_blocked, id=10756, stack(0x000000a92c100000,0x000000a92c200000)]
  0x000002682b4b13a0 JavaThread "Unconstrained build operations Thread 40" [_thread_blocked, id=20632, stack(0x000000a92c200000,0x000000a92c300000)]
  0x000002682b4b1d40 JavaThread "Unconstrained build operations Thread 41" [_thread_blocked, id=10288, stack(0x000000a92c300000,0x000000a92c400000)]
  0x000002682b4b26e0 JavaThread "Unconstrained build operations Thread 42" [_thread_blocked, id=11680, stack(0x000000a92c400000,0x000000a92c500000)]
  0x000002682b4b0530 JavaThread "Unconstrained build operations Thread 43" [_thread_blocked, id=4116, stack(0x000000a92c500000,0x000000a92c600000)]
  0x000002682b4b3080 JavaThread "Unconstrained build operations Thread 44" [_thread_blocked, id=21840, stack(0x000000a92c600000,0x000000a92c700000)]
  0x000002682b4b0a00 JavaThread "Unconstrained build operations Thread 45" [_thread_blocked, id=10884, stack(0x000000a92c700000,0x000000a92c800000)]
  0x000002682b4b0060 JavaThread "Unconstrained build operations Thread 46" [_thread_blocked, id=19632, stack(0x000000a92c800000,0x000000a92c900000)]
  0x000002682b4b3550 JavaThread "Unconstrained build operations Thread 47" [_thread_blocked, id=15304, stack(0x000000a92c900000,0x000000a92ca00000)]
  0x000002682b4b3a20 JavaThread "Unconstrained build operations Thread 48" [_thread_blocked, id=15088, stack(0x000000a92ca00000,0x000000a92cb00000)]
  0x000002682b3a8870 JavaThread "Unconstrained build operations Thread 49" [_thread_blocked, id=17068, stack(0x000000a92cb00000,0x000000a92cc00000)]
  0x000002682b3a8d40 JavaThread "Unconstrained build operations Thread 50" [_thread_blocked, id=984, stack(0x000000a92cc00000,0x000000a92cd00000)]
  0x000002682b3aa080 JavaThread "Unconstrained build operations Thread 51" [_thread_blocked, id=21772, stack(0x000000a92cd00000,0x000000a92ce00000)]
  0x000002682b3a9210 JavaThread "Unconstrained build operations Thread 52" [_thread_blocked, id=19464, stack(0x000000a92ce00000,0x000000a92cf00000)]
  0x000002682b3a83a0 JavaThread "Unconstrained build operations Thread 53" [_thread_blocked, id=13844, stack(0x000000a92cf00000,0x000000a92d000000)]
  0x000002682b3aaa20 JavaThread "Unconstrained build operations Thread 54" [_thread_blocked, id=16316, stack(0x000000a92d000000,0x000000a92d100000)]
  0x000002682b3a7060 JavaThread "Unconstrained build operations Thread 55" [_thread_blocked, id=14112, stack(0x000000a92d100000,0x000000a92d200000)]
  0x000002682b3a96e0 JavaThread "Unconstrained build operations Thread 56" [_thread_blocked, id=10548, stack(0x000000a92d200000,0x000000a92d300000)]
  0x000002682b3a9bb0 JavaThread "Unconstrained build operations Thread 57" [_thread_blocked, id=11408, stack(0x000000a92d300000,0x000000a92d400000)]
  0x000002682b3a7530 JavaThread "Unconstrained build operations Thread 58" [_thread_blocked, id=18072, stack(0x000000a92d400000,0x000000a92d500000)]
  0x000002682b3aa550 JavaThread "Unconstrained build operations Thread 59" [_thread_blocked, id=18112, stack(0x000000a92d500000,0x000000a92d600000)]
  0x000002682b3a7a00 JavaThread "Unconstrained build operations Thread 60" [_thread_blocked, id=22276, stack(0x000000a92d600000,0x000000a92d700000)]
  0x000002682b3a7ed0 JavaThread "Unconstrained build operations Thread 61" [_thread_blocked, id=3232, stack(0x000000a92d700000,0x000000a92d800000)]
  0x000002682e8bd6d0 JavaThread "Unconstrained build operations Thread 62" [_thread_blocked, id=5896, stack(0x000000a92d800000,0x000000a92d900000)]
  0x000002682e8bb9f0 JavaThread "Unconstrained build operations Thread 63" [_thread_blocked, id=11684, stack(0x000000a92d900000,0x000000a92da00000)]
  0x000002682e8be070 JavaThread "Unconstrained build operations Thread 64" [_thread_blocked, id=11396, stack(0x000000a92da00000,0x000000a92db00000)]
  0x000002682e8bc860 JavaThread "Unconstrained build operations Thread 65" [_thread_blocked, id=6232, stack(0x000000a92db00000,0x000000a92dc00000)]
  0x000002682e8bb050 JavaThread "Unconstrained build operations Thread 66" [_thread_blocked, id=21728, stack(0x000000a92dc00000,0x000000a92dd00000)]
  0x000002682e8be540 JavaThread "Unconstrained build operations Thread 67" [_thread_blocked, id=21892, stack(0x000000a92dd00000,0x000000a92de00000)]
  0x000002682e8bb520 JavaThread "Unconstrained build operations Thread 68" [_thread_blocked, id=11016, stack(0x000000a92de00000,0x000000a92df00000)]
  0x000002682e8bea10 JavaThread "Unconstrained build operations Thread 69" [_thread_blocked, id=12700, stack(0x000000a92df00000,0x000000a92e000000)]
  0x000002682e8bcd30 JavaThread "Unconstrained build operations Thread 70" [_thread_blocked, id=3700, stack(0x000000a92e000000,0x000000a92e100000)]
  0x000002682e8bdba0 JavaThread "Unconstrained build operations Thread 71" [_thread_blocked, id=21380, stack(0x000000a92e100000,0x000000a92e200000)]
  0x000002682e8bbec0 JavaThread "Unconstrained build operations Thread 72" [_thread_blocked, id=1176, stack(0x000000a92e200000,0x000000a92e300000)]
  0x000002682e8bd200 JavaThread "Unconstrained build operations Thread 73" [_thread_blocked, id=21584, stack(0x000000a92e300000,0x000000a92e400000)]
  0x000002682e8bc390 JavaThread "Unconstrained build operations Thread 74" [_thread_blocked, id=9600, stack(0x000000a92e400000,0x000000a92e500000)]
  0x000002682a8a8770 JavaThread "Unconstrained build operations Thread 75" [_thread_blocked, id=6336, stack(0x000000a92e500000,0x000000a92e600000)]
  0x000002682a8a7900 JavaThread "Unconstrained build operations Thread 76" [_thread_blocked, id=1412, stack(0x000000a92e600000,0x000000a92e700000)]
  0x000002682a8a9f80 JavaThread "Unconstrained build operations Thread 77" [_thread_blocked, id=16200, stack(0x000000a92e700000,0x000000a92e800000)]
  0x000002682a8a7dd0 JavaThread "Unconstrained build operations Thread 78" [_thread_blocked, id=20912, stack(0x000000a92e800000,0x000000a92e900000)]
  0x000002682a8a7430 JavaThread "Unconstrained build operations Thread 79" [_thread_blocked, id=19224, stack(0x000000a92e900000,0x000000a92ea00000)]
  0x000002682a8a9ab0 JavaThread "Unconstrained build operations Thread 80" [_thread_blocked, id=2904, stack(0x000000a92ea00000,0x000000a92eb00000)]
  0x000002682a8ad940 JavaThread "build event listener" [_thread_blocked, id=18248, stack(0x000000a92eb00000,0x000000a92ec00000)]
  0x000002682a8a82a0 JavaThread "included builds" [_thread_blocked, id=13164, stack(0x000000a92ef00000,0x000000a92f000000)]
  0x000002682a8aa450 JavaThread "Execution worker" [_thread_blocked, id=16212, stack(0x000000a92f200000,0x000000a92f300000)]
  0x000002682a8a8c40 JavaThread "Execution worker Thread 2" [_thread_blocked, id=8280, stack(0x000000a92f300000,0x000000a92f400000)]
  0x000002682a8aadf0 JavaThread "Execution worker Thread 3" [_thread_blocked, id=9120, stack(0x000000a92f400000,0x000000a92f500000)]
  0x000002682a8a9110 JavaThread "Execution worker Thread 4" [_thread_blocked, id=2028, stack(0x000000a92f500000,0x000000a92f600000)]
  0x000002682a8ab2c0 JavaThread "Execution worker Thread 5" [_thread_blocked, id=14488, stack(0x000000a92f600000,0x000000a92f700000)]
  0x000002682a8a95e0 JavaThread "Execution worker Thread 6" [_thread_blocked, id=5656, stack(0x000000a92f700000,0x000000a92f800000)]
  0x000002682a8ade10 JavaThread "Execution worker Thread 7" [_thread_blocked, id=3216, stack(0x000000a92f800000,0x000000a92f900000)]
  0x000002682a8acfa0 JavaThread "Cache worker for execution history cache (D:\LUANVAN\LV_QuanLiQuanAn\QuanLyQuanAn0609\.gradle\8.0\executionHistory)" [_thread_blocked, id=17096, stack(0x000000a92f900000,0x000000a92fa00000)]
  0x000002682a8acad0 JavaThread "WorkerExecutor Queue" [_thread_blocked, id=9540, stack(0x000000a92fd00000,0x000000a92fe00000)]

Other Threads:
=>0x00000268254ad080 VMThread "VM Thread" [stack: 0x000000a926900000,0x000000a926a00000] [id=4848]
  0x00000268261ba310 WatcherThread [stack: 0x000000a927500000,0x000000a927600000] [id=15988]
  0x000002680b6b9090 GCTaskThread "GC Thread#0" [stack: 0x000000a926400000,0x000000a926500000] [id=16568]
  0x0000026826f544a0 GCTaskThread "GC Thread#1" [stack: 0x000000a927700000,0x000000a927800000] [id=15692]
  0x0000026826ca7150 GCTaskThread "GC Thread#2" [stack: 0x000000a927800000,0x000000a927900000] [id=16408]
  0x0000026826abf930 GCTaskThread "GC Thread#3" [stack: 0x000000a927900000,0x000000a927a00000] [id=9508]
  0x00000268274e3470 GCTaskThread "GC Thread#4" [stack: 0x000000a927a00000,0x000000a927b00000] [id=8904]
  0x0000026828738a80 GCTaskThread "GC Thread#5" [stack: 0x000000a928500000,0x000000a928600000] [id=13436]
  0x000002682877f500 GCTaskThread "GC Thread#6" [stack: 0x000000a928600000,0x000000a928700000] [id=9640]
  0x000002682894bc00 GCTaskThread "GC Thread#7" [stack: 0x000000a928700000,0x000000a928800000] [id=19992]
  0x000002680b6c9ee0 ConcurrentGCThread "G1 Main Marker" [stack: 0x000000a926500000,0x000000a926600000] [id=12124]
  0x000002680b6ca800 ConcurrentGCThread "G1 Conc#0" [stack: 0x000000a926600000,0x000000a926700000] [id=8944]
  0x000002682894beb0 ConcurrentGCThread "G1 Conc#1" [stack: 0x000000a928800000,0x000000a928900000] [id=14576]
  0x00000268253224c0 ConcurrentGCThread "G1 Refine#0" [stack: 0x000000a926700000,0x000000a926800000] [id=12448]
  0x0000026827408030 ConcurrentGCThread "G1 Refine#1" [stack: 0x000000a929600000,0x000000a929700000] [id=9012]
  0x00000268288ea4e0 ConcurrentGCThread "G1 Refine#2" [stack: 0x000000a92fa00000,0x000000a92fb00000] [id=2084]
  0x00000268288ea7c0 ConcurrentGCThread "G1 Refine#3" [stack: 0x000000a92fb00000,0x000000a92fc00000] [id=15548]
  0x00000268288eaaa0 ConcurrentGCThread "G1 Refine#4" [stack: 0x000000a92fc00000,0x000000a92fd00000] [id=22472]
  0x000002680b723030 ConcurrentGCThread "G1 Service" [stack: 0x000000a926800000,0x000000a926900000] [id=11424]

Threads with active compile tasks:
C2 CompilerThread0    17941 11749       4       org.apache.xerces.impl.XMLEntityScanner::scanLiteral (746 bytes)

VM state: at safepoint (normal execution)

VM Mutex/Monitor currently owned by a thread:  ([mutex/lock_event])
[0x00000268094eb250] Threads_lock - owner thread: 0x00000268254ad080
[0x00000268094eb370] Heap_lock - owner thread: 0x000002682a8a9110

Heap address: 0x0000000080000000, size: 2048 MB, Compressed Oops mode: 32-bit

CDS archive(s) not mapped
Compressed class space mapped at: 0x0000000100000000-0x0000000140000000, reserved size: 1073741824
Narrow klass base: 0x0000000000000000, Narrow klass shift: 3, Narrow klass range: 0x140000000

GC Precious Log:
 CPUs: 8 total, 8 available
 Memory: 7959M
 Large Page Support: Disabled
 NUMA Support: Disabled
 Compressed Oops: Enabled (32-bit)
 Heap Region Size: 1M
 Heap Min Capacity: 8M
 Heap Initial Capacity: 126M
 Heap Max Capacity: 2G
 Pre-touch: Disabled
 Parallel Workers: 8
 Concurrent Workers: 2
 Concurrent Refinement Workers: 8
 Periodic GC: Disabled

Heap:
 garbage-first heap   total 167936K, used 107715K [0x0000000080000000, 0x0000000100000000)
  region size 1024K, 6 young (6144K), 6 survivors (6144K)
 Metaspace       used 91348K, committed 92160K, reserved 1130496K
  class space    used 12368K, committed 12736K, reserved 1048576K

Heap Regions: E=young(eden), S=young(survivor), O=old, HS=humongous(starts), HC=humongous(continues), CS=collection set, F=free, OA=open archive, CA=closed archive, TAMS=top-at-mark-start (previous, next)
|   0|0x0000000080000000, 0x0000000080100000, 0x0000000080100000|100%|HS|  |TAMS 0x0000000080100000, 0x0000000080000000| Complete 
|   1|0x0000000080100000, 0x0000000080200000, 0x0000000080200000|100%|HC|  |TAMS 0x0000000080200000, 0x0000000080100000| Complete 
|   2|0x0000000080200000, 0x0000000080300000, 0x0000000080300000|100%|HC|  |TAMS 0x0000000080300000, 0x0000000080200000| Complete 
|   3|0x0000000080300000, 0x0000000080400000, 0x0000000080400000|100%|HC|  |TAMS 0x0000000080400000, 0x0000000080300000| Complete 
|   4|0x0000000080400000, 0x0000000080500000, 0x0000000080500000|100%| O|  |TAMS 0x0000000080500000, 0x0000000080400000| Untracked 
|   5|0x0000000080500000, 0x0000000080600000, 0x0000000080600000|100%| O|  |TAMS 0x0000000080600000, 0x0000000080500000| Untracked 
|   6|0x0000000080600000, 0x0000000080700000, 0x0000000080700000|100%| O|  |TAMS 0x0000000080700000, 0x0000000080600000| Untracked 
|   7|0x0000000080700000, 0x0000000080800000, 0x0000000080800000|100%| O|  |TAMS 0x0000000080800000, 0x0000000080700000| Untracked 
|   8|0x0000000080800000, 0x0000000080900000, 0x0000000080900000|100%| O|  |TAMS 0x0000000080900000, 0x0000000080800000| Untracked 
|   9|0x0000000080900000, 0x0000000080a00000, 0x0000000080a00000|100%| O|  |TAMS 0x0000000080a00000, 0x0000000080900000| Untracked 
|  10|0x0000000080a00000, 0x0000000080b00000, 0x0000000080b00000|100%| O|  |TAMS 0x0000000080b00000, 0x0000000080a00000| Untracked 
|  11|0x0000000080b00000, 0x0000000080c00000, 0x0000000080c00000|100%| O|  |TAMS 0x0000000080c00000, 0x0000000080b00000| Untracked 
|  12|0x0000000080c00000, 0x0000000080d00000, 0x0000000080d00000|100%| O|  |TAMS 0x0000000080d00000, 0x0000000080c00000| Untracked 
|  13|0x0000000080d00000, 0x0000000080e00000, 0x0000000080e00000|100%| O|  |TAMS 0x0000000080e00000, 0x0000000080d00000| Untracked 
|  14|0x0000000080e00000, 0x0000000080f00000, 0x0000000080f00000|100%| O|  |TAMS 0x0000000080f00000, 0x0000000080e00000| Untracked 
|  15|0x0000000080f00000, 0x0000000081000000, 0x0000000081000000|100%| O|  |TAMS 0x0000000081000000, 0x0000000080f00000| Untracked 
|  16|0x0000000081000000, 0x0000000081100000, 0x0000000081100000|100%| O|  |TAMS 0x0000000081100000, 0x0000000081000000| Untracked 
|  17|0x0000000081100000, 0x0000000081200000, 0x0000000081200000|100%| O|  |TAMS 0x0000000081200000, 0x0000000081100000| Untracked 
|  18|0x0000000081200000, 0x0000000081300000, 0x0000000081300000|100%| O|  |TAMS 0x0000000081300000, 0x0000000081200000| Untracked 
|  19|0x0000000081300000, 0x0000000081400000, 0x0000000081400000|100%| O|  |TAMS 0x0000000081400000, 0x0000000081300000| Untracked 
|  20|0x0000000081400000, 0x0000000081500000, 0x0000000081500000|100%| O|  |TAMS 0x0000000081500000, 0x0000000081400000| Untracked 
|  21|0x0000000081500000, 0x0000000081600000, 0x0000000081600000|100%| O|  |TAMS 0x0000000081600000, 0x0000000081500000| Untracked 
|  22|0x0000000081600000, 0x0000000081700000, 0x0000000081700000|100%| O|  |TAMS 0x0000000081600000, 0x0000000081600000| Untracked 
|  23|0x0000000081700000, 0x0000000081800000, 0x0000000081800000|100%| O|  |TAMS 0x0000000081800000, 0x0000000081700000| Untracked 
|  24|0x0000000081800000, 0x0000000081900000, 0x0000000081900000|100%| O|  |TAMS 0x0000000081900000, 0x0000000081800000| Untracked 
|  25|0x0000000081900000, 0x0000000081a00000, 0x0000000081a00000|100%| O|  |TAMS 0x0000000081a00000, 0x0000000081900000| Untracked 
|  26|0x0000000081a00000, 0x0000000081b00000, 0x0000000081b00000|100%| O|  |TAMS 0x0000000081b00000, 0x0000000081a00000| Untracked 
|  27|0x0000000081b00000, 0x0000000081c00000, 0x0000000081c00000|100%| O|  |TAMS 0x0000000081c00000, 0x0000000081b00000| Untracked 
|  28|0x0000000081c00000, 0x0000000081d00000, 0x0000000081d00000|100%| O|  |TAMS 0x0000000081d00000, 0x0000000081c00000| Untracked 
|  29|0x0000000081d00000, 0x0000000081e00000, 0x0000000081e00000|100%| O|  |TAMS 0x0000000081e00000, 0x0000000081d00000| Untracked 
|  30|0x0000000081e00000, 0x0000000081f00000, 0x0000000081f00000|100%| O|  |TAMS 0x0000000081f00000, 0x0000000081e00000| Untracked 
|  31|0x0000000081f00000, 0x0000000082000000, 0x0000000082000000|100%| O|  |TAMS 0x0000000082000000, 0x0000000081f00000| Untracked 
|  32|0x0000000082000000, 0x0000000082100000, 0x0000000082100000|100%| O|  |TAMS 0x0000000082100000, 0x0000000082000000| Untracked 
|  33|0x0000000082100000, 0x0000000082200000, 0x0000000082200000|100%| O|  |TAMS 0x0000000082200000, 0x0000000082100000| Untracked 
|  34|0x0000000082200000, 0x0000000082300000, 0x0000000082300000|100%| O|  |TAMS 0x0000000082200000, 0x0000000082200000| Untracked 
|  35|0x0000000082300000, 0x0000000082400000, 0x0000000082400000|100%|HS|  |TAMS 0x0000000082400000, 0x0000000082300000| Complete 
|  36|0x0000000082400000, 0x0000000082500000, 0x0000000082500000|100%|HS|  |TAMS 0x0000000082500000, 0x0000000082400000| Complete 
|  37|0x0000000082500000, 0x0000000082600000, 0x0000000082600000|100%| O|  |TAMS 0x0000000082600000, 0x0000000082500000| Untracked 
|  38|0x0000000082600000, 0x0000000082700000, 0x0000000082700000|100%| O|  |TAMS 0x0000000082700000, 0x0000000082600000| Untracked 
|  39|0x0000000082700000, 0x0000000082800000, 0x0000000082800000|100%| O|  |TAMS 0x0000000082800000, 0x0000000082700000| Untracked 
|  40|0x0000000082800000, 0x0000000082900000, 0x0000000082900000|100%| O|  |TAMS 0x0000000082900000, 0x0000000082800000| Untracked 
|  41|0x0000000082900000, 0x0000000082a00000, 0x0000000082a00000|100%| O|  |TAMS 0x0000000082a00000, 0x0000000082900000| Untracked 
|  42|0x0000000082a00000, 0x0000000082b00000, 0x0000000082b00000|100%| O|  |TAMS 0x0000000082b00000, 0x0000000082a00000| Untracked 
|  43|0x0000000082b00000, 0x0000000082c00000, 0x0000000082c00000|100%| O|  |TAMS 0x0000000082c00000, 0x0000000082b00000| Untracked 
|  44|0x0000000082c00000, 0x0000000082d00000, 0x0000000082d00000|100%| O|  |TAMS 0x0000000082d00000, 0x0000000082c00000| Untracked 
|  45|0x0000000082d00000, 0x0000000082e00000, 0x0000000082e00000|100%| O|  |TAMS 0x0000000082e00000, 0x0000000082d00000| Untracked 
|  46|0x0000000082e00000, 0x0000000082f00000, 0x0000000082f00000|100%| O|  |TAMS 0x0000000082f00000, 0x0000000082e00000| Untracked 
|  47|0x0000000082f00000, 0x0000000083000000, 0x0000000083000000|100%| O|  |TAMS 0x0000000083000000, 0x0000000082f00000| Untracked 
|  48|0x0000000083000000, 0x0000000083100000, 0x0000000083100000|100%| O|  |TAMS 0x0000000083100000, 0x0000000083000000| Untracked 
|  49|0x0000000083100000, 0x0000000083200000, 0x0000000083200000|100%| O|  |TAMS 0x0000000083200000, 0x0000000083100000| Untracked 
|  50|0x0000000083200000, 0x0000000083300000, 0x0000000083300000|100%| O|  |TAMS 0x0000000083300000, 0x0000000083200000| Untracked 
|  51|0x0000000083300000, 0x0000000083400000, 0x0000000083400000|100%| O|  |TAMS 0x0000000083400000, 0x0000000083300000| Untracked 
|  52|0x0000000083400000, 0x0000000083500000, 0x0000000083500000|100%| O|  |TAMS 0x0000000083500000, 0x0000000083400000| Untracked 
|  53|0x0000000083500000, 0x0000000083600000, 0x0000000083600000|100%| O|  |TAMS 0x0000000083600000, 0x0000000083500000| Untracked 
|  54|0x0000000083600000, 0x0000000083700000, 0x0000000083700000|100%| O|  |TAMS 0x0000000083700000, 0x0000000083600000| Untracked 
|  55|0x0000000083700000, 0x0000000083800000, 0x0000000083800000|100%| O|  |TAMS 0x0000000083800000, 0x0000000083700000| Untracked 
|  56|0x0000000083800000, 0x0000000083800000, 0x0000000083900000|  0%| F|  |TAMS 0x0000000083800000, 0x0000000083800000| Untracked 
|  57|0x0000000083900000, 0x0000000083a00000, 0x0000000083a00000|100%| O|  |TAMS 0x0000000083a00000, 0x0000000083900000| Untracked 
|  58|0x0000000083a00000, 0x0000000083b00000, 0x0000000083b00000|100%| O|  |TAMS 0x0000000083b00000, 0x0000000083a00000| Untracked 
|  59|0x0000000083b00000, 0x0000000083c00000, 0x0000000083c00000|100%| O|  |TAMS 0x0000000083c00000, 0x0000000083b00000| Untracked 
|  60|0x0000000083c00000, 0x0000000083d00000, 0x0000000083d00000|100%| O|  |TAMS 0x0000000083d00000, 0x0000000083c00000| Untracked 
|  61|0x0000000083d00000, 0x0000000083e00000, 0x0000000083e00000|100%| O|  |TAMS 0x0000000083e00000, 0x0000000083d00000| Untracked 
|  62|0x0000000083e00000, 0x0000000083f00000, 0x0000000083f00000|100%| O|  |TAMS 0x0000000083f00000, 0x0000000083e00000| Untracked 
|  63|0x0000000083f00000, 0x0000000083f00000, 0x0000000084000000|  0%| F|  |TAMS 0x0000000083f00000, 0x0000000083f00000| Untracked 
|  64|0x0000000084000000, 0x0000000084100000, 0x0000000084100000|100%| O|  |TAMS 0x0000000084000000, 0x0000000084000000| Untracked 
|  65|0x0000000084100000, 0x0000000084200000, 0x0000000084200000|100%| O|  |TAMS 0x0000000084200000, 0x0000000084100000| Untracked 
|  66|0x0000000084200000, 0x0000000084300000, 0x0000000084300000|100%| O|  |TAMS 0x0000000084300000, 0x0000000084200000| Untracked 
|  67|0x0000000084300000, 0x0000000084400000, 0x0000000084400000|100%| O|  |TAMS 0x0000000084400000, 0x0000000084300000| Untracked 
|  68|0x0000000084400000, 0x0000000084500000, 0x0000000084500000|100%| O|  |TAMS 0x0000000084500000, 0x0000000084400000| Untracked 
|  69|0x0000000084500000, 0x0000000084600000, 0x0000000084600000|100%| O|  |TAMS 0x0000000084600000, 0x0000000084500000| Untracked 
|  70|0x0000000084600000, 0x0000000084700000, 0x0000000084700000|100%| O|  |TAMS 0x0000000084700000, 0x0000000084600000| Untracked 
|  71|0x0000000084700000, 0x0000000084800000, 0x0000000084800000|100%| O|  |TAMS 0x0000000084800000, 0x0000000084700000| Untracked 
|  72|0x0000000084800000, 0x0000000084900000, 0x0000000084900000|100%| O|  |TAMS 0x0000000084900000, 0x0000000084800000| Untracked 
|  73|0x0000000084900000, 0x0000000084a00000, 0x0000000084a00000|100%| O|  |TAMS 0x0000000084a00000, 0x0000000084900000| Untracked 
|  74|0x0000000084a00000, 0x0000000084b00000, 0x0000000084b00000|100%| O|  |TAMS 0x0000000084b00000, 0x0000000084a00000| Untracked 
|  75|0x0000000084b00000, 0x0000000084c00000, 0x0000000084c00000|100%| O|  |TAMS 0x0000000084c00000, 0x0000000084b00000| Untracked 
|  76|0x0000000084c00000, 0x0000000084d00000, 0x0000000084d00000|100%| O|  |TAMS 0x0000000084d00000, 0x0000000084c00000| Untracked 
|  77|0x0000000084d00000, 0x0000000084e00000, 0x0000000084e00000|100%| O|  |TAMS 0x0000000084e00000, 0x0000000084d00000| Untracked 
|  78|0x0000000084e00000, 0x0000000084f00000, 0x0000000084f00000|100%| O|  |TAMS 0x0000000084f00000, 0x0000000084e00000| Untracked 
|  79|0x0000000084f00000, 0x0000000085000000, 0x0000000085000000|100%| O|  |TAMS 0x0000000085000000, 0x0000000084f00000| Untracked 
|  80|0x0000000085000000, 0x0000000085100000, 0x0000000085100000|100%| O|  |TAMS 0x0000000085100000, 0x0000000085000000| Untracked 
|  81|0x0000000085100000, 0x0000000085200000, 0x0000000085200000|100%| O|  |TAMS 0x0000000085200000, 0x0000000085100000| Untracked 
|  82|0x0000000085200000, 0x0000000085300000, 0x0000000085300000|100%| O|  |TAMS 0x0000000085300000, 0x0000000085200000| Untracked 
|  83|0x0000000085300000, 0x0000000085400000, 0x0000000085400000|100%| O|  |TAMS 0x0000000085400000, 0x0000000085300000| Untracked 
|  84|0x0000000085400000, 0x0000000085500000, 0x0000000085500000|100%| O|  |TAMS 0x0000000085500000, 0x0000000085400000| Untracked 
|  85|0x0000000085500000, 0x0000000085600000, 0x0000000085600000|100%| O|  |TAMS 0x000000008553e400, 0x0000000085500000| Untracked 
|  86|0x0000000085600000, 0x0000000085700000, 0x0000000085700000|100%| O|  |TAMS 0x0000000085600000, 0x0000000085600000| Untracked 
|  87|0x0000000085700000, 0x0000000085800000, 0x0000000085800000|100%| O|  |TAMS 0x0000000085700000, 0x0000000085700000| Untracked 
|  88|0x0000000085800000, 0x0000000085900000, 0x0000000085900000|100%| O|  |TAMS 0x0000000085800000, 0x0000000085800000| Untracked 
|  89|0x0000000085900000, 0x0000000085a00000, 0x0000000085a00000|100%| O|  |TAMS 0x0000000085900000, 0x0000000085900000| Untracked 
|  90|0x0000000085a00000, 0x0000000085b00000, 0x0000000085b00000|100%| O|  |TAMS 0x0000000085a00000, 0x0000000085a00000| Untracked 
|  91|0x0000000085b00000, 0x0000000085c00000, 0x0000000085c00000|100%|HS|  |TAMS 0x0000000085b00000, 0x0000000085b00000| Complete 
|  92|0x0000000085c00000, 0x0000000085d00000, 0x0000000085d00000|100%| O|  |TAMS 0x0000000085c00000, 0x0000000085c00000| Untracked 
|  93|0x0000000085d00000, 0x0000000085e00000, 0x0000000085e00000|100%| O|  |TAMS 0x0000000085d00000, 0x0000000085d00000| Untracked 
|  94|0x0000000085e00000, 0x0000000085f00000, 0x0000000085f00000|100%| O|  |TAMS 0x0000000085e00000, 0x0000000085e00000| Untracked 
|  95|0x0000000085f00000, 0x0000000086000000, 0x0000000086000000|100%| O|  |TAMS 0x0000000085f00000, 0x0000000085f00000| Untracked 
|  96|0x0000000086000000, 0x0000000086100000, 0x0000000086100000|100%| O|  |TAMS 0x0000000086000000, 0x0000000086000000| Untracked 
|  97|0x0000000086100000, 0x0000000086200000, 0x0000000086200000|100%| O|  |TAMS 0x0000000086100000, 0x0000000086100000| Untracked 
|  98|0x0000000086200000, 0x0000000086300000, 0x0000000086300000|100%| O|  |TAMS 0x0000000086200000, 0x0000000086200000| Untracked 
|  99|0x0000000086300000, 0x0000000086400000, 0x0000000086400000|100%| O|  |TAMS 0x0000000086300000, 0x0000000086300000| Untracked 
| 100|0x0000000086400000, 0x0000000086500000, 0x0000000086500000|100%| O|  |TAMS 0x0000000086400000, 0x0000000086400000| Untracked 
| 101|0x0000000086500000, 0x0000000086530e00, 0x0000000086600000| 19%| O|  |TAMS 0x0000000086500000, 0x0000000086500000| Untracked 
| 102|0x0000000086600000, 0x0000000086600000, 0x0000000086700000|  0%| F|  |TAMS 0x0000000086600000, 0x0000000086600000| Untracked 
| 103|0x0000000086700000, 0x0000000086700000, 0x0000000086800000|  0%| F|  |TAMS 0x0000000086700000, 0x0000000086700000| Untracked 
| 104|0x0000000086800000, 0x0000000086800000, 0x0000000086900000|  0%| F|  |TAMS 0x0000000086800000, 0x0000000086800000| Untracked 
| 105|0x0000000086900000, 0x0000000086900000, 0x0000000086a00000|  0%| F|  |TAMS 0x0000000086900000, 0x0000000086900000| Untracked 
| 106|0x0000000086a00000, 0x0000000086a00000, 0x0000000086b00000|  0%| F|  |TAMS 0x0000000086a00000, 0x0000000086a00000| Untracked 
| 107|0x0000000086b00000, 0x0000000086b00000, 0x0000000086c00000|  0%| F|  |TAMS 0x0000000086b00000, 0x0000000086b00000| Untracked 
| 108|0x0000000086c00000, 0x0000000086c00000, 0x0000000086d00000|  0%| F|  |TAMS 0x0000000086c00000, 0x0000000086c00000| Untracked 
| 109|0x0000000086d00000, 0x0000000086d00000, 0x0000000086e00000|  0%| F|  |TAMS 0x0000000086d00000, 0x0000000086d00000| Untracked 
| 110|0x0000000086e00000, 0x0000000086e00000, 0x0000000086f00000|  0%| F|  |TAMS 0x0000000086e00000, 0x0000000086e00000| Untracked 
| 111|0x0000000086f00000, 0x0000000086f00000, 0x0000000087000000|  0%| F|  |TAMS 0x0000000086f00000, 0x0000000086f00000| Untracked 
| 112|0x0000000087000000, 0x0000000087000000, 0x0000000087100000|  0%| F|  |TAMS 0x0000000087000000, 0x0000000087000000| Untracked 
| 113|0x0000000087100000, 0x0000000087200000, 0x0000000087200000|100%| S|CS|TAMS 0x0000000087100000, 0x0000000087100000| Complete 
| 114|0x0000000087200000, 0x0000000087300000, 0x0000000087300000|100%| S|CS|TAMS 0x0000000087200000, 0x0000000087200000| Complete 
| 115|0x0000000087300000, 0x0000000087400000, 0x0000000087400000|100%| S|CS|TAMS 0x0000000087300000, 0x0000000087300000| Complete 
| 116|0x0000000087400000, 0x0000000087500000, 0x0000000087500000|100%| S|CS|TAMS 0x0000000087400000, 0x0000000087400000| Complete 
| 117|0x0000000087500000, 0x0000000087600000, 0x0000000087600000|100%| S|CS|TAMS 0x0000000087500000, 0x0000000087500000| Complete 
| 118|0x0000000087600000, 0x0000000087700000, 0x0000000087700000|100%| S|CS|TAMS 0x0000000087600000, 0x0000000087600000| Complete 
| 119|0x0000000087700000, 0x0000000087700000, 0x0000000087800000|  0%| F|  |TAMS 0x0000000087700000, 0x0000000087700000| Untracked 
| 120|0x0000000087800000, 0x0000000087800000, 0x0000000087900000|  0%| F|  |TAMS 0x0000000087800000, 0x0000000087800000| Untracked 
| 121|0x0000000087900000, 0x0000000087900000, 0x0000000087a00000|  0%| F|  |TAMS 0x0000000087900000, 0x0000000087900000| Untracked 
| 122|0x0000000087a00000, 0x0000000087a00000, 0x0000000087b00000|  0%| F|  |TAMS 0x0000000087a00000, 0x0000000087a00000| Untracked 
| 123|0x0000000087b00000, 0x0000000087b00000, 0x0000000087c00000|  0%| F|  |TAMS 0x0000000087b00000, 0x0000000087b00000| Untracked 
| 124|0x0000000087c00000, 0x0000000087c00000, 0x0000000087d00000|  0%| F|  |TAMS 0x0000000087c00000, 0x0000000087c00000| Untracked 
| 125|0x0000000087d00000, 0x0000000087d00000, 0x0000000087e00000|  0%| F|  |TAMS 0x0000000087d00000, 0x0000000087d00000| Untracked 
| 126|0x0000000087e00000, 0x0000000087e00000, 0x0000000087f00000|  0%| F|  |TAMS 0x0000000087e00000, 0x0000000087e00000| Untracked 
| 127|0x0000000087f00000, 0x0000000087f00000, 0x0000000088000000|  0%| F|  |TAMS 0x0000000087f00000, 0x0000000087f00000| Untracked 
| 128|0x0000000088000000, 0x0000000088000000, 0x0000000088100000|  0%| F|  |TAMS 0x0000000088000000, 0x0000000088000000| Untracked 
| 129|0x0000000088100000, 0x0000000088100000, 0x0000000088200000|  0%| F|  |TAMS 0x0000000088100000, 0x0000000088100000| Untracked 
| 130|0x0000000088200000, 0x0000000088200000, 0x0000000088300000|  0%| F|  |TAMS 0x0000000088200000, 0x0000000088200000| Untracked 
| 131|0x0000000088300000, 0x0000000088300000, 0x0000000088400000|  0%| F|  |TAMS 0x0000000088300000, 0x0000000088300000| Untracked 
| 132|0x0000000088400000, 0x0000000088400000, 0x0000000088500000|  0%| F|  |TAMS 0x0000000088400000, 0x0000000088400000| Untracked 
| 133|0x0000000088500000, 0x0000000088500000, 0x0000000088600000|  0%| F|  |TAMS 0x0000000088500000, 0x0000000088500000| Untracked 
| 134|0x0000000088600000, 0x0000000088600000, 0x0000000088700000|  0%| F|  |TAMS 0x0000000088600000, 0x0000000088600000| Untracked 
| 135|0x0000000088700000, 0x0000000088700000, 0x0000000088800000|  0%| F|  |TAMS 0x0000000088700000, 0x0000000088700000| Untracked 
| 136|0x0000000088800000, 0x0000000088800000, 0x0000000088900000|  0%| F|  |TAMS 0x0000000088800000, 0x0000000088800000| Untracked 
| 137|0x0000000088900000, 0x0000000088900000, 0x0000000088a00000|  0%| F|  |TAMS 0x0000000088900000, 0x0000000088900000| Untracked 
| 138|0x0000000088a00000, 0x0000000088a00000, 0x0000000088b00000|  0%| F|  |TAMS 0x0000000088a00000, 0x0000000088a00000| Untracked 
| 139|0x0000000088b00000, 0x0000000088b00000, 0x0000000088c00000|  0%| F|  |TAMS 0x0000000088b00000, 0x0000000088b00000| Untracked 
| 140|0x0000000088c00000, 0x0000000088c00000, 0x0000000088d00000|  0%| F|  |TAMS 0x0000000088c00000, 0x0000000088c00000| Untracked 
| 141|0x0000000088d00000, 0x0000000088d00000, 0x0000000088e00000|  0%| F|  |TAMS 0x0000000088d00000, 0x0000000088d00000| Untracked 
| 142|0x0000000088e00000, 0x0000000088e00000, 0x0000000088f00000|  0%| F|  |TAMS 0x0000000088e00000, 0x0000000088e00000| Untracked 
| 143|0x0000000088f00000, 0x0000000088f00000, 0x0000000089000000|  0%| F|  |TAMS 0x0000000088f00000, 0x0000000088f00000| Untracked 
| 144|0x0000000089000000, 0x0000000089000000, 0x0000000089100000|  0%| F|  |TAMS 0x0000000089000000, 0x0000000089000000| Untracked 
| 145|0x0000000089100000, 0x0000000089100000, 0x0000000089200000|  0%| F|  |TAMS 0x0000000089100000, 0x0000000089100000| Untracked 
| 146|0x0000000089200000, 0x0000000089200000, 0x0000000089300000|  0%| F|  |TAMS 0x0000000089200000, 0x0000000089200000| Untracked 
| 147|0x0000000089300000, 0x0000000089300000, 0x0000000089400000|  0%| F|  |TAMS 0x0000000089300000, 0x0000000089300000| Untracked 
| 148|0x0000000089400000, 0x0000000089400000, 0x0000000089500000|  0%| F|  |TAMS 0x0000000089400000, 0x0000000089400000| Untracked 
| 149|0x0000000089500000, 0x0000000089500000, 0x0000000089600000|  0%| F|  |TAMS 0x0000000089500000, 0x0000000089500000| Untracked 
| 150|0x0000000089600000, 0x0000000089600000, 0x0000000089700000|  0%| F|  |TAMS 0x0000000089600000, 0x0000000089600000| Untracked 
| 151|0x0000000089700000, 0x0000000089700000, 0x0000000089800000|  0%| F|  |TAMS 0x0000000089700000, 0x0000000089700000| Untracked 
| 152|0x0000000089800000, 0x0000000089800000, 0x0000000089900000|  0%| F|  |TAMS 0x0000000089800000, 0x0000000089800000| Untracked 
| 153|0x0000000089900000, 0x0000000089900000, 0x0000000089a00000|  0%| F|  |TAMS 0x0000000089900000, 0x0000000089900000| Untracked 
| 154|0x0000000089a00000, 0x0000000089a00000, 0x0000000089b00000|  0%| F|  |TAMS 0x0000000089a00000, 0x0000000089a00000| Untracked 
| 155|0x0000000089b00000, 0x0000000089b00000, 0x0000000089c00000|  0%| F|  |TAMS 0x0000000089b00000, 0x0000000089b00000| Untracked 
| 156|0x0000000089c00000, 0x0000000089c00000, 0x0000000089d00000|  0%| F|  |TAMS 0x0000000089c00000, 0x0000000089c00000| Untracked 
| 157|0x0000000089d00000, 0x0000000089d00000, 0x0000000089e00000|  0%| F|  |TAMS 0x0000000089d00000, 0x0000000089d00000| Untracked 
| 158|0x0000000089e00000, 0x0000000089e00000, 0x0000000089f00000|  0%| F|  |TAMS 0x0000000089e00000, 0x0000000089e00000| Untracked 
| 159|0x0000000089f00000, 0x0000000089f00000, 0x000000008a000000|  0%| F|  |TAMS 0x0000000089f00000, 0x0000000089f00000| Untracked 
| 160|0x000000008a000000, 0x000000008a000000, 0x000000008a100000|  0%| F|  |TAMS 0x000000008a000000, 0x000000008a000000| Untracked 
| 161|0x000000008a100000, 0x000000008a100000, 0x000000008a200000|  0%| F|  |TAMS 0x000000008a100000, 0x000000008a100000| Untracked 
| 162|0x000000008a200000, 0x000000008a200000, 0x000000008a300000|  0%| F|  |TAMS 0x000000008a200000, 0x000000008a200000| Untracked 
| 163|0x000000008a300000, 0x000000008a300000, 0x000000008a400000|  0%| F|  |TAMS 0x000000008a300000, 0x000000008a300000| Untracked 

Card table byte_map: [0x000002681e260000,0x000002681e660000] _byte_map_base: 0x000002681de60000

Marking Bits (Prev, Next): (CMBitMap*) 0x000002680b6b95b0, (CMBitMap*) 0x000002680b6b95f0
 Prev Bits: [0x000002681ea60000, 0x0000026820a60000)
 Next Bits: [0x0000026820a60000, 0x0000026822a60000)

Polling page: 0x00000268095d0000

Metaspace:

Usage:
  Non-class:     77.13 MB used.
      Class:     12.08 MB used.
       Both:     89.21 MB used.

Virtual space:
  Non-class space:       80.00 MB reserved,      77.56 MB ( 97%) committed,  10 nodes.
      Class space:        1.00 GB reserved,      12.44 MB (  1%) committed,  1 nodes.
             Both:        1.08 GB reserved,      90.00 MB (  8%) committed. 

Chunk freelists:
   Non-Class:  2.05 MB
       Class:  3.59 MB
        Both:  5.64 MB

MaxMetaspaceSize: unlimited
CompressedClassSpaceSize: 1.00 GB
Initial GC threshold: 21.00 MB
Current GC threshold: 144.38 MB
CDS: off
MetaspaceReclaimPolicy: balanced
 - commit_granule_bytes: 65536.
 - commit_granule_words: 8192.
 - virtual_space_node_default_size: 1048576.
 - enlarge_chunks_in_place: 1.
 - new_chunks_are_fully_committed: 0.
 - uncommit_free_chunks: 1.
 - use_allocation_guard: 0.
 - handle_deallocations: 1.


Internal statistics:

num_allocs_failed_limit: 6.
num_arena_births: 932.
num_arena_deaths: 0.
num_vsnodes_births: 11.
num_vsnodes_deaths: 0.
num_space_committed: 1440.
num_space_uncommitted: 0.
num_chunks_returned_to_freelist: 6.
num_chunks_taken_from_freelist: 4318.
num_chunk_merges: 6.
num_chunk_splits: 2813.
num_chunks_enlarged: 1834.
num_purges: 0.
num_inconsistent_stats: 0.

CodeHeap 'non-profiled nmethods': size=120000Kb used=5703Kb max_used=5703Kb free=114296Kb
 bounds [0x0000026816600000, 0x0000026816ba0000, 0x000002681db30000]
CodeHeap 'profiled nmethods': size=120000Kb used=21461Kb max_used=21461Kb free=98538Kb
 bounds [0x000002680eb30000, 0x0000026810030000, 0x0000026816060000]
CodeHeap 'non-nmethods': size=5760Kb used=2384Kb max_used=2437Kb free=3376Kb
 bounds [0x0000026816060000, 0x00000268162d0000, 0x0000026816600000]
 total_blobs=11726 nmethods=10823 adapters=815
 compilation: enabled
              stopped_count=0, restarted_count=0
 full_count=0

Compilation events (20 events):
Event: 17.861 Thread 0x00000268260345e0 11745       3       org.apache.xerces.impl.XMLEntityScanner::scanLiteral (746 bytes)
Event: 17.862 Thread 0x00000268260345e0 nmethod 11745 0x000002681001b510 code [0x000002681001b7c0, 0x000002681001c9b8]
Event: 17.867 Thread 0x00000268260345e0 11746       2       org.apache.xerces.dom.AttrImpl::<init> (26 bytes)
Event: 17.867 Thread 0x00000268260345e0 nmethod 11746 0x000002681001d010 code [0x000002681001d1a0, 0x000002681001d3b8]
Event: 17.873 Thread 0x00000268260345e0 11751       2       org.apache.xerces.dom.CoreDocumentImpl::checkDOMNSErr (135 bytes)
Event: 17.874 Thread 0x00000268260345e0 nmethod 11751 0x000002681001d490 code [0x000002681001d700, 0x000002681001dc58]
Event: 17.883 Thread 0x00000268260345e0 11754       2       com.android.ide.common.resources.ValueResourceParser2::addStyleableItems (182 bytes)
Event: 17.883 Thread 0x00000268260345e0 nmethod 11754 0x000002681001df90 code [0x000002681001e1e0, 0x000002681001e698]
Event: 17.888 Thread 0x0000026826028510 nmethod 11651 0x0000026816b8d190 code [0x0000026816b8d4c0, 0x0000026816b90568]
Event: 17.888 Thread 0x0000026826028510 11749       4       org.apache.xerces.impl.XMLEntityScanner::scanLiteral (746 bytes)
Event: 17.892 Thread 0x00000268260345e0 11756       2       org.apache.xerces.impl.XMLEntityManager::setupCurrentEntity (1226 bytes)
Event: 17.895 Thread 0x00000268260345e0 nmethod 11756 0x000002681001ea90 code [0x000002681001efe0, 0x0000026810021498]
Event: 17.895 Thread 0x00000268260345e0 11757       2       org.apache.xerces.impl.XMLVersionDetector::fixupCurrentEntity (203 bytes)
Event: 17.896 Thread 0x00000268260345e0 nmethod 11757 0x0000026810022f90 code [0x0000026810023160, 0x00000268100236a8]
Event: 17.896 Thread 0x00000268260345e0 11758       2       org.apache.xerces.parsers.AbstractSAXParser::setLexicalHandler (45 bytes)
Event: 17.896 Thread 0x00000268260345e0 nmethod 11758 0x0000026810023910 code [0x0000026810023ae0, 0x0000026810023ed8]
Event: 17.896 Thread 0x00000268260345e0 11759  s    2       java.util.Vector::elementAt (48 bytes)
Event: 17.896 Thread 0x00000268260345e0 nmethod 11759 0x0000026810024090 code [0x00000268100242a0, 0x00000268100246e8]
Event: 17.896 Thread 0x00000268260345e0 11760  s    2       java.util.Vector::removeElementAt (115 bytes)
Event: 17.897 Thread 0x00000268260345e0 nmethod 11760 0x0000026810024990 code [0x0000026810024bc0, 0x00000268100251e8]

GC Heap History (20 events):
Event: 9.689 GC heap after
{Heap after GC invocations=27 (full 0):
 garbage-first heap   total 134144K, used 67476K [0x0000000080000000, 0x0000000100000000)
  region size 1024K, 4 young (4096K), 4 survivors (4096K)
 Metaspace       used 76737K, committed 77376K, reserved 1122304K
  class space    used 10530K, committed 10816K, reserved 1048576K
}
Event: 14.990 GC heap before
{Heap before GC invocations=27 (full 0):
 garbage-first heap   total 134144K, used 104340K [0x0000000080000000, 0x0000000100000000)
  region size 1024K, 41 young (41984K), 4 survivors (4096K)
 Metaspace       used 77757K, committed 78400K, reserved 1122304K
  class space    used 10609K, committed 10880K, reserved 1048576K
}
Event: 14.996 GC heap after
{Heap after GC invocations=28 (full 0):
 garbage-first heap   total 134144K, used 71906K [0x0000000080000000, 0x0000000100000000)
  region size 1024K, 5 young (5120K), 5 survivors (5120K)
 Metaspace       used 77757K, committed 78400K, reserved 1122304K
  class space    used 10609K, committed 10880K, reserved 1048576K
}
Event: 15.411 GC heap before
{Heap before GC invocations=29 (full 0):
 garbage-first heap   total 134144K, used 105698K [0x0000000080000000, 0x0000000100000000)
  region size 1024K, 38 young (38912K), 5 survivors (5120K)
 Metaspace       used 81242K, committed 81920K, reserved 1122304K
  class space    used 11169K, committed 11456K, reserved 1048576K
}
Event: 15.416 GC heap after
{Heap after GC invocations=30 (full 0):
 garbage-first heap   total 134144K, used 74092K [0x0000000080000000, 0x0000000100000000)
  region size 1024K, 3 young (3072K), 3 survivors (3072K)
 Metaspace       used 81242K, committed 81920K, reserved 1122304K
  class space    used 11169K, committed 11456K, reserved 1048576K
}
Event: 15.452 GC heap before
{Heap before GC invocations=30 (full 0):
 garbage-first heap   total 134144K, used 77164K [0x0000000080000000, 0x0000000100000000)
  region size 1024K, 6 young (6144K), 3 survivors (3072K)
 Metaspace       used 81590K, committed 82176K, reserved 1122304K
  class space    used 11222K, committed 11456K, reserved 1048576K
}
Event: 15.455 GC heap after
{Heap after GC invocations=31 (full 0):
 garbage-first heap   total 134144K, used 74634K [0x0000000080000000, 0x0000000100000000)
  region size 1024K, 1 young (1024K), 1 survivors (1024K)
 Metaspace       used 81590K, committed 82176K, reserved 1122304K
  class space    used 11222K, committed 11456K, reserved 1048576K
}
Event: 15.779 GC heap before
{Heap before GC invocations=31 (full 0):
 garbage-first heap   total 134144K, used 108426K [0x0000000080000000, 0x0000000100000000)
  region size 1024K, 34 young (34816K), 1 survivors (1024K)
 Metaspace       used 84483K, committed 85184K, reserved 1130496K
  class space    used 11583K, committed 11904K, reserved 1048576K
}
Event: 15.783 GC heap after
{Heap after GC invocations=32 (full 0):
 garbage-first heap   total 161792K, used 77570K [0x0000000080000000, 0x0000000100000000)
  region size 1024K, 4 young (4096K), 4 survivors (4096K)
 Metaspace       used 84483K, committed 85184K, reserved 1130496K
  class space    used 11583K, committed 11904K, reserved 1048576K
}
Event: 16.266 GC heap before
{Heap before GC invocations=33 (full 0):
 garbage-first heap   total 161792K, used 128770K [0x0000000080000000, 0x0000000100000000)
  region size 1024K, 55 young (56320K), 4 survivors (4096K)
 Metaspace       used 87081K, committed 87744K, reserved 1130496K
  class space    used 11866K, committed 12160K, reserved 1048576K
}
Event: 16.274 GC heap after
{Heap after GC invocations=34 (full 0):
 garbage-first heap   total 161792K, used 85576K [0x0000000080000000, 0x0000000100000000)
  region size 1024K, 7 young (7168K), 7 survivors (7168K)
 Metaspace       used 87081K, committed 87744K, reserved 1130496K
  class space    used 11866K, committed 12160K, reserved 1048576K
}
Event: 16.285 GC heap before
{Heap before GC invocations=34 (full 0):
 garbage-first heap   total 161792K, used 86600K [0x0000000080000000, 0x0000000100000000)
  region size 1024K, 8 young (8192K), 7 survivors (7168K)
 Metaspace       used 87097K, committed 87808K, reserved 1130496K
  class space    used 11866K, committed 12160K, reserved 1048576K
}
Event: 16.292 GC heap after
{Heap after GC invocations=35 (full 0):
 garbage-first heap   total 161792K, used 85241K [0x0000000080000000, 0x0000000100000000)
  region size 1024K, 1 young (1024K), 1 survivors (1024K)
 Metaspace       used 87097K, committed 87808K, reserved 1130496K
  class space    used 11866K, committed 12160K, reserved 1048576K
}
Event: 16.660 GC heap before
{Heap before GC invocations=35 (full 0):
 garbage-first heap   total 161792K, used 128249K [0x0000000080000000, 0x0000000100000000)
  region size 1024K, 44 young (45056K), 1 survivors (1024K)
 Metaspace       used 87945K, committed 88640K, reserved 1130496K
  class space    used 11992K, committed 12288K, reserved 1048576K
}
Event: 16.663 GC heap after
{Heap after GC invocations=36 (full 0):
 garbage-first heap   total 161792K, used 88115K [0x0000000080000000, 0x0000000100000000)
  region size 1024K, 4 young (4096K), 4 survivors (4096K)
 Metaspace       used 87945K, committed 88640K, reserved 1130496K
  class space    used 11992K, committed 12288K, reserved 1048576K
}
Event: 17.141 GC heap before
{Heap before GC invocations=37 (full 0):
 garbage-first heap   total 167936K, used 130099K [0x0000000080000000, 0x0000000100000000)
  region size 1024K, 46 young (47104K), 4 survivors (4096K)
 Metaspace       used 90850K, committed 91648K, reserved 1130496K
  class space    used 12366K, committed 12736K, reserved 1048576K
}
Event: 17.146 GC heap after
{Heap after GC invocations=38 (full 0):
 garbage-first heap   total 167936K, used 91294K [0x0000000080000000, 0x0000000100000000)
  region size 1024K, 4 young (4096K), 4 survivors (4096K)
 Metaspace       used 90850K, committed 91648K, reserved 1130496K
  class space    used 12366K, committed 12736K, reserved 1048576K
}
Event: 17.268 GC heap before
{Heap before GC invocations=38 (full 0):
 garbage-first heap   total 167936K, used 94366K [0x0000000080000000, 0x0000000100000000)
  region size 1024K, 8 young (8192K), 4 survivors (4096K)
 Metaspace       used 90977K, committed 91776K, reserved 1130496K
  class space    used 12366K, committed 12736K, reserved 1048576K
}
Event: 17.273 GC heap after
{Heap after GC invocations=39 (full 0):
 garbage-first heap   total 167936K, used 91102K [0x0000000080000000, 0x0000000100000000)
  region size 1024K, 1 young (1024K), 1 survivors (1024K)
 Metaspace       used 90977K, committed 91776K, reserved 1130496K
  class space    used 12366K, committed 12736K, reserved 1048576K
}
Event: 17.899 GC heap before
{Heap before GC invocations=39 (full 0):
 garbage-first heap   total 167936K, used 138206K [0x0000000080000000, 0x0000000100000000)
  region size 1024K, 45 young (46080K), 1 survivors (1024K)
 Metaspace       used 91348K, committed 92160K, reserved 1130496K
  class space    used 12368K, committed 12736K, reserved 1048576K
}

Dll operation events (2 events):
Event: 0.005 Loaded shared library C:\Program Files\Android\Android Studio\jbr\bin\java.dll
Event: 0.360 Loaded shared library C:\Program Files\Android\Android Studio\jbr\bin\verify.dll

Deoptimization events (20 events):
Event: 17.680 Thread 0x000002682a8a9110 Uncommon trap: trap_request=0xffffff45 fr.pc=0x000002681682f540 relative=0x00000000000004a0
Event: 17.680 Thread 0x000002682a8a9110 Uncommon trap: reason=unstable_if action=reinterpret pc=0x000002681682f540 method=java.lang.StringUTF16.compress([CII)[B @ 13 c2
Event: 17.680 Thread 0x000002682a8a9110 DEOPT PACKING pc=0x000002681682f540 sp=0x000000a92f5fa080
Event: 17.680 Thread 0x000002682a8a9110 DEOPT UNPACKING pc=0x00000268160ba1a3 sp=0x000000a92f5f9f68 mode 2
Event: 17.680 Thread 0x000002682a8a9110 Uncommon trap: trap_request=0xffffff45 fr.pc=0x0000026816617964 relative=0x00000000000003c4
Event: 17.680 Thread 0x000002682a8a9110 Uncommon trap: reason=unstable_if action=reinterpret pc=0x0000026816617964 method=java.lang.StringUTF16.compress([CII)[B @ 13 c2
Event: 17.680 Thread 0x000002682a8a9110 DEOPT PACKING pc=0x0000026816617964 sp=0x000000a92f5fa000
Event: 17.680 Thread 0x000002682a8a9110 DEOPT UNPACKING pc=0x00000268160ba1a3 sp=0x000000a92f5f9f68 mode 2
Event: 17.680 Thread 0x000002682a8a9110 Uncommon trap: trap_request=0xffffff45 fr.pc=0x000002681660f434 relative=0x0000000000000334
Event: 17.680 Thread 0x000002682a8a9110 Uncommon trap: reason=unstable_if action=reinterpret pc=0x000002681660f434 method=java.lang.StringUTF16.compress([CI[BII)I @ 20 c2
Event: 17.680 Thread 0x000002682a8a9110 DEOPT PACKING pc=0x000002681660f434 sp=0x000000a92f5f9f50
Event: 17.680 Thread 0x000002682a8a9110 DEOPT UNPACKING pc=0x00000268160ba1a3 sp=0x000000a92f5f9ed0 mode 2
Event: 17.680 Thread 0x000002682a8a9110 Uncommon trap: trap_request=0xffffff45 fr.pc=0x000002681660e4b8 relative=0x0000000000000318
Event: 17.680 Thread 0x000002682a8a9110 Uncommon trap: reason=unstable_if action=reinterpret pc=0x000002681660e4b8 method=java.lang.StringUTF16.compress([CI[BII)I @ 20 c2
Event: 17.680 Thread 0x000002682a8a9110 DEOPT PACKING pc=0x000002681660e4b8 sp=0x000000a92f5f9f30
Event: 17.680 Thread 0x000002682a8a9110 DEOPT UNPACKING pc=0x00000268160ba1a3 sp=0x000000a92f5f9ed0 mode 2
Event: 17.860 Thread 0x000002682a8a9110 Uncommon trap: trap_request=0xffffff45 fr.pc=0x0000026816b7ac2c relative=0x000000000000158c
Event: 17.860 Thread 0x000002682a8a9110 Uncommon trap: reason=unstable_if action=reinterpret pc=0x0000026816b7ac2c method=org.apache.xerces.impl.XMLEntityScanner.scanLiteral(ILorg/apache/xerces/xni/XMLString;)I @ 606 c2
Event: 17.860 Thread 0x000002682a8a9110 DEOPT PACKING pc=0x0000026816b7ac2c sp=0x000000a92f5f9ed0
Event: 17.860 Thread 0x000002682a8a9110 DEOPT UNPACKING pc=0x00000268160ba1a3 sp=0x000000a92f5f9e98 mode 2

Classes unloaded (0 events):
No events

Classes redefined (0 events):
No events

Internal exceptions (20 events):
Event: 15.930 Thread 0x00000268270e9700 Exception <a 'java/lang/ClassNotFoundException'{0x0000000087fac8c8}: com/android/build/gradle/tasks/PackageApplication_DecoratedBeanInfo> (0x0000000087fac8c8) 
thrown [s\src\hotspot\share\classfile\systemDictionary.cpp, line 256]
Event: 15.931 Thread 0x00000268270e9700 Exception <a 'java/lang/ClassNotFoundException'{0x0000000087fb82b0}: com/android/build/gradle/tasks/PackageApplicationBeanInfo> (0x0000000087fb82b0) 
thrown [s\src\hotspot\share\classfile\systemDictionary.cpp, line 256]
Event: 15.931 Thread 0x00000268270e9700 Exception <a 'java/lang/ClassNotFoundException'{0x0000000087fc49f8}: com/android/build/gradle/tasks/PackageAndroidArtifactBeanInfo> (0x0000000087fc49f8) 
thrown [s\src\hotspot\share\classfile\systemDictionary.cpp, line 256]
Event: 15.931 Thread 0x00000268270e9700 Exception <a 'java/lang/ClassNotFoundException'{0x0000000087fd0438}: com/android/build/gradle/tasks/PackageAndroidArtifactCustomizer> (0x0000000087fd0438) 
thrown [s\src\hotspot\share\classfile\systemDictionary.cpp, line 256]
Event: 15.932 Thread 0x00000268270e9700 Exception <a 'java/lang/ClassNotFoundException'{0x0000000087e26458}: com/android/build/gradle/tasks/PackageApplicationCustomizer> (0x0000000087e26458) 
thrown [s\src\hotspot\share\classfile\systemDictionary.cpp, line 256]
Event: 15.933 Thread 0x00000268270e9700 Exception <a 'java/lang/ClassNotFoundException'{0x0000000087e4d608}: com/android/build/gradle/tasks/PackageApplication_DecoratedCustomizer> (0x0000000087e4d608) 
thrown [s\src\hotspot\share\classfile\systemDictionary.cpp, line 256]
Event: 15.935 Thread 0x00000268270e9700 Exception <a 'java/lang/ClassNotFoundException'{0x0000000087d21d08}: com/android/build/gradle/internal/tasks/ListingFileRedirectTask_DecoratedBeanInfo> (0x0000000087d21d08) 
thrown [s\src\hotspot\share\classfile\systemDictionary.cpp, line 256]
Event: 15.936 Thread 0x00000268270e9700 Exception <a 'java/lang/ClassNotFoundException'{0x0000000087d2d988}: com/android/build/gradle/internal/tasks/ListingFileRedirectTaskBeanInfo> (0x0000000087d2d988) 
thrown [s\src\hotspot\share\classfile\systemDictionary.cpp, line 256]
Event: 15.936 Thread 0x00000268270e9700 Exception <a 'java/lang/ClassNotFoundException'{0x0000000087d39378}: com/android/build/gradle/internal/tasks/ListingFileRedirectTaskCustomizer> (0x0000000087d39378) 
thrown [s\src\hotspot\share\classfile\systemDictionary.cpp, line 256]
Event: 15.936 Thread 0x00000268270e9700 Exception <a 'java/lang/ClassNotFoundException'{0x0000000087d55d38}: com/android/build/gradle/internal/tasks/ListingFileRedirectTask_DecoratedCustomizer> (0x0000000087d55d38) 
thrown [s\src\hotspot\share\classfile\systemDictionary.cpp, line 256]
Event: 15.974 Thread 0x000002682a8aa450 Exception <a 'java/lang/IncompatibleClassChangeError'{0x0000000087a8eae0}: Found class java.lang.Object, but interface was expected> (0x0000000087a8eae0) 
thrown [s\src\hotspot\share\interpreter\linkResolver.cpp, line 838]
Event: 15.986 Thread 0x000002682a8aa450 Exception <a 'java/lang/NoSuchMethodError'{0x000000008795bc68}: 'int java.lang.invoke.DirectMethodHandle$Holder.invokeStaticInit(java.lang.Object, java.lang.Object, java.lang.Object, java.lang.Object, java.lang.Object)'> (0x000000008795bc68) 
thrown [s\src\hotspot\share\interpreter\linkResolver.cpp, line 771]
Event: 16.020 Thread 0x000002682a8aa450 Exception <a 'sun/nio/fs/WindowsException'{0x0000000087799b38}> (0x0000000087799b38) 
thrown [s\src\hotspot\share\prims\jni.cpp, line 517]
Event: 16.020 Thread 0x000002682a8aa450 Exception <a 'sun/nio/fs/WindowsException'{0x000000008779aca0}> (0x000000008779aca0) 
thrown [s\src\hotspot\share\prims\jni.cpp, line 517]
Event: 16.020 Thread 0x000002682a8aa450 Exception <a 'sun/nio/fs/WindowsException'{0x000000008779ad10}> (0x000000008779ad10) 
thrown [s\src\hotspot\share\prims\jni.cpp, line 517]
Event: 16.020 Thread 0x000002682a8aa450 Exception <a 'sun/nio/fs/WindowsException'{0x000000008779b0c0}> (0x000000008779b0c0) 
thrown [s\src\hotspot\share\prims\jni.cpp, line 517]
Event: 16.105 Thread 0x000002682a8aa450 Exception <a 'sun/nio/fs/WindowsException'{0x00000000872bd560}> (0x00000000872bd560) 
thrown [s\src\hotspot\share\prims\jni.cpp, line 517]
Event: 16.113 Thread 0x000002682b8f73c0 Exception <a 'java/lang/NoSuchMethodError'{0x0000000087102218}: static Lorg/gradle/internal/build/event/types/DefaultTaskSkippedResult;.<clinit>()V> (0x0000000087102218) 
thrown [s\src\hotspot\share\prims\jni.cpp, line 1108]
Event: 16.344 Thread 0x000002682a8aa450 Exception <a 'java/lang/NoSuchMethodError'{0x0000000089977c80}: 'void java.lang.invoke.DirectMethodHandle$Holder.invokeStatic(java.lang.Object, java.lang.Object, java.lang.Object, java.lang.Object, int, java.lang.Object, java.lang.Object)'> (0x0000000089977c80) 
thrown [s\src\hotspot\share\interpreter\linkResolver.cpp, line 771]
Event: 16.361 Thread 0x000002682a8aa450 Exception <a 'java/lang/NoSuchMethodError'{0x000000008985ded8}: 'java.lang.Object java.lang.invoke.DirectMethodHandle$Holder.invokeSpecialIFC(java.lang.Object, java.lang.Object, java.lang.Object)'> (0x000000008985ded8) 
thrown [s\src\hotspot\share\interpreter\linkResolver.cpp, line 771]

VM Operations (20 events):
Event: 16.340 Executing VM operation: HandshakeAllThreads done
Event: 16.569 Executing VM operation: ICBufferFull
Event: 16.569 Executing VM operation: ICBufferFull done
Event: 16.659 Executing VM operation: G1CollectForAllocation
Event: 16.663 Executing VM operation: G1CollectForAllocation done
Event: 16.737 Executing VM operation: G1Concurrent
Event: 16.740 Executing VM operation: G1Concurrent done
Event: 16.782 Executing VM operation: G1Concurrent
Event: 16.782 Executing VM operation: G1Concurrent done
Event: 16.803 Executing VM operation: HandshakeAllThreads
Event: 16.803 Executing VM operation: HandshakeAllThreads done
Event: 16.815 Executing VM operation: HandshakeAllThreads
Event: 16.815 Executing VM operation: HandshakeAllThreads done
Event: 16.949 Executing VM operation: ICBufferFull
Event: 16.949 Executing VM operation: ICBufferFull done
Event: 17.140 Executing VM operation: G1CollectForAllocation
Event: 17.146 Executing VM operation: G1CollectForAllocation done
Event: 17.268 Executing VM operation: G1CollectForAllocation
Event: 17.273 Executing VM operation: G1CollectForAllocation done
Event: 17.899 Executing VM operation: G1CollectForAllocation

Events (20 events):
Event: 17.066 loading class org/w3c/dom/Text done
Event: 17.066 loading class org/w3c/dom/CDATASection done
Event: 17.066 loading class org/w3c/dom/Comment
Event: 17.066 loading class org/w3c/dom/Comment done
Event: 17.066 loading class org/w3c/dom/DocumentFragment
Event: 17.066 loading class org/w3c/dom/DocumentFragment done
Event: 17.067 loading class org/w3c/dom/ElementTraversal
Event: 17.067 loading class org/w3c/dom/ElementTraversal done
Event: 17.068 loading class org/w3c/dom/ranges/Range
Event: 17.068 loading class org/w3c/dom/ranges/Range done
Event: 17.068 loading class org/w3c/dom/events/Event
Event: 17.068 loading class org/w3c/dom/events/Event done
Event: 17.068 loading class org/w3c/dom/traversal/TreeWalker
Event: 17.068 loading class org/w3c/dom/traversal/TreeWalker done
Event: 17.068 loading class org/w3c/dom/traversal/NodeIterator
Event: 17.068 loading class org/w3c/dom/traversal/NodeIterator done
Event: 17.068 loading class org/w3c/dom/events/MutationEvent
Event: 17.068 loading class org/w3c/dom/events/MutationEvent done
Event: 17.069 loading class org/w3c/dom/events/EventException
Event: 17.069 loading class org/w3c/dom/events/EventException done


Dynamic libraries:
0x00007ff64e370000 - 0x00007ff64e37a000 	C:\Program Files\Android\Android Studio\jbr\bin\java.exe
0x00007ffd405d0000 - 0x00007ffd407c7000 	C:\WINDOWS\SYSTEM32\ntdll.dll
0x00007ffd3e8f0000 - 0x00007ffd3e9ad000 	C:\WINDOWS\System32\KERNEL32.DLL
0x00007ffd3dfd0000 - 0x00007ffd3e2c6000 	C:\WINDOWS\System32\KERNELBASE.dll
0x00007ffd3dde0000 - 0x00007ffd3dee0000 	C:\WINDOWS\System32\ucrtbase.dll
0x00007ffd365d0000 - 0x00007ffd365e7000 	C:\Program Files\Android\Android Studio\jbr\bin\jli.dll
0x00007ffd36560000 - 0x00007ffd3657b000 	C:\Program Files\Android\Android Studio\jbr\bin\VCRUNTIME140.dll
0x00007ffd3f0e0000 - 0x00007ffd3f27e000 	C:\WINDOWS\System32\USER32.dll
0x00007ffd3dfa0000 - 0x00007ffd3dfc2000 	C:\WINDOWS\System32\win32u.dll
0x00007ffd140d0000 - 0x00007ffd1436a000 	C:\WINDOWS\WinSxS\amd64_microsoft.windows.common-controls_6595b64144ccf1df_6.0.19041.3570_none_60bb2a3971f3e41a\COMCTL32.dll
0x00007ffd3e7a0000 - 0x00007ffd3e83e000 	C:\WINDOWS\System32\msvcrt.dll
0x00007ffd40560000 - 0x00007ffd4058c000 	C:\WINDOWS\System32\GDI32.dll
0x00007ffd3e430000 - 0x00007ffd3e54a000 	C:\WINDOWS\System32\gdi32full.dll
0x00007ffd3dcb0000 - 0x00007ffd3dd4d000 	C:\WINDOWS\System32\msvcp_win.dll
0x00007ffd3f3e0000 - 0x00007ffd3f410000 	C:\WINDOWS\System32\IMM32.DLL
0x00007ffd39430000 - 0x00007ffd3943c000 	C:\Program Files\Android\Android Studio\jbr\bin\vcruntime140_1.dll
0x00007ffd0e160000 - 0x00007ffd0e1ed000 	C:\Program Files\Android\Android Studio\jbr\bin\msvcp140.dll
0x00007ffcc58e0000 - 0x00007ffcc654d000 	C:\Program Files\Android\Android Studio\jbr\bin\server\jvm.dll
0x00007ffd3e840000 - 0x00007ffd3e8ee000 	C:\WINDOWS\System32\ADVAPI32.dll
0x00007ffd3e690000 - 0x00007ffd3e72c000 	C:\WINDOWS\System32\sechost.dll
0x00007ffd3f8c0000 - 0x00007ffd3f9e6000 	C:\WINDOWS\System32\RPCRT4.dll
0x00007ffd1a570000 - 0x00007ffd1a579000 	C:\WINDOWS\SYSTEM32\WSOCK32.dll
0x00007ffd1ad00000 - 0x00007ffd1ad27000 	C:\WINDOWS\SYSTEM32\WINMM.dll
0x00007ffd3f770000 - 0x00007ffd3f7db000 	C:\WINDOWS\System32\WS2_32.dll
0x00007ffd344a0000 - 0x00007ffd344aa000 	C:\WINDOWS\SYSTEM32\VERSION.dll
0x00007ffd3c4e0000 - 0x00007ffd3c4f2000 	C:\WINDOWS\SYSTEM32\kernel.appcore.dll
0x00007ffd1f4e0000 - 0x00007ffd1f4ea000 	C:\Program Files\Android\Android Studio\jbr\bin\jimage.dll
0x00007ffd3ba50000 - 0x00007ffd3bc34000 	C:\WINDOWS\SYSTEM32\DBGHELP.DLL
0x00007ffd333a0000 - 0x00007ffd333d4000 	C:\WINDOWS\SYSTEM32\dbgcore.DLL
0x00007ffd3dd50000 - 0x00007ffd3ddd2000 	C:\WINDOWS\System32\bcryptPrimitives.dll
0x00007ffd1f4b0000 - 0x00007ffd1f4d5000 	C:\Program Files\Android\Android Studio\jbr\bin\java.dll
0x00007ffd1f490000 - 0x00007ffd1f4a8000 	C:\Program Files\Android\Android Studio\jbr\bin\zip.dll
0x00007ffd3f9f0000 - 0x00007ffd40134000 	C:\WINDOWS\System32\SHELL32.dll
0x00007ffd3bd30000 - 0x00007ffd3c4cb000 	C:\WINDOWS\SYSTEM32\windows.storage.dll
0x00007ffd3f410000 - 0x00007ffd3f764000 	C:\WINDOWS\System32\combase.dll
0x00007ffd3d6f0000 - 0x00007ffd3d71d000 	C:\WINDOWS\SYSTEM32\Wldp.dll
0x00007ffd3ebb0000 - 0x00007ffd3ec5d000 	C:\WINDOWS\System32\SHCORE.dll
0x00007ffd3f860000 - 0x00007ffd3f8b5000 	C:\WINDOWS\System32\shlwapi.dll
0x00007ffd3dbe0000 - 0x00007ffd3dc05000 	C:\WINDOWS\SYSTEM32\profapi.dll
0x00007ffd0f930000 - 0x00007ffd0f949000 	C:\Program Files\Android\Android Studio\jbr\bin\net.dll
0x00007ffd2e290000 - 0x00007ffd2e39a000 	C:\WINDOWS\SYSTEM32\WINHTTP.dll
0x00007ffd3d450000 - 0x00007ffd3d4ba000 	C:\WINDOWS\system32\mswsock.dll
0x00007ffd0f910000 - 0x00007ffd0f926000 	C:\Program Files\Android\Android Studio\jbr\bin\nio.dll
0x00007ffd10660000 - 0x00007ffd10670000 	C:\Program Files\Android\Android Studio\jbr\bin\verify.dll
0x00007ffd11490000 - 0x00007ffd114b7000 	C:\Users\vkhan\.gradle\native\68d5fa5c4cc2d200863cafc0d521ce42e7d3e7ee720ec0a83991735586a16f82\windows-amd64\native-platform.dll
0x00007ffd0b4f0000 - 0x00007ffd0b634000 	C:\Users\vkhan\.gradle\native\e376f236ea51e6404a007f0833ffe2c6e607c4080706a723a18a27aeea778392\windows-amd64\native-platform-file-events.dll
0x00007ffd1f480000 - 0x00007ffd1f489000 	C:\Program Files\Android\Android Studio\jbr\bin\management.dll
0x00007ffd106b0000 - 0x00007ffd106bb000 	C:\Program Files\Android\Android Studio\jbr\bin\management_ext.dll
0x00007ffd3e790000 - 0x00007ffd3e798000 	C:\WINDOWS\System32\PSAPI.DLL
0x00007ffd3d650000 - 0x00007ffd3d668000 	C:\WINDOWS\SYSTEM32\CRYPTSP.dll
0x00007ffd3ccf0000 - 0x00007ffd3cd24000 	C:\WINDOWS\system32\rsaenh.dll
0x00007ffd3e550000 - 0x00007ffd3e577000 	C:\WINDOWS\System32\bcrypt.dll
0x00007ffd3dba0000 - 0x00007ffd3dbce000 	C:\WINDOWS\SYSTEM32\USERENV.dll
0x00007ffd3d640000 - 0x00007ffd3d64c000 	C:\WINDOWS\SYSTEM32\CRYPTBASE.dll
0x00007ffd3d0f0000 - 0x00007ffd3d12b000 	C:\WINDOWS\SYSTEM32\IPHLPAPI.DLL
0x00007ffd403c0000 - 0x00007ffd403c8000 	C:\WINDOWS\System32\NSI.dll
0x00007ffd335a0000 - 0x00007ffd335b7000 	C:\WINDOWS\SYSTEM32\dhcpcsvc6.DLL
0x00007ffd33380000 - 0x00007ffd3339d000 	C:\WINDOWS\SYSTEM32\dhcpcsvc.DLL
0x00007ffd3d140000 - 0x00007ffd3d20a000 	C:\WINDOWS\SYSTEM32\DNSAPI.dll
0x00007ffd103a0000 - 0x00007ffd103a7000 	C:\WINDOWS\system32\wshunix.dll

dbghelp: loaded successfully - version: 4.0.5 - missing functions: none
symbol engine: initialized successfully - sym options: 0x614 - pdb path: .;C:\Program Files\Android\Android Studio\jbr\bin;C:\WINDOWS\SYSTEM32;C:\WINDOWS\WinSxS\amd64_microsoft.windows.common-controls_6595b64144ccf1df_6.0.19041.3570_none_60bb2a3971f3e41a;C:\Program Files\Android\Android Studio\jbr\bin\server;C:\Users\vkhan\.gradle\native\68d5fa5c4cc2d200863cafc0d521ce42e7d3e7ee720ec0a83991735586a16f82\windows-amd64;C:\Users\vkhan\.gradle\native\e376f236ea51e6404a007f0833ffe2c6e607c4080706a723a18a27aeea778392\windows-amd64

VM Arguments:
jvm_args: --add-opens=java.base/java.util=ALL-UNNAMED --add-opens=java.base/java.lang=ALL-UNNAMED --add-opens=java.base/java.lang.invoke=ALL-UNNAMED --add-opens=java.prefs/java.util.prefs=ALL-UNNAMED --add-opens=java.base/java.nio.charset=ALL-UNNAMED --add-opens=java.base/java.net=ALL-UNNAMED --add-opens=java.base/java.util.concurrent.atomic=ALL-UNNAMED -Xmx2048m -Dfile.encoding=UTF-8 -Duser.country=US -Duser.language=en -Duser.variant 
java_command: org.gradle.launcher.daemon.bootstrap.GradleDaemon 8.0
java_class_path (initial): C:\Users\vkhan\.gradle\wrapper\dists\gradle-8.0-bin\ca5e32bp14vu59qr306oxotwh\gradle-8.0\lib\gradle-launcher-8.0.jar
Launcher Type: SUN_STANDARD

[Global flags]
     intx CICompilerCount                          = 4                                         {product} {ergonomic}
     uint ConcGCThreads                            = 2                                         {product} {ergonomic}
     uint G1ConcRefinementThreads                  = 8                                         {product} {ergonomic}
   size_t G1HeapRegionSize                         = 1048576                                   {product} {ergonomic}
    uintx GCDrainStackTargetSize                   = 64                                        {product} {ergonomic}
   size_t InitialHeapSize                          = 132120576                                 {product} {ergonomic}
   size_t MarkStackSize                            = 4194304                                   {product} {ergonomic}
   size_t MaxHeapSize                              = 2147483648                                {product} {command line}
   size_t MaxNewSize                               = 1287651328                                {product} {ergonomic}
   size_t MinHeapDeltaBytes                        = 1048576                                   {product} {ergonomic}
   size_t MinHeapSize                              = 8388608                                   {product} {ergonomic}
    uintx NonNMethodCodeHeapSize                   = 5839372                                {pd product} {ergonomic}
    uintx NonProfiledCodeHeapSize                  = 122909434                              {pd product} {ergonomic}
    uintx ProfiledCodeHeapSize                     = 122909434                              {pd product} {ergonomic}
    uintx ReservedCodeCacheSize                    = 251658240                              {pd product} {ergonomic}
     bool SegmentedCodeCache                       = true                                      {product} {ergonomic}
   size_t SoftMaxHeapSize                          = 2147483648                             {manageable} {ergonomic}
     bool UseCompressedClassPointers               = true                           {product lp64_product} {ergonomic}
     bool UseCompressedOops                        = true                           {product lp64_product} {ergonomic}
     bool UseG1GC                                  = true                                      {product} {ergonomic}
     bool UseLargePagesIndividualAllocation        = false                                  {pd product} {ergonomic}

Logging:
Log output configuration:
 #0: stdout all=warning uptime,level,tags
 #1: stderr all=off uptime,level,tags

Environment Variables:
PATH=C:\Program Files\Common Files\Oracle\Java\javapath;C:\Program Files (x86)\Common Files\Oracle\Java\javapath;C:\WINDOWS\system32;C:\WINDOWS;C:\WINDOWS\System32\Wbem;C:\WINDOWS\System32\WindowsPowerShell\v1.0\;C:\WINDOWS\System32\OpenSSH\;C:\Program Files\Microsoft SQL Server\Client SDK\ODBC\170\Tools\Binn\;C:\Program Files (x86)\Microsoft SQL Server\150\Tools\Binn\;C:\Program Files\Microsoft SQL Server\150\Tools\Binn\;C:\Program Files\Microsoft SQL Server\150\DTS\Binn\;C:\Program Files (x86)\Microsoft SQL Server\160\DTS\Binn\;C:\Program Files\Azure Data Studio\bin;C:\Program Files\Git\cmd;C:\Program Files\nodejs\;C:\Users\vkhan\AppData\Local\Programs\Python\Python311\Scripts\;C:\Users\vkhan\AppData\Local\Programs\Python\Python311\;C:\Users\vkhan\AppData\Local\Microsoft\WindowsApps;C:\Users\vkhan\AppData\Local\Programs\Microsoft VS Code\bin;C:\Program Files\Azure Data Studio\bin;C:\Users\vkhan\AppData\Roaming\npm;C:\Program Files\nodejs;
USERNAME=Admin
OS=Windows_NT
PROCESSOR_IDENTIFIER=Intel64 Family 6 Model 126 Stepping 5, GenuineIntel
TMP=C:\Users\vkhan\AppData\Local\Temp
TEMP=C:\Users\vkhan\AppData\Local\Temp



---------------  S Y S T E M  ---------------

OS:
 Windows 10 , 64 bit Build 19041 (10.0.19041.3570)
OS uptime: 5 days 19:57 hours

CPU: total 8 (initial active 8) (4 cores per cpu, 2 threads per core) family 6 model 126 stepping 5 microcode 0xbc, cx8, cmov, fxsr, ht, mmx, 3dnowpref, sse, sse2, sse3, ssse3, sse4.1, sse4.2, popcnt, lzcnt, tsc, tscinvbit, avx, avx2, aes, erms, clmul, bmi1, bmi2, adx, avx512f, avx512dq, avx512cd, avx512bw, avx512vl, sha, fma, vzeroupper, avx512_vpopcntdq, avx512_vpclmulqdq, avx512_vaes, avx512_vnni, clflush, clflushopt, avx512_vbmi2, avx512_vbmi

Memory: 4k page, system-wide physical 7959M (313M free)
TotalPageFile size 20759M (AvailPageFile size 24M)
current process WorkingSet (physical memory assigned to process): 354M, peak: 362M
current process commit charge ("private bytes"): 447M, peak: 611M

vm_info: OpenJDK 64-Bit Server VM (17.0.6+0-b2043.56-9586694) for windows-amd64 JRE (17.0.6+0-b2043.56-9586694), built on Feb  9 2023 20:06:20 by "androidbuild" with MS VC++ 16.10 / 16.11 (VS2019)

END.
