#
# There is insufficient memory for the Java Runtime Environment to continue.
# Native memory allocation (mmap) failed to map 111149056 bytes for G1 virtual space
# Possible reasons:
#   The system is out of physical RAM or swap space
#   The process is running with CompressedOops enabled, and the Java Heap may be blocking the growth of the native heap
# Possible solutions:
#   Reduce memory load on the system
#   Increase physical memory or swap space
#   Check if swap backing store is full
#   Decrease Java heap size (-Xmx/-Xms)
#   Decrease number of Java threads
#   Decrease Java thread stack sizes (-Xss)
#   Set larger code cache with -XX:ReservedCodeCacheSize=
#   JVM is running with Unscaled Compressed Oops mode in which the Java heap is
#     placed in the first 4GB address space. The Java Heap base address is the
#     maximum limit for the native heap growth. Please use -XX:HeapBaseMinAddress
#     to set the Java Heap base and to place the Java Heap above 4GB virtual address.
# This output file may be truncated or incomplete.
#
#  Out of Memory Error (os_windows.cpp:3769), pid=7192, tid=14644
#
# JRE version: OpenJDK Runtime Environment (17.0.6) (build 17.0.6+0-b2043.56-9586694)
# Java VM: OpenJDK 64-Bit Server VM (17.0.6+0-b2043.56-9586694, mixed mode, tiered, compressed oops, compressed class ptrs, g1 gc, windows-amd64)
# No core dump will be written. Minidumps are not enabled by default on client versions of Windows
#

---------------  S U M M A R Y ------------

Command Line: --add-opens=java.base/java.util=ALL-UNNAMED --add-opens=java.base/java.lang=ALL-UNNAMED --add-opens=java.base/java.lang.invoke=ALL-UNNAMED --add-opens=java.prefs/java.util.prefs=ALL-UNNAMED --add-opens=java.base/java.nio.charset=ALL-UNNAMED --add-opens=java.base/java.net=ALL-UNNAMED --add-opens=java.base/java.util.concurrent.atomic=ALL-UNNAMED -Xmx2048m -Dfile.encoding=UTF-8 -Duser.country=US -Duser.language=en -Duser.variant org.gradle.launcher.daemon.bootstrap.GradleDaemon 8.0

Host: Intel(R) Core(TM) i5-1035G1 CPU @ 1.00GHz, 8 cores, 7G,  Windows 10 , 64 bit Build 19041 (10.0.19041.3570)
Time: Sun Nov 12 14:50:04 2023 SE Asia Standard Time elapsed time: 9.226617 seconds (0d 0h 0m 9s)

---------------  T H R E A D  ---------------

Current thread (0x0000019d5f205b30):  VMThread "VM Thread" [stack: 0x000000806c100000,0x000000806c200000] [id=14644]

Stack: [0x000000806c100000,0x000000806c200000]
Native frames: (J=compiled Java code, j=interpreted, Vv=VM code, C=native code)
V  [jvm.dll+0x683b4a]
V  [jvm.dll+0x842654]
V  [jvm.dll+0x843dfe]
V  [jvm.dll+0x844463]
V  [jvm.dll+0x249b75]
V  [jvm.dll+0x680a19]
V  [jvm.dll+0x674f0a]
V  [jvm.dll+0x309acb]
V  [jvm.dll+0x310f86]
V  [jvm.dll+0x3608ee]
V  [jvm.dll+0x360b1f]
V  [jvm.dll+0x2dfbf8]
V  [jvm.dll+0x2ddec4]
V  [jvm.dll+0x2dd4cc]
V  [jvm.dll+0x321f3b]
V  [jvm.dll+0x84893b]
V  [jvm.dll+0x849674]
V  [jvm.dll+0x849b8d]
V  [jvm.dll+0x849f64]
V  [jvm.dll+0x84a030]
V  [jvm.dll+0x7f25fa]
V  [jvm.dll+0x682985]
C  [ucrtbase.dll+0x21bb2]
C  [KERNEL32.DLL+0x17344]
C  [ntdll.dll+0x526b1]

VM_Operation (0x000000806d8f4800): G1CollectForAllocation, mode: safepoint, requested by thread 0x0000019d62851850


---------------  P R O C E S S  ---------------

Threads class SMR info:
_java_thread_list=0x0000019d64cd3d50, length=125, elements={
0x0000019d45409650, 0x0000019d5fc12610, 0x0000019d5f268b80, 0x0000019d5f27f950,
0x0000019d5f280500, 0x0000019d5fc2d000, 0x0000019d5fc2d8c0, 0x0000019d5fc2e5a0,
0x0000019d5fc2ef90, 0x0000019d5fc2f980, 0x0000019d5fda5b50, 0x0000019d5fda6430,
0x0000019d617ae7d0, 0x0000019d62850eb0, 0x0000019d62851380, 0x0000019d62850510,
0x0000019d6284ed00, 0x0000019d62850040, 0x0000019d62851850, 0x0000019d6284f1d0,
0x0000019d628509e0, 0x0000019d6284de90, 0x0000019d6284e360, 0x0000019d6284e830,
0x0000019d6284fb70, 0x0000019d615d3a30, 0x0000019d615d1d50, 0x0000019d615d0540,
0x0000019d615d2220, 0x0000019d615d3560, 0x0000019d615d0ee0, 0x0000019d615d1880,
0x0000019d615d26f0, 0x0000019d615d0070, 0x0000019d615d2bc0, 0x0000019d64769f10,
0x0000019d647656e0, 0x0000019d6476a3e0, 0x0000019d647690a0, 0x0000019d6476a8b0,
0x0000019d64763a00, 0x0000019d64763060, 0x0000019d64764d40, 0x0000019d64765bb0,
0x0000019d64768230, 0x0000019d64766080, 0x0000019d64766550, 0x0000019d64766a20,
0x0000019d647673c0, 0x0000019d64768bd0, 0x0000019d64766ef0, 0x0000019d64767890,
0x0000019d64765210, 0x0000019d64768700, 0x0000019d64769570, 0x0000019d64763530,
0x0000019d64ba4be0, 0x0000019d64ba1220, 0x0000019d64ba63f0, 0x0000019d64ba2f00,
0x0000019d64ba0880, 0x0000019d64ba5f20, 0x0000019d64ba03b0, 0x0000019d64ba2560,
0x0000019d64ba5580, 0x0000019d64b9fa10, 0x0000019d64ba2a30, 0x0000019d64b9fee0,
0x0000019d64ba50b0, 0x0000019d64ba3d70, 0x0000019d64ba68c0, 0x0000019d64ba5a50,
0x0000019d64ba4710, 0x0000019d64b9f070, 0x0000019d64ba2090, 0x0000019d64b9f540,
0x0000019d64ba0d50, 0x0000019d64ba16f0, 0x0000019d64ba1bc0, 0x0000019d64ba33d0,
0x0000019d64ba38a0, 0x0000019d64ba4240, 0x0000019d62dd6070, 0x0000019d62ddcf20,
0x0000019d62ddc0b0, 0x0000019d62ddb710, 0x0000019d62dd6a10, 0x0000019d62dd8bc0,
0x0000019d62dd8220, 0x0000019d62ddbbe0, 0x0000019d62dd6ee0, 0x0000019d62dd9f00,
0x0000019d62dd9a30, 0x0000019d62dd73b0, 0x0000019d62dda3d0, 0x0000019d62dda8a0,
0x0000019d62ddad70, 0x0000019d62ddca50, 0x0000019d62ddb240, 0x0000019d62dd86f0,
0x0000019d62ddc580, 0x0000019d62dd56d0, 0x0000019d62dd5ba0, 0x0000019d62dd9090,
0x0000019d62dd6540, 0x0000019d62dd7880, 0x0000019d62dd7d50, 0x0000019d62dd9560,
0x0000019d64bd84b0, 0x0000019d64bd4150, 0x0000019d64bd4620, 0x0000019d64bd8980,
0x0000019d64bd7fe0, 0x0000019d64bd67d0, 0x0000019d64bd2e10, 0x0000019d64bd7640,
0x0000019d64bd32e0, 0x0000019d64bd4fc0, 0x0000019d64bd7b10, 0x0000019d64bd8e50,
0x0000019d64bd9320, 0x0000019d64bd37b0, 0x0000019d64bd6ca0, 0x0000019d64bda190,
0x0000019d64bd5490
}

Java Threads: ( => current thread )
  0x0000019d45409650 JavaThread "main" [_thread_blocked, id=5600, stack(0x000000806bb00000,0x000000806bc00000)]
  0x0000019d5fc12610 JavaThread "Reference Handler" daemon [_thread_blocked, id=13272, stack(0x000000806c200000,0x000000806c300000)]
  0x0000019d5f268b80 JavaThread "Finalizer" daemon [_thread_blocked, id=19316, stack(0x000000806c300000,0x000000806c400000)]
  0x0000019d5f27f950 JavaThread "Signal Dispatcher" daemon [_thread_blocked, id=1816, stack(0x000000806c400000,0x000000806c500000)]
  0x0000019d5f280500 JavaThread "Attach Listener" daemon [_thread_blocked, id=10256, stack(0x000000806c500000,0x000000806c600000)]
  0x0000019d5fc2d000 JavaThread "Service Thread" daemon [_thread_blocked, id=18384, stack(0x000000806c600000,0x000000806c700000)]
  0x0000019d5fc2d8c0 JavaThread "Monitor Deflation Thread" daemon [_thread_blocked, id=8408, stack(0x000000806c700000,0x000000806c800000)]
  0x0000019d5fc2e5a0 JavaThread "C2 CompilerThread0" daemon [_thread_blocked, id=12432, stack(0x000000806c800000,0x000000806c900000)]
  0x0000019d5fc2ef90 JavaThread "C1 CompilerThread0" daemon [_thread_blocked, id=1084, stack(0x000000806c900000,0x000000806ca00000)]
  0x0000019d5fc2f980 JavaThread "Sweeper thread" daemon [_thread_blocked, id=10280, stack(0x000000806ca00000,0x000000806cb00000)]
  0x0000019d5fda5b50 JavaThread "Common-Cleaner" daemon [_thread_blocked, id=12760, stack(0x000000806cb00000,0x000000806cc00000)]
  0x0000019d5fda6430 JavaThread "Notification Thread" daemon [_thread_blocked, id=20004, stack(0x000000806cc00000,0x000000806cd00000)]
  0x0000019d617ae7d0 JavaThread "Daemon health stats" [_thread_blocked, id=12704, stack(0x000000806d300000,0x000000806d400000)]
  0x0000019d62850eb0 JavaThread "Incoming local TCP Connector on port 62796" [_thread_in_native, id=13444, stack(0x000000806ce00000,0x000000806cf00000)]
  0x0000019d62851380 JavaThread "Daemon periodic checks" [_thread_blocked, id=13120, stack(0x000000806d400000,0x000000806d500000)]
  0x0000019d62850510 JavaThread "Daemon" [_thread_blocked, id=19756, stack(0x000000806d500000,0x000000806d600000)]
  0x0000019d6284ed00 JavaThread "Handler for socket connection from /127.0.0.1:62796 to /127.0.0.1:62797" [_thread_in_native, id=18520, stack(0x000000806d600000,0x000000806d700000)]
  0x0000019d62850040 JavaThread "Cancel handler" [_thread_blocked, id=1568, stack(0x000000806d700000,0x000000806d800000)]
  0x0000019d62851850 JavaThread "Daemon worker" [_thread_blocked, id=3680, stack(0x000000806d800000,0x000000806d900000)]
  0x0000019d6284f1d0 JavaThread "Asynchronous log dispatcher for DefaultDaemonConnection: socket connection from /127.0.0.1:62796 to /127.0.0.1:62797" [_thread_blocked, id=17672, stack(0x000000806d900000,0x000000806da00000)]
  0x0000019d628509e0 JavaThread "Stdin handler" [_thread_blocked, id=17072, stack(0x000000806da00000,0x000000806db00000)]
  0x0000019d6284de90 JavaThread "Daemon client event forwarder" [_thread_blocked, id=18720, stack(0x000000806db00000,0x000000806dc00000)]
  0x0000019d6284e360 JavaThread "Cache worker for journal cache (C:\Users\vkhan\.gradle\caches\journal-1)" [_thread_blocked, id=21812, stack(0x000000806e000000,0x000000806e100000)]
  0x0000019d6284e830 JavaThread "File lock request listener" [_thread_in_native, id=12960, stack(0x000000806e100000,0x000000806e200000)]
  0x0000019d6284fb70 JavaThread "Cache worker for file hash cache (C:\Users\vkhan\.gradle\caches\8.0\fileHashes)" [_thread_blocked, id=12172, stack(0x000000806e200000,0x000000806e300000)]
  0x0000019d615d3a30 JavaThread "File watcher server" daemon [_thread_in_native, id=9424, stack(0x000000806e300000,0x000000806e400000)]
  0x0000019d615d1d50 JavaThread "File watcher consumer" daemon [_thread_blocked, id=14152, stack(0x000000806e400000,0x000000806e500000)]
  0x0000019d615d0540 JavaThread "Cache worker for checksums cache (D:\LUANVAN\LV_QuanLiQuanAn\QuanLyQuanAn0609\.gradle\8.0\checksums)" [_thread_blocked, id=17752, stack(0x000000806e500000,0x000000806e600000)]
  0x0000019d615d2220 JavaThread "Cache worker for cache directory md-rule (C:\Users\vkhan\.gradle\caches\8.0\md-rule)" [_thread_blocked, id=9868, stack(0x000000806e600000,0x000000806e700000)]
  0x0000019d615d3560 JavaThread "Cache worker for file content cache (C:\Users\vkhan\.gradle\caches\8.0\fileContent)" [_thread_blocked, id=11340, stack(0x000000806e700000,0x000000806e800000)]
  0x0000019d615d0ee0 JavaThread "Cache worker for file hash cache (D:\LUANVAN\LV_QuanLiQuanAn\QuanLyQuanAn0609\.gradle\8.0\fileHashes)" [_thread_blocked, id=4820, stack(0x000000806e800000,0x000000806e900000)]
  0x0000019d615d1880 JavaThread "Cache worker for cache directory md-supplier (C:\Users\vkhan\.gradle\caches\8.0\md-supplier)" [_thread_blocked, id=17084, stack(0x000000806e900000,0x000000806ea00000)]
  0x0000019d615d26f0 JavaThread "Cache worker for execution history cache (C:\Users\vkhan\.gradle\caches\8.0\executionHistory)" [_thread_blocked, id=8476, stack(0x000000806ea00000,0x000000806eb00000)]
  0x0000019d615d0070 JavaThread "jar transforms" [_thread_blocked, id=21852, stack(0x000000806eb00000,0x000000806ec00000)]
  0x0000019d615d2bc0 JavaThread "jar transforms Thread 2" [_thread_blocked, id=21324, stack(0x000000806ec00000,0x000000806ed00000)]
  0x0000019d64769f10 JavaThread "jar transforms Thread 3" [_thread_blocked, id=1156, stack(0x000000806ee00000,0x000000806ef00000)]
  0x0000019d647656e0 JavaThread "jar transforms Thread 4" [_thread_blocked, id=9380, stack(0x000000806ef00000,0x000000806f000000)]
  0x0000019d6476a3e0 JavaThread "Cache worker for dependencies-accessors (D:\LUANVAN\LV_QuanLiQuanAn\QuanLyQuanAn0609\.gradle\8.0\dependencies-accessors)" [_thread_blocked, id=10028, stack(0x000000806f000000,0x000000806f100000)]
  0x0000019d647690a0 JavaThread "jar transforms Thread 5" [_thread_blocked, id=15700, stack(0x000000806f100000,0x000000806f200000)]
  0x0000019d6476a8b0 JavaThread "Cache worker for Build Output Cleanup Cache (D:\LUANVAN\LV_QuanLiQuanAn\QuanLyQuanAn0609\.gradle\buildOutputCleanup)" [_thread_blocked, id=12456, stack(0x000000806f200000,0x000000806f300000)]
  0x0000019d64763a00 JavaThread "Unconstrained build operations" [_thread_blocked, id=20996, stack(0x000000806f300000,0x000000806f400000)]
  0x0000019d64763060 JavaThread "Unconstrained build operations Thread 2" [_thread_blocked, id=15124, stack(0x000000806f400000,0x000000806f500000)]
  0x0000019d64764d40 JavaThread "Unconstrained build operations Thread 3" [_thread_blocked, id=17472, stack(0x000000806f500000,0x000000806f600000)]
  0x0000019d64765bb0 JavaThread "Unconstrained build operations Thread 4" [_thread_blocked, id=9436, stack(0x000000806f600000,0x000000806f700000)]
  0x0000019d64768230 JavaThread "Unconstrained build operations Thread 5" [_thread_blocked, id=10588, stack(0x000000806f700000,0x000000806f800000)]
  0x0000019d64766080 JavaThread "Unconstrained build operations Thread 6" [_thread_blocked, id=13132, stack(0x000000806f800000,0x000000806f900000)]
  0x0000019d64766550 JavaThread "Unconstrained build operations Thread 7" [_thread_blocked, id=9208, stack(0x000000806f900000,0x000000806fa00000)]
  0x0000019d64766a20 JavaThread "Unconstrained build operations Thread 8" [_thread_blocked, id=10652, stack(0x000000806fa00000,0x000000806fb00000)]
  0x0000019d647673c0 JavaThread "Unconstrained build operations Thread 9" [_thread_blocked, id=14768, stack(0x000000806fb00000,0x000000806fc00000)]
  0x0000019d64768bd0 JavaThread "Unconstrained build operations Thread 10" [_thread_blocked, id=13392, stack(0x000000806fc00000,0x000000806fd00000)]
  0x0000019d64766ef0 JavaThread "Unconstrained build operations Thread 11" [_thread_blocked, id=9532, stack(0x000000806fd00000,0x000000806fe00000)]
  0x0000019d64767890 JavaThread "Unconstrained build operations Thread 12" [_thread_blocked, id=21804, stack(0x000000806fe00000,0x000000806ff00000)]
  0x0000019d64765210 JavaThread "Unconstrained build operations Thread 13" [_thread_blocked, id=19172, stack(0x000000806ff00000,0x0000008070000000)]
  0x0000019d64768700 JavaThread "Unconstrained build operations Thread 14" [_thread_blocked, id=21228, stack(0x0000008070000000,0x0000008070100000)]
  0x0000019d64769570 JavaThread "Unconstrained build operations Thread 15" [_thread_blocked, id=12488, stack(0x0000008070100000,0x0000008070200000)]
  0x0000019d64763530 JavaThread "Unconstrained build operations Thread 16" [_thread_blocked, id=3388, stack(0x0000008070200000,0x0000008070300000)]
  0x0000019d64ba4be0 JavaThread "Unconstrained build operations Thread 17" [_thread_blocked, id=8436, stack(0x0000008070300000,0x0000008070400000)]
  0x0000019d64ba1220 JavaThread "Unconstrained build operations Thread 18" [_thread_blocked, id=10776, stack(0x0000008070400000,0x0000008070500000)]
  0x0000019d64ba63f0 JavaThread "Unconstrained build operations Thread 19" [_thread_blocked, id=6628, stack(0x0000008070500000,0x0000008070600000)]
  0x0000019d64ba2f00 JavaThread "Unconstrained build operations Thread 20" [_thread_blocked, id=268, stack(0x0000008070600000,0x0000008070700000)]
  0x0000019d64ba0880 JavaThread "Unconstrained build operations Thread 21" [_thread_blocked, id=18788, stack(0x0000008070700000,0x0000008070800000)]
  0x0000019d64ba5f20 JavaThread "Unconstrained build operations Thread 22" [_thread_blocked, id=14700, stack(0x0000008070800000,0x0000008070900000)]
  0x0000019d64ba03b0 JavaThread "Unconstrained build operations Thread 23" [_thread_blocked, id=13288, stack(0x0000008070900000,0x0000008070a00000)]
  0x0000019d64ba2560 JavaThread "Unconstrained build operations Thread 24" [_thread_blocked, id=5760, stack(0x0000008070a00000,0x0000008070b00000)]
  0x0000019d64ba5580 JavaThread "Unconstrained build operations Thread 25" [_thread_blocked, id=20268, stack(0x0000008070b00000,0x0000008070c00000)]
  0x0000019d64b9fa10 JavaThread "Unconstrained build operations Thread 26" [_thread_blocked, id=9788, stack(0x0000008070c00000,0x0000008070d00000)]
  0x0000019d64ba2a30 JavaThread "Unconstrained build operations Thread 27" [_thread_blocked, id=8404, stack(0x0000008070d00000,0x0000008070e00000)]
  0x0000019d64b9fee0 JavaThread "Unconstrained build operations Thread 28" [_thread_blocked, id=10940, stack(0x0000008070e00000,0x0000008070f00000)]
  0x0000019d64ba50b0 JavaThread "Unconstrained build operations Thread 29" [_thread_blocked, id=11052, stack(0x0000008070f00000,0x0000008071000000)]
  0x0000019d64ba3d70 JavaThread "Unconstrained build operations Thread 30" [_thread_blocked, id=4476, stack(0x0000008071000000,0x0000008071100000)]
  0x0000019d64ba68c0 JavaThread "Unconstrained build operations Thread 31" [_thread_blocked, id=2564, stack(0x0000008071100000,0x0000008071200000)]
  0x0000019d64ba5a50 JavaThread "Unconstrained build operations Thread 32" [_thread_blocked, id=20308, stack(0x0000008071200000,0x0000008071300000)]
  0x0000019d64ba4710 JavaThread "Unconstrained build operations Thread 33" [_thread_blocked, id=10648, stack(0x0000008071300000,0x0000008071400000)]
  0x0000019d64b9f070 JavaThread "Unconstrained build operations Thread 34" [_thread_blocked, id=14356, stack(0x0000008071400000,0x0000008071500000)]
  0x0000019d64ba2090 JavaThread "Unconstrained build operations Thread 35" [_thread_blocked, id=1824, stack(0x0000008071500000,0x0000008071600000)]
  0x0000019d64b9f540 JavaThread "Unconstrained build operations Thread 36" [_thread_blocked, id=5920, stack(0x0000008071600000,0x0000008071700000)]
  0x0000019d64ba0d50 JavaThread "Unconstrained build operations Thread 37" [_thread_blocked, id=18148, stack(0x0000008071700000,0x0000008071800000)]
  0x0000019d64ba16f0 JavaThread "Unconstrained build operations Thread 38" [_thread_blocked, id=12964, stack(0x0000008071800000,0x0000008071900000)]
  0x0000019d64ba1bc0 JavaThread "Unconstrained build operations Thread 39" [_thread_blocked, id=20120, stack(0x0000008071900000,0x0000008071a00000)]
  0x0000019d64ba33d0 JavaThread "Unconstrained build operations Thread 40" [_thread_blocked, id=3176, stack(0x0000008071a00000,0x0000008071b00000)]
  0x0000019d64ba38a0 JavaThread "Unconstrained build operations Thread 41" [_thread_blocked, id=10556, stack(0x0000008071b00000,0x0000008071c00000)]
  0x0000019d64ba4240 JavaThread "Unconstrained build operations Thread 42" [_thread_blocked, id=19744, stack(0x0000008071c00000,0x0000008071d00000)]
  0x0000019d62dd6070 JavaThread "Unconstrained build operations Thread 43" [_thread_blocked, id=6884, stack(0x0000008071d00000,0x0000008071e00000)]
  0x0000019d62ddcf20 JavaThread "Unconstrained build operations Thread 44" [_thread_blocked, id=20332, stack(0x0000008071e00000,0x0000008071f00000)]
  0x0000019d62ddc0b0 JavaThread "Unconstrained build operations Thread 45" [_thread_blocked, id=19216, stack(0x0000008071f00000,0x0000008072000000)]
  0x0000019d62ddb710 JavaThread "Unconstrained build operations Thread 46" [_thread_blocked, id=14968, stack(0x0000008072000000,0x0000008072100000)]
  0x0000019d62dd6a10 JavaThread "Unconstrained build operations Thread 47" [_thread_blocked, id=20748, stack(0x0000008072100000,0x0000008072200000)]
  0x0000019d62dd8bc0 JavaThread "Unconstrained build operations Thread 48" [_thread_blocked, id=11980, stack(0x0000008072200000,0x0000008072300000)]
  0x0000019d62dd8220 JavaThread "Unconstrained build operations Thread 49" [_thread_blocked, id=1424, stack(0x0000008072300000,0x0000008072400000)]
  0x0000019d62ddbbe0 JavaThread "Unconstrained build operations Thread 50" [_thread_blocked, id=18660, stack(0x0000008072400000,0x0000008072500000)]
  0x0000019d62dd6ee0 JavaThread "Unconstrained build operations Thread 51" [_thread_blocked, id=916, stack(0x0000008072500000,0x0000008072600000)]
  0x0000019d62dd9f00 JavaThread "Unconstrained build operations Thread 52" [_thread_blocked, id=16348, stack(0x0000008072600000,0x0000008072700000)]
  0x0000019d62dd9a30 JavaThread "Unconstrained build operations Thread 53" [_thread_blocked, id=14216, stack(0x0000008072700000,0x0000008072800000)]
  0x0000019d62dd73b0 JavaThread "Unconstrained build operations Thread 54" [_thread_blocked, id=5792, stack(0x0000008072800000,0x0000008072900000)]
  0x0000019d62dda3d0 JavaThread "Unconstrained build operations Thread 55" [_thread_blocked, id=7688, stack(0x0000008072900000,0x0000008072a00000)]
  0x0000019d62dda8a0 JavaThread "Unconstrained build operations Thread 56" [_thread_blocked, id=3804, stack(0x0000008072a00000,0x0000008072b00000)]
  0x0000019d62ddad70 JavaThread "Unconstrained build operations Thread 57" [_thread_blocked, id=16400, stack(0x0000008072b00000,0x0000008072c00000)]
  0x0000019d62ddca50 JavaThread "Unconstrained build operations Thread 58" [_thread_blocked, id=16652, stack(0x0000008072c00000,0x0000008072d00000)]
  0x0000019d62ddb240 JavaThread "Unconstrained build operations Thread 59" [_thread_blocked, id=17296, stack(0x0000008072d00000,0x0000008072e00000)]
  0x0000019d62dd86f0 JavaThread "Unconstrained build operations Thread 60" [_thread_blocked, id=19248, stack(0x0000008072e00000,0x0000008072f00000)]
  0x0000019d62ddc580 JavaThread "Unconstrained build operations Thread 61" [_thread_blocked, id=7208, stack(0x0000008072f00000,0x0000008073000000)]
  0x0000019d62dd56d0 JavaThread "Unconstrained build operations Thread 62" [_thread_blocked, id=9212, stack(0x0000008073000000,0x0000008073100000)]
  0x0000019d62dd5ba0 JavaThread "Unconstrained build operations Thread 63" [_thread_blocked, id=14932, stack(0x0000008073100000,0x0000008073200000)]
  0x0000019d62dd9090 JavaThread "Unconstrained build operations Thread 64" [_thread_blocked, id=21732, stack(0x0000008073200000,0x0000008073300000)]
  0x0000019d62dd6540 JavaThread "Unconstrained build operations Thread 65" [_thread_blocked, id=16048, stack(0x0000008073300000,0x0000008073400000)]
  0x0000019d62dd7880 JavaThread "Unconstrained build operations Thread 66" [_thread_blocked, id=14916, stack(0x0000008073400000,0x0000008073500000)]
  0x0000019d62dd7d50 JavaThread "Unconstrained build operations Thread 67" [_thread_blocked, id=18700, stack(0x0000008073500000,0x0000008073600000)]
  0x0000019d62dd9560 JavaThread "Unconstrained build operations Thread 68" [_thread_blocked, id=19124, stack(0x0000008073600000,0x0000008073700000)]
  0x0000019d64bd84b0 JavaThread "Unconstrained build operations Thread 69" [_thread_blocked, id=19352, stack(0x0000008073700000,0x0000008073800000)]
  0x0000019d64bd4150 JavaThread "Unconstrained build operations Thread 70" [_thread_blocked, id=20812, stack(0x0000008073800000,0x0000008073900000)]
  0x0000019d64bd4620 JavaThread "Unconstrained build operations Thread 71" [_thread_blocked, id=19400, stack(0x0000008073900000,0x0000008073a00000)]
  0x0000019d64bd8980 JavaThread "Unconstrained build operations Thread 72" [_thread_blocked, id=13584, stack(0x0000008073a00000,0x0000008073b00000)]
  0x0000019d64bd7fe0 JavaThread "Unconstrained build operations Thread 73" [_thread_blocked, id=17764, stack(0x0000008073b00000,0x0000008073c00000)]
  0x0000019d64bd67d0 JavaThread "Unconstrained build operations Thread 74" [_thread_blocked, id=17280, stack(0x0000008073c00000,0x0000008073d00000)]
  0x0000019d64bd2e10 JavaThread "Unconstrained build operations Thread 75" [_thread_blocked, id=14100, stack(0x0000008073d00000,0x0000008073e00000)]
  0x0000019d64bd7640 JavaThread "Unconstrained build operations Thread 76" [_thread_blocked, id=636, stack(0x0000008073e00000,0x0000008073f00000)]
  0x0000019d64bd32e0 JavaThread "Unconstrained build operations Thread 77" [_thread_blocked, id=15060, stack(0x0000008073f00000,0x0000008074000000)]
  0x0000019d64bd4fc0 JavaThread "Unconstrained build operations Thread 78" [_thread_blocked, id=12220, stack(0x0000008074000000,0x0000008074100000)]
  0x0000019d64bd7b10 JavaThread "Unconstrained build operations Thread 79" [_thread_blocked, id=1928, stack(0x0000008074100000,0x0000008074200000)]
  0x0000019d64bd8e50 JavaThread "Unconstrained build operations Thread 80" [_thread_blocked, id=15380, stack(0x0000008074200000,0x0000008074300000)]
  0x0000019d64bd9320 JavaThread "jar transforms Thread 6" [_thread_blocked, id=18264, stack(0x0000008074300000,0x0000008074400000)]
  0x0000019d64bd37b0 JavaThread "jar transforms Thread 7" [_thread_blocked, id=9164, stack(0x0000008074400000,0x0000008074500000)]
  0x0000019d64bd6ca0 JavaThread "jar transforms Thread 8" [_thread_blocked, id=16728, stack(0x0000008074500000,0x0000008074600000)]
  0x0000019d64bda190 JavaThread "build event listener" [_thread_blocked, id=20384, stack(0x0000008074600000,0x0000008074700000)]
  0x0000019d64bd5490 JavaThread "Memory manager" [_thread_blocked, id=20700, stack(0x0000008074700000,0x0000008074800000)]

Other Threads:
=>0x0000019d5f205b30 VMThread "VM Thread" [stack: 0x000000806c100000,0x000000806c200000] [id=14644]
  0x0000019d45484640 WatcherThread [stack: 0x000000806cd00000,0x000000806ce00000] [id=19008]
  0x0000019d45468a20 GCTaskThread "GC Thread#0" [stack: 0x000000806bc00000,0x000000806bd00000] [id=17520]
  0x0000019d60b816b0 GCTaskThread "GC Thread#1" [stack: 0x000000806cf00000,0x000000806d000000] [id=6676]
  0x0000019d607bfea0 GCTaskThread "GC Thread#2" [stack: 0x000000806d000000,0x000000806d100000] [id=15620]
  0x0000019d60d79a20 GCTaskThread "GC Thread#3" [stack: 0x000000806d100000,0x000000806d200000] [id=3936]
  0x0000019d61652ad0 GCTaskThread "GC Thread#4" [stack: 0x000000806d200000,0x000000806d300000] [id=22500]
  0x0000019d613923d0 GCTaskThread "GC Thread#5" [stack: 0x000000806dc00000,0x000000806dd00000] [id=10116]
  0x0000019d6133a320 GCTaskThread "GC Thread#6" [stack: 0x000000806dd00000,0x000000806de00000] [id=5944]
  0x0000019d61625740 GCTaskThread "GC Thread#7" [stack: 0x000000806de00000,0x000000806df00000] [id=5924]
  0x0000019d45479960 ConcurrentGCThread "G1 Main Marker" [stack: 0x000000806bd00000,0x000000806be00000] [id=19568]
  0x0000019d4547cb20 ConcurrentGCThread "G1 Conc#0" [stack: 0x000000806be00000,0x000000806bf00000] [id=11420]
  0x0000019d616249d0 ConcurrentGCThread "G1 Conc#1" [stack: 0x000000806df00000,0x000000806e000000] [id=21432]
  0x0000019d5f0b80e0 ConcurrentGCThread "G1 Refine#0" [stack: 0x000000806bf00000,0x000000806c000000] [id=16604]
  0x0000019d643536c0 ConcurrentGCThread "G1 Refine#1" [stack: 0x000000806ed00000,0x000000806ee00000] [id=8168]
  0x0000019d454dec10 ConcurrentGCThread "G1 Service" [stack: 0x000000806c000000,0x000000806c100000] [id=15388]

Threads with active compile tasks:
C2 CompilerThread0     9256 6922       4       java.util.jar.JarFile::getManifest (5 bytes)

VM state: at safepoint (normal execution)

VM Mutex/Monitor currently owned by a thread:  ([mutex/lock_event])
[0x0000019d45403890] Threads_lock - owner thread: 0x0000019d5f205b30
[0x0000019d45405540] Heap_lock - owner thread: 0x0000019d62851850

Heap address: 0x0000000080000000, size: 2048 MB, Compressed Oops mode: 32-bit

CDS archive(s) not mapped
Compressed class space mapped at: 0x0000000100000000-0x0000000140000000, reserved size: 1073741824
Narrow klass base: 0x0000000000000000, Narrow klass shift: 3, Narrow klass range: 0x140000000

GC Precious Log:
 CPUs: 8 total, 8 available
 Memory: 7959M
 Large Page Support: Disabled
 NUMA Support: Disabled
 Compressed Oops: Enabled (32-bit)
 Heap Region Size: 1M
 Heap Min Capacity: 8M
 Heap Initial Capacity: 126M
 Heap Max Capacity: 2G
 Pre-touch: Disabled
 Parallel Workers: 8
 Concurrent Workers: 2
 Concurrent Refinement Workers: 8
 Periodic GC: Disabled

Heap:
 garbage-first heap   total 129024K, used 61767K [0x0000000080000000, 0x0000000100000000)
  region size 1024K, 1 young (1024K), 1 survivors (1024K)
 Metaspace       used 73613K, committed 74240K, reserved 1114112K
  class space    used 9959K, committed 10240K, reserved 1048576K

Heap Regions: E=young(eden), S=young(survivor), O=old, HS=humongous(starts), HC=humongous(continues), CS=collection set, F=free, OA=open archive, CA=closed archive, TAMS=top-at-mark-start (previous, next)
|   0|0x0000000080000000, 0x0000000080100000, 0x0000000080100000|100%|HS|  |TAMS 0x0000000080100000, 0x0000000080000000| Complete 
|   1|0x0000000080100000, 0x0000000080200000, 0x0000000080200000|100%|HC|  |TAMS 0x0000000080200000, 0x0000000080100000| Complete 
|   2|0x0000000080200000, 0x0000000080300000, 0x0000000080300000|100%|HC|  |TAMS 0x0000000080300000, 0x0000000080200000| Complete 
|   3|0x0000000080300000, 0x0000000080400000, 0x0000000080400000|100%|HC|  |TAMS 0x0000000080400000, 0x0000000080300000| Complete 
|   4|0x0000000080400000, 0x0000000080500000, 0x0000000080500000|100%| O|  |TAMS 0x0000000080500000, 0x0000000080400000| Untracked 
|   5|0x0000000080500000, 0x0000000080600000, 0x0000000080600000|100%| O|  |TAMS 0x0000000080600000, 0x0000000080500000| Untracked 
|   6|0x0000000080600000, 0x0000000080700000, 0x0000000080700000|100%| O|  |TAMS 0x0000000080700000, 0x0000000080600000| Untracked 
|   7|0x0000000080700000, 0x0000000080800000, 0x0000000080800000|100%| O|  |TAMS 0x0000000080800000, 0x0000000080700000| Untracked 
|   8|0x0000000080800000, 0x0000000080900000, 0x0000000080900000|100%| O|  |TAMS 0x0000000080900000, 0x0000000080800000| Untracked 
|   9|0x0000000080900000, 0x0000000080a00000, 0x0000000080a00000|100%| O|  |TAMS 0x0000000080a00000, 0x0000000080900000| Untracked 
|  10|0x0000000080a00000, 0x0000000080b00000, 0x0000000080b00000|100%| O|  |TAMS 0x0000000080b00000, 0x0000000080a00000| Untracked 
|  11|0x0000000080b00000, 0x0000000080c00000, 0x0000000080c00000|100%| O|  |TAMS 0x0000000080c00000, 0x0000000080b00000| Untracked 
|  12|0x0000000080c00000, 0x0000000080d00000, 0x0000000080d00000|100%| O|  |TAMS 0x0000000080d00000, 0x0000000080c00000| Untracked 
|  13|0x0000000080d00000, 0x0000000080e00000, 0x0000000080e00000|100%| O|  |TAMS 0x0000000080e00000, 0x0000000080d00000| Untracked 
|  14|0x0000000080e00000, 0x0000000080f00000, 0x0000000080f00000|100%| O|  |TAMS 0x0000000080f00000, 0x0000000080e00000| Untracked 
|  15|0x0000000080f00000, 0x0000000081000000, 0x0000000081000000|100%| O|  |TAMS 0x0000000081000000, 0x0000000080f00000| Untracked 
|  16|0x0000000081000000, 0x0000000081100000, 0x0000000081100000|100%| O|  |TAMS 0x0000000081100000, 0x0000000081000000| Untracked 
|  17|0x0000000081100000, 0x0000000081200000, 0x0000000081200000|100%| O|  |TAMS 0x0000000081200000, 0x0000000081100000| Untracked 
|  18|0x0000000081200000, 0x0000000081300000, 0x0000000081300000|100%| O|  |TAMS 0x0000000081300000, 0x0000000081200000| Untracked 
|  19|0x0000000081300000, 0x0000000081400000, 0x0000000081400000|100%| O|  |TAMS 0x0000000081400000, 0x0000000081300000| Untracked 
|  20|0x0000000081400000, 0x0000000081500000, 0x0000000081500000|100%| O|  |TAMS 0x0000000081500000, 0x0000000081400000| Untracked 
|  21|0x0000000081500000, 0x0000000081600000, 0x0000000081600000|100%| O|  |TAMS 0x0000000081600000, 0x0000000081500000| Untracked 
|  22|0x0000000081600000, 0x0000000081700000, 0x0000000081700000|100%| O|  |TAMS 0x0000000081600000, 0x0000000081600000| Untracked 
|  23|0x0000000081700000, 0x0000000081800000, 0x0000000081800000|100%| O|  |TAMS 0x0000000081800000, 0x0000000081700000| Untracked 
|  24|0x0000000081800000, 0x0000000081900000, 0x0000000081900000|100%| O|  |TAMS 0x0000000081900000, 0x0000000081800000| Untracked 
|  25|0x0000000081900000, 0x0000000081a00000, 0x0000000081a00000|100%| O|  |TAMS 0x0000000081a00000, 0x0000000081900000| Untracked 
|  26|0x0000000081a00000, 0x0000000081b00000, 0x0000000081b00000|100%| O|  |TAMS 0x0000000081b00000, 0x0000000081a00000| Untracked 
|  27|0x0000000081b00000, 0x0000000081c00000, 0x0000000081c00000|100%| O|  |TAMS 0x0000000081c00000, 0x0000000081b00000| Untracked 
|  28|0x0000000081c00000, 0x0000000081d00000, 0x0000000081d00000|100%| O|  |TAMS 0x0000000081d00000, 0x0000000081c00000| Untracked 
|  29|0x0000000081d00000, 0x0000000081e00000, 0x0000000081e00000|100%| O|  |TAMS 0x0000000081e00000, 0x0000000081d00000| Untracked 
|  30|0x0000000081e00000, 0x0000000081f00000, 0x0000000081f00000|100%| O|  |TAMS 0x0000000081f00000, 0x0000000081e00000| Untracked 
|  31|0x0000000081f00000, 0x0000000081f00000, 0x0000000082000000|  0%| F|  |TAMS 0x0000000081f00000, 0x0000000081f00000| Untracked 
|  32|0x0000000082000000, 0x0000000082100000, 0x0000000082100000|100%|HS|  |TAMS 0x0000000082100000, 0x0000000082000000| Complete 
|  33|0x0000000082100000, 0x0000000082200000, 0x0000000082200000|100%| O|  |TAMS 0x0000000082200000, 0x0000000082100000| Untracked 
|  34|0x0000000082200000, 0x0000000082300000, 0x0000000082300000|100%| O|  |TAMS 0x0000000082300000, 0x0000000082200000| Untracked 
|  35|0x0000000082300000, 0x0000000082400000, 0x0000000082400000|100%| O|  |TAMS 0x0000000082400000, 0x0000000082300000| Untracked 
|  36|0x0000000082400000, 0x0000000082500000, 0x0000000082500000|100%|HS|  |TAMS 0x0000000082500000, 0x0000000082400000| Complete 
|  37|0x0000000082500000, 0x0000000082600000, 0x0000000082600000|100%| O|  |TAMS 0x0000000082600000, 0x0000000082500000| Untracked 
|  38|0x0000000082600000, 0x0000000082700000, 0x0000000082700000|100%| O|  |TAMS 0x0000000082700000, 0x0000000082600000| Untracked 
|  39|0x0000000082700000, 0x0000000082800000, 0x0000000082800000|100%| O|  |TAMS 0x0000000082800000, 0x0000000082700000| Untracked 
|  40|0x0000000082800000, 0x0000000082900000, 0x0000000082900000|100%| O|  |TAMS 0x0000000082900000, 0x0000000082800000| Untracked 
|  41|0x0000000082900000, 0x0000000082a00000, 0x0000000082a00000|100%| O|  |TAMS 0x0000000082a00000, 0x0000000082900000| Untracked 
|  42|0x0000000082a00000, 0x0000000082b00000, 0x0000000082b00000|100%| O|  |TAMS 0x0000000082b00000, 0x0000000082a00000| Untracked 
|  43|0x0000000082b00000, 0x0000000082c00000, 0x0000000082c00000|100%| O|  |TAMS 0x0000000082c00000, 0x0000000082b00000| Untracked 
|  44|0x0000000082c00000, 0x0000000082d00000, 0x0000000082d00000|100%| O|  |TAMS 0x0000000082d00000, 0x0000000082c00000| Untracked 
|  45|0x0000000082d00000, 0x0000000082e00000, 0x0000000082e00000|100%| O|  |TAMS 0x0000000082e00000, 0x0000000082d00000| Untracked 
|  46|0x0000000082e00000, 0x0000000082f00000, 0x0000000082f00000|100%| O|  |TAMS 0x0000000082f00000, 0x0000000082e00000| Untracked 
|  47|0x0000000082f00000, 0x0000000083000000, 0x0000000083000000|100%| O|  |TAMS 0x0000000083000000, 0x0000000082f00000| Untracked 
|  48|0x0000000083000000, 0x0000000083100000, 0x0000000083100000|100%| O|  |TAMS 0x0000000083100000, 0x0000000083000000| Untracked 
|  49|0x0000000083100000, 0x0000000083200000, 0x0000000083200000|100%| O|  |TAMS 0x0000000083200000, 0x0000000083100000| Untracked 
|  50|0x0000000083200000, 0x0000000083300000, 0x0000000083300000|100%| O|  |TAMS 0x0000000083300000, 0x0000000083200000| Untracked 
|  51|0x0000000083300000, 0x0000000083400000, 0x0000000083400000|100%| O|  |TAMS 0x0000000083400000, 0x0000000083300000| Untracked 
|  52|0x0000000083400000, 0x0000000083500000, 0x0000000083500000|100%| O|  |TAMS 0x0000000083500000, 0x0000000083400000| Untracked 
|  53|0x0000000083500000, 0x0000000083600000, 0x0000000083600000|100%| O|  |TAMS 0x0000000083600000, 0x0000000083500000| Untracked 
|  54|0x0000000083600000, 0x0000000083700000, 0x0000000083700000|100%| O|  |TAMS 0x0000000083700000, 0x0000000083600000| Untracked 
|  55|0x0000000083700000, 0x0000000083800000, 0x0000000083800000|100%| O|  |TAMS 0x0000000083800000, 0x0000000083700000| Untracked 
|  56|0x0000000083800000, 0x0000000083900000, 0x0000000083900000|100%| O|  |TAMS 0x0000000083850c00, 0x0000000083800000| Untracked 
|  57|0x0000000083900000, 0x0000000083a00000, 0x0000000083a00000|100%| O|  |TAMS 0x0000000083900000, 0x0000000083900000| Untracked 
|  58|0x0000000083a00000, 0x0000000083b00000, 0x0000000083b00000|100%| O|  |TAMS 0x0000000083a00000, 0x0000000083a00000| Untracked 
|  59|0x0000000083b00000, 0x0000000083c00000, 0x0000000083c00000|100%| O|  |TAMS 0x0000000083b00000, 0x0000000083b00000| Untracked 
|  60|0x0000000083c00000, 0x0000000083c8a400, 0x0000000083d00000| 54%| O|  |TAMS 0x0000000083c00000, 0x0000000083c00000| Untracked 
|  61|0x0000000083d00000, 0x0000000083d00000, 0x0000000083e00000|  0%| F|  |TAMS 0x0000000083d00000, 0x0000000083d00000| Untracked 
|  62|0x0000000083e00000, 0x0000000083e00000, 0x0000000083f00000|  0%| F|  |TAMS 0x0000000083e00000, 0x0000000083e00000| Untracked 
|  63|0x0000000083f00000, 0x0000000083f00000, 0x0000000084000000|  0%| F|  |TAMS 0x0000000083f00000, 0x0000000083f00000| Untracked 
|  64|0x0000000084000000, 0x0000000084000000, 0x0000000084100000|  0%| F|  |TAMS 0x0000000084000000, 0x0000000084000000| Untracked 
|  65|0x0000000084100000, 0x0000000084100000, 0x0000000084200000|  0%| F|  |TAMS 0x0000000084100000, 0x0000000084100000| Untracked 
|  66|0x0000000084200000, 0x0000000084200000, 0x0000000084300000|  0%| F|  |TAMS 0x0000000084200000, 0x0000000084200000| Untracked 
|  67|0x0000000084300000, 0x0000000084300000, 0x0000000084400000|  0%| F|  |TAMS 0x0000000084300000, 0x0000000084300000| Untracked 
|  68|0x0000000084400000, 0x0000000084400000, 0x0000000084500000|  0%| F|  |TAMS 0x0000000084400000, 0x0000000084400000| Untracked 
|  69|0x0000000084500000, 0x0000000084500000, 0x0000000084600000|  0%| F|  |TAMS 0x0000000084500000, 0x0000000084500000| Untracked 
|  70|0x0000000084600000, 0x0000000084600000, 0x0000000084700000|  0%| F|  |TAMS 0x0000000084600000, 0x0000000084600000| Untracked 
|  71|0x0000000084700000, 0x0000000084700000, 0x0000000084800000|  0%| F|  |TAMS 0x0000000084700000, 0x0000000084700000| Untracked 
|  72|0x0000000084800000, 0x0000000084800000, 0x0000000084900000|  0%| F|  |TAMS 0x0000000084800000, 0x0000000084800000| Untracked 
|  73|0x0000000084900000, 0x0000000084900000, 0x0000000084a00000|  0%| F|  |TAMS 0x0000000084900000, 0x0000000084900000| Untracked 
|  74|0x0000000084a00000, 0x0000000084a00000, 0x0000000084b00000|  0%| F|  |TAMS 0x0000000084a00000, 0x0000000084a00000| Untracked 
|  75|0x0000000084b00000, 0x0000000084b00000, 0x0000000084c00000|  0%| F|  |TAMS 0x0000000084b00000, 0x0000000084b00000| Untracked 
|  76|0x0000000084c00000, 0x0000000084c00000, 0x0000000084d00000|  0%| F|  |TAMS 0x0000000084c00000, 0x0000000084c00000| Untracked 
|  77|0x0000000084d00000, 0x0000000084d00000, 0x0000000084e00000|  0%| F|  |TAMS 0x0000000084d00000, 0x0000000084d00000| Untracked 
|  78|0x0000000084e00000, 0x0000000084e00000, 0x0000000084f00000|  0%| F|  |TAMS 0x0000000084e00000, 0x0000000084e00000| Untracked 
|  79|0x0000000084f00000, 0x0000000084f00000, 0x0000000085000000|  0%| F|  |TAMS 0x0000000084f00000, 0x0000000084f00000| Untracked 
|  80|0x0000000085000000, 0x0000000085000000, 0x0000000085100000|  0%| F|  |TAMS 0x0000000085000000, 0x0000000085000000| Untracked 
|  81|0x0000000085100000, 0x0000000085100000, 0x0000000085200000|  0%| F|  |TAMS 0x0000000085100000, 0x0000000085100000| Untracked 
|  82|0x0000000085200000, 0x0000000085200000, 0x0000000085300000|  0%| F|  |TAMS 0x0000000085200000, 0x0000000085200000| Untracked 
|  83|0x0000000085300000, 0x0000000085300000, 0x0000000085400000|  0%| F|  |TAMS 0x0000000085300000, 0x0000000085300000| Untracked 
|  84|0x0000000085400000, 0x0000000085400000, 0x0000000085500000|  0%| F|  |TAMS 0x0000000085400000, 0x0000000085400000| Untracked 
|  85|0x0000000085500000, 0x0000000085500000, 0x0000000085600000|  0%| F|  |TAMS 0x0000000085500000, 0x0000000085500000| Untracked 
|  86|0x0000000085600000, 0x0000000085600000, 0x0000000085700000|  0%| F|  |TAMS 0x0000000085600000, 0x0000000085600000| Untracked 
|  87|0x0000000085700000, 0x0000000085700000, 0x0000000085800000|  0%| F|  |TAMS 0x0000000085700000, 0x0000000085700000| Untracked 
|  88|0x0000000085800000, 0x0000000085800000, 0x0000000085900000|  0%| F|  |TAMS 0x0000000085800000, 0x0000000085800000| Untracked 
|  89|0x0000000085900000, 0x0000000085900000, 0x0000000085a00000|  0%| F|  |TAMS 0x0000000085900000, 0x0000000085900000| Untracked 
|  90|0x0000000085a00000, 0x0000000085a00000, 0x0000000085b00000|  0%| F|  |TAMS 0x0000000085a00000, 0x0000000085a00000| Untracked 
|  91|0x0000000085b00000, 0x0000000085b00000, 0x0000000085c00000|  0%| F|  |TAMS 0x0000000085b00000, 0x0000000085b00000| Untracked 
|  92|0x0000000085c00000, 0x0000000085c00000, 0x0000000085d00000|  0%| F|  |TAMS 0x0000000085c00000, 0x0000000085c00000| Untracked 
|  93|0x0000000085d00000, 0x0000000085d00000, 0x0000000085e00000|  0%| F|  |TAMS 0x0000000085d00000, 0x0000000085d00000| Untracked 
|  94|0x0000000085e00000, 0x0000000085e00000, 0x0000000085f00000|  0%| F|  |TAMS 0x0000000085e00000, 0x0000000085e00000| Untracked 
|  95|0x0000000085f00000, 0x0000000085f00000, 0x0000000086000000|  0%| F|  |TAMS 0x0000000085f00000, 0x0000000085f00000| Untracked 
|  96|0x0000000086000000, 0x0000000086000000, 0x0000000086100000|  0%| F|  |TAMS 0x0000000086000000, 0x0000000086000000| Untracked 
|  97|0x0000000086100000, 0x0000000086100000, 0x0000000086200000|  0%| F|  |TAMS 0x0000000086100000, 0x0000000086100000| Untracked 
|  98|0x0000000086200000, 0x0000000086200000, 0x0000000086300000|  0%| F|  |TAMS 0x0000000086200000, 0x0000000086200000| Untracked 
|  99|0x0000000086300000, 0x0000000086300000, 0x0000000086400000|  0%| F|  |TAMS 0x0000000086300000, 0x0000000086300000| Untracked 
| 100|0x0000000086400000, 0x0000000086400000, 0x0000000086500000|  0%| F|  |TAMS 0x0000000086400000, 0x0000000086400000| Untracked 
| 101|0x0000000086500000, 0x0000000086500000, 0x0000000086600000|  0%| F|  |TAMS 0x0000000086500000, 0x0000000086500000| Untracked 
| 102|0x0000000086600000, 0x0000000086600000, 0x0000000086700000|  0%| F|  |TAMS 0x0000000086600000, 0x0000000086600000| Untracked 
| 103|0x0000000086700000, 0x0000000086700000, 0x0000000086800000|  0%| F|  |TAMS 0x0000000086700000, 0x0000000086700000| Untracked 
| 104|0x0000000086800000, 0x0000000086800000, 0x0000000086900000|  0%| F|  |TAMS 0x0000000086800000, 0x0000000086800000| Untracked 
| 105|0x0000000086900000, 0x0000000086900000, 0x0000000086a00000|  0%| F|  |TAMS 0x0000000086900000, 0x0000000086900000| Untracked 
| 106|0x0000000086a00000, 0x0000000086a00000, 0x0000000086b00000|  0%| F|  |TAMS 0x0000000086a00000, 0x0000000086a00000| Untracked 
| 107|0x0000000086b00000, 0x0000000086b00000, 0x0000000086c00000|  0%| F|  |TAMS 0x0000000086b00000, 0x0000000086b00000| Untracked 
| 108|0x0000000086c00000, 0x0000000086c00000, 0x0000000086d00000|  0%| F|  |TAMS 0x0000000086c00000, 0x0000000086c00000| Untracked 
| 109|0x0000000086d00000, 0x0000000086d00000, 0x0000000086e00000|  0%| F|  |TAMS 0x0000000086d00000, 0x0000000086d00000| Untracked 
| 110|0x0000000086e00000, 0x0000000086e00000, 0x0000000086f00000|  0%| F|  |TAMS 0x0000000086e00000, 0x0000000086e00000| Untracked 
| 111|0x0000000086f00000, 0x0000000086fc7a40, 0x0000000087000000| 77%| S|CS|TAMS 0x0000000086f00000, 0x0000000086f00000| Complete 
| 112|0x0000000087000000, 0x0000000087000000, 0x0000000087100000|  0%| F|  |TAMS 0x0000000087000000, 0x0000000087000000| Untracked 
| 113|0x0000000087100000, 0x0000000087100000, 0x0000000087200000|  0%| F|  |TAMS 0x0000000087100000, 0x0000000087100000| Untracked 
| 114|0x0000000087200000, 0x0000000087200000, 0x0000000087300000|  0%| F|  |TAMS 0x0000000087200000, 0x0000000087200000| Untracked 
| 115|0x0000000087300000, 0x0000000087300000, 0x0000000087400000|  0%| F|  |TAMS 0x0000000087300000, 0x0000000087300000| Untracked 
| 116|0x0000000087400000, 0x0000000087400000, 0x0000000087500000|  0%| F|  |TAMS 0x0000000087400000, 0x0000000087400000| Untracked 
| 117|0x0000000087500000, 0x0000000087500000, 0x0000000087600000|  0%| F|  |TAMS 0x0000000087500000, 0x0000000087500000| Untracked 
| 118|0x0000000087600000, 0x0000000087600000, 0x0000000087700000|  0%| F|  |TAMS 0x0000000087600000, 0x0000000087600000| Untracked 
| 119|0x0000000087700000, 0x0000000087700000, 0x0000000087800000|  0%| F|  |TAMS 0x0000000087700000, 0x0000000087700000| Untracked 
| 120|0x0000000087800000, 0x0000000087800000, 0x0000000087900000|  0%| F|  |TAMS 0x0000000087800000, 0x0000000087800000| Untracked 
| 121|0x0000000087900000, 0x0000000087900000, 0x0000000087a00000|  0%| F|  |TAMS 0x0000000087900000, 0x0000000087900000| Untracked 
| 122|0x0000000087a00000, 0x0000000087a00000, 0x0000000087b00000|  0%| F|  |TAMS 0x0000000087a00000, 0x0000000087a00000| Untracked 
| 123|0x0000000087b00000, 0x0000000087b00000, 0x0000000087c00000|  0%| F|  |TAMS 0x0000000087b00000, 0x0000000087b00000| Untracked 
| 124|0x0000000087c00000, 0x0000000087c00000, 0x0000000087d00000|  0%| F|  |TAMS 0x0000000087c00000, 0x0000000087c00000| Untracked 
| 125|0x0000000087d00000, 0x0000000087d00000, 0x0000000087e00000|  0%| F|  |TAMS 0x0000000087d00000, 0x0000000087d00000| Untracked 

Card table byte_map: [0x0000019d58010000,0x0000019d58410000] _byte_map_base: 0x0000019d57c10000

Marking Bits (Prev, Next): (CMBitMap*) 0x0000019d45469070, (CMBitMap*) 0x0000019d45469030
 Prev Bits: [0x0000019d5a810000, 0x0000019d5c810000)
 Next Bits: [0x0000019d58810000, 0x0000019d5a810000)

Polling page: 0x0000019d44be0000

Metaspace:

Usage:
  Non-class:     62.16 MB used.
      Class:      9.73 MB used.
       Both:     71.89 MB used.

Virtual space:
  Non-class space:       64.00 MB reserved,      62.50 MB ( 98%) committed,  8 nodes.
      Class space:        1.00 GB reserved,      10.00 MB ( <1%) committed,  1 nodes.
             Both:        1.06 GB reserved,      72.50 MB (  7%) committed. 

Chunk freelists:
   Non-Class:  1.23 MB
       Class:  1.95 MB
        Both:  3.19 MB

MaxMetaspaceSize: unlimited
CompressedClassSpaceSize: 1.00 GB
Initial GC threshold: 21.00 MB
Current GC threshold: 115.44 MB
CDS: off
MetaspaceReclaimPolicy: balanced
 - commit_granule_bytes: 65536.
 - commit_granule_words: 8192.
 - virtual_space_node_default_size: 1048576.
 - enlarge_chunks_in_place: 1.
 - new_chunks_are_fully_committed: 0.
 - uncommit_free_chunks: 1.
 - use_allocation_guard: 0.
 - handle_deallocations: 1.


Internal statistics:

num_allocs_failed_limit: 6.
num_arena_births: 652.
num_arena_deaths: 0.
num_vsnodes_births: 9.
num_vsnodes_deaths: 0.
num_space_committed: 1160.
num_space_uncommitted: 0.
num_chunks_returned_to_freelist: 6.
num_chunks_taken_from_freelist: 3140.
num_chunk_merges: 6.
num_chunk_splits: 2113.
num_chunks_enlarged: 1449.
num_purges: 0.
num_inconsistent_stats: 0.

CodeHeap 'non-profiled nmethods': size=120000Kb used=2609Kb max_used=3166Kb free=117390Kb
 bounds [0x0000019d503b0000, 0x0000019d506e0000, 0x0000019d578e0000]
CodeHeap 'profiled nmethods': size=120000Kb used=11700Kb max_used=13053Kb free=108299Kb
 bounds [0x0000019d488e0000, 0x0000019d495a0000, 0x0000019d4fe10000]
CodeHeap 'non-nmethods': size=5760Kb used=2370Kb max_used=2413Kb free=3389Kb
 bounds [0x0000019d4fe10000, 0x0000019d50080000, 0x0000019d503b0000]
 total_blobs=7191 nmethods=6306 adapters=797
 compilation: enabled
              stopped_count=0, restarted_count=0
 full_count=0

Compilation events (20 events):
Event: 9.164 Thread 0x0000019d5fc2ef90 7191       2       org.gradle.internal.instantiation.generator.AsmBackedClassGenerator$ClassBuilderImpl::access$1300 (4 bytes)
Event: 9.165 Thread 0x0000019d5fc2ef90 nmethod 7191 0x0000019d48ed3510 code [0x0000019d48ed36a0, 0x0000019d48ed3798]
Event: 9.167 Thread 0x0000019d5fc2ef90 7192       2       org.gradle.internal.instantiation.generator.AsmBackedClassGenerator$ClassBuilderImpl$LocalMethodVisitorScope::putServiceRegistryOnStack (56 bytes)
Event: 9.167 Thread 0x0000019d5fc2ef90 nmethod 7192 0x0000019d49106b10 code [0x0000019d49106d00, 0x0000019d49106ff8]
Event: 9.175 Thread 0x0000019d5fc2ef90 7193       2       org.gradle.internal.instantiation.generator.AbstractClassGenerator::isRoleType (49 bytes)
Event: 9.176 Thread 0x0000019d5fc2ef90 nmethod 7193 0x0000019d48d4ac10 code [0x0000019d48d4ae80, 0x0000019d48d4b658]
Event: 9.181 Thread 0x0000019d5fc2ef90 7194       1       com.android.build.gradle.internal.core.dsl.impl.ComponentDslInfoImpl::getComponentType (5 bytes)
Event: 9.181 Thread 0x0000019d5fc2ef90 nmethod 7194 0x0000019d50545190 code [0x0000019d50545320, 0x0000019d505453f8]
Event: 9.184 Thread 0x0000019d5fc2ef90 7195       2       org.gradle.model.internal.asm.MethodVisitorScope::_AASTORE (7 bytes)
Event: 9.184 Thread 0x0000019d5fc2ef90 nmethod 7195 0x0000019d49225110 code [0x0000019d492252a0, 0x0000019d492253e8]
Event: 9.189 Thread 0x0000019d5fc2ef90 7196       2       com.sun.beans.introspect.EventSetInfo::get (373 bytes)
Event: 9.192 Thread 0x0000019d5fc2ef90 nmethod 7196 0x0000019d48922610 code [0x0000019d48922a00, 0x0000019d48923ba8]
Event: 9.192 Thread 0x0000019d5fc2ef90 7197       2       groovy.lang.MetaClassImpl::applyStrayPropertyMethods (288 bytes)
Event: 9.193 Thread 0x0000019d5fc2ef90 nmethod 7197 0x0000019d48f0e790 code [0x0000019d48f0eaa0, 0x0000019d48f0f7b8]
Event: 9.202 Thread 0x0000019d5fc2ef90 7199 %     3       java.util.ComparableTimSort::binarySort @ 72 (223 bytes)
Event: 9.202 Thread 0x0000019d5fc2ef90 nmethod 7199% 0x0000019d48c08290 code [0x0000019d48c084c0, 0x0000019d48c09178]
Event: 9.207 Thread 0x0000019d5fc2ef90 7201       2       java.util.HashMap::values (25 bytes)
Event: 9.207 Thread 0x0000019d5fc2ef90 nmethod 7201 0x0000019d48bcf810 code [0x0000019d48bcf9a0, 0x0000019d48bcfbb8]
Event: 9.214 Thread 0x0000019d5fc2ef90 7203       2       java.util.Collections$UnmodifiableCollection::isEmpty (10 bytes)
Event: 9.214 Thread 0x0000019d5fc2ef90 nmethod 7203 0x0000019d49273c10 code [0x0000019d49273da0, 0x0000019d49273ec8]

GC Heap History (20 events):
Event: 7.778 GC heap after
{Heap after GC invocations=20 (full 0):
 garbage-first heap   total 89088K, used 51912K [0x0000000080000000, 0x0000000100000000)
  region size 1024K, 3 young (3072K), 3 survivors (3072K)
 Metaspace       used 62832K, committed 63360K, reserved 1105920K
  class space    used 8303K, committed 8512K, reserved 1048576K
}
Event: 7.787 GC heap before
{Heap before GC invocations=20 (full 0):
 garbage-first heap   total 89088K, used 52936K [0x0000000080000000, 0x0000000100000000)
  region size 1024K, 4 young (4096K), 3 survivors (3072K)
 Metaspace       used 62932K, committed 63424K, reserved 1105920K
  class space    used 8326K, committed 8512K, reserved 1048576K
}
Event: 7.789 GC heap after
{Heap after GC invocations=21 (full 0):
 garbage-first heap   total 89088K, used 52581K [0x0000000080000000, 0x0000000100000000)
  region size 1024K, 1 young (1024K), 1 survivors (1024K)
 Metaspace       used 62932K, committed 63424K, reserved 1105920K
  class space    used 8326K, committed 8512K, reserved 1048576K
}
Event: 7.974 GC heap before
{Heap before GC invocations=21 (full 0):
 garbage-first heap   total 89088K, used 71013K [0x0000000080000000, 0x0000000100000000)
  region size 1024K, 19 young (19456K), 1 survivors (1024K)
 Metaspace       used 64889K, committed 65408K, reserved 1105920K
  class space    used 8561K, committed 8768K, reserved 1048576K
}
Event: 7.976 GC heap after
{Heap after GC invocations=22 (full 0):
 garbage-first heap   total 89088K, used 53303K [0x0000000080000000, 0x0000000100000000)
  region size 1024K, 2 young (2048K), 2 survivors (2048K)
 Metaspace       used 64889K, committed 65408K, reserved 1105920K
  class space    used 8561K, committed 8768K, reserved 1048576K
}
Event: 8.178 GC heap before
{Heap before GC invocations=23 (full 0):
 garbage-first heap   total 96256K, used 71735K [0x0000000080000000, 0x0000000100000000)
  region size 1024K, 20 young (20480K), 2 survivors (2048K)
 Metaspace       used 66378K, committed 66880K, reserved 1114112K
  class space    used 8748K, committed 8960K, reserved 1048576K
}
Event: 8.181 GC heap after
{Heap after GC invocations=24 (full 0):
 garbage-first heap   total 96256K, used 55055K [0x0000000080000000, 0x0000000100000000)
  region size 1024K, 3 young (3072K), 3 survivors (3072K)
 Metaspace       used 66378K, committed 66880K, reserved 1114112K
  class space    used 8748K, committed 8960K, reserved 1048576K
}
Event: 8.188 GC heap before
{Heap before GC invocations=24 (full 0):
 garbage-first heap   total 96256K, used 56079K [0x0000000080000000, 0x0000000100000000)
  region size 1024K, 4 young (4096K), 3 survivors (3072K)
 Metaspace       used 66461K, committed 66944K, reserved 1114112K
  class space    used 8757K, committed 8960K, reserved 1048576K
}
Event: 8.191 GC heap after
{Heap after GC invocations=25 (full 0):
 garbage-first heap   total 115712K, used 54647K [0x0000000080000000, 0x0000000100000000)
  region size 1024K, 1 young (1024K), 1 survivors (1024K)
 Metaspace       used 66461K, committed 66944K, reserved 1114112K
  class space    used 8757K, committed 8960K, reserved 1048576K
}
Event: 8.226 GC heap before
{Heap before GC invocations=25 (full 0):
 garbage-first heap   total 115712K, used 56695K [0x0000000080000000, 0x0000000100000000)
  region size 1024K, 4 young (4096K), 1 survivors (1024K)
 Metaspace       used 66671K, committed 67136K, reserved 1114112K
  class space    used 8768K, committed 8960K, reserved 1048576K
}
Event: 8.227 GC heap after
{Heap after GC invocations=26 (full 0):
 garbage-first heap   total 115712K, used 54795K [0x0000000080000000, 0x0000000100000000)
  region size 1024K, 1 young (1024K), 1 survivors (1024K)
 Metaspace       used 66671K, committed 67136K, reserved 1114112K
  class space    used 8768K, committed 8960K, reserved 1048576K
}
Event: 8.467 GC heap before
{Heap before GC invocations=27 (full 0):
 garbage-first heap   total 115712K, used 90635K [0x0000000080000000, 0x0000000100000000)
  region size 1024K, 35 young (35840K), 1 survivors (1024K)
 Metaspace       used 67682K, committed 68288K, reserved 1114112K
  class space    used 8936K, committed 9216K, reserved 1048576K
}
Event: 8.470 GC heap after
{Heap after GC invocations=28 (full 0):
 garbage-first heap   total 115712K, used 57236K [0x0000000080000000, 0x0000000100000000)
  region size 1024K, 3 young (3072K), 3 survivors (3072K)
 Metaspace       used 67682K, committed 68288K, reserved 1114112K
  class space    used 8936K, committed 9216K, reserved 1048576K
}
Event: 8.479 GC heap before
{Heap before GC invocations=28 (full 0):
 garbage-first heap   total 115712K, used 59284K [0x0000000080000000, 0x0000000100000000)
  region size 1024K, 5 young (5120K), 3 survivors (3072K)
 Metaspace       used 67702K, committed 68288K, reserved 1114112K
  class space    used 8939K, committed 9216K, reserved 1048576K
}
Event: 8.482 GC heap after
{Heap after GC invocations=29 (full 0):
 garbage-first heap   total 115712K, used 57231K [0x0000000080000000, 0x0000000100000000)
  region size 1024K, 1 young (1024K), 1 survivors (1024K)
 Metaspace       used 67702K, committed 68288K, reserved 1114112K
  class space    used 8939K, committed 9216K, reserved 1048576K
}
Event: 8.769 GC heap before
{Heap before GC invocations=29 (full 0):
 garbage-first heap   total 115712K, used 91023K [0x0000000080000000, 0x0000000100000000)
  region size 1024K, 34 young (34816K), 1 survivors (1024K)
 Metaspace       used 70051K, committed 70720K, reserved 1114112K
  class space    used 9303K, committed 9600K, reserved 1048576K
}
Event: 8.772 GC heap after
{Heap after GC invocations=30 (full 0):
 garbage-first heap   total 115712K, used 59245K [0x0000000080000000, 0x0000000100000000)
  region size 1024K, 3 young (3072K), 3 survivors (3072K)
 Metaspace       used 70051K, committed 70720K, reserved 1114112K
  class space    used 9303K, committed 9600K, reserved 1048576K
}
Event: 9.209 GC heap before
{Heap before GC invocations=31 (full 0):
 garbage-first heap   total 115712K, used 92013K [0x0000000080000000, 0x0000000100000000)
  region size 1024K, 35 young (35840K), 3 survivors (3072K)
 Metaspace       used 73611K, committed 74240K, reserved 1114112K
  class space    used 9959K, committed 10240K, reserved 1048576K
}
Event: 9.213 GC heap after
{Heap after GC invocations=32 (full 0):
 garbage-first heap   total 115712K, used 61599K [0x0000000080000000, 0x0000000100000000)
  region size 1024K, 5 young (5120K), 5 survivors (5120K)
 Metaspace       used 73611K, committed 74240K, reserved 1114112K
  class space    used 9959K, committed 10240K, reserved 1048576K
}
Event: 9.216 GC heap before
{Heap before GC invocations=32 (full 0):
 garbage-first heap   total 115712K, used 62623K [0x0000000080000000, 0x0000000100000000)
  region size 1024K, 6 young (6144K), 5 survivors (5120K)
 Metaspace       used 73613K, committed 74240K, reserved 1114112K
  class space    used 9959K, committed 10240K, reserved 1048576K
}

Dll operation events (2 events):
Event: 0.012 Loaded shared library C:\Program Files\Android\Android Studio\jbr\bin\java.dll
Event: 0.749 Loaded shared library C:\Program Files\Android\Android Studio\jbr\bin\verify.dll

Deoptimization events (20 events):
Event: 8.290 Thread 0x0000019d62851850 Uncommon trap: trap_request=0xffffff45 fr.pc=0x0000019d503fa700 relative=0x0000000000000540
Event: 8.290 Thread 0x0000019d62851850 Uncommon trap: reason=unstable_if action=reinterpret pc=0x0000019d503fa700 method=java.lang.AbstractStringBuilder.putStringAt(ILjava/lang/String;II)V @ 8 c2
Event: 8.290 Thread 0x0000019d62851850 DEOPT PACKING pc=0x0000019d503fa700 sp=0x000000806d8f61e0
Event: 8.290 Thread 0x0000019d62851850 DEOPT UNPACKING pc=0x0000019d4fe6a1a3 sp=0x000000806d8f60c0 mode 2
Event: 8.290 Thread 0x0000019d62851850 Uncommon trap: trap_request=0xffffff45 fr.pc=0x0000019d503e892c relative=0x000000000000012c
Event: 8.290 Thread 0x0000019d62851850 Uncommon trap: reason=unstable_if action=reinterpret pc=0x0000019d503e892c method=java.lang.String.getBytes([BIIBI)V @ 6 c2
Event: 8.290 Thread 0x0000019d62851850 DEOPT PACKING pc=0x0000019d503e892c sp=0x000000806d8f6060
Event: 8.290 Thread 0x0000019d62851850 DEOPT UNPACKING pc=0x0000019d4fe6a1a3 sp=0x000000806d8f6028 mode 2
Event: 8.290 Thread 0x0000019d62851850 Uncommon trap: trap_request=0xffffff45 fr.pc=0x0000019d503e8474 relative=0x0000000000000154
Event: 8.290 Thread 0x0000019d62851850 Uncommon trap: reason=unstable_if action=reinterpret pc=0x0000019d503e8474 method=java.lang.AbstractStringBuilder.putStringAt(ILjava/lang/String;II)V @ 8 c2
Event: 8.290 Thread 0x0000019d62851850 DEOPT PACKING pc=0x0000019d503e8474 sp=0x000000806d8f6160
Event: 8.290 Thread 0x0000019d62851850 DEOPT UNPACKING pc=0x0000019d4fe6a1a3 sp=0x000000806d8f60a8 mode 2
Event: 8.359 Thread 0x0000019d62851850 Uncommon trap: trap_request=0xffffff45 fr.pc=0x0000019d506310d4 relative=0x0000000000000ad4
Event: 8.359 Thread 0x0000019d62851850 Uncommon trap: reason=unstable_if action=reinterpret pc=0x0000019d506310d4 method=java.lang.ClassLoader.loadClass(Ljava/lang/String;Z)Ljava/lang/Class; @ 29 c2
Event: 8.359 Thread 0x0000019d62851850 DEOPT PACKING pc=0x0000019d506310d4 sp=0x000000806d8f4850
Event: 8.359 Thread 0x0000019d62851850 DEOPT UNPACKING pc=0x0000019d4fe6a1a3 sp=0x000000806d8f4818 mode 2
Event: 8.669 Thread 0x0000019d62851850 Uncommon trap: trap_request=0xffffff45 fr.pc=0x0000019d506b49d8 relative=0x0000000000000418
Event: 8.669 Thread 0x0000019d62851850 Uncommon trap: reason=unstable_if action=reinterpret pc=0x0000019d506b49d8 method=java.lang.StringConcatHelper.simpleConcat(Ljava/lang/Object;Ljava/lang/Object;)Ljava/lang/String; @ 30 c2
Event: 8.669 Thread 0x0000019d62851850 DEOPT PACKING pc=0x0000019d506b49d8 sp=0x000000806d8f8740
Event: 8.669 Thread 0x0000019d62851850 DEOPT UNPACKING pc=0x0000019d4fe6a1a3 sp=0x000000806d8f86f8 mode 2

Classes unloaded (0 events):
No events

Classes redefined (0 events):
No events

Internal exceptions (20 events):
Event: 8.543 Thread 0x0000019d62851850 Exception <a 'java/lang/ClassNotFoundException'{0x0000000086199618}: org/gradle/api/internal/file/collections/DefaultConfigurableFileTreeCustomizer> (0x0000000086199618) 
thrown [s\src\hotspot\share\classfile\systemDictionary.cpp, line 256]
Event: 9.010 Thread 0x0000019d62851850 Exception <a 'java/lang/NoSuchMethodError'{0x0000000086170e10}: 'int java.lang.invoke.DirectMethodHandle$Holder.invokeSpecialIFC(java.lang.Object, java.lang.Object, java.lang.Object, java.lang.Object, java.lang.Object)'> (0x0000000086170e10) 
thrown [s\src\hotspot\share\interpreter\linkResolver.cpp, line 771]
Event: 9.188 Thread 0x0000019d62851850 Exception <a 'java/lang/ClassNotFoundException'{0x0000000085459e90}: com/android/build/gradle/internal/api/ApkVariantOutputImpl_DecoratedBeanInfo> (0x0000000085459e90) 
thrown [s\src\hotspot\share\classfile\systemDictionary.cpp, line 256]
Event: 9.188 Thread 0x0000019d62851850 Exception <a 'java/lang/ClassNotFoundException'{0x0000000085466a20}: com/android/build/gradle/internal/api/ApkVariantOutputImplBeanInfo> (0x0000000085466a20) 
thrown [s\src\hotspot\share\classfile\systemDictionary.cpp, line 256]
Event: 9.189 Thread 0x0000019d62851850 Exception <a 'java/lang/ClassNotFoundException'{0x00000000854735c0}: com/android/build/gradle/internal/api/BaseVariantOutputImplBeanInfo> (0x00000000854735c0) 
thrown [s\src\hotspot\share\classfile\systemDictionary.cpp, line 256]
Event: 9.189 Thread 0x0000019d62851850 Exception <a 'java/lang/ClassNotFoundException'{0x00000000854803e0}: com/android/build/gradle/internal/api/BaseVariantOutputImplCustomizer> (0x00000000854803e0) 
thrown [s\src\hotspot\share\classfile\systemDictionary.cpp, line 256]
Event: 9.190 Thread 0x0000019d62851850 Exception <a 'java/lang/ClassNotFoundException'{0x000000008549fb68}: com/android/build/gradle/internal/api/ApkVariantOutputImplCustomizer> (0x000000008549fb68) 
thrown [s\src\hotspot\share\classfile\systemDictionary.cpp, line 256]
Event: 9.191 Thread 0x0000019d62851850 Exception <a 'java/lang/ClassNotFoundException'{0x00000000854b9318}: com/android/build/gradle/internal/api/ApkVariantOutputImpl_DecoratedCustomizer> (0x00000000854b9318) 
thrown [s\src\hotspot\share\classfile\systemDictionary.cpp, line 256]
Event: 9.204 Thread 0x0000019d62851850 Exception <a 'java/lang/ClassNotFoundException'{0x00000000852a6bc8}: com/android/build/gradle/internal/api/ApplicationVariantImpl_DecoratedBeanInfo> (0x00000000852a6bc8) 
thrown [s\src\hotspot\share\classfile\systemDictionary.cpp, line 256]
Event: 9.204 Thread 0x0000019d62851850 Exception <a 'java/lang/ClassNotFoundException'{0x00000000852b4768}: com/android/build/gradle/internal/api/ApplicationVariantImplBeanInfo> (0x00000000852b4768) 
thrown [s\src\hotspot\share\classfile\systemDictionary.cpp, line 256]
Event: 9.204 Thread 0x0000019d62851850 Exception <a 'java/lang/ClassNotFoundException'{0x00000000852c2768}: com/android/build/gradle/internal/api/ApkVariantImplBeanInfo> (0x00000000852c2768) 
thrown [s\src\hotspot\share\classfile\systemDictionary.cpp, line 256]
Event: 9.205 Thread 0x0000019d62851850 Exception <a 'java/lang/ClassNotFoundException'{0x00000000852d0848}: com/android/build/gradle/internal/api/InstallableVariantImplBeanInfo> (0x00000000852d0848) 
thrown [s\src\hotspot\share\classfile\systemDictionary.cpp, line 256]
Event: 9.205 Thread 0x0000019d62851850 Exception <a 'java/lang/ClassNotFoundException'{0x00000000852dec50}: com/android/build/gradle/internal/api/AndroidArtifactVariantImplBeanInfo> (0x00000000852dec50) 
thrown [s\src\hotspot\share\classfile\systemDictionary.cpp, line 256]
Event: 9.205 Thread 0x0000019d62851850 Exception <a 'java/lang/ClassNotFoundException'{0x00000000852ecf00}: com/android/build/gradle/internal/api/BaseVariantImplBeanInfo> (0x00000000852ecf00) 
thrown [s\src\hotspot\share\classfile\systemDictionary.cpp, line 256]
Event: 9.206 Thread 0x0000019d62851850 Exception <a 'java/lang/ClassNotFoundException'{0x00000000852fb1e0}: com/android/build/gradle/internal/api/BaseVariantImplCustomizer> (0x00000000852fb1e0) 
thrown [s\src\hotspot\share\classfile\systemDictionary.cpp, line 256]
Event: 9.207 Thread 0x0000019d62851850 Exception <a 'java/lang/ClassNotFoundException'{0x000000008514dba8}: com/android/build/gradle/internal/api/AndroidArtifactVariantImplCustomizer> (0x000000008514dba8) 
thrown [s\src\hotspot\share\classfile\systemDictionary.cpp, line 256]
Event: 9.207 Thread 0x0000019d62851850 Exception <a 'java/lang/ClassNotFoundException'{0x0000000085171490}: com/android/build/gradle/internal/api/InstallableVariantImplCustomizer> (0x0000000085171490) 
thrown [s\src\hotspot\share\classfile\systemDictionary.cpp, line 256]
Event: 9.208 Thread 0x0000019d62851850 Exception <a 'java/lang/ClassNotFoundException'{0x0000000085199858}: com/android/build/gradle/internal/api/ApkVariantImplCustomizer> (0x0000000085199858) 
thrown [s\src\hotspot\share\classfile\systemDictionary.cpp, line 256]
Event: 9.208 Thread 0x0000019d62851850 Exception <a 'java/lang/ClassNotFoundException'{0x00000000851bdac0}: com/android/build/gradle/internal/api/ApplicationVariantImplCustomizer> (0x00000000851bdac0) 
thrown [s\src\hotspot\share\classfile\systemDictionary.cpp, line 256]
Event: 9.209 Thread 0x0000019d62851850 Exception <a 'java/lang/ClassNotFoundException'{0x00000000851e5930}: com/android/build/gradle/internal/api/ApplicationVariantImpl_DecoratedCustomizer> (0x00000000851e5930) 
thrown [s\src\hotspot\share\classfile\systemDictionary.cpp, line 256]

VM Operations (20 events):
Event: 8.290 Executing VM operation: HandshakeAllThreads done
Event: 8.326 Executing VM operation: HandshakeAllThreads
Event: 8.326 Executing VM operation: HandshakeAllThreads done
Event: 8.359 Executing VM operation: HandshakeAllThreads
Event: 8.360 Executing VM operation: HandshakeAllThreads done
Event: 8.467 Executing VM operation: G1CollectForAllocation
Event: 8.470 Executing VM operation: G1CollectForAllocation done
Event: 8.479 Executing VM operation: G1CollectForAllocation
Event: 8.482 Executing VM operation: G1CollectForAllocation done
Event: 8.562 Executing VM operation: HandshakeAllThreads
Event: 8.562 Executing VM operation: HandshakeAllThreads done
Event: 8.769 Executing VM operation: G1CollectForAllocation
Event: 8.772 Executing VM operation: G1CollectForAllocation done
Event: 8.816 Executing VM operation: G1Concurrent
Event: 8.818 Executing VM operation: G1Concurrent done
Event: 8.836 Executing VM operation: G1Concurrent
Event: 8.836 Executing VM operation: G1Concurrent done
Event: 9.209 Executing VM operation: G1CollectForAllocation
Event: 9.213 Executing VM operation: G1CollectForAllocation done
Event: 9.216 Executing VM operation: G1CollectForAllocation

Events (20 events):
Event: 8.364 Thread 0x0000019d5fc2f980 flushing nmethod 0x0000019d4927ef90
Event: 8.364 Thread 0x0000019d5fc2f980 flushing nmethod 0x0000019d492a4310
Event: 8.364 Thread 0x0000019d5fc2f980 flushing nmethod 0x0000019d49321f10
Event: 8.364 Thread 0x0000019d5fc2f980 flushing nmethod 0x0000019d49331390
Event: 8.364 Thread 0x0000019d5fc2f980 flushing nmethod 0x0000019d4936a190
Event: 8.364 Thread 0x0000019d5fc2f980 flushing nmethod 0x0000019d4936f290
Event: 8.364 Thread 0x0000019d5fc2f980 flushing nmethod 0x0000019d49370590
Event: 8.364 Thread 0x0000019d5fc2f980 flushing nmethod 0x0000019d49475610
Event: 8.364 Thread 0x0000019d5fc2f980 flushing nmethod 0x0000019d49475b90
Event: 8.364 Thread 0x0000019d5fc2f980 flushing nmethod 0x0000019d49475f90
Event: 8.364 Thread 0x0000019d5fc2f980 flushing nmethod 0x0000019d49478810
Event: 8.364 Thread 0x0000019d5fc2f980 flushing nmethod 0x0000019d4947ca90
Event: 8.364 Thread 0x0000019d5fc2f980 flushing nmethod 0x0000019d49483a90
Event: 8.364 Thread 0x0000019d5fc2f980 flushing nmethod 0x0000019d49486090
Event: 8.364 Thread 0x0000019d5fc2f980 flushing nmethod 0x0000019d49492f90
Event: 8.364 Thread 0x0000019d5fc2f980 flushing nmethod 0x0000019d494a0890
Event: 8.364 Thread 0x0000019d5fc2f980 flushing nmethod 0x0000019d494a2590
Event: 8.365 Thread 0x0000019d5fc2f980 flushing nmethod 0x0000019d494b8390
Event: 8.463 loading class java/beans/IntrospectionException
Event: 8.463 loading class java/beans/IntrospectionException done


Dynamic libraries:
0x00007ff7d0570000 - 0x00007ff7d057a000 	C:\Program Files\Android\Android Studio\jbr\bin\java.exe
0x00007ffd405d0000 - 0x00007ffd407c7000 	C:\WINDOWS\SYSTEM32\ntdll.dll
0x00007ffd3e8f0000 - 0x00007ffd3e9ad000 	C:\WINDOWS\System32\KERNEL32.DLL
0x00007ffd3dfd0000 - 0x00007ffd3e2c6000 	C:\WINDOWS\System32\KERNELBASE.dll
0x00007ffd3dde0000 - 0x00007ffd3dee0000 	C:\WINDOWS\System32\ucrtbase.dll
0x00007ffd365d0000 - 0x00007ffd365eb000 	C:\Program Files\Android\Android Studio\jbr\bin\VCRUNTIME140.dll
0x00007ffd36560000 - 0x00007ffd36577000 	C:\Program Files\Android\Android Studio\jbr\bin\jli.dll
0x00007ffd3f0e0000 - 0x00007ffd3f27e000 	C:\WINDOWS\System32\USER32.dll
0x00007ffd3dfa0000 - 0x00007ffd3dfc2000 	C:\WINDOWS\System32\win32u.dll
0x00007ffd140d0000 - 0x00007ffd1436a000 	C:\WINDOWS\WinSxS\amd64_microsoft.windows.common-controls_6595b64144ccf1df_6.0.19041.3570_none_60bb2a3971f3e41a\COMCTL32.dll
0x00007ffd40560000 - 0x00007ffd4058c000 	C:\WINDOWS\System32\GDI32.dll
0x00007ffd3e7a0000 - 0x00007ffd3e83e000 	C:\WINDOWS\System32\msvcrt.dll
0x00007ffd3e430000 - 0x00007ffd3e54a000 	C:\WINDOWS\System32\gdi32full.dll
0x00007ffd3dcb0000 - 0x00007ffd3dd4d000 	C:\WINDOWS\System32\msvcp_win.dll
0x00007ffd3f3e0000 - 0x00007ffd3f410000 	C:\WINDOWS\System32\IMM32.DLL
0x00007ffd39430000 - 0x00007ffd3943c000 	C:\Program Files\Android\Android Studio\jbr\bin\vcruntime140_1.dll
0x00007ffd0e160000 - 0x00007ffd0e1ed000 	C:\Program Files\Android\Android Studio\jbr\bin\msvcp140.dll
0x00007ffcc58e0000 - 0x00007ffcc654d000 	C:\Program Files\Android\Android Studio\jbr\bin\server\jvm.dll
0x00007ffd3e840000 - 0x00007ffd3e8ee000 	C:\WINDOWS\System32\ADVAPI32.dll
0x00007ffd3e690000 - 0x00007ffd3e72c000 	C:\WINDOWS\System32\sechost.dll
0x00007ffd3f8c0000 - 0x00007ffd3f9e6000 	C:\WINDOWS\System32\RPCRT4.dll
0x00007ffd1ad00000 - 0x00007ffd1ad27000 	C:\WINDOWS\SYSTEM32\WINMM.dll
0x00007ffd1a570000 - 0x00007ffd1a579000 	C:\WINDOWS\SYSTEM32\WSOCK32.dll
0x00007ffd3f770000 - 0x00007ffd3f7db000 	C:\WINDOWS\System32\WS2_32.dll
0x00007ffd344a0000 - 0x00007ffd344aa000 	C:\WINDOWS\SYSTEM32\VERSION.dll
0x00007ffd3c4e0000 - 0x00007ffd3c4f2000 	C:\WINDOWS\SYSTEM32\kernel.appcore.dll
0x00007ffd1f4e0000 - 0x00007ffd1f4ea000 	C:\Program Files\Android\Android Studio\jbr\bin\jimage.dll
0x00007ffd3ba50000 - 0x00007ffd3bc34000 	C:\WINDOWS\SYSTEM32\DBGHELP.DLL
0x00007ffd333a0000 - 0x00007ffd333d4000 	C:\WINDOWS\SYSTEM32\dbgcore.DLL
0x00007ffd3dd50000 - 0x00007ffd3ddd2000 	C:\WINDOWS\System32\bcryptPrimitives.dll
0x00007ffd1f4b0000 - 0x00007ffd1f4d5000 	C:\Program Files\Android\Android Studio\jbr\bin\java.dll
0x00007ffd1f490000 - 0x00007ffd1f4a8000 	C:\Program Files\Android\Android Studio\jbr\bin\zip.dll
0x00007ffd3f9f0000 - 0x00007ffd40134000 	C:\WINDOWS\System32\SHELL32.dll
0x00007ffd3bd30000 - 0x00007ffd3c4cb000 	C:\WINDOWS\SYSTEM32\windows.storage.dll
0x00007ffd3f410000 - 0x00007ffd3f764000 	C:\WINDOWS\System32\combase.dll
0x00007ffd3d6f0000 - 0x00007ffd3d71d000 	C:\WINDOWS\SYSTEM32\Wldp.dll
0x00007ffd3ebb0000 - 0x00007ffd3ec5d000 	C:\WINDOWS\System32\SHCORE.dll
0x00007ffd3f860000 - 0x00007ffd3f8b5000 	C:\WINDOWS\System32\shlwapi.dll
0x00007ffd3dbe0000 - 0x00007ffd3dc05000 	C:\WINDOWS\SYSTEM32\profapi.dll
0x00007ffd0f930000 - 0x00007ffd0f949000 	C:\Program Files\Android\Android Studio\jbr\bin\net.dll
0x00007ffd2e290000 - 0x00007ffd2e39a000 	C:\WINDOWS\SYSTEM32\WINHTTP.dll
0x00007ffd3d450000 - 0x00007ffd3d4ba000 	C:\WINDOWS\system32\mswsock.dll
0x00007ffd0f910000 - 0x00007ffd0f926000 	C:\Program Files\Android\Android Studio\jbr\bin\nio.dll
0x00007ffd10660000 - 0x00007ffd10670000 	C:\Program Files\Android\Android Studio\jbr\bin\verify.dll
0x00007ffd11490000 - 0x00007ffd114b7000 	C:\Users\vkhan\.gradle\native\68d5fa5c4cc2d200863cafc0d521ce42e7d3e7ee720ec0a83991735586a16f82\windows-amd64\native-platform.dll
0x00007ffd0b4f0000 - 0x00007ffd0b634000 	C:\Users\vkhan\.gradle\native\e376f236ea51e6404a007f0833ffe2c6e607c4080706a723a18a27aeea778392\windows-amd64\native-platform-file-events.dll
0x00007ffd1f480000 - 0x00007ffd1f489000 	C:\Program Files\Android\Android Studio\jbr\bin\management.dll
0x00007ffd106b0000 - 0x00007ffd106bb000 	C:\Program Files\Android\Android Studio\jbr\bin\management_ext.dll
0x00007ffd3e790000 - 0x00007ffd3e798000 	C:\WINDOWS\System32\PSAPI.DLL
0x00007ffd3d650000 - 0x00007ffd3d668000 	C:\WINDOWS\SYSTEM32\CRYPTSP.dll
0x00007ffd3ccf0000 - 0x00007ffd3cd24000 	C:\WINDOWS\system32\rsaenh.dll
0x00007ffd3e550000 - 0x00007ffd3e577000 	C:\WINDOWS\System32\bcrypt.dll
0x00007ffd3dba0000 - 0x00007ffd3dbce000 	C:\WINDOWS\SYSTEM32\USERENV.dll
0x00007ffd3d640000 - 0x00007ffd3d64c000 	C:\WINDOWS\SYSTEM32\CRYPTBASE.dll
0x00007ffd3d0f0000 - 0x00007ffd3d12b000 	C:\WINDOWS\SYSTEM32\IPHLPAPI.DLL
0x00007ffd403c0000 - 0x00007ffd403c8000 	C:\WINDOWS\System32\NSI.dll
0x00007ffd335a0000 - 0x00007ffd335b7000 	C:\WINDOWS\SYSTEM32\dhcpcsvc6.DLL
0x00007ffd33380000 - 0x00007ffd3339d000 	C:\WINDOWS\SYSTEM32\dhcpcsvc.DLL
0x00007ffd3d140000 - 0x00007ffd3d20a000 	C:\WINDOWS\SYSTEM32\DNSAPI.dll
0x00007ffd103a0000 - 0x00007ffd103a7000 	C:\WINDOWS\system32\wshunix.dll

dbghelp: loaded successfully - version: 4.0.5 - missing functions: none
symbol engine: initialized successfully - sym options: 0x614 - pdb path: .;C:\Program Files\Android\Android Studio\jbr\bin;C:\WINDOWS\SYSTEM32;C:\WINDOWS\WinSxS\amd64_microsoft.windows.common-controls_6595b64144ccf1df_6.0.19041.3570_none_60bb2a3971f3e41a;C:\Program Files\Android\Android Studio\jbr\bin\server;C:\Users\vkhan\.gradle\native\68d5fa5c4cc2d200863cafc0d521ce42e7d3e7ee720ec0a83991735586a16f82\windows-amd64;C:\Users\vkhan\.gradle\native\e376f236ea51e6404a007f0833ffe2c6e607c4080706a723a18a27aeea778392\windows-amd64

VM Arguments:
jvm_args: --add-opens=java.base/java.util=ALL-UNNAMED --add-opens=java.base/java.lang=ALL-UNNAMED --add-opens=java.base/java.lang.invoke=ALL-UNNAMED --add-opens=java.prefs/java.util.prefs=ALL-UNNAMED --add-opens=java.base/java.nio.charset=ALL-UNNAMED --add-opens=java.base/java.net=ALL-UNNAMED --add-opens=java.base/java.util.concurrent.atomic=ALL-UNNAMED -Xmx2048m -Dfile.encoding=UTF-8 -Duser.country=US -Duser.language=en -Duser.variant 
java_command: org.gradle.launcher.daemon.bootstrap.GradleDaemon 8.0
java_class_path (initial): C:\Users\vkhan\.gradle\wrapper\dists\gradle-8.0-bin\ca5e32bp14vu59qr306oxotwh\gradle-8.0\lib\gradle-launcher-8.0.jar
Launcher Type: SUN_STANDARD

[Global flags]
     intx CICompilerCount                          = 4                                         {product} {ergonomic}
     uint ConcGCThreads                            = 2                                         {product} {ergonomic}
     uint G1ConcRefinementThreads                  = 8                                         {product} {ergonomic}
   size_t G1HeapRegionSize                         = 1048576                                   {product} {ergonomic}
    uintx GCDrainStackTargetSize                   = 64                                        {product} {ergonomic}
   size_t InitialHeapSize                          = 132120576                                 {product} {ergonomic}
   size_t MarkStackSize                            = 4194304                                   {product} {ergonomic}
   size_t MaxHeapSize                              = 2147483648                                {product} {command line}
   size_t MaxNewSize                               = 1287651328                                {product} {ergonomic}
   size_t MinHeapDeltaBytes                        = 1048576                                   {product} {ergonomic}
   size_t MinHeapSize                              = 8388608                                   {product} {ergonomic}
    uintx NonNMethodCodeHeapSize                   = 5839372                                {pd product} {ergonomic}
    uintx NonProfiledCodeHeapSize                  = 122909434                              {pd product} {ergonomic}
    uintx ProfiledCodeHeapSize                     = 122909434                              {pd product} {ergonomic}
    uintx ReservedCodeCacheSize                    = 251658240                              {pd product} {ergonomic}
     bool SegmentedCodeCache                       = true                                      {product} {ergonomic}
   size_t SoftMaxHeapSize                          = 2147483648                             {manageable} {ergonomic}
     bool UseCompressedClassPointers               = true                           {product lp64_product} {ergonomic}
     bool UseCompressedOops                        = true                           {product lp64_product} {ergonomic}
     bool UseG1GC                                  = true                                      {product} {ergonomic}
     bool UseLargePagesIndividualAllocation        = false                                  {pd product} {ergonomic}

Logging:
Log output configuration:
 #0: stdout all=warning uptime,level,tags
 #1: stderr all=off uptime,level,tags

Environment Variables:
PATH=C:\Program Files\Common Files\Oracle\Java\javapath;C:\Program Files (x86)\Common Files\Oracle\Java\javapath;C:\WINDOWS\system32;C:\WINDOWS;C:\WINDOWS\System32\Wbem;C:\WINDOWS\System32\WindowsPowerShell\v1.0\;C:\WINDOWS\System32\OpenSSH\;C:\Program Files\Microsoft SQL Server\Client SDK\ODBC\170\Tools\Binn\;C:\Program Files (x86)\Microsoft SQL Server\150\Tools\Binn\;C:\Program Files\Microsoft SQL Server\150\Tools\Binn\;C:\Program Files\Microsoft SQL Server\150\DTS\Binn\;C:\Program Files (x86)\Microsoft SQL Server\160\DTS\Binn\;C:\Program Files\Azure Data Studio\bin;C:\Program Files\Git\cmd;C:\Program Files\nodejs\;C:\Users\vkhan\AppData\Local\Programs\Python\Python311\Scripts\;C:\Users\vkhan\AppData\Local\Programs\Python\Python311\;C:\Users\vkhan\AppData\Local\Microsoft\WindowsApps;C:\Users\vkhan\AppData\Local\Programs\Microsoft VS Code\bin;C:\Program Files\Azure Data Studio\bin;C:\Users\vkhan\AppData\Roaming\npm;C:\Program Files\nodejs;
USERNAME=Admin
OS=Windows_NT
PROCESSOR_IDENTIFIER=Intel64 Family 6 Model 126 Stepping 5, GenuineIntel
TMP=C:\Users\vkhan\AppData\Local\Temp
TEMP=C:\Users\vkhan\AppData\Local\Temp



---------------  S Y S T E M  ---------------

OS:
 Windows 10 , 64 bit Build 19041 (10.0.19041.3570)
OS uptime: 5 days 19:58 hours

CPU: total 8 (initial active 8) (4 cores per cpu, 2 threads per core) family 6 model 126 stepping 5 microcode 0xbc, cx8, cmov, fxsr, ht, mmx, 3dnowpref, sse, sse2, sse3, ssse3, sse4.1, sse4.2, popcnt, lzcnt, tsc, tscinvbit, avx, avx2, aes, erms, clmul, bmi1, bmi2, adx, avx512f, avx512dq, avx512cd, avx512bw, avx512vl, sha, fma, vzeroupper, avx512_vpopcntdq, avx512_vpclmulqdq, avx512_vaes, avx512_vnni, clflush, clflushopt, avx512_vbmi2, avx512_vbmi

Memory: 4k page, system-wide physical 7959M (297M free)
TotalPageFile size 20759M (AvailPageFile size 78M)
current process WorkingSet (physical memory assigned to process): 293M, peak: 302M
current process commit charge ("private bytes"): 364M, peak: 470M

vm_info: OpenJDK 64-Bit Server VM (17.0.6+0-b2043.56-9586694) for windows-amd64 JRE (17.0.6+0-b2043.56-9586694), built on Feb  9 2023 20:06:20 by "androidbuild" with MS VC++ 16.10 / 16.11 (VS2019)

END.
