#
# There is insufficient memory for the Java Runtime Environment to continue.
# Native memory allocation (mmap) failed to map 19922944 bytes for G1 virtual space
# Possible reasons:
#   The system is out of physical RAM or swap space
#   The process is running with CompressedOops enabled, and the Java Heap may be blocking the growth of the native heap
# Possible solutions:
#   Reduce memory load on the system
#   Increase physical memory or swap space
#   Check if swap backing store is full
#   Decrease Java heap size (-Xmx/-Xms)
#   Decrease number of Java threads
#   Decrease Java thread stack sizes (-Xss)
#   Set larger code cache with -XX:ReservedCodeCacheSize=
#   JVM is running with Unscaled Compressed Oops mode in which the Java heap is
#     placed in the first 4GB address space. The Java Heap base address is the
#     maximum limit for the native heap growth. Please use -XX:HeapBaseMinAddress
#     to set the Java Heap base and to place the Java Heap above 4GB virtual address.
# This output file may be truncated or incomplete.
#
#  Out of Memory Error (os_windows.cpp:3769), pid=13684, tid=6720
#
# JRE version: OpenJDK Runtime Environment (17.0.6) (build 17.0.6+0-b2043.56-9586694)
# Java VM: OpenJDK 64-Bit Server VM (17.0.6+0-b2043.56-9586694, mixed mode, tiered, compressed oops, compressed class ptrs, g1 gc, windows-amd64)
# No core dump will be written. Minidumps are not enabled by default on client versions of Windows
#

---------------  S U M M A R Y ------------

Command Line: --add-opens=java.base/java.util=ALL-UNNAMED --add-opens=java.base/java.lang=ALL-UNNAMED --add-opens=java.base/java.lang.invoke=ALL-UNNAMED --add-opens=java.prefs/java.util.prefs=ALL-UNNAMED --add-opens=java.base/java.nio.charset=ALL-UNNAMED --add-opens=java.base/java.net=ALL-UNNAMED --add-opens=java.base/java.util.concurrent.atomic=ALL-UNNAMED -Xmx2048m -Dfile.encoding=UTF-8 -Duser.country=US -Duser.language=en -Duser.variant org.gradle.launcher.daemon.bootstrap.GradleDaemon 8.0

Host: Intel(R) Core(TM) i5-1035G1 CPU @ 1.00GHz, 8 cores, 7G,  Windows 10 , 64 bit Build 19041 (10.0.19041.3570)
Time: Sun Nov 12 14:47:34 2023 SE Asia Standard Time elapsed time: 10.856254 seconds (0d 0h 0m 10s)

---------------  T H R E A D  ---------------

Current thread (0x000002031c0f0a30):  VMThread "VM Thread" [stack: 0x00000037c0e00000,0x00000037c0f00000] [id=6720]

Stack: [0x00000037c0e00000,0x00000037c0f00000]
Native frames: (J=compiled Java code, j=interpreted, Vv=VM code, C=native code)
V  [jvm.dll+0x683b4a]
V  [jvm.dll+0x842654]
V  [jvm.dll+0x843dfe]
V  [jvm.dll+0x844463]
V  [jvm.dll+0x249b75]
V  [jvm.dll+0x680a19]
V  [jvm.dll+0x674f0a]
V  [jvm.dll+0x309acb]
V  [jvm.dll+0x310f86]
V  [jvm.dll+0x3608ee]
V  [jvm.dll+0x360b1f]
V  [jvm.dll+0x2dfbf8]
V  [jvm.dll+0x2e2ce6]
V  [jvm.dll+0x2ed478]
V  [jvm.dll+0x322150]
V  [jvm.dll+0x84893b]
V  [jvm.dll+0x849674]
V  [jvm.dll+0x849b8d]
V  [jvm.dll+0x849f64]
V  [jvm.dll+0x84a030]
V  [jvm.dll+0x7f25fa]
V  [jvm.dll+0x682985]
C  [ucrtbase.dll+0x21bb2]
C  [KERNEL32.DLL+0x17344]
C  [ntdll.dll+0x526b1]

VM_Operation (0x00000037c0aff440): G1Concurrent, mode: safepoint, requested by thread 0x0000020302309490


---------------  P R O C E S S  ---------------

Threads class SMR info:
_java_thread_list=0x0000020322e13730, length=135, elements={
0x000002030229b3d0, 0x000002031c0f5500, 0x000002031c0f5fc0, 0x000002031cc1a000,
0x000002031cc1c5e0, 0x000002031cc1eeb0, 0x000002031cc1f770, 0x000002031cc23910,
0x000002031cc2c2d0, 0x000002031cc2cbd0, 0x000002031cdb1c30, 0x000002031cdb2510,
0x000002031e41d790, 0x000002031e41e130, 0x000002031e41f940, 0x000002031e693580,
0x000002031e41fe10, 0x000002031e4202e0, 0x000002031e41d2c0, 0x000002031e41efa0,
0x000002031e4207b0, 0x000002031e41f470, 0x000002031e41dc60, 0x000002031e41cdf0,
0x000002031e41e600, 0x000002031e41ead0, 0x000002031f470790, 0x000002031f473c80,
0x000002031f477640, 0x000002031f475490, 0x000002031f4732e0, 0x000002031f4767d0,
0x000002031f477fe0, 0x000002031f476ca0, 0x000002031f471600, 0x000002031f474150,
0x000002031f477170, 0x000002031f471130, 0x000002031f4737b0, 0x000002031f472470,
0x000002031f472940, 0x000002031f474af0, 0x000002031f474620, 0x000002031f474fc0,
0x000002031f475960, 0x000002031f476300, 0x000002031d1ca610, 0x000002031d1c8e00,
0x000002031d1c6c50, 0x000002031d1cafb0, 0x000002031d1c62b0, 0x000002031d1c75f0,
0x000002031d1cb480, 0x000002031d1cbe20, 0x000002031d1cb950, 0x000002031d1cc2f0,
0x000002031d1caae0, 0x000002031d1c7ac0, 0x000002031d1cc7c0, 0x000002031d1c7f90,
0x000002031d1ccc90, 0x000002031d1c92d0, 0x000002031d1c97a0, 0x000002031d1cdb00,
0x000002031d1c9c70, 0x000002031d1cd160, 0x000002031d1c7120, 0x000002031d1c6780,
0x000002031d1ca140, 0x000002031d1cd630, 0x000002031d1c8460, 0x000002031d1c8930,
0x000002031fa78cf0, 0x000002031fa7a500, 0x000002031fa7a9d0, 0x000002031fa78350,
0x000002031fa77010, 0x000002031fa74e60, 0x000002031fa74990, 0x000002031fa75330,
0x000002031fa75800, 0x000002031fa761a0, 0x000002031fa7aea0, 0x000002031fa77e80,
0x000002031fa791c0, 0x000002031fa7bd10, 0x000002031fa7c1e0, 0x000002031fa7a030,
0x000002031fa78820, 0x000002031fa79b60, 0x000002031fa75cd0, 0x000002031fa7b370,
0x000002031fa76670, 0x000002031fa79690, 0x000002031fa76b40, 0x000002031fa7b840,
0x000002031fa774e0, 0x000002031fa779b0, 0x0000020322433a30, 0x0000020322436580,
0x00000203224343d0, 0x0000020322432220, 0x00000203224378c0, 0x0000020322434d70,
0x0000020322435be0, 0x0000020322430070, 0x00000203224326f0, 0x00000203224360b0,
0x0000020322436a50, 0x0000020322430a10, 0x0000020322435710, 0x0000020322432bc0,
0x0000020322433090, 0x00000203224348a0, 0x0000020322436f20, 0x0000020322433f00,
0x00000203224373f0, 0x0000020322430540, 0x0000020322431d50, 0x00000203224313b0,
0x0000020322433560, 0x0000020322435240, 0x0000020322430ee0, 0x0000020322431880,
0x0000020324ddb270, 0x0000020324dde760, 0x0000020324dd90c0, 0x0000020324dd8bf0,
0x0000020324dda8d0, 0x0000020324ddf100, 0x0000020324dd9590, 0x0000020324ddfaa0,
0x0000020324ddd8f0, 0x0000020324ddb740, 0x0000020324ddbc10
}

Java Threads: ( => current thread )
  0x000002030229b3d0 JavaThread "main" [_thread_blocked, id=12556, stack(0x00000037c0800000,0x00000037c0900000)]
  0x000002031c0f5500 JavaThread "Reference Handler" daemon [_thread_blocked, id=15108, stack(0x00000037c0f00000,0x00000037c1000000)]
  0x000002031c0f5fc0 JavaThread "Finalizer" daemon [_thread_blocked, id=12756, stack(0x00000037c1000000,0x00000037c1100000)]
  0x000002031cc1a000 JavaThread "Signal Dispatcher" daemon [_thread_blocked, id=21012, stack(0x00000037c1100000,0x00000037c1200000)]
  0x000002031cc1c5e0 JavaThread "Attach Listener" daemon [_thread_blocked, id=10160, stack(0x00000037c1200000,0x00000037c1300000)]
  0x000002031cc1eeb0 JavaThread "Service Thread" daemon [_thread_blocked, id=568, stack(0x00000037c1300000,0x00000037c1400000)]
  0x000002031cc1f770 JavaThread "Monitor Deflation Thread" daemon [_thread_blocked, id=19408, stack(0x00000037c1400000,0x00000037c1500000)]
  0x000002031cc23910 JavaThread "C2 CompilerThread0" daemon [_thread_blocked, id=8872, stack(0x00000037c1500000,0x00000037c1600000)]
  0x000002031cc2c2d0 JavaThread "C1 CompilerThread0" daemon [_thread_blocked, id=10600, stack(0x00000037c1600000,0x00000037c1700000)]
  0x000002031cc2cbd0 JavaThread "Sweeper thread" daemon [_thread_blocked, id=16572, stack(0x00000037c1700000,0x00000037c1800000)]
  0x000002031cdb1c30 JavaThread "Common-Cleaner" daemon [_thread_blocked, id=11848, stack(0x00000037c1800000,0x00000037c1900000)]
  0x000002031cdb2510 JavaThread "Notification Thread" daemon [_thread_blocked, id=20172, stack(0x00000037c1900000,0x00000037c1a00000)]
  0x000002031e41d790 JavaThread "Daemon health stats" [_thread_blocked, id=11404, stack(0x00000037c2000000,0x00000037c2100000)]
  0x000002031e41e130 JavaThread "Incoming local TCP Connector on port 62588" [_thread_in_native, id=4036, stack(0x00000037c2100000,0x00000037c2200000)]
  0x000002031e41f940 JavaThread "Daemon periodic checks" [_thread_blocked, id=9596, stack(0x00000037c2200000,0x00000037c2300000)]
  0x000002031e693580 JavaThread "C2 CompilerThread1" daemon [_thread_blocked, id=14084, stack(0x00000037c1b00000,0x00000037c1c00000)]
  0x000002031e41fe10 JavaThread "Daemon" [_thread_blocked, id=15936, stack(0x00000037c2300000,0x00000037c2400000)]
  0x000002031e4202e0 JavaThread "Handler for socket connection from /127.0.0.1:62588 to /127.0.0.1:62590" [_thread_in_native, id=6800, stack(0x00000037c2400000,0x00000037c2500000)]
  0x000002031e41d2c0 JavaThread "Cancel handler" [_thread_blocked, id=17380, stack(0x00000037c2500000,0x00000037c2600000)]
  0x000002031e41efa0 JavaThread "Daemon worker" [_thread_blocked, id=21568, stack(0x00000037c2600000,0x00000037c2700000)]
  0x000002031e4207b0 JavaThread "Asynchronous log dispatcher for DefaultDaemonConnection: socket connection from /127.0.0.1:62588 to /127.0.0.1:62590" [_thread_blocked, id=8220, stack(0x00000037c2700000,0x00000037c2800000)]
  0x000002031e41f470 JavaThread "Stdin handler" [_thread_blocked, id=8540, stack(0x00000037c2800000,0x00000037c2900000)]
  0x000002031e41dc60 JavaThread "Daemon client event forwarder" [_thread_blocked, id=1736, stack(0x00000037c2900000,0x00000037c2a00000)]
  0x000002031e41cdf0 JavaThread "Cache worker for journal cache (C:\Users\vkhan\.gradle\caches\journal-1)" [_thread_blocked, id=912, stack(0x00000037c2e00000,0x00000037c2f00000)]
  0x000002031e41e600 JavaThread "File lock request listener" [_thread_in_native, id=15024, stack(0x00000037c2f00000,0x00000037c3000000)]
  0x000002031e41ead0 JavaThread "Cache worker for file hash cache (C:\Users\vkhan\.gradle\caches\8.0\fileHashes)" [_thread_blocked, id=10448, stack(0x00000037c3000000,0x00000037c3100000)]
  0x000002031f470790 JavaThread "File watcher server" daemon [_thread_blocked, id=17920, stack(0x00000037c3100000,0x00000037c3200000)]
  0x000002031f473c80 JavaThread "File watcher consumer" daemon [_thread_blocked, id=6216, stack(0x00000037c3200000,0x00000037c3300000)]
  0x000002031f477640 JavaThread "Cache worker for checksums cache (D:\LUANVAN\LV_QuanLiQuanAn\QuanLyQuanAn0609\.gradle\8.0\checksums)" [_thread_blocked, id=11204, stack(0x00000037c3300000,0x00000037c3400000)]
  0x000002031f475490 JavaThread "Cache worker for cache directory md-rule (C:\Users\vkhan\.gradle\caches\8.0\md-rule)" [_thread_blocked, id=5940, stack(0x00000037c3400000,0x00000037c3500000)]
  0x000002031f4732e0 JavaThread "Cache worker for file content cache (C:\Users\vkhan\.gradle\caches\8.0\fileContent)" [_thread_blocked, id=12196, stack(0x00000037c3500000,0x00000037c3600000)]
  0x000002031f4767d0 JavaThread "Cache worker for file hash cache (D:\LUANVAN\LV_QuanLiQuanAn\QuanLyQuanAn0609\.gradle\8.0\fileHashes)" [_thread_blocked, id=14380, stack(0x00000037c3600000,0x00000037c3700000)]
  0x000002031f477fe0 JavaThread "Cache worker for cache directory md-supplier (C:\Users\vkhan\.gradle\caches\8.0\md-supplier)" [_thread_blocked, id=18824, stack(0x00000037c3700000,0x00000037c3800000)]
  0x000002031f476ca0 JavaThread "Cache worker for execution history cache (C:\Users\vkhan\.gradle\caches\8.0\executionHistory)" [_thread_blocked, id=11712, stack(0x00000037c3800000,0x00000037c3900000)]
  0x000002031f471600 JavaThread "jar transforms" [_thread_blocked, id=19244, stack(0x00000037c3900000,0x00000037c3a00000)]
  0x000002031f474150 JavaThread "jar transforms Thread 2" [_thread_blocked, id=320, stack(0x00000037c3a00000,0x00000037c3b00000)]
  0x000002031f477170 JavaThread "jar transforms Thread 3" [_thread_blocked, id=4876, stack(0x00000037c3b00000,0x00000037c3c00000)]
  0x000002031f471130 JavaThread "jar transforms Thread 4" [_thread_blocked, id=14480, stack(0x00000037c3c00000,0x00000037c3d00000)]
  0x000002031f4737b0 JavaThread "Cache worker for dependencies-accessors (D:\LUANVAN\LV_QuanLiQuanAn\QuanLyQuanAn0609\.gradle\8.0\dependencies-accessors)" [_thread_blocked, id=15752, stack(0x00000037c3d00000,0x00000037c3e00000)]
  0x000002031f472470 JavaThread "jar transforms Thread 5" [_thread_blocked, id=4872, stack(0x00000037c3e00000,0x00000037c3f00000)]
  0x000002031f472940 JavaThread "Cache worker for Build Output Cleanup Cache (D:\LUANVAN\LV_QuanLiQuanAn\QuanLyQuanAn0609\.gradle\buildOutputCleanup)" [_thread_blocked, id=3328, stack(0x00000037c3f00000,0x00000037c4000000)]
  0x000002031f474af0 JavaThread "Unconstrained build operations" [_thread_blocked, id=19380, stack(0x00000037c4000000,0x00000037c4100000)]
  0x000002031f474620 JavaThread "Unconstrained build operations Thread 2" [_thread_blocked, id=3576, stack(0x00000037c4100000,0x00000037c4200000)]
  0x000002031f474fc0 JavaThread "Unconstrained build operations Thread 3" [_thread_blocked, id=17312, stack(0x00000037c4200000,0x00000037c4300000)]
  0x000002031f475960 JavaThread "Unconstrained build operations Thread 4" [_thread_blocked, id=22004, stack(0x00000037c4300000,0x00000037c4400000)]
  0x000002031f476300 JavaThread "Unconstrained build operations Thread 5" [_thread_blocked, id=18704, stack(0x00000037c4400000,0x00000037c4500000)]
  0x000002031d1ca610 JavaThread "Unconstrained build operations Thread 6" [_thread_blocked, id=21560, stack(0x00000037c4500000,0x00000037c4600000)]
  0x000002031d1c8e00 JavaThread "Unconstrained build operations Thread 7" [_thread_blocked, id=6960, stack(0x00000037c4600000,0x00000037c4700000)]
  0x000002031d1c6c50 JavaThread "Unconstrained build operations Thread 8" [_thread_blocked, id=20144, stack(0x00000037c4700000,0x00000037c4800000)]
  0x000002031d1cafb0 JavaThread "Unconstrained build operations Thread 9" [_thread_blocked, id=1444, stack(0x00000037c4800000,0x00000037c4900000)]
  0x000002031d1c62b0 JavaThread "Unconstrained build operations Thread 10" [_thread_blocked, id=5408, stack(0x00000037c4900000,0x00000037c4a00000)]
  0x000002031d1c75f0 JavaThread "Unconstrained build operations Thread 11" [_thread_blocked, id=19024, stack(0x00000037c4a00000,0x00000037c4b00000)]
  0x000002031d1cb480 JavaThread "Unconstrained build operations Thread 12" [_thread_blocked, id=11488, stack(0x00000037c4b00000,0x00000037c4c00000)]
  0x000002031d1cbe20 JavaThread "Unconstrained build operations Thread 13" [_thread_blocked, id=8852, stack(0x00000037c4c00000,0x00000037c4d00000)]
  0x000002031d1cb950 JavaThread "Unconstrained build operations Thread 14" [_thread_blocked, id=13116, stack(0x00000037c4d00000,0x00000037c4e00000)]
  0x000002031d1cc2f0 JavaThread "Unconstrained build operations Thread 15" [_thread_blocked, id=6428, stack(0x00000037c4e00000,0x00000037c4f00000)]
  0x000002031d1caae0 JavaThread "Unconstrained build operations Thread 16" [_thread_blocked, id=17444, stack(0x00000037c4f00000,0x00000037c5000000)]
  0x000002031d1c7ac0 JavaThread "Unconstrained build operations Thread 17" [_thread_blocked, id=21400, stack(0x00000037c5000000,0x00000037c5100000)]
  0x000002031d1cc7c0 JavaThread "Unconstrained build operations Thread 18" [_thread_blocked, id=6928, stack(0x00000037c5100000,0x00000037c5200000)]
  0x000002031d1c7f90 JavaThread "Unconstrained build operations Thread 19" [_thread_blocked, id=18108, stack(0x00000037c5200000,0x00000037c5300000)]
  0x000002031d1ccc90 JavaThread "Unconstrained build operations Thread 20" [_thread_blocked, id=19384, stack(0x00000037c5300000,0x00000037c5400000)]
  0x000002031d1c92d0 JavaThread "Unconstrained build operations Thread 21" [_thread_blocked, id=19444, stack(0x00000037c5400000,0x00000037c5500000)]
  0x000002031d1c97a0 JavaThread "Unconstrained build operations Thread 22" [_thread_blocked, id=7876, stack(0x00000037c5500000,0x00000037c5600000)]
  0x000002031d1cdb00 JavaThread "Unconstrained build operations Thread 23" [_thread_blocked, id=9664, stack(0x00000037c5600000,0x00000037c5700000)]
  0x000002031d1c9c70 JavaThread "Unconstrained build operations Thread 24" [_thread_blocked, id=20236, stack(0x00000037c5700000,0x00000037c5800000)]
  0x000002031d1cd160 JavaThread "Unconstrained build operations Thread 25" [_thread_blocked, id=20524, stack(0x00000037c5800000,0x00000037c5900000)]
  0x000002031d1c7120 JavaThread "Unconstrained build operations Thread 26" [_thread_blocked, id=816, stack(0x00000037c5900000,0x00000037c5a00000)]
  0x000002031d1c6780 JavaThread "Unconstrained build operations Thread 27" [_thread_blocked, id=5652, stack(0x00000037c5a00000,0x00000037c5b00000)]
  0x000002031d1ca140 JavaThread "Unconstrained build operations Thread 28" [_thread_blocked, id=6896, stack(0x00000037c5b00000,0x00000037c5c00000)]
  0x000002031d1cd630 JavaThread "Unconstrained build operations Thread 29" [_thread_blocked, id=19728, stack(0x00000037c5c00000,0x00000037c5d00000)]
  0x000002031d1c8460 JavaThread "Unconstrained build operations Thread 30" [_thread_blocked, id=9364, stack(0x00000037c5d00000,0x00000037c5e00000)]
  0x000002031d1c8930 JavaThread "Unconstrained build operations Thread 31" [_thread_blocked, id=18928, stack(0x00000037c5e00000,0x00000037c5f00000)]
  0x000002031fa78cf0 JavaThread "Unconstrained build operations Thread 32" [_thread_blocked, id=20080, stack(0x00000037c5f00000,0x00000037c6000000)]
  0x000002031fa7a500 JavaThread "Unconstrained build operations Thread 33" [_thread_blocked, id=5440, stack(0x00000037c6000000,0x00000037c6100000)]
  0x000002031fa7a9d0 JavaThread "Unconstrained build operations Thread 34" [_thread_blocked, id=20288, stack(0x00000037c6100000,0x00000037c6200000)]
  0x000002031fa78350 JavaThread "Unconstrained build operations Thread 35" [_thread_blocked, id=7628, stack(0x00000037c6200000,0x00000037c6300000)]
  0x000002031fa77010 JavaThread "Unconstrained build operations Thread 36" [_thread_blocked, id=7684, stack(0x00000037c6300000,0x00000037c6400000)]
  0x000002031fa74e60 JavaThread "Unconstrained build operations Thread 37" [_thread_blocked, id=20708, stack(0x00000037c6400000,0x00000037c6500000)]
  0x000002031fa74990 JavaThread "Unconstrained build operations Thread 38" [_thread_blocked, id=18200, stack(0x00000037c6500000,0x00000037c6600000)]
  0x000002031fa75330 JavaThread "Unconstrained build operations Thread 39" [_thread_blocked, id=17652, stack(0x00000037c6600000,0x00000037c6700000)]
  0x000002031fa75800 JavaThread "Unconstrained build operations Thread 40" [_thread_blocked, id=4324, stack(0x00000037c6700000,0x00000037c6800000)]
  0x000002031fa761a0 JavaThread "Unconstrained build operations Thread 41" [_thread_blocked, id=3180, stack(0x00000037c6800000,0x00000037c6900000)]
  0x000002031fa7aea0 JavaThread "Unconstrained build operations Thread 42" [_thread_blocked, id=2708, stack(0x00000037c6900000,0x00000037c6a00000)]
  0x000002031fa77e80 JavaThread "Unconstrained build operations Thread 43" [_thread_blocked, id=2356, stack(0x00000037c6a00000,0x00000037c6b00000)]
  0x000002031fa791c0 JavaThread "Unconstrained build operations Thread 44" [_thread_blocked, id=18336, stack(0x00000037c6b00000,0x00000037c6c00000)]
  0x000002031fa7bd10 JavaThread "Unconstrained build operations Thread 45" [_thread_blocked, id=19268, stack(0x00000037c6c00000,0x00000037c6d00000)]
  0x000002031fa7c1e0 JavaThread "Unconstrained build operations Thread 46" [_thread_blocked, id=8152, stack(0x00000037c6d00000,0x00000037c6e00000)]
  0x000002031fa7a030 JavaThread "Unconstrained build operations Thread 47" [_thread_blocked, id=1516, stack(0x00000037c6e00000,0x00000037c6f00000)]
  0x000002031fa78820 JavaThread "Unconstrained build operations Thread 48" [_thread_blocked, id=19964, stack(0x00000037c6f00000,0x00000037c7000000)]
  0x000002031fa79b60 JavaThread "Unconstrained build operations Thread 49" [_thread_blocked, id=9492, stack(0x00000037c7000000,0x00000037c7100000)]
  0x000002031fa75cd0 JavaThread "Unconstrained build operations Thread 50" [_thread_blocked, id=16240, stack(0x00000037c7100000,0x00000037c7200000)]
  0x000002031fa7b370 JavaThread "Unconstrained build operations Thread 51" [_thread_blocked, id=13108, stack(0x00000037c7200000,0x00000037c7300000)]
  0x000002031fa76670 JavaThread "Unconstrained build operations Thread 52" [_thread_blocked, id=16056, stack(0x00000037c7300000,0x00000037c7400000)]
  0x000002031fa79690 JavaThread "Unconstrained build operations Thread 53" [_thread_blocked, id=3848, stack(0x00000037c7400000,0x00000037c7500000)]
  0x000002031fa76b40 JavaThread "Unconstrained build operations Thread 54" [_thread_blocked, id=16024, stack(0x00000037c7500000,0x00000037c7600000)]
  0x000002031fa7b840 JavaThread "Unconstrained build operations Thread 55" [_thread_blocked, id=22312, stack(0x00000037c7600000,0x00000037c7700000)]
  0x000002031fa774e0 JavaThread "Unconstrained build operations Thread 56" [_thread_blocked, id=19372, stack(0x00000037c7700000,0x00000037c7800000)]
  0x000002031fa779b0 JavaThread "Unconstrained build operations Thread 57" [_thread_blocked, id=19856, stack(0x00000037c7800000,0x00000037c7900000)]
  0x0000020322433a30 JavaThread "Unconstrained build operations Thread 58" [_thread_blocked, id=6904, stack(0x00000037c7900000,0x00000037c7a00000)]
  0x0000020322436580 JavaThread "Unconstrained build operations Thread 59" [_thread_blocked, id=16724, stack(0x00000037c7a00000,0x00000037c7b00000)]
  0x00000203224343d0 JavaThread "Unconstrained build operations Thread 60" [_thread_blocked, id=17496, stack(0x00000037c7b00000,0x00000037c7c00000)]
  0x0000020322432220 JavaThread "Unconstrained build operations Thread 61" [_thread_blocked, id=5376, stack(0x00000037c7c00000,0x00000037c7d00000)]
  0x00000203224378c0 JavaThread "Unconstrained build operations Thread 62" [_thread_blocked, id=3980, stack(0x00000037c7d00000,0x00000037c7e00000)]
  0x0000020322434d70 JavaThread "Unconstrained build operations Thread 63" [_thread_blocked, id=7768, stack(0x00000037c7e00000,0x00000037c7f00000)]
  0x0000020322435be0 JavaThread "Unconstrained build operations Thread 64" [_thread_blocked, id=9152, stack(0x00000037c7f00000,0x00000037c8000000)]
  0x0000020322430070 JavaThread "Unconstrained build operations Thread 65" [_thread_blocked, id=21492, stack(0x00000037c8000000,0x00000037c8100000)]
  0x00000203224326f0 JavaThread "Unconstrained build operations Thread 66" [_thread_blocked, id=19368, stack(0x00000037c8100000,0x00000037c8200000)]
  0x00000203224360b0 JavaThread "Unconstrained build operations Thread 67" [_thread_blocked, id=12492, stack(0x00000037c8200000,0x00000037c8300000)]
  0x0000020322436a50 JavaThread "Unconstrained build operations Thread 68" [_thread_blocked, id=6500, stack(0x00000037c8300000,0x00000037c8400000)]
  0x0000020322430a10 JavaThread "Unconstrained build operations Thread 69" [_thread_blocked, id=11436, stack(0x00000037c8400000,0x00000037c8500000)]
  0x0000020322435710 JavaThread "Unconstrained build operations Thread 70" [_thread_blocked, id=12180, stack(0x00000037c8500000,0x00000037c8600000)]
  0x0000020322432bc0 JavaThread "Unconstrained build operations Thread 71" [_thread_blocked, id=14988, stack(0x00000037c8600000,0x00000037c8700000)]
  0x0000020322433090 JavaThread "Unconstrained build operations Thread 72" [_thread_blocked, id=12312, stack(0x00000037c8700000,0x00000037c8800000)]
  0x00000203224348a0 JavaThread "Unconstrained build operations Thread 73" [_thread_blocked, id=6392, stack(0x00000037c8800000,0x00000037c8900000)]
  0x0000020322436f20 JavaThread "Unconstrained build operations Thread 74" [_thread_blocked, id=19700, stack(0x00000037c8900000,0x00000037c8a00000)]
  0x0000020322433f00 JavaThread "Unconstrained build operations Thread 75" [_thread_blocked, id=20640, stack(0x00000037c8a00000,0x00000037c8b00000)]
  0x00000203224373f0 JavaThread "Unconstrained build operations Thread 76" [_thread_blocked, id=21664, stack(0x00000037c8b00000,0x00000037c8c00000)]
  0x0000020322430540 JavaThread "Unconstrained build operations Thread 77" [_thread_blocked, id=8048, stack(0x00000037c8c00000,0x00000037c8d00000)]
  0x0000020322431d50 JavaThread "Unconstrained build operations Thread 78" [_thread_blocked, id=18744, stack(0x00000037c8d00000,0x00000037c8e00000)]
  0x00000203224313b0 JavaThread "Unconstrained build operations Thread 79" [_thread_blocked, id=18088, stack(0x00000037c8e00000,0x00000037c8f00000)]
  0x0000020322433560 JavaThread "Unconstrained build operations Thread 80" [_thread_blocked, id=19356, stack(0x00000037c8f00000,0x00000037c9000000)]
  0x0000020322435240 JavaThread "jar transforms Thread 6" [_thread_blocked, id=7144, stack(0x00000037c9000000,0x00000037c9100000)]
  0x0000020322430ee0 JavaThread "jar transforms Thread 7" [_thread_blocked, id=6956, stack(0x00000037c9100000,0x00000037c9200000)]
  0x0000020322431880 JavaThread "jar transforms Thread 8" [_thread_blocked, id=8492, stack(0x00000037c9200000,0x00000037c9300000)]
  0x0000020324ddb270 JavaThread "build event listener" [_thread_blocked, id=15208, stack(0x00000037c9300000,0x00000037c9400000)]
  0x0000020324dde760 JavaThread "Memory manager" [_thread_blocked, id=15552, stack(0x00000037c9400000,0x00000037c9500000)]
  0x0000020324dd90c0 JavaThread "included builds" [_thread_blocked, id=18940, stack(0x00000037c9500000,0x00000037c9600000)]
  0x0000020324dd8bf0 JavaThread "Execution worker" [_thread_blocked, id=22284, stack(0x00000037c9600000,0x00000037c9700000)]
  0x0000020324dda8d0 JavaThread "Execution worker Thread 2" [_thread_blocked, id=2968, stack(0x00000037c9700000,0x00000037c9800000)]
  0x0000020324ddf100 JavaThread "Execution worker Thread 3" [_thread_blocked, id=14208, stack(0x00000037c9800000,0x00000037c9900000)]
  0x0000020324dd9590 JavaThread "Execution worker Thread 4" [_thread_blocked, id=21588, stack(0x00000037c9900000,0x00000037c9a00000)]
  0x0000020324ddfaa0 JavaThread "Execution worker Thread 5" [_thread_blocked, id=15580, stack(0x00000037c9a00000,0x00000037c9b00000)]
  0x0000020324ddd8f0 JavaThread "Execution worker Thread 6" [_thread_blocked, id=13528, stack(0x00000037c9b00000,0x00000037c9c00000)]
  0x0000020324ddb740 JavaThread "Execution worker Thread 7" [_thread_blocked, id=9560, stack(0x00000037c9c00000,0x00000037c9d00000)]
  0x0000020324ddbc10 JavaThread "Cache worker for execution history cache (D:\LUANVAN\LV_QuanLiQuanAn\QuanLyQuanAn0609\.gradle\8.0\executionHistory)" [_thread_blocked, id=1740, stack(0x00000037c9d00000,0x00000037c9e00000)]

Other Threads:
=>0x000002031c0f0a30 VMThread "VM Thread" [stack: 0x00000037c0e00000,0x00000037c0f00000] [id=6720]
  0x000002031cdaf900 WatcherThread [stack: 0x00000037c1a00000,0x00000037c1b00000] [id=16564]
  0x00000203022f8640 GCTaskThread "GC Thread#0" [stack: 0x00000037c0900000,0x00000037c0a00000] [id=3004]
  0x000002031dd76b60 GCTaskThread "GC Thread#1" [stack: 0x00000037c1c00000,0x00000037c1d00000] [id=16120]
  0x000002031dc040d0 GCTaskThread "GC Thread#2" [stack: 0x00000037c1d00000,0x00000037c1e00000] [id=10572]
  0x000002031dceef30 GCTaskThread "GC Thread#3" [stack: 0x00000037c1e00000,0x00000037c1f00000] [id=8556]
  0x000002031de8c000 GCTaskThread "GC Thread#4" [stack: 0x00000037c1f00000,0x00000037c2000000] [id=10072]
  0x000002031e4fef50 GCTaskThread "GC Thread#5" [stack: 0x00000037c2a00000,0x00000037c2b00000] [id=6992]
  0x000002031dcb7580 GCTaskThread "GC Thread#6" [stack: 0x00000037c2b00000,0x00000037c2c00000] [id=10096]
  0x000002031f67b4b0 GCTaskThread "GC Thread#7" [stack: 0x00000037c2c00000,0x00000037c2d00000] [id=2068]
  0x0000020302309490 ConcurrentGCThread "G1 Main Marker" [stack: 0x00000037c0a00000,0x00000037c0b00000] [id=14312]
  0x000002030230b560 ConcurrentGCThread "G1 Conc#0" [stack: 0x00000037c0b00000,0x00000037c0c00000] [id=15844]
  0x000002031f5f0840 ConcurrentGCThread "G1 Conc#1" [stack: 0x00000037c2d00000,0x00000037c2e00000] [id=18192]
  0x000002030236dc70 ConcurrentGCThread "G1 Refine#0" [stack: 0x00000037c0c00000,0x00000037c0d00000] [id=6900]
  0x000002030236e5a0 ConcurrentGCThread "G1 Service" [stack: 0x00000037c0d00000,0x00000037c0e00000] [id=11652]

Threads with active compile tasks:
C2 CompilerThread0    10881 9513       4       org.gradle.cache.internal.btree.CachingBlockStore::read (56 bytes)
C2 CompilerThread1    10881 9490       4       com.google.common.collect.Interners$InternerImpl::intern (54 bytes)

VM state: at safepoint (normal execution)

VM Mutex/Monitor currently owned by a thread:  ([mutex/lock_event])
[0x0000020302297140] Threads_lock - owner thread: 0x000002031c0f0a30
[0x00000203022970b0] Heap_lock - owner thread: 0x0000020302309490

Heap address: 0x0000000080000000, size: 2048 MB, Compressed Oops mode: 32-bit

CDS archive(s) not mapped
Compressed class space mapped at: 0x0000000100000000-0x0000000140000000, reserved size: 1073741824
Narrow klass base: 0x0000000000000000, Narrow klass shift: 3, Narrow klass range: 0x140000000

GC Precious Log:
 CPUs: 8 total, 8 available
 Memory: 7959M
 Large Page Support: Disabled
 NUMA Support: Disabled
 Compressed Oops: Enabled (32-bit)
 Heap Region Size: 1M
 Heap Min Capacity: 8M
 Heap Initial Capacity: 126M
 Heap Max Capacity: 2G
 Pre-touch: Disabled
 Parallel Workers: 8
 Concurrent Workers: 2
 Concurrent Refinement Workers: 8
 Periodic GC: Disabled

Heap:
 garbage-first heap   total 138240K, used 92175K [0x0000000080000000, 0x0000000100000000)
  region size 1024K, 15 young (15360K), 5 survivors (5120K)
 Metaspace       used 84919K, committed 85504K, reserved 1130496K
  class space    used 11712K, committed 11968K, reserved 1048576K

Heap Regions: E=young(eden), S=young(survivor), O=old, HS=humongous(starts), HC=humongous(continues), CS=collection set, F=free, OA=open archive, CA=closed archive, TAMS=top-at-mark-start (previous, next)
|   0|0x0000000080000000, 0x0000000080100000, 0x0000000080100000|100%|HS|  |TAMS 0x0000000080100000, 0x0000000080000000| Complete 
|   1|0x0000000080100000, 0x0000000080200000, 0x0000000080200000|100%|HC|  |TAMS 0x0000000080200000, 0x0000000080100000| Complete 
|   2|0x0000000080200000, 0x0000000080300000, 0x0000000080300000|100%|HC|  |TAMS 0x0000000080300000, 0x0000000080200000| Complete 
|   3|0x0000000080300000, 0x0000000080400000, 0x0000000080400000|100%|HC|  |TAMS 0x0000000080400000, 0x0000000080300000| Complete 
|   4|0x0000000080400000, 0x0000000080500000, 0x0000000080500000|100%| O|  |TAMS 0x0000000080500000, 0x0000000080400000| Untracked 
|   5|0x0000000080500000, 0x0000000080600000, 0x0000000080600000|100%| O|  |TAMS 0x0000000080600000, 0x0000000080500000| Untracked 
|   6|0x0000000080600000, 0x0000000080700000, 0x0000000080700000|100%| O|  |TAMS 0x0000000080700000, 0x0000000080600000| Untracked 
|   7|0x0000000080700000, 0x0000000080800000, 0x0000000080800000|100%| O|  |TAMS 0x0000000080800000, 0x0000000080700000| Untracked 
|   8|0x0000000080800000, 0x0000000080900000, 0x0000000080900000|100%| O|  |TAMS 0x0000000080900000, 0x0000000080800000| Untracked 
|   9|0x0000000080900000, 0x0000000080a00000, 0x0000000080a00000|100%| O|  |TAMS 0x0000000080a00000, 0x0000000080900000| Untracked 
|  10|0x0000000080a00000, 0x0000000080b00000, 0x0000000080b00000|100%| O|  |TAMS 0x0000000080b00000, 0x0000000080a00000| Untracked 
|  11|0x0000000080b00000, 0x0000000080c00000, 0x0000000080c00000|100%| O|  |TAMS 0x0000000080c00000, 0x0000000080b00000| Untracked 
|  12|0x0000000080c00000, 0x0000000080d00000, 0x0000000080d00000|100%| O|  |TAMS 0x0000000080d00000, 0x0000000080c00000| Untracked 
|  13|0x0000000080d00000, 0x0000000080e00000, 0x0000000080e00000|100%| O|  |TAMS 0x0000000080e00000, 0x0000000080d00000| Updating 
|  14|0x0000000080e00000, 0x0000000080f00000, 0x0000000080f00000|100%| O|  |TAMS 0x0000000080f00000, 0x0000000080e00000| Untracked 
|  15|0x0000000080f00000, 0x0000000081000000, 0x0000000081000000|100%| O|  |TAMS 0x0000000081000000, 0x0000000080f00000| Untracked 
|  16|0x0000000081000000, 0x0000000081100000, 0x0000000081100000|100%| O|  |TAMS 0x0000000081100000, 0x0000000081000000| Untracked 
|  17|0x0000000081100000, 0x0000000081200000, 0x0000000081200000|100%| O|  |TAMS 0x0000000081200000, 0x0000000081100000| Untracked 
|  18|0x0000000081200000, 0x0000000081300000, 0x0000000081300000|100%| O|  |TAMS 0x0000000081300000, 0x0000000081200000| Untracked 
|  19|0x0000000081300000, 0x0000000081400000, 0x0000000081400000|100%| O|  |TAMS 0x0000000081400000, 0x0000000081300000| Untracked 
|  20|0x0000000081400000, 0x0000000081500000, 0x0000000081500000|100%| O|  |TAMS 0x0000000081500000, 0x0000000081400000| Updating 
|  21|0x0000000081500000, 0x0000000081600000, 0x0000000081600000|100%| O|  |TAMS 0x0000000081600000, 0x0000000081500000| Untracked 
|  22|0x0000000081600000, 0x0000000081700000, 0x0000000081700000|100%| O|  |TAMS 0x0000000081700000, 0x0000000081600000| Untracked 
|  23|0x0000000081700000, 0x0000000081800000, 0x0000000081800000|100%| O|  |TAMS 0x0000000081800000, 0x0000000081700000| Untracked 
|  24|0x0000000081800000, 0x0000000081900000, 0x0000000081900000|100%| O|  |TAMS 0x0000000081900000, 0x0000000081800000| Untracked 
|  25|0x0000000081900000, 0x0000000081a00000, 0x0000000081a00000|100%| O|  |TAMS 0x0000000081a00000, 0x0000000081900000| Untracked 
|  26|0x0000000081a00000, 0x0000000081b00000, 0x0000000081b00000|100%| O|  |TAMS 0x0000000081b00000, 0x0000000081a00000| Updating 
|  27|0x0000000081b00000, 0x0000000081c00000, 0x0000000081c00000|100%| O|  |TAMS 0x0000000081c00000, 0x0000000081b00000| Untracked 
|  28|0x0000000081c00000, 0x0000000081d00000, 0x0000000081d00000|100%| O|  |TAMS 0x0000000081d00000, 0x0000000081c00000| Untracked 
|  29|0x0000000081d00000, 0x0000000081e00000, 0x0000000081e00000|100%| O|  |TAMS 0x0000000081e00000, 0x0000000081d00000| Untracked 
|  30|0x0000000081e00000, 0x0000000081f00000, 0x0000000081f00000|100%| O|  |TAMS 0x0000000081f00000, 0x0000000081e00000| Untracked 
|  31|0x0000000081f00000, 0x0000000082000000, 0x0000000082000000|100%|HS|  |TAMS 0x0000000082000000, 0x0000000081f00000| Complete 
|  32|0x0000000082000000, 0x0000000082100000, 0x0000000082100000|100%|HS|  |TAMS 0x0000000082100000, 0x0000000082000000| Complete 
|  33|0x0000000082100000, 0x0000000082200000, 0x0000000082200000|100%| O|  |TAMS 0x0000000082200000, 0x0000000082100000| Untracked 
|  34|0x0000000082200000, 0x0000000082300000, 0x0000000082300000|100%| O|  |TAMS 0x0000000082300000, 0x0000000082200000| Untracked 
|  35|0x0000000082300000, 0x0000000082400000, 0x0000000082400000|100%| O|  |TAMS 0x0000000082400000, 0x0000000082300000| Untracked 
|  36|0x0000000082400000, 0x0000000082500000, 0x0000000082500000|100%| O|  |TAMS 0x0000000082500000, 0x0000000082400000| Untracked 
|  37|0x0000000082500000, 0x0000000082600000, 0x0000000082600000|100%| O|  |TAMS 0x0000000082600000, 0x0000000082500000| Untracked 
|  38|0x0000000082600000, 0x0000000082700000, 0x0000000082700000|100%| O|  |TAMS 0x0000000082700000, 0x0000000082600000| Untracked 
|  39|0x0000000082700000, 0x0000000082800000, 0x0000000082800000|100%| O|  |TAMS 0x0000000082800000, 0x0000000082700000| Untracked 
|  40|0x0000000082800000, 0x0000000082900000, 0x0000000082900000|100%| O|  |TAMS 0x0000000082900000, 0x0000000082800000| Untracked 
|  41|0x0000000082900000, 0x0000000082a00000, 0x0000000082a00000|100%| O|  |TAMS 0x0000000082a00000, 0x0000000082900000| Untracked 
|  42|0x0000000082a00000, 0x0000000082b00000, 0x0000000082b00000|100%| O|  |TAMS 0x0000000082b00000, 0x0000000082a00000| Updating 
|  43|0x0000000082b00000, 0x0000000082c00000, 0x0000000082c00000|100%| O|  |TAMS 0x0000000082c00000, 0x0000000082b00000| Untracked 
|  44|0x0000000082c00000, 0x0000000082d00000, 0x0000000082d00000|100%| O|  |TAMS 0x0000000082d00000, 0x0000000082c00000| Updating 
|  45|0x0000000082d00000, 0x0000000082e00000, 0x0000000082e00000|100%| O|  |TAMS 0x0000000082e00000, 0x0000000082d00000| Untracked 
|  46|0x0000000082e00000, 0x0000000082f00000, 0x0000000082f00000|100%| O|  |TAMS 0x0000000082f00000, 0x0000000082e00000| Untracked 
|  47|0x0000000082f00000, 0x0000000083000000, 0x0000000083000000|100%| O|  |TAMS 0x0000000083000000, 0x0000000082f00000| Untracked 
|  48|0x0000000083000000, 0x0000000083100000, 0x0000000083100000|100%| O|  |TAMS 0x0000000083100000, 0x0000000083000000| Untracked 
|  49|0x0000000083100000, 0x0000000083200000, 0x0000000083200000|100%| O|  |TAMS 0x0000000083200000, 0x0000000083100000| Untracked 
|  50|0x0000000083200000, 0x0000000083300000, 0x0000000083300000|100%| O|  |TAMS 0x0000000083300000, 0x0000000083200000| Untracked 
|  51|0x0000000083300000, 0x0000000083400000, 0x0000000083400000|100%| O|  |TAMS 0x0000000083400000, 0x0000000083300000| Untracked 
|  52|0x0000000083400000, 0x0000000083500000, 0x0000000083500000|100%| O|  |TAMS 0x0000000083500000, 0x0000000083400000| Untracked 
|  53|0x0000000083500000, 0x0000000083600000, 0x0000000083600000|100%| O|  |TAMS 0x0000000083600000, 0x0000000083500000| Untracked 
|  54|0x0000000083600000, 0x0000000083700000, 0x0000000083700000|100%| O|  |TAMS 0x0000000083700000, 0x0000000083600000| Updating 
|  55|0x0000000083700000, 0x0000000083800000, 0x0000000083800000|100%| O|  |TAMS 0x0000000083800000, 0x0000000083700000| Untracked 
|  56|0x0000000083800000, 0x0000000083900000, 0x0000000083900000|100%| O|  |TAMS 0x0000000083900000, 0x0000000083800000| Untracked 
|  57|0x0000000083900000, 0x0000000083a00000, 0x0000000083a00000|100%| O|  |TAMS 0x0000000083a00000, 0x0000000083900000| Untracked 
|  58|0x0000000083a00000, 0x0000000083b00000, 0x0000000083b00000|100%| O|  |TAMS 0x0000000083b00000, 0x0000000083a00000| Untracked 
|  59|0x0000000083b00000, 0x0000000083c00000, 0x0000000083c00000|100%| O|  |TAMS 0x0000000083c00000, 0x0000000083b00000| Untracked 
|  60|0x0000000083c00000, 0x0000000083d00000, 0x0000000083d00000|100%| O|  |TAMS 0x0000000083d00000, 0x0000000083c00000| Untracked 
|  61|0x0000000083d00000, 0x0000000083e00000, 0x0000000083e00000|100%| O|  |TAMS 0x0000000083e00000, 0x0000000083d00000| Untracked 
|  62|0x0000000083e00000, 0x0000000083f00000, 0x0000000083f00000|100%| O|  |TAMS 0x0000000083f00000, 0x0000000083e00000| Untracked 
|  63|0x0000000083f00000, 0x0000000084000000, 0x0000000084000000|100%| O|  |TAMS 0x0000000084000000, 0x0000000083f00000| Untracked 
|  64|0x0000000084000000, 0x0000000084100000, 0x0000000084100000|100%| O|  |TAMS 0x0000000084100000, 0x0000000084000000| Updating 
|  65|0x0000000084100000, 0x0000000084200000, 0x0000000084200000|100%| O|  |TAMS 0x0000000084200000, 0x0000000084100000| Untracked 
|  66|0x0000000084200000, 0x0000000084300000, 0x0000000084300000|100%| O|  |TAMS 0x0000000084300000, 0x0000000084200000| Untracked 
|  67|0x0000000084300000, 0x0000000084400000, 0x0000000084400000|100%| O|  |TAMS 0x0000000084400000, 0x0000000084300000| Updating 
|  68|0x0000000084400000, 0x0000000084500000, 0x0000000084500000|100%| O|  |TAMS 0x0000000084500000, 0x0000000084400000| Untracked 
|  69|0x0000000084500000, 0x0000000084600000, 0x0000000084600000|100%| O|  |TAMS 0x0000000084600000, 0x0000000084500000| Untracked 
|  70|0x0000000084600000, 0x0000000084700000, 0x0000000084700000|100%| O|  |TAMS 0x0000000084700000, 0x0000000084600000| Untracked 
|  71|0x0000000084700000, 0x0000000084800000, 0x0000000084800000|100%| O|  |TAMS 0x00000000847df200, 0x0000000084700000| Updating 
|  72|0x0000000084800000, 0x0000000084900000, 0x0000000084900000|100%| O|  |TAMS 0x0000000084800000, 0x0000000084800000| Untracked 
|  73|0x0000000084900000, 0x0000000084a00000, 0x0000000084a00000|100%| O|  |TAMS 0x0000000084900000, 0x0000000084900000| Untracked 
|  74|0x0000000084a00000, 0x0000000084b00000, 0x0000000084b00000|100%| O|  |TAMS 0x0000000084a00000, 0x0000000084a00000| Untracked 
|  75|0x0000000084b00000, 0x0000000084c00000, 0x0000000084c00000|100%| O|  |TAMS 0x0000000084b00000, 0x0000000084b00000| Untracked 
|  76|0x0000000084c00000, 0x0000000084cb1000, 0x0000000084d00000| 69%| O|  |TAMS 0x0000000084c00000, 0x0000000084c00000| Updating 
|  77|0x0000000084d00000, 0x0000000084d00000, 0x0000000084e00000|  0%| F|  |TAMS 0x0000000084d00000, 0x0000000084d00000| Untracked 
|  78|0x0000000084e00000, 0x0000000084e00000, 0x0000000084f00000|  0%| F|  |TAMS 0x0000000084e00000, 0x0000000084e00000| Untracked 
|  79|0x0000000084f00000, 0x0000000084f00000, 0x0000000085000000|  0%| F|  |TAMS 0x0000000084f00000, 0x0000000084f00000| Untracked 
|  80|0x0000000085000000, 0x0000000085000000, 0x0000000085100000|  0%| F|  |TAMS 0x0000000085000000, 0x0000000085000000| Untracked 
|  81|0x0000000085100000, 0x0000000085100000, 0x0000000085200000|  0%| F|  |TAMS 0x0000000085100000, 0x0000000085100000| Untracked 
|  82|0x0000000085200000, 0x0000000085200000, 0x0000000085300000|  0%| F|  |TAMS 0x0000000085200000, 0x0000000085200000| Untracked 
|  83|0x0000000085300000, 0x0000000085300000, 0x0000000085400000|  0%| F|  |TAMS 0x0000000085300000, 0x0000000085300000| Untracked 
|  84|0x0000000085400000, 0x0000000085400000, 0x0000000085500000|  0%| F|  |TAMS 0x0000000085400000, 0x0000000085400000| Untracked 
|  85|0x0000000085500000, 0x0000000085500000, 0x0000000085600000|  0%| F|  |TAMS 0x0000000085500000, 0x0000000085500000| Untracked 
|  86|0x0000000085600000, 0x0000000085600000, 0x0000000085700000|  0%| F|  |TAMS 0x0000000085600000, 0x0000000085600000| Untracked 
|  87|0x0000000085700000, 0x0000000085700000, 0x0000000085800000|  0%| F|  |TAMS 0x0000000085700000, 0x0000000085700000| Untracked 
|  88|0x0000000085800000, 0x0000000085800000, 0x0000000085900000|  0%| F|  |TAMS 0x0000000085800000, 0x0000000085800000| Untracked 
|  89|0x0000000085900000, 0x0000000085900000, 0x0000000085a00000|  0%| F|  |TAMS 0x0000000085900000, 0x0000000085900000| Untracked 
|  90|0x0000000085a00000, 0x0000000085a00000, 0x0000000085b00000|  0%| F|  |TAMS 0x0000000085a00000, 0x0000000085a00000| Untracked 
|  91|0x0000000085b00000, 0x0000000085b00000, 0x0000000085c00000|  0%| F|  |TAMS 0x0000000085b00000, 0x0000000085b00000| Untracked 
|  92|0x0000000085c00000, 0x0000000085c00000, 0x0000000085d00000|  0%| F|  |TAMS 0x0000000085c00000, 0x0000000085c00000| Untracked 
|  93|0x0000000085d00000, 0x0000000085d52db8, 0x0000000085e00000| 32%| S|CS|TAMS 0x0000000085d00000, 0x0000000085d00000| Complete 
|  94|0x0000000085e00000, 0x0000000085f00000, 0x0000000085f00000|100%| S|CS|TAMS 0x0000000085e00000, 0x0000000085e00000| Complete 
|  95|0x0000000085f00000, 0x0000000086000000, 0x0000000086000000|100%| S|CS|TAMS 0x0000000085f00000, 0x0000000085f00000| Complete 
|  96|0x0000000086000000, 0x0000000086100000, 0x0000000086100000|100%| S|CS|TAMS 0x0000000086000000, 0x0000000086000000| Complete 
|  97|0x0000000086100000, 0x0000000086200000, 0x0000000086200000|100%| S|CS|TAMS 0x0000000086100000, 0x0000000086100000| Complete 
|  98|0x0000000086200000, 0x0000000086200000, 0x0000000086300000|  0%| F|  |TAMS 0x0000000086200000, 0x0000000086200000| Untracked 
|  99|0x0000000086300000, 0x0000000086300000, 0x0000000086400000|  0%| F|  |TAMS 0x0000000086300000, 0x0000000086300000| Untracked 
| 100|0x0000000086400000, 0x0000000086400000, 0x0000000086500000|  0%| F|  |TAMS 0x0000000086400000, 0x0000000086400000| Untracked 
| 101|0x0000000086500000, 0x0000000086500000, 0x0000000086600000|  0%| F|  |TAMS 0x0000000086500000, 0x0000000086500000| Untracked 
| 102|0x0000000086600000, 0x0000000086600000, 0x0000000086700000|  0%| F|  |TAMS 0x0000000086600000, 0x0000000086600000| Untracked 
| 103|0x0000000086700000, 0x0000000086700000, 0x0000000086800000|  0%| F|  |TAMS 0x0000000086700000, 0x0000000086700000| Untracked 
| 104|0x0000000086800000, 0x0000000086800000, 0x0000000086900000|  0%| F|  |TAMS 0x0000000086800000, 0x0000000086800000| Untracked 
| 105|0x0000000086900000, 0x0000000086900000, 0x0000000086a00000|  0%| F|  |TAMS 0x0000000086900000, 0x0000000086900000| Untracked 
| 106|0x0000000086a00000, 0x0000000086a00000, 0x0000000086b00000|  0%| F|  |TAMS 0x0000000086a00000, 0x0000000086a00000| Untracked 
| 107|0x0000000086b00000, 0x0000000086b00000, 0x0000000086c00000|  0%| F|  |TAMS 0x0000000086b00000, 0x0000000086b00000| Untracked 
| 108|0x0000000086c00000, 0x0000000086c00000, 0x0000000086d00000|  0%| F|  |TAMS 0x0000000086c00000, 0x0000000086c00000| Untracked 
| 109|0x0000000086d00000, 0x0000000086d00000, 0x0000000086e00000|  0%| F|  |TAMS 0x0000000086d00000, 0x0000000086d00000| Untracked 
| 110|0x0000000086e00000, 0x0000000086e00000, 0x0000000086f00000|  0%| F|  |TAMS 0x0000000086e00000, 0x0000000086e00000| Untracked 
| 111|0x0000000086f00000, 0x0000000086f00000, 0x0000000087000000|  0%| F|  |TAMS 0x0000000086f00000, 0x0000000086f00000| Untracked 
| 112|0x0000000087000000, 0x0000000087000000, 0x0000000087100000|  0%| F|  |TAMS 0x0000000087000000, 0x0000000087000000| Untracked 
| 113|0x0000000087100000, 0x0000000087100000, 0x0000000087200000|  0%| F|  |TAMS 0x0000000087100000, 0x0000000087100000| Untracked 
| 114|0x0000000087200000, 0x0000000087200000, 0x0000000087300000|  0%| F|  |TAMS 0x0000000087200000, 0x0000000087200000| Untracked 
| 115|0x0000000087300000, 0x0000000087300000, 0x0000000087400000|  0%| F|  |TAMS 0x0000000087300000, 0x0000000087300000| Untracked 
| 116|0x0000000087400000, 0x0000000087400000, 0x0000000087500000|  0%| F|  |TAMS 0x0000000087400000, 0x0000000087400000| Untracked 
| 117|0x0000000087500000, 0x0000000087500000, 0x0000000087600000|  0%| F|  |TAMS 0x0000000087500000, 0x0000000087500000| Untracked 
| 118|0x0000000087600000, 0x0000000087600000, 0x0000000087700000|  0%| F|  |TAMS 0x0000000087600000, 0x0000000087600000| Untracked 
| 119|0x0000000087700000, 0x0000000087700000, 0x0000000087800000|  0%| F|  |TAMS 0x0000000087700000, 0x0000000087700000| Untracked 
| 120|0x0000000087800000, 0x0000000087800000, 0x0000000087900000|  0%| F|  |TAMS 0x0000000087800000, 0x0000000087800000| Untracked 
| 121|0x0000000087900000, 0x0000000087900000, 0x0000000087a00000|  0%| F|  |TAMS 0x0000000087900000, 0x0000000087900000| Untracked 
| 122|0x0000000087a00000, 0x0000000087a00000, 0x0000000087b00000|  0%| F|  |TAMS 0x0000000087a00000, 0x0000000087a00000| Untracked 
| 123|0x0000000087b00000, 0x0000000087b00000, 0x0000000087c00000|  0%| F|  |TAMS 0x0000000087b00000, 0x0000000087b00000| Untracked 
| 124|0x0000000087c00000, 0x0000000087c00000, 0x0000000087d00000|  0%| F|  |TAMS 0x0000000087c00000, 0x0000000087c00000| Untracked 
| 125|0x0000000087d00000, 0x0000000087d42988, 0x0000000087e00000| 26%| E|  |TAMS 0x0000000087d00000, 0x0000000087d00000| Complete 
| 126|0x0000000087e00000, 0x0000000087f00000, 0x0000000087f00000|100%| E|CS|TAMS 0x0000000087e00000, 0x0000000087e00000| Complete 
| 127|0x0000000087f00000, 0x0000000088000000, 0x0000000088000000|100%| E|CS|TAMS 0x0000000087f00000, 0x0000000087f00000| Complete 
| 128|0x0000000088000000, 0x0000000088100000, 0x0000000088100000|100%| E|CS|TAMS 0x0000000088000000, 0x0000000088000000| Complete 
| 129|0x0000000088100000, 0x0000000088200000, 0x0000000088200000|100%| E|CS|TAMS 0x0000000088100000, 0x0000000088100000| Complete 
| 130|0x0000000088200000, 0x0000000088300000, 0x0000000088300000|100%| E|CS|TAMS 0x0000000088200000, 0x0000000088200000| Complete 
| 131|0x0000000088300000, 0x0000000088400000, 0x0000000088400000|100%| E|CS|TAMS 0x0000000088300000, 0x0000000088300000| Complete 
| 132|0x0000000088400000, 0x0000000088500000, 0x0000000088500000|100%| E|CS|TAMS 0x0000000088400000, 0x0000000088400000| Complete 
| 133|0x0000000088500000, 0x0000000088600000, 0x0000000088600000|100%| E|CS|TAMS 0x0000000088500000, 0x0000000088500000| Complete 
| 134|0x0000000088600000, 0x0000000088700000, 0x0000000088700000|100%| E|CS|TAMS 0x0000000088600000, 0x0000000088600000| Complete 

Card table byte_map: [0x0000020314ea0000,0x00000203152a0000] _byte_map_base: 0x0000020314aa0000

Marking Bits (Prev, Next): (CMBitMap*) 0x00000203022f8b60, (CMBitMap*) 0x00000203022f8ba0
 Prev Bits: [0x00000203156a0000, 0x00000203176a0000)
 Next Bits: [0x00000203176a0000, 0x00000203196a0000)

Polling page: 0x0000020301a70000

Metaspace:

Usage:
  Non-class:     71.49 MB used.
      Class:     11.44 MB used.
       Both:     82.93 MB used.

Virtual space:
  Non-class space:       80.00 MB reserved,      71.81 MB ( 90%) committed,  10 nodes.
      Class space:        1.00 GB reserved,      11.69 MB (  1%) committed,  1 nodes.
             Both:        1.08 GB reserved,      83.50 MB (  8%) committed. 

Chunk freelists:
   Non-Class:  3.58 MB
       Class:  320.00 KB
        Both:  3.89 MB

MaxMetaspaceSize: unlimited
CompressedClassSpaceSize: 1.00 GB
Initial GC threshold: 21.00 MB
Current GC threshold: 135.00 MB
CDS: off
MetaspaceReclaimPolicy: balanced
 - commit_granule_bytes: 65536.
 - commit_granule_words: 8192.
 - virtual_space_node_default_size: 1048576.
 - enlarge_chunks_in_place: 1.
 - new_chunks_are_fully_committed: 0.
 - uncommit_free_chunks: 1.
 - use_allocation_guard: 0.
 - handle_deallocations: 1.


Internal statistics:

num_allocs_failed_limit: 6.
num_arena_births: 842.
num_arena_deaths: 0.
num_vsnodes_births: 11.
num_vsnodes_deaths: 0.
num_space_committed: 1336.
num_space_uncommitted: 0.
num_chunks_returned_to_freelist: 6.
num_chunks_taken_from_freelist: 3945.
num_chunk_merges: 3.
num_chunk_splits: 2542.
num_chunks_enlarged: 1654.
num_purges: 0.
num_inconsistent_stats: 0.

CodeHeap 'non-profiled nmethods': size=120000Kb used=4919Kb max_used=4919Kb free=115080Kb
 bounds [0x000002030d240000, 0x000002030d710000, 0x0000020314770000]
CodeHeap 'profiled nmethods': size=120000Kb used=17222Kb max_used=17222Kb free=102777Kb
 bounds [0x0000020305770000, 0x0000020306850000, 0x000002030cca0000]
CodeHeap 'non-nmethods': size=5760Kb used=2378Kb max_used=2444Kb free=3381Kb
 bounds [0x000002030cca0000, 0x000002030cf10000, 0x000002030d240000]
 total_blobs=9529 nmethods=8633 adapters=808
 compilation: enabled
              stopped_count=0, restarted_count=0
 full_count=0

Compilation events (20 events):
Event: 10.829 Thread 0x000002031cc23910 9501       4       jdk.internal.misc.Unsafe::putIntRelease (9 bytes)
Event: 10.830 Thread 0x000002031cc23910 nmethod 9501 0x000002030d70d090 code [0x000002030d70d200, 0x000002030d70d298]
Event: 10.830 Thread 0x000002031cc2c2d0 nmethod 9502 0x0000020306839090 code [0x00000203068392c0, 0x0000020306839d28]
Event: 10.830 Thread 0x000002031cc2c2d0 9505       3       org.gradle.internal.snapshot.impl.DirectorySnapshotter$PathVisitor::doPreVisitDirectory (82 bytes)
Event: 10.831 Thread 0x000002031cc2c2d0 nmethod 9505 0x000002030683a090 code [0x000002030683a380, 0x000002030683b5f8]
Event: 10.831 Thread 0x000002031cc2c2d0 9506       3       org.gradle.internal.snapshot.impl.DirectorySnapshotterStatistics$CollectingFileVisitor::preVisitDirectory (14 bytes)
Event: 10.831 Thread 0x000002031cc2c2d0 nmethod 9506 0x000002030683bc10 code [0x000002030683bdc0, 0x000002030683bfd8]
Event: 10.831 Thread 0x000002031cc2c2d0 9507       3       org.gradle.internal.snapshot.impl.DirectorySnapshotterStatistics$CollectingFileVisitor::preVisitDirectory (10 bytes)
Event: 10.831 Thread 0x000002031cc2c2d0 nmethod 9507 0x000002030683c190 code [0x000002030683c360, 0x000002030683c6f8]
Event: 10.831 Thread 0x000002031cc2c2d0 9508       3       org.gradle.internal.snapshot.impl.DirectorySnapshotterStatistics$CollectingFileVisitor::postVisitDirectory (10 bytes)
Event: 10.831 Thread 0x000002031cc2c2d0 nmethod 9508 0x000002030683c890 code [0x000002030683ca40, 0x000002030683cce8]
Event: 10.833 Thread 0x000002031cc2c2d0 9509       3       java.util.concurrent.locks.AbstractQueuedSynchronizer::acquireInterruptibly (36 bytes)
Event: 10.834 Thread 0x000002031cc2c2d0 nmethod 9509 0x000002030683ce10 code [0x000002030683d000, 0x000002030683d4b8]
Event: 10.835 Thread 0x000002031cc23910 9510       4       java.util.concurrent.ConcurrentLinkedQueue::offer (120 bytes)
Event: 10.840 Thread 0x000002031cc2c2d0 9512       3       org.gradle.internal.snapshot.MerkleDirectorySnapshotBuilder$Directory::fold (145 bytes)
Event: 10.841 Thread 0x000002031cc23910 nmethod 9510 0x000002030d70d390 code [0x000002030d70d520, 0x000002030d70d918]
Event: 10.841 Thread 0x000002031cc23910 9511       4       com.google.common.cache.LocalCache$Segment::scheduleRefresh (66 bytes)
Event: 10.842 Thread 0x000002031cc23910 nmethod 9511 0x000002030d70db10 code [0x000002030d70dc80, 0x000002030d70dd58]
Event: 10.842 Thread 0x000002031cc23910 9513       4       org.gradle.cache.internal.btree.CachingBlockStore::read (56 bytes)
Event: 10.843 Thread 0x000002031cc2c2d0 nmethod 9512 0x000002030683d690 code [0x000002030683dbc0, 0x0000020306840898]

GC Heap History (20 events):
Event: 7.803 GC heap before
{Heap before GC invocations=23 (full 0):
 garbage-first heap   total 104448K, used 76178K [0x0000000080000000, 0x0000000100000000)
  region size 1024K, 26 young (26624K), 2 survivors (2048K)
 Metaspace       used 66634K, committed 67136K, reserved 1114112K
  class space    used 8779K, committed 8960K, reserved 1048576K
}
Event: 7.806 GC heap after
{Heap after GC invocations=24 (full 0):
 garbage-first heap   total 104448K, used 54548K [0x0000000080000000, 0x0000000100000000)
  region size 1024K, 4 young (4096K), 4 survivors (4096K)
 Metaspace       used 66634K, committed 67136K, reserved 1114112K
  class space    used 8779K, committed 8960K, reserved 1048576K
}
Event: 8.034 GC heap before
{Heap before GC invocations=25 (full 0):
 garbage-first heap   total 104448K, used 79124K [0x0000000080000000, 0x0000000100000000)
  region size 1024K, 28 young (28672K), 4 survivors (4096K)
 Metaspace       used 67657K, committed 68224K, reserved 1114112K
  class space    used 8948K, committed 9216K, reserved 1048576K
}
Event: 8.039 GC heap after
{Heap after GC invocations=26 (full 0):
 garbage-first heap   total 104448K, used 55945K [0x0000000080000000, 0x0000000100000000)
  region size 1024K, 3 young (3072K), 3 survivors (3072K)
 Metaspace       used 67657K, committed 68224K, reserved 1114112K
  class space    used 8948K, committed 9216K, reserved 1048576K
}
Event: 8.142 GC heap before
{Heap before GC invocations=26 (full 0):
 garbage-first heap   total 104448K, used 79497K [0x0000000080000000, 0x0000000100000000)
  region size 1024K, 26 young (26624K), 3 survivors (3072K)
 Metaspace       used 67707K, committed 68288K, reserved 1114112K
  class space    used 8952K, committed 9216K, reserved 1048576K
}
Event: 8.145 GC heap after
{Heap after GC invocations=27 (full 0):
 garbage-first heap   total 125952K, used 57547K [0x0000000080000000, 0x0000000100000000)
  region size 1024K, 2 young (2048K), 2 survivors (2048K)
 Metaspace       used 67707K, committed 68288K, reserved 1114112K
  class space    used 8952K, committed 9216K, reserved 1048576K
}
Event: 8.674 GC heap before
{Heap before GC invocations=28 (full 0):
 garbage-first heap   total 125952K, used 96459K [0x0000000080000000, 0x0000000100000000)
  region size 1024K, 40 young (40960K), 2 survivors (2048K)
 Metaspace       used 72212K, committed 72832K, reserved 1114112K
  class space    used 9780K, committed 10048K, reserved 1048576K
}
Event: 8.678 GC heap after
{Heap after GC invocations=29 (full 0):
 garbage-first heap   total 125952K, used 59908K [0x0000000080000000, 0x0000000100000000)
  region size 1024K, 5 young (5120K), 5 survivors (5120K)
 Metaspace       used 72212K, committed 72832K, reserved 1114112K
  class space    used 9780K, committed 10048K, reserved 1048576K
}
Event: 9.006 GC heap before
{Heap before GC invocations=29 (full 0):
 garbage-first heap   total 125952K, used 97796K [0x0000000080000000, 0x0000000100000000)
  region size 1024K, 42 young (43008K), 5 survivors (5120K)
 Metaspace       used 74145K, committed 74816K, reserved 1114112K
  class space    used 10059K, committed 10368K, reserved 1048576K
}
Event: 9.011 GC heap after
{Heap after GC invocations=30 (full 0):
 garbage-first heap   total 125952K, used 63212K [0x0000000080000000, 0x0000000100000000)
  region size 1024K, 6 young (6144K), 6 survivors (6144K)
 Metaspace       used 74145K, committed 74816K, reserved 1114112K
  class space    used 10059K, committed 10368K, reserved 1048576K
}
Event: 9.378 GC heap before
{Heap before GC invocations=30 (full 0):
 garbage-first heap   total 125952K, used 100076K [0x0000000080000000, 0x0000000100000000)
  region size 1024K, 42 young (43008K), 6 survivors (6144K)
 Metaspace       used 76417K, committed 76992K, reserved 1122304K
  class space    used 10397K, committed 10688K, reserved 1048576K
}
Event: 9.383 GC heap after
{Heap after GC invocations=31 (full 0):
 garbage-first heap   total 125952K, used 66153K [0x0000000080000000, 0x0000000100000000)
  region size 1024K, 6 young (6144K), 6 survivors (6144K)
 Metaspace       used 76417K, committed 76992K, reserved 1122304K
  class space    used 10397K, committed 10688K, reserved 1048576K
}
Event: 9.836 GC heap before
{Heap before GC invocations=32 (full 0):
 garbage-first heap   total 125952K, used 100969K [0x0000000080000000, 0x0000000100000000)
  region size 1024K, 40 young (40960K), 6 survivors (6144K)
 Metaspace       used 80995K, committed 81728K, reserved 1122304K
  class space    used 11058K, committed 11392K, reserved 1048576K
}
Event: 9.841 GC heap after
{Heap after GC invocations=33 (full 0):
 garbage-first heap   total 125952K, used 69296K [0x0000000080000000, 0x0000000100000000)
  region size 1024K, 4 young (4096K), 4 survivors (4096K)
 Metaspace       used 80995K, committed 81728K, reserved 1122304K
  class space    used 11058K, committed 11392K, reserved 1048576K
}
Event: 10.101 GC heap before
{Heap before GC invocations=33 (full 0):
 garbage-first heap   total 125952K, used 101040K [0x0000000080000000, 0x0000000100000000)
  region size 1024K, 35 young (35840K), 4 survivors (4096K)
 Metaspace       used 82260K, committed 82944K, reserved 1122304K
  class space    used 11238K, committed 11584K, reserved 1048576K
}
Event: 10.107 GC heap after
{Heap after GC invocations=34 (full 0):
 garbage-first heap   total 125952K, used 73655K [0x0000000080000000, 0x0000000100000000)
  region size 1024K, 5 young (5120K), 5 survivors (5120K)
 Metaspace       used 82260K, committed 82944K, reserved 1122304K
  class space    used 11238K, committed 11584K, reserved 1048576K
}
Event: 10.312 GC heap before
{Heap before GC invocations=35 (full 0):
 garbage-first heap   total 138240K, used 102327K [0x0000000080000000, 0x0000000100000000)
  region size 1024K, 33 young (33792K), 5 survivors (5120K)
 Metaspace       used 82723K, committed 83456K, reserved 1122304K
  class space    used 11329K, committed 11648K, reserved 1048576K
}
Event: 10.317 GC heap after
{Heap after GC invocations=36 (full 0):
 garbage-first heap   total 138240K, used 78618K [0x0000000080000000, 0x0000000100000000)
  region size 1024K, 5 young (5120K), 5 survivors (5120K)
 Metaspace       used 82723K, committed 83456K, reserved 1122304K
  class space    used 11329K, committed 11648K, reserved 1048576K
}
Event: 10.767 GC heap before
{Heap before GC invocations=36 (full 0):
 garbage-first heap   total 138240K, used 110362K [0x0000000080000000, 0x0000000100000000)
  region size 1024K, 37 young (37888K), 5 survivors (5120K)
 Metaspace       used 84871K, committed 85504K, reserved 1130496K
  class space    used 11712K, committed 11968K, reserved 1048576K
}
Event: 10.772 GC heap after
{Heap after GC invocations=37 (full 0):
 garbage-first heap   total 138240K, used 82959K [0x0000000080000000, 0x0000000100000000)
  region size 1024K, 5 young (5120K), 5 survivors (5120K)
 Metaspace       used 84871K, committed 85504K, reserved 1130496K
  class space    used 11712K, committed 11968K, reserved 1048576K
}

Dll operation events (2 events):
Event: 0.007 Loaded shared library C:\Program Files\Android\Android Studio\jbr\bin\java.dll
Event: 0.364 Loaded shared library C:\Program Files\Android\Android Studio\jbr\bin\verify.dll

Deoptimization events (20 events):
Event: 10.755 Thread 0x0000020322436a50 Uncommon trap: trap_request=0xffffffde fr.pc=0x000002030d2b35a4 relative=0x00000000000002e4
Event: 10.755 Thread 0x0000020322436a50 Uncommon trap: reason=class_check action=maybe_recompile pc=0x000002030d2b35a4 method=java.util.concurrent.ConcurrentHashMap.get(Ljava/lang/Object;)Ljava/lang/Object; @ 93 c2
Event: 10.755 Thread 0x0000020322436a50 DEOPT PACKING pc=0x000002030d2b35a4 sp=0x00000037c83fe440
Event: 10.755 Thread 0x0000020322436a50 DEOPT UNPACKING pc=0x000002030ccfa1a3 sp=0x00000037c83fe3b8 mode 2
Event: 10.756 Thread 0x000002031d1c7ac0 Uncommon trap: trap_request=0xffffffde fr.pc=0x000002030d2b35a4 relative=0x00000000000002e4
Event: 10.756 Thread 0x000002031d1cb480 Uncommon trap: trap_request=0xffffffde fr.pc=0x000002030d2b35a4 relative=0x00000000000002e4
Event: 10.756 Thread 0x000002031d1cb480 Uncommon trap: reason=class_check action=maybe_recompile pc=0x000002030d2b35a4 method=java.util.concurrent.ConcurrentHashMap.get(Ljava/lang/Object;)Ljava/lang/Object; @ 93 c2
Event: 10.756 Thread 0x000002031d1c7ac0 Uncommon trap: reason=class_check action=maybe_recompile pc=0x000002030d2b35a4 method=java.util.concurrent.ConcurrentHashMap.get(Ljava/lang/Object;)Ljava/lang/Object; @ 93 c2
Event: 10.756 Thread 0x000002031d1cb480 DEOPT PACKING pc=0x000002030d2b35a4 sp=0x00000037c4bfded0
Event: 10.756 Thread 0x000002031d1c7ac0 DEOPT PACKING pc=0x000002030d2b35a4 sp=0x00000037c50fdcc0
Event: 10.756 Thread 0x000002031d1c7ac0 DEOPT UNPACKING pc=0x000002030ccfa1a3 sp=0x00000037c50fdc38 mode 2
Event: 10.756 Thread 0x000002031d1cb480 DEOPT UNPACKING pc=0x000002030ccfa1a3 sp=0x00000037c4bfde48 mode 2
Event: 10.802 Thread 0x0000020324dd90c0 Uncommon trap: trap_request=0xffffff45 fr.pc=0x000002030d3c88e0 relative=0x0000000000000520
Event: 10.802 Thread 0x0000020324dd90c0 Uncommon trap: reason=unstable_if action=reinterpret pc=0x000002030d3c88e0 method=java.lang.StringLatin1.compareToCI([B[B)I @ 68 c2
Event: 10.802 Thread 0x0000020324dd90c0 DEOPT PACKING pc=0x000002030d3c88e0 sp=0x00000037c95f7610
Event: 10.802 Thread 0x0000020324dd90c0 DEOPT UNPACKING pc=0x000002030ccfa1a3 sp=0x00000037c95f7500 mode 2
Event: 10.805 Thread 0x000002031f476ca0 Uncommon trap: trap_request=0xffffffc6 fr.pc=0x000002030d6c2ce8 relative=0x0000000000000968
Event: 10.805 Thread 0x000002031f476ca0 Uncommon trap: reason=bimorphic_or_optimized_type_check action=maybe_recompile pc=0x000002030d6c2ce8 method=java.io.BufferedInputStream.read1([BII)I @ 39 c2
Event: 10.805 Thread 0x000002031f476ca0 DEOPT PACKING pc=0x000002030d6c2ce8 sp=0x00000037c38fe1c0
Event: 10.805 Thread 0x000002031f476ca0 DEOPT UNPACKING pc=0x000002030ccfa1a3 sp=0x00000037c38fe0d8 mode 2

Classes unloaded (0 events):
No events

Classes redefined (0 events):
No events

Internal exceptions (20 events):
Event: 10.264 Thread 0x000002031e41efa0 Exception <a 'java/lang/NoSuchMethodError'{0x0000000086e7b910}: 'java.lang.Object java.lang.invoke.Invokers$Holder.linkToTargetMethod(java.lang.Object, java.lang.Object, java.lang.Object, int, java.lang.Object, java.lang.Object)'> (0x0000000086e7b910) 
thrown [s\src\hotspot\share\interpreter\linkResolver.cpp, line 771]
Event: 10.311 Thread 0x0000020324dd8bf0 Exception <a 'java/lang/NoSuchMethodError'{0x0000000086bf3468}: 'void java.lang.invoke.DirectMethodHandle$Holder.invokeInterface(java.lang.Object, java.lang.Object, java.lang.Object, java.lang.Object)'> (0x0000000086bf3468) 
thrown [s\src\hotspot\share\interpreter\linkResolver.cpp, line 771]
Event: 10.343 Thread 0x000002031e41dc60 Exception <a 'java/lang/NoSuchMethodError'{0x0000000088553e40}: static Lorg/gradle/internal/build/event/types/DefaultTaskStartedProgressEvent;.<clinit>()V> (0x0000000088553e40) 
thrown [s\src\hotspot\share\prims\jni.cpp, line 1108]
Event: 10.344 Thread 0x000002031e41dc60 Exception <a 'java/lang/NoSuchMethodError'{0x00000000885742c8}: static Lorg/gradle/internal/build/event/types/DefaultTaskDescriptor;.<clinit>()V> (0x00000000885742c8) 
thrown [s\src\hotspot\share\prims\jni.cpp, line 1108]
Event: 10.347 Thread 0x0000020324dd8bf0 Exception <a 'java/lang/IncompatibleClassChangeError'{0x00000000885a5c78}: Found class java.lang.Object, but interface was expected> (0x00000000885a5c78) 
thrown [s\src\hotspot\share\interpreter\linkResolver.cpp, line 838]
Event: 10.384 Thread 0x0000020324dd8bf0 Exception <a 'java/lang/IncompatibleClassChangeError'{0x0000000088311a38}: Found class java.lang.Object, but interface was expected> (0x0000000088311a38) 
thrown [s\src\hotspot\share\interpreter\linkResolver.cpp, line 838]
Event: 10.403 Thread 0x0000020324dd8bf0 Exception <a 'java/lang/NoSuchMethodError'{0x0000000088249150}: 'int java.lang.invoke.DirectMethodHandle$Holder.invokeStaticInit(java.lang.Object, java.lang.Object, java.lang.Object, java.lang.Object, java.lang.Object)'> (0x0000000088249150) 
thrown [s\src\hotspot\share\interpreter\linkResolver.cpp, line 771]
Event: 10.417 Thread 0x000002031e41dc60 Exception <a 'java/lang/NoSuchMethodError'{0x00000000881b7c18}: static Lorg/gradle/internal/build/event/types/DefaultTaskFinishedProgressEvent;.<clinit>()V> (0x00000000881b7c18) 
thrown [s\src\hotspot\share\prims\jni.cpp, line 1108]
Event: 10.419 Thread 0x000002031e41dc60 Exception <a 'java/lang/NoSuchMethodError'{0x00000000881e2080}: static Lorg/gradle/internal/build/event/types/DefaultTaskSuccessResult;.<clinit>()V> (0x00000000881e2080) 
thrown [s\src\hotspot\share\prims\jni.cpp, line 1108]
Event: 10.419 Thread 0x000002031e41dc60 Exception <a 'java/lang/NoSuchMethodError'{0x00000000881e3788}: static Lorg/gradle/internal/build/event/types/AbstractTaskResult;.<clinit>()V> (0x00000000881e3788) 
thrown [s\src\hotspot\share\prims\jni.cpp, line 1108]
Event: 10.429 Thread 0x0000020324dd90c0 Exception <a 'sun/nio/fs/WindowsException'{0x0000000088016950}> (0x0000000088016950) 
thrown [s\src\hotspot\share\prims\jni.cpp, line 517]
Event: 10.439 Thread 0x000002031e41dc60 Exception <a 'java/lang/NoSuchMethodError'{0x0000000087f18c08}: static Lorg/gradle/internal/build/event/types/DefaultTaskSkippedResult;.<clinit>()V> (0x0000000087f18c08) 
thrown [s\src\hotspot\share\prims\jni.cpp, line 1108]
Event: 10.441 Thread 0x0000020324ddb270 Exception <a 'java/lang/NoSuchMethodError'{0x0000000087f42fa8}: static Lcom/android/buildanalyzer/common/AndroidGradlePluginAttributionData$BuildInfo;.<clinit>()V> (0x0000000087f42fa8) 
thrown [s\src\hotspot\share\prims\jni.cpp, line 1108]
Event: 10.443 Thread 0x0000020324ddb270 Exception <a 'java/lang/NoSuchMethodError'{0x0000000087f6ed20}: static Lcom/android/buildanalyzer/common/AndroidGradlePluginAttributionData$JavaInfo;.<clinit>()V> (0x0000000087f6ed20) 
thrown [s\src\hotspot\share\prims\jni.cpp, line 1108]
Event: 10.448 Thread 0x0000020324ddb270 Exception <a 'java/lang/NoSuchMethodError'{0x0000000087fa6f48}: static [Ljava/lang/String;.<clinit>()V> (0x0000000087fa6f48) 
thrown [s\src\hotspot\share\prims\jni.cpp, line 1108]
Event: 10.450 Thread 0x0000020324ddb270 Exception <a 'java/lang/NoSuchMethodError'{0x0000000087fb5fe8}: static Lcom/android/buildanalyzer/common/AndroidGradlePluginAttributionData$TaskInfo;.<clinit>()V> (0x0000000087fb5fe8) 
thrown [s\src\hotspot\share\prims\jni.cpp, line 1108]
Event: 10.451 Thread 0x0000020324ddb270 Exception <a 'java/lang/NoSuchMethodError'{0x0000000087fc3080}: static Lcom/android/buildanalyzer/common/AndroidGradlePluginAttributionData$TaskCategoryInfo;.<clinit>()V> (0x0000000087fc3080) 
thrown [s\src\hotspot\share\prims\jni.cpp, line 1108]
Event: 10.456 Thread 0x0000020324ddb270 Exception <a 'java/lang/NoSuchMethodError'{0x0000000087e454a8}: 'void java.lang.invoke.DirectMethodHandle$Holder.invokeSpecial(java.lang.Object, java.lang.Object, java.lang.Object, int)'> (0x0000000087e454a8) 
thrown [s\src\hotspot\share\interpreter\linkResolver.cpp, line 771]
Event: 10.690 Thread 0x0000020324dd90c0 Exception <a 'java/lang/NoSuchMethodError'{0x0000000087230838}: 'void java.lang.invoke.DirectMethodHandle$Holder.invokeStatic(java.lang.Object, java.lang.Object, java.lang.Object, java.lang.Object, int, java.lang.Object, java.lang.Object)'> (0x0000000087230838) 
thrown [s\src\hotspot\share\interpreter\linkResolver.cpp, line 771]
Event: 10.708 Thread 0x0000020324dd90c0 Exception <a 'java/lang/NoSuchMethodError'{0x0000000087134798}: 'java.lang.Object java.lang.invoke.DirectMethodHandle$Holder.invokeSpecialIFC(java.lang.Object, java.lang.Object, java.lang.Object)'> (0x0000000087134798) 
thrown [s\src\hotspot\share\interpreter\linkResolver.cpp, line 771]

VM Operations (20 events):
Event: 10.307 Executing VM operation: HandshakeAllThreads done
Event: 10.312 Executing VM operation: G1CollectForAllocation
Event: 10.317 Executing VM operation: G1CollectForAllocation done
Event: 10.334 Executing VM operation: HandshakeAllThreads
Event: 10.334 Executing VM operation: HandshakeAllThreads done
Event: 10.335 Executing VM operation: HandshakeAllThreads
Event: 10.335 Executing VM operation: HandshakeAllThreads done
Event: 10.390 Executing VM operation: HandshakeAllThreads
Event: 10.390 Executing VM operation: HandshakeAllThreads done
Event: 10.416 Executing VM operation: HandshakeAllThreads
Event: 10.416 Executing VM operation: HandshakeAllThreads done
Event: 10.437 Executing VM operation: HandshakeAllThreads
Event: 10.437 Executing VM operation: HandshakeAllThreads done
Event: 10.545 Executing VM operation: ICBufferFull
Event: 10.545 Executing VM operation: ICBufferFull done
Event: 10.692 Executing VM operation: ICBufferFull
Event: 10.692 Executing VM operation: ICBufferFull done
Event: 10.767 Executing VM operation: G1CollectForAllocation
Event: 10.773 Executing VM operation: G1CollectForAllocation done
Event: 10.849 Executing VM operation: G1Concurrent

Events (20 events):
Event: 10.460 loading class jdk/internal/access/JavaObjectInputFilterAccess
Event: 10.460 loading class jdk/internal/access/JavaObjectInputFilterAccess done
Event: 10.460 loading class jdk/internal/event/DeserializationEvent
Event: 10.461 loading class jdk/internal/event/DeserializationEvent done
Event: 10.461 loading class java/io/ObjectInputStream$FieldValues
Event: 10.461 loading class java/io/ObjectInputStream$GetField
Event: 10.461 loading class java/io/ObjectInputStream$GetField done
Event: 10.461 loading class java/io/ObjectInputStream$FieldValues done
Event: 10.679 loading class java/nio/file/FileTreeWalker$1
Event: 10.680 loading class java/nio/file/FileTreeWalker$1 done
Event: 10.729 loading class java/util/stream/ReferencePipeline$4
Event: 10.730 loading class java/util/stream/ReferencePipeline$4 done
Event: 10.730 loading class java/util/function/IntBinaryOperator
Event: 10.730 loading class java/util/function/IntBinaryOperator done
Event: 10.730 loading class java/util/stream/ReduceOps$6
Event: 10.730 loading class java/util/stream/ReduceOps$6 done
Event: 10.730 loading class java/util/stream/ReduceOps$5ReducingSink
Event: 10.730 loading class java/util/stream/ReduceOps$5ReducingSink done
Event: 10.730 loading class java/util/stream/ReferencePipeline$4$1
Event: 10.730 loading class java/util/stream/ReferencePipeline$4$1 done


Dynamic libraries:
0x00007ff64e370000 - 0x00007ff64e37a000 	C:\Program Files\Android\Android Studio\jbr\bin\java.exe
0x00007ffd405d0000 - 0x00007ffd407c7000 	C:\WINDOWS\SYSTEM32\ntdll.dll
0x00007ffd3e8f0000 - 0x00007ffd3e9ad000 	C:\WINDOWS\System32\KERNEL32.DLL
0x00007ffd3dfd0000 - 0x00007ffd3e2c6000 	C:\WINDOWS\System32\KERNELBASE.dll
0x00007ffd3dde0000 - 0x00007ffd3dee0000 	C:\WINDOWS\System32\ucrtbase.dll
0x00007ffd36560000 - 0x00007ffd36577000 	C:\Program Files\Android\Android Studio\jbr\bin\jli.dll
0x00007ffd364d0000 - 0x00007ffd364eb000 	C:\Program Files\Android\Android Studio\jbr\bin\VCRUNTIME140.dll
0x00007ffd3f0e0000 - 0x00007ffd3f27e000 	C:\WINDOWS\System32\USER32.dll
0x00007ffd140d0000 - 0x00007ffd1436a000 	C:\WINDOWS\WinSxS\amd64_microsoft.windows.common-controls_6595b64144ccf1df_6.0.19041.3570_none_60bb2a3971f3e41a\COMCTL32.dll
0x00007ffd3dfa0000 - 0x00007ffd3dfc2000 	C:\WINDOWS\System32\win32u.dll
0x00007ffd3e7a0000 - 0x00007ffd3e83e000 	C:\WINDOWS\System32\msvcrt.dll
0x00007ffd40560000 - 0x00007ffd4058c000 	C:\WINDOWS\System32\GDI32.dll
0x00007ffd3e430000 - 0x00007ffd3e54a000 	C:\WINDOWS\System32\gdi32full.dll
0x00007ffd3dcb0000 - 0x00007ffd3dd4d000 	C:\WINDOWS\System32\msvcp_win.dll
0x00007ffd3f3e0000 - 0x00007ffd3f410000 	C:\WINDOWS\System32\IMM32.DLL
0x00007ffd39430000 - 0x00007ffd3943c000 	C:\Program Files\Android\Android Studio\jbr\bin\vcruntime140_1.dll
0x00007ffd0b560000 - 0x00007ffd0b5ed000 	C:\Program Files\Android\Android Studio\jbr\bin\msvcp140.dll
0x00007ffcc58e0000 - 0x00007ffcc654d000 	C:\Program Files\Android\Android Studio\jbr\bin\server\jvm.dll
0x00007ffd3e840000 - 0x00007ffd3e8ee000 	C:\WINDOWS\System32\ADVAPI32.dll
0x00007ffd3e690000 - 0x00007ffd3e72c000 	C:\WINDOWS\System32\sechost.dll
0x00007ffd3f8c0000 - 0x00007ffd3f9e6000 	C:\WINDOWS\System32\RPCRT4.dll
0x00007ffd1ad00000 - 0x00007ffd1ad27000 	C:\WINDOWS\SYSTEM32\WINMM.dll
0x00007ffd1a570000 - 0x00007ffd1a579000 	C:\WINDOWS\SYSTEM32\WSOCK32.dll
0x00007ffd344a0000 - 0x00007ffd344aa000 	C:\WINDOWS\SYSTEM32\VERSION.dll
0x00007ffd3f770000 - 0x00007ffd3f7db000 	C:\WINDOWS\System32\WS2_32.dll
0x00007ffd3c4e0000 - 0x00007ffd3c4f2000 	C:\WINDOWS\SYSTEM32\kernel.appcore.dll
0x00007ffd1f4e0000 - 0x00007ffd1f4ea000 	C:\Program Files\Android\Android Studio\jbr\bin\jimage.dll
0x00007ffd3ba50000 - 0x00007ffd3bc34000 	C:\WINDOWS\SYSTEM32\DBGHELP.DLL
0x00007ffd333a0000 - 0x00007ffd333d4000 	C:\WINDOWS\SYSTEM32\dbgcore.DLL
0x00007ffd3dd50000 - 0x00007ffd3ddd2000 	C:\WINDOWS\System32\bcryptPrimitives.dll
0x00007ffd1f4b0000 - 0x00007ffd1f4d5000 	C:\Program Files\Android\Android Studio\jbr\bin\java.dll
0x00007ffd1f490000 - 0x00007ffd1f4a8000 	C:\Program Files\Android\Android Studio\jbr\bin\zip.dll
0x00007ffd3f9f0000 - 0x00007ffd40134000 	C:\WINDOWS\System32\SHELL32.dll
0x00007ffd3bd30000 - 0x00007ffd3c4cb000 	C:\WINDOWS\SYSTEM32\windows.storage.dll
0x00007ffd3f410000 - 0x00007ffd3f764000 	C:\WINDOWS\System32\combase.dll
0x00007ffd3d6f0000 - 0x00007ffd3d71d000 	C:\WINDOWS\SYSTEM32\Wldp.dll
0x00007ffd3ebb0000 - 0x00007ffd3ec5d000 	C:\WINDOWS\System32\SHCORE.dll
0x00007ffd3f860000 - 0x00007ffd3f8b5000 	C:\WINDOWS\System32\shlwapi.dll
0x00007ffd3dbe0000 - 0x00007ffd3dc05000 	C:\WINDOWS\SYSTEM32\profapi.dll
0x00007ffd0f930000 - 0x00007ffd0f949000 	C:\Program Files\Android\Android Studio\jbr\bin\net.dll
0x00007ffd2e290000 - 0x00007ffd2e39a000 	C:\WINDOWS\SYSTEM32\WINHTTP.dll
0x00007ffd3d450000 - 0x00007ffd3d4ba000 	C:\WINDOWS\system32\mswsock.dll
0x00007ffd0f910000 - 0x00007ffd0f926000 	C:\Program Files\Android\Android Studio\jbr\bin\nio.dll
0x00007ffd10660000 - 0x00007ffd10670000 	C:\Program Files\Android\Android Studio\jbr\bin\verify.dll
0x00007ffd11490000 - 0x00007ffd114b7000 	C:\Users\vkhan\.gradle\native\68d5fa5c4cc2d200863cafc0d521ce42e7d3e7ee720ec0a83991735586a16f82\windows-amd64\native-platform.dll
0x00007ffd093a0000 - 0x00007ffd094e4000 	C:\Users\vkhan\.gradle\native\e376f236ea51e6404a007f0833ffe2c6e607c4080706a723a18a27aeea778392\windows-amd64\native-platform-file-events.dll
0x00007ffd1f480000 - 0x00007ffd1f489000 	C:\Program Files\Android\Android Studio\jbr\bin\management.dll
0x00007ffd106b0000 - 0x00007ffd106bb000 	C:\Program Files\Android\Android Studio\jbr\bin\management_ext.dll
0x00007ffd3e790000 - 0x00007ffd3e798000 	C:\WINDOWS\System32\PSAPI.DLL
0x00007ffd3d650000 - 0x00007ffd3d668000 	C:\WINDOWS\SYSTEM32\CRYPTSP.dll
0x00007ffd3ccf0000 - 0x00007ffd3cd24000 	C:\WINDOWS\system32\rsaenh.dll
0x00007ffd3e550000 - 0x00007ffd3e577000 	C:\WINDOWS\System32\bcrypt.dll
0x00007ffd3dba0000 - 0x00007ffd3dbce000 	C:\WINDOWS\SYSTEM32\USERENV.dll
0x00007ffd3d640000 - 0x00007ffd3d64c000 	C:\WINDOWS\SYSTEM32\CRYPTBASE.dll
0x00007ffd3d0f0000 - 0x00007ffd3d12b000 	C:\WINDOWS\SYSTEM32\IPHLPAPI.DLL
0x00007ffd403c0000 - 0x00007ffd403c8000 	C:\WINDOWS\System32\NSI.dll
0x00007ffd335a0000 - 0x00007ffd335b7000 	C:\WINDOWS\SYSTEM32\dhcpcsvc6.DLL
0x00007ffd33380000 - 0x00007ffd3339d000 	C:\WINDOWS\SYSTEM32\dhcpcsvc.DLL
0x00007ffd3d140000 - 0x00007ffd3d20a000 	C:\WINDOWS\SYSTEM32\DNSAPI.dll
0x00007ffd103a0000 - 0x00007ffd103a7000 	C:\WINDOWS\system32\wshunix.dll

dbghelp: loaded successfully - version: 4.0.5 - missing functions: none
symbol engine: initialized successfully - sym options: 0x614 - pdb path: .;C:\Program Files\Android\Android Studio\jbr\bin;C:\WINDOWS\SYSTEM32;C:\WINDOWS\WinSxS\amd64_microsoft.windows.common-controls_6595b64144ccf1df_6.0.19041.3570_none_60bb2a3971f3e41a;C:\Program Files\Android\Android Studio\jbr\bin\server;C:\Users\vkhan\.gradle\native\68d5fa5c4cc2d200863cafc0d521ce42e7d3e7ee720ec0a83991735586a16f82\windows-amd64;C:\Users\vkhan\.gradle\native\e376f236ea51e6404a007f0833ffe2c6e607c4080706a723a18a27aeea778392\windows-amd64

VM Arguments:
jvm_args: --add-opens=java.base/java.util=ALL-UNNAMED --add-opens=java.base/java.lang=ALL-UNNAMED --add-opens=java.base/java.lang.invoke=ALL-UNNAMED --add-opens=java.prefs/java.util.prefs=ALL-UNNAMED --add-opens=java.base/java.nio.charset=ALL-UNNAMED --add-opens=java.base/java.net=ALL-UNNAMED --add-opens=java.base/java.util.concurrent.atomic=ALL-UNNAMED -Xmx2048m -Dfile.encoding=UTF-8 -Duser.country=US -Duser.language=en -Duser.variant 
java_command: org.gradle.launcher.daemon.bootstrap.GradleDaemon 8.0
java_class_path (initial): C:\Users\vkhan\.gradle\wrapper\dists\gradle-8.0-bin\ca5e32bp14vu59qr306oxotwh\gradle-8.0\lib\gradle-launcher-8.0.jar
Launcher Type: SUN_STANDARD

[Global flags]
     intx CICompilerCount                          = 4                                         {product} {ergonomic}
     uint ConcGCThreads                            = 2                                         {product} {ergonomic}
     uint G1ConcRefinementThreads                  = 8                                         {product} {ergonomic}
   size_t G1HeapRegionSize                         = 1048576                                   {product} {ergonomic}
    uintx GCDrainStackTargetSize                   = 64                                        {product} {ergonomic}
   size_t InitialHeapSize                          = 132120576                                 {product} {ergonomic}
   size_t MarkStackSize                            = 4194304                                   {product} {ergonomic}
   size_t MaxHeapSize                              = 2147483648                                {product} {command line}
   size_t MaxNewSize                               = 1287651328                                {product} {ergonomic}
   size_t MinHeapDeltaBytes                        = 1048576                                   {product} {ergonomic}
   size_t MinHeapSize                              = 8388608                                   {product} {ergonomic}
    uintx NonNMethodCodeHeapSize                   = 5839372                                {pd product} {ergonomic}
    uintx NonProfiledCodeHeapSize                  = 122909434                              {pd product} {ergonomic}
    uintx ProfiledCodeHeapSize                     = 122909434                              {pd product} {ergonomic}
    uintx ReservedCodeCacheSize                    = 251658240                              {pd product} {ergonomic}
     bool SegmentedCodeCache                       = true                                      {product} {ergonomic}
   size_t SoftMaxHeapSize                          = 2147483648                             {manageable} {ergonomic}
     bool UseCompressedClassPointers               = true                           {product lp64_product} {ergonomic}
     bool UseCompressedOops                        = true                           {product lp64_product} {ergonomic}
     bool UseG1GC                                  = true                                      {product} {ergonomic}
     bool UseLargePagesIndividualAllocation        = false                                  {pd product} {ergonomic}

Logging:
Log output configuration:
 #0: stdout all=warning uptime,level,tags
 #1: stderr all=off uptime,level,tags

Environment Variables:
PATH=C:\Program Files\Common Files\Oracle\Java\javapath;C:\Program Files (x86)\Common Files\Oracle\Java\javapath;C:\WINDOWS\system32;C:\WINDOWS;C:\WINDOWS\System32\Wbem;C:\WINDOWS\System32\WindowsPowerShell\v1.0\;C:\WINDOWS\System32\OpenSSH\;C:\Program Files\Microsoft SQL Server\Client SDK\ODBC\170\Tools\Binn\;C:\Program Files (x86)\Microsoft SQL Server\150\Tools\Binn\;C:\Program Files\Microsoft SQL Server\150\Tools\Binn\;C:\Program Files\Microsoft SQL Server\150\DTS\Binn\;C:\Program Files (x86)\Microsoft SQL Server\160\DTS\Binn\;C:\Program Files\Azure Data Studio\bin;C:\Program Files\Git\cmd;C:\Program Files\nodejs\;C:\Users\vkhan\AppData\Local\Programs\Python\Python311\Scripts\;C:\Users\vkhan\AppData\Local\Programs\Python\Python311\;C:\Users\vkhan\AppData\Local\Microsoft\WindowsApps;C:\Users\vkhan\AppData\Local\Programs\Microsoft VS Code\bin;C:\Program Files\Azure Data Studio\bin;C:\Users\vkhan\AppData\Roaming\npm;C:\Program Files\nodejs;
USERNAME=Admin
OS=Windows_NT
PROCESSOR_IDENTIFIER=Intel64 Family 6 Model 126 Stepping 5, GenuineIntel
TMP=C:\Users\vkhan\AppData\Local\Temp
TEMP=C:\Users\vkhan\AppData\Local\Temp



---------------  S Y S T E M  ---------------

OS:
 Windows 10 , 64 bit Build 19041 (10.0.19041.3570)
OS uptime: 5 days 19:56 hours

CPU: total 8 (initial active 8) (4 cores per cpu, 2 threads per core) family 6 model 126 stepping 5 microcode 0xbc, cx8, cmov, fxsr, ht, mmx, 3dnowpref, sse, sse2, sse3, ssse3, sse4.1, sse4.2, popcnt, lzcnt, tsc, tscinvbit, avx, avx2, aes, erms, clmul, bmi1, bmi2, adx, avx512f, avx512dq, avx512cd, avx512bw, avx512vl, sha, fma, vzeroupper, avx512_vpopcntdq, avx512_vpclmulqdq, avx512_vaes, avx512_vnni, clflush, clflushopt, avx512_vbmi2, avx512_vbmi

Memory: 4k page, system-wide physical 7959M (420M free)
TotalPageFile size 20759M (AvailPageFile size 22M)
current process WorkingSet (physical memory assigned to process): 370M, peak: 380M
current process commit charge ("private bytes"): 405M, peak: 424M

vm_info: OpenJDK 64-Bit Server VM (17.0.6+0-b2043.56-9586694) for windows-amd64 JRE (17.0.6+0-b2043.56-9586694), built on Feb  9 2023 20:06:20 by "androidbuild" with MS VC++ 16.10 / 16.11 (VS2019)

END.
