#
# There is insufficient memory for the Java Runtime Environment to continue.
# Native memory allocation (mmap) failed to map 9437184 bytes for G1 virtual space
# Possible reasons:
#   The system is out of physical RAM or swap space
#   The process is running with CompressedOops enabled, and the Java Heap may be blocking the growth of the native heap
# Possible solutions:
#   Reduce memory load on the system
#   Increase physical memory or swap space
#   Check if swap backing store is full
#   Decrease Java heap size (-Xmx/-Xms)
#   Decrease number of Java threads
#   Decrease Java thread stack sizes (-Xss)
#   Set larger code cache with -XX:ReservedCodeCacheSize=
#   JVM is running with Unscaled Compressed Oops mode in which the Java heap is
#     placed in the first 4GB address space. The Java Heap base address is the
#     maximum limit for the native heap growth. Please use -XX:HeapBaseMinAddress
#     to set the Java Heap base and to place the Java Heap above 4GB virtual address.
# This output file may be truncated or incomplete.
#
#  Out of Memory Error (os_windows.cpp:3769), pid=9728, tid=20732
#
# JRE version: OpenJDK Runtime Environment (17.0.6) (build 17.0.6+0-b2043.56-9586694)
# Java VM: OpenJDK 64-Bit Server VM (17.0.6+0-b2043.56-9586694, mixed mode, tiered, compressed oops, compressed class ptrs, g1 gc, windows-amd64)
# No core dump will be written. Minidumps are not enabled by default on client versions of Windows
#

---------------  S U M M A R Y ------------

Command Line: --add-opens=java.base/java.util=ALL-UNNAMED --add-opens=java.base/java.lang=ALL-UNNAMED --add-opens=java.base/java.lang.invoke=ALL-UNNAMED --add-opens=java.prefs/java.util.prefs=ALL-UNNAMED --add-opens=java.base/java.nio.charset=ALL-UNNAMED --add-opens=java.base/java.net=ALL-UNNAMED --add-opens=java.base/java.util.concurrent.atomic=ALL-UNNAMED -Xmx2048m -Dfile.encoding=UTF-8 -Duser.country=US -Duser.language=en -Duser.variant org.gradle.launcher.daemon.bootstrap.GradleDaemon 8.0

Host: Intel(R) Core(TM) i5-1035G1 CPU @ 1.00GHz, 8 cores, 7G,  Windows 10 , 64 bit Build 19041 (10.0.19041.3570)
Time: Sun Nov 12 14:55:02 2023 SE Asia Standard Time elapsed time: 4.188083 seconds (0d 0h 0m 4s)

---------------  T H R E A D  ---------------

Current thread (0x00000224c79c6ba0):  VMThread "VM Thread" [stack: 0x0000002c67d00000,0x0000002c67e00000] [id=20732]

Stack: [0x0000002c67d00000,0x0000002c67e00000]
Native frames: (J=compiled Java code, j=interpreted, Vv=VM code, C=native code)
V  [jvm.dll+0x683b4a]
V  [jvm.dll+0x842654]
V  [jvm.dll+0x843dfe]
V  [jvm.dll+0x844463]
V  [jvm.dll+0x249b75]
V  [jvm.dll+0x680a19]
V  [jvm.dll+0x674f0a]
V  [jvm.dll+0x309acb]
V  [jvm.dll+0x310f86]
V  [jvm.dll+0x3608ee]
V  [jvm.dll+0x360b1f]
V  [jvm.dll+0x2dfbf8]
V  [jvm.dll+0x2e2ce6]
V  [jvm.dll+0x2ed478]
V  [jvm.dll+0x322150]
V  [jvm.dll+0x84893b]
V  [jvm.dll+0x849674]
V  [jvm.dll+0x849b8d]
V  [jvm.dll+0x849f64]
V  [jvm.dll+0x84a030]
V  [jvm.dll+0x7f25fa]
V  [jvm.dll+0x682985]
C  [ucrtbase.dll+0x21bb2]
C  [KERNEL32.DLL+0x17344]
C  [ntdll.dll+0x526b1]

VM_Operation (0x0000002c679ff670): G1Concurrent, mode: safepoint, requested by thread 0x00000224abc2d560


---------------  P R O C E S S  ---------------

Threads class SMR info:
_java_thread_list=0x00000224cca9a5a0, length=41, elements={
0x00000224abbbb7c0, 0x00000224c79dce20, 0x00000224c79dda20, 0x00000224c79aba50,
0x00000224c79ae830, 0x00000224c8429640, 0x00000224c8427960, 0x00000224c842c580,
0x00000224c8434f40, 0x00000224c8435840, 0x00000224c8429b10, 0x00000224c8429fe0,
0x00000224c8428300, 0x00000224c8429170, 0x00000224c842a4b0, 0x00000224c842a980,
0x00000224c842ae50, 0x00000224c8427490, 0x00000224c8427e30, 0x00000224c84287d0,
0x00000224ca929a20, 0x00000224ca928bb0, 0x00000224ca926530, 0x00000224ca927d40,
0x00000224ca9273a0, 0x00000224ca926a00, 0x00000224ca92bbd0, 0x00000224ca92c0a0,
0x00000224ca92d8b0, 0x00000224ca929ef0, 0x00000224ca927870, 0x00000224ca926ed0,
0x00000224ca92c570, 0x00000224ca928210, 0x00000224ca92a890, 0x00000224ca9286e0,
0x00000224ca929080, 0x00000224ca92ca40, 0x00000224ca929550, 0x00000224ca92a3c0,
0x00000224ca92ad60
}

Java Threads: ( => current thread )
  0x00000224abbbb7c0 JavaThread "main" [_thread_blocked, id=18172, stack(0x0000002c67700000,0x0000002c67800000)]
  0x00000224c79dce20 JavaThread "Reference Handler" daemon [_thread_blocked, id=3952, stack(0x0000002c67e00000,0x0000002c67f00000)]
  0x00000224c79dda20 JavaThread "Finalizer" daemon [_thread_blocked, id=6348, stack(0x0000002c67f00000,0x0000002c68000000)]
  0x00000224c79aba50 JavaThread "Signal Dispatcher" daemon [_thread_blocked, id=17460, stack(0x0000002c68000000,0x0000002c68100000)]
  0x00000224c79ae830 JavaThread "Attach Listener" daemon [_thread_blocked, id=12660, stack(0x0000002c68100000,0x0000002c68200000)]
  0x00000224c8429640 JavaThread "Service Thread" daemon [_thread_blocked, id=21360, stack(0x0000002c68200000,0x0000002c68300000)]
  0x00000224c8427960 JavaThread "Monitor Deflation Thread" daemon [_thread_blocked, id=17852, stack(0x0000002c68300000,0x0000002c68400000)]
  0x00000224c842c580 JavaThread "C2 CompilerThread0" daemon [_thread_blocked, id=3912, stack(0x0000002c68400000,0x0000002c68500000)]
  0x00000224c8434f40 JavaThread "C1 CompilerThread0" daemon [_thread_blocked, id=12496, stack(0x0000002c68500000,0x0000002c68600000)]
  0x00000224c8435840 JavaThread "Sweeper thread" daemon [_thread_blocked, id=10248, stack(0x0000002c68600000,0x0000002c68700000)]
  0x00000224c8429b10 JavaThread "Common-Cleaner" daemon [_thread_blocked, id=20556, stack(0x0000002c68700000,0x0000002c68800000)]
  0x00000224c8429fe0 JavaThread "Notification Thread" daemon [_thread_blocked, id=21452, stack(0x0000002c68800000,0x0000002c68900000)]
  0x00000224c8428300 JavaThread "Daemon health stats" [_thread_blocked, id=8896, stack(0x0000002c68e00000,0x0000002c68f00000)]
  0x00000224c8429170 JavaThread "Incoming local TCP Connector on port 63702" [_thread_in_native, id=12560, stack(0x0000002c68f00000,0x0000002c69000000)]
  0x00000224c842a4b0 JavaThread "Daemon periodic checks" [_thread_blocked, id=16648, stack(0x0000002c69000000,0x0000002c69100000)]
  0x00000224c842a980 JavaThread "Daemon" [_thread_blocked, id=20024, stack(0x0000002c69100000,0x0000002c69200000)]
  0x00000224c842ae50 JavaThread "Handler for socket connection from /127.0.0.1:63702 to /127.0.0.1:63703" [_thread_in_native, id=14820, stack(0x0000002c69200000,0x0000002c69300000)]
  0x00000224c8427490 JavaThread "Cancel handler" [_thread_blocked, id=21920, stack(0x0000002c69300000,0x0000002c69400000)]
  0x00000224c8427e30 JavaThread "Daemon worker" [_thread_blocked, id=17424, stack(0x0000002c69400000,0x0000002c69500000)]
  0x00000224c84287d0 JavaThread "Asynchronous log dispatcher for DefaultDaemonConnection: socket connection from /127.0.0.1:63702 to /127.0.0.1:63703" [_thread_blocked, id=13852, stack(0x0000002c69500000,0x0000002c69600000)]
  0x00000224ca929a20 JavaThread "Stdin handler" [_thread_blocked, id=9220, stack(0x0000002c69600000,0x0000002c69700000)]
  0x00000224ca928bb0 JavaThread "Daemon client event forwarder" [_thread_blocked, id=11812, stack(0x0000002c69700000,0x0000002c69800000)]
  0x00000224ca926530 JavaThread "Cache worker for journal cache (C:\Users\vkhan\.gradle\caches\journal-1)" [_thread_blocked, id=21540, stack(0x0000002c69c00000,0x0000002c69d00000)]
  0x00000224ca927d40 JavaThread "File lock request listener" [_thread_in_native, id=21444, stack(0x0000002c69d00000,0x0000002c69e00000)]
  0x00000224ca9273a0 JavaThread "Cache worker for file hash cache (C:\Users\vkhan\.gradle\caches\8.0\fileHashes)" [_thread_blocked, id=12792, stack(0x0000002c69e00000,0x0000002c69f00000)]
  0x00000224ca926a00 JavaThread "File watcher server" daemon [_thread_in_native, id=19816, stack(0x0000002c69f00000,0x0000002c6a000000)]
  0x00000224ca92bbd0 JavaThread "File watcher consumer" daemon [_thread_blocked, id=1196, stack(0x0000002c6a000000,0x0000002c6a100000)]
  0x00000224ca92c0a0 JavaThread "jar transforms" [_thread_blocked, id=19432, stack(0x0000002c6a100000,0x0000002c6a200000)]
  0x00000224ca92d8b0 JavaThread "jar transforms Thread 2" [_thread_blocked, id=12484, stack(0x0000002c6a200000,0x0000002c6a300000)]
  0x00000224ca929ef0 JavaThread "jar transforms Thread 3" [_thread_blocked, id=4028, stack(0x0000002c6a300000,0x0000002c6a400000)]
  0x00000224ca927870 JavaThread "jar transforms Thread 4" [_thread_blocked, id=17284, stack(0x0000002c6a400000,0x0000002c6a500000)]
  0x00000224ca926ed0 JavaThread "jar transforms Thread 5" [_thread_blocked, id=22172, stack(0x0000002c6a500000,0x0000002c6a600000)]
  0x00000224ca92c570 JavaThread "jar transforms Thread 6" [_thread_blocked, id=13088, stack(0x0000002c6a600000,0x0000002c6a700000)]
  0x00000224ca928210 JavaThread "jar transforms Thread 7" [_thread_blocked, id=15144, stack(0x0000002c6a700000,0x0000002c6a800000)]
  0x00000224ca92a890 JavaThread "jar transforms Thread 8" [_thread_blocked, id=21440, stack(0x0000002c6a800000,0x0000002c6a900000)]
  0x00000224ca9286e0 JavaThread "Cache worker for checksums cache (D:\LUANVAN\LV_QuanLiQuanAn\QuanLyQuanAn0609\.gradle\8.0\checksums)" [_thread_blocked, id=14840, stack(0x0000002c6aa00000,0x0000002c6ab00000)]
  0x00000224ca929080 JavaThread "Cache worker for cache directory md-rule (C:\Users\vkhan\.gradle\caches\8.0\md-rule)" [_thread_blocked, id=8188, stack(0x0000002c6ab00000,0x0000002c6ac00000)]
  0x00000224ca92ca40 JavaThread "Cache worker for file content cache (C:\Users\vkhan\.gradle\caches\8.0\fileContent)" [_thread_blocked, id=18012, stack(0x0000002c6ac00000,0x0000002c6ad00000)]
  0x00000224ca929550 JavaThread "Cache worker for file hash cache (D:\LUANVAN\LV_QuanLiQuanAn\QuanLyQuanAn0609\.gradle\8.0\fileHashes)" [_thread_blocked, id=3744, stack(0x0000002c6ad00000,0x0000002c6ae00000)]
  0x00000224ca92a3c0 JavaThread "Cache worker for cache directory md-supplier (C:\Users\vkhan\.gradle\caches\8.0\md-supplier)" [_thread_blocked, id=2492, stack(0x0000002c6ae00000,0x0000002c6af00000)]
  0x00000224ca92ad60 JavaThread "Cache worker for execution history cache (C:\Users\vkhan\.gradle\caches\8.0\executionHistory)" [_thread_blocked, id=20952, stack(0x0000002c6af00000,0x0000002c6b000000)]

Other Threads:
=>0x00000224c79c6ba0 VMThread "VM Thread" [stack: 0x0000002c67d00000,0x0000002c67e00000] [id=20732]
  0x00000224abc34710 WatcherThread [stack: 0x0000002c68900000,0x0000002c68a00000] [id=13352]
  0x00000224abc1c710 GCTaskThread "GC Thread#0" [stack: 0x0000002c67800000,0x0000002c67900000] [id=10892]
  0x00000224c9052790 GCTaskThread "GC Thread#1" [stack: 0x0000002c68a00000,0x0000002c68b00000] [id=14072]
  0x00000224c8ffcf70 GCTaskThread "GC Thread#2" [stack: 0x0000002c68b00000,0x0000002c68c00000] [id=20020]
  0x00000224c8bb06b0 GCTaskThread "GC Thread#3" [stack: 0x0000002c68c00000,0x0000002c68d00000] [id=19668]
  0x00000224c9e347b0 GCTaskThread "GC Thread#4" [stack: 0x0000002c68d00000,0x0000002c68e00000] [id=1780]
  0x00000224ca95dd60 GCTaskThread "GC Thread#5" [stack: 0x0000002c69800000,0x0000002c69900000] [id=20228]
  0x00000224ca935930 GCTaskThread "GC Thread#6" [stack: 0x0000002c69900000,0x0000002c69a00000] [id=14412]
  0x00000224caae5cb0 GCTaskThread "GC Thread#7" [stack: 0x0000002c69a00000,0x0000002c69b00000] [id=17320]
  0x00000224abc2d560 ConcurrentGCThread "G1 Main Marker" [stack: 0x0000002c67900000,0x0000002c67a00000] [id=6752]
  0x00000224abc2de80 ConcurrentGCThread "G1 Conc#0" [stack: 0x0000002c67a00000,0x0000002c67b00000] [id=20616]
  0x00000224cab06290 ConcurrentGCThread "G1 Conc#1" [stack: 0x0000002c69b00000,0x0000002c69c00000] [id=6236]
  0x00000224c7812ce0 ConcurrentGCThread "G1 Refine#0" [stack: 0x0000002c67b00000,0x0000002c67c00000] [id=14532]
  0x00000224c9eb7860 ConcurrentGCThread "G1 Refine#1" [stack: 0x0000002c6a900000,0x0000002c6aa00000] [id=18840]
  0x00000224c7813610 ConcurrentGCThread "G1 Service" [stack: 0x0000002c67c00000,0x0000002c67d00000] [id=3544]

Threads with active compile tasks:

VM state: at safepoint (normal execution)

VM Mutex/Monitor currently owned by a thread:  ([mutex/lock_event])
[0x00000224abbb8220] Threads_lock - owner thread: 0x00000224c79c6ba0
[0x00000224abbb8190] Heap_lock - owner thread: 0x00000224abc2d560

Heap address: 0x0000000080000000, size: 2048 MB, Compressed Oops mode: 32-bit

CDS archive(s) not mapped
Compressed class space mapped at: 0x0000000100000000-0x0000000140000000, reserved size: 1073741824
Narrow klass base: 0x0000000000000000, Narrow klass shift: 3, Narrow klass range: 0x140000000

GC Precious Log:
 CPUs: 8 total, 8 available
 Memory: 7959M
 Large Page Support: Disabled
 NUMA Support: Disabled
 Compressed Oops: Enabled (32-bit)
 Heap Region Size: 1M
 Heap Min Capacity: 8M
 Heap Initial Capacity: 126M
 Heap Max Capacity: 2G
 Pre-touch: Disabled
 Parallel Workers: 8
 Concurrent Workers: 2
 Concurrent Refinement Workers: 8
 Periodic GC: Disabled

Heap:
 garbage-first heap   total 107520K, used 66559K [0x0000000080000000, 0x0000000100000000)
  region size 1024K, 3 young (3072K), 2 survivors (2048K)
 Metaspace       used 42747K, committed 43200K, reserved 1089536K
  class space    used 5621K, committed 5824K, reserved 1048576K

Heap Regions: E=young(eden), S=young(survivor), O=old, HS=humongous(starts), HC=humongous(continues), CS=collection set, F=free, OA=open archive, CA=closed archive, TAMS=top-at-mark-start (previous, next)
|   0|0x0000000080000000, 0x0000000080100000, 0x0000000080100000|100%|HS|  |TAMS 0x0000000080100000, 0x0000000080000000| Complete 
|   1|0x0000000080100000, 0x0000000080200000, 0x0000000080200000|100%|HC|  |TAMS 0x0000000080200000, 0x0000000080100000| Complete 
|   2|0x0000000080200000, 0x0000000080300000, 0x0000000080300000|100%|HC|  |TAMS 0x0000000080300000, 0x0000000080200000| Complete 
|   3|0x0000000080300000, 0x0000000080400000, 0x0000000080400000|100%|HC|  |TAMS 0x0000000080400000, 0x0000000080300000| Complete 
|   4|0x0000000080400000, 0x0000000080500000, 0x0000000080500000|100%| O|  |TAMS 0x0000000080500000, 0x0000000080400000| Updating 
|   5|0x0000000080500000, 0x0000000080600000, 0x0000000080600000|100%| O|  |TAMS 0x0000000080600000, 0x0000000080500000| Untracked 
|   6|0x0000000080600000, 0x0000000080700000, 0x0000000080700000|100%| O|  |TAMS 0x0000000080700000, 0x0000000080600000| Untracked 
|   7|0x0000000080700000, 0x0000000080800000, 0x0000000080800000|100%| O|  |TAMS 0x0000000080800000, 0x0000000080700000| Updating 
|   8|0x0000000080800000, 0x0000000080900000, 0x0000000080900000|100%| O|  |TAMS 0x0000000080900000, 0x0000000080800000| Untracked 
|   9|0x0000000080900000, 0x0000000080a00000, 0x0000000080a00000|100%| O|  |TAMS 0x0000000080a00000, 0x0000000080900000| Untracked 
|  10|0x0000000080a00000, 0x0000000080b00000, 0x0000000080b00000|100%| O|  |TAMS 0x0000000080b00000, 0x0000000080a00000| Updating 
|  11|0x0000000080b00000, 0x0000000080ba2800, 0x0000000080c00000| 63%| O|  |TAMS 0x0000000080ba2800, 0x0000000080b00000| Updating 
|  12|0x0000000080c00000, 0x0000000080d00000, 0x0000000080d00000|100%| O|  |TAMS 0x0000000080d00000, 0x0000000080c00000| Untracked 
|  13|0x0000000080d00000, 0x0000000080e00000, 0x0000000080e00000|100%| O|  |TAMS 0x0000000080e00000, 0x0000000080d00000| Untracked 
|  14|0x0000000080e00000, 0x0000000080f00000, 0x0000000080f00000|100%| O|  |TAMS 0x0000000080f00000, 0x0000000080e00000| Updating 
|  15|0x0000000080f00000, 0x0000000081000000, 0x0000000081000000|100%| O|  |TAMS 0x0000000081000000, 0x0000000080f00000| Untracked 
|  16|0x0000000081000000, 0x0000000081100000, 0x0000000081100000|100%| O|  |TAMS 0x0000000081100000, 0x0000000081000000| Untracked 
|  17|0x0000000081100000, 0x0000000081200000, 0x0000000081200000|100%| O|  |TAMS 0x0000000081200000, 0x0000000081100000| Untracked 
|  18|0x0000000081200000, 0x0000000081300000, 0x0000000081300000|100%| O|  |TAMS 0x0000000081300000, 0x0000000081200000| Untracked 
|  19|0x0000000081300000, 0x0000000081400000, 0x0000000081400000|100%|HS|  |TAMS 0x0000000081400000, 0x0000000081300000| Complete 
|  20|0x0000000081400000, 0x0000000081500000, 0x0000000081500000|100%|HC|  |TAMS 0x0000000081500000, 0x0000000081400000| Complete 
|  21|0x0000000081500000, 0x0000000081600000, 0x0000000081600000|100%|HS|  |TAMS 0x0000000081600000, 0x0000000081500000| Complete 
|  22|0x0000000081600000, 0x0000000081700000, 0x0000000081700000|100%|HC|  |TAMS 0x0000000081700000, 0x0000000081600000| Complete 
|  23|0x0000000081700000, 0x0000000081800000, 0x0000000081800000|100%|HC|  |TAMS 0x0000000081800000, 0x0000000081700000| Complete 
|  24|0x0000000081800000, 0x0000000081900000, 0x0000000081900000|100%|HS|  |TAMS 0x0000000081900000, 0x0000000081800000| Complete 
|  25|0x0000000081900000, 0x0000000081a00000, 0x0000000081a00000|100%|HC|  |TAMS 0x0000000081a00000, 0x0000000081900000| Complete 
|  26|0x0000000081a00000, 0x0000000081b00000, 0x0000000081b00000|100%| O|  |TAMS 0x0000000081b00000, 0x0000000081a00000| Untracked 
|  27|0x0000000081b00000, 0x0000000081c00000, 0x0000000081c00000|100%|HS|  |TAMS 0x0000000081c00000, 0x0000000081b00000| Complete 
|  28|0x0000000081c00000, 0x0000000081d00000, 0x0000000081d00000|100%|HC|  |TAMS 0x0000000081d00000, 0x0000000081c00000| Complete 
|  29|0x0000000081d00000, 0x0000000081e00000, 0x0000000081e00000|100%|HC|  |TAMS 0x0000000081e00000, 0x0000000081d00000| Complete 
|  30|0x0000000081e00000, 0x0000000081f00000, 0x0000000081f00000|100%|HS|  |TAMS 0x0000000081f00000, 0x0000000081e00000| Complete 
|  31|0x0000000081f00000, 0x0000000082000000, 0x0000000082000000|100%|HC|  |TAMS 0x0000000082000000, 0x0000000081f00000| Complete 
|  32|0x0000000082000000, 0x0000000082100000, 0x0000000082100000|100%| O|  |TAMS 0x0000000082100000, 0x0000000082000000| Untracked 
|  33|0x0000000082100000, 0x0000000082200000, 0x0000000082200000|100%| O|  |TAMS 0x0000000082200000, 0x0000000082100000| Untracked 
|  34|0x0000000082200000, 0x0000000082300000, 0x0000000082300000|100%| O|  |TAMS 0x0000000082300000, 0x0000000082200000| Updating 
|  35|0x0000000082300000, 0x0000000082400000, 0x0000000082400000|100%| O|  |TAMS 0x0000000082400000, 0x0000000082300000| Untracked 
|  36|0x0000000082400000, 0x0000000082500000, 0x0000000082500000|100%| O|  |TAMS 0x0000000082500000, 0x0000000082400000| Untracked 
|  37|0x0000000082500000, 0x0000000082600000, 0x0000000082600000|100%| O|  |TAMS 0x0000000082600000, 0x0000000082500000| Untracked 
|  38|0x0000000082600000, 0x0000000082700000, 0x0000000082700000|100%|HS|  |TAMS 0x0000000082700000, 0x0000000082600000| Complete 
|  39|0x0000000082700000, 0x0000000082800000, 0x0000000082800000|100%|HC|  |TAMS 0x0000000082800000, 0x0000000082700000| Complete 
|  40|0x0000000082800000, 0x0000000082900000, 0x0000000082900000|100%|HC|  |TAMS 0x0000000082900000, 0x0000000082800000| Complete 
|  41|0x0000000082900000, 0x0000000082a00000, 0x0000000082a00000|100%|HC|  |TAMS 0x0000000082a00000, 0x0000000082900000| Complete 
|  42|0x0000000082a00000, 0x0000000082b00000, 0x0000000082b00000|100%|HC|  |TAMS 0x0000000082b00000, 0x0000000082a00000| Complete 
|  43|0x0000000082b00000, 0x0000000082c00000, 0x0000000082c00000|100%|HC|  |TAMS 0x0000000082c00000, 0x0000000082b00000| Complete 
|  44|0x0000000082c00000, 0x0000000082d00000, 0x0000000082d00000|100%|HS|  |TAMS 0x0000000082d00000, 0x0000000082c00000| Complete 
|  45|0x0000000082d00000, 0x0000000082e00000, 0x0000000082e00000|100%|HS|  |TAMS 0x0000000082e00000, 0x0000000082d00000| Complete 
|  46|0x0000000082e00000, 0x0000000082f00000, 0x0000000082f00000|100%|HC|  |TAMS 0x0000000082f00000, 0x0000000082e00000| Complete 
|  47|0x0000000082f00000, 0x0000000083000000, 0x0000000083000000|100%|HC|  |TAMS 0x0000000083000000, 0x0000000082f00000| Complete 
|  48|0x0000000083000000, 0x0000000083100000, 0x0000000083100000|100%|HC|  |TAMS 0x0000000083100000, 0x0000000083000000| Complete 
|  49|0x0000000083100000, 0x0000000083200000, 0x0000000083200000|100%|HC|  |TAMS 0x0000000083200000, 0x0000000083100000| Complete 
|  50|0x0000000083200000, 0x0000000083300000, 0x0000000083300000|100%|HC|  |TAMS 0x0000000083300000, 0x0000000083200000| Complete 
|  51|0x0000000083300000, 0x0000000083400000, 0x0000000083400000|100%|HC|  |TAMS 0x0000000083400000, 0x0000000083300000| Complete 
|  52|0x0000000083400000, 0x0000000083500000, 0x0000000083500000|100%|HC|  |TAMS 0x0000000083500000, 0x0000000083400000| Complete 
|  53|0x0000000083500000, 0x0000000083600000, 0x0000000083600000|100%|HC|  |TAMS 0x0000000083600000, 0x0000000083500000| Complete 
|  54|0x0000000083600000, 0x0000000083700000, 0x0000000083700000|100%|HC|  |TAMS 0x0000000083700000, 0x0000000083600000| Complete 
|  55|0x0000000083700000, 0x0000000083800000, 0x0000000083800000|100%| O|  |TAMS 0x0000000083800000, 0x0000000083700000| Untracked 
|  56|0x0000000083800000, 0x0000000083900000, 0x0000000083900000|100%| O|  |TAMS 0x0000000083900000, 0x0000000083800000| Untracked 
|  57|0x0000000083900000, 0x0000000083a00000, 0x0000000083a00000|100%| O|  |TAMS 0x0000000083a00000, 0x0000000083900000| Untracked 
|  58|0x0000000083a00000, 0x0000000083b00000, 0x0000000083b00000|100%| O|  |TAMS 0x0000000083a9ea00, 0x0000000083a00000| Untracked 
|  59|0x0000000083b00000, 0x0000000083c00000, 0x0000000083c00000|100%| O|  |TAMS 0x0000000083b00000, 0x0000000083b00000| Untracked 
|  60|0x0000000083c00000, 0x0000000083d00000, 0x0000000083d00000|100%| O|  |TAMS 0x0000000083c00000, 0x0000000083c00000| Untracked 
|  61|0x0000000083d00000, 0x0000000083d2da00, 0x0000000083e00000| 17%| O|  |TAMS 0x0000000083d00000, 0x0000000083d00000| Updating 
|  62|0x0000000083e00000, 0x0000000083f00000, 0x0000000083f00000|100%|HS|  |TAMS 0x0000000083e00000, 0x0000000083e00000| Complete 
|  63|0x0000000083f00000, 0x0000000084000000, 0x0000000084000000|100%|HS|  |TAMS 0x0000000083f00000, 0x0000000083f00000| Complete 
|  64|0x0000000084000000, 0x0000000084100000, 0x0000000084100000|100%|HC|  |TAMS 0x0000000084000000, 0x0000000084000000| Complete 
|  65|0x0000000084100000, 0x0000000084100000, 0x0000000084200000|  0%| F|  |TAMS 0x0000000084100000, 0x0000000084100000| Untracked 
|  66|0x0000000084200000, 0x0000000084200000, 0x0000000084300000|  0%| F|  |TAMS 0x0000000084200000, 0x0000000084200000| Untracked 
|  67|0x0000000084300000, 0x0000000084300000, 0x0000000084400000|  0%| F|  |TAMS 0x0000000084300000, 0x0000000084300000| Untracked 
|  68|0x0000000084400000, 0x0000000084400000, 0x0000000084500000|  0%| F|  |TAMS 0x0000000084400000, 0x0000000084400000| Untracked 
|  69|0x0000000084500000, 0x0000000084500000, 0x0000000084600000|  0%| F|  |TAMS 0x0000000084500000, 0x0000000084500000| Untracked 
|  70|0x0000000084600000, 0x0000000084600000, 0x0000000084700000|  0%| F|  |TAMS 0x0000000084600000, 0x0000000084600000| Untracked 
|  71|0x0000000084700000, 0x0000000084700000, 0x0000000084800000|  0%| F|  |TAMS 0x0000000084700000, 0x0000000084700000| Untracked 
|  72|0x0000000084800000, 0x0000000084800000, 0x0000000084900000|  0%| F|  |TAMS 0x0000000084800000, 0x0000000084800000| Untracked 
|  73|0x0000000084900000, 0x0000000084900000, 0x0000000084a00000|  0%| F|  |TAMS 0x0000000084900000, 0x0000000084900000| Untracked 
|  74|0x0000000084a00000, 0x0000000084a00000, 0x0000000084b00000|  0%| F|  |TAMS 0x0000000084a00000, 0x0000000084a00000| Untracked 
|  75|0x0000000084b00000, 0x0000000084b00000, 0x0000000084c00000|  0%| F|  |TAMS 0x0000000084b00000, 0x0000000084b00000| Untracked 
|  76|0x0000000084c00000, 0x0000000084c00000, 0x0000000084d00000|  0%| F|  |TAMS 0x0000000084c00000, 0x0000000084c00000| Untracked 
|  77|0x0000000084d00000, 0x0000000084d00000, 0x0000000084e00000|  0%| F|  |TAMS 0x0000000084d00000, 0x0000000084d00000| Untracked 
|  78|0x0000000084e00000, 0x0000000084e00000, 0x0000000084f00000|  0%| F|  |TAMS 0x0000000084e00000, 0x0000000084e00000| Untracked 
|  79|0x0000000084f00000, 0x0000000084f00000, 0x0000000085000000|  0%| F|  |TAMS 0x0000000084f00000, 0x0000000084f00000| Untracked 
|  80|0x0000000085000000, 0x0000000085000000, 0x0000000085100000|  0%| F|  |TAMS 0x0000000085000000, 0x0000000085000000| Untracked 
|  81|0x0000000085100000, 0x0000000085100000, 0x0000000085200000|  0%| F|  |TAMS 0x0000000085100000, 0x0000000085100000| Untracked 
|  82|0x0000000085200000, 0x0000000085200000, 0x0000000085300000|  0%| F|  |TAMS 0x0000000085200000, 0x0000000085200000| Untracked 
|  83|0x0000000085300000, 0x0000000085300000, 0x0000000085400000|  0%| F|  |TAMS 0x0000000085300000, 0x0000000085300000| Untracked 
|  84|0x0000000085400000, 0x0000000085400000, 0x0000000085500000|  0%| F|  |TAMS 0x0000000085400000, 0x0000000085400000| Untracked 
|  85|0x0000000085500000, 0x0000000085500000, 0x0000000085600000|  0%| F|  |TAMS 0x0000000085500000, 0x0000000085500000| Untracked 
|  86|0x0000000085600000, 0x0000000085600000, 0x0000000085700000|  0%| F|  |TAMS 0x0000000085600000, 0x0000000085600000| Untracked 
|  87|0x0000000085700000, 0x0000000085700000, 0x0000000085800000|  0%| F|  |TAMS 0x0000000085700000, 0x0000000085700000| Untracked 
|  88|0x0000000085800000, 0x0000000085800000, 0x0000000085900000|  0%| F|  |TAMS 0x0000000085800000, 0x0000000085800000| Untracked 
|  89|0x0000000085900000, 0x0000000085900000, 0x0000000085a00000|  0%| F|  |TAMS 0x0000000085900000, 0x0000000085900000| Untracked 
|  90|0x0000000085a00000, 0x0000000085a00000, 0x0000000085b00000|  0%| F|  |TAMS 0x0000000085a00000, 0x0000000085a00000| Untracked 
|  91|0x0000000085b00000, 0x0000000085b00000, 0x0000000085c00000|  0%| F|  |TAMS 0x0000000085b00000, 0x0000000085b00000| Untracked 
|  92|0x0000000085c00000, 0x0000000085c00000, 0x0000000085d00000|  0%| F|  |TAMS 0x0000000085c00000, 0x0000000085c00000| Untracked 
|  93|0x0000000085d00000, 0x0000000085d00000, 0x0000000085e00000|  0%| F|  |TAMS 0x0000000085d00000, 0x0000000085d00000| Untracked 
|  94|0x0000000085e00000, 0x0000000085e00000, 0x0000000085f00000|  0%| F|  |TAMS 0x0000000085e00000, 0x0000000085e00000| Untracked 
|  95|0x0000000085f00000, 0x0000000085f00000, 0x0000000086000000|  0%| F|  |TAMS 0x0000000085f00000, 0x0000000085f00000| Untracked 
|  96|0x0000000086000000, 0x0000000086000000, 0x0000000086100000|  0%| F|  |TAMS 0x0000000086000000, 0x0000000086000000| Untracked 
|  97|0x0000000086100000, 0x0000000086100000, 0x0000000086200000|  0%| F|  |TAMS 0x0000000086100000, 0x0000000086100000| Untracked 
|  98|0x0000000086200000, 0x000000008622fc60, 0x0000000086300000| 18%| S|CS|TAMS 0x0000000086200000, 0x0000000086200000| Complete 
|  99|0x0000000086300000, 0x0000000086400000, 0x0000000086400000|100%| S|CS|TAMS 0x0000000086300000, 0x0000000086300000| Complete 
| 100|0x0000000086400000, 0x0000000086400000, 0x0000000086500000|  0%| F|  |TAMS 0x0000000086400000, 0x0000000086400000| Untracked 
| 101|0x0000000086500000, 0x0000000086500000, 0x0000000086600000|  0%| F|  |TAMS 0x0000000086500000, 0x0000000086500000| Untracked 
| 102|0x0000000086600000, 0x0000000086600000, 0x0000000086700000|  0%| F|  |TAMS 0x0000000086600000, 0x0000000086600000| Untracked 
| 103|0x0000000086700000, 0x0000000086700000, 0x0000000086800000|  0%| F|  |TAMS 0x0000000086700000, 0x0000000086700000| Untracked 
| 125|0x0000000087d00000, 0x0000000087d66070, 0x0000000087e00000| 39%| E|  |TAMS 0x0000000087d00000, 0x0000000087d00000| Complete 

Card table byte_map: [0x00000224c06d0000,0x00000224c0ad0000] _byte_map_base: 0x00000224c02d0000

Marking Bits (Prev, Next): (CMBitMap*) 0x00000224abc1cc30, (CMBitMap*) 0x00000224abc1cc70
 Prev Bits: [0x00000224c0ed0000, 0x00000224c2ed0000)
 Next Bits: [0x00000224c2ed0000, 0x00000224c4ed0000)

Polling page: 0x00000224abc90000

Metaspace:

Usage:
  Non-class:     36.26 MB used.
      Class:      5.49 MB used.
       Both:     41.75 MB used.

Virtual space:
  Non-class space:       40.00 MB reserved,      36.50 MB ( 91%) committed,  5 nodes.
      Class space:        1.00 GB reserved,       5.69 MB ( <1%) committed,  1 nodes.
             Both:        1.04 GB reserved,      42.19 MB (  4%) committed. 

Chunk freelists:
   Non-Class:  2.97 MB
       Class:  2.16 MB
        Both:  5.13 MB

MaxMetaspaceSize: unlimited
CompressedClassSpaceSize: 1.00 GB
Initial GC threshold: 21.00 MB
Current GC threshold: 68.75 MB
CDS: off
MetaspaceReclaimPolicy: balanced
 - commit_granule_bytes: 65536.
 - commit_granule_words: 8192.
 - virtual_space_node_default_size: 1048576.
 - enlarge_chunks_in_place: 1.
 - new_chunks_are_fully_committed: 0.
 - uncommit_free_chunks: 1.
 - use_allocation_guard: 0.
 - handle_deallocations: 1.


Internal statistics:

num_allocs_failed_limit: 3.
num_arena_births: 392.
num_arena_deaths: 0.
num_vsnodes_births: 6.
num_vsnodes_deaths: 0.
num_space_committed: 675.
num_space_uncommitted: 0.
num_chunks_returned_to_freelist: 3.
num_chunks_taken_from_freelist: 1630.
num_chunk_merges: 3.
num_chunk_splits: 1057.
num_chunks_enlarged: 737.
num_purges: 0.
num_inconsistent_stats: 0.

CodeHeap 'non-profiled nmethods': size=120000Kb used=1709Kb max_used=1709Kb free=118290Kb
 bounds [0x00000224b8330000, 0x00000224b85a0000, 0x00000224bf860000]
CodeHeap 'profiled nmethods': size=120000Kb used=7423Kb max_used=7423Kb free=112576Kb
 bounds [0x00000224b0860000, 0x00000224b0fa0000, 0x00000224b7d90000]
CodeHeap 'non-nmethods': size=5760Kb used=2296Kb max_used=2296Kb free=3463Kb
 bounds [0x00000224b7d90000, 0x00000224b8000000, 0x00000224b8330000]
 total_blobs=4485 nmethods=3695 adapters=701
 compilation: enabled
              stopped_count=0, restarted_count=0
 full_count=0

Compilation events (20 events):
Event: 4.173 Thread 0x00000224c842c580 3446       4       java.util.stream.Sink::begin (1 bytes)
Event: 4.173 Thread 0x00000224c842c580 nmethod 3446 0x00000224b84d9490 code [0x00000224b84d9600, 0x00000224b84d9678]
Event: 4.173 Thread 0x00000224c842c580 3483       4       java.util.regex.Pattern::skip (23 bytes)
Event: 4.174 Thread 0x00000224c842c580 nmethod 3483 0x00000224b84d9790 code [0x00000224b84d9900, 0x00000224b84d99d8]
Event: 4.174 Thread 0x00000224c842c580 3450       4       java.util.stream.Sink::end (1 bytes)
Event: 4.174 Thread 0x00000224c842c580 nmethod 3450 0x00000224b84d9a90 code [0x00000224b84d9c00, 0x00000224b84d9c78]
Event: 4.174 Thread 0x00000224c842c580 3563       4       java.util.stream.Sink$ChainedReference::cancellationRequested (10 bytes)
Event: 4.174 Thread 0x00000224c842c580 nmethod 3563 0x00000224b84d9d90 code [0x00000224b84d9f00, 0x00000224b84d9f98]
Event: 4.174 Thread 0x00000224c842c580 3575       4       java.util.regex.Pattern$CharProperty::study (29 bytes)
Event: 4.174 Thread 0x00000224c842c580 nmethod 3575 0x00000224b84da090 code [0x00000224b84da200, 0x00000224b84da2b8]
Event: 4.174 Thread 0x00000224c842c580 3579       4       java.util.Spliterators$1Adapter::accept (11 bytes)
Event: 4.175 Thread 0x00000224c842c580 nmethod 3579 0x00000224b84da390 code [0x00000224b84da500, 0x00000224b84da638]
Event: 4.175 Thread 0x00000224c842c580 3580       4       jdk.internal.jrtfs.JrtFileAttributes::isDirectory (8 bytes)
Event: 4.175 Thread 0x00000224c842c580 nmethod 3580 0x00000224b84da690 code [0x00000224b84da800, 0x00000224b84da898]
Event: 4.175 Thread 0x00000224c842c580 3577       4       jdk.internal.jimage.BasicImageReader::getLocation (6 bytes)
Event: 4.177 Thread 0x00000224c842c580 nmethod 3577 0x00000224b84da990 code [0x00000224b84dab20, 0x00000224b84dade8]
Event: 4.177 Thread 0x00000224c842c580 3581       4       java.util.stream.StreamSpliterators$WrappingSpliterator$$Lambda$492/0x00000001005c3598::accept (9 bytes)
Event: 4.178 Thread 0x00000224c842c580 nmethod 3581 0x00000224b84db010 code [0x00000224b84db180, 0x00000224b84db218]
Event: 4.178 Thread 0x00000224c842c580 3617       4       java.util.Collections$UnmodifiableCollection::contains (11 bytes)
Event: 4.178 Thread 0x00000224c842c580 nmethod 3617 0x00000224b84db310 code [0x00000224b84db480, 0x00000224b84db518]

GC Heap History (20 events):
Event: 0.985 GC heap before
{Heap before GC invocations=1 (full 0):
 garbage-first heap   total 129024K, used 41152K [0x0000000080000000, 0x0000000100000000)
  region size 1024K, 32 young (32768K), 3 survivors (3072K)
 Metaspace       used 11217K, committed 11456K, reserved 1064960K
  class space    used 1162K, committed 1280K, reserved 1048576K
}
Event: 0.990 GC heap after
{Heap after GC invocations=2 (full 0):
 garbage-first heap   total 129024K, used 14986K [0x0000000080000000, 0x0000000100000000)
  region size 1024K, 4 young (4096K), 4 survivors (4096K)
 Metaspace       used 11217K, committed 11456K, reserved 1064960K
  class space    used 1162K, committed 1280K, reserved 1048576K
}
Event: 1.992 GC heap before
{Heap before GC invocations=2 (full 0):
 garbage-first heap   total 129024K, used 50826K [0x0000000080000000, 0x0000000100000000)
  region size 1024K, 40 young (40960K), 4 survivors (4096K)
 Metaspace       used 21304K, committed 21504K, reserved 1073152K
  class space    used 2573K, committed 2688K, reserved 1048576K
}
Event: 1.997 GC heap after
{Heap after GC invocations=3 (full 0):
 garbage-first heap   total 129024K, used 18926K [0x0000000080000000, 0x0000000100000000)
  region size 1024K, 8 young (8192K), 8 survivors (8192K)
 Metaspace       used 21304K, committed 21504K, reserved 1073152K
  class space    used 2573K, committed 2688K, reserved 1048576K
}
Event: 2.523 GC heap before
{Heap before GC invocations=4 (full 0):
 garbage-first heap   total 68608K, used 51694K [0x0000000080000000, 0x0000000100000000)
  region size 1024K, 40 young (40960K), 8 survivors (8192K)
 Metaspace       used 26303K, committed 26560K, reserved 1073152K
  class space    used 3452K, committed 3584K, reserved 1048576K
}
Event: 2.529 GC heap after
{Heap after GC invocations=5 (full 0):
 garbage-first heap   total 68608K, used 21424K [0x0000000080000000, 0x0000000100000000)
  region size 1024K, 3 young (3072K), 3 survivors (3072K)
 Metaspace       used 26303K, committed 26560K, reserved 1073152K
  class space    used 3452K, committed 3584K, reserved 1048576K
}
Event: 2.909 GC heap before
{Heap before GC invocations=5 (full 0):
 garbage-first heap   total 68608K, used 52144K [0x0000000080000000, 0x0000000100000000)
  region size 1024K, 25 young (25600K), 3 survivors (3072K)
 Metaspace       used 29340K, committed 29696K, reserved 1081344K
  class space    used 3986K, committed 4160K, reserved 1048576K
}
Event: 2.913 GC heap after
{Heap after GC invocations=6 (full 0):
 garbage-first heap   total 68608K, used 35687K [0x0000000080000000, 0x0000000100000000)
  region size 1024K, 4 young (4096K), 4 survivors (4096K)
 Metaspace       used 29340K, committed 29696K, reserved 1081344K
  class space    used 3986K, committed 4160K, reserved 1048576K
}
Event: 2.952 GC heap before
{Heap before GC invocations=7 (full 0):
 garbage-first heap   total 80896K, used 47975K [0x0000000080000000, 0x0000000100000000)
  region size 1024K, 5 young (5120K), 4 survivors (4096K)
 Metaspace       used 29374K, committed 29760K, reserved 1081344K
  class space    used 3995K, committed 4160K, reserved 1048576K
}
Event: 2.954 GC heap after
{Heap after GC invocations=8 (full 0):
 garbage-first heap   total 97280K, used 48339K [0x0000000080000000, 0x0000000100000000)
  region size 1024K, 1 young (1024K), 1 survivors (1024K)
 Metaspace       used 29374K, committed 29760K, reserved 1081344K
  class space    used 3995K, committed 4160K, reserved 1048576K
}
Event: 3.338 GC heap before
{Heap before GC invocations=9 (full 0):
 garbage-first heap   total 97280K, used 78035K [0x0000000080000000, 0x0000000100000000)
  region size 1024K, 23 young (23552K), 1 survivors (1024K)
 Metaspace       used 32411K, committed 32768K, reserved 1081344K
  class space    used 4481K, committed 4672K, reserved 1048576K
}
Event: 3.340 GC heap after
{Heap after GC invocations=10 (full 0):
 garbage-first heap   total 97280K, used 56337K [0x0000000080000000, 0x0000000100000000)
  region size 1024K, 2 young (2048K), 2 survivors (2048K)
 Metaspace       used 32411K, committed 32768K, reserved 1081344K
  class space    used 4481K, committed 4672K, reserved 1048576K
}
Event: 3.618 GC heap before
{Heap before GC invocations=10 (full 0):
 garbage-first heap   total 97280K, used 74769K [0x0000000080000000, 0x0000000100000000)
  region size 1024K, 20 young (20480K), 2 survivors (2048K)
 Metaspace       used 35296K, committed 35648K, reserved 1081344K
  class space    used 4911K, committed 5056K, reserved 1048576K
}
Event: 3.620 GC heap after
{Heap after GC invocations=11 (full 0):
 garbage-first heap   total 97280K, used 57142K [0x0000000080000000, 0x0000000100000000)
  region size 1024K, 3 young (3072K), 3 survivors (3072K)
 Metaspace       used 35296K, committed 35648K, reserved 1081344K
  class space    used 4911K, committed 5056K, reserved 1048576K
}
Event: 3.989 GC heap before
{Heap before GC invocations=12 (full 0):
 garbage-first heap   total 101376K, used 75574K [0x0000000080000000, 0x0000000100000000)
  region size 1024K, 22 young (22528K), 3 survivors (3072K)
 Metaspace       used 41157K, committed 41536K, reserved 1089536K
  class space    used 5530K, committed 5696K, reserved 1048576K
}
Event: 3.993 GC heap after
{Heap after GC invocations=13 (full 0):
 garbage-first heap   total 101376K, used 59573K [0x0000000080000000, 0x0000000100000000)
  region size 1024K, 3 young (3072K), 3 survivors (3072K)
 Metaspace       used 41157K, committed 41536K, reserved 1089536K
  class space    used 5530K, committed 5696K, reserved 1048576K
}
Event: 4.106 GC heap before
{Heap before GC invocations=13 (full 0):
 garbage-first heap   total 101376K, used 81077K [0x0000000080000000, 0x0000000100000000)
  region size 1024K, 24 young (24576K), 3 survivors (3072K)
 Metaspace       used 41730K, committed 42176K, reserved 1089536K
  class space    used 5577K, committed 5760K, reserved 1048576K
}
Event: 4.109 GC heap after
{Heap after GC invocations=14 (full 0):
 garbage-first heap   total 101376K, used 62295K [0x0000000080000000, 0x0000000100000000)
  region size 1024K, 3 young (3072K), 3 survivors (3072K)
 Metaspace       used 41730K, committed 42176K, reserved 1089536K
  class space    used 5577K, committed 5760K, reserved 1048576K
}
Event: 4.158 GC heap before
{Heap before GC invocations=15 (full 0):
 garbage-first heap   total 107520K, used 65367K [0x0000000080000000, 0x0000000100000000)
  region size 1024K, 8 young (8192K), 3 survivors (3072K)
 Metaspace       used 42102K, committed 42560K, reserved 1089536K
  class space    used 5618K, committed 5824K, reserved 1048576K
}
Event: 4.160 GC heap after
{Heap after GC invocations=16 (full 0):
 garbage-first heap   total 107520K, used 63487K [0x0000000080000000, 0x0000000100000000)
  region size 1024K, 2 young (2048K), 2 survivors (2048K)
 Metaspace       used 42102K, committed 42560K, reserved 1089536K
  class space    used 5618K, committed 5824K, reserved 1048576K
}

Dll operation events (2 events):
Event: 0.008 Loaded shared library C:\Program Files\Android\Android Studio\jbr\bin\java.dll
Event: 0.315 Loaded shared library C:\Program Files\Android\Android Studio\jbr\bin\verify.dll

Deoptimization events (20 events):
Event: 4.029 Thread 0x00000224c8427e30 Uncommon trap: trap_request=0xffffffc6 fr.pc=0x00000224b84b60f8 relative=0x00000000000002b8
Event: 4.029 Thread 0x00000224c8427e30 Uncommon trap: reason=bimorphic_or_optimized_type_check action=maybe_recompile pc=0x00000224b84b60f8 method=java.util.stream.MatchOps$1MatchSink.accept(Ljava/lang/Object;)V @ 12 c2
Event: 4.029 Thread 0x00000224c8427e30 DEOPT PACKING pc=0x00000224b84b60f8 sp=0x0000002c694f6f30
Event: 4.029 Thread 0x00000224c8427e30 DEOPT UNPACKING pc=0x00000224b7dea1a3 sp=0x0000002c694f6ed8 mode 2
Event: 4.029 Thread 0x00000224c8427e30 Uncommon trap: trap_request=0xffffffc6 fr.pc=0x00000224b84b60f8 relative=0x00000000000002b8
Event: 4.029 Thread 0x00000224c8427e30 Uncommon trap: reason=bimorphic_or_optimized_type_check action=maybe_recompile pc=0x00000224b84b60f8 method=java.util.stream.MatchOps$1MatchSink.accept(Ljava/lang/Object;)V @ 12 c2
Event: 4.029 Thread 0x00000224c8427e30 DEOPT PACKING pc=0x00000224b84b60f8 sp=0x0000002c694f6f30
Event: 4.029 Thread 0x00000224c8427e30 DEOPT UNPACKING pc=0x00000224b7dea1a3 sp=0x0000002c694f6ed8 mode 2
Event: 4.051 Thread 0x00000224c8427e30 DEOPT PACKING pc=0x00000224b0f3db28 sp=0x0000002c694f6a00
Event: 4.051 Thread 0x00000224c8427e30 DEOPT UNPACKING pc=0x00000224b7deace3 sp=0x0000002c694f5ea8 mode 0
Event: 4.054 Thread 0x00000224c8427e30 DEOPT PACKING pc=0x00000224b0f48b40 sp=0x0000002c694f6eb0
Event: 4.054 Thread 0x00000224c8427e30 DEOPT UNPACKING pc=0x00000224b7deace3 sp=0x0000002c694f63c8 mode 0
Event: 4.102 Thread 0x00000224c8427e30 Uncommon trap: trap_request=0xffffffde fr.pc=0x00000224b84cbd04 relative=0x0000000000000424
Event: 4.102 Thread 0x00000224c8427e30 Uncommon trap: reason=class_check action=maybe_recompile pc=0x00000224b84cbd04 method=java.util.regex.Pattern$Start.match(Ljava/util/regex/Matcher;ILjava/lang/CharSequence;)Z @ 44 c2
Event: 4.102 Thread 0x00000224c8427e30 DEOPT PACKING pc=0x00000224b84cbd04 sp=0x0000002c694f8220
Event: 4.102 Thread 0x00000224c8427e30 DEOPT UNPACKING pc=0x00000224b7dea1a3 sp=0x0000002c694f8150 mode 2
Event: 4.102 Thread 0x00000224c8427e30 Uncommon trap: trap_request=0xffffffde fr.pc=0x00000224b84cbd04 relative=0x0000000000000424
Event: 4.102 Thread 0x00000224c8427e30 Uncommon trap: reason=class_check action=maybe_recompile pc=0x00000224b84cbd04 method=java.util.regex.Pattern$Start.match(Ljava/util/regex/Matcher;ILjava/lang/CharSequence;)Z @ 44 c2
Event: 4.103 Thread 0x00000224c8427e30 DEOPT PACKING pc=0x00000224b84cbd04 sp=0x0000002c694f8220
Event: 4.103 Thread 0x00000224c8427e30 DEOPT UNPACKING pc=0x00000224b7dea1a3 sp=0x0000002c694f8150 mode 2

Classes unloaded (0 events):
No events

Classes redefined (0 events):
No events

Internal exceptions (20 events):
Event: 4.098 Thread 0x00000224c8427e30 Exception <a 'java/lang/ClassNotFoundException'{0x0000000084b0b358}: ijmapper_5gnok1euo7ly4zx0qr9r0o6xyBeanInfo> (0x0000000084b0b358) 
thrown [s\src\hotspot\share\classfile\systemDictionary.cpp, line 256]
Event: 4.099 Thread 0x00000224c8427e30 Exception <a 'java/lang/ClassNotFoundException'{0x0000000084b15888}: org/gradle/initialization/InitScriptBeanInfo> (0x0000000084b15888) 
thrown [s\src\hotspot\share\classfile\systemDictionary.cpp, line 256]
Event: 4.099 Thread 0x00000224c8427e30 Exception <a 'java/lang/ClassNotFoundException'{0x0000000084b1fe38}: org/gradle/groovy/scripts/DefaultScriptBeanInfo> (0x0000000084b1fe38) 
thrown [s\src\hotspot\share\classfile\systemDictionary.cpp, line 256]
Event: 4.099 Thread 0x00000224c8427e30 Exception <a 'java/lang/ClassNotFoundException'{0x0000000084b2a3a8}: org/gradle/groovy/scripts/BasicScriptBeanInfo> (0x0000000084b2a3a8) 
thrown [s\src\hotspot\share\classfile\systemDictionary.cpp, line 256]
Event: 4.099 Thread 0x00000224c8427e30 Exception <a 'java/lang/ClassNotFoundException'{0x0000000084b348a8}: org/gradle/groovy/scripts/ScriptBeanInfo> (0x0000000084b348a8) 
thrown [s\src\hotspot\share\classfile\systemDictionary.cpp, line 256]
Event: 4.100 Thread 0x00000224c8427e30 Exception <a 'java/lang/ClassNotFoundException'{0x0000000084b4c890}: groovy/lang/ScriptBeanInfo> (0x0000000084b4c890) 
thrown [s\src\hotspot\share\classfile\systemDictionary.cpp, line 256]
Event: 4.100 Thread 0x00000224c8427e30 Exception <a 'java/lang/ClassNotFoundException'{0x0000000084b64580}: groovy/lang/ScriptCustomizer> (0x0000000084b64580) 
thrown [s\src\hotspot\share\classfile\systemDictionary.cpp, line 256]
Event: 4.101 Thread 0x00000224c8427e30 Exception <a 'java/lang/ClassNotFoundException'{0x0000000084b767b8}: org/gradle/groovy/scripts/ScriptCustomizer> (0x0000000084b767b8) 
thrown [s\src\hotspot\share\classfile\systemDictionary.cpp, line 256]
Event: 4.101 Thread 0x00000224c8427e30 Exception <a 'java/lang/ClassNotFoundException'{0x0000000084b879f8}: org/gradle/groovy/scripts/BasicScriptCustomizer> (0x0000000084b879f8) 
thrown [s\src\hotspot\share\classfile\systemDictionary.cpp, line 256]
Event: 4.102 Thread 0x00000224c8427e30 Exception <a 'java/lang/ClassNotFoundException'{0x0000000084b9e878}: org/gradle/groovy/scripts/DefaultScriptCustomizer> (0x0000000084b9e878) 
thrown [s\src\hotspot\share\classfile\systemDictionary.cpp, line 256]
Event: 4.104 Thread 0x00000224c8427e30 Exception <a 'java/lang/ClassNotFoundException'{0x0000000084bc6c58}: org/gradle/initialization/InitScriptCustomizer> (0x0000000084bc6c58) 
thrown [s\src\hotspot\share\classfile\systemDictionary.cpp, line 256]
Event: 4.104 Thread 0x00000224c8427e30 Exception <a 'java/lang/ClassNotFoundException'{0x0000000084bd59f8}: ijmapper_5gnok1euo7ly4zx0qr9r0o6xyCustomizer> (0x0000000084bd59f8) 
thrown [s\src\hotspot\share\classfile\systemDictionary.cpp, line 256]
Event: 4.119 Thread 0x00000224c8427e30 Exception <a 'java/lang/ClassNotFoundException'{0x0000000087d7d358}: org/gradle/internal/extensibility/DefaultExtraPropertiesExtensionBeanInfo> (0x0000000087d7d358) 
thrown [s\src\hotspot\share\classfile\systemDictionary.cpp, line 256]
Event: 4.119 Thread 0x00000224c8427e30 Exception <a 'java/lang/ClassNotFoundException'{0x0000000087d87cd8}: org/gradle/internal/extensibility/DefaultExtraPropertiesExtensionCustomizer> (0x0000000087d87cd8) 
thrown [s\src\hotspot\share\classfile\systemDictionary.cpp, line 256]
Event: 4.142 Thread 0x00000224c8427e30 Exception <a 'java/lang/ClassNotFoundException'{0x0000000086619530}: org/gradle/invocation/DefaultGradle_DecoratedBeanInfo> (0x0000000086619530) 
thrown [s\src\hotspot\share\classfile\systemDictionary.cpp, line 256]
Event: 4.143 Thread 0x00000224c8427e30 Exception <a 'java/lang/ClassNotFoundException'{0x0000000086629428}: org/gradle/invocation/DefaultGradleBeanInfo> (0x0000000086629428) 
thrown [s\src\hotspot\share\classfile\systemDictionary.cpp, line 256]
Event: 4.143 Thread 0x00000224c8427e30 Exception <a 'java/lang/ClassNotFoundException'{0x00000000866396f8}: org/gradle/api/internal/project/AbstractPluginAwareBeanInfo> (0x00000000866396f8) 
thrown [s\src\hotspot\share\classfile\systemDictionary.cpp, line 256]
Event: 4.144 Thread 0x00000224c8427e30 Exception <a 'java/lang/ClassNotFoundException'{0x0000000086649920}: org/gradle/api/internal/project/AbstractPluginAwareCustomizer> (0x0000000086649920) 
thrown [s\src\hotspot\share\classfile\systemDictionary.cpp, line 256]
Event: 4.145 Thread 0x00000224c8427e30 Exception <a 'java/lang/ClassNotFoundException'{0x000000008665f6a8}: org/gradle/invocation/DefaultGradleCustomizer> (0x000000008665f6a8) 
thrown [s\src\hotspot\share\classfile\systemDictionary.cpp, line 256]
Event: 4.147 Thread 0x00000224c8427e30 Exception <a 'java/lang/ClassNotFoundException'{0x000000008669fd58}: org/gradle/invocation/DefaultGradle_DecoratedCustomizer> (0x000000008669fd58) 
thrown [s\src\hotspot\share\classfile\systemDictionary.cpp, line 256]

VM Operations (20 events):
Event: 3.973 Executing VM operation: HandshakeAllThreads done
Event: 3.976 Executing VM operation: HandshakeAllThreads
Event: 3.976 Executing VM operation: HandshakeAllThreads done
Event: 3.980 Executing VM operation: HandshakeAllThreads
Event: 3.980 Executing VM operation: HandshakeAllThreads done
Event: 3.987 Executing VM operation: HandshakeAllThreads
Event: 3.987 Executing VM operation: HandshakeAllThreads done
Event: 3.989 Executing VM operation: G1CollectForAllocation
Event: 3.993 Executing VM operation: G1CollectForAllocation done
Event: 4.038 Executing VM operation: HandshakeAllThreads
Event: 4.038 Executing VM operation: HandshakeAllThreads done
Event: 4.106 Executing VM operation: G1CollectForAllocation
Event: 4.110 Executing VM operation: G1CollectForAllocation done
Event: 4.121 Executing VM operation: G1Concurrent
Event: 4.123 Executing VM operation: G1Concurrent done
Event: 4.130 Executing VM operation: G1Concurrent
Event: 4.130 Executing VM operation: G1Concurrent done
Event: 4.158 Executing VM operation: G1TryInitiateConcMark
Event: 4.160 Executing VM operation: G1TryInitiateConcMark done
Event: 4.179 Executing VM operation: G1Concurrent

Events (20 events):
Event: 4.037 loading class jdk/internal/jimage/ImageReader$SharedImageReader$LocationVisitor
Event: 4.037 loading class jdk/internal/jimage/ImageReader$SharedImageReader$LocationVisitor done
Event: 4.038 loading class java/nio/ByteBufferAsIntBufferL
Event: 4.038 loading class java/nio/ByteBufferAsIntBufferL done
Event: 4.039 loading class jdk/internal/jrtfs/JrtFileAttributes
Event: 4.039 loading class jdk/internal/jrtfs/JrtFileAttributes done
Event: 4.039 loading class jdk/internal/jrtfs/JrtDirectoryStream
Event: 4.039 loading class jdk/internal/jrtfs/JrtDirectoryStream done
Event: 4.039 loading class jdk/internal/jrtfs/JrtDirectoryStream$1
Event: 4.039 loading class jdk/internal/jrtfs/JrtDirectoryStream$1 done
Event: 4.040 loading class java/util/function/BooleanSupplier
Event: 4.040 loading class java/util/function/BooleanSupplier done
Event: 4.040 loading class jdk/internal/jimage/ImageReader$Resource
Event: 4.040 loading class jdk/internal/jimage/ImageReader$Resource done
Event: 4.088 loading class java/util/WeakHashMap$KeyIterator
Event: 4.088 loading class java/util/WeakHashMap$HashIterator
Event: 4.088 loading class java/util/WeakHashMap$HashIterator done
Event: 4.088 loading class java/util/WeakHashMap$KeyIterator done
Event: 4.156 loading class jdk/internal/reflect/UnsafeObjectFieldAccessorImpl
Event: 4.157 loading class jdk/internal/reflect/UnsafeObjectFieldAccessorImpl done


Dynamic libraries:
0x00007ff61f870000 - 0x00007ff61f87a000 	C:\Program Files\Android\Android Studio\jbr\bin\java.exe
0x00007ffd405d0000 - 0x00007ffd407c7000 	C:\WINDOWS\SYSTEM32\ntdll.dll
0x00007ffd3e8f0000 - 0x00007ffd3e9ad000 	C:\WINDOWS\System32\KERNEL32.DLL
0x00007ffd3dfd0000 - 0x00007ffd3e2c6000 	C:\WINDOWS\System32\KERNELBASE.dll
0x00007ffd3dde0000 - 0x00007ffd3dee0000 	C:\WINDOWS\System32\ucrtbase.dll
0x00007ffd38ea0000 - 0x00007ffd38ebb000 	C:\Program Files\Android\Android Studio\jbr\bin\VCRUNTIME140.dll
0x00007ffd38570000 - 0x00007ffd38587000 	C:\Program Files\Android\Android Studio\jbr\bin\jli.dll
0x00007ffd3f0e0000 - 0x00007ffd3f27e000 	C:\WINDOWS\System32\USER32.dll
0x00007ffd140d0000 - 0x00007ffd1436a000 	C:\WINDOWS\WinSxS\amd64_microsoft.windows.common-controls_6595b64144ccf1df_6.0.19041.3570_none_60bb2a3971f3e41a\COMCTL32.dll
0x00007ffd3dfa0000 - 0x00007ffd3dfc2000 	C:\WINDOWS\System32\win32u.dll
0x00007ffd3e7a0000 - 0x00007ffd3e83e000 	C:\WINDOWS\System32\msvcrt.dll
0x00007ffd40560000 - 0x00007ffd4058c000 	C:\WINDOWS\System32\GDI32.dll
0x00007ffd3e430000 - 0x00007ffd3e54a000 	C:\WINDOWS\System32\gdi32full.dll
0x00007ffd3dcb0000 - 0x00007ffd3dd4d000 	C:\WINDOWS\System32\msvcp_win.dll
0x00007ffd3f3e0000 - 0x00007ffd3f410000 	C:\WINDOWS\System32\IMM32.DLL
0x00007ffd3a7e0000 - 0x00007ffd3a7ec000 	C:\Program Files\Android\Android Studio\jbr\bin\vcruntime140_1.dll
0x00007ffd1ff20000 - 0x00007ffd1ffad000 	C:\Program Files\Android\Android Studio\jbr\bin\msvcp140.dll
0x00007ffcc58e0000 - 0x00007ffcc654d000 	C:\Program Files\Android\Android Studio\jbr\bin\server\jvm.dll
0x00007ffd3e840000 - 0x00007ffd3e8ee000 	C:\WINDOWS\System32\ADVAPI32.dll
0x00007ffd3e690000 - 0x00007ffd3e72c000 	C:\WINDOWS\System32\sechost.dll
0x00007ffd3f8c0000 - 0x00007ffd3f9e6000 	C:\WINDOWS\System32\RPCRT4.dll
0x00007ffd1a570000 - 0x00007ffd1a579000 	C:\WINDOWS\SYSTEM32\WSOCK32.dll
0x00007ffd1ad00000 - 0x00007ffd1ad27000 	C:\WINDOWS\SYSTEM32\WINMM.dll
0x00007ffd344a0000 - 0x00007ffd344aa000 	C:\WINDOWS\SYSTEM32\VERSION.dll
0x00007ffd3f770000 - 0x00007ffd3f7db000 	C:\WINDOWS\System32\WS2_32.dll
0x00007ffd3c4e0000 - 0x00007ffd3c4f2000 	C:\WINDOWS\SYSTEM32\kernel.appcore.dll
0x00007ffd1f4e0000 - 0x00007ffd1f4ea000 	C:\Program Files\Android\Android Studio\jbr\bin\jimage.dll
0x00007ffd3ba50000 - 0x00007ffd3bc34000 	C:\WINDOWS\SYSTEM32\DBGHELP.DLL
0x00007ffd333a0000 - 0x00007ffd333d4000 	C:\WINDOWS\SYSTEM32\dbgcore.DLL
0x00007ffd3dd50000 - 0x00007ffd3ddd2000 	C:\WINDOWS\System32\bcryptPrimitives.dll
0x00007ffd1f4b0000 - 0x00007ffd1f4d5000 	C:\Program Files\Android\Android Studio\jbr\bin\java.dll
0x00007ffd1f490000 - 0x00007ffd1f4a8000 	C:\Program Files\Android\Android Studio\jbr\bin\zip.dll
0x00007ffd3f9f0000 - 0x00007ffd40134000 	C:\WINDOWS\System32\SHELL32.dll
0x00007ffd3bd30000 - 0x00007ffd3c4cb000 	C:\WINDOWS\SYSTEM32\windows.storage.dll
0x00007ffd3f410000 - 0x00007ffd3f764000 	C:\WINDOWS\System32\combase.dll
0x00007ffd3d6f0000 - 0x00007ffd3d71d000 	C:\WINDOWS\SYSTEM32\Wldp.dll
0x00007ffd3ebb0000 - 0x00007ffd3ec5d000 	C:\WINDOWS\System32\SHCORE.dll
0x00007ffd3f860000 - 0x00007ffd3f8b5000 	C:\WINDOWS\System32\shlwapi.dll
0x00007ffd3dbe0000 - 0x00007ffd3dc05000 	C:\WINDOWS\SYSTEM32\profapi.dll
0x00007ffd0f930000 - 0x00007ffd0f949000 	C:\Program Files\Android\Android Studio\jbr\bin\net.dll
0x00007ffd2e290000 - 0x00007ffd2e39a000 	C:\WINDOWS\SYSTEM32\WINHTTP.dll
0x00007ffd3d450000 - 0x00007ffd3d4ba000 	C:\WINDOWS\system32\mswsock.dll
0x00007ffd0f910000 - 0x00007ffd0f926000 	C:\Program Files\Android\Android Studio\jbr\bin\nio.dll
0x00007ffd10660000 - 0x00007ffd10670000 	C:\Program Files\Android\Android Studio\jbr\bin\verify.dll
0x00007ffd11490000 - 0x00007ffd114b7000 	C:\Users\vkhan\.gradle\native\68d5fa5c4cc2d200863cafc0d521ce42e7d3e7ee720ec0a83991735586a16f82\windows-amd64\native-platform.dll
0x00007ffd093a0000 - 0x00007ffd094e4000 	C:\Users\vkhan\.gradle\native\e376f236ea51e6404a007f0833ffe2c6e607c4080706a723a18a27aeea778392\windows-amd64\native-platform-file-events.dll
0x00007ffd1f480000 - 0x00007ffd1f489000 	C:\Program Files\Android\Android Studio\jbr\bin\management.dll
0x00007ffd106b0000 - 0x00007ffd106bb000 	C:\Program Files\Android\Android Studio\jbr\bin\management_ext.dll
0x00007ffd3e790000 - 0x00007ffd3e798000 	C:\WINDOWS\System32\PSAPI.DLL
0x00007ffd3d650000 - 0x00007ffd3d668000 	C:\WINDOWS\SYSTEM32\CRYPTSP.dll
0x00007ffd3ccf0000 - 0x00007ffd3cd24000 	C:\WINDOWS\system32\rsaenh.dll
0x00007ffd3e550000 - 0x00007ffd3e577000 	C:\WINDOWS\System32\bcrypt.dll
0x00007ffd3dba0000 - 0x00007ffd3dbce000 	C:\WINDOWS\SYSTEM32\USERENV.dll
0x00007ffd3d640000 - 0x00007ffd3d64c000 	C:\WINDOWS\SYSTEM32\CRYPTBASE.dll
0x00007ffd3d0f0000 - 0x00007ffd3d12b000 	C:\WINDOWS\SYSTEM32\IPHLPAPI.DLL
0x00007ffd403c0000 - 0x00007ffd403c8000 	C:\WINDOWS\System32\NSI.dll
0x00007ffd335a0000 - 0x00007ffd335b7000 	C:\WINDOWS\SYSTEM32\dhcpcsvc6.DLL
0x00007ffd33380000 - 0x00007ffd3339d000 	C:\WINDOWS\SYSTEM32\dhcpcsvc.DLL
0x00007ffd3d140000 - 0x00007ffd3d20a000 	C:\WINDOWS\SYSTEM32\DNSAPI.dll
0x00007ffd103a0000 - 0x00007ffd103a7000 	C:\WINDOWS\system32\wshunix.dll

dbghelp: loaded successfully - version: 4.0.5 - missing functions: none
symbol engine: initialized successfully - sym options: 0x614 - pdb path: .;C:\Program Files\Android\Android Studio\jbr\bin;C:\WINDOWS\SYSTEM32;C:\WINDOWS\WinSxS\amd64_microsoft.windows.common-controls_6595b64144ccf1df_6.0.19041.3570_none_60bb2a3971f3e41a;C:\Program Files\Android\Android Studio\jbr\bin\server;C:\Users\vkhan\.gradle\native\68d5fa5c4cc2d200863cafc0d521ce42e7d3e7ee720ec0a83991735586a16f82\windows-amd64;C:\Users\vkhan\.gradle\native\e376f236ea51e6404a007f0833ffe2c6e607c4080706a723a18a27aeea778392\windows-amd64

VM Arguments:
jvm_args: --add-opens=java.base/java.util=ALL-UNNAMED --add-opens=java.base/java.lang=ALL-UNNAMED --add-opens=java.base/java.lang.invoke=ALL-UNNAMED --add-opens=java.prefs/java.util.prefs=ALL-UNNAMED --add-opens=java.base/java.nio.charset=ALL-UNNAMED --add-opens=java.base/java.net=ALL-UNNAMED --add-opens=java.base/java.util.concurrent.atomic=ALL-UNNAMED -Xmx2048m -Dfile.encoding=UTF-8 -Duser.country=US -Duser.language=en -Duser.variant 
java_command: org.gradle.launcher.daemon.bootstrap.GradleDaemon 8.0
java_class_path (initial): C:\Users\vkhan\.gradle\wrapper\dists\gradle-8.0-bin\ca5e32bp14vu59qr306oxotwh\gradle-8.0\lib\gradle-launcher-8.0.jar
Launcher Type: SUN_STANDARD

[Global flags]
     intx CICompilerCount                          = 4                                         {product} {ergonomic}
     uint ConcGCThreads                            = 2                                         {product} {ergonomic}
     uint G1ConcRefinementThreads                  = 8                                         {product} {ergonomic}
   size_t G1HeapRegionSize                         = 1048576                                   {product} {ergonomic}
    uintx GCDrainStackTargetSize                   = 64                                        {product} {ergonomic}
   size_t InitialHeapSize                          = 132120576                                 {product} {ergonomic}
   size_t MarkStackSize                            = 4194304                                   {product} {ergonomic}
   size_t MaxHeapSize                              = 2147483648                                {product} {command line}
   size_t MaxNewSize                               = 1287651328                                {product} {ergonomic}
   size_t MinHeapDeltaBytes                        = 1048576                                   {product} {ergonomic}
   size_t MinHeapSize                              = 8388608                                   {product} {ergonomic}
    uintx NonNMethodCodeHeapSize                   = 5839372                                {pd product} {ergonomic}
    uintx NonProfiledCodeHeapSize                  = 122909434                              {pd product} {ergonomic}
    uintx ProfiledCodeHeapSize                     = 122909434                              {pd product} {ergonomic}
    uintx ReservedCodeCacheSize                    = 251658240                              {pd product} {ergonomic}
     bool SegmentedCodeCache                       = true                                      {product} {ergonomic}
   size_t SoftMaxHeapSize                          = 2147483648                             {manageable} {ergonomic}
     bool UseCompressedClassPointers               = true                           {product lp64_product} {ergonomic}
     bool UseCompressedOops                        = true                           {product lp64_product} {ergonomic}
     bool UseG1GC                                  = true                                      {product} {ergonomic}
     bool UseLargePagesIndividualAllocation        = false                                  {pd product} {ergonomic}

Logging:
Log output configuration:
 #0: stdout all=warning uptime,level,tags
 #1: stderr all=off uptime,level,tags

Environment Variables:
PATH=C:\Program Files\Common Files\Oracle\Java\javapath;C:\Program Files (x86)\Common Files\Oracle\Java\javapath;C:\WINDOWS\system32;C:\WINDOWS;C:\WINDOWS\System32\Wbem;C:\WINDOWS\System32\WindowsPowerShell\v1.0\;C:\WINDOWS\System32\OpenSSH\;C:\Program Files\Microsoft SQL Server\Client SDK\ODBC\170\Tools\Binn\;C:\Program Files (x86)\Microsoft SQL Server\150\Tools\Binn\;C:\Program Files\Microsoft SQL Server\150\Tools\Binn\;C:\Program Files\Microsoft SQL Server\150\DTS\Binn\;C:\Program Files (x86)\Microsoft SQL Server\160\DTS\Binn\;C:\Program Files\Azure Data Studio\bin;C:\Program Files\Git\cmd;C:\Program Files\nodejs\;C:\Users\vkhan\AppData\Local\Programs\Python\Python311\Scripts\;C:\Users\vkhan\AppData\Local\Programs\Python\Python311\;C:\Users\vkhan\AppData\Local\Microsoft\WindowsApps;C:\Users\vkhan\AppData\Local\Programs\Microsoft VS Code\bin;C:\Program Files\Azure Data Studio\bin;C:\Users\vkhan\AppData\Roaming\npm;C:\Program Files\nodejs;
USERNAME=Admin
OS=Windows_NT
PROCESSOR_IDENTIFIER=Intel64 Family 6 Model 126 Stepping 5, GenuineIntel
TMP=C:\Users\vkhan\AppData\Local\Temp
TEMP=C:\Users\vkhan\AppData\Local\Temp



---------------  S Y S T E M  ---------------

OS:
 Windows 10 , 64 bit Build 19041 (10.0.19041.3570)
OS uptime: 5 days 20:03 hours

CPU: total 8 (initial active 8) (4 cores per cpu, 2 threads per core) family 6 model 126 stepping 5 microcode 0xbc, cx8, cmov, fxsr, ht, mmx, 3dnowpref, sse, sse2, sse3, ssse3, sse4.1, sse4.2, popcnt, lzcnt, tsc, tscinvbit, avx, avx2, aes, erms, clmul, bmi1, bmi2, adx, avx512f, avx512dq, avx512cd, avx512bw, avx512vl, sha, fma, vzeroupper, avx512_vpopcntdq, avx512_vpclmulqdq, avx512_vaes, avx512_vnni, clflush, clflushopt, avx512_vbmi2, avx512_vbmi

Memory: 4k page, system-wide physical 7959M (205M free)
TotalPageFile size 20759M (AvailPageFile size 13M)
current process WorkingSet (physical memory assigned to process): 230M, peak: 230M
current process commit charge ("private bytes"): 275M, peak: 284M

vm_info: OpenJDK 64-Bit Server VM (17.0.6+0-b2043.56-9586694) for windows-amd64 JRE (17.0.6+0-b2043.56-9586694), built on Feb  9 2023 20:06:20 by "androidbuild" with MS VC++ 16.10 / 16.11 (VS2019)

END.
