#
# There is insufficient memory for the Java Runtime Environment to continue.
# Native memory allocation (malloc) failed to allocate 32744 bytes for ChunkPool::allocate
# Possible reasons:
#   The system is out of physical RAM or swap space
#   The process is running with CompressedOops enabled, and the Java Heap may be blocking the growth of the native heap
# Possible solutions:
#   Reduce memory load on the system
#   Increase physical memory or swap space
#   Check if swap backing store is full
#   Decrease Java heap size (-Xmx/-Xms)
#   Decrease number of Java threads
#   Decrease Java thread stack sizes (-Xss)
#   Set larger code cache with -XX:ReservedCodeCacheSize=
#   JVM is running with Unscaled Compressed Oops mode in which the Java heap is
#     placed in the first 4GB address space. The Java Heap base address is the
#     maximum limit for the native heap growth. Please use -XX:HeapBaseMinAddress
#     to set the Java Heap base and to place the Java Heap above 4GB virtual address.
# This output file may be truncated or incomplete.
#
#  Out of Memory Error (arena.cpp:78), pid=18172, tid=2468
#
# JRE version: OpenJDK Runtime Environment (17.0.6) (build 17.0.6+0-b2043.56-9586694)
# Java VM: OpenJDK 64-Bit Server VM (17.0.6+0-b2043.56-9586694, mixed mode, tiered, compressed oops, compressed class ptrs, g1 gc, windows-amd64)
# No core dump will be written. Minidumps are not enabled by default on client versions of Windows
#

---------------  S U M M A R Y ------------

Command Line: --add-opens=java.base/java.util=ALL-UNNAMED --add-opens=java.base/java.lang=ALL-UNNAMED --add-opens=java.base/java.lang.invoke=ALL-UNNAMED --add-opens=java.prefs/java.util.prefs=ALL-UNNAMED --add-opens=java.base/java.nio.charset=ALL-UNNAMED --add-opens=java.base/java.net=ALL-UNNAMED --add-opens=java.base/java.util.concurrent.atomic=ALL-UNNAMED -Xmx2048m -Dfile.encoding=UTF-8 -Duser.country=US -Duser.language=en -Duser.variant org.gradle.launcher.daemon.bootstrap.GradleDaemon 8.0

Host: Intel(R) Core(TM) i5-1035G1 CPU @ 1.00GHz, 8 cores, 7G,  Windows 10 , 64 bit Build 19041 (10.0.19041.3570)
Time: Sun Nov 12 14:51:05 2023 SE Asia Standard Time elapsed time: 6.702301 seconds (0d 0h 0m 6s)

---------------  T H R E A D  ---------------

Current thread (0x000001d67ec22650):  JavaThread "C2 CompilerThread0" daemon [_thread_in_native, id=2468, stack(0x0000003311000000,0x0000003311100000)]


Current CompileTask:
C2:   6702 4564       4       groovyjarjarantlr4.v4.runtime.atn.ParserATNSimulator::closure (784 bytes)

Stack: [0x0000003311000000,0x0000003311100000]
Native frames: (J=compiled Java code, j=interpreted, Vv=VM code, C=native code)
V  [jvm.dll+0x683b4a]
V  [jvm.dll+0x842654]
V  [jvm.dll+0x843dfe]
V  [jvm.dll+0x844463]
V  [jvm.dll+0x249b75]
V  [jvm.dll+0xabecc]
V  [jvm.dll+0xac27c]
V  [jvm.dll+0x11f188]
V  [jvm.dll+0x6ad081]
V  [jvm.dll+0x1bd184]
V  [jvm.dll+0x21c359]
V  [jvm.dll+0x21b621]
V  [jvm.dll+0x1a4fdd]
V  [jvm.dll+0x22b098]
V  [jvm.dll+0x229159]
V  [jvm.dll+0x7f809c]
V  [jvm.dll+0x7f25fa]
V  [jvm.dll+0x682985]
C  [ucrtbase.dll+0x21bb2]
C  [KERNEL32.DLL+0x17344]
C  [ntdll.dll+0x526b1]


---------------  P R O C E S S  ---------------

Threads class SMR info:
_java_thread_list=0x000001d610dac2d0, length=41, elements={
0x000001d6713ac380, 0x000001d67e1ea260, 0x000001d67e1ebd30, 0x000001d67ec1e010,
0x000001d67ec1e8d0, 0x000001d67ec211a0, 0x000001d67ec21a60, 0x000001d67ec22650,
0x000001d67ec2e460, 0x000001d67ec32d70, 0x000001d67edd8d50, 0x000001d67edfa050,
0x000001d60ffceab0, 0x000001d60ffb2c30, 0x000001d60f4d8750, 0x000001d60fff6f90,
0x000001d60fe62730, 0x000001d60fd1b0f0, 0x000001d60fd1a750, 0x000001d60fd1bf60,
0x000001d60fd1c430, 0x000001d60fd1c900, 0x000001d60fd1cdd0, 0x000001d60fd198e0,
0x000001d60fd1b5c0, 0x000001d60fd19db0, 0x000001d60fd1a280, 0x000001d6120cd500,
0x000001d6120c8800, 0x000001d6120c74c0, 0x000001d6120c8cd0, 0x000001d6120ca4e0,
0x000001d6120cae80, 0x000001d6120cc1c0, 0x000001d6120c9670, 0x000001d6120cb350,
0x000001d6120c91a0, 0x000001d6120c9b40, 0x000001d6120cc690, 0x000001d6120ca010,
0x000001d6120cd9d0
}

Java Threads: ( => current thread )
  0x000001d6713ac380 JavaThread "main" [_thread_blocked, id=13168, stack(0x0000003310300000,0x0000003310400000)]
  0x000001d67e1ea260 JavaThread "Reference Handler" daemon [_thread_blocked, id=3616, stack(0x0000003310a00000,0x0000003310b00000)]
  0x000001d67e1ebd30 JavaThread "Finalizer" daemon [_thread_blocked, id=3460, stack(0x0000003310b00000,0x0000003310c00000)]
  0x000001d67ec1e010 JavaThread "Signal Dispatcher" daemon [_thread_blocked, id=2608, stack(0x0000003310c00000,0x0000003310d00000)]
  0x000001d67ec1e8d0 JavaThread "Attach Listener" daemon [_thread_blocked, id=18516, stack(0x0000003310d00000,0x0000003310e00000)]
  0x000001d67ec211a0 JavaThread "Service Thread" daemon [_thread_blocked, id=2400, stack(0x0000003310e00000,0x0000003310f00000)]
  0x000001d67ec21a60 JavaThread "Monitor Deflation Thread" daemon [_thread_blocked, id=9616, stack(0x0000003310f00000,0x0000003311000000)]
=>0x000001d67ec22650 JavaThread "C2 CompilerThread0" daemon [_thread_in_native, id=2468, stack(0x0000003311000000,0x0000003311100000)]
  0x000001d67ec2e460 JavaThread "C1 CompilerThread0" daemon [_thread_blocked, id=19256, stack(0x0000003311100000,0x0000003311200000)]
  0x000001d67ec32d70 JavaThread "Sweeper thread" daemon [_thread_blocked, id=10100, stack(0x0000003311200000,0x0000003311300000)]
  0x000001d67edd8d50 JavaThread "Common-Cleaner" daemon [_thread_blocked, id=7836, stack(0x0000003311300000,0x0000003311400000)]
  0x000001d67edfa050 JavaThread "Notification Thread" daemon [_thread_blocked, id=13268, stack(0x0000003311400000,0x0000003311500000)]
  0x000001d60ffceab0 JavaThread "Daemon health stats" [_thread_blocked, id=9080, stack(0x0000003311a00000,0x0000003311b00000)]
  0x000001d60ffb2c30 JavaThread "Incoming local TCP Connector on port 62880" [_thread_in_native, id=12732, stack(0x0000003311b00000,0x0000003311c00000)]
  0x000001d60f4d8750 JavaThread "Daemon periodic checks" [_thread_blocked, id=8692, stack(0x0000003311c00000,0x0000003311d00000)]
  0x000001d60fff6f90 JavaThread "Daemon" [_thread_blocked, id=13688, stack(0x0000003311d00000,0x0000003311e00000)]
  0x000001d60fe62730 JavaThread "Handler for socket connection from /127.0.0.1:62880 to /127.0.0.1:62881" [_thread_in_native, id=17188, stack(0x0000003311e00000,0x0000003311f00000)]
  0x000001d60fd1b0f0 JavaThread "Cancel handler" [_thread_blocked, id=6388, stack(0x0000003311f00000,0x0000003312000000)]
  0x000001d60fd1a750 JavaThread "Daemon worker" [_thread_in_vm, id=19924, stack(0x0000003312000000,0x0000003312100000)]
  0x000001d60fd1bf60 JavaThread "Asynchronous log dispatcher for DefaultDaemonConnection: socket connection from /127.0.0.1:62880 to /127.0.0.1:62881" [_thread_blocked, id=13448, stack(0x0000003312100000,0x0000003312200000)]
  0x000001d60fd1c430 JavaThread "Stdin handler" [_thread_blocked, id=19768, stack(0x0000003312200000,0x0000003312300000)]
  0x000001d60fd1c900 JavaThread "Daemon client event forwarder" [_thread_blocked, id=15880, stack(0x0000003312300000,0x0000003312400000)]
  0x000001d60fd1cdd0 JavaThread "Cache worker for journal cache (C:\Users\vkhan\.gradle\caches\journal-1)" [_thread_blocked, id=20432, stack(0x0000003312800000,0x0000003312900000)]
  0x000001d60fd198e0 JavaThread "File lock request listener" [_thread_in_native, id=16300, stack(0x0000003312900000,0x0000003312a00000)]
  0x000001d60fd1b5c0 JavaThread "Cache worker for file hash cache (C:\Users\vkhan\.gradle\caches\8.0\fileHashes)" [_thread_blocked, id=8472, stack(0x0000003312a00000,0x0000003312b00000)]
  0x000001d60fd19db0 JavaThread "File watcher server" daemon [_thread_in_native, id=13652, stack(0x0000003312b00000,0x0000003312c00000)]
  0x000001d60fd1a280 JavaThread "File watcher consumer" daemon [_thread_blocked, id=9584, stack(0x0000003312c00000,0x0000003312d00000)]
  0x000001d6120cd500 JavaThread "jar transforms" [_thread_blocked, id=14220, stack(0x0000003312d00000,0x0000003312e00000)]
  0x000001d6120c8800 JavaThread "jar transforms Thread 2" [_thread_blocked, id=17064, stack(0x0000003312e00000,0x0000003312f00000)]
  0x000001d6120c74c0 JavaThread "jar transforms Thread 3" [_thread_blocked, id=11704, stack(0x0000003312f00000,0x0000003313000000)]
  0x000001d6120c8cd0 JavaThread "jar transforms Thread 4" [_thread_blocked, id=19864, stack(0x0000003313000000,0x0000003313100000)]
  0x000001d6120ca4e0 JavaThread "jar transforms Thread 5" [_thread_blocked, id=9572, stack(0x0000003313100000,0x0000003313200000)]
  0x000001d6120cae80 JavaThread "jar transforms Thread 6" [_thread_blocked, id=21896, stack(0x0000003313200000,0x0000003313300000)]
  0x000001d6120cc1c0 JavaThread "jar transforms Thread 7" [_thread_blocked, id=9104, stack(0x0000003313300000,0x0000003313400000)]
  0x000001d6120c9670 JavaThread "jar transforms Thread 8" [_thread_blocked, id=11084, stack(0x0000003313400000,0x0000003313500000)]
  0x000001d6120cb350 JavaThread "Cache worker for checksums cache (D:\LUANVAN\LV_QuanLiQuanAn\QuanLyQuanAn0609\.gradle\8.0\checksums)" [_thread_blocked, id=2192, stack(0x0000003313600000,0x0000003313700000)]
  0x000001d6120c91a0 JavaThread "Cache worker for cache directory md-rule (C:\Users\vkhan\.gradle\caches\8.0\md-rule)" [_thread_blocked, id=4472, stack(0x0000003313700000,0x0000003313800000)]
  0x000001d6120c9b40 JavaThread "Cache worker for file content cache (C:\Users\vkhan\.gradle\caches\8.0\fileContent)" [_thread_blocked, id=16612, stack(0x0000003313800000,0x0000003313900000)]
  0x000001d6120cc690 JavaThread "Cache worker for file hash cache (D:\LUANVAN\LV_QuanLiQuanAn\QuanLyQuanAn0609\.gradle\8.0\fileHashes)" [_thread_blocked, id=19108, stack(0x0000003313900000,0x0000003313a00000)]
  0x000001d6120ca010 JavaThread "Cache worker for cache directory md-supplier (C:\Users\vkhan\.gradle\caches\8.0\md-supplier)" [_thread_blocked, id=8160, stack(0x0000003313a00000,0x0000003313b00000)]
  0x000001d6120cd9d0 JavaThread "Cache worker for execution history cache (C:\Users\vkhan\.gradle\caches\8.0\executionHistory)" [_thread_blocked, id=14936, stack(0x0000003313b00000,0x0000003313c00000)]

Other Threads:
  0x000001d67e1c6da0 VMThread "VM Thread" [stack: 0x0000003310900000,0x0000003310a00000] [id=2264]
  0x000001d67edfad40 WatcherThread [stack: 0x0000003311500000,0x0000003311600000] [id=14036]
  0x000001d67143dfd0 GCTaskThread "GC Thread#0" [stack: 0x0000003310400000,0x0000003310500000] [id=6852]
  0x000001d67f3f6610 GCTaskThread "GC Thread#1" [stack: 0x0000003311600000,0x0000003311700000] [id=1552]
  0x000001d67f3f68c0 GCTaskThread "GC Thread#2" [stack: 0x0000003311700000,0x0000003311800000] [id=22364]
  0x000001d67f7fed10 GCTaskThread "GC Thread#3" [stack: 0x0000003311800000,0x0000003311900000] [id=12712]
  0x000001d60f9a84f0 GCTaskThread "GC Thread#4" [stack: 0x0000003311900000,0x0000003311a00000] [id=8832]
  0x000001d60ff4b450 GCTaskThread "GC Thread#5" [stack: 0x0000003312400000,0x0000003312500000] [id=3452]
  0x000001d60fe4c830 GCTaskThread "GC Thread#6" [stack: 0x0000003312500000,0x0000003312600000] [id=7128]
  0x000001d60fe4cae0 GCTaskThread "GC Thread#7" [stack: 0x0000003312600000,0x0000003312700000] [id=9000]
  0x000001d67144ee20 ConcurrentGCThread "G1 Main Marker" [stack: 0x0000003310500000,0x0000003310600000] [id=13900]
  0x000001d67144fee0 ConcurrentGCThread "G1 Conc#0" [stack: 0x0000003310600000,0x0000003310700000] [id=17436]
  0x000001d60fe7aca0 ConcurrentGCThread "G1 Conc#1" [stack: 0x0000003312700000,0x0000003312800000] [id=12380]
  0x000001d6714ae460 ConcurrentGCThread "G1 Refine#0" [stack: 0x0000003310700000,0x0000003310800000] [id=10472]
  0x000001d610d94030 ConcurrentGCThread "G1 Refine#1" [stack: 0x0000003313500000,0x0000003313600000] [id=9136]
  0x000001d67e01a100 ConcurrentGCThread "G1 Service" [stack: 0x0000003310800000,0x0000003310900000] [id=3796]

Threads with active compile tasks:
C2 CompilerThread0     6737 4564       4       groovyjarjarantlr4.v4.runtime.atn.ParserATNSimulator::closure (784 bytes)

VM state: not at safepoint (normal execution)

VM Mutex/Monitor currently owned by a thread: None

Heap address: 0x0000000080000000, size: 2048 MB, Compressed Oops mode: 32-bit

CDS archive(s) not mapped
Compressed class space mapped at: 0x0000000100000000-0x0000000140000000, reserved size: 1073741824
Narrow klass base: 0x0000000000000000, Narrow klass shift: 3, Narrow klass range: 0x140000000

GC Precious Log:
 CPUs: 8 total, 8 available
 Memory: 7959M
 Large Page Support: Disabled
 NUMA Support: Disabled
 Compressed Oops: Enabled (32-bit)
 Heap Region Size: 1M
 Heap Min Capacity: 8M
 Heap Initial Capacity: 126M
 Heap Max Capacity: 2G
 Pre-touch: Disabled
 Parallel Workers: 8
 Concurrent Workers: 2
 Concurrent Refinement Workers: 8
 Periodic GC: Disabled

Heap:
 garbage-first heap   total 177152K, used 126661K [0x0000000080000000, 0x0000000100000000)
  region size 1024K, 36 young (36864K), 2 survivors (2048K)
 Metaspace       used 55173K, committed 55680K, reserved 1097728K
  class space    used 7326K, committed 7552K, reserved 1048576K

Heap Regions: E=young(eden), S=young(survivor), O=old, HS=humongous(starts), HC=humongous(continues), CS=collection set, F=free, OA=open archive, CA=closed archive, TAMS=top-at-mark-start (previous, next)
|   0|0x0000000080000000, 0x0000000080100000, 0x0000000080100000|100%|HS|  |TAMS 0x0000000080100000, 0x0000000080000000| Complete 
|   1|0x0000000080100000, 0x0000000080200000, 0x0000000080200000|100%|HC|  |TAMS 0x0000000080200000, 0x0000000080100000| Complete 
|   2|0x0000000080200000, 0x0000000080300000, 0x0000000080300000|100%|HC|  |TAMS 0x0000000080300000, 0x0000000080200000| Complete 
|   3|0x0000000080300000, 0x0000000080400000, 0x0000000080400000|100%|HC|  |TAMS 0x0000000080400000, 0x0000000080300000| Complete 
|   4|0x0000000080400000, 0x0000000080500000, 0x0000000080500000|100%| O|  |TAMS 0x0000000080500000, 0x0000000080400000| Untracked 
|   5|0x0000000080500000, 0x0000000080600000, 0x0000000080600000|100%| O|  |TAMS 0x0000000080600000, 0x0000000080500000| Untracked 
|   6|0x0000000080600000, 0x0000000080700000, 0x0000000080700000|100%| O|  |TAMS 0x0000000080700000, 0x0000000080600000| Untracked 
|   7|0x0000000080700000, 0x0000000080800000, 0x0000000080800000|100%| O|  |TAMS 0x0000000080800000, 0x0000000080700000| Untracked 
|   8|0x0000000080800000, 0x0000000080900000, 0x0000000080900000|100%| O|  |TAMS 0x0000000080900000, 0x0000000080800000| Untracked 
|   9|0x0000000080900000, 0x0000000080a00000, 0x0000000080a00000|100%| O|  |TAMS 0x0000000080a00000, 0x0000000080900000| Untracked 
|  10|0x0000000080a00000, 0x0000000080b00000, 0x0000000080b00000|100%| O|  |TAMS 0x0000000080b00000, 0x0000000080a00000| Untracked 
|  11|0x0000000080b00000, 0x0000000080b00000, 0x0000000080c00000|  0%| F|  |TAMS 0x0000000080b00000, 0x0000000080b00000| Untracked 
|  12|0x0000000080c00000, 0x0000000080d00000, 0x0000000080d00000|100%| O|  |TAMS 0x0000000080d00000, 0x0000000080c00000| Untracked 
|  13|0x0000000080d00000, 0x0000000080e00000, 0x0000000080e00000|100%| O|  |TAMS 0x0000000080e00000, 0x0000000080d00000| Untracked 
|  14|0x0000000080e00000, 0x0000000080f00000, 0x0000000080f00000|100%| O|  |TAMS 0x0000000080f00000, 0x0000000080e00000| Untracked 
|  15|0x0000000080f00000, 0x0000000081000000, 0x0000000081000000|100%| O|  |TAMS 0x0000000081000000, 0x0000000080f00000| Untracked 
|  16|0x0000000081000000, 0x0000000081100000, 0x0000000081100000|100%| O|  |TAMS 0x0000000081100000, 0x0000000081000000| Untracked 
|  17|0x0000000081100000, 0x0000000081200000, 0x0000000081200000|100%| O|  |TAMS 0x0000000081200000, 0x0000000081100000| Untracked 
|  18|0x0000000081200000, 0x0000000081300000, 0x0000000081300000|100%| O|  |TAMS 0x0000000081300000, 0x0000000081200000| Untracked 
|  19|0x0000000081300000, 0x0000000081400000, 0x0000000081400000|100%|HS|  |TAMS 0x0000000081400000, 0x0000000081300000| Complete 
|  20|0x0000000081400000, 0x0000000081500000, 0x0000000081500000|100%|HC|  |TAMS 0x0000000081500000, 0x0000000081400000| Complete 
|  21|0x0000000081500000, 0x0000000081600000, 0x0000000081600000|100%|HS|  |TAMS 0x0000000081600000, 0x0000000081500000| Complete 
|  22|0x0000000081600000, 0x0000000081700000, 0x0000000081700000|100%|HC|  |TAMS 0x0000000081700000, 0x0000000081600000| Complete 
|  23|0x0000000081700000, 0x0000000081800000, 0x0000000081800000|100%|HC|  |TAMS 0x0000000081800000, 0x0000000081700000| Complete 
|  24|0x0000000081800000, 0x0000000081900000, 0x0000000081900000|100%| O|  |TAMS 0x0000000081900000, 0x0000000081800000| Untracked 
|  25|0x0000000081900000, 0x0000000081a00000, 0x0000000081a00000|100%| O|  |TAMS 0x0000000081a00000, 0x0000000081900000| Untracked 
|  26|0x0000000081a00000, 0x0000000081b00000, 0x0000000081b00000|100%| O|  |TAMS 0x0000000081b00000, 0x0000000081a00000| Untracked 
|  27|0x0000000081b00000, 0x0000000081c00000, 0x0000000081c00000|100%|HS|  |TAMS 0x0000000081c00000, 0x0000000081b00000| Complete 
|  28|0x0000000081c00000, 0x0000000081d00000, 0x0000000081d00000|100%|HC|  |TAMS 0x0000000081d00000, 0x0000000081c00000| Complete 
|  29|0x0000000081d00000, 0x0000000081e00000, 0x0000000081e00000|100%|HC|  |TAMS 0x0000000081e00000, 0x0000000081d00000| Complete 
|  30|0x0000000081e00000, 0x0000000081f00000, 0x0000000081f00000|100%|HS|  |TAMS 0x0000000081f00000, 0x0000000081e00000| Complete 
|  31|0x0000000081f00000, 0x0000000082000000, 0x0000000082000000|100%|HC|  |TAMS 0x0000000082000000, 0x0000000081f00000| Complete 
|  32|0x0000000082000000, 0x0000000082100000, 0x0000000082100000|100%| O|  |TAMS 0x0000000082100000, 0x0000000082000000| Untracked 
|  33|0x0000000082100000, 0x0000000082200000, 0x0000000082200000|100%| O|  |TAMS 0x0000000082200000, 0x0000000082100000| Untracked 
|  34|0x0000000082200000, 0x0000000082300000, 0x0000000082300000|100%| O|  |TAMS 0x0000000082300000, 0x0000000082200000| Untracked 
|  35|0x0000000082300000, 0x0000000082400000, 0x0000000082400000|100%|HS|  |TAMS 0x0000000082400000, 0x0000000082300000| Complete 
|  36|0x0000000082400000, 0x0000000082500000, 0x0000000082500000|100%|HC|  |TAMS 0x0000000082500000, 0x0000000082400000| Complete 
|  37|0x0000000082500000, 0x0000000082600000, 0x0000000082600000|100%|HS|  |TAMS 0x0000000082600000, 0x0000000082500000| Complete 
|  38|0x0000000082600000, 0x0000000082700000, 0x0000000082700000|100%|HC|  |TAMS 0x0000000082700000, 0x0000000082600000| Complete 
|  39|0x0000000082700000, 0x0000000082800000, 0x0000000082800000|100%|HC|  |TAMS 0x0000000082800000, 0x0000000082700000| Complete 
|  40|0x0000000082800000, 0x0000000082900000, 0x0000000082900000|100%|HC|  |TAMS 0x0000000082900000, 0x0000000082800000| Complete 
|  41|0x0000000082900000, 0x0000000082a00000, 0x0000000082a00000|100%|HC|  |TAMS 0x0000000082a00000, 0x0000000082900000| Complete 
|  42|0x0000000082a00000, 0x0000000082b00000, 0x0000000082b00000|100%|HC|  |TAMS 0x0000000082b00000, 0x0000000082a00000| Complete 
|  43|0x0000000082b00000, 0x0000000082c00000, 0x0000000082c00000|100%|HS|  |TAMS 0x0000000082c00000, 0x0000000082b00000| Complete 
|  44|0x0000000082c00000, 0x0000000082d00000, 0x0000000082d00000|100%| O|  |TAMS 0x0000000082d00000, 0x0000000082c00000| Untracked 
|  45|0x0000000082d00000, 0x0000000082e00000, 0x0000000082e00000|100%| O|  |TAMS 0x0000000082e00000, 0x0000000082d00000| Untracked 
|  46|0x0000000082e00000, 0x0000000082f00000, 0x0000000082f00000|100%|HS|  |TAMS 0x0000000082f00000, 0x0000000082e00000| Complete 
|  47|0x0000000082f00000, 0x0000000083000000, 0x0000000083000000|100%|HC|  |TAMS 0x0000000083000000, 0x0000000082f00000| Complete 
|  48|0x0000000083000000, 0x0000000083100000, 0x0000000083100000|100%|HC|  |TAMS 0x0000000083100000, 0x0000000083000000| Complete 
|  49|0x0000000083100000, 0x0000000083200000, 0x0000000083200000|100%|HC|  |TAMS 0x0000000083200000, 0x0000000083100000| Complete 
|  50|0x0000000083200000, 0x0000000083300000, 0x0000000083300000|100%|HC|  |TAMS 0x0000000083300000, 0x0000000083200000| Complete 
|  51|0x0000000083300000, 0x0000000083400000, 0x0000000083400000|100%|HC|  |TAMS 0x0000000083400000, 0x0000000083300000| Complete 
|  52|0x0000000083400000, 0x0000000083500000, 0x0000000083500000|100%|HC|  |TAMS 0x0000000083500000, 0x0000000083400000| Complete 
|  53|0x0000000083500000, 0x0000000083600000, 0x0000000083600000|100%|HC|  |TAMS 0x0000000083600000, 0x0000000083500000| Complete 
|  54|0x0000000083600000, 0x0000000083700000, 0x0000000083700000|100%|HC|  |TAMS 0x0000000083700000, 0x0000000083600000| Complete 
|  55|0x0000000083700000, 0x0000000083800000, 0x0000000083800000|100%|HC|  |TAMS 0x0000000083800000, 0x0000000083700000| Complete 
|  56|0x0000000083800000, 0x0000000083900000, 0x0000000083900000|100%| O|  |TAMS 0x0000000083900000, 0x0000000083800000| Complete 
|  57|0x0000000083900000, 0x0000000083a00000, 0x0000000083a00000|100%| O|  |TAMS 0x0000000083a00000, 0x0000000083900000| Untracked 
|  58|0x0000000083a00000, 0x0000000083b00000, 0x0000000083b00000|100%| O|  |TAMS 0x0000000083b00000, 0x0000000083a00000| Untracked 
|  59|0x0000000083b00000, 0x0000000083c00000, 0x0000000083c00000|100%| O|  |TAMS 0x0000000083c00000, 0x0000000083b00000| Untracked 
|  60|0x0000000083c00000, 0x0000000083d00000, 0x0000000083d00000|100%| O|  |TAMS 0x0000000083d00000, 0x0000000083c00000| Untracked 
|  61|0x0000000083d00000, 0x0000000083e00000, 0x0000000083e00000|100%|HS|  |TAMS 0x0000000083e00000, 0x0000000083d00000| Complete 
|  62|0x0000000083e00000, 0x0000000083f00000, 0x0000000083f00000|100%|HC|  |TAMS 0x0000000083f00000, 0x0000000083e00000| Complete 
|  63|0x0000000083f00000, 0x0000000084000000, 0x0000000084000000|100%| O|  |TAMS 0x0000000084000000, 0x0000000083f00000| Untracked 
|  64|0x0000000084000000, 0x0000000084100000, 0x0000000084100000|100%| O|  |TAMS 0x0000000084100000, 0x0000000084000000| Untracked 
|  65|0x0000000084100000, 0x0000000084200000, 0x0000000084200000|100%| O|  |TAMS 0x0000000084200000, 0x0000000084100000| Untracked 
|  66|0x0000000084200000, 0x0000000084300000, 0x0000000084300000|100%|HS|  |TAMS 0x0000000084300000, 0x0000000084200000| Complete 
|  67|0x0000000084300000, 0x0000000084400000, 0x0000000084400000|100%|HC|  |TAMS 0x0000000084400000, 0x0000000084300000| Complete 
|  68|0x0000000084400000, 0x0000000084500000, 0x0000000084500000|100%|HC|  |TAMS 0x0000000084500000, 0x0000000084400000| Complete 
|  69|0x0000000084500000, 0x0000000084600000, 0x0000000084600000|100%|HC|  |TAMS 0x0000000084600000, 0x0000000084500000| Complete 
|  70|0x0000000084600000, 0x0000000084700000, 0x0000000084700000|100%|HC|  |TAMS 0x0000000084700000, 0x0000000084600000| Complete 
|  71|0x0000000084700000, 0x0000000084800000, 0x0000000084800000|100%|HC|  |TAMS 0x0000000084800000, 0x0000000084700000| Complete 
|  72|0x0000000084800000, 0x0000000084900000, 0x0000000084900000|100%|HC|  |TAMS 0x0000000084900000, 0x0000000084800000| Complete 
|  73|0x0000000084900000, 0x0000000084a00000, 0x0000000084a00000|100%|HC|  |TAMS 0x0000000084a00000, 0x0000000084900000| Complete 
|  74|0x0000000084a00000, 0x0000000084b00000, 0x0000000084b00000|100%|HC|  |TAMS 0x0000000084b00000, 0x0000000084a00000| Complete 
|  75|0x0000000084b00000, 0x0000000084c00000, 0x0000000084c00000|100%|HC|  |TAMS 0x0000000084c00000, 0x0000000084b00000| Complete 
|  76|0x0000000084c00000, 0x0000000084d00000, 0x0000000084d00000|100%|HC|  |TAMS 0x0000000084d00000, 0x0000000084c00000| Complete 
|  77|0x0000000084d00000, 0x0000000084e00000, 0x0000000084e00000|100%|HS|  |TAMS 0x0000000084e00000, 0x0000000084d00000| Complete 
|  78|0x0000000084e00000, 0x0000000084f00000, 0x0000000084f00000|100%|HC|  |TAMS 0x0000000084f00000, 0x0000000084e00000| Complete 
|  79|0x0000000084f00000, 0x0000000085000000, 0x0000000085000000|100%|HC|  |TAMS 0x0000000085000000, 0x0000000084f00000| Complete 
|  80|0x0000000085000000, 0x0000000085100000, 0x0000000085100000|100%|HS|  |TAMS 0x0000000085100000, 0x0000000085000000| Complete 
|  81|0x0000000085100000, 0x0000000085200000, 0x0000000085200000|100%|HC|  |TAMS 0x0000000085200000, 0x0000000085100000| Complete 
|  82|0x0000000085200000, 0x0000000085300000, 0x0000000085300000|100%|HS|  |TAMS 0x0000000085300000, 0x0000000085200000| Complete 
|  83|0x0000000085300000, 0x0000000085400000, 0x0000000085400000|100%|HC|  |TAMS 0x0000000085400000, 0x0000000085300000| Complete 
|  84|0x0000000085400000, 0x0000000085500000, 0x0000000085500000|100%|HC|  |TAMS 0x0000000085500000, 0x0000000085400000| Complete 
|  85|0x0000000085500000, 0x0000000085600000, 0x0000000085600000|100%| O|  |TAMS 0x0000000085600000, 0x0000000085500000| Untracked 
|  86|0x0000000085600000, 0x0000000085700000, 0x0000000085700000|100%| O|  |TAMS 0x0000000085700000, 0x0000000085600000| Untracked 
|  87|0x0000000085700000, 0x0000000085800000, 0x0000000085800000|100%| O|  |TAMS 0x0000000085800000, 0x0000000085700000| Untracked 
|  88|0x0000000085800000, 0x0000000085900000, 0x0000000085900000|100%| O|  |TAMS 0x0000000085900000, 0x0000000085800000| Untracked 
|  89|0x0000000085900000, 0x0000000085a00000, 0x0000000085a00000|100%| O|  |TAMS 0x0000000085a00000, 0x0000000085900000| Untracked 
|  90|0x0000000085a00000, 0x0000000085a2dc00, 0x0000000085b00000| 17%| O|  |TAMS 0x0000000085a2dc00, 0x0000000085a00000| Untracked 
|  91|0x0000000085b00000, 0x0000000085b00000, 0x0000000085c00000|  0%| F|  |TAMS 0x0000000085b00000, 0x0000000085b00000| Untracked 
|  92|0x0000000085c00000, 0x0000000085c00000, 0x0000000085d00000|  0%| F|  |TAMS 0x0000000085c00000, 0x0000000085c00000| Untracked 
|  93|0x0000000085d00000, 0x0000000085d00000, 0x0000000085e00000|  0%| F|  |TAMS 0x0000000085d00000, 0x0000000085d00000| Untracked 
|  94|0x0000000085e00000, 0x0000000085e00000, 0x0000000085f00000|  0%| F|  |TAMS 0x0000000085e00000, 0x0000000085e00000| Untracked 
|  95|0x0000000085f00000, 0x0000000085f00000, 0x0000000086000000|  0%| F|  |TAMS 0x0000000085f00000, 0x0000000085f00000| Untracked 
|  96|0x0000000086000000, 0x0000000086000000, 0x0000000086100000|  0%| F|  |TAMS 0x0000000086000000, 0x0000000086000000| Untracked 
|  97|0x0000000086100000, 0x0000000086100000, 0x0000000086200000|  0%| F|  |TAMS 0x0000000086100000, 0x0000000086100000| Untracked 
|  98|0x0000000086200000, 0x0000000086200000, 0x0000000086300000|  0%| F|  |TAMS 0x0000000086200000, 0x0000000086200000| Untracked 
|  99|0x0000000086300000, 0x0000000086300000, 0x0000000086400000|  0%| F|  |TAMS 0x0000000086300000, 0x0000000086300000| Untracked 
| 100|0x0000000086400000, 0x0000000086400000, 0x0000000086500000|  0%| F|  |TAMS 0x0000000086400000, 0x0000000086400000| Untracked 
| 101|0x0000000086500000, 0x0000000086500000, 0x0000000086600000|  0%| F|  |TAMS 0x0000000086500000, 0x0000000086500000| Untracked 
| 102|0x0000000086600000, 0x0000000086600000, 0x0000000086700000|  0%| F|  |TAMS 0x0000000086600000, 0x0000000086600000| Untracked 
| 103|0x0000000086700000, 0x0000000086700000, 0x0000000086800000|  0%| F|  |TAMS 0x0000000086700000, 0x0000000086700000| Untracked 
| 104|0x0000000086800000, 0x0000000086800000, 0x0000000086900000|  0%| F|  |TAMS 0x0000000086800000, 0x0000000086800000| Untracked 
| 105|0x0000000086900000, 0x0000000086900000, 0x0000000086a00000|  0%| F|  |TAMS 0x0000000086900000, 0x0000000086900000| Untracked 
| 106|0x0000000086a00000, 0x0000000086a00000, 0x0000000086b00000|  0%| F|  |TAMS 0x0000000086a00000, 0x0000000086a00000| Untracked 
| 107|0x0000000086b00000, 0x0000000086b00000, 0x0000000086c00000|  0%| F|  |TAMS 0x0000000086b00000, 0x0000000086b00000| Untracked 
| 108|0x0000000086c00000, 0x0000000086c00000, 0x0000000086d00000|  0%| F|  |TAMS 0x0000000086c00000, 0x0000000086c00000| Untracked 
| 109|0x0000000086d00000, 0x0000000086d839d0, 0x0000000086e00000| 51%| S|CS|TAMS 0x0000000086d00000, 0x0000000086d00000| Complete 
| 110|0x0000000086e00000, 0x0000000086f00000, 0x0000000086f00000|100%| S|CS|TAMS 0x0000000086e00000, 0x0000000086e00000| Complete 
| 111|0x0000000086f00000, 0x0000000086f00000, 0x0000000087000000|  0%| F|  |TAMS 0x0000000086f00000, 0x0000000086f00000| Untracked 
| 112|0x0000000087000000, 0x0000000087000000, 0x0000000087100000|  0%| F|  |TAMS 0x0000000087000000, 0x0000000087000000| Untracked 
| 113|0x0000000087100000, 0x0000000087100000, 0x0000000087200000|  0%| F|  |TAMS 0x0000000087100000, 0x0000000087100000| Untracked 
| 114|0x0000000087200000, 0x0000000087200000, 0x0000000087300000|  0%| F|  |TAMS 0x0000000087200000, 0x0000000087200000| Untracked 
| 115|0x0000000087300000, 0x0000000087300000, 0x0000000087400000|  0%| F|  |TAMS 0x0000000087300000, 0x0000000087300000| Untracked 
| 116|0x0000000087400000, 0x0000000087400000, 0x0000000087500000|  0%| F|  |TAMS 0x0000000087400000, 0x0000000087400000| Untracked 
| 117|0x0000000087500000, 0x0000000087500000, 0x0000000087600000|  0%| F|  |TAMS 0x0000000087500000, 0x0000000087500000| Untracked 
| 118|0x0000000087600000, 0x0000000087600000, 0x0000000087700000|  0%| F|  |TAMS 0x0000000087600000, 0x0000000087600000| Untracked 
| 119|0x0000000087700000, 0x0000000087700000, 0x0000000087800000|  0%| F|  |TAMS 0x0000000087700000, 0x0000000087700000| Untracked 
| 120|0x0000000087800000, 0x0000000087800000, 0x0000000087900000|  0%| F|  |TAMS 0x0000000087800000, 0x0000000087800000| Untracked 
| 121|0x0000000087900000, 0x0000000087900000, 0x0000000087a00000|  0%| F|  |TAMS 0x0000000087900000, 0x0000000087900000| Untracked 
| 122|0x0000000087a00000, 0x0000000087a00000, 0x0000000087b00000|  0%| F|  |TAMS 0x0000000087a00000, 0x0000000087a00000| Untracked 
| 123|0x0000000087b00000, 0x0000000087b00000, 0x0000000087c00000|  0%| F|  |TAMS 0x0000000087b00000, 0x0000000087b00000| Untracked 
| 124|0x0000000087c00000, 0x0000000087c00000, 0x0000000087d00000|  0%| F|  |TAMS 0x0000000087c00000, 0x0000000087c00000| Untracked 
| 125|0x0000000087d00000, 0x0000000087d00000, 0x0000000087e00000|  0%| F|  |TAMS 0x0000000087d00000, 0x0000000087d00000| Untracked 
| 126|0x0000000087e00000, 0x0000000087e00000, 0x0000000087f00000|  0%| F|  |TAMS 0x0000000087e00000, 0x0000000087e00000| Untracked 
| 127|0x0000000087f00000, 0x0000000087f00000, 0x0000000088000000|  0%| F|  |TAMS 0x0000000087f00000, 0x0000000087f00000| Untracked 
| 128|0x0000000088000000, 0x0000000088000000, 0x0000000088100000|  0%| F|  |TAMS 0x0000000088000000, 0x0000000088000000| Untracked 
| 129|0x0000000088100000, 0x0000000088100000, 0x0000000088200000|  0%| F|  |TAMS 0x0000000088100000, 0x0000000088100000| Untracked 
| 130|0x0000000088200000, 0x0000000088200000, 0x0000000088300000|  0%| F|  |TAMS 0x0000000088200000, 0x0000000088200000| Untracked 
| 131|0x0000000088300000, 0x0000000088300000, 0x0000000088400000|  0%| F|  |TAMS 0x0000000088300000, 0x0000000088300000| Untracked 
| 132|0x0000000088400000, 0x0000000088400000, 0x0000000088500000|  0%| F|  |TAMS 0x0000000088400000, 0x0000000088400000| Untracked 
| 133|0x0000000088500000, 0x0000000088500000, 0x0000000088600000|  0%| F|  |TAMS 0x0000000088500000, 0x0000000088500000| Untracked 
| 134|0x0000000088600000, 0x0000000088600000, 0x0000000088700000|  0%| F|  |TAMS 0x0000000088600000, 0x0000000088600000| Untracked 
| 135|0x0000000088700000, 0x0000000088700000, 0x0000000088800000|  0%| F|  |TAMS 0x0000000088700000, 0x0000000088700000| Untracked 
| 136|0x0000000088800000, 0x0000000088800000, 0x0000000088900000|  0%| F|  |TAMS 0x0000000088800000, 0x0000000088800000| Untracked 
| 137|0x0000000088900000, 0x0000000088900000, 0x0000000088a00000|  0%| F|  |TAMS 0x0000000088900000, 0x0000000088900000| Untracked 
| 138|0x0000000088a00000, 0x0000000088a80800, 0x0000000088b00000| 50%| E|  |TAMS 0x0000000088a00000, 0x0000000088a00000| Complete 
| 139|0x0000000088b00000, 0x0000000088c00000, 0x0000000088c00000|100%| E|CS|TAMS 0x0000000088b00000, 0x0000000088b00000| Complete 
| 140|0x0000000088c00000, 0x0000000088d00000, 0x0000000088d00000|100%| E|CS|TAMS 0x0000000088c00000, 0x0000000088c00000| Complete 
| 141|0x0000000088d00000, 0x0000000088e00000, 0x0000000088e00000|100%| E|CS|TAMS 0x0000000088d00000, 0x0000000088d00000| Complete 
| 142|0x0000000088e00000, 0x0000000088f00000, 0x0000000088f00000|100%| E|CS|TAMS 0x0000000088e00000, 0x0000000088e00000| Complete 
| 143|0x0000000088f00000, 0x0000000089000000, 0x0000000089000000|100%| E|CS|TAMS 0x0000000088f00000, 0x0000000088f00000| Complete 
| 144|0x0000000089000000, 0x0000000089100000, 0x0000000089100000|100%| E|CS|TAMS 0x0000000089000000, 0x0000000089000000| Complete 
| 145|0x0000000089100000, 0x0000000089200000, 0x0000000089200000|100%| E|CS|TAMS 0x0000000089100000, 0x0000000089100000| Complete 
| 146|0x0000000089200000, 0x0000000089300000, 0x0000000089300000|100%| E|CS|TAMS 0x0000000089200000, 0x0000000089200000| Complete 
| 147|0x0000000089300000, 0x0000000089400000, 0x0000000089400000|100%| E|CS|TAMS 0x0000000089300000, 0x0000000089300000| Complete 
| 148|0x0000000089400000, 0x0000000089500000, 0x0000000089500000|100%| E|CS|TAMS 0x0000000089400000, 0x0000000089400000| Complete 
| 149|0x0000000089500000, 0x0000000089600000, 0x0000000089600000|100%| E|CS|TAMS 0x0000000089500000, 0x0000000089500000| Complete 
| 150|0x0000000089600000, 0x0000000089700000, 0x0000000089700000|100%| E|CS|TAMS 0x0000000089600000, 0x0000000089600000| Complete 
| 151|0x0000000089700000, 0x0000000089800000, 0x0000000089800000|100%| E|CS|TAMS 0x0000000089700000, 0x0000000089700000| Complete 
| 152|0x0000000089800000, 0x0000000089900000, 0x0000000089900000|100%| E|CS|TAMS 0x0000000089800000, 0x0000000089800000| Complete 
| 153|0x0000000089900000, 0x0000000089a00000, 0x0000000089a00000|100%| E|CS|TAMS 0x0000000089900000, 0x0000000089900000| Complete 
| 154|0x0000000089a00000, 0x0000000089b00000, 0x0000000089b00000|100%| E|CS|TAMS 0x0000000089a00000, 0x0000000089a00000| Complete 
| 155|0x0000000089b00000, 0x0000000089c00000, 0x0000000089c00000|100%| E|CS|TAMS 0x0000000089b00000, 0x0000000089b00000| Complete 
| 156|0x0000000089c00000, 0x0000000089d00000, 0x0000000089d00000|100%| E|CS|TAMS 0x0000000089c00000, 0x0000000089c00000| Complete 
| 157|0x0000000089d00000, 0x0000000089e00000, 0x0000000089e00000|100%| E|CS|TAMS 0x0000000089d00000, 0x0000000089d00000| Complete 
| 158|0x0000000089e00000, 0x0000000089f00000, 0x0000000089f00000|100%| E|CS|TAMS 0x0000000089e00000, 0x0000000089e00000| Complete 
| 159|0x0000000089f00000, 0x000000008a000000, 0x000000008a000000|100%| E|CS|TAMS 0x0000000089f00000, 0x0000000089f00000| Complete 
| 160|0x000000008a000000, 0x000000008a100000, 0x000000008a100000|100%| E|CS|TAMS 0x000000008a000000, 0x000000008a000000| Complete 
| 161|0x000000008a100000, 0x000000008a200000, 0x000000008a200000|100%| E|CS|TAMS 0x000000008a100000, 0x000000008a100000| Complete 
| 162|0x000000008a200000, 0x000000008a300000, 0x000000008a300000|100%| E|CS|TAMS 0x000000008a200000, 0x000000008a200000| Complete 
| 163|0x000000008a300000, 0x000000008a400000, 0x000000008a400000|100%| E|CS|TAMS 0x000000008a300000, 0x000000008a300000| Complete 
| 164|0x000000008a400000, 0x000000008a500000, 0x000000008a500000|100%| E|CS|TAMS 0x000000008a400000, 0x000000008a400000| Complete 
| 165|0x000000008a500000, 0x000000008a600000, 0x000000008a600000|100%| E|CS|TAMS 0x000000008a500000, 0x000000008a500000| Complete 
| 166|0x000000008a600000, 0x000000008a700000, 0x000000008a700000|100%| E|CS|TAMS 0x000000008a600000, 0x000000008a600000| Complete 
| 167|0x000000008a700000, 0x000000008a800000, 0x000000008a800000|100%| E|CS|TAMS 0x000000008a700000, 0x000000008a700000| Complete 
| 168|0x000000008a800000, 0x000000008a900000, 0x000000008a900000|100%| E|CS|TAMS 0x000000008a800000, 0x000000008a800000| Complete 
| 169|0x000000008a900000, 0x000000008aa00000, 0x000000008aa00000|100%| E|CS|TAMS 0x000000008a900000, 0x000000008a900000| Complete 
| 170|0x000000008aa00000, 0x000000008ab00000, 0x000000008ab00000|100%| E|CS|TAMS 0x000000008aa00000, 0x000000008aa00000| Complete 
| 171|0x000000008ab00000, 0x000000008ac00000, 0x000000008ac00000|100%| E|CS|TAMS 0x000000008ab00000, 0x000000008ab00000| Complete 
| 172|0x000000008ac00000, 0x000000008ad00000, 0x000000008ad00000|100%| E|CS|TAMS 0x000000008ac00000, 0x000000008ac00000| Complete 

Card table byte_map: [0x000001d676ee0000,0x000001d6772e0000] _byte_map_base: 0x000001d676ae0000

Marking Bits (Prev, Next): (CMBitMap*) 0x000001d67143e530, (CMBitMap*) 0x000001d67143e4f0
 Prev Bits: [0x000001d6796e0000, 0x000001d67b6e0000)
 Next Bits: [0x000001d6776e0000, 0x000001d6796e0000)

Polling page: 0x000001d671280000

Metaspace:

Usage:
  Non-class:     46.74 MB used.
      Class:      7.16 MB used.
       Both:     53.90 MB used.

Virtual space:
  Non-class space:       48.00 MB reserved,      47.00 MB ( 98%) committed,  6 nodes.
      Class space:        1.00 GB reserved,       7.44 MB ( <1%) committed,  1 nodes.
             Both:        1.05 GB reserved,      54.44 MB (  5%) committed. 

Chunk freelists:
   Non-Class:  140.00 KB
       Class:  510.00 KB
        Both:  650.00 KB

MaxMetaspaceSize: unlimited
CompressedClassSpaceSize: 1.00 GB
Initial GC threshold: 21.00 MB
Current GC threshold: 85.44 MB
CDS: off
MetaspaceReclaimPolicy: balanced
 - commit_granule_bytes: 65536.
 - commit_granule_words: 8192.
 - virtual_space_node_default_size: 1048576.
 - enlarge_chunks_in_place: 1.
 - new_chunks_are_fully_committed: 0.
 - uncommit_free_chunks: 1.
 - use_allocation_guard: 0.
 - handle_deallocations: 1.


Internal statistics:

num_allocs_failed_limit: 3.
num_arena_births: 496.
num_arena_deaths: 0.
num_vsnodes_births: 7.
num_vsnodes_deaths: 0.
num_space_committed: 871.
num_space_uncommitted: 0.
num_chunks_returned_to_freelist: 3.
num_chunks_taken_from_freelist: 2278.
num_chunk_merges: 3.
num_chunk_splits: 1490.
num_chunks_enlarged: 1037.
num_purges: 0.
num_inconsistent_stats: 0.

CodeHeap 'non-profiled nmethods': size=120000Kb used=2280Kb max_used=2280Kb free=117719Kb
 bounds [0x000001d607ad0000, 0x000001d607d40000, 0x000001d60f000000]
CodeHeap 'profiled nmethods': size=120000Kb used=10098Kb max_used=10098Kb free=109901Kb
 bounds [0x000001d600000000, 0x000001d6009e0000, 0x000001d607530000]
CodeHeap 'non-nmethods': size=5760Kb used=2329Kb max_used=2362Kb free=3430Kb
 bounds [0x000001d607530000, 0x000001d6077a0000, 0x000001d607ad0000]
 total_blobs=5924 nmethods=5087 adapters=749
 compilation: enabled
              stopped_count=0, restarted_count=0
 full_count=0

Compilation events (20 events):
Event: 6.685 Thread 0x000001d67ec2e460 5182       2       java.util.LinkedList$ListItr::set (28 bytes)
Event: 6.685 Thread 0x000001d67ec2e460 nmethod 5182 0x000001d6009d6990 code [0x000001d6009d6b60, 0x000001d6009d6e58]
Event: 6.685 Thread 0x000001d67ec2e460 5183       2       org.codehaus.groovy.util.ManagedConcurrentLinkedQueue::add (20 bytes)
Event: 6.685 Thread 0x000001d67ec2e460 nmethod 5183 0x000001d6009d7010 code [0x000001d6009d71c0, 0x000001d6009d73f8]
Event: 6.685 Thread 0x000001d67ec2e460 5184       2       org.codehaus.groovy.util.ManagedConcurrentLinkedQueue$Element::<init> (15 bytes)
Event: 6.686 Thread 0x000001d67ec2e460 nmethod 5184 0x000001d6009d7590 code [0x000001d6009d7740, 0x000001d6009d78c8]
Event: 6.687 Thread 0x000001d67ec2e460 5185       2       java.lang.invoke.MethodHandles::makeIdentity (23 bytes)
Event: 6.688 Thread 0x000001d67ec2e460 nmethod 5185 0x000001d6009d7a10 code [0x000001d6009d7c20, 0x000001d6009d8088]
Event: 6.688 Thread 0x000001d67ec2e460 5186       2       java.lang.invoke.LambdaForm::identityForm (27 bytes)
Event: 6.688 Thread 0x000001d67ec2e460 nmethod 5186 0x000001d6009d8390 code [0x000001d6009d8540, 0x000001d6009d86c8]
Event: 6.688 Thread 0x000001d67ec2e460 5187       2       java.lang.invoke.MethodHandles::constant (88 bytes)
Event: 6.689 Thread 0x000001d67ec2e460 nmethod 5187 0x000001d6009d8810 code [0x000001d6009d8aa0, 0x000001d6009d9278]
Event: 6.690 Thread 0x000001d67ec2e460 5188       2       org.gradle.internal.instantiation.generator.AbstractClassGenerator$ClassGenerationHandler::hasFields (1 bytes)
Event: 6.690 Thread 0x000001d67ec2e460 nmethod 5188 0x000001d6009d9690 code [0x000001d6009d9820, 0x000001d6009d9918]
Event: 6.691 Thread 0x000001d67ec2e460 5189       2       org.gradle.model.internal.asm.MethodVisitorScope::_ASTORE (8 bytes)
Event: 6.691 Thread 0x000001d67ec2e460 nmethod 5189 0x000001d6009d9990 code [0x000001d6009d9b20, 0x000001d6009d9c68]
Event: 6.692 Thread 0x000001d67ec2e460 5190       2       org.gradle.model.internal.asm.MethodVisitorScope::_DUP (7 bytes)
Event: 6.692 Thread 0x000001d67ec2e460 nmethod 5190 0x000001d6009d9d10 code [0x000001d6009d9ea0, 0x000001d6009d9fe8]
Event: 6.697 Thread 0x000001d67ec2e460 5191       2       java.lang.String::codePointAt (50 bytes)
Event: 6.697 Thread 0x000001d67ec2e460 nmethod 5191 0x000001d6009da090 code [0x000001d6009da260, 0x000001d6009da488]

GC Heap History (20 events):
Event: 3.364 GC heap before
{Heap before GC invocations=11 (full 0):
 garbage-first heap   total 101376K, used 53761K [0x0000000080000000, 0x0000000100000000)
  region size 1024K, 2 young (2048K), 1 survivors (1024K)
 Metaspace       used 29396K, committed 29760K, reserved 1081344K
  class space    used 3996K, committed 4160K, reserved 1048576K
}
Event: 3.365 GC heap after
{Heap after GC invocations=12 (full 0):
 garbage-first heap   total 101376K, used 53727K [0x0000000080000000, 0x0000000100000000)
  region size 1024K, 1 young (1024K), 1 survivors (1024K)
 Metaspace       used 29396K, committed 29760K, reserved 1081344K
  class space    used 3996K, committed 4160K, reserved 1048576K
}
Event: 3.908 GC heap before
{Heap before GC invocations=13 (full 0):
 garbage-first heap   total 101376K, used 80351K [0x0000000080000000, 0x0000000100000000)
  region size 1024K, 26 young (26624K), 1 survivors (1024K)
 Metaspace       used 32734K, committed 33088K, reserved 1081344K
  class space    used 4536K, committed 4672K, reserved 1048576K
}
Event: 3.911 GC heap after
{Heap after GC invocations=14 (full 0):
 garbage-first heap   total 101376K, used 55950K [0x0000000080000000, 0x0000000100000000)
  region size 1024K, 2 young (2048K), 2 survivors (2048K)
 Metaspace       used 32734K, committed 33088K, reserved 1081344K
  class space    used 4536K, committed 4672K, reserved 1048576K
}
Event: 4.335 GC heap before
{Heap before GC invocations=14 (full 0):
 garbage-first heap   total 101376K, used 80526K [0x0000000080000000, 0x0000000100000000)
  region size 1024K, 26 young (26624K), 2 survivors (2048K)
 Metaspace       used 37315K, committed 37696K, reserved 1089536K
  class space    used 5137K, committed 5312K, reserved 1048576K
}
Event: 4.339 GC heap after
{Heap after GC invocations=15 (full 0):
 garbage-first heap   total 101376K, used 57787K [0x0000000080000000, 0x0000000100000000)
  region size 1024K, 4 young (4096K), 4 survivors (4096K)
 Metaspace       used 37315K, committed 37696K, reserved 1089536K
  class space    used 5137K, committed 5312K, reserved 1048576K
}
Event: 4.697 GC heap before
{Heap before GC invocations=16 (full 0):
 garbage-first heap   total 101376K, used 80315K [0x0000000080000000, 0x0000000100000000)
  region size 1024K, 27 young (27648K), 4 survivors (4096K)
 Metaspace       used 41658K, committed 42048K, reserved 1089536K
  class space    used 5576K, committed 5760K, reserved 1048576K
}
Event: 4.702 GC heap after
{Heap after GC invocations=17 (full 0):
 garbage-first heap   total 101376K, used 61230K [0x0000000080000000, 0x0000000100000000)
  region size 1024K, 4 young (4096K), 4 survivors (4096K)
 Metaspace       used 41658K, committed 42048K, reserved 1089536K
  class space    used 5576K, committed 5760K, reserved 1048576K
}
Event: 4.799 GC heap before
{Heap before GC invocations=17 (full 0):
 garbage-first heap   total 101376K, used 72494K [0x0000000080000000, 0x0000000100000000)
  region size 1024K, 17 young (17408K), 4 survivors (4096K)
 Metaspace       used 42132K, committed 42560K, reserved 1089536K
  class space    used 5622K, committed 5824K, reserved 1048576K
}
Event: 4.803 GC heap after
{Heap after GC invocations=18 (full 0):
 garbage-first heap   total 101376K, used 63511K [0x0000000080000000, 0x0000000100000000)
  region size 1024K, 3 young (3072K), 3 survivors (3072K)
 Metaspace       used 42132K, committed 42560K, reserved 1089536K
  class space    used 5622K, committed 5824K, reserved 1048576K
}
Event: 5.122 GC heap before
{Heap before GC invocations=19 (full 0):
 garbage-first heap   total 116736K, used 85015K [0x0000000080000000, 0x0000000100000000)
  region size 1024K, 21 young (21504K), 3 survivors (3072K)
 Metaspace       used 45043K, committed 45440K, reserved 1089536K
  class space    used 5967K, committed 6144K, reserved 1048576K
}
Event: 5.125 GC heap after
{Heap after GC invocations=20 (full 0):
 garbage-first heap   total 116736K, used 64565K [0x0000000080000000, 0x0000000100000000)
  region size 1024K, 2 young (2048K), 2 survivors (2048K)
 Metaspace       used 45043K, committed 45440K, reserved 1089536K
  class space    used 5967K, committed 6144K, reserved 1048576K
}
Event: 5.354 GC heap before
{Heap before GC invocations=20 (full 0):
 garbage-first heap   total 116736K, used 74805K [0x0000000080000000, 0x0000000100000000)
  region size 1024K, 13 young (13312K), 2 survivors (2048K)
 Metaspace       used 46069K, committed 46528K, reserved 1089536K
  class space    used 6129K, committed 6336K, reserved 1048576K
}
Event: 5.357 GC heap after
{Heap after GC invocations=21 (full 0):
 garbage-first heap   total 116736K, used 66205K [0x0000000080000000, 0x0000000100000000)
  region size 1024K, 3 young (3072K), 3 survivors (3072K)
 Metaspace       used 46069K, committed 46528K, reserved 1089536K
  class space    used 6129K, committed 6336K, reserved 1048576K
}
Event: 5.855 GC heap before
{Heap before GC invocations=22 (full 0):
 garbage-first heap   total 137216K, used 116381K [0x0000000080000000, 0x0000000100000000)
  region size 1024K, 31 young (31744K), 3 survivors (3072K)
 Metaspace       used 49716K, committed 50176K, reserved 1097728K
  class space    used 6585K, committed 6784K, reserved 1048576K
}
Event: 5.860 GC heap after
{Heap after GC invocations=23 (full 0):
 garbage-first heap   total 137216K, used 91268K [0x0000000080000000, 0x0000000100000000)
  region size 1024K, 4 young (4096K), 4 survivors (4096K)
 Metaspace       used 49716K, committed 50176K, reserved 1097728K
  class space    used 6585K, committed 6784K, reserved 1048576K
}
Event: 5.890 GC heap before
{Heap before GC invocations=23 (full 0):
 garbage-first heap   total 137216K, used 93316K [0x0000000080000000, 0x0000000100000000)
  region size 1024K, 6 young (6144K), 4 survivors (4096K)
 Metaspace       used 50154K, committed 50624K, reserved 1097728K
  class space    used 6652K, committed 6848K, reserved 1048576K
}
Event: 5.893 GC heap after
{Heap after GC invocations=24 (full 0):
 garbage-first heap   total 137216K, used 91710K [0x0000000080000000, 0x0000000100000000)
  region size 1024K, 1 young (1024K), 1 survivors (1024K)
 Metaspace       used 50154K, committed 50624K, reserved 1097728K
  class space    used 6652K, committed 6848K, reserved 1048576K
}
Event: 6.141 GC heap before
{Heap before GC invocations=24 (full 0):
 garbage-first heap   total 137216K, used 113214K [0x0000000080000000, 0x0000000100000000)
  region size 1024K, 23 young (23552K), 1 survivors (1024K)
 Metaspace       used 51821K, committed 52288K, reserved 1097728K
  class space    used 6889K, committed 7104K, reserved 1048576K
}
Event: 6.144 GC heap after
{Heap after GC invocations=25 (full 0):
 garbage-first heap   total 177152K, used 92869K [0x0000000080000000, 0x0000000100000000)
  region size 1024K, 2 young (2048K), 2 survivors (2048K)
 Metaspace       used 51821K, committed 52288K, reserved 1097728K
  class space    used 6889K, committed 7104K, reserved 1048576K
}

Dll operation events (2 events):
Event: 0.013 Loaded shared library C:\Program Files\Android\Android Studio\jbr\bin\java.dll
Event: 0.409 Loaded shared library C:\Program Files\Android\Android Studio\jbr\bin\verify.dll

Deoptimization events (20 events):
Event: 6.520 Thread 0x000001d60fd1a750 DEOPT PACKING pc=0x000001d60007f85a sp=0x00000033120f6610
Event: 6.520 Thread 0x000001d60fd1a750 DEOPT UNPACKING pc=0x000001d60758ace3 sp=0x00000033120f5b08 mode 0
Event: 6.525 Thread 0x000001d60fd1a750 DEOPT PACKING pc=0x000001d600083b09 sp=0x00000033120f7360
Event: 6.525 Thread 0x000001d60fd1a750 DEOPT UNPACKING pc=0x000001d60758ace3 sp=0x00000033120f6858 mode 0
Event: 6.534 Thread 0x000001d60fd1a750 Uncommon trap: trap_request=0xffffffde fr.pc=0x000001d607af1ba4 relative=0x00000000000001a4
Event: 6.534 Thread 0x000001d60fd1a750 Uncommon trap: reason=class_check action=maybe_recompile pc=0x000001d607af1ba4 method=java.lang.String.equals(Ljava/lang/Object;)Z @ 8 c2
Event: 6.534 Thread 0x000001d60fd1a750 DEOPT PACKING pc=0x000001d607af1ba4 sp=0x00000033120f7910
Event: 6.534 Thread 0x000001d60fd1a750 DEOPT UNPACKING pc=0x000001d60758a1a3 sp=0x00000033120f78b8 mode 2
Event: 6.534 Thread 0x000001d60fd1a750 Uncommon trap: trap_request=0xffffffde fr.pc=0x000001d607af1ba4 relative=0x00000000000001a4
Event: 6.534 Thread 0x000001d60fd1a750 Uncommon trap: reason=class_check action=maybe_recompile pc=0x000001d607af1ba4 method=java.lang.String.equals(Ljava/lang/Object;)Z @ 8 c2
Event: 6.534 Thread 0x000001d60fd1a750 DEOPT PACKING pc=0x000001d607af1ba4 sp=0x00000033120f7870
Event: 6.534 Thread 0x000001d60fd1a750 DEOPT UNPACKING pc=0x000001d60758a1a3 sp=0x00000033120f7818 mode 2
Event: 6.558 Thread 0x000001d60fd1a750 Uncommon trap: trap_request=0xffffffde fr.pc=0x000001d607af1ba4 relative=0x00000000000001a4
Event: 6.558 Thread 0x000001d60fd1a750 Uncommon trap: reason=class_check action=maybe_recompile pc=0x000001d607af1ba4 method=java.lang.String.equals(Ljava/lang/Object;)Z @ 8 c2
Event: 6.558 Thread 0x000001d60fd1a750 DEOPT PACKING pc=0x000001d607af1ba4 sp=0x00000033120f7530
Event: 6.558 Thread 0x000001d60fd1a750 DEOPT UNPACKING pc=0x000001d60758a1a3 sp=0x00000033120f74d8 mode 2
Event: 6.606 Thread 0x000001d6120cae80 Uncommon trap: trap_request=0xffffff45 fr.pc=0x000001d607b8e1b8 relative=0x0000000000000218
Event: 6.606 Thread 0x000001d6120cae80 Uncommon trap: reason=unstable_if action=reinterpret pc=0x000001d607b8e1b8 method=java.util.StringTokenizer.scanToken(I)I @ 42 c2
Event: 6.607 Thread 0x000001d6120cae80 DEOPT PACKING pc=0x000001d607b8e1b8 sp=0x00000033132fe140
Event: 6.607 Thread 0x000001d6120cae80 DEOPT UNPACKING pc=0x000001d60758a1a3 sp=0x00000033132fe0d0 mode 2

Classes unloaded (0 events):
No events

Classes redefined (0 events):
No events

Internal exceptions (20 events):
Event: 6.657 Thread 0x000001d60fd1a750 Exception <a 'java/lang/ClassNotFoundException'{0x000000008916bbd0}: java/lang/EnumCustomizer> (0x000000008916bbd0) 
thrown [s\src\hotspot\share\classfile\systemDictionary.cpp, line 256]
Event: 6.658 Thread 0x000001d60fd1a750 Exception <a 'java/lang/ClassNotFoundException'{0x00000000891862b0}: org/gradle/api/initialization/resolve/RepositoriesModeCustomizer> (0x00000000891862b0) 
thrown [s\src\hotspot\share\classfile\systemDictionary.cpp, line 256]
Event: 6.661 Thread 0x000001d60fd1a750 Exception <a 'java/lang/ClassNotFoundException'{0x00000000891eca20}: org/gradle/api/internal/provider/DefaultPropertyBeanInfo> (0x00000000891eca20) 
thrown [s\src\hotspot\share\classfile\systemDictionary.cpp, line 256]
Event: 6.662 Thread 0x000001d60fd1a750 Exception <a 'java/lang/ClassNotFoundException'{0x00000000891fe980}: org/gradle/api/internal/provider/AbstractPropertyBeanInfo> (0x00000000891fe980) 
thrown [s\src\hotspot\share\classfile\systemDictionary.cpp, line 256]
Event: 6.662 Thread 0x000001d60fd1a750 Exception <a 'java/lang/ClassNotFoundException'{0x0000000089010ee8}: org/gradle/api/internal/provider/AbstractMinimalProviderBeanInfo> (0x0000000089010ee8) 
thrown [s\src\hotspot\share\classfile\systemDictionary.cpp, line 256]
Event: 6.663 Thread 0x000001d60fd1a750 Exception <a 'java/lang/ClassNotFoundException'{0x0000000089022f58}: org/gradle/api/internal/provider/AbstractMinimalProviderCustomizer> (0x0000000089022f58) 
thrown [s\src\hotspot\share\classfile\systemDictionary.cpp, line 256]
Event: 6.664 Thread 0x000001d60fd1a750 Exception <a 'java/lang/ClassNotFoundException'{0x000000008904e360}: org/gradle/api/internal/provider/AbstractPropertyCustomizer> (0x000000008904e360) 
thrown [s\src\hotspot\share\classfile\systemDictionary.cpp, line 256]
Event: 6.665 Thread 0x000001d60fd1a750 Exception <a 'java/lang/ClassNotFoundException'{0x000000008906cde0}: org/gradle/api/internal/provider/DefaultPropertyCustomizer> (0x000000008906cde0) 
thrown [s\src\hotspot\share\classfile\systemDictionary.cpp, line 256]
Event: 6.673 Thread 0x000001d60fd1a750 Exception <a 'java/lang/ClassNotFoundException'{0x0000000088f3bb40}: org/gradle/api/internal/artifacts/repositories/DefaultMavenArtifactRepository_DecoratedBeanInfo> (0x0000000088f3bb40) 
thrown [s\src\hotspot\share\classfile\systemDictionary.cpp, line 256]
Event: 6.674 Thread 0x000001d60fd1a750 Exception <a 'java/lang/ClassNotFoundException'{0x0000000088f56678}: org/gradle/api/internal/artifacts/repositories/DefaultMavenArtifactRepositoryBeanInfo> (0x0000000088f56678) 
thrown [s\src\hotspot\share\classfile\systemDictionary.cpp, line 256]
Event: 6.674 Thread 0x000001d60fd1a750 Exception <a 'java/lang/ClassNotFoundException'{0x0000000088f71498}: org/gradle/api/internal/artifacts/repositories/AbstractAuthenticationSupportedRepositoryBeanInfo> (0x0000000088f71498) 
thrown [s\src\hotspot\share\classfile\systemDictionary.cpp, line 256]
Event: 6.675 Thread 0x000001d60fd1a750 Exception <a 'java/lang/ClassNotFoundException'{0x0000000088f8c7f8}: org/gradle/api/internal/artifacts/repositories/AbstractResolutionAwareArtifactRepositoryBeanInfo> (0x0000000088f8c7f8) 
thrown [s\src\hotspot\share\classfile\systemDictionary.cpp, line 256]
Event: 6.675 Thread 0x000001d60fd1a750 Exception <a 'java/lang/ClassNotFoundException'{0x0000000088fa75b0}: org/gradle/api/internal/artifacts/repositories/AbstractArtifactRepositoryBeanInfo> (0x0000000088fa75b0) 
thrown [s\src\hotspot\share\classfile\systemDictionary.cpp, line 256]
Event: 6.676 Thread 0x000001d60fd1a750 Exception <a 'java/lang/ClassNotFoundException'{0x0000000088fc2358}: org/gradle/api/internal/artifacts/repositories/AbstractArtifactRepositoryCustomizer> (0x0000000088fc2358) 
thrown [s\src\hotspot\share\classfile\systemDictionary.cpp, line 256]
Event: 6.678 Thread 0x000001d60fd1a750 Exception <a 'java/lang/ClassNotFoundException'{0x0000000088ff91b0}: org/gradle/api/internal/artifacts/repositories/AbstractResolutionAwareArtifactRepositoryCustomizer> (0x0000000088ff91b0) 
thrown [s\src\hotspot\share\classfile\systemDictionary.cpp, line 256]
Event: 6.679 Thread 0x000001d60fd1a750 Exception <a 'java/lang/ClassNotFoundException'{0x0000000088e1d010}: org/gradle/api/internal/artifacts/repositories/AbstractAuthenticationSupportedRepositoryCustomizer> (0x0000000088e1d010) 
thrown [s\src\hotspot\share\classfile\systemDictionary.cpp, line 256]
Event: 6.680 Thread 0x000001d60fd1a750 Exception <a 'java/lang/ClassNotFoundException'{0x0000000088e48ca8}: org/gradle/api/internal/artifacts/repositories/DefaultMavenArtifactRepositoryCustomizer> (0x0000000088e48ca8) 
thrown [s\src\hotspot\share\classfile\systemDictionary.cpp, line 256]
Event: 6.681 Thread 0x000001d60fd1a750 Exception <a 'java/lang/ClassNotFoundException'{0x0000000088e7f4c0}: org/gradle/api/internal/artifacts/repositories/DefaultMavenArtifactRepository_DecoratedCustomizer> (0x0000000088e7f4c0) 
thrown [s\src\hotspot\share\classfile\systemDictionary.cpp, line 256]
Event: 6.684 Thread 0x000001d60fd1a750 Exception <a 'java/lang/ClassNotFoundException'{0x0000000088eeef98}: org/gradle/initialization/DefaultProjectDescriptorBeanInfo> (0x0000000088eeef98) 
thrown [s\src\hotspot\share\classfile\systemDictionary.cpp, line 256]
Event: 6.684 Thread 0x000001d60fd1a750 Exception <a 'java/lang/ClassNotFoundException'{0x0000000088eff1c0}: org/gradle/initialization/DefaultProjectDescriptorCustomizer> (0x0000000088eff1c0) 
thrown [s\src\hotspot\share\classfile\systemDictionary.cpp, line 256]

VM Operations (20 events):
Event: 6.177 Executing VM operation: HandshakeAllThreads
Event: 6.177 Executing VM operation: HandshakeAllThreads done
Event: 6.177 Executing VM operation: G1Concurrent
Event: 6.179 Executing VM operation: G1Concurrent done
Event: 6.194 Executing VM operation: G1Concurrent
Event: 6.194 Executing VM operation: G1Concurrent done
Event: 6.235 Executing VM operation: HandshakeAllThreads
Event: 6.235 Executing VM operation: HandshakeAllThreads done
Event: 6.288 Executing VM operation: HandshakeAllThreads
Event: 6.288 Executing VM operation: HandshakeAllThreads done
Event: 6.362 Executing VM operation: HandshakeAllThreads
Event: 6.362 Executing VM operation: HandshakeAllThreads done
Event: 6.532 Executing VM operation: ICBufferFull
Event: 6.532 Executing VM operation: ICBufferFull done
Event: 6.546 Executing VM operation: HandshakeAllThreads
Event: 6.547 Executing VM operation: HandshakeAllThreads done
Event: 6.616 Executing VM operation: HandshakeAllThreads
Event: 6.616 Executing VM operation: HandshakeAllThreads done
Event: 6.620 Executing VM operation: HandshakeAllThreads
Event: 6.620 Executing VM operation: HandshakeAllThreads done

Events (20 events):
Event: 6.619 loading class java/nio/StringCharBuffer
Event: 6.619 loading class java/nio/StringCharBuffer done
Event: 6.637 loading class java/nio/file/StandardCopyOption
Event: 6.638 loading class java/nio/file/StandardCopyOption done
Event: 6.638 loading class sun/nio/fs/WindowsFileCopy
Event: 6.638 loading class sun/nio/fs/WindowsFileCopy done
Event: 6.656 loading class java/lang/EnumBeanInfo
Event: 6.656 loading class java/lang/EnumBeanInfo done
Event: 6.656 loading class java/lang/EnumBeanInfo
Event: 6.656 loading class java/lang/EnumBeanInfo done
Event: 6.656 loading class java/lang/EnumCustomizer
Event: 6.656 loading class java/lang/EnumCustomizer done
Event: 6.657 loading class java/lang/EnumCustomizer
Event: 6.657 loading class java/lang/EnumCustomizer done
Event: 6.694 loading class java/util/zip/GZIPInputStream
Event: 6.694 loading class java/util/zip/GZIPInputStream done
Event: 6.694 loading class java/util/zip/GZIPOutputStream
Event: 6.694 loading class java/util/zip/GZIPOutputStream done
Event: 6.697 loading class java/lang/ThreadLocal$SuppliedThreadLocal
Event: 6.697 loading class java/lang/ThreadLocal$SuppliedThreadLocal done


Dynamic libraries:
0x00007ff636690000 - 0x00007ff63669a000 	C:\Program Files\Android\Android Studio\jbr\bin\java.exe
0x00007ffd405d0000 - 0x00007ffd407c7000 	C:\WINDOWS\SYSTEM32\ntdll.dll
0x00007ffd3e8f0000 - 0x00007ffd3e9ad000 	C:\WINDOWS\System32\KERNEL32.DLL
0x00007ffd3dfd0000 - 0x00007ffd3e2c6000 	C:\WINDOWS\System32\KERNELBASE.dll
0x00007ffd3dde0000 - 0x00007ffd3dee0000 	C:\WINDOWS\System32\ucrtbase.dll
0x00007ffd365d0000 - 0x00007ffd365eb000 	C:\Program Files\Android\Android Studio\jbr\bin\VCRUNTIME140.dll
0x00007ffd36560000 - 0x00007ffd36577000 	C:\Program Files\Android\Android Studio\jbr\bin\jli.dll
0x00007ffd3f0e0000 - 0x00007ffd3f27e000 	C:\WINDOWS\System32\USER32.dll
0x00007ffd3dfa0000 - 0x00007ffd3dfc2000 	C:\WINDOWS\System32\win32u.dll
0x00007ffd40560000 - 0x00007ffd4058c000 	C:\WINDOWS\System32\GDI32.dll
0x00007ffd3e430000 - 0x00007ffd3e54a000 	C:\WINDOWS\System32\gdi32full.dll
0x00007ffd140d0000 - 0x00007ffd1436a000 	C:\WINDOWS\WinSxS\amd64_microsoft.windows.common-controls_6595b64144ccf1df_6.0.19041.3570_none_60bb2a3971f3e41a\COMCTL32.dll
0x00007ffd3dcb0000 - 0x00007ffd3dd4d000 	C:\WINDOWS\System32\msvcp_win.dll
0x00007ffd3e7a0000 - 0x00007ffd3e83e000 	C:\WINDOWS\System32\msvcrt.dll
0x00007ffd3f3e0000 - 0x00007ffd3f410000 	C:\WINDOWS\System32\IMM32.DLL
0x00007ffd39430000 - 0x00007ffd3943c000 	C:\Program Files\Android\Android Studio\jbr\bin\vcruntime140_1.dll
0x00007ffd0e160000 - 0x00007ffd0e1ed000 	C:\Program Files\Android\Android Studio\jbr\bin\msvcp140.dll
0x00007ffcc58e0000 - 0x00007ffcc654d000 	C:\Program Files\Android\Android Studio\jbr\bin\server\jvm.dll
0x00007ffd3e840000 - 0x00007ffd3e8ee000 	C:\WINDOWS\System32\ADVAPI32.dll
0x00007ffd3e690000 - 0x00007ffd3e72c000 	C:\WINDOWS\System32\sechost.dll
0x00007ffd3f8c0000 - 0x00007ffd3f9e6000 	C:\WINDOWS\System32\RPCRT4.dll
0x00007ffd1a570000 - 0x00007ffd1a579000 	C:\WINDOWS\SYSTEM32\WSOCK32.dll
0x00007ffd344a0000 - 0x00007ffd344aa000 	C:\WINDOWS\SYSTEM32\VERSION.dll
0x00007ffd1ad00000 - 0x00007ffd1ad27000 	C:\WINDOWS\SYSTEM32\WINMM.dll
0x00007ffd3f770000 - 0x00007ffd3f7db000 	C:\WINDOWS\System32\WS2_32.dll
0x00007ffd3c4e0000 - 0x00007ffd3c4f2000 	C:\WINDOWS\SYSTEM32\kernel.appcore.dll
0x00007ffd1f4e0000 - 0x00007ffd1f4ea000 	C:\Program Files\Android\Android Studio\jbr\bin\jimage.dll
0x00007ffd3ba50000 - 0x00007ffd3bc34000 	C:\WINDOWS\SYSTEM32\DBGHELP.DLL
0x00007ffd333a0000 - 0x00007ffd333d4000 	C:\WINDOWS\SYSTEM32\dbgcore.DLL
0x00007ffd3dd50000 - 0x00007ffd3ddd2000 	C:\WINDOWS\System32\bcryptPrimitives.dll
0x00007ffd1f4b0000 - 0x00007ffd1f4d5000 	C:\Program Files\Android\Android Studio\jbr\bin\java.dll
0x00007ffd1f490000 - 0x00007ffd1f4a8000 	C:\Program Files\Android\Android Studio\jbr\bin\zip.dll
0x00007ffd3f9f0000 - 0x00007ffd40134000 	C:\WINDOWS\System32\SHELL32.dll
0x00007ffd3bd30000 - 0x00007ffd3c4cb000 	C:\WINDOWS\SYSTEM32\windows.storage.dll
0x00007ffd3f410000 - 0x00007ffd3f764000 	C:\WINDOWS\System32\combase.dll
0x00007ffd3d6f0000 - 0x00007ffd3d71d000 	C:\WINDOWS\SYSTEM32\Wldp.dll
0x00007ffd3ebb0000 - 0x00007ffd3ec5d000 	C:\WINDOWS\System32\SHCORE.dll
0x00007ffd3f860000 - 0x00007ffd3f8b5000 	C:\WINDOWS\System32\shlwapi.dll
0x00007ffd3dbe0000 - 0x00007ffd3dc05000 	C:\WINDOWS\SYSTEM32\profapi.dll
0x00007ffd0f930000 - 0x00007ffd0f949000 	C:\Program Files\Android\Android Studio\jbr\bin\net.dll
0x00007ffd2e290000 - 0x00007ffd2e39a000 	C:\WINDOWS\SYSTEM32\WINHTTP.dll
0x00007ffd3d450000 - 0x00007ffd3d4ba000 	C:\WINDOWS\system32\mswsock.dll
0x00007ffd0f910000 - 0x00007ffd0f926000 	C:\Program Files\Android\Android Studio\jbr\bin\nio.dll
0x00007ffd10660000 - 0x00007ffd10670000 	C:\Program Files\Android\Android Studio\jbr\bin\verify.dll
0x00007ffd11490000 - 0x00007ffd114b7000 	C:\Users\vkhan\.gradle\native\68d5fa5c4cc2d200863cafc0d521ce42e7d3e7ee720ec0a83991735586a16f82\windows-amd64\native-platform.dll
0x00007ffd0b4f0000 - 0x00007ffd0b634000 	C:\Users\vkhan\.gradle\native\e376f236ea51e6404a007f0833ffe2c6e607c4080706a723a18a27aeea778392\windows-amd64\native-platform-file-events.dll
0x00007ffd1f480000 - 0x00007ffd1f489000 	C:\Program Files\Android\Android Studio\jbr\bin\management.dll
0x00007ffd106b0000 - 0x00007ffd106bb000 	C:\Program Files\Android\Android Studio\jbr\bin\management_ext.dll
0x00007ffd3e790000 - 0x00007ffd3e798000 	C:\WINDOWS\System32\PSAPI.DLL
0x00007ffd3d650000 - 0x00007ffd3d668000 	C:\WINDOWS\SYSTEM32\CRYPTSP.dll
0x00007ffd3ccf0000 - 0x00007ffd3cd24000 	C:\WINDOWS\system32\rsaenh.dll
0x00007ffd3e550000 - 0x00007ffd3e577000 	C:\WINDOWS\System32\bcrypt.dll
0x00007ffd3dba0000 - 0x00007ffd3dbce000 	C:\WINDOWS\SYSTEM32\USERENV.dll
0x00007ffd3d640000 - 0x00007ffd3d64c000 	C:\WINDOWS\SYSTEM32\CRYPTBASE.dll
0x00007ffd3d0f0000 - 0x00007ffd3d12b000 	C:\WINDOWS\SYSTEM32\IPHLPAPI.DLL
0x00007ffd403c0000 - 0x00007ffd403c8000 	C:\WINDOWS\System32\NSI.dll
0x00007ffd335a0000 - 0x00007ffd335b7000 	C:\WINDOWS\SYSTEM32\dhcpcsvc6.DLL
0x00007ffd33380000 - 0x00007ffd3339d000 	C:\WINDOWS\SYSTEM32\dhcpcsvc.DLL
0x00007ffd3d140000 - 0x00007ffd3d20a000 	C:\WINDOWS\SYSTEM32\DNSAPI.dll
0x00007ffd103a0000 - 0x00007ffd103a7000 	C:\WINDOWS\system32\wshunix.dll

dbghelp: loaded successfully - version: 4.0.5 - missing functions: none
symbol engine: initialized successfully - sym options: 0x614 - pdb path: .;C:\Program Files\Android\Android Studio\jbr\bin;C:\WINDOWS\SYSTEM32;C:\WINDOWS\WinSxS\amd64_microsoft.windows.common-controls_6595b64144ccf1df_6.0.19041.3570_none_60bb2a3971f3e41a;C:\Program Files\Android\Android Studio\jbr\bin\server;C:\Users\vkhan\.gradle\native\68d5fa5c4cc2d200863cafc0d521ce42e7d3e7ee720ec0a83991735586a16f82\windows-amd64;C:\Users\vkhan\.gradle\native\e376f236ea51e6404a007f0833ffe2c6e607c4080706a723a18a27aeea778392\windows-amd64

VM Arguments:
jvm_args: --add-opens=java.base/java.util=ALL-UNNAMED --add-opens=java.base/java.lang=ALL-UNNAMED --add-opens=java.base/java.lang.invoke=ALL-UNNAMED --add-opens=java.prefs/java.util.prefs=ALL-UNNAMED --add-opens=java.base/java.nio.charset=ALL-UNNAMED --add-opens=java.base/java.net=ALL-UNNAMED --add-opens=java.base/java.util.concurrent.atomic=ALL-UNNAMED -Xmx2048m -Dfile.encoding=UTF-8 -Duser.country=US -Duser.language=en -Duser.variant 
java_command: org.gradle.launcher.daemon.bootstrap.GradleDaemon 8.0
java_class_path (initial): C:\Users\vkhan\.gradle\wrapper\dists\gradle-8.0-bin\ca5e32bp14vu59qr306oxotwh\gradle-8.0\lib\gradle-launcher-8.0.jar
Launcher Type: SUN_STANDARD

[Global flags]
     intx CICompilerCount                          = 4                                         {product} {ergonomic}
     uint ConcGCThreads                            = 2                                         {product} {ergonomic}
     uint G1ConcRefinementThreads                  = 8                                         {product} {ergonomic}
   size_t G1HeapRegionSize                         = 1048576                                   {product} {ergonomic}
    uintx GCDrainStackTargetSize                   = 64                                        {product} {ergonomic}
   size_t InitialHeapSize                          = 132120576                                 {product} {ergonomic}
   size_t MarkStackSize                            = 4194304                                   {product} {ergonomic}
   size_t MaxHeapSize                              = 2147483648                                {product} {command line}
   size_t MaxNewSize                               = 1287651328                                {product} {ergonomic}
   size_t MinHeapDeltaBytes                        = 1048576                                   {product} {ergonomic}
   size_t MinHeapSize                              = 8388608                                   {product} {ergonomic}
    uintx NonNMethodCodeHeapSize                   = 5839372                                {pd product} {ergonomic}
    uintx NonProfiledCodeHeapSize                  = 122909434                              {pd product} {ergonomic}
    uintx ProfiledCodeHeapSize                     = 122909434                              {pd product} {ergonomic}
    uintx ReservedCodeCacheSize                    = 251658240                              {pd product} {ergonomic}
     bool SegmentedCodeCache                       = true                                      {product} {ergonomic}
   size_t SoftMaxHeapSize                          = 2147483648                             {manageable} {ergonomic}
     bool UseCompressedClassPointers               = true                           {product lp64_product} {ergonomic}
     bool UseCompressedOops                        = true                           {product lp64_product} {ergonomic}
     bool UseG1GC                                  = true                                      {product} {ergonomic}
     bool UseLargePagesIndividualAllocation        = false                                  {pd product} {ergonomic}

Logging:
Log output configuration:
 #0: stdout all=warning uptime,level,tags
 #1: stderr all=off uptime,level,tags

Environment Variables:
PATH=C:\Program Files\Common Files\Oracle\Java\javapath;C:\Program Files (x86)\Common Files\Oracle\Java\javapath;C:\WINDOWS\system32;C:\WINDOWS;C:\WINDOWS\System32\Wbem;C:\WINDOWS\System32\WindowsPowerShell\v1.0\;C:\WINDOWS\System32\OpenSSH\;C:\Program Files\Microsoft SQL Server\Client SDK\ODBC\170\Tools\Binn\;C:\Program Files (x86)\Microsoft SQL Server\150\Tools\Binn\;C:\Program Files\Microsoft SQL Server\150\Tools\Binn\;C:\Program Files\Microsoft SQL Server\150\DTS\Binn\;C:\Program Files (x86)\Microsoft SQL Server\160\DTS\Binn\;C:\Program Files\Azure Data Studio\bin;C:\Program Files\Git\cmd;C:\Program Files\nodejs\;C:\Users\vkhan\AppData\Local\Programs\Python\Python311\Scripts\;C:\Users\vkhan\AppData\Local\Programs\Python\Python311\;C:\Users\vkhan\AppData\Local\Microsoft\WindowsApps;C:\Users\vkhan\AppData\Local\Programs\Microsoft VS Code\bin;C:\Program Files\Azure Data Studio\bin;C:\Users\vkhan\AppData\Roaming\npm;C:\Program Files\nodejs;
USERNAME=Admin
OS=Windows_NT
PROCESSOR_IDENTIFIER=Intel64 Family 6 Model 126 Stepping 5, GenuineIntel
TMP=C:\Users\vkhan\AppData\Local\Temp
TEMP=C:\Users\vkhan\AppData\Local\Temp



---------------  S Y S T E M  ---------------

OS:
 Windows 10 , 64 bit Build 19041 (10.0.19041.3570)
OS uptime: 5 days 19:59 hours

CPU: total 8 (initial active 8) (4 cores per cpu, 2 threads per core) family 6 model 126 stepping 5 microcode 0xbc, cx8, cmov, fxsr, ht, mmx, 3dnowpref, sse, sse2, sse3, ssse3, sse4.1, sse4.2, popcnt, lzcnt, tsc, tscinvbit, avx, avx2, aes, erms, clmul, bmi1, bmi2, adx, avx512f, avx512dq, avx512cd, avx512bw, avx512vl, sha, fma, vzeroupper, avx512_vpopcntdq, avx512_vpclmulqdq, avx512_vaes, avx512_vnni, clflush, clflushopt, avx512_vbmi2, avx512_vbmi

Memory: 4k page, system-wide physical 7959M (280M free)
TotalPageFile size 20759M (AvailPageFile size 1M)
current process WorkingSet (physical memory assigned to process): 334M, peak: 334M
current process commit charge ("private bytes"): 375M, peak: 375M

vm_info: OpenJDK 64-Bit Server VM (17.0.6+0-b2043.56-9586694) for windows-amd64 JRE (17.0.6+0-b2043.56-9586694), built on Feb  9 2023 20:06:20 by "androidbuild" with MS VC++ 16.10 / 16.11 (VS2019)

END.
